Building alignments
1: PREPARING DATA
2,3: RUNNING mummer AND CREATING CLUSTERS
# reading input file "/home/jj/Desktop/Bioinformatics/3rd_year/1term/Computational_genomics/Seminars/exercise_04/blast/chrI-x-SRR7548448/chrI-x-SRR7548448_megablast.dnadiff.ntref" of length 230219
# construct suffix tree for sequence of length 230219
# (maximum reference length is 2305843009213693948)
# (maximum query length is 18446744073709551615)
# process 2302 characters per dot
#....................................................................................................
# CONSTRUCTIONTIME /home/jj/anaconda3/envs/CG_exercises/opt/mummer-3.23/mummer /home/jj/Desktop/Bioinformatics/3rd_year/1term/Computational_genomics/Seminars/exercise_04/blast/chrI-x-SRR7548448/chrI-x-SRR7548448_megablast.dnadiff.ntref 0.11
# reading input file "/home/jj/Desktop/Bioinformatics/3rd_year/1term/Computational_genomics/Seminars/exercise_04/blast/chrI-x-SRR7548448/chrI-x-SRR7548448_megablast.fa" of length 186893
# matching query-file "/home/jj/Desktop/Bioinformatics/3rd_year/1term/Computational_genomics/Seminars/exercise_04/blast/chrI-x-SRR7548448/chrI-x-SRR7548448_megablast.fa"
# against subject-file "/home/jj/Desktop/Bioinformatics/3rd_year/1term/Computational_genomics/Seminars/exercise_04/blast/chrI-x-SRR7548448/chrI-x-SRR7548448_megablast.dnadiff.ntref"
# COMPLETETIME /home/jj/anaconda3/envs/CG_exercises/opt/mummer-3.23/mummer /home/jj/Desktop/Bioinformatics/3rd_year/1term/Computational_genomics/Seminars/exercise_04/blast/chrI-x-SRR7548448/chrI-x-SRR7548448_megablast.dnadiff.ntref 0.29
# SPACE /home/jj/anaconda3/envs/CG_exercises/opt/mummer-3.23/mummer /home/jj/Desktop/Bioinformatics/3rd_year/1term/Computational_genomics/Seminars/exercise_04/blast/chrI-x-SRR7548448/chrI-x-SRR7548448_megablast.dnadiff.ntref 0.41
4: FINISHING DATA
Filtering alignments
Extracting alignment coordinates
Analyzing SNPs
Extracting alignment breakpoints
Generating report file
