#                                                                            --- full sequence --- -------------- this domain -------------   hmm coord   ali coord   env coord
# target name        accession   tlen query name           accession   qlen   E-value  score  bias   #  of  c-Evalue  i-Evalue  score  bias  from    to  from    to  from    to  acc description of target
#------------------- ---------- ----- -------------------- ---------- ----- --------- ------ ----- --- --- --------- --------- ------ ----- ----- ----- ----- ----- ----- ----- ---- ---------------------
145543:202-1035      -            278 10099at4891          -            404    7e-123  406.0   3.2   1   2      0.16       6.2    1.1   0.0    11    35     4    28     1    36 0.64 -
145543:202-1035      -            278 10099at4891          -            404    7e-123  406.0   3.2   2   2  7.7e-124    3e-122  403.9   1.3     1   205    56   274    56   276 0.93 -
145907:182-1561      -            460 10099at4891          -            404   2.8e-29   97.7   0.1   1   4      0.42        16   -0.3   0.0     8    38    19    48    14    57 0.73 -
145907:182-1561      -            460 10099at4891          -            404   2.8e-29   97.7   0.1   2   4   2.5e-06    0.0001   16.9   0.0     2    39    68   105    67   119 0.85 -
145907:182-1561      -            460 10099at4891          -            404   2.8e-29   97.7   0.1   3   4   9.7e-12   3.8e-10   34.7   0.0    33   119   122   214   120   227 0.86 -
145907:182-1561      -            460 10099at4891          -            404   2.8e-29   97.7   0.1   4   4   3.4e-13   1.3e-11   39.5   0.0   138   273   251   411   245   421 0.72 -
145301:241-942       -            234 10099at4891          -            404   2.6e-24   81.4   2.7   1   2     1e-16   4.1e-15   51.1   0.6     3   120     5   119     3   126 0.90 -
145301:241-942       -            234 10099at4891          -            404   2.6e-24   81.4   2.7   2   2   1.2e-09   4.9e-08   27.8   0.1     4    79   132   204   129   210 0.89 -
144541:1-852         -            284 10099at4891          -            404   9.2e-24   79.6   8.4   1   2   3.7e-08   1.5e-06   22.9   0.1     3    62    28    90    24    91 0.84 -
144541:1-852         -            284 10099at4891          -            404   9.2e-24   79.6   8.4   2   2     4e-21   1.6e-19   65.6   4.6     3   131    77   210    75   241 0.88 -
145769:0-1415        -            472 10099at4891          -            404   2.1e-16   55.3   7.7   1   4      0.26        10    0.3   0.0    13    81    22    85    15    99 0.63 -
145769:0-1415        -            472 10099at4891          -            404   2.1e-16   55.3   7.7   2   4   3.4e-11   1.3e-09   32.9   1.0     9   123   100   222    94   227 0.80 -
145769:0-1415        -            472 10099at4891          -            404   2.1e-16   55.3   7.7   3   4      0.53        21   -0.7   0.0    89   108   257   276   241   282 0.75 -
145769:0-1415        -            472 10099at4891          -            404   2.1e-16   55.3   7.7   4   4   3.4e-08   1.3e-06   23.1   0.0     7   122   304   420   298   457 0.84 -
144137:68-793        -            242 10099at4891          -            404   6.9e-16   53.6   3.2   1   2     0.074       2.9    2.2   0.0   232   260    74   102    58   113 0.83 -
144137:68-793        -            242 10099at4891          -            404   6.9e-16   53.6   3.2   2   2   2.9e-16   1.1e-14   49.6   3.0     1   119   116   231   116   239 0.92 -
142977:2-622         -            207 10099at4891          -            404   1.5e-13   46.0   0.3   1   2   1.5e-05   0.00057   14.4   0.0    83   123     2    42     1    48 0.93 -
142977:2-622         -            207 10099at4891          -            404   1.5e-13   46.0   0.3   2   2   9.1e-10   3.6e-08   28.2   0.1     3   129    52   179    50   194 0.83 -
143313:118-603       -            162 10099at4891          -            404   3.4e-13   44.8   0.5   1   1     1e-14   3.9e-13   44.6   0.5     2   120    15   136    14   155 0.91 -
144149:4-795         -            264 10099at4891          -            404   2.4e-12   41.9   1.0   1   3   0.00039     0.015    9.7   0.0   205   269    37   102    16   109 0.89 -
144149:4-795         -            264 10099at4891          -            404   2.4e-12   41.9   1.0   2   3   4.9e-07   1.9e-05   19.2   0.1     4    79   114   185   111   192 0.89 -
144149:4-795         -            264 10099at4891          -            404   2.4e-12   41.9   1.0   3   3   0.00026      0.01   10.2   0.0     3    62   197   254   193   264 0.67 -
143819:146-751       -            202 10099at4891          -            404   1.6e-10   36.0   0.0   1   2     2e-08   7.7e-07   23.8   0.0    46   121     5    81     2    94 0.92 -
143819:146-751       -            202 10099at4891          -            404   1.6e-10   36.0   0.0   2   2   0.00026      0.01   10.2   0.0    95   177    96   185    90   199 0.76 -
145821:44-862        -            273 10099at4891          -            404     4e-09   31.4   5.3   1   3   3.5e-07   1.4e-05   19.7   0.8    23   122     2    94     1   102 0.84 -
145821:44-862        -            273 10099at4891          -            404     4e-09   31.4   5.3   2   3    0.0057      0.22    5.8   0.1     3    37   103   137   101   154 0.84 -
145821:44-862        -            273 10099at4891          -            404     4e-09   31.4   5.3   3   3    0.0042      0.17    6.3   0.0    64   121   207   263   201   272 0.75 -
144489:26-847        -            274 10099at4891          -            404   1.5e-08   29.5   0.7   1   2   2.5e-06   9.7e-05   16.9   0.4    16    78     7    67     3    72 0.81 -
144489:26-847        -            274 10099at4891          -            404   1.5e-08   29.5   0.7   2   2   0.00017    0.0067   10.9   0.0    47    86   142   184   113   203 0.80 -
140077:5-511         -            169 10099at4891          -            404   1.5e-07   26.2   0.4   1   2   2.2e-08   8.6e-07   23.7   0.2     3    80    47   119    45   129 0.90 -
140077:5-511         -            169 10099at4891          -            404   1.5e-07   26.2   0.4   2   2    0.0037      0.15    6.4   0.0     3    79    88   161    86   165 0.83 -
145365:0-995         -            332 10099at4891          -            404   3.5e-07   25.0   4.4   1   1   1.8e-05   0.00072   14.0   4.4     5   228    64   287    60   331 0.70 -
143663:94-729        -            212 10099at4891          -            404   9.7e-06   20.2   0.2   1   2     0.006      0.24    5.8   0.0     4    35     1    30     1    38 0.77 -
143663:94-729        -            212 10099at4891          -            404   9.7e-06   20.2   0.2   2   2   4.6e-05    0.0018   12.7   0.0    20    91    79   144    71   195 0.61 -
144047:63-782        -            240 10099at4891          -            404   3.7e-05   18.3   1.0   1   3     0.096       3.8    1.8   0.0     2    34    56    87    55    98 0.83 -
144047:63-782        -            240 10099at4891          -            404   3.7e-05   18.3   1.0   2   3     3e-05    0.0012   13.4   0.0     5    80   103   178    99   189 0.83 -
144047:63-782        -            240 10099at4891          -            404   3.7e-05   18.3   1.0   3   3      0.84        33   -1.3   0.0   238   265   212   239   202   240 0.84 -
143253:125-688       -            188 10099at4891          -            404   0.00027   15.5   0.0   1   1     1e-05   0.00041   14.9   0.0     3   125    22   143    20   166 0.81 -
145853:101-1837      -            579 10099at4891          -            404   0.00063   14.2   0.0   1   1     3e-05    0.0012   13.4   0.0     8    80   306   379   299   393 0.79 -
144733:1-888         -            296 10099at4891          -            404    0.0023   12.4   0.1   1   3       2.1        82   -2.6   0.0     7    43    13    49    10    65 0.69 -
144733:1-888         -            296 10099at4891          -            404    0.0023   12.4   0.1   2   3    0.0046      0.18    6.2   0.0    66    98   123   154   113   157 0.85 -
144733:1-888         -            296 10099at4891          -            404    0.0023   12.4   0.1   3   3     0.033       1.3    3.3   0.0    51   110   213   271   211   287 0.80 -
142803:50-655        -            202 10099at4891          -            404    0.0026   12.2   0.2   1   2      0.15         6    1.1   0.1   214   265     5    56     1    70 0.44 -
142803:50-655        -            202 10099at4891          -            404    0.0026   12.2   0.2   2   2   0.00049     0.019    9.3   0.0     3    33    73   105    71   175 0.82 -
144603:3-800         -            266 10099at4891          -            404    0.0051   11.3   0.2   1   2      0.62        24   -0.9   0.0    82   138    49   105    37   110 0.77 -
144603:3-800         -            266 10099at4891          -            404    0.0051   11.3   0.2   2   2   0.00041     0.016    9.6   0.0     2    40   145   184   144   203 0.85 -
144353:2-823         -            274 10099at4891          -            404    0.0086   10.5   0.0   1   3       0.1         4    1.7   0.0     3    36    17    50    15    60 0.85 -
144353:2-823         -            274 10099at4891          -            404    0.0086   10.5   0.0   2   3      0.06       2.4    2.5   0.0    60    80   138   158   129   193 0.78 -
144353:2-823         -            274 10099at4891          -            404    0.0086   10.5   0.0   3   3     0.059       2.3    2.5   0.0     5    30   220   245   216   251 0.90 -
#
# Program:         hmmsearch
# Version:         3.1b2 (February 2015)
# Pipeline mode:   SEARCH
# Query file:      /home/jj/Desktop/Bioinformatics/3rd_year/1term/Computational_genomics/Seminars/exercise_04/busco_downloads/lineages/saccharomycetes_odb10/hmms/10099at4891.hmm
# Target file:     /home/jj/Desktop/Bioinformatics/3rd_year/1term/Computational_genomics/Seminars/exercise_04/./busco/SRR7548448/SRR7548448_k63_contigs/run_saccharomycetes_odb10/metaeuk_output/initial_results/SRR7548448_k63_graph.contig.fa.modified.fas
# Option settings: hmmsearch --domtblout /home/jj/Desktop/Bioinformatics/3rd_year/1term/Computational_genomics/Seminars/exercise_04/./busco/SRR7548448/SRR7548448_k63_contigs/run_saccharomycetes_odb10/hmmer_output/initial_run_results/10099at4891.out --cpu 1 /home/jj/Desktop/Bioinformatics/3rd_year/1term/Computational_genomics/Seminars/exercise_04/busco_downloads/lineages/saccharomycetes_odb10/hmms/10099at4891.hmm /home/jj/Desktop/Bioinformatics/3rd_year/1term/Computational_genomics/Seminars/exercise_04/./busco/SRR7548448/SRR7548448_k63_contigs/run_saccharomycetes_odb10/metaeuk_output/initial_results/SRR7548448_k63_graph.contig.fa.modified.fas 
# Current dir:     /home/jj/Desktop/Bioinformatics/3rd_year/1term/Computational_genomics/Seminars/exercise_04
# Date:            Tue Nov  5 18:47:34 2024
# [ok]
