#                                                                            --- full sequence --- -------------- this domain -------------   hmm coord   ali coord   env coord
# target name        accession   tlen query name           accession   qlen   E-value  score  bias   #  of  c-Evalue  i-Evalue  score  bias  from    to  from    to  from    to  acc description of target
#------------------- ---------- ----- -------------------- ---------- ----- --------- ------ ----- --- --- --------- --------- ------ ----- ----- ----- ----- ----- ----- ----- ---- ---------------------
142977:2-622         -            207 10313at4891          -            374   0.00011   16.9   0.4   1   3   0.00037      0.08    7.6   0.0   132   165     7    41     2    51 0.84 -
142977:2-622         -            207 10313at4891          -            374   0.00011   16.9   0.4   2   3   0.00064      0.14    6.8   0.0   255   281   115   141    97   148 0.85 -
142977:2-622         -            207 10313at4891          -            374   0.00011   16.9   0.4   3   3      0.87   1.9e+02   -3.5   0.0   263   279   165   181   155   183 0.61 -
142803:50-655        -            202 10313at4891          -            374   0.00025   15.8   0.0   1   1   1.9e-06   0.00042   15.1   0.0   185   281    26   118     2   133 0.75 -
144149:4-795         -            264 10313at4891          -            374    0.0013   13.4   0.0   1   1   4.3e-05    0.0092   10.6   0.0   243   276   117   151    22   168 0.75 -
145543:202-1035      -            278 10313at4891          -            374    0.0017   13.0   0.0   1   3     0.099        21   -0.4   0.0    22    45     2    25     1    40 0.79 -
145543:202-1035      -            278 10313at4891          -            374    0.0017   13.0   0.0   2   3   6.8e-05     0.015   10.0   0.0   240   273    59    93    52   148 0.77 -
145543:202-1035      -            278 10313at4891          -            374    0.0017   13.0   0.0   3   3      0.29        63   -2.0   0.0    20    54   162   198   152   203 0.65 -
#
# Program:         hmmsearch
# Version:         3.1b2 (February 2015)
# Pipeline mode:   SEARCH
# Query file:      /home/jj/Desktop/Bioinformatics/3rd_year/1term/Computational_genomics/Seminars/exercise_04/busco_downloads/lineages/saccharomycetes_odb10/hmms/10313at4891.hmm
# Target file:     /home/jj/Desktop/Bioinformatics/3rd_year/1term/Computational_genomics/Seminars/exercise_04/./busco/SRR7548448/SRR7548448_k63_contigs/run_saccharomycetes_odb10/metaeuk_output/initial_results/SRR7548448_k63_graph.contig.fa.modified.fas
# Option settings: hmmsearch --domtblout /home/jj/Desktop/Bioinformatics/3rd_year/1term/Computational_genomics/Seminars/exercise_04/./busco/SRR7548448/SRR7548448_k63_contigs/run_saccharomycetes_odb10/hmmer_output/initial_run_results/10313at4891.out --cpu 1 /home/jj/Desktop/Bioinformatics/3rd_year/1term/Computational_genomics/Seminars/exercise_04/busco_downloads/lineages/saccharomycetes_odb10/hmms/10313at4891.hmm /home/jj/Desktop/Bioinformatics/3rd_year/1term/Computational_genomics/Seminars/exercise_04/./busco/SRR7548448/SRR7548448_k63_contigs/run_saccharomycetes_odb10/metaeuk_output/initial_results/SRR7548448_k63_graph.contig.fa.modified.fas 
# Current dir:     /home/jj/Desktop/Bioinformatics/3rd_year/1term/Computational_genomics/Seminars/exercise_04
# Date:            Tue Nov  5 18:47:34 2024
# [ok]
