#                                                                            --- full sequence --- -------------- this domain -------------   hmm coord   ali coord   env coord
# target name        accession   tlen query name           accession   qlen   E-value  score  bias   #  of  c-Evalue  i-Evalue  score  bias  from    to  from    to  from    to  acc description of target
#------------------- ---------- ----- -------------------- ---------- ----- --------- ------ ----- --- --- --------- --------- ------ ----- ----- ----- ----- ----- ----- ----- ---- ---------------------
144977:40-684        -            215 10618at4891          -            266   1.5e-40  134.5   0.1   1   1   2.9e-41   7.4e-40  132.2   0.1    90   265     2   199     1   200 0.81 -
137929:9-443         -            145 10618at4891          -            266   7.7e-39  128.9   0.0   1   1     4e-40     1e-38  128.5   0.0   107   245     1   134     1   140 0.90 -
144797:1-714         -            238 10618at4891          -            266   3.3e-33  110.4   0.0   1   1   1.5e-34   3.9e-33  110.2   0.0    97   256     5   164     1   178 0.82 -
141063:9-554         -            182 10618at4891          -            266   1.8e-31  104.7   0.0   1   1   1.1e-32   2.7e-31  104.2   0.0    56   229     6   180     2   182 0.84 -
145155:2-835         -            278 10618at4891          -            266   2.1e-31  104.5   0.0   1   1   1.5e-32   3.8e-31  103.7   0.0    35   225    11   219     7   228 0.79 -
138105:16-444        -            143 10618at4891          -            266   5.6e-31  103.1   0.1   1   1   2.6e-32   6.5e-31  102.9   0.1    42   178     3   143     1   143 0.88 -
144839:7-642         -            212 10618at4891          -            266   1.8e-26   88.3   0.0   1   1   8.8e-28   2.2e-26   88.0   0.0    79   263     2   182     1   185 0.85 -
137919:7-429         -            141 10618at4891          -            266   3.3e-26   87.5   0.0   1   1   1.9e-27   4.7e-26   87.0   0.0   137   265     1   124     1   125 0.93 -
143351:5-469         -            155 10618at4891          -            266   3.4e-25   84.1   1.2   1   1   4.3e-25   1.1e-23   79.2   1.2    44   177    23   154     1   155 0.72 -
138573:6-455         -            150 10618at4891          -            266   3.4e-25   84.1   0.0   1   1   1.7e-26   4.4e-25   83.8   0.0   128   265     4   140     1   141 0.83 -
140939:17-526        -            170 10618at4891          -            266   1.1e-24   82.5   0.1   1   2   3.7e-18   9.4e-17   56.5   0.0   122   203     3    79     1    87 0.87 -
140939:17-526        -            170 10618at4891          -            266   1.1e-24   82.5   0.1   2   2   2.4e-08   6.2e-07   24.3   0.0   202   255    99   152    94   166 0.88 -
138137:12-449        -            146 10618at4891          -            266   9.7e-24   79.4   0.0   1   1   5.5e-25   1.4e-23   78.9   0.0    60   200    11   146     3   146 0.88 -
145175:14-847        -            278 10618at4891          -            266   1.1e-22   76.0   0.5   1   1   1.8e-23   4.6e-22   73.9   0.5    43   229     8   223     2   240 0.69 -
139915:3-470         -            156 10618at4891          -            266   2.8e-19   64.8   0.1   1   1   4.2e-20   1.1e-18   62.9   0.1    99   231     1   146     1   154 0.75 -
144479:2-847         -            282 10618at4891          -            266   1.6e-18   62.3   0.1   1   2   0.00047     0.012   10.2   0.0   140   161    36    57    31    65 0.78 -
144479:2-847         -            282 10618at4891          -            266   1.6e-18   62.3   0.1   2   2   3.7e-16   9.3e-15   50.0   0.0   165   261    91   192    81   197 0.83 -
136307:2-403         -            134 10618at4891          -            266   1.2e-17   59.4   0.1   1   1   6.5e-19   1.6e-17   59.0   0.1    42   157     1   130     1   133 0.78 -
143033:187-669       -            161 10618at4891          -            266   3.2e-17   58.0   0.0   1   1   1.7e-18   4.3e-17   57.6   0.0    42   197     3   161     1   161 0.84 -
143027:172-651       -            160 10618at4891          -            266   4.5e-17   57.5   0.2   1   1     4e-18     1e-16   56.4   0.2    41   157    20   140     1   157 0.77 -
143795:67-747        -            227 10618at4891          -            266   5.1e-16   54.1   0.0   1   2   8.1e-14   2.1e-12   42.3   0.0   100   180     3    74     1    82 0.72 -
143795:67-747        -            227 10618at4891          -            266   5.1e-16   54.1   0.0   2   2   0.00059     0.015    9.9   0.0   188   228   115   162    95   188 0.79 -
142899:7-642         -            212 10618at4891          -            266     9e-16   53.3   0.0   1   1   5.3e-17   1.3e-15   52.7   0.0   123   231    37   142    10   152 0.85 -
139911:55-507        -            151 10618at4891          -            266   1.1e-15   52.9   0.0   1   1   7.3e-17   1.9e-15   52.2   0.0   133   260     5   139     1   145 0.71 -
143975:1-396         -            132 10618at4891          -            266   1.2e-14   49.5   0.2   1   1   6.1e-16   1.5e-14   49.2   0.2    41   152     6   132     1   132 0.74 -
144279:254-808       -            185 10618at4891          -            266   1.4e-14   49.4   0.0   1   1   7.4e-16   1.9e-14   49.0   0.0   124   228     2   103     1   118 0.82 -
144845:209-790       -            194 10618at4891          -            266     4e-14   47.9   0.0   1   1   2.2e-15   5.5e-14   47.4   0.0    38   177    35   191    30   193 0.72 -
144109:10-744        -            245 10618at4891          -            266   5.8e-14   47.3   0.0   1   1   4.5e-15   1.1e-13   46.4   0.0   125   214    13   111     3   124 0.75 -
141797:1-591         -            197 10618at4891          -            266   3.9e-13   44.6   0.0   1   1   2.3e-14   5.8e-13   44.1   0.0    96   225     5   138     2   154 0.73 -
143305:7-633         -            209 10618at4891          -            266   1.7e-12   42.6   0.0   1   1   1.4e-13   3.6e-12   41.5   0.0   127   218     5   103     2   114 0.75 -
141463:27-569        -            181 10618at4891          -            266   2.8e-11   38.6   0.0   1   1   1.6e-12     4e-11   38.0   0.0   124   234    43   150    20   159 0.81 -
145735:713-1261      -            183 10618at4891          -            266     3e-11   38.4   0.0   1   1   3.2e-12   8.2e-11   37.0   0.0   117   203    19   104     5   112 0.72 -
136623:8-412         -            135 10618at4891          -            266   3.9e-11   38.1   0.1   1   1   3.2e-12     8e-11   37.0   0.1   166   264     9   122     1   124 0.74 -
139745:4-501         -            166 10618at4891          -            266   4.6e-11   37.8   0.0   1   2   2.9e-08   7.4e-07   24.1   0.0   130   159     1    30     1    47 0.90 -
139745:4-501         -            166 10618at4891          -            266   4.6e-11   37.8   0.0   2   2   0.00016     0.004   11.8   0.0   190   215   133   163   125   166 0.82 -
143007:66-662        -            199 10618at4891          -            266   1.1e-08   30.0   0.0   1   1   9.2e-10   2.3e-08   29.0   0.0    36   182     3   152     1   199 0.62 -
142181:21-614        -            198 10618at4891          -            266   1.4e-06   23.1   0.4   1   1   8.3e-08   2.1e-06   22.6   0.4    69   158    49   153    37   197 0.80 -
139477:0-491         -            164 10618at4891          -            266   5.3e-05   18.0   0.0   1   1   3.2e-06   8.1e-05   17.4   0.0   170   225     1    69     1    79 0.78 -
#
# Program:         hmmsearch
# Version:         3.1b2 (February 2015)
# Pipeline mode:   SEARCH
# Query file:      /home/jj/Desktop/Bioinformatics/3rd_year/1term/Computational_genomics/Seminars/exercise_04/busco_downloads/lineages/saccharomycetes_odb10/hmms/10618at4891.hmm
# Target file:     /home/jj/Desktop/Bioinformatics/3rd_year/1term/Computational_genomics/Seminars/exercise_04/./busco/SRR7548448/SRR7548448_k63_contigs/run_saccharomycetes_odb10/metaeuk_output/initial_results/SRR7548448_k63_graph.contig.fa.modified.fas
# Option settings: hmmsearch --domtblout /home/jj/Desktop/Bioinformatics/3rd_year/1term/Computational_genomics/Seminars/exercise_04/./busco/SRR7548448/SRR7548448_k63_contigs/run_saccharomycetes_odb10/hmmer_output/initial_run_results/10618at4891.out --cpu 1 /home/jj/Desktop/Bioinformatics/3rd_year/1term/Computational_genomics/Seminars/exercise_04/busco_downloads/lineages/saccharomycetes_odb10/hmms/10618at4891.hmm /home/jj/Desktop/Bioinformatics/3rd_year/1term/Computational_genomics/Seminars/exercise_04/./busco/SRR7548448/SRR7548448_k63_contigs/run_saccharomycetes_odb10/metaeuk_output/initial_results/SRR7548448_k63_graph.contig.fa.modified.fas 
# Current dir:     /home/jj/Desktop/Bioinformatics/3rd_year/1term/Computational_genomics/Seminars/exercise_04
# Date:            Tue Nov  5 18:47:35 2024
# [ok]
