#                                                                            --- full sequence --- -------------- this domain -------------   hmm coord   ali coord   env coord
# target name        accession   tlen query name           accession   qlen   E-value  score  bias   #  of  c-Evalue  i-Evalue  score  bias  from    to  from    to  from    to  acc description of target
#------------------- ---------- ----- -------------------- ---------- ----- --------- ------ ----- --- --- --------- --------- ------ ----- ----- ----- ----- ----- ----- ----- ---- ---------------------
145301:241-942       -            234 10660at4891          -            441   2.6e-26   87.7   0.1   1   3   3.7e-11   1.5e-09   32.5   0.1   118   195     1    81     1    84 0.87 -
145301:241-942       -            234 10660at4891          -            441   2.6e-26   87.7   0.1   2   3   2.6e-12   1.1e-10   36.3   0.0   117   193    84   163    80   176 0.85 -
145301:241-942       -            234 10660at4891          -            441   2.6e-26   87.7   0.1   3   3     5e-10   2.1e-08   28.8   0.0   141   201   149   214   148   227 0.88 -
142977:2-622         -            207 10660at4891          -            441   1.1e-24   82.4   0.3   1   3   3.3e-10   1.3e-08   29.4   0.1    72   155     7    85     2    88 0.84 -
142977:2-622         -            207 10660at4891          -            441   1.1e-24   82.4   0.3   2   3   6.6e-11   2.7e-09   31.7   0.0    72   158    50   133    45   136 0.91 -
142977:2-622         -            207 10660at4891          -            441   1.1e-24   82.4   0.3   3   3   9.3e-11   3.8e-09   31.2   0.0    68   158    90   175    84   183 0.84 -
144541:1-852         -            284 10660at4891          -            441   5.3e-22   73.5   7.2   1   3   6.4e-13   2.6e-11   38.3   0.5    95   194     2   110     1   117 0.83 -
144541:1-852         -            284 10660at4891          -            441   5.3e-22   73.5   7.2   2   3   6.3e-09   2.6e-07   25.2   0.2   115   153   116   153   111   158 0.90 -
144541:1-852         -            284 10660at4891          -            441   5.3e-22   73.5   7.2   3   3   2.5e-05     0.001   13.3   0.0    68   132   161   230   155   255 0.75 -
144149:4-795         -            264 10660at4891          -            441     5e-21   70.4   0.0   1   2   3.4e-20   1.4e-18   62.3   0.0    73   248    65   239    52   242 0.85 -
144149:4-795         -            264 10660at4891          -            441     5e-21   70.4   0.0   2   2   2.5e-05     0.001   13.3   0.0   116   180   191   262   188   264 0.75 -
145821:44-862        -            273 10660at4891          -            441   4.4e-20   67.2   7.1   1   3   3.4e-07   1.4e-05   19.4   0.1   143   204     2    67     1    71 0.82 -
145821:44-862        -            273 10660at4891          -            441   4.4e-20   67.2   7.1   2   3   5.8e-12   2.4e-10   35.2   0.5    69   161    59   141    55   173 0.74 -
145821:44-862        -            273 10660at4891          -            441   4.4e-20   67.2   7.1   3   3   5.6e-06   0.00023   15.4   0.2   140   193   209   264   203   265 0.81 -
145769:0-1415        -            472 10660at4891          -            441   7.1e-18   59.9   4.3   1   4     0.083       3.4    1.7   0.0    96   195    23   127    15   133 0.68 -
145769:0-1415        -            472 10660at4891          -            441   7.1e-18   59.9   4.3   2   4   2.4e-07     1e-05   19.9   0.5   118   194   140   222   117   231 0.77 -
145769:0-1415        -            472 10660at4891          -            441   7.1e-18   59.9   4.3   3   4    0.0035      0.14    6.2   0.0    97   203   235   345   223   351 0.70 -
145769:0-1415        -            472 10660at4891          -            441   7.1e-18   59.9   4.3   4   4   8.8e-11   3.6e-09   31.3   0.1    74   192   343   460   338   472 0.72 -
145543:202-1035      -            278 10660at4891          -            441   1.1e-14   49.5   0.4   1   2   0.00032     0.013    9.7   0.0   168   197     3    32     1    38 0.88 -
145543:202-1035      -            278 10660at4891          -            441   1.1e-14   49.5   0.4   2   2     2e-12   8.4e-11   36.7   0.2    72   194    56   191    43   196 0.81 -
143313:118-603       -            162 10660at4891          -            441   3.2e-13   44.6   0.1   1   1     1e-14   4.1e-13   44.3   0.1    73   203    15   149     9   159 0.84 -
144489:26-847        -            274 10660at4891          -            441   9.3e-13   43.1   0.2   1   2   2.6e-07   1.1e-05   19.8   0.2    83   194     2    71     1    94 0.67 -
144489:26-847        -            274 10660at4891          -            441   9.3e-13   43.1   0.2   2   2   7.7e-08   3.2e-06   21.6   0.0    78   156   103   178    84   185 0.84 -
143663:94-729        -            212 10660at4891          -            441   2.4e-12   41.8   0.7   1   3   0.00015    0.0063   10.7   0.0   138   165    13    40     1    66 0.81 -
143663:94-729        -            212 10660at4891          -            441   2.4e-12   41.8   0.7   2   3   3.6e-10   1.5e-08   29.3   0.1   139   203    78   145    73   164 0.82 -
143663:94-729        -            212 10660at4891          -            441   2.4e-12   41.8   0.7   3   3      0.45        19   -0.7   0.0    72   113   141   180   136   197 0.77 -
140077:5-511         -            169 10660at4891          -            441   4.3e-12   40.9   0.1   1   2      0.16       6.6    0.7   0.0   160   194     2    36     1    38 0.70 -
140077:5-511         -            169 10660at4891          -            441   4.3e-12   40.9   0.1   2   2   5.4e-13   2.2e-11   38.6   0.0    65   192    38   162    33   167 0.83 -
144137:68-793        -            242 10660at4891          -            441   3.6e-11   37.9   3.3   1   2   0.00094     0.039    8.1   0.1   129   193    83   150    64   160 0.70 -
144137:68-793        -            242 10660at4891          -            441   3.6e-11   37.9   3.3   2   2   1.8e-10   7.3e-09   30.3   0.6    74   160   160   239   154   241 0.88 -
143819:146-751       -            202 10660at4891          -            441   7.8e-09   30.2   0.2   1   2   2.9e-09   1.2e-07   26.3   0.0    73   181     7   111     2   141 0.77 -
143819:146-751       -            202 10660at4891          -            441   7.8e-09   30.2   0.2   2   2      0.11       4.6    1.3   0.1    90   112   166   188   158   200 0.78 -
143253:125-688       -            188 10660at4891          -            441   2.5e-07   25.2   0.0   1   2    0.0071      0.29    5.2   0.0   165   192    26    53     9    72 0.86 -
143253:125-688       -            188 10660at4891          -            441   2.5e-07   25.2   0.0   2   2   7.2e-07     3e-05   18.4   0.0   115   158   101   143    75   186 0.75 -
145365:0-995         -            332 10660at4891          -            441   4.4e-07   24.4   0.1   1   2    0.0011     0.044    7.9   0.0    63   119    51   108    34   120 0.74 -
145365:0-995         -            332 10660at4891          -            441   4.4e-07   24.4   0.1   2   2   9.9e-06   0.00041   14.6   0.0    92   194   176   283   151   314 0.79 -
142803:50-655        -            202 10660at4891          -            441   9.2e-07   23.3   2.5   1   2   5.9e-06   0.00024   15.3   0.3   143   193     2    57     1    58 0.81 -
142803:50-655        -            202 10660at4891          -            441   9.2e-07   23.3   2.5   2   2   8.1e-06   0.00033   14.9   0.1    73   154    23   106    19   118 0.63 -
145907:182-1561      -            460 10660at4891          -            441   1.3e-06   22.8   0.0   1   3   0.00011    0.0046   11.2   0.0    89   161    27   107     6   123 0.74 -
145907:182-1561      -            460 10660at4891          -            441   1.3e-06   22.8   0.0   2   3   0.00073      0.03    8.5   0.0    76   154   145   216   140   228 0.77 -
145907:182-1561      -            460 10660at4891          -            441   1.3e-06   22.8   0.0   3   3       4.5   1.8e+02   -4.0   0.0   284   320   252   288   247   291 0.79 -
144833:0-911         -            304 10660at4891          -            441   1.8e-06   22.3   0.3   1   1   9.3e-08   3.8e-06   21.3   0.3   119   159   256   296   236   301 0.89 -
136257:22-312        -             97 10660at4891          -            441   5.9e-05   17.4   0.0   1   2    0.0036      0.15    6.2   0.0   143   192     4    55     1    58 0.69 -
136257:22-312        -             97 10660at4891          -            441   5.9e-05   17.4   0.0   2   2   0.00037     0.015    9.4   0.0   161   191    67    97    60    97 0.92 -
144603:3-800         -            266 10660at4891          -            441   9.7e-05   16.7   0.4   1   2      0.26        11    0.1   0.0   137   161    72    95    35   135 0.78 -
144603:3-800         -            266 10660at4891          -            441   9.7e-05   16.7   0.4   2   2   9.5e-06   0.00039   14.7   0.1   118   159   142   183   121   200 0.78 -
145363:1-1098        -            366 10660at4891          -            441   0.00092   13.4   0.0   1   1   3.5e-05    0.0015   12.8   0.0   158   195   112   149    84   160 0.79 -
#
# Program:         hmmsearch
# Version:         3.1b2 (February 2015)
# Pipeline mode:   SEARCH
# Query file:      /home/jj/Desktop/Bioinformatics/3rd_year/1term/Computational_genomics/Seminars/exercise_04/busco_downloads/lineages/saccharomycetes_odb10/hmms/10660at4891.hmm
# Target file:     /home/jj/Desktop/Bioinformatics/3rd_year/1term/Computational_genomics/Seminars/exercise_04/./busco/SRR7548448/SRR7548448_k63_contigs/run_saccharomycetes_odb10/metaeuk_output/initial_results/SRR7548448_k63_graph.contig.fa.modified.fas
# Option settings: hmmsearch --domtblout /home/jj/Desktop/Bioinformatics/3rd_year/1term/Computational_genomics/Seminars/exercise_04/./busco/SRR7548448/SRR7548448_k63_contigs/run_saccharomycetes_odb10/hmmer_output/initial_run_results/10660at4891.out --cpu 1 /home/jj/Desktop/Bioinformatics/3rd_year/1term/Computational_genomics/Seminars/exercise_04/busco_downloads/lineages/saccharomycetes_odb10/hmms/10660at4891.hmm /home/jj/Desktop/Bioinformatics/3rd_year/1term/Computational_genomics/Seminars/exercise_04/./busco/SRR7548448/SRR7548448_k63_contigs/run_saccharomycetes_odb10/metaeuk_output/initial_results/SRR7548448_k63_graph.contig.fa.modified.fas 
# Current dir:     /home/jj/Desktop/Bioinformatics/3rd_year/1term/Computational_genomics/Seminars/exercise_04
# Date:            Tue Nov  5 18:47:35 2024
# [ok]
