#                                                                            --- full sequence --- -------------- this domain -------------   hmm coord   ali coord   env coord
# target name        accession   tlen query name           accession   qlen   E-value  score  bias   #  of  c-Evalue  i-Evalue  score  bias  from    to  from    to  from    to  acc description of target
#------------------- ---------- ----- -------------------- ---------- ----- --------- ------ ----- --- --- --------- --------- ------ ----- ----- ----- ----- ----- ----- ----- ---- ---------------------
137929:9-443         -            145 10800at4891          -            413   3.3e-99  328.0   0.0   1   1  1.4e-100   3.6e-99  327.8   0.0    84   227     1   144     1   145 0.99 -
143351:5-469         -            155 10800at4891          -            413   1.1e-40  135.2   0.0   1   1   4.8e-42   1.2e-40  135.1   0.0     8   145     5   154     1   155 0.88 -
144797:1-714         -            238 10800at4891          -            413   9.6e-36  118.9   0.0   1   1   4.2e-37   1.1e-35  118.8   0.0    76   256     6   196     1   225 0.86 -
145155:2-835         -            278 10800at4891          -            413   4.3e-35  116.8   0.0   1   1   2.1e-36   5.4e-35  116.5   0.0     8   251    16   277    10   278 0.81 -
138573:6-455         -            150 10800at4891          -            413   3.5e-34  113.8   0.0   1   1   1.5e-35   3.8e-34  113.7   0.0   103   247     2   150     1   150 0.92 -
144977:40-684        -            215 10800at4891          -            413   2.8e-33  110.8   0.2   1   2   1.9e-12   4.8e-11   37.6   0.0    77   132    12    68     4    72 0.89 -
144977:40-684        -            215 10800at4891          -            413   2.8e-33  110.8   0.2   2   2     1e-22   2.6e-21   71.4   0.0   137   252    97   214    95   215 0.93 -
144839:7-642         -            212 10800at4891          -            413     1e-28   95.8   0.0   1   1   4.8e-30   1.2e-28   95.5   0.0    53   259     1   206     1   211 0.94 -
145175:14-847        -            278 10800at4891          -            413   4.9e-28   93.5   0.1   1   1   1.6e-28   4.2e-27   90.5   0.1    10   252     7   277     2   278 0.80 -
141063:9-554         -            182 10800at4891          -            413   1.2e-27   92.3   0.0   1   1   5.2e-29   1.3e-27   92.1   0.0    28   200     3   178     1   181 0.89 -
137919:7-429         -            141 10800at4891          -            413   1.4e-27   92.0   0.0   1   1   6.2e-29   1.6e-27   91.9   0.0   115   242     2   129     1   139 0.95 -
138105:16-444        -            143 10800at4891          -            413   3.7e-27   90.7   0.1   1   1   1.6e-28     4e-27   90.5   0.1    10   145     3   142     1   143 0.90 -
144279:254-808       -            185 10800at4891          -            413   1.9e-21   71.8   0.0   1   2   3.1e-21   7.8e-20   66.5   0.0   101   208     2   111     1   119 0.81 -
144279:254-808       -            185 10800at4891          -            413   1.9e-21   71.8   0.0   2   2      0.04         1    3.6   0.0   220   252   151   183   133   185 0.83 -
143795:67-747        -            227 10800at4891          -            413   1.7e-20   68.7   0.0   1   2   1.8e-11   4.7e-10   34.3   0.0    78   151     3    78     1    93 0.84 -
143795:67-747        -            227 10800at4891          -            413   1.7e-20   68.7   0.0   2   2   5.9e-11   1.5e-09   32.7   0.0   149   252   108   217    95   224 0.79 -
138137:12-449        -            146 10800at4891          -            413   2.1e-20   68.4   0.0   1   1   8.5e-22   2.2e-20   68.4   0.0    49   168    25   146     1   146 0.86 -
142899:7-642         -            212 10800at4891          -            413   2.7e-20   68.1   0.0   1   1   1.2e-21   3.1e-20   67.9   0.0    72   198     3   136     1   163 0.82 -
136307:2-403         -            134 10800at4891          -            413   9.4e-20   66.3   0.5   1   1   4.1e-21     1e-19   66.1   0.5    10   138     1   134     1   134 0.87 -
139911:55-507        -            151 10800at4891          -            413   9.7e-20   66.2   0.0   1   1   4.6e-21   1.2e-19   65.9   0.0   107   241     2   148     1   151 0.84 -
143305:7-633         -            209 10800at4891          -            413     1e-19   66.1   0.0   1   2   1.6e-16   3.9e-15   51.0   0.0   102   196     3   108     1   120 0.75 -
143305:7-633         -            209 10800at4891          -            413     1e-19   66.1   0.0   2   2   4.9e-05    0.0012   13.2   0.0   221   254   165   198   136   204 0.86 -
143975:1-396         -            132 10800at4891          -            413   1.9e-19   65.3   0.9   1   1     8e-21     2e-19   65.2   0.9     6   129     3   132     1   132 0.87 -
139915:3-470         -            156 10800at4891          -            413   1.1e-17   59.5   0.0   1   1   1.7e-18   4.2e-17   57.5   0.0    78   210     2   152     1   154 0.72 -
144479:2-847         -            282 10800at4891          -            413   1.6e-17   58.9   0.1   1   2     0.021      0.54    4.5   0.0   118   132    37    51    32    88 0.79 -
144479:2-847         -            282 10800at4891          -            413   1.6e-17   58.9   0.1   2   2   4.4e-17   1.1e-15   52.8   0.0   134   258    92   217    74   262 0.86 -
141463:27-569        -            181 10800at4891          -            413   5.1e-17   57.3   0.1   1   1   2.2e-18   5.6e-17   57.1   0.1    59   210     1   154     1   171 0.89 -
140939:17-526        -            170 10800at4891          -            413   3.8e-16   54.4   0.1   1   1     6e-17   1.5e-15   52.4   0.1   103   240     7   169     1   170 0.74 -
143033:187-669       -            161 10800at4891          -            413   8.1e-16   53.3   0.1   1   1   3.4e-17   8.6e-16   53.2   0.1    10   162     3   158     1   161 0.83 -
145735:713-1261      -            183 10800at4891          -            413   3.1e-15   51.4   0.0   1   1   1.4e-16   3.6e-15   51.2   0.0    79   199     2   143     1   157 0.75 -
143027:172-651       -            160 10800at4891          -            413   8.2e-15   50.0   0.1   1   1   4.1e-16     1e-14   49.6   0.1     9   147     6   153     4   158 0.80 -
141797:1-591         -            197 10800at4891          -            413   2.5e-14   48.4   0.0   1   1   9.8e-16   2.5e-14   48.4   0.0   106   251    41   196     2   197 0.72 -
136623:8-412         -            135 10800at4891          -            413   3.6e-13   44.6   0.1   1   1   2.1e-14   5.2e-13   44.0   0.1   126   248     1   134     1   135 0.85 -
144109:10-744        -            245 10800at4891          -            413   1.8e-12   42.3   0.0   1   1   1.1e-13   2.7e-12   41.7   0.0   101   188    12   112     3   132 0.76 -
142181:21-614        -            198 10800at4891          -            413   1.3e-10   36.2   0.2   1   1   5.2e-12   1.3e-10   36.1   0.2    44   146    49   164    13   198 0.73 -
144845:209-790       -            194 10800at4891          -            413   8.6e-10   33.5   0.1   1   1   3.9e-11   9.9e-10   33.3   0.1     8   145    37   191    31   194 0.69 -
139745:4-501         -            166 10800at4891          -            413   1.1e-08   29.8   0.0   1   2   2.7e-07     7e-06   20.6   0.0   109   165     3    61     1    69 0.78 -
139745:4-501         -            166 10800at4891          -            413   1.1e-08   29.8   0.0   2   2    0.0027     0.069    7.4   0.0   158   189   133   164   126   166 0.87 -
143007:66-662        -            199 10800at4891          -            413   2.6e-08   28.6   0.0   1   1     2e-09   5.1e-08   27.6   0.0     3   152     2   154     1   160 0.69 -
139477:0-491         -            164 10800at4891          -            413     3e-05   18.5   0.0   1   2   0.00019    0.0048   11.2   0.0   139   195     2    66     1    83 0.70 -
139477:0-491         -            164 10800at4891          -            413     3e-05   18.5   0.0   2   2    0.0098      0.25    5.6   0.0   221   253   125   157   118   162 0.86 -
#
# Program:         hmmsearch
# Version:         3.1b2 (February 2015)
# Pipeline mode:   SEARCH
# Query file:      /home/jj/Desktop/Bioinformatics/3rd_year/1term/Computational_genomics/Seminars/exercise_04/busco_downloads/lineages/saccharomycetes_odb10/hmms/10800at4891.hmm
# Target file:     /home/jj/Desktop/Bioinformatics/3rd_year/1term/Computational_genomics/Seminars/exercise_04/./busco/SRR7548448/SRR7548448_k63_contigs/run_saccharomycetes_odb10/metaeuk_output/initial_results/SRR7548448_k63_graph.contig.fa.modified.fas
# Option settings: hmmsearch --domtblout /home/jj/Desktop/Bioinformatics/3rd_year/1term/Computational_genomics/Seminars/exercise_04/./busco/SRR7548448/SRR7548448_k63_contigs/run_saccharomycetes_odb10/hmmer_output/initial_run_results/10800at4891.out --cpu 1 /home/jj/Desktop/Bioinformatics/3rd_year/1term/Computational_genomics/Seminars/exercise_04/busco_downloads/lineages/saccharomycetes_odb10/hmms/10800at4891.hmm /home/jj/Desktop/Bioinformatics/3rd_year/1term/Computational_genomics/Seminars/exercise_04/./busco/SRR7548448/SRR7548448_k63_contigs/run_saccharomycetes_odb10/metaeuk_output/initial_results/SRR7548448_k63_graph.contig.fa.modified.fas 
# Current dir:     /home/jj/Desktop/Bioinformatics/3rd_year/1term/Computational_genomics/Seminars/exercise_04
# Date:            Tue Nov  5 18:47:35 2024
# [ok]
