#                                                                            --- full sequence --- -------------- this domain -------------   hmm coord   ali coord   env coord
# target name        accession   tlen query name           accession   qlen   E-value  score  bias   #  of  c-Evalue  i-Evalue  score  bias  from    to  from    to  from    to  acc description of target
#------------------- ---------- ----- -------------------- ---------- ----- --------- ------ ----- --- --- --------- --------- ------ ----- ----- ----- ----- ----- ----- ----- ---- ---------------------
140201:39-518        -            160 11586at4891          -            343  3.1e-110  364.0   0.1   1   1  3.6e-112  3.4e-110  363.9   0.1   104   263     1   160     1   160 1.00 -
145219:1-639         -            213 11586at4891          -            343   2.4e-52  173.6   0.0   1   1   2.8e-54   2.7e-52  173.5   0.0   112   319     1   213     1   213 0.94 -
132471:0-341         -            114 11586at4891          -            343   6.3e-45  149.3   0.1   1   1   7.1e-47   6.8e-45  149.2   0.1   170   280     3   113     1   114 0.98 -
144757:0-659         -            220 11586at4891          -            343   3.2e-44  147.0   0.0   1   1   3.6e-46   3.4e-44  146.8   0.0    99   282     3   183     1   220 0.90 -
142381:156-611       -            152 11586at4891          -            343   5.8e-32  106.6   0.5   1   1   6.6e-34   6.4e-32  106.5   0.5   171   319     2   152     1   152 0.90 -
137839:5-403         -            133 11586at4891          -            343   2.6e-21   71.6   0.1   1   1   2.9e-23   2.7e-21   71.5   0.1   193   312     1   127     1   133 0.77 -
143129:1-615         -            205 11586at4891          -            343     1e-19   66.3   0.1   1   1   1.3e-21   1.3e-19   66.1   0.1   185   298     2   115     1   160 0.76 -
141755:252-584       -            111 11586at4891          -            343   5.5e-19   64.0   0.1   1   1   6.2e-21   5.9e-19   63.9   0.1   151   258     2   111     1   111 0.85 -
145413:151-1119      -            323 11586at4891          -            343   1.1e-11   40.0   0.0   1   1   1.7e-13   1.6e-11   39.4   0.0   243   326     1    89     1   100 0.88 -
#
# Program:         hmmsearch
# Version:         3.1b2 (February 2015)
# Pipeline mode:   SEARCH
# Query file:      /home/jj/Desktop/Bioinformatics/3rd_year/1term/Computational_genomics/Seminars/exercise_04/busco_downloads/lineages/saccharomycetes_odb10/hmms/11586at4891.hmm
# Target file:     /home/jj/Desktop/Bioinformatics/3rd_year/1term/Computational_genomics/Seminars/exercise_04/./busco/SRR7548448/SRR7548448_k63_contigs/run_saccharomycetes_odb10/metaeuk_output/initial_results/SRR7548448_k63_graph.contig.fa.modified.fas
# Option settings: hmmsearch --domtblout /home/jj/Desktop/Bioinformatics/3rd_year/1term/Computational_genomics/Seminars/exercise_04/./busco/SRR7548448/SRR7548448_k63_contigs/run_saccharomycetes_odb10/hmmer_output/initial_run_results/11586at4891.out --cpu 1 /home/jj/Desktop/Bioinformatics/3rd_year/1term/Computational_genomics/Seminars/exercise_04/busco_downloads/lineages/saccharomycetes_odb10/hmms/11586at4891.hmm /home/jj/Desktop/Bioinformatics/3rd_year/1term/Computational_genomics/Seminars/exercise_04/./busco/SRR7548448/SRR7548448_k63_contigs/run_saccharomycetes_odb10/metaeuk_output/initial_results/SRR7548448_k63_graph.contig.fa.modified.fas 
# Current dir:     /home/jj/Desktop/Bioinformatics/3rd_year/1term/Computational_genomics/Seminars/exercise_04
# Date:            Tue Nov  5 18:47:36 2024
# [ok]
