#                                                                            --- full sequence --- -------------- this domain -------------   hmm coord   ali coord   env coord
# target name        accession   tlen query name           accession   qlen   E-value  score  bias   #  of  c-Evalue  i-Evalue  score  bias  from    to  from    to  from    to  acc description of target
#------------------- ---------- ----- -------------------- ---------- ----- --------- ------ ----- --- --- --------- --------- ------ ----- ----- ----- ----- ----- ----- ----- ---- ---------------------
145769:0-1415        -            472 11696at4891          -            390   3.4e-16   54.9   6.1   1   3   5.9e-09   2.7e-07   25.7   2.6   183   367    58   269    39   272 0.67 -
145769:0-1415        -            472 11696at4891          -            390   3.4e-16   54.9   6.1   2   3   1.7e-08   7.7e-07   24.1   0.1   263   330   349   416   333   420 0.87 -
145769:0-1415        -            472 11696at4891          -            390   3.4e-16   54.9   6.1   3   3      0.09       4.1    2.0   0.0   124   157   433   466   423   470 0.87 -
140077:5-511         -            169 11696at4891          -            390     1e-14   50.1   0.6   1   2   3.9e-14   1.8e-12   42.7   0.2   217   330     8   119     1   120 0.92 -
140077:5-511         -            169 11696at4891          -            390     1e-14   50.1   0.6   2   2   6.7e-05    0.0031   12.3   0.0   227   290   102   164    93   169 0.84 -
145301:241-942       -            234 11696at4891          -            390   2.6e-13   45.5   2.7   1   3   1.4e-06   6.6e-05   17.8   0.2   263   329    11    77     3    81 0.88 -
145301:241-942       -            234 11696at4891          -            390   2.6e-13   45.5   2.7   2   3   1.2e-07   5.6e-06   21.3   0.4   217   331    51   163    46   167 0.87 -
145301:241-942       -            234 11696at4891          -            390   2.6e-13   45.5   2.7   3   3   2.7e-05    0.0012   13.6   0.0   217   252   178   213   166   216 0.88 -
143663:94-729        -            212 11696at4891          -            390   6.3e-13   44.2   1.8   1   2   8.7e-09   3.9e-07   25.1   0.1   229   330    14   133     2   136 0.64 -
143663:94-729        -            212 11696at4891          -            390   6.3e-13   44.2   1.8   2   2   6.8e-09   3.1e-07   25.5   0.1   228   329    77   172    42   189 0.68 -
142977:2-622         -            207 11696at4891          -            390   6.3e-11   37.6   0.5   1   3    0.0019     0.087    7.5   0.1   293   329     4    39     2    48 0.89 -
142977:2-622         -            207 11696at4891          -            390   6.3e-11   37.6   0.5   2   3   4.4e-06    0.0002   16.2   0.0   273   331    25    85    24    98 0.86 -
142977:2-622         -            207 11696at4891          -            390   6.3e-11   37.6   0.5   3   3   4.1e-08   1.9e-06   22.9   0.1   227   331    67   172    65   180 0.82 -
145543:202-1035      -            278 11696at4891          -            390   2.2e-10   35.8   0.3   1   3    0.0068      0.31    5.7   0.0   221   246     4    29     1    37 0.84 -
145543:202-1035      -            278 11696at4891          -            390   2.2e-10   35.8   0.3   2   3    0.0017     0.077    7.7   0.0   290   333    50    92    47    99 0.88 -
145543:202-1035      -            278 11696at4891          -            390   2.2e-10   35.8   0.3   3   3   6.1e-07   2.8e-05   19.0   0.2   255   328   114   187   101   195 0.89 -
144489:26-847        -            274 11696at4891          -            390   4.2e-10   34.9   0.5   1   3     0.078       3.5    2.2   0.4   308   331     3    26     1    42 0.85 -
144489:26-847        -            274 11696at4891          -            390   4.2e-10   34.9   0.5   2   3   1.2e-05   0.00055   14.8   0.0   212   253    39    78    18    87 0.70 -
144489:26-847        -            274 11696at4891          -            390   4.2e-10   34.9   0.5   3   3   9.9e-06   0.00045   15.1   0.0   228   290   115   178   109   194 0.80 -
144137:68-793        -            242 11696at4891          -            390     2e-09   32.7   4.8   1   2     3e-08   1.4e-06   23.3   3.1   210   331    73   192    46   200 0.88 -
144137:68-793        -            242 11696at4891          -            390     2e-09   32.7   4.8   2   2   0.00068     0.031    9.0   0.0   215   246   204   235   195   242 0.71 -
144149:4-795         -            264 11696at4891          -            390     8e-09   30.7   0.3   1   2    0.0096      0.44    5.2   0.1   295   332   110   146    23   154 0.62 -
144149:4-795         -            264 11696at4891          -            390     8e-09   30.7   0.3   2   2   4.8e-08   2.2e-06   22.7   0.0   222   312   164   255   154   263 0.79 -
144353:2-823         -            274 11696at4891          -            390   7.9e-07   24.1   0.0   1   2     0.028       1.3    3.7   0.0   262   319    22    79    15   110 0.81 -
144353:2-823         -            274 11696at4891          -            390   7.9e-07   24.1   0.0   2   2   8.8e-07     4e-05   18.5   0.0   212   289   126   205   121   269 0.63 -
144603:3-800         -            266 11696at4891          -            390     9e-07   23.9   0.5   1   1   4.4e-08     2e-06   22.8   0.5   229   342    74   190    19   199 0.71 -
143819:146-751       -            202 11696at4891          -            390   1.2e-06   23.5   0.8   1   2    0.0011      0.05    8.3   0.1   254   331     5    82     1    87 0.85 -
143819:146-751       -            202 11696at4891          -            390   1.2e-06   23.5   0.8   2   2   2.3e-05     0.001   13.9   0.0   125   204    97   178    87   200 0.81 -
145821:44-862        -            273 11696at4891          -            390   0.00014   16.7   7.3   1   2   9.4e-05    0.0043   11.8   1.0   232   331    41   135    28   142 0.84 -
145821:44-862        -            273 11696at4891          -            390   0.00014   16.7   7.3   2   2    0.0015     0.066    7.9   0.3   230   289   209   264   201   271 0.54 -
145907:182-1561      -            460 11696at4891          -            390   0.00016   16.5   0.9   1   3   6.1e-05    0.0028   12.5   0.0   208   287     9    99     3   108 0.69 -
145907:182-1561      -            460 11696at4891          -            390   0.00016   16.5   0.9   2   3      0.18       8.1    1.0   0.0   217   244   147   174   129   215 0.77 -
145907:182-1561      -            460 11696at4891          -            390   0.00016   16.5   0.9   3   3      0.98        45   -1.4   0.0   218   239   376   397   346   410 0.73 -
142803:50-655        -            202 11696at4891          -            390   0.00028   15.7   0.4   1   1    0.0013     0.057    8.1   0.0   196   244    58   106    56   126 0.87 -
145365:0-995         -            332 11696at4891          -            390   0.00029   15.7   1.6   1   2    0.0059      0.27    5.9   0.0   291   346    54   113    46   129 0.64 -
145365:0-995         -            332 11696at4891          -            390   0.00029   15.7   1.6   2   2    0.0015      0.07    7.8   0.2   227   249   264   286   238   327 0.80 -
144833:0-911         -            304 11696at4891          -            390   0.00035   15.4   0.1   1   1   2.3e-05    0.0011   13.8   0.1   298   331   259   292   255   298 0.92 -
145363:1-1098        -            366 11696at4891          -            390     0.002   12.9   0.0   1   1   6.6e-05     0.003   12.3   0.0   228   294    88   152    27   193 0.79 -
144047:63-782        -            240 11696at4891          -            390     0.011   10.5   2.0   1   3      0.06       2.7    2.6   0.0   293   324     8    38     4    44 0.87 -
144047:63-782        -            240 11696at4891          -            390     0.011   10.5   2.0   2   3    0.0025      0.11    7.2   0.1   212   243   146   177    44   193 0.78 -
144047:63-782        -            240 11696at4891          -            390     0.011   10.5   2.0   3   3         2        92   -2.4   0.1   264   286   215   237   206   239 0.57 -
#
# Program:         hmmsearch
# Version:         3.1b2 (February 2015)
# Pipeline mode:   SEARCH
# Query file:      /home/jj/Desktop/Bioinformatics/3rd_year/1term/Computational_genomics/Seminars/exercise_04/busco_downloads/lineages/saccharomycetes_odb10/hmms/11696at4891.hmm
# Target file:     /home/jj/Desktop/Bioinformatics/3rd_year/1term/Computational_genomics/Seminars/exercise_04/./busco/SRR7548448/SRR7548448_k63_contigs/run_saccharomycetes_odb10/metaeuk_output/initial_results/SRR7548448_k63_graph.contig.fa.modified.fas
# Option settings: hmmsearch --domtblout /home/jj/Desktop/Bioinformatics/3rd_year/1term/Computational_genomics/Seminars/exercise_04/./busco/SRR7548448/SRR7548448_k63_contigs/run_saccharomycetes_odb10/hmmer_output/initial_run_results/11696at4891.out --cpu 1 /home/jj/Desktop/Bioinformatics/3rd_year/1term/Computational_genomics/Seminars/exercise_04/busco_downloads/lineages/saccharomycetes_odb10/hmms/11696at4891.hmm /home/jj/Desktop/Bioinformatics/3rd_year/1term/Computational_genomics/Seminars/exercise_04/./busco/SRR7548448/SRR7548448_k63_contigs/run_saccharomycetes_odb10/metaeuk_output/initial_results/SRR7548448_k63_graph.contig.fa.modified.fas 
# Current dir:     /home/jj/Desktop/Bioinformatics/3rd_year/1term/Computational_genomics/Seminars/exercise_04
# Date:            Tue Nov  5 18:47:36 2024
# [ok]
