#                                                                            --- full sequence --- -------------- this domain -------------   hmm coord   ali coord   env coord
# target name        accession   tlen query name           accession   qlen   E-value  score  bias   #  of  c-Evalue  i-Evalue  score  bias  from    to  from    to  from    to  acc description of target
#------------------- ---------- ----- -------------------- ---------- ----- --------- ------ ----- --- --- --------- --------- ------ ----- ----- ----- ----- ----- ----- ----- ---- ---------------------
144797:1-714         -            238 1220at4891           -           1198   1.1e-27   91.5   0.0   1   1   4.8e-29   1.2e-27   91.4   0.0   498   692    15   221     1   237 0.76 -
138573:6-455         -            150 1220at4891           -           1198   2.6e-26   86.9   0.0   1   1   1.3e-27   3.2e-26   86.7   0.0   519   658     4   149     2   150 0.84 -
145175:14-847        -            278 1220at4891           -           1198   1.7e-25   84.2   0.0   1   1   2.9e-25   7.1e-24   78.9   0.0   404   659     5   272     1   277 0.71 -
143033:187-669       -            161 1220at4891           -           1198   6.5e-25   82.3   1.6   1   1   1.1e-24   2.8e-23   76.9   1.6   405   570     2   151     1   161 0.86 -
137929:9-443         -            145 1220at4891           -           1198     6e-24   79.1   0.0   1   1   2.8e-25   6.8e-24   79.0   0.0   499   605     2   110     1   122 0.89 -
138105:16-444        -            143 1220at4891           -           1198   2.1e-23   77.3   0.2   1   1   5.4e-23   1.3e-21   71.4   0.2   405   560     2   143     1   143 0.89 -
144839:7-642         -            212 1220at4891           -           1198   1.4e-22   74.6   0.0   1   1     7e-24   1.7e-22   74.3   0.0   482   667    17   202     4   210 0.83 -
144279:254-808       -            185 1220at4891           -           1198   1.5e-22   74.5   0.0   1   1     8e-24     2e-22   74.1   0.0   517   605     4    95     2   110 0.92 -
143795:67-747        -            227 1220at4891           -           1198   2.1e-22   74.0   0.0   1   2   4.7e-19   1.2e-17   58.3   0.0   489   565     1    77     1    84 0.87 -
143795:67-747        -            227 1220at4891           -           1198   2.1e-22   74.0   0.0   2   2   1.4e-05   0.00034   13.7   0.0   564   664   107   217   101   222 0.75 -
141063:9-554         -            182 1220at4891           -           1198   1.5e-21   71.2   0.0   1   1   7.1e-23   1.8e-21   71.0   0.0   518   605    83   171    45   176 0.86 -
142899:7-642         -            212 1220at4891           -           1198   1.2e-20   68.2   0.0   1   1   5.9e-22   1.5e-20   67.9   0.0   513   604    38   130    18   134 0.88 -
143351:5-469         -            155 1220at4891           -           1198   4.8e-20   66.2   0.2   1   1   2.3e-21   5.7e-20   66.0   0.2   474   559    69   154    59   155 0.91 -
145155:2-835         -            278 1220at4891           -           1198   2.2e-19   64.0   0.0   1   1   1.2e-20   2.9e-19   63.6   0.0   481   602    82   211    17   217 0.89 -
144977:40-684        -            215 1220at4891           -           1198   3.3e-19   63.4   0.0   1   2     8e-07     2e-05   17.8   0.2   517   544    39    66    20    70 0.87 -
144977:40-684        -            215 1220at4891           -           1198   3.3e-19   63.4   0.0   2   2   1.3e-14   3.1e-13   43.7   0.0   551   664    97   214    95   215 0.84 -
137919:7-429         -            141 1220at4891           -           1198   3.2e-18   60.1   0.0   1   1   1.5e-19   3.7e-18   60.0   0.0   528   654     1   129     1   136 0.86 -
139911:55-507        -            151 1220at4891           -           1198   3.3e-18   60.1   0.0   1   1   1.5e-19   3.6e-18   60.0   0.0   524   654     5   149     1   151 0.85 -
143305:7-633         -            209 1220at4891           -           1198   4.4e-18   59.7   0.0   1   2   3.1e-19   7.8e-18   58.9   0.0   519   603     6   103     2   107 0.84 -
143305:7-633         -            209 1220at4891           -           1198   4.4e-18   59.7   0.0   2   2       2.3        58   -3.6   0.0   641   665   173   197   170   201 0.72 -
139915:3-470         -            156 1220at4891           -           1198   5.3e-18   59.4   0.0   1   1   5.7e-19   1.4e-17   58.0   0.0   517   603    28   133     9   136 0.74 -
140939:17-526        -            170 1220at4891           -           1198   6.5e-18   59.2   0.0   1   1   5.6e-18   1.4e-16   54.8   0.0   517   652     7   169     1   170 0.74 -
144479:2-847         -            282 1220at4891           -           1198   1.6e-17   57.8   1.0   1   2   0.00034    0.0085    9.1   0.2   533   546    38    51    33    60 0.79 -
144479:2-847         -            282 1220at4891           -           1198   1.6e-17   57.8   1.0   2   2   8.4e-16   2.1e-14   47.5   0.0   550   687    94   234    88   270 0.77 -
143027:172-651       -            160 1220at4891           -           1198   1.2e-16   54.9   0.4   1   1   2.3e-16   5.7e-15   49.4   0.4   404   563     5   155     2   160 0.78 -
143397:1-552         -            184 1220at4891           -           1198   1.3e-15   51.6   0.0   1   1   6.5e-17   1.6e-15   51.2   0.0   709   840    23   179    17   183 0.77 -
144109:10-744        -            245 1220at4891           -           1198   7.5e-15   49.0   0.1   1   1   4.1e-16     1e-14   48.6   0.1   516   600    13   112     4   129 0.77 -
143975:1-396         -            132 1220at4891           -           1198   1.7e-13   44.5   1.0   1   1   3.1e-13   7.7e-12   39.0   1.0   400   543     1   132     1   132 0.82 -
136307:2-403         -            134 1220at4891           -           1198   2.7e-13   43.9   3.5   1   1   3.4e-13   8.4e-12   38.9   3.5   481   552    63   134     1   134 0.80 -
141463:27-569        -            181 1220at4891           -           1198     7e-13   42.5   0.0   1   1   3.6e-14     9e-13   42.1   0.0   518   605    46   136    38   142 0.82 -
145735:713-1261      -            183 1220at4891           -           1198   1.1e-12   41.8   0.0   1   1   5.6e-14   1.4e-12   41.5   0.0   511   590    22   107     5   145 0.77 -
138137:12-449        -            146 1220at4891           -           1198   3.5e-12   40.2   0.0   1   1   1.5e-13   3.7e-12   40.1   0.0   519   584    82   146    46   146 0.89 -
142181:21-614        -            198 1220at4891           -           1198   3.2e-11   37.0   0.0   1   1   1.6e-12   4.1e-11   36.6   0.0   489   558    89   162    73   177 0.89 -
141797:1-591         -            197 1220at4891           -           1198   7.7e-11   35.7   0.0   1   1   3.1e-12   7.7e-11   35.7   0.0   520   604    41   132     3   196 0.78 -
139745:4-501         -            166 1220at4891           -           1198   1.4e-09   31.6   0.0   1   2   6.5e-10   1.6e-08   28.0   0.0   521   562     1    43     1    54 0.78 -
139745:4-501         -            166 1220at4891           -           1198   1.4e-09   31.6   0.0   2   2     0.058       1.4    1.7   0.0   573   601   132   164   112   166 0.75 -
136623:8-412         -            135 1220at4891           -           1198   1.6e-08   28.0   0.0   1   1   7.3e-10   1.8e-08   27.9   0.0   540   650     1   124     1   133 0.70 -
143007:66-662        -            199 1220at4891           -           1198   4.7e-08   26.5   0.3   1   2      0.14       3.5    0.4   0.0   403   434     6    39     1    45 0.79 -
143007:66-662        -            199 1220at4891           -           1198   4.7e-08   26.5   0.3   2   2   8.4e-09   2.1e-07   24.4   0.1   520   564   105   152    84   197 0.80 -
139477:0-491         -            164 1220at4891           -           1198     4e-06   20.1   0.0   1   2   8.6e-07   2.1e-05   17.7   0.0   552   604     1    63     1    66 0.81 -
139477:0-491         -            164 1220at4891           -           1198     4e-06   20.1   0.0   2   2      0.18       4.5    0.0   0.0   640   665   132   157   121   162 0.69 -
144845:209-790       -            194 1220at4891           -           1198   4.3e-05   16.7   0.2   1   1     3e-06   7.5e-05   15.9   0.1   519   558   146   190    98   193 0.71 -
#
# Program:         hmmsearch
# Version:         3.1b2 (February 2015)
# Pipeline mode:   SEARCH
# Query file:      /home/jj/Desktop/Bioinformatics/3rd_year/1term/Computational_genomics/Seminars/exercise_04/busco_downloads/lineages/saccharomycetes_odb10/hmms/1220at4891.hmm
# Target file:     /home/jj/Desktop/Bioinformatics/3rd_year/1term/Computational_genomics/Seminars/exercise_04/./busco/SRR7548448/SRR7548448_k63_contigs/run_saccharomycetes_odb10/metaeuk_output/initial_results/SRR7548448_k63_graph.contig.fa.modified.fas
# Option settings: hmmsearch --domtblout /home/jj/Desktop/Bioinformatics/3rd_year/1term/Computational_genomics/Seminars/exercise_04/./busco/SRR7548448/SRR7548448_k63_contigs/run_saccharomycetes_odb10/hmmer_output/initial_run_results/1220at4891.out --cpu 1 /home/jj/Desktop/Bioinformatics/3rd_year/1term/Computational_genomics/Seminars/exercise_04/busco_downloads/lineages/saccharomycetes_odb10/hmms/1220at4891.hmm /home/jj/Desktop/Bioinformatics/3rd_year/1term/Computational_genomics/Seminars/exercise_04/./busco/SRR7548448/SRR7548448_k63_contigs/run_saccharomycetes_odb10/metaeuk_output/initial_results/SRR7548448_k63_graph.contig.fa.modified.fas 
# Current dir:     /home/jj/Desktop/Bioinformatics/3rd_year/1term/Computational_genomics/Seminars/exercise_04
# Date:            Tue Nov  5 18:47:37 2024
# [ok]
