#                                                                            --- full sequence --- -------------- this domain -------------   hmm coord   ali coord   env coord
# target name        accession   tlen query name           accession   qlen   E-value  score  bias   #  of  c-Evalue  i-Evalue  score  bias  from    to  from    to  from    to  acc description of target
#------------------- ---------- ----- -------------------- ---------- ----- --------- ------ ----- --- --- --------- --------- ------ ----- ----- ----- ----- ----- ----- ----- ---- ---------------------
145769:0-1415        -            472 12237at4891          -            312     4e-26   87.5   2.6   1   5     0.081       4.1    2.0   0.0    99   238    58    89    31   116 0.63 -
145769:0-1415        -            472 12237at4891          -            312     4e-26   87.5   2.6   2   5   7.3e-07   3.7e-05   18.6   0.2    91   166   141   222   139   225 0.81 -
145769:0-1415        -            472 12237at4891          -            312     4e-26   87.5   2.6   3   5       0.1       5.1    1.7   0.0   173   227   259   314   239   315 0.68 -
145769:0-1415        -            472 12237at4891          -            312     4e-26   87.5   2.6   4   5   1.1e-19   5.6e-18   60.7   0.0    64   192   313   448   303   450 0.88 -
145769:0-1415        -            472 12237at4891          -            312     4e-26   87.5   2.6   5   5      0.13       6.7    1.3   0.0    69    92   446   469   441   472 0.80 -
143663:94-729        -            212 12237at4891          -            312   2.8e-15   51.9   0.0   1   2   5.7e-05    0.0029   12.4   0.0    58    99     4    45     2    65 0.87 -
143663:94-729        -            212 12237at4891          -            312   2.8e-15   51.9   0.0   2   2   1.6e-12   7.9e-11   37.2   0.0    61   164    71   173    62   182 0.87 -
145821:44-862        -            273 12237at4891          -            312   2.6e-14   48.7   8.7   1   4   8.1e-10   4.1e-08   28.3   2.0    73   172     3   101     1   117 0.83 -
145821:44-862        -            273 12237at4891          -            312   2.6e-14   48.7   8.7   2   4   4.5e-08   2.3e-06   22.6   3.0    80   169    50   139    50   152 0.85 -
145821:44-862        -            273 12237at4891          -            312   2.6e-14   48.7   8.7   3   4     0.032       1.6    3.4   0.0   148   172   207   231   200   247 0.70 -
145821:44-862        -            273 12237at4891          -            312   2.6e-14   48.7   8.7   4   4   0.00029     0.014   10.1   0.0    69    91   249   271   239   273 0.86 -
145301:241-942       -            234 12237at4891          -            312   3.4e-13   45.0   1.8   1   3   5.2e-06   0.00026   15.8   0.1   106   164    18    78     6    98 0.86 -
145301:241-942       -            234 12237at4891          -            312   3.4e-13   45.0   1.8   2   3    0.0055      0.28    5.9   0.0   150   166   106   122   104   146 0.85 -
145301:241-942       -            234 12237at4891          -            312   3.4e-13   45.0   1.8   3   3   1.1e-07   5.6e-06   21.3   0.0    67   130   147   211   130   217 0.82 -
144137:68-793        -            242 12237at4891          -            312   1.8e-09   32.8   0.2   1   2   1.2e-10   5.8e-09   31.1   0.2    69   166    93   193    62   201 0.86 -
144137:68-793        -            242 12237at4891          -            312   1.8e-09   32.8   0.2   2   2      0.59        30   -0.8   0.0    68    90   218   240   214   242 0.69 -
140077:5-511         -            169 12237at4891          -            312   3.8e-09   31.7   0.0   1   3   3.7e-07   1.9e-05   19.6   0.0    97   166     7    80     1    86 0.89 -
140077:5-511         -            169 12237at4891          -            312   3.8e-09   31.7   0.0   2   3     0.013      0.64    4.7   0.0   137   170    88   125    84   132 0.75 -
140077:5-511         -            169 12237at4891          -            312   3.8e-09   31.7   0.0   3   3     0.022       1.1    3.9   0.0   210   230   138   158   133   163 0.58 -
145543:202-1035      -            278 12237at4891          -            312   8.5e-09   30.6   0.7   1   3     0.026       1.3    3.7   0.0   105   126     8    29     2    36 0.80 -
145543:202-1035      -            278 12237at4891          -            312   8.5e-09   30.6   0.7   2   3   0.00034     0.017    9.9   0.0    89   124    53    89    51   104 0.88 -
145543:202-1035      -            278 12237at4891          -            312   8.5e-09   30.6   0.7   3   3   2.4e-05    0.0012   13.7   0.4    94   177   116   202   112   204 0.77 -
136257:22-312        -             97 12237at4891          -            312   1.4e-08   29.8   0.2   1   2     0.034       1.7    3.3   0.0    70    96     2    28     1    35 0.74 -
136257:22-312        -             97 12237at4891          -            312   1.4e-08   29.8   0.2   2   2   6.7e-09   3.4e-07   25.3   0.0    68   122    40    96    29    97 0.89 -
145907:182-1561      -            460 12237at4891          -            312   2.1e-07   26.0   0.4   1   4     0.022       1.1    3.9   0.0   147   165    27    45    10    48 0.76 -
145907:182-1561      -            460 12237at4891          -            312   2.1e-07   26.0   0.4   2   4     5e-05    0.0026   12.6   0.0    85   124    60   100    55   107 0.84 -
145907:182-1561      -            460 12237at4891          -            312   2.1e-07   26.0   0.4   3   4       1.1        54   -1.6   0.0    79   122   170   214   159   221 0.57 -
145907:182-1561      -            460 12237at4891          -            312   2.1e-07   26.0   0.4   4   4     0.011      0.55    4.9   0.0    67   117   343   395   332   405 0.59 -
144541:1-852         -            284 12237at4891          -            312   7.8e-07   24.1   2.5   1   4   0.00081     0.041    8.6   0.0    94   164    28   108    20   113 0.62 -
144541:1-852         -            284 12237at4891          -            312   7.8e-07   24.1   2.5   2   4   3.1e-06   0.00016   16.5   0.4    87   163    70   153    42   156 0.81 -
144541:1-852         -            284 12237at4891          -            312   7.8e-07   24.1   2.5   3   4   3.5e-05    0.0018   13.1   0.5    88   165   117   201   111   230 0.80 -
144541:1-852         -            284 12237at4891          -            312   7.8e-07   24.1   2.5   4   4       1.6        82   -2.2   0.0    93   125   219   251   215   252 0.79 -
143313:118-603       -            162 12237at4891          -            312   2.1e-06   22.7   0.1   1   2   9.9e-06    0.0005   14.9   0.0    95   185    17   117     9   124 0.77 -
143313:118-603       -            162 12237at4891          -            312   2.1e-06   22.7   0.1   2   2    0.0032      0.16    6.6   0.0   148   172   121   145   116   154 0.89 -
144489:26-847        -            274 12237at4891          -            312   3.3e-06   22.1   2.0   1   3   2.5e-06   0.00013   16.9   0.7   105   178     6    83     3    89 0.72 -
144489:26-847        -            274 12237at4891          -            312   3.3e-06   22.1   2.0   2   3     0.026       1.3    3.6   0.0    95   125   145   177   115   183 0.75 -
144489:26-847        -            274 12237at4891          -            312   3.3e-06   22.1   2.0   3   3       1.7        88   -2.3   0.0   234   252   226   244   221   259 0.73 -
142977:2-622         -            207 12237at4891          -            312   7.4e-06   20.9   0.1   1   2     0.019      0.99    4.1   0.0    93   145     8    62     1    97 0.55 -
142977:2-622         -            207 12237at4891          -            312   7.4e-06   20.9   0.1   2   2     1e-05   0.00053   14.8   0.0   106   191   111   201   103   204 0.78 -
144149:4-795         -            264 12237at4891          -            312   1.3e-05   20.1   1.3   1   3       0.5        26   -0.6   0.1   208   229    28    49    20    67 0.76 -
144149:4-795         -            264 12237at4891          -            312   1.3e-05   20.1   1.3   2   3      0.12       6.1    1.5   0.0   152   167   132   147   126   152 0.87 -
144149:4-795         -            264 12237at4891          -            312   1.3e-05   20.1   1.3   3   3   6.7e-06   0.00034   15.5   0.0    68   144   171   248   163   253 0.77 -
142803:50-655        -            202 12237at4891          -            312   1.4e-05   20.1   1.1   1   2   6.2e-06   0.00032   15.6   0.1    76   179     6   122     1   128 0.76 -
142803:50-655        -            202 12237at4891          -            312   1.4e-05   20.1   1.1   2   2     0.035       1.8    3.2   0.1    67   123   142   201   139   202 0.77 -
145365:0-995         -            332 12237at4891          -            312     8e-05   17.5   0.9   1   3       0.2        10    0.7   0.1   217   231    78    92    57    96 0.56 -
145365:0-995         -            332 12237at4891          -            312     8e-05   17.5   0.9   2   3      0.14       7.2    1.2   0.0    85   124   149   190   142   245 0.60 -
145365:0-995         -            332 12237at4891          -            312     8e-05   17.5   0.9   3   3   6.4e-05    0.0032   12.2   0.1    76   164   229   326   218   331 0.63 -
144947:219-944       -            242 12237at4891          -            312     0.002   12.9   0.0   1   2     0.014      0.73    4.5   0.0    99   123   132   156    92   159 0.85 -
144947:219-944       -            242 12237at4891          -            312     0.002   12.9   0.0   2   2    0.0041      0.21    6.3   0.0    69   114   195   241   163   242 0.81 -
#
# Program:         hmmsearch
# Version:         3.1b2 (February 2015)
# Pipeline mode:   SEARCH
# Query file:      /home/jj/Desktop/Bioinformatics/3rd_year/1term/Computational_genomics/Seminars/exercise_04/busco_downloads/lineages/saccharomycetes_odb10/hmms/12237at4891.hmm
# Target file:     /home/jj/Desktop/Bioinformatics/3rd_year/1term/Computational_genomics/Seminars/exercise_04/./busco/SRR7548448/SRR7548448_k63_contigs/run_saccharomycetes_odb10/metaeuk_output/initial_results/SRR7548448_k63_graph.contig.fa.modified.fas
# Option settings: hmmsearch --domtblout /home/jj/Desktop/Bioinformatics/3rd_year/1term/Computational_genomics/Seminars/exercise_04/./busco/SRR7548448/SRR7548448_k63_contigs/run_saccharomycetes_odb10/hmmer_output/initial_run_results/12237at4891.out --cpu 1 /home/jj/Desktop/Bioinformatics/3rd_year/1term/Computational_genomics/Seminars/exercise_04/busco_downloads/lineages/saccharomycetes_odb10/hmms/12237at4891.hmm /home/jj/Desktop/Bioinformatics/3rd_year/1term/Computational_genomics/Seminars/exercise_04/./busco/SRR7548448/SRR7548448_k63_contigs/run_saccharomycetes_odb10/metaeuk_output/initial_results/SRR7548448_k63_graph.contig.fa.modified.fas 
# Current dir:     /home/jj/Desktop/Bioinformatics/3rd_year/1term/Computational_genomics/Seminars/exercise_04
# Date:            Tue Nov  5 18:47:37 2024
# [ok]
