#                                                                            --- full sequence --- -------------- this domain -------------   hmm coord   ali coord   env coord
# target name        accession   tlen query name           accession   qlen   E-value  score  bias   #  of  c-Evalue  i-Evalue  score  bias  from    to  from    to  from    to  acc description of target
#------------------- ---------- ----- -------------------- ---------- ----- --------- ------ ----- --- --- --------- --------- ------ ----- ----- ----- ----- ----- ----- ----- ---- ---------------------
143253:125-688       -            188 12680at4891          -            242   4.6e-59  195.2   0.0   1   1   1.4e-60   5.5e-59  194.9   0.0     5   158    12   185     2   188 0.88 -
145301:241-942       -            234 12680at4891          -            242   8.8e-23   76.4   2.7   1   5   1.1e-05   0.00043   15.2   0.0    98   223    11    40     2    44 0.60 -
145301:241-942       -            234 12680at4891          -            242   8.8e-23   76.4   2.7   2   5   2.4e-05   0.00095   14.1   0.2    85   121    40    77    35    83 0.86 -
145301:241-942       -            234 12680at4891          -            242   8.8e-23   76.4   2.7   3   5   2.2e-06   8.8e-05   17.4   0.0    87   124    84   122    79   129 0.87 -
145301:241-942       -            234 12680at4891          -            242   8.8e-23   76.4   2.7   4   5   0.00065     0.026    9.4   0.0   195   219   138   162   127   168 0.72 -
145301:241-942       -            234 12680at4891          -            242   8.8e-23   76.4   2.7   5   5   2.4e-06   9.4e-05   17.3   0.0    87   127   168   210   162   214 0.82 -
145821:44-862        -            273 12680at4891          -            242   1.1e-18   63.0   8.8   1   6   0.00033     0.013   10.3   0.0    76   127     8    58     3    61 0.84 -
145821:44-862        -            273 12680at4891          -            242   1.1e-18   63.0   8.8   2   6   3.3e-05    0.0013   13.6   0.3    87   128    59    99    54   101 0.79 -
145821:44-862        -            273 12680at4891          -            242   1.1e-18   63.0   8.8   3   6   6.9e-08   2.7e-06   22.4   0.1    91   128   102   140    99   143 0.86 -
145821:44-862        -            273 12680at4891          -            242   1.1e-18   63.0   8.8   4   6     0.006      0.24    6.2   0.0    82   116   135   169   134   171 0.88 -
145821:44-862        -            273 12680at4891          -            242   1.1e-18   63.0   8.8   5   6    0.0024     0.093    7.5   0.0   108   128   208   229   195   233 0.76 -
145821:44-862        -            273 12680at4891          -            242   1.1e-18   63.0   8.8   6   6   3.5e-05    0.0014   13.5   0.1    76   129   218   270   217   273 0.86 -
145769:0-1415        -            472 12680at4891          -            242   1.7e-15   52.5   5.8   1   7     0.098       3.9    2.2   0.0   187   220    11    43     6    63 0.70 -
145769:0-1415        -            472 12680at4891          -            242   1.7e-15   52.5   5.8   2   7     0.053       2.1    3.1   0.0   133   206    71   112    59   138 0.54 -
145769:0-1415        -            472 12680at4891          -            242   1.7e-15   52.5   5.8   3   7     0.002     0.078    7.8   0.1   190   221   146   177   115   192 0.73 -
145769:0-1415        -            472 12680at4891          -            242   1.7e-15   52.5   5.8   4   7     0.001     0.039    8.8   0.3    19    71   148   207   138   212 0.63 -
145769:0-1415        -            472 12680at4891          -            242   1.7e-15   52.5   5.8   5   7      0.19       7.6    1.3   0.1    90   122   187   220   179   225 0.68 -
145769:0-1415        -            472 12680at4891          -            242   1.7e-15   52.5   5.8   6   7   2.3e-05    0.0009   14.1   0.0   182   221   334   376   257   382 0.75 -
145769:0-1415        -            472 12680at4891          -            242   1.7e-15   52.5   5.8   7   7   3.4e-07   1.3e-05   20.1   0.0    90   145   383   448   377   462 0.74 -
142977:2-622         -            207 12680at4891          -            242     2e-15   52.3   0.1   1   4   5.8e-05    0.0023   12.8   0.0    90   123     7    41     4    48 0.89 -
142977:2-622         -            207 12680at4891          -            242     2e-15   52.3   0.1   2   4   1.1e-05   0.00045   15.1   0.0    90   132    50    94    47   100 0.86 -
142977:2-622         -            207 12680at4891          -            242     2e-15   52.3   0.1   3   4   0.00025    0.0099   10.7   0.0    95   131    99   138    93   139 0.71 -
142977:2-622         -            207 12680at4891          -            242     2e-15   52.3   0.1   4   4   0.00048     0.019    9.8   0.0    91   138   139   187   136   193 0.89 -
140077:5-511         -            169 12680at4891          -            242   2.7e-15   51.9   0.3   1   3   0.00042     0.016   10.0   0.0    94   128     6    40     2    44 0.90 -
140077:5-511         -            169 12680at4891          -            242   2.7e-15   51.9   0.3   2   3     1e-07   3.9e-06   21.9   0.1    90   126    45    82    41    86 0.86 -
140077:5-511         -            169 12680at4891          -            242   2.7e-15   51.9   0.3   3   3   6.6e-06   0.00026   15.9   0.0    93   160    89   157    83   167 0.82 -
143663:94-729        -            212 12680at4891          -            242   3.3e-12   41.8   2.5   1   4   4.9e-06   0.00019   16.3   0.1    93   136     1    43     1    63 0.78 -
143663:94-729        -            212 12680at4891          -            242   3.3e-12   41.8   2.5   2   4     0.021      0.83    4.4   0.0   112   126    83    97    73   100 0.82 -
143663:94-729        -            212 12680at4891          -            242   3.3e-12   41.8   2.5   3   4   7.6e-08     3e-06   22.3   0.2    76   124    88   135    84   174 0.85 -
143663:94-729        -            212 12680at4891          -            242   3.3e-12   41.8   2.5   4   4      0.21       8.1    1.2   0.0    15    50   143   177   137   196 0.56 -
143313:118-603       -            162 12680at4891          -            242   1.4e-11   39.7   3.3   1   3     0.021      0.83    4.4   0.0    91   123    15    49    10    57 0.83 -
143313:118-603       -            162 12680at4891          -            242   1.4e-11   39.7   3.3   2   3   2.8e-06   0.00011   17.1   0.1    87   124    59    97    51   102 0.90 -
143313:118-603       -            162 12680at4891          -            242   1.4e-11   39.7   3.3   3   3   1.2e-06   4.9e-05   18.3   0.2    90   130   104   144    97   161 0.80 -
143819:146-751       -            202 12680at4891          -            242   6.4e-09   31.0   0.8   1   4     0.014      0.54    5.0   0.0    91   120     7    37     4    48 0.65 -
143819:146-751       -            202 12680at4891          -            242   6.4e-09   31.0   0.8   2   4    0.0001     0.004   12.0   0.1    91   129    49    88    43    92 0.72 -
143819:146-751       -            202 12680at4891          -            242   6.4e-09   31.0   0.8   3   4      0.27        11    0.8   0.0   196   208    99   111    95   136 0.60 -
143819:146-751       -            202 12680at4891          -            242   6.4e-09   31.0   0.8   4   4    0.0012     0.046    8.5   0.0   190   221   153   184   143   191 0.78 -
144137:68-793        -            242 12680at4891          -            242   6.9e-09   30.9   6.1   1   4      0.52        20   -0.1   0.0   197   221    85   109    71   116 0.73 -
144137:68-793        -            242 12680at4891          -            242   6.9e-09   30.9   6.1   2   4    0.0011     0.042    8.6   0.3    90   123   116   150   106   159 0.75 -
144137:68-793        -            242 12680at4891          -            242   6.9e-09   30.9   6.1   3   4    0.0018     0.073    7.9   0.2    92   125   160   194   158   201 0.84 -
144137:68-793        -            242 12680at4891          -            242   6.9e-09   30.9   6.1   4   4   9.2e-06   0.00036   15.4   0.0    88   130   198   241   191   242 0.90 -
144489:26-847        -            274 12680at4891          -            242   1.3e-08   30.0   0.5   1   2   4.4e-05    0.0017   13.2   0.6    68   130     9    77     4    86 0.73 -
144489:26-847        -            274 12680at4891          -            242   1.3e-08   30.0   0.5   2   2   9.7e-05    0.0038   12.1   0.0    87   125   139   179   119   187 0.79 -
145543:202-1035      -            278 12680at4891          -            242   2.8e-07   25.6   0.7   1   4      0.16       6.3    1.5   0.0   196   221     4    29     2    38 0.88 -
145543:202-1035      -            278 12680at4891          -            242   2.8e-07   25.6   0.7   2   4    0.0003     0.012   10.5   0.0   194   220    64    90    56    97 0.87 -
145543:202-1035      -            278 12680at4891          -            242   2.8e-07   25.6   0.7   3   4      0.31        12    0.6   0.1    93   121   117   146   112   152 0.61 -
145543:202-1035      -            278 12680at4891          -            242   2.8e-07   25.6   0.7   4   4    0.0022     0.087    7.6   0.1    87   119   153   186   148   196 0.70 -
145907:182-1561      -            460 12680at4891          -            242   8.3e-07   24.1   0.3   1   5     0.097       3.8    2.3   0.0   103   124    25    46     4    52 0.73 -
145907:182-1561      -            460 12680at4891          -            242   8.3e-07   24.1   0.3   2   5    0.0072      0.28    6.0   0.0    85   129    62   107    56   119 0.80 -
145907:182-1561      -            460 12680at4891          -            242   8.3e-07   24.1   0.3   3   5      0.28        11    0.7   0.0   101   122   152   174   143   183 0.53 -
145907:182-1561      -            460 12680at4891          -            242   8.3e-07   24.1   0.3   4   5     0.031       1.2    3.9   0.0    21    46   191   216   184   223 0.82 -
145907:182-1561      -            460 12680at4891          -            242   8.3e-07   24.1   0.3   5   5     0.032       1.3    3.8   0.0   139   184   343   394   334   410 0.75 -
144353:2-823         -            274 12680at4891          -            242   1.6e-06   23.2   0.1   1   4   2.5e-05   0.00099   14.0   0.0    77   124     2    50     1    57 0.85 -
144353:2-823         -            274 12680at4891          -            242   1.6e-06   23.2   0.1   2   4      0.05         2    3.2   0.0   100   128   135   164   126   168 0.71 -
144353:2-823         -            274 12680at4891          -            242   1.6e-06   23.2   0.1   3   4      0.28        11    0.7   0.0   195   220   180   205   177   220 0.88 -
144353:2-823         -            274 12680at4891          -            242   1.6e-06   23.2   0.1   4   4      0.79        31   -0.7   0.0    97   123   223   249   216   259 0.70 -
144149:4-795         -            264 12680at4891          -            242   8.9e-06   20.7   0.6   1   2   0.00034     0.013   10.3   0.1    92   125   113   147   108   153 0.87 -
144149:4-795         -            264 12680at4891          -            242   8.9e-06   20.7   0.6   2   2     0.008      0.32    5.8   0.0    92   145   155   217   150   261 0.47 -
136257:22-312        -             97 12680at4891          -            242   1.3e-05   20.1   0.1   1   3    0.0068      0.27    6.0   0.0   109   133     2    26     1    32 0.83 -
136257:22-312        -             97 12680at4891          -            242   1.3e-05   20.1   0.1   2   3      0.07       2.7    2.7   0.0   196   223    32    59    27    63 0.84 -
136257:22-312        -             97 12680at4891          -            242   1.3e-05   20.1   0.1   3   3   0.00075     0.029    9.2   0.1    92   121    67    97    48    97 0.58 -
145365:0-995         -            332 12680at4891          -            242   2.2e-05   19.4   0.7   1   3     0.019      0.73    4.6   0.0    90   137    59   110    55   118 0.68 -
145365:0-995         -            332 12680at4891          -            242   2.2e-05   19.4   0.7   2   3      0.05         2    3.2   0.0    27    47   217   237   201   244 0.77 -
145365:0-995         -            332 12680at4891          -            242   2.2e-05   19.4   0.7   3   3    0.0012     0.045    8.6   0.1    86   129   241   288   237   299 0.66 -
145853:101-1837      -            579 12680at4891          -            242   4.9e-05   18.3   0.4   1   3     0.036       1.4    3.7   0.1     6    47   292   337   284   344 0.70 -
145853:101-1837      -            579 12680at4891          -            242   4.9e-05   18.3   0.4   2   3      0.01       0.4    5.5   0.0   196   222   356   382   347   387 0.85 -
145853:101-1837      -            579 12680at4891          -            242   4.9e-05   18.3   0.4   3   3     0.019      0.76    4.6   0.0   166   194   524   552   513   563 0.85 -
142803:50-655        -            202 12680at4891          -            242   0.00015   16.7   1.6   1   4      0.07       2.7    2.7   0.1   111   123     2    14     1    23 0.80 -
142803:50-655        -            202 12680at4891          -            242   0.00015   16.7   1.6   2   4      0.01       0.4    5.5   0.0    88   132    20    66    14    78 0.82 -
142803:50-655        -            202 12680at4891          -            242   0.00015   16.7   1.6   3   4    0.0073      0.29    5.9   0.0   167   218    81   105    69   117 0.60 -
142803:50-655        -            202 12680at4891          -            242   0.00015   16.7   1.6   4   4       1.5        59   -1.7   0.0   204   224   143   163   137   165 0.84 -
144541:1-852         -            284 12680at4891          -            242   0.00042   15.2  11.7   1   4      0.06       2.3    2.9   0.1    91   123    27    60    26    70 0.84 -
144541:1-852         -            284 12680at4891          -            242   0.00042   15.2  11.7   2   4     0.017      0.67    4.7   0.1    92   122    77   108    66   120 0.62 -
144541:1-852         -            284 12680at4891          -            242   0.00042   15.2  11.7   3   4   0.00062     0.024    9.5   0.6    89   121   120   153   111   165 0.86 -
144541:1-852         -            284 12680at4891          -            242   0.00042   15.2  11.7   4   4     0.029       1.1    4.0   0.2    90   121   165   199   157   212 0.81 -
144833:0-911         -            304 12680at4891          -            242   0.00058   14.8   0.4   1   2       2.7   1.1e+02   -2.5   0.0   202   221   202   221   194   228 0.81 -
144833:0-911         -            304 12680at4891          -            242   0.00058   14.8   0.4   2   2   3.6e-05    0.0014   13.5   0.3    92   130   259   299   255   303 0.75 -
145363:1-1098        -            366 12680at4891          -            242   0.00065   14.6   0.0   1   1   4.6e-05    0.0018   13.1   0.0    17    48   117   148   109   158 0.86 -
#
# Program:         hmmsearch
# Version:         3.1b2 (February 2015)
# Pipeline mode:   SEARCH
# Query file:      /home/jj/Desktop/Bioinformatics/3rd_year/1term/Computational_genomics/Seminars/exercise_04/busco_downloads/lineages/saccharomycetes_odb10/hmms/12680at4891.hmm
# Target file:     /home/jj/Desktop/Bioinformatics/3rd_year/1term/Computational_genomics/Seminars/exercise_04/./busco/SRR7548448/SRR7548448_k63_contigs/run_saccharomycetes_odb10/metaeuk_output/initial_results/SRR7548448_k63_graph.contig.fa.modified.fas
# Option settings: hmmsearch --domtblout /home/jj/Desktop/Bioinformatics/3rd_year/1term/Computational_genomics/Seminars/exercise_04/./busco/SRR7548448/SRR7548448_k63_contigs/run_saccharomycetes_odb10/hmmer_output/initial_run_results/12680at4891.out --cpu 1 /home/jj/Desktop/Bioinformatics/3rd_year/1term/Computational_genomics/Seminars/exercise_04/busco_downloads/lineages/saccharomycetes_odb10/hmms/12680at4891.hmm /home/jj/Desktop/Bioinformatics/3rd_year/1term/Computational_genomics/Seminars/exercise_04/./busco/SRR7548448/SRR7548448_k63_contigs/run_saccharomycetes_odb10/metaeuk_output/initial_results/SRR7548448_k63_graph.contig.fa.modified.fas 
# Current dir:     /home/jj/Desktop/Bioinformatics/3rd_year/1term/Computational_genomics/Seminars/exercise_04
# Date:            Tue Nov  5 18:47:38 2024
# [ok]
