#                                                                            --- full sequence --- -------------- this domain -------------   hmm coord   ali coord   env coord
# target name        accession   tlen query name           accession   qlen   E-value  score  bias   #  of  c-Evalue  i-Evalue  score  bias  from    to  from    to  from    to  acc description of target
#------------------- ---------- ----- -------------------- ---------- ----- --------- ------ ----- --- --- --------- --------- ------ ----- ----- ----- ----- ----- ----- ----- ---- ---------------------
140305:114-455       -            114 12794at4891          -            397   4.9e-13   44.6   1.8   1   2   4.5e-10   9.7e-08   27.1   0.6   191   227    24    60     9    64 0.93 -
140305:114-455       -            114 12794at4891          -            397   4.9e-13   44.6   1.8   2   2   5.1e-07   0.00011   17.1   0.0   197   236    65   104    61   110 0.92 -
145507:737-1156      -            140 12794at4891          -            397   1.7e-09   32.9   0.1   1   3    0.0016      0.34    5.6   0.0   197   219    10    32     6    35 0.90 -
145507:737-1156      -            140 12794at4891          -            397   1.7e-09   32.9   0.1   2   3   0.00052      0.11    7.1   0.0   190   224    37    71    32    74 0.93 -
145507:737-1156      -            140 12794at4891          -            397   1.7e-09   32.9   0.1   3   3   3.1e-07   6.7e-05   17.8   0.0   193   256    73   139    71   140 0.90 -
138705:2-463         -            154 12794at4891          -            397   1.5e-08   29.7   0.2   1   2    0.0048         1    4.0   0.1    84   107    15    38     3    47 0.69 -
138705:2-463         -            154 12794at4891          -            397   1.5e-08   29.7   0.2   2   2   1.1e-09   2.4e-07   25.8   0.2   168   235    32    97    16   115 0.76 -
141167:14-454        -            147 12794at4891          -            397   2.8e-08   28.9   0.0   1   2   0.00013     0.028    9.1   0.0   186   227    23    65     9    70 0.79 -
141167:14-454        -            147 12794at4891          -            397   2.8e-08   28.9   0.0   2   2   1.2e-07   2.6e-05   19.1   0.0   193   243    67   123    61   136 0.78 -
#
# Program:         hmmsearch
# Version:         3.1b2 (February 2015)
# Pipeline mode:   SEARCH
# Query file:      /home/jj/Desktop/Bioinformatics/3rd_year/1term/Computational_genomics/Seminars/exercise_04/busco_downloads/lineages/saccharomycetes_odb10/hmms/12794at4891.hmm
# Target file:     /home/jj/Desktop/Bioinformatics/3rd_year/1term/Computational_genomics/Seminars/exercise_04/./busco/SRR7548448/SRR7548448_k63_contigs/run_saccharomycetes_odb10/metaeuk_output/initial_results/SRR7548448_k63_graph.contig.fa.modified.fas
# Option settings: hmmsearch --domtblout /home/jj/Desktop/Bioinformatics/3rd_year/1term/Computational_genomics/Seminars/exercise_04/./busco/SRR7548448/SRR7548448_k63_contigs/run_saccharomycetes_odb10/hmmer_output/initial_run_results/12794at4891.out --cpu 1 /home/jj/Desktop/Bioinformatics/3rd_year/1term/Computational_genomics/Seminars/exercise_04/busco_downloads/lineages/saccharomycetes_odb10/hmms/12794at4891.hmm /home/jj/Desktop/Bioinformatics/3rd_year/1term/Computational_genomics/Seminars/exercise_04/./busco/SRR7548448/SRR7548448_k63_contigs/run_saccharomycetes_odb10/metaeuk_output/initial_results/SRR7548448_k63_graph.contig.fa.modified.fas 
# Current dir:     /home/jj/Desktop/Bioinformatics/3rd_year/1term/Computational_genomics/Seminars/exercise_04
# Date:            Tue Nov  5 18:47:38 2024
# [ok]
