#                                                                            --- full sequence --- -------------- this domain -------------   hmm coord   ali coord   env coord
# target name        accession   tlen query name           accession   qlen   E-value  score  bias   #  of  c-Evalue  i-Evalue  score  bias  from    to  from    to  from    to  acc description of target
#------------------- ---------- ----- -------------------- ---------- ----- --------- ------ ----- --- --- --------- --------- ------ ----- ----- ----- ----- ----- ----- ----- ---- ---------------------
145769:0-1415        -            472 12947at4891          -            308   4.1e-13   45.0   3.3   1   3       2.4   1.5e+02   -2.8   0.0    56    56    86    86    46   116 0.51 -
145769:0-1415        -            472 12947at4891          -            308   4.1e-13   45.0   3.3   2   3   0.00048      0.03    9.3   0.5    55    87   142   179   136   222 0.82 -
145769:0-1415        -            472 12947at4891          -            308   4.1e-13   45.0   3.3   3   3   7.6e-10   4.7e-08   28.4   0.1    27   214   262   470   250   472 0.74 -
142803:50-655        -            202 12947at4891          -            308   8.8e-08   27.5   0.4   1   3   6.4e-05    0.0039   12.2   0.2   196   246     5    58     1    68 0.80 -
142803:50-655        -            202 12947at4891          -            308   8.8e-08   27.5   0.4   2   3     0.016      0.97    4.3   0.0    30    55    82   107    72   132 0.77 -
142803:50-655        -            202 12947at4891          -            308   8.8e-08   27.5   0.4   3   3    0.0053      0.33    5.9   0.0   190   216   146   170   135   195 0.84 -
145301:241-942       -            234 12947at4891          -            308   1.3e-07   26.9   1.0   1   2     0.006      0.37    5.7   0.0    67    88    20    41     4    62 0.72 -
145301:241-942       -            234 12947at4891          -            308   1.3e-07   26.9   1.0   2   2   1.1e-06   6.5e-05   18.0   0.2    32   159    56   206    48   211 0.68 -
142977:2-622         -            207 12947at4891          -            308   6.8e-07   24.5   1.6   1   2    0.0013     0.083    7.8   0.1    62    92    19    49     3    63 0.75 -
142977:2-622         -            207 12947at4891          -            308   6.8e-07   24.5   1.6   2   2   5.1e-06   0.00032   15.8   0.2    68   130   114   181    54   193 0.83 -
145543:202-1035      -            278 12947at4891          -            308   9.4e-07   24.1   0.1   1   3     0.016         1    4.3   0.0    31    57     4    30     2    43 0.84 -
145543:202-1035      -            278 12947at4891          -            308   9.4e-07   24.1   0.1   2   3   3.8e-05    0.0024   12.9   0.0    24    56    59    91    45    97 0.86 -
145543:202-1035      -            278 12947at4891          -            308   9.4e-07   24.1   0.1   3   3     0.036       2.3    3.1   0.1    57   123   116   192   108   208 0.64 -
143663:94-729        -            212 12947at4891          -            308   1.4e-06   23.5   0.6   1   3    0.0064      0.39    5.6   0.0    58    89     1    35     1    63 0.74 -
143663:94-729        -            212 12947at4891          -            308   1.4e-06   23.5   0.6   2   3   1.3e-05   0.00077   14.5   0.1    39    96    78   146    58   183 0.71 -
143663:94-729        -            212 12947at4891          -            308   1.4e-06   23.5   0.6   3   3      0.23        14    0.5   0.1    25    51   184   211   168   212 0.59 -
144489:26-847        -            274 12947at4891          -            308   0.00013   17.1   0.5   1   2    0.0013     0.078    7.9   0.2    69   123    11    72     5    81 0.65 -
144489:26-847        -            274 12947at4891          -            308   0.00013   17.1   0.5   2   2    0.0027      0.17    6.8   0.0    57    87   144   180   115   187 0.79 -
145821:44-862        -            273 12947at4891          -            308   0.00013   17.0   7.1   1   3      0.13       7.9    1.3   0.0   196   243     5    52     1    62 0.71 -
145821:44-862        -            273 12947at4891          -            308   0.00013   17.0   7.1   2   3    0.0039      0.24    6.3   1.1    56   129    66   143    56   156 0.62 -
145821:44-862        -            273 12947at4891          -            308   0.00013   17.0   7.1   3   3   0.00068     0.042    8.8   0.1    69   121   209   264   204   271 0.63 -
143819:146-751       -            202 12947at4891          -            308   0.00015   16.9   4.0   1   2    0.0013     0.078    7.9   1.0    58    86    56    84    12   152 0.70 -
143819:146-751       -            202 12947at4891          -            308   0.00015   16.9   4.0   2   2    0.0005     0.031    9.3   0.1    27    64   155   191   137   200 0.79 -
144137:68-793        -            242 12947at4891          -            308   0.00018   16.6   4.1   1   2   4.5e-05    0.0028   12.7   0.7    27    84   122   192    97   200 0.59 -
144137:68-793        -            242 12947at4891          -            308   0.00018   16.6   4.1   2   2    0.0099      0.61    5.0   0.1    56    83   201   233   197   240 0.80 -
144947:219-944       -            242 12947at4891          -            308   0.00078   14.5   0.2   1   2       2.5   1.6e+02   -2.9   0.0    40    55     9    24     6    32 0.75 -
144947:219-944       -            242 12947at4891          -            308   0.00078   14.5   0.2   2   2    0.0012     0.075    8.0   0.4    30    55    88   113    78   234 0.82 -
140077:5-511         -            169 12947at4891          -            308    0.0014   13.6   0.3   1   2      0.35        22   -0.1   0.0   128   159     4    35     1    40 0.86 -
140077:5-511         -            169 12947at4891          -            308    0.0014   13.6   0.3   2   2   0.00032      0.02    9.9   0.0    62   120    52   119    42   155 0.62 -
144149:4-795         -            264 12947at4891          -            308    0.0042   12.1   0.8   1   2       0.2        13    0.7   0.1    58    87   114   148   100   154 0.75 -
144149:4-795         -            264 12947at4891          -            308    0.0042   12.1   0.8   2   2   0.00095     0.058    8.3   0.0   200   245   182   229   161   234 0.79 -
145907:182-1561      -            460 12947at4891          -            308     0.006   11.6   0.0   1   5         2   1.3e+02   -2.6   0.0    69    86    30    47    22    51 0.83 -
145907:182-1561      -            460 12947at4891          -            308     0.006   11.6   0.0   2   5    0.0025      0.15    7.0   0.0    28    55    74   101    62   114 0.81 -
145907:182-1561      -            460 12947at4891          -            308     0.006   11.6   0.0   3   5       1.6        99   -2.3   0.0   129   158   144   174   140   179 0.76 -
145907:182-1561      -            460 12947at4891          -            308     0.006   11.6   0.0   4   5      0.65        40   -1.0   0.0    55    82   183   215   172   220 0.83 -
145907:182-1561      -            460 12947at4891          -            308     0.006   11.6   0.0   5   5       1.1        70   -1.8   0.0    57    92   371   411   349   417 0.72 -
#
# Program:         hmmsearch
# Version:         3.1b2 (February 2015)
# Pipeline mode:   SEARCH
# Query file:      /home/jj/Desktop/Bioinformatics/3rd_year/1term/Computational_genomics/Seminars/exercise_04/busco_downloads/lineages/saccharomycetes_odb10/hmms/12947at4891.hmm
# Target file:     /home/jj/Desktop/Bioinformatics/3rd_year/1term/Computational_genomics/Seminars/exercise_04/./busco/SRR7548448/SRR7548448_k63_contigs/run_saccharomycetes_odb10/metaeuk_output/initial_results/SRR7548448_k63_graph.contig.fa.modified.fas
# Option settings: hmmsearch --domtblout /home/jj/Desktop/Bioinformatics/3rd_year/1term/Computational_genomics/Seminars/exercise_04/./busco/SRR7548448/SRR7548448_k63_contigs/run_saccharomycetes_odb10/hmmer_output/initial_run_results/12947at4891.out --cpu 1 /home/jj/Desktop/Bioinformatics/3rd_year/1term/Computational_genomics/Seminars/exercise_04/busco_downloads/lineages/saccharomycetes_odb10/hmms/12947at4891.hmm /home/jj/Desktop/Bioinformatics/3rd_year/1term/Computational_genomics/Seminars/exercise_04/./busco/SRR7548448/SRR7548448_k63_contigs/run_saccharomycetes_odb10/metaeuk_output/initial_results/SRR7548448_k63_graph.contig.fa.modified.fas 
# Current dir:     /home/jj/Desktop/Bioinformatics/3rd_year/1term/Computational_genomics/Seminars/exercise_04
# Date:            Tue Nov  5 18:47:38 2024
# [ok]
