#                                                                            --- full sequence --- -------------- this domain -------------   hmm coord   ali coord   env coord
# target name        accession   tlen query name           accession   qlen   E-value  score  bias   #  of  c-Evalue  i-Evalue  score  bias  from    to  from    to  from    to  acc description of target
#------------------- ---------- ----- -------------------- ---------- ----- --------- ------ ----- --- --- --------- --------- ------ ----- ----- ----- ----- ----- ----- ----- ---- ---------------------
144797:1-714         -            238 1341at4891           -            616   5.3e-21   70.1   0.0   1   1   2.9e-22   7.6e-21   69.6   0.0   339   500    27   201    15   229 0.77 -
145155:2-835         -            278 1341at4891           -            616   7.1e-19   63.1   0.0   1   1   3.2e-20   8.5e-19   62.9   0.0   285   490    49   277    36   278 0.74 -
144839:7-642         -            212 1341at4891           -            616   1.6e-18   62.0   0.0   1   1   8.1e-20   2.1e-18   61.6   0.0   308   494     5   202     2   211 0.72 -
144977:40-684        -            215 1341at4891           -            616   1.3e-16   55.6   0.1   1   2   5.4e-09   1.4e-07   25.8   0.0   338   374    31    67     2    70 0.79 -
144977:40-684        -            215 1341at4891           -            616   1.3e-16   55.6   0.1   2   2   1.1e-09   2.9e-08   28.1   0.0   380   490    99   213    95   215 0.83 -
143305:7-633         -            209 1341at4891           -            616   1.7e-16   55.2   0.0   1   2   8.4e-15   2.2e-13   45.0   0.0   347   431     5   100     2   115 0.77 -
143305:7-633         -            209 1341at4891           -            616   1.7e-16   55.2   0.0   2   2    0.0011     0.028    8.3   0.0   465   492   170   197   164   202 0.90 -
137919:7-429         -            141 1341at4891           -            616   2.6e-16   54.6   0.0   1   1   1.1e-17   2.9e-16   54.5   0.0   357   490     1   141     1   141 0.78 -
144279:254-808       -            185 1341at4891           -            616   4.3e-16   53.9   0.0   1   2   2.7e-16     7e-15   49.9   0.0   345   432     3    91     1   106 0.86 -
144279:254-808       -            185 1341at4891           -            616   4.3e-16   53.9   0.0   2   2     0.076         2    2.2   0.0   465   491   157   183   149   185 0.92 -
140939:17-526        -            170 1341at4891           -            616   1.4e-15   52.3   0.0   1   1   3.6e-16   9.5e-15   49.5   0.0   341   479     2   169     1   170 0.65 -
137929:9-443         -            145 1341at4891           -            616   2.5e-15   51.4   0.0   1   1   1.1e-16   2.9e-15   51.2   0.0   336   458    10   133     5   139 0.76 -
143033:187-669       -            161 1341at4891           -            616   1.3e-14   49.1   0.2   1   1   5.4e-16   1.4e-14   48.9   0.2   263   411     2   161     1   161 0.79 -
142899:7-642         -            212 1341at4891           -            616   1.4e-14   48.9   0.0   1   1   7.2e-16   1.9e-14   48.5   0.0   348   435    42   130    33   139 0.87 -
145175:14-847        -            278 1341at4891           -            616   2.1e-14   48.4   0.0   1   1   1.1e-15   2.7e-14   48.0   0.0   294   444    45   221     4   278 0.61 -
139915:3-470         -            156 1341at4891           -            616   4.9e-14   47.1   0.0   1   1   2.4e-15   6.4e-14   46.8   0.0   347   442    29   140    18   153 0.73 -
138573:6-455         -            150 1341at4891           -            616   8.2e-14   46.4   0.0   1   1   3.7e-15   9.7e-14   46.2   0.0   348   486     4   150     2   150 0.73 -
139911:55-507        -            151 1341at4891           -            616   9.7e-14   46.2   0.0   1   1   3.9e-15     1e-13   46.1   0.0   350   447     2   109     1   150 0.73 -
138105:16-444        -            143 1341at4891           -            616   1.1e-13   45.9   0.0   1   1   4.5e-15   1.2e-13   45.9   0.0   281   387    25   143     1   143 0.74 -
143351:5-469         -            155 1341at4891           -            616   2.3e-13   44.9   0.2   1   1   9.1e-15   2.4e-13   44.9   0.2   307   385    64   153     5   155 0.82 -
144109:10-744        -            245 1341at4891           -            616   4.7e-13   43.9   0.0   1   1   2.5e-14   6.5e-13   43.4   0.0   341   429     9   110     3   120 0.76 -
141063:9-554         -            182 1341at4891           -            616   8.7e-13   43.0   0.0   1   1   3.4e-14     9e-13   43.0   0.0   347   434    83   169     8   180 0.85 -
143795:67-747        -            227 1341at4891           -            616   1.4e-12   42.3   0.0   1   2   5.1e-12   1.3e-10   35.8   0.0   346   396    29    81     1    94 0.74 -
143795:67-747        -            227 1341at4891           -            616   1.4e-12   42.3   0.0   2   2     0.014      0.38    4.6   0.0   403   490   116   216   101   224 0.58 -
139745:4-501         -            166 1341at4891           -            616   2.7e-11   38.1   0.1   1   2   3.1e-07   8.1e-06   20.0   0.0   353   388     4    42     1    65 0.78 -
139745:4-501         -            166 1341at4891           -            616   2.7e-11   38.1   0.1   2   2     4e-06   0.00011   16.3   0.0   397   431   126   163   115   165 0.82 -
143027:172-651       -            160 1341at4891           -            616   1.4e-10   35.7   0.1   1   1   6.1e-12   1.6e-10   35.5   0.1   291   388    46   153     2   159 0.71 -
138137:12-449        -            146 1341at4891           -            616   7.7e-10   33.3   0.0   1   1   3.5e-11   9.2e-10   33.0   0.0   350   413    84   145    75   146 0.76 -
144479:2-847         -            282 1341at4891           -            616   1.3e-09   32.5   0.0   1   2    0.0068      0.18    5.6   0.0   362   376    38    52    34    85 0.77 -
144479:2-847         -            282 1341at4891           -            616   1.3e-09   32.5   0.0   2   2   9.4e-09   2.5e-07   25.0   0.0   379   499    96   219    91   260 0.74 -
141463:27-569        -            181 1341at4891           -            616   3.6e-09   31.1   0.0   1   1   1.8e-10   4.7e-09   30.7   0.0   347   442    46   141    37   162 0.75 -
143975:1-396         -            132 1341at4891           -            616     6e-09   30.3   0.2   1   1   2.5e-10   6.5e-09   30.2   0.2   298   372    48   132     4   132 0.66 -
145735:713-1261      -            183 1341at4891           -            616   6.8e-09   30.1   0.0   1   1   3.5e-10   9.2e-09   29.7   0.0   341   408    23    92    13   108 0.83 -
139477:0-491         -            164 1341at4891           -            616   1.1e-08   29.5   0.1   1   2   1.3e-06   3.3e-05   18.0   0.0   380   437     2    65     1    98 0.79 -
139477:0-491         -            164 1341at4891           -            616   1.1e-08   29.5   0.1   2   2   0.00033    0.0087   10.0   0.0   465   491   130   156   119   161 0.89 -
136307:2-403         -            134 1341at4891           -            616   3.4e-08   27.8   0.1   1   1   1.5e-09   3.8e-08   27.7   0.1   264   375     1   128     1   133 0.58 -
141797:1-591         -            197 1341at4891           -            616   7.8e-08   26.7   0.0   1   1     4e-09   1.1e-07   26.2   0.0   346   490    38   196    23   197 0.69 -
143007:66-662        -            199 1341at4891           -            616   6.4e-07   23.6   0.0   1   1   2.5e-08   6.5e-07   23.6   0.0   344   391   100   152    59   199 0.70 -
142181:21-614        -            198 1341at4891           -            616   7.6e-07   23.4   0.2   1   1   3.6e-08   9.4e-07   23.1   0.2   286   385    38   162    31   198 0.67 -
144845:209-790       -            194 1341at4891           -            616   0.00062   13.8   0.0   1   1   3.3e-05   0.00087   13.3   0.0   348   385   146   190   135   193 0.75 -
#
# Program:         hmmsearch
# Version:         3.1b2 (February 2015)
# Pipeline mode:   SEARCH
# Query file:      /home/jj/Desktop/Bioinformatics/3rd_year/1term/Computational_genomics/Seminars/exercise_04/busco_downloads/lineages/saccharomycetes_odb10/hmms/1341at4891.hmm
# Target file:     /home/jj/Desktop/Bioinformatics/3rd_year/1term/Computational_genomics/Seminars/exercise_04/./busco/SRR7548448/SRR7548448_k63_contigs/run_saccharomycetes_odb10/metaeuk_output/initial_results/SRR7548448_k63_graph.contig.fa.modified.fas
# Option settings: hmmsearch --domtblout /home/jj/Desktop/Bioinformatics/3rd_year/1term/Computational_genomics/Seminars/exercise_04/./busco/SRR7548448/SRR7548448_k63_contigs/run_saccharomycetes_odb10/hmmer_output/initial_run_results/1341at4891.out --cpu 1 /home/jj/Desktop/Bioinformatics/3rd_year/1term/Computational_genomics/Seminars/exercise_04/busco_downloads/lineages/saccharomycetes_odb10/hmms/1341at4891.hmm /home/jj/Desktop/Bioinformatics/3rd_year/1term/Computational_genomics/Seminars/exercise_04/./busco/SRR7548448/SRR7548448_k63_contigs/run_saccharomycetes_odb10/metaeuk_output/initial_results/SRR7548448_k63_graph.contig.fa.modified.fas 
# Current dir:     /home/jj/Desktop/Bioinformatics/3rd_year/1term/Computational_genomics/Seminars/exercise_04
# Date:            Tue Nov  5 18:47:39 2024
# [ok]
