#                                                                            --- full sequence --- -------------- this domain -------------   hmm coord   ali coord   env coord
# target name        accession   tlen query name           accession   qlen   E-value  score  bias   #  of  c-Evalue  i-Evalue  score  bias  from    to  from    to  from    to  acc description of target
#------------------- ---------- ----- -------------------- ---------- ----- --------- ------ ----- --- --- --------- --------- ------ ----- ----- ----- ----- ----- ----- ----- ---- ---------------------
132471:0-341         -            114 13867at4891          -            327   1.2e-70  233.8   0.2   1   1   1.4e-72   1.3e-70  233.7   0.2   151   261     1   114     1   114 0.97 -
140201:39-518        -            160 13867at4891          -            327     2e-65  216.7   0.0   1   1   2.4e-67   2.3e-65  216.5   0.0    87   243     1   160     1   160 0.97 -
145219:1-639         -            213 13867at4891          -            327   2.6e-54  180.1   0.0   1   1     3e-56   2.9e-54  180.0   0.0    95   303     1   212     1   213 0.96 -
144757:0-659         -            220 13867at4891          -            327   1.3e-42  141.7   0.0   1   1   1.6e-44   1.5e-42  141.5   0.0    85   289     6   219     2   220 0.92 -
142381:156-611       -            152 13867at4891          -            327   6.8e-34  113.1   0.6   1   1   7.7e-36   7.4e-34  112.9   0.6   155   304     3   152     1   152 0.94 -
137839:5-403         -            133 13867at4891          -            327   2.9e-26   88.0   0.1   1   1   3.2e-28   3.1e-26   87.9   0.1   177   301     2   131     1   133 0.91 -
143129:1-615         -            205 13867at4891          -            327   4.9e-23   77.3   0.0   1   1   6.5e-25   6.2e-23   77.0   0.0   168   303     2   142     1   160 0.87 -
141755:252-584       -            111 13867at4891          -            327   5.7e-16   54.1   0.0   1   1   6.5e-18   6.2e-16   54.0   0.0   134   238     2   111     1   111 0.88 -
145413:151-1119      -            323 13867at4891          -            327   2.5e-15   52.0   0.0   1   1   3.7e-17   3.5e-15   51.5   0.0   224   323     2   101     1   105 0.96 -
#
# Program:         hmmsearch
# Version:         3.1b2 (February 2015)
# Pipeline mode:   SEARCH
# Query file:      /home/jj/Desktop/Bioinformatics/3rd_year/1term/Computational_genomics/Seminars/exercise_04/busco_downloads/lineages/saccharomycetes_odb10/hmms/13867at4891.hmm
# Target file:     /home/jj/Desktop/Bioinformatics/3rd_year/1term/Computational_genomics/Seminars/exercise_04/./busco/SRR7548448/SRR7548448_k63_contigs/run_saccharomycetes_odb10/metaeuk_output/initial_results/SRR7548448_k63_graph.contig.fa.modified.fas
# Option settings: hmmsearch --domtblout /home/jj/Desktop/Bioinformatics/3rd_year/1term/Computational_genomics/Seminars/exercise_04/./busco/SRR7548448/SRR7548448_k63_contigs/run_saccharomycetes_odb10/hmmer_output/initial_run_results/13867at4891.out --cpu 1 /home/jj/Desktop/Bioinformatics/3rd_year/1term/Computational_genomics/Seminars/exercise_04/busco_downloads/lineages/saccharomycetes_odb10/hmms/13867at4891.hmm /home/jj/Desktop/Bioinformatics/3rd_year/1term/Computational_genomics/Seminars/exercise_04/./busco/SRR7548448/SRR7548448_k63_contigs/run_saccharomycetes_odb10/metaeuk_output/initial_results/SRR7548448_k63_graph.contig.fa.modified.fas 
# Current dir:     /home/jj/Desktop/Bioinformatics/3rd_year/1term/Computational_genomics/Seminars/exercise_04
# Date:            Tue Nov  5 18:47:40 2024
# [ok]
