#                                                                            --- full sequence --- -------------- this domain -------------   hmm coord   ali coord   env coord
# target name        accession   tlen query name           accession   qlen   E-value  score  bias   #  of  c-Evalue  i-Evalue  score  bias  from    to  from    to  from    to  acc description of target
#------------------- ---------- ----- -------------------- ---------- ----- --------- ------ ----- --- --- --------- --------- ------ ----- ----- ----- ----- ----- ----- ----- ---- ---------------------
139177:59-481        -            141 14055at4891          -            265   1.1e-38  128.8   0.2   1   1   1.2e-40     2e-38  128.0   0.2   132   227     1   100     1   135 0.78 -
142789:24-650        -            209 14055at4891          -            265   6.6e-34  113.2   1.2   1   1   2.7e-34   4.7e-32  107.1   1.2     2   163     4   190     3   208 0.77 -
144465:0-698         -            233 14055at4891          -            265   3.3e-30  101.1   1.6   1   2   2.2e-31   3.9e-29   97.6   0.2   107   209     9   115     2   129 0.88 -
144465:0-698         -            233 14055at4891          -            265   3.3e-30  101.1   1.6   2   2     0.016       2.8    3.0   0.1   182   256   142   218   139   227 0.77 -
145219:1-639         -            213 14055at4891          -            265    0.0018   13.4   0.1   1   2   2.2e-05    0.0038   12.3   0.1    36    61    26    51    18    62 0.83 -
145219:1-639         -            213 14055at4891          -            265    0.0018   13.4   0.1   2   2       1.3   2.3e+02   -3.3   0.0   110   121    85    96    76   102 0.79 -
144211:0-731         -            244 14055at4891          -            265    0.0023   13.0   0.0   1   2   0.00011      0.02   10.0   0.0    17    59    80   122    74   138 0.86 -
144211:0-731         -            244 14055at4891          -            265    0.0023   13.0   0.0   2   2     0.086        15    0.6   0.0   127   158   200   231   187   240 0.66 -
#
# Program:         hmmsearch
# Version:         3.1b2 (February 2015)
# Pipeline mode:   SEARCH
# Query file:      /home/jj/Desktop/Bioinformatics/3rd_year/1term/Computational_genomics/Seminars/exercise_04/busco_downloads/lineages/saccharomycetes_odb10/hmms/14055at4891.hmm
# Target file:     /home/jj/Desktop/Bioinformatics/3rd_year/1term/Computational_genomics/Seminars/exercise_04/./busco/SRR7548448/SRR7548448_k63_contigs/run_saccharomycetes_odb10/metaeuk_output/initial_results/SRR7548448_k63_graph.contig.fa.modified.fas
# Option settings: hmmsearch --domtblout /home/jj/Desktop/Bioinformatics/3rd_year/1term/Computational_genomics/Seminars/exercise_04/./busco/SRR7548448/SRR7548448_k63_contigs/run_saccharomycetes_odb10/hmmer_output/initial_run_results/14055at4891.out --cpu 1 /home/jj/Desktop/Bioinformatics/3rd_year/1term/Computational_genomics/Seminars/exercise_04/busco_downloads/lineages/saccharomycetes_odb10/hmms/14055at4891.hmm /home/jj/Desktop/Bioinformatics/3rd_year/1term/Computational_genomics/Seminars/exercise_04/./busco/SRR7548448/SRR7548448_k63_contigs/run_saccharomycetes_odb10/metaeuk_output/initial_results/SRR7548448_k63_graph.contig.fa.modified.fas 
# Current dir:     /home/jj/Desktop/Bioinformatics/3rd_year/1term/Computational_genomics/Seminars/exercise_04
# Date:            Tue Nov  5 18:47:40 2024
# [ok]
