#                                                                            --- full sequence --- -------------- this domain -------------   hmm coord   ali coord   env coord
# target name        accession   tlen query name           accession   qlen   E-value  score  bias   #  of  c-Evalue  i-Evalue  score  bias  from    to  from    to  from    to  acc description of target
#------------------- ---------- ----- -------------------- ---------- ----- --------- ------ ----- --- --- --------- --------- ------ ----- ----- ----- ----- ----- ----- ----- ---- ---------------------
144541:1-852         -            284 14374at4891          -            263   5.6e-23   77.4   9.3   1   3   6.5e-07   2.7e-05   19.4   0.3    26    87     1    62     1    74 0.83 -
144541:1-852         -            284 14374at4891          -            263   5.6e-23   77.4   9.3   2   3   3.7e-17   1.5e-15   53.0   2.2     4   132    74   202    71   211 0.89 -
144541:1-852         -            284 14374at4891          -            263   5.6e-23   77.4   9.3   3   3   5.4e-06   0.00022   16.4   0.1    71   133   187   253   186   275 0.83 -
145769:0-1415        -            472 14374at4891          -            263   1.9e-15   52.7   1.0   1   3      0.09       3.7    2.6   0.0   202   248    37    83    32    99 0.79 -
145769:0-1415        -            472 14374at4891          -            263   1.9e-15   52.7   1.0   2   3   1.3e-06   5.2e-05   18.5   0.2    51   236   144   318   136   337 0.76 -
145769:0-1415        -            472 14374at4891          -            263   1.9e-15   52.7   1.0   3   3   2.4e-09   9.9e-08   27.4   0.0     6    92   342   424   339   438 0.87 -
145301:241-942       -            234 14374at4891          -            263   5.3e-14   48.0   0.5   1   2   5.7e-07   2.4e-05   19.6   0.1     8    83     6    77     2    84 0.53 -
145301:241-942       -            234 14374at4891          -            263   5.3e-14   48.0   0.5   2   2   1.8e-08   7.3e-07   24.6   0.0     6   131    88   206    83   213 0.83 -
144149:4-795         -            264 14374at4891          -            263   2.8e-13   45.6   0.0   1   2     0.013      0.52    5.4   0.0    24    86    40   100    28   110 0.80 -
144149:4-795         -            264 14374at4891          -            263   2.8e-13   45.6   0.0   2   2   1.2e-12     5e-11   38.2   0.0     6   135   112   233   108   263 0.87 -
145821:44-862        -            273 14374at4891          -            263   3.9e-13   45.1   3.8   1   3      0.15       6.1    1.9   0.0    73   104     2    33     1    35 0.89 -
145821:44-862        -            273 14374at4891          -            263   3.9e-13   45.1   3.8   2   3   2.3e-10   9.7e-09   30.7   1.9     6   137    23   141    18   147 0.81 -
145821:44-862        -            273 14374at4891          -            263   3.9e-13   45.1   3.8   3   3   0.00053     0.022    9.9   0.0    20    89   205   268   192   272 0.74 -
142977:2-622         -            207 14374at4891          -            263   2.4e-12   42.6   0.2   1   2   4.2e-08   1.7e-06   23.3   0.0     7    84     9    84     5   104 0.86 -
142977:2-622         -            207 14374at4891          -            263   2.4e-12   42.6   0.2   2   2     2e-06   8.3e-05   17.8   0.1    23    89   114   176    91   190 0.75 -
144137:68-793        -            242 14374at4891          -            263   8.4e-12   40.8   4.0   1   2   0.00023    0.0096   11.1   0.3    39    84   106   149    76   153 0.69 -
144137:68-793        -            242 14374at4891          -            263   8.4e-12   40.8   4.0   2   2   2.7e-10   1.1e-08   30.5   0.3     2    88   155   237   154   242 0.89 -
144489:26-847        -            274 14374at4891          -            263   3.2e-10   35.6   0.1   1   4   7.6e-07   3.1e-05   19.2   0.1    68   132     9    71     2    82 0.83 -
144489:26-847        -            274 14374at4891          -            263   3.2e-10   35.6   0.1   2   4   0.00025      0.01   10.9   0.0   188   251    50   112    48   118 0.84 -
144489:26-847        -            274 14374at4891          -            263   3.2e-10   35.6   0.1   3   4    0.0027      0.11    7.6   0.0    25    86   118   178   100   186 0.60 -
144489:26-847        -            274 14374at4891          -            263   3.2e-10   35.6   0.1   4   4     0.033       1.3    4.0   0.0   157   194   228   265   220   274 0.77 -
145543:202-1035      -            278 14374at4891          -            263   3.2e-10   35.5   2.6   1   3     0.028       1.2    4.2   0.0   229   249     7    27     1    40 0.61 -
145543:202-1035      -            278 14374at4891          -            263   3.2e-10   35.5   2.6   2   3   5.9e-06   0.00024   16.3   0.2     8    92    59   155    52   158 0.70 -
145543:202-1035      -            278 14374at4891          -            263   3.2e-10   35.5   2.6   3   3   0.00018    0.0076   11.4   0.1     7    40   158   191   153   199 0.89 -
145907:182-1561      -            460 14374at4891          -            263   4.1e-10   35.2   0.8   1   3     0.023      0.96    4.5   0.0   229   253    24    48     7    56 0.74 -
145907:182-1561      -            460 14374at4891          -            263   4.1e-10   35.2   0.8   2   3   1.9e-07   7.7e-06   21.2   0.0   215   253    64   104    50   112 0.76 -
145907:182-1561      -            460 14374at4891          -            263   4.1e-10   35.2   0.8   3   3     0.007      0.29    6.2   0.0   192   240   159   208   143   229 0.77 -
140077:5-511         -            169 14374at4891          -            263   6.3e-09   31.3   0.1   1   2   8.1e-09   3.3e-07   25.7   0.0    22   132    18   121     2   123 0.84 -
140077:5-511         -            169 14374at4891          -            263   6.3e-09   31.3   0.1   2   2   0.00042     0.017   10.2   0.0   192   249   105   162    86   168 0.77 -
142803:50-655        -            202 14374at4891          -            263   7.7e-09   31.0   0.1   1   1   2.8e-10   1.2e-08   30.5   0.1    26   142     1   118     1   155 0.85 -
143819:146-751       -            202 14374at4891          -            263   1.9e-07   26.4   0.8   1   2   1.2e-06     5e-05   18.6   0.0     5   130     6   127     1   140 0.78 -
143819:146-751       -            202 14374at4891          -            263   1.9e-07   26.4   0.8   2   2   4.8e-05     0.002   13.3   0.1     7   120    50   159    46   188 0.75 -
143663:94-729        -            212 14374at4891          -            263   2.1e-07   26.3   0.3   1   3     0.051       2.1    3.4   0.0    69    92    14    37     8    56 0.86 -
143663:94-729        -            212 14374at4891          -            263   2.1e-07   26.3   0.3   2   3      0.01      0.42    5.7   0.0   191   210    77    96    42   103 0.73 -
143663:94-729        -            212 14374at4891          -            263   2.1e-07   26.3   0.3   3   3   2.7e-05    0.0011   14.1   0.1     6    99   103   188    98   201 0.78 -
143313:118-603       -            162 14374at4891          -            263   1.1e-06   23.9   0.2   1   2      0.46        19    0.2   0.0    45    83    10    47     2    56 0.71 -
143313:118-603       -            162 14374at4891          -            263   1.1e-06   23.9   0.2   2   2   1.7e-07   6.9e-06   21.4   0.3     6    85    63   138    59   159 0.85 -
144947:219-944       -            242 14374at4891          -            263   1.3e-06   23.7   1.6   1   2    0.0002    0.0083   11.3   0.1   180   254    85   162    64   167 0.88 -
144947:219-944       -            242 14374at4891          -            263   1.3e-06   23.7   1.6   2   2   0.00015    0.0063   11.7   0.1     9    59   180   228   171   235 0.85 -
144047:63-782        -            240 14374at4891          -            263   1.1e-05   20.7   0.7   1   3   2.2e-05   0.00091   14.4   0.1    26   142    33   145    12   158 0.74 -
144047:63-782        -            240 14374at4891          -            263   1.1e-05   20.7   0.7   2   3     0.025         1    4.4   0.0   224   247   153   176   140   182 0.81 -
144047:63-782        -            240 14374at4891          -            263   1.1e-05   20.7   0.7   3   3       1.5        62   -1.4   0.0   103   126   213   235   204   239 0.48 -
145365:0-995         -            332 14374at4891          -            263   1.5e-05   20.3   0.1   1   2      0.22         9    1.3   0.0    48    90    58   101    15   151 0.57 -
145365:0-995         -            332 14374at4891          -            263   1.5e-05   20.3   0.1   2   2   9.4e-06   0.00039   15.6   0.0    44   134   196   285   156   305 0.74 -
144833:0-911         -            304 14374at4891          -            263   0.00013   17.2   0.1   1   2       0.4        16    0.5   0.0    73   143    79   152    71   157 0.81 -
144833:0-911         -            304 14374at4891          -            263   0.00013   17.2   0.1   2   2   2.5e-05     0.001   14.2   0.2    53    94   260   301   238   304 0.65 -
136257:22-312        -             97 14374at4891          -            263     0.001   14.2   0.1   1   2      0.88        36   -0.7   0.0   120   140     5    25     1    36 0.54 -
136257:22-312        -             97 14374at4891          -            263     0.001   14.2   0.1   2   2   8.2e-05    0.0034   12.5   0.1   198   247    46    96    39    97 0.47 -
141323:1-564         -            188 14374at4891          -            263    0.0012   14.0   0.0   1   2   7.4e-05    0.0031   12.7   0.0    24    80    20    79    14    88 0.84 -
141323:1-564         -            188 14374at4891          -            263    0.0012   14.0   0.0   2   2       1.9        80   -1.8   0.0    50    61   161   172   128   186 0.49 -
#
# Program:         hmmsearch
# Version:         3.1b2 (February 2015)
# Pipeline mode:   SEARCH
# Query file:      /home/jj/Desktop/Bioinformatics/3rd_year/1term/Computational_genomics/Seminars/exercise_04/busco_downloads/lineages/saccharomycetes_odb10/hmms/14374at4891.hmm
# Target file:     /home/jj/Desktop/Bioinformatics/3rd_year/1term/Computational_genomics/Seminars/exercise_04/./busco/SRR7548448/SRR7548448_k63_contigs/run_saccharomycetes_odb10/metaeuk_output/initial_results/SRR7548448_k63_graph.contig.fa.modified.fas
# Option settings: hmmsearch --domtblout /home/jj/Desktop/Bioinformatics/3rd_year/1term/Computational_genomics/Seminars/exercise_04/./busco/SRR7548448/SRR7548448_k63_contigs/run_saccharomycetes_odb10/hmmer_output/initial_run_results/14374at4891.out --cpu 1 /home/jj/Desktop/Bioinformatics/3rd_year/1term/Computational_genomics/Seminars/exercise_04/busco_downloads/lineages/saccharomycetes_odb10/hmms/14374at4891.hmm /home/jj/Desktop/Bioinformatics/3rd_year/1term/Computational_genomics/Seminars/exercise_04/./busco/SRR7548448/SRR7548448_k63_contigs/run_saccharomycetes_odb10/metaeuk_output/initial_results/SRR7548448_k63_graph.contig.fa.modified.fas 
# Current dir:     /home/jj/Desktop/Bioinformatics/3rd_year/1term/Computational_genomics/Seminars/exercise_04
# Date:            Tue Nov  5 18:47:40 2024
# [ok]
