#                                                                            --- full sequence --- -------------- this domain -------------   hmm coord   ali coord   env coord
# target name        accession   tlen query name           accession   qlen   E-value  score  bias   #  of  c-Evalue  i-Evalue  score  bias  from    to  from    to  from    to  acc description of target
#------------------- ---------- ----- -------------------- ---------- ----- --------- ------ ----- --- --- --------- --------- ------ ----- ----- ----- ----- ----- ----- ----- ---- ---------------------
144291:5-754         -            250 14521at4891          -            349   2.8e-33  111.1   0.5   1   1   1.3e-33   2.8e-31  104.5   0.5     2   206     2   250     1   250 0.72 -
144059:16-774        -            253 14521at4891          -            349   2.8e-27   91.3   0.1   1   2     0.077        17    0.0   0.0    11    40     1    29     1    39 0.71 -
144059:16-774        -            253 14521at4891          -            349   2.8e-27   91.3   0.1   2   2   6.9e-29   1.5e-26   89.0   0.0    38   228    48   253    42   253 0.82 -
145629:162-1277      -            372 14521at4891          -            349   1.5e-21   72.5   2.0   1   2     5e-07   0.00011   17.1   0.1     4    28    99   123    96   136 0.85 -
145629:162-1277      -            372 14521at4891          -            349   1.5e-21   72.5   2.0   2   2   1.9e-18   4.1e-16   54.6   0.3    63   232   187   355   182   363 0.78 -
145901:87-2207       -            707 14521at4891          -            349   1.3e-10   36.6   3.7   1   3   6.6e-12   1.4e-09   33.1   1.7     7   128    18   159    13   189 0.70 -
145901:87-2207       -            707 14521at4891          -            349   1.3e-10   36.6   3.7   2   3      0.33        71   -2.1   0.0   149   191   286   329   279   339 0.77 -
145901:87-2207       -            707 14521at4891          -            349   1.3e-10   36.6   3.7   3   3     0.033       7.2    1.2   0.0   193   241   370   419   359   434 0.78 -
#
# Program:         hmmsearch
# Version:         3.1b2 (February 2015)
# Pipeline mode:   SEARCH
# Query file:      /home/jj/Desktop/Bioinformatics/3rd_year/1term/Computational_genomics/Seminars/exercise_04/busco_downloads/lineages/saccharomycetes_odb10/hmms/14521at4891.hmm
# Target file:     /home/jj/Desktop/Bioinformatics/3rd_year/1term/Computational_genomics/Seminars/exercise_04/./busco/SRR7548448/SRR7548448_k63_contigs/run_saccharomycetes_odb10/metaeuk_output/initial_results/SRR7548448_k63_graph.contig.fa.modified.fas
# Option settings: hmmsearch --domtblout /home/jj/Desktop/Bioinformatics/3rd_year/1term/Computational_genomics/Seminars/exercise_04/./busco/SRR7548448/SRR7548448_k63_contigs/run_saccharomycetes_odb10/hmmer_output/initial_run_results/14521at4891.out --cpu 1 /home/jj/Desktop/Bioinformatics/3rd_year/1term/Computational_genomics/Seminars/exercise_04/busco_downloads/lineages/saccharomycetes_odb10/hmms/14521at4891.hmm /home/jj/Desktop/Bioinformatics/3rd_year/1term/Computational_genomics/Seminars/exercise_04/./busco/SRR7548448/SRR7548448_k63_contigs/run_saccharomycetes_odb10/metaeuk_output/initial_results/SRR7548448_k63_graph.contig.fa.modified.fas 
# Current dir:     /home/jj/Desktop/Bioinformatics/3rd_year/1term/Computational_genomics/Seminars/exercise_04
# Date:            Tue Nov  5 18:47:41 2024
# [ok]
