#                                                                            --- full sequence --- -------------- this domain -------------   hmm coord   ali coord   env coord
# target name        accession   tlen query name           accession   qlen   E-value  score  bias   #  of  c-Evalue  i-Evalue  score  bias  from    to  from    to  from    to  acc description of target
#------------------- ---------- ----- -------------------- ---------- ----- --------- ------ ----- --- --- --------- --------- ------ ----- ----- ----- ----- ----- ----- ----- ---- ---------------------
144047:63-782        -            240 14552at4891          -            306  4.2e-111  366.6   0.6   1   1  7.7e-113  4.7e-111  366.4   0.6     1   217    11   238    11   240 0.95 -
145769:0-1415        -            472 14552at4891          -            306   3.7e-17   58.1   0.1   1   6   4.4e-07   2.7e-05   19.1   0.0    12   107    21   116    16   121 0.79 -
145769:0-1415        -            472 14552at4891          -            306   3.7e-17   58.1   0.1   2   6    0.0013     0.079    7.7   0.1    42    77   143   179   135   184 0.86 -
145769:0-1415        -            472 14552at4891          -            306   3.7e-17   58.1   0.1   3   6      0.02       1.3    3.7   0.0    37    74   183   221   177   225 0.84 -
145769:0-1415        -            472 14552at4891          -            306   3.7e-17   58.1   0.1   4   6    0.0075      0.46    5.2   0.0   121   160   247   287   243   289 0.87 -
145769:0-1415        -            472 14552at4891          -            306   3.7e-17   58.1   0.1   5   6   5.1e-05    0.0031   12.3   0.0     3   105   300   405   298   411 0.76 -
145769:0-1415        -            472 14552at4891          -            306   3.7e-17   58.1   0.1   6   6     0.013      0.79    4.4   0.0    38    79   380   421   378   453 0.73 -
140077:5-511         -            169 14552at4891          -            306   2.3e-10   35.7   0.0   1   2   5.9e-09   3.6e-07   25.2   0.0     6    73     7    78     2    86 0.87 -
140077:5-511         -            169 14552at4891          -            306   2.3e-10   35.7   0.0   2   2   0.00072     0.044    8.5   0.0     5    73    90   162    86   168 0.73 -
144541:1-852         -            284 14552at4891          -            306   2.6e-10   35.6   5.9   1   2    0.0081       0.5    5.1   0.0   131   160    28    57     2    60 0.84 -
144541:1-852         -            284 14552at4891          -            306   2.6e-10   35.6   5.9   2   2   3.7e-10   2.3e-08   29.2   5.0     5   217    30   249    28   251 0.75 -
145301:241-942       -            234 14552at4891          -            306     2e-09   32.6   0.0   1   2   1.5e-08   9.2e-07   23.9   0.0     7   110     9   114     4   118 0.86 -
145301:241-942       -            234 14552at4891          -            306     2e-09   32.6   0.0   2   2    0.0013     0.079    7.7   0.0    27   113   114   202   112   209 0.80 -
144149:4-795         -            264 14552at4891          -            306   2.2e-08   29.3   0.0   1   3    0.0009     0.056    8.2   0.0     4    70    24    95    21   137 0.72 -
144149:4-795         -            264 14552at4891          -            306   2.2e-08   29.3   0.0   2   3      0.24        15    0.3   0.0    36    73   106   144    95   153 0.72 -
144149:4-795         -            264 14552at4891          -            306   2.2e-08   29.3   0.0   3   3   7.4e-07   4.6e-05   18.3   0.0    27   113   138   225   116   231 0.79 -
143313:118-603       -            162 14552at4891          -            306   3.2e-08   28.7   0.0   1   2    0.0018      0.11    7.2   0.0    37    77    10    52     3    66 0.81 -
143313:118-603       -            162 14552at4891          -            306   3.2e-08   28.7   0.0   2   2   2.7e-07   1.7e-05   19.8   0.1     8    81    69   145    61   149 0.82 -
145543:202-1035      -            278 14552at4891          -            306   3.6e-08   28.5   0.1   1   3      0.68        42   -1.3   0.0   290   306    11    27     2    27 0.74 -
145543:202-1035      -            278 14552at4891          -            306   3.6e-08   28.5   0.1   2   3   0.00037     0.023    9.5   0.0    85   118    58    91    47    96 0.60 -
145543:202-1035      -            278 14552at4891          -            306   3.6e-08   28.5   0.1   3   3   4.8e-06    0.0003   15.7   0.0     5    77   118   193   107   242 0.64 -
144137:68-793        -            242 14552at4891          -            306   5.7e-07   24.6   1.5   1   1   2.5e-08   1.5e-06   23.2   1.7    17   158    91   229    74   232 0.79 -
143819:146-751       -            202 14552at4891          -            306   7.3e-06   21.0   0.1   1   3   0.00032      0.02    9.7   0.0    40    72     5    38     1    44 0.86 -
143819:146-751       -            202 14552at4891          -            306   7.3e-06   21.0   0.1   2   3    0.0039      0.24    6.1   0.0    36    74    43    82    38   102 0.86 -
143819:146-751       -            202 14552at4891          -            306   7.3e-06   21.0   0.1   3   3     0.057       3.5    2.3   0.0    88   121   154   185   139   200 0.80 -
143663:94-729        -            212 14552at4891          -            306     2e-05   19.5   0.2   1   3      0.29        18   -0.0   0.0    44    73     1    29     1    53 0.77 -
143663:94-729        -            212 14552at4891          -            306     2e-05   19.5   0.2   2   3   4.1e-05    0.0025   12.6   0.0    21    73    81   133    67   138 0.84 -
143663:94-729        -            212 14552at4891          -            306     2e-05   19.5   0.2   3   3      0.03       1.8    3.2   0.0     3    37   143   178   141   200 0.76 -
145907:182-1561      -            460 14552at4891          -            306   2.2e-05   19.4   0.1   1   3    0.0039      0.24    6.1   0.0   219   304    13    98     3   105 0.72 -
145907:182-1561      -            460 14552at4891          -            306   2.2e-05   19.4   0.1   2   3    0.0013     0.079    7.7   0.0     6    71   146   214   142   228 0.87 -
145907:182-1561      -            460 14552at4891          -            306   2.2e-05   19.4   0.1   3   3     0.099       6.1    1.5   0.0    22   108   348   394   334   408 0.50 -
136257:22-312        -             97 14552at4891          -            306   0.00034   15.5   0.0   1   1   6.9e-06   0.00042   15.2   0.0    23    71    45    96    36    97 0.84 -
144489:26-847        -            274 14552at4891          -            306    0.0019   13.1   0.9   1   2     0.013      0.78    4.4   0.2    57    83     9    36     2    67 0.67 -
144489:26-847        -            274 14552at4891          -            306    0.0019   13.1   0.9   2   2     0.004      0.25    6.1   0.0   132   155   145   170   139   198 0.75 -
#
# Program:         hmmsearch
# Version:         3.1b2 (February 2015)
# Pipeline mode:   SEARCH
# Query file:      /home/jj/Desktop/Bioinformatics/3rd_year/1term/Computational_genomics/Seminars/exercise_04/busco_downloads/lineages/saccharomycetes_odb10/hmms/14552at4891.hmm
# Target file:     /home/jj/Desktop/Bioinformatics/3rd_year/1term/Computational_genomics/Seminars/exercise_04/./busco/SRR7548448/SRR7548448_k63_contigs/run_saccharomycetes_odb10/metaeuk_output/initial_results/SRR7548448_k63_graph.contig.fa.modified.fas
# Option settings: hmmsearch --domtblout /home/jj/Desktop/Bioinformatics/3rd_year/1term/Computational_genomics/Seminars/exercise_04/./busco/SRR7548448/SRR7548448_k63_contigs/run_saccharomycetes_odb10/hmmer_output/initial_run_results/14552at4891.out --cpu 1 /home/jj/Desktop/Bioinformatics/3rd_year/1term/Computational_genomics/Seminars/exercise_04/busco_downloads/lineages/saccharomycetes_odb10/hmms/14552at4891.hmm /home/jj/Desktop/Bioinformatics/3rd_year/1term/Computational_genomics/Seminars/exercise_04/./busco/SRR7548448/SRR7548448_k63_contigs/run_saccharomycetes_odb10/metaeuk_output/initial_results/SRR7548448_k63_graph.contig.fa.modified.fas 
# Current dir:     /home/jj/Desktop/Bioinformatics/3rd_year/1term/Computational_genomics/Seminars/exercise_04
# Date:            Tue Nov  5 18:47:41 2024
# [ok]
