#                                                                            --- full sequence --- -------------- this domain -------------   hmm coord   ali coord   env coord
# target name        accession   tlen query name           accession   qlen   E-value  score  bias   #  of  c-Evalue  i-Evalue  score  bias  from    to  from    to  from    to  acc description of target
#------------------- ---------- ----- -------------------- ---------- ----- --------- ------ ----- --- --- --------- --------- ------ ----- ----- ----- ----- ----- ----- ----- ---- ---------------------
145673:1-975         -            325 14562at4891          -            394   2.2e-15   52.1   0.0   1   2   1.9e-05    0.0023   12.5   0.0   215   253     8    47     4    51 0.84 -
145673:1-975         -            325 14562at4891          -            394   2.2e-15   52.1   0.0   2   2   1.5e-11   1.8e-09   32.6   0.0    87   256    75   288    65   311 0.80 -
144919:41-898        -            286 14562at4891          -            394   7.4e-13   43.8   0.3   1   2   2.1e-07   2.6e-05   18.9   0.0   208   257     5    57     1    59 0.85 -
144919:41-898        -            286 14562at4891          -            394   7.4e-13   43.8   0.3   2   2     1e-08   1.3e-06   23.2   0.1   115   168   136   190   101   267 0.81 -
142099:44-532        -            163 14562at4891          -            394   1.2e-11   39.8   0.0   1   2   1.1e-08   1.3e-06   23.2   0.0   209   254     1    48     1    52 0.89 -
142099:44-532        -            163 14562at4891          -            394   1.2e-11   39.8   0.0   2   2   3.2e-06   0.00039   15.0   0.0    90   166    82   160    65   163 0.78 -
145085:0-986         -            329 14562at4891          -            394   5.8e-11   37.5   0.0   1   3      0.48        60   -2.0   0.0    70    98    58    84     6   114 0.46 -
145085:0-986         -            329 14562at4891          -            394   5.8e-11   37.5   0.0   2   3   1.3e-07   1.6e-05   19.6   0.0   209   260   134   190   123   199 0.81 -
145085:0-986         -            329 14562at4891          -            394   5.8e-11   37.5   0.0   3   3   2.9e-06   0.00036   15.2   0.0   109   167   239   298   194   319 0.74 -
144699:442-873       -            144 14562at4891          -            394   7.1e-10   33.9   0.1   1   2   2.1e-05    0.0026   12.3   0.0   222   251     3    32     1    38 0.87 -
144699:442-873       -            144 14562at4891          -            394   7.1e-10   33.9   0.1   2   2   9.7e-08   1.2e-05   20.0   0.0    86   166    61   142    50   144 0.87 -
144299:81-665        -            195 14562at4891          -            394   3.9e-06   21.6   0.1   1   2   0.00044     0.055    8.0   0.0   219   253    12    46     5    49 0.90 -
144299:81-665        -            195 14562at4891          -            394   3.9e-06   21.6   0.1   2   2   2.8e-05    0.0035   11.9   0.0    99   172   107   185    71   192 0.79 -
144465:0-698         -            233 14562at4891          -            394    0.0068   10.9   0.1   1   2      0.42        52   -1.8   0.0   343   365    11    33     8    56 0.71 -
144465:0-698         -            233 14562at4891          -            394    0.0068   10.9   0.1   2   2   0.00016      0.02    9.4   0.0   108   134    80   107    56   130 0.83 -
#
# Program:         hmmsearch
# Version:         3.1b2 (February 2015)
# Pipeline mode:   SEARCH
# Query file:      /home/jj/Desktop/Bioinformatics/3rd_year/1term/Computational_genomics/Seminars/exercise_04/busco_downloads/lineages/saccharomycetes_odb10/hmms/14562at4891.hmm
# Target file:     /home/jj/Desktop/Bioinformatics/3rd_year/1term/Computational_genomics/Seminars/exercise_04/./busco/SRR7548448/SRR7548448_k63_contigs/run_saccharomycetes_odb10/metaeuk_output/initial_results/SRR7548448_k63_graph.contig.fa.modified.fas
# Option settings: hmmsearch --domtblout /home/jj/Desktop/Bioinformatics/3rd_year/1term/Computational_genomics/Seminars/exercise_04/./busco/SRR7548448/SRR7548448_k63_contigs/run_saccharomycetes_odb10/hmmer_output/initial_run_results/14562at4891.out --cpu 1 /home/jj/Desktop/Bioinformatics/3rd_year/1term/Computational_genomics/Seminars/exercise_04/busco_downloads/lineages/saccharomycetes_odb10/hmms/14562at4891.hmm /home/jj/Desktop/Bioinformatics/3rd_year/1term/Computational_genomics/Seminars/exercise_04/./busco/SRR7548448/SRR7548448_k63_contigs/run_saccharomycetes_odb10/metaeuk_output/initial_results/SRR7548448_k63_graph.contig.fa.modified.fas 
# Current dir:     /home/jj/Desktop/Bioinformatics/3rd_year/1term/Computational_genomics/Seminars/exercise_04
# Date:            Tue Nov  5 18:47:41 2024
# [ok]
