#                                                                            --- full sequence --- -------------- this domain -------------   hmm coord   ali coord   env coord
# target name        accession   tlen query name           accession   qlen   E-value  score  bias   #  of  c-Evalue  i-Evalue  score  bias  from    to  from    to  from    to  acc description of target
#------------------- ---------- ----- -------------------- ---------- ----- --------- ------ ----- --- --- --------- --------- ------ ----- ----- ----- ----- ----- ----- ----- ---- ---------------------
143663:94-729        -            212 14677at4891          -            305   1.1e-12   43.3   2.2   1   2   0.00025     0.017    9.8   0.0   172   198     4    31     1    38 0.82 -
143663:94-729        -            212 14677at4891          -            305   1.1e-12   43.3   2.2   2   2   5.9e-10   3.9e-08   28.3   0.7   164   305    60   212    33   212 0.72 -
145769:0-1415        -            472 14677at4891          -            305   2.4e-08   29.0   0.3   1   4         1        68   -2.0   0.0   235   265   137   167   130   184 0.65 -
145769:0-1415        -            472 14677at4891          -            305   2.4e-08   29.0   0.3   2   4       1.8   1.2e+02   -2.8   0.0   118   137   204   223   201   226 0.78 -
145769:0-1415        -            472 14677at4891          -            305   2.4e-08   29.0   0.3   3   4     2e-05    0.0013   13.5   0.0    73   216   259   396   235   399 0.76 -
145769:0-1415        -            472 14677at4891          -            305   2.4e-08   29.0   0.3   4   4   0.00037     0.025    9.3   0.0   184   230   404   455   394   465 0.75 -
142977:2-622         -            207 14677at4891          -            305   6.5e-08   27.6   0.9   1   4      0.03         2    3.0   0.0    77   110    14    46     6    62 0.62 -
142977:2-622         -            207 14677at4891          -            305   6.5e-08   27.6   0.9   2   4    0.0041      0.27    5.8   0.0   181   197    69    85    53    92 0.84 -
142977:2-622         -            207 14677at4891          -            305   6.5e-08   27.6   0.9   3   4    0.0016      0.11    7.2   0.1   179   198   112   131   109   150 0.75 -
142977:2-622         -            207 14677at4891          -            305   6.5e-08   27.6   0.9   4   4     0.001     0.069    7.8   0.0    77   107   145   174   130   183 0.73 -
145821:44-862        -            273 14677at4891          -            305     1e-07   26.9   8.2   1   5      0.36        24   -0.5   0.0   184   196     1    13     1    23 0.87 -
145821:44-862        -            273 14677at4891          -            305     1e-07   26.9   8.2   2   5   5.1e-06   0.00034   15.4   0.7   180   234    37    94    13   116 0.73 -
145821:44-862        -            273 14677at4891          -            305     1e-07   26.9   8.2   3   5     0.011      0.74    4.4   0.1   182   199   120   137    97   146 0.71 -
145821:44-862        -            273 14677at4891          -            305     1e-07   26.9   8.2   4   5     0.032       2.1    2.9   0.0   183   198   210   225   199   235 0.81 -
145821:44-862        -            273 14677at4891          -            305     1e-07   26.9   8.2   5   5    0.0058      0.39    5.4   0.0   181   197   248   264   239   271 0.64 -
144149:4-795         -            264 14677at4891          -            305   4.3e-07   24.9   0.0   1   3   0.00041     0.027    9.2   0.0    72   228    22   180     2   187 0.63 -
144149:4-795         -            264 14677at4891          -            305   4.3e-07   24.9   0.0   2   3     0.064       4.2    1.9   0.0   167   202   154   192   144   210 0.67 -
144149:4-795         -            264 14677at4891          -            305   4.3e-07   24.9   0.0   3   3   5.1e-05    0.0034   12.1   0.0   169   207   198   239   188   254 0.77 -
145301:241-942       -            234 14677at4891          -            305   6.7e-07   24.3   0.3   1   4      0.27        18   -0.1   0.0   183   197    23    37    10    63 0.75 -
145301:241-942       -            234 14677at4891          -            305   6.7e-07   24.3   0.3   2   4     0.078       5.2    1.7   0.0   181   196    63    78    41    83 0.78 -
145301:241-942       -            234 14677at4891          -            305   6.7e-07   24.3   0.3   3   4    0.0071      0.47    5.1   0.0   168   197    91   121    84   128 0.71 -
145301:241-942       -            234 14677at4891          -            305   6.7e-07   24.3   0.3   4   4   6.1e-05    0.0041   11.8   0.0   169   234   132   206   125   211 0.82 -
144137:68-793        -            242 14677at4891          -            305   4.5e-06   21.6   0.9   1   2     0.018       1.2    3.7   0.0    67   106    71   109    60   114 0.83 -
144137:68-793        -            242 14677at4891          -            305   4.5e-06   21.6   0.9   2   2   8.6e-06   0.00057   14.6   0.6    77   198   123   235   109   240 0.80 -
140077:5-511         -            169 14677at4891          -            305   5.4e-06   21.3   0.2   1   4      0.21        14    0.2   0.0   182   205    21    43     2    60 0.59 -
140077:5-511         -            169 14677at4891          -            305   5.4e-06   21.3   0.2   2   4    0.0004     0.026    9.2   0.1   182   198    64    80    48    89 0.86 -
140077:5-511         -            169 14677at4891          -            305   5.4e-06   21.3   0.2   3   4    0.0049      0.32    5.6   0.0    77   106    93   121    82   147 0.76 -
140077:5-511         -            169 14677at4891          -            305   5.4e-06   21.3   0.2   4   4     0.067       4.5    1.9   0.0    84   108   142   166   120   168 0.80 -
142803:50-655        -            202 14677at4891          -            305   1.5e-05   19.8   0.5   1   3   1.3e-05   0.00087   14.1   0.1   184   238     1    61     1    69 0.70 -
142803:50-655        -            202 14677at4891          -            305   1.5e-05   19.8   0.5   2   3      0.13       8.8    0.9   0.0   185   196    95   106    90   108 0.88 -
142803:50-655        -            202 14677at4891          -            305   1.5e-05   19.8   0.5   3   3      0.14       9.6    0.8   0.0    86   108   140   162   112   167 0.74 -
144603:3-800         -            266 14677at4891          -            305   1.7e-05   19.6   0.3   1   2     0.071       4.7    1.8   0.0   175   199    68    91    56   132 0.81 -
144603:3-800         -            266 14677at4891          -            305   1.7e-05   19.6   0.3   2   2   5.6e-06   0.00037   15.3   0.0    74   139   148   215   132   222 0.83 -
145363:1-1098        -            366 14677at4891          -            305     5e-05   18.1   0.5   1   3       2.2   1.5e+02   -3.1   0.0   253   278     4    30     3    34 0.79 -
145363:1-1098        -            366 14677at4891          -            305     5e-05   18.1   0.5   2   3      0.53        35   -1.1   0.0    87   107    87   107    60   128 0.74 -
145363:1-1098        -            366 14677at4891          -            305     5e-05   18.1   0.5   3   3   3.4e-06   0.00023   16.0   0.1   182   201   132   151   111   159 0.83 -
145543:202-1035      -            278 14677at4891          -            305    0.0044   11.8   1.2   1   4     0.032       2.1    2.9   0.0   181   199    12    30     8    39 0.84 -
145543:202-1035      -            278 14677at4891          -            305    0.0044   11.8   1.2   2   4      0.27        18   -0.1   0.0   182   200    75    93    56   102 0.76 -
145543:202-1035      -            278 14677at4891          -            305    0.0044   11.8   1.2   3   4      0.35        23   -0.5   0.0   169   196   117   147   110   169 0.66 -
145543:202-1035      -            278 14677at4891          -            305    0.0044   11.8   1.2   4   4     0.014      0.94    4.1   0.0   180   201   173   194   158   204 0.82 -
143819:146-751       -            202 14677at4891          -            305    0.0044   11.7   0.1   1   2   0.00072     0.048    8.3   0.0   181   216    66   102    33   107 0.80 -
143819:146-751       -            202 14677at4891          -            305    0.0044   11.7   0.1   2   2     0.079       5.3    1.6   0.0    72   106   148   184   114   199 0.62 -
#
# Program:         hmmsearch
# Version:         3.1b2 (February 2015)
# Pipeline mode:   SEARCH
# Query file:      /home/jj/Desktop/Bioinformatics/3rd_year/1term/Computational_genomics/Seminars/exercise_04/busco_downloads/lineages/saccharomycetes_odb10/hmms/14677at4891.hmm
# Target file:     /home/jj/Desktop/Bioinformatics/3rd_year/1term/Computational_genomics/Seminars/exercise_04/./busco/SRR7548448/SRR7548448_k63_contigs/run_saccharomycetes_odb10/metaeuk_output/initial_results/SRR7548448_k63_graph.contig.fa.modified.fas
# Option settings: hmmsearch --domtblout /home/jj/Desktop/Bioinformatics/3rd_year/1term/Computational_genomics/Seminars/exercise_04/./busco/SRR7548448/SRR7548448_k63_contigs/run_saccharomycetes_odb10/hmmer_output/initial_run_results/14677at4891.out --cpu 1 /home/jj/Desktop/Bioinformatics/3rd_year/1term/Computational_genomics/Seminars/exercise_04/busco_downloads/lineages/saccharomycetes_odb10/hmms/14677at4891.hmm /home/jj/Desktop/Bioinformatics/3rd_year/1term/Computational_genomics/Seminars/exercise_04/./busco/SRR7548448/SRR7548448_k63_contigs/run_saccharomycetes_odb10/metaeuk_output/initial_results/SRR7548448_k63_graph.contig.fa.modified.fas 
# Current dir:     /home/jj/Desktop/Bioinformatics/3rd_year/1term/Computational_genomics/Seminars/exercise_04
# Date:            Tue Nov  5 18:47:41 2024
# [ok]
