#                                                                            --- full sequence --- -------------- this domain -------------   hmm coord   ali coord   env coord
# target name        accession   tlen query name           accession   qlen   E-value  score  bias   #  of  c-Evalue  i-Evalue  score  bias  from    to  from    to  from    to  acc description of target
#------------------- ---------- ----- -------------------- ---------- ----- --------- ------ ----- --- --- --------- --------- ------ ----- ----- ----- ----- ----- ----- ----- ---- ---------------------
143819:146-751       -            202 15470at4891          -            283   4.3e-58  192.3   0.4   1   2   7.9e-53   3.4e-51  169.7   0.0     1   121     1   132     1   152 0.90 -
143819:146-751       -            202 15470at4891          -            283   4.3e-58  192.3   0.4   2   2   1.3e-07   5.7e-06   21.3   0.2   116   142   156   184   135   196 0.84 -
145821:44-862        -            273 15470at4891          -            283   2.1e-22   75.3   4.7   1   4      0.07         3    2.6   0.0    64    86     1    23     1    41 0.69 -
145821:44-862        -            273 15470at4891          -            283   2.1e-22   75.3   4.7   2   4   2.4e-11   1.1e-09   33.6   0.4     8    81    24    98    19   102 0.81 -
145821:44-862        -            273 15470at4891          -            283   2.1e-22   75.3   4.7   3   4   0.00037     0.016   10.0   0.0   235   268   101   134    96   140 0.91 -
145821:44-862        -            273 15470at4891          -            283   2.1e-22   75.3   4.7   4   4   5.4e-10   2.4e-08   29.2   0.2    25    85   209   272   207   273 0.94 -
145301:241-942       -            234 15470at4891          -            283     9e-20   66.6   0.3   1   4    0.0002    0.0085   10.9   0.0   235   270     3    38     1    41 0.88 -
145301:241-942       -            234 15470at4891          -            283     9e-20   66.6   0.3   2   4   8.5e-06   0.00037   15.4   0.0   135   181    42    88    37    95 0.85 -
145301:241-942       -            234 15470at4891          -            283     9e-20   66.6   0.3   3   4   2.4e-06    0.0001   17.2   0.0   235   267   129   161   124   166 0.90 -
145301:241-942       -            234 15470at4891          -            283     9e-20   66.6   0.3   4   4   0.00095     0.041    8.7   0.0     5    38   170   204   166   210 0.80 -
145769:0-1415        -            472 15470at4891          -            283   1.2e-17   59.7   2.0   1   5     0.015      0.64    4.8   0.0     9    42    54    87    49   129 0.77 -
145769:0-1415        -            472 15470at4891          -            283   1.2e-17   59.7   2.0   2   5   1.4e-05   0.00062   14.7   0.1     7    77   143   221   137   225 0.81 -
145769:0-1415        -            472 15470at4891          -            283   1.2e-17   59.7   2.0   3   5       1.3        56   -1.6   0.0   240   259   303   322   282   339 0.70 -
145769:0-1415        -            472 15470at4891          -            283   1.2e-17   59.7   2.0   4   5   6.2e-06   0.00027   15.8   0.0   232   268   338   374   329   379 0.89 -
145769:0-1415        -            472 15470at4891          -            283   1.2e-17   59.7   2.0   5   5     4e-07   1.7e-05   19.8   0.0     7    83   384   467   378   471 0.80 -
144149:4-795         -            264 15470at4891          -            283     4e-16   54.7   0.7   1   4    0.0048      0.21    6.4   0.0   233   269    62    99    37   102 0.85 -
144149:4-795         -            264 15470at4891          -            283     4e-16   54.7   0.7   2   4     7e-10     3e-08   28.8   0.1     6    85   111   195   106   196 0.89 -
144149:4-795         -            264 15470at4891          -            283     4e-16   54.7   0.7   3   4   3.5e-06   0.00015   16.7   0.0   234   270   194   230   191   233 0.91 -
144149:4-795         -            264 15470at4891          -            283     4e-16   54.7   0.7   4   4       1.2        51   -1.5   0.0     6    21   239   254   235   263 0.78 -
143663:94-729        -            212 15470at4891          -            283   7.8e-13   43.9   0.1   1   2   0.00023      0.01   10.7   0.0    62    88    15    41     1    66 0.75 -
143663:94-729        -            212 15470at4891          -            283   7.8e-13   43.9   0.1   2   2   1.7e-10   7.5e-09   30.8   0.1    26   118    80   175    76   211 0.79 -
144137:68-793        -            242 15470at4891          -            283   1.3e-11   39.9   1.5   1   2   2.7e-08   1.1e-06   23.6   0.2     5    80   115   195   112   196 0.79 -
144137:68-793        -            242 15470at4891          -            283   1.3e-11   39.9   1.5   2   2   5.5e-08   2.4e-06   22.6   0.1     8    84   160   241   153   242 0.89 -
145543:202-1035      -            278 15470at4891          -            283   1.4e-11   39.8   0.0   1   4      0.01      0.44    5.3   0.0   244   269     3    28     1    32 0.90 -
145543:202-1035      -            278 15470at4891          -            283   1.4e-11   39.8   0.0   2   4    0.0001    0.0044   11.9   0.0   233   270    54    91    49   100 0.89 -
145543:202-1035      -            278 15470at4891          -            283   1.4e-11   39.8   0.0   3   4   1.2e-06   5.1e-05   18.2   0.0     6    81   114   195   110   209 0.84 -
145543:202-1035      -            278 15470at4891          -            283   1.4e-11   39.8   0.0   4   4       4.7     2e+02   -3.4   0.0   240   253   236   249   228   273 0.64 -
144541:1-852         -            284 15470at4891          -            283   3.9e-11   38.3   3.7   1   4      0.19       8.3    1.1   0.0     8    39    28    59    21    70 0.68 -
144541:1-852         -            284 15470at4891          -            283   3.9e-11   38.3   3.7   2   4   0.00022    0.0095   10.8   0.0     5    43    74   113    69   125 0.83 -
144541:1-852         -            284 15470at4891          -            283   3.9e-11   38.3   3.7   3   4   4.6e-08     2e-06   22.8   0.7     5    77   120   201   116   216 0.85 -
144541:1-852         -            284 15470at4891          -            283   3.9e-11   38.3   3.7   4   4      0.16       6.9    1.4   0.0     7    43   219   254   213   262 0.88 -
142977:2-622         -            207 15470at4891          -            283     5e-11   37.9   0.2   1   5   0.00037     0.016   10.0   0.0   233   271     5    43     1    49 0.77 -
142977:2-622         -            207 15470at4891          -            283     5e-11   37.9   0.2   2   5   0.00094     0.041    8.7   0.0   235   277    50    93    47   100 0.85 -
142977:2-622         -            207 15470at4891          -            283     5e-11   37.9   0.2   3   5     0.011      0.46    5.2   0.1   153   173   111   131    98   135 0.66 -
142977:2-622         -            207 15470at4891          -            283     5e-11   37.9   0.2   4   5    0.0019     0.081    7.7   0.1    63    86   116   139   111   147 0.80 -
142977:2-622         -            207 15470at4891          -            283     5e-11   37.9   0.2   5   5   0.00084     0.036    8.9   0.0   232   267   135   170   132   185 0.88 -
143313:118-603       -            162 15470at4891          -            283   1.6e-10   36.2   1.9   1   2     0.021      0.91    4.3   0.0    46    88    12    60     4    63 0.75 -
143313:118-603       -            162 15470at4891          -            283   1.6e-10   36.2   1.9   2   2   6.5e-11   2.8e-09   32.2   0.5     6    86    62   146    57   160 0.88 -
145365:0-995         -            332 15470at4891          -            283   2.8e-09   32.2   1.2   1   3      0.33        14    0.3   0.0   242   279    67   108    55   112 0.66 -
145365:0-995         -            332 15470at4891          -            283   2.8e-09   32.2   1.2   2   3      0.62        27   -0.6   0.0    15    61   121   169   115   185 0.68 -
145365:0-995         -            332 15470at4891          -            283   2.8e-09   32.2   1.2   3   3   6.2e-10   2.7e-08   29.0   0.1    21   102   218   307   201   328 0.79 -
140077:5-511         -            169 15470at4891          -            283   5.1e-09   31.3   0.0   1   2     2e-05   0.00084   14.2   0.1    39    77    36    79     2    83 0.64 -
140077:5-511         -            169 15470at4891          -            283   5.1e-09   31.3   0.0   2   2   1.3e-05   0.00054   14.8   0.0   232   271    83   122    80   134 0.87 -
142803:50-655        -            202 15470at4891          -            283   1.8e-08   29.5   0.2   1   2   1.3e-07   5.7e-06   21.3   0.1    28    86     2    66     1    78 0.85 -
142803:50-655        -            202 15470at4891          -            283   1.8e-08   29.5   0.2   2   2    0.0057      0.24    6.1   0.0    12    49    79   116    72   126 0.71 -
145907:182-1561      -            460 15470at4891          -            283   2.9e-07   25.6   0.2   1   4      0.11       4.7    1.9   0.0    62    90    30    58    13    62 0.71 -
145907:182-1561      -            460 15470at4891          -            283   2.9e-07   25.6   0.2   2   4   3.2e-05    0.0014   13.5   0.0     6    42    67   103    64   139 0.75 -
145907:182-1561      -            460 15470at4891          -            283   2.9e-07   25.6   0.2   3   4     0.078       3.4    2.4   0.0   142   173   145   176   140   209 0.77 -
145907:182-1561      -            460 15470at4891          -            283   2.9e-07   25.6   0.2   4   4     0.099       4.3    2.1   0.0   144   173   375   404   352   411 0.82 -
136257:22-312        -             97 15470at4891          -            283   5.6e-06   21.4   0.2   1   2    0.0036      0.15    6.8   0.0    65   102     4    44     2    59 0.69 -
136257:22-312        -             97 15470at4891          -            283   5.6e-06   21.4   0.2   2   2   1.3e-05   0.00055   14.8   0.0    18    75    34    97    30    97 0.81 -
143253:125-688       -            188 15470at4891          -            283   4.4e-05   18.4   0.0   1   2    0.0011     0.049    8.4   0.0    12    56    26    70    20   105 0.78 -
143253:125-688       -            188 15470at4891          -            283   4.4e-05   18.4   0.0   2   2       1.2        53   -1.5   0.0   243   261   154   172   152   182 0.78 -
144047:63-782        -            240 15470at4891          -            283   0.00016   16.6   0.1   1   2    0.0048      0.21    6.4   0.0    44    89    51   101    23   146 0.69 -
144047:63-782        -            240 15470at4891          -            283   0.00016   16.6   0.1   2   2    0.0023     0.099    7.4   0.0   242   266   152   176   140   183 0.92 -
145363:1-1098        -            366 15470at4891          -            283    0.0011   13.8   0.0   1   1   4.1e-05    0.0018   13.2   0.0    31    86    96   156    43   178 0.86 -
144947:219-944       -            242 15470at4891          -            283    0.0023   12.8   0.4   1   2    0.0024      0.11    7.3   0.1     9    63    37    94    29   126 0.76 -
144947:219-944       -            242 15470at4891          -            283    0.0023   12.8   0.4   2   2     0.048       2.1    3.1   0.0   199   269   143   210   132   224 0.49 -
#
# Program:         hmmsearch
# Version:         3.1b2 (February 2015)
# Pipeline mode:   SEARCH
# Query file:      /home/jj/Desktop/Bioinformatics/3rd_year/1term/Computational_genomics/Seminars/exercise_04/busco_downloads/lineages/saccharomycetes_odb10/hmms/15470at4891.hmm
# Target file:     /home/jj/Desktop/Bioinformatics/3rd_year/1term/Computational_genomics/Seminars/exercise_04/./busco/SRR7548448/SRR7548448_k63_contigs/run_saccharomycetes_odb10/metaeuk_output/initial_results/SRR7548448_k63_graph.contig.fa.modified.fas
# Option settings: hmmsearch --domtblout /home/jj/Desktop/Bioinformatics/3rd_year/1term/Computational_genomics/Seminars/exercise_04/./busco/SRR7548448/SRR7548448_k63_contigs/run_saccharomycetes_odb10/hmmer_output/initial_run_results/15470at4891.out --cpu 1 /home/jj/Desktop/Bioinformatics/3rd_year/1term/Computational_genomics/Seminars/exercise_04/busco_downloads/lineages/saccharomycetes_odb10/hmms/15470at4891.hmm /home/jj/Desktop/Bioinformatics/3rd_year/1term/Computational_genomics/Seminars/exercise_04/./busco/SRR7548448/SRR7548448_k63_contigs/run_saccharomycetes_odb10/metaeuk_output/initial_results/SRR7548448_k63_graph.contig.fa.modified.fas 
# Current dir:     /home/jj/Desktop/Bioinformatics/3rd_year/1term/Computational_genomics/Seminars/exercise_04
# Date:            Tue Nov  5 18:47:42 2024
# [ok]
