#                                                                            --- full sequence --- -------------- this domain -------------   hmm coord   ali coord   env coord
# target name        accession   tlen query name           accession   qlen   E-value  score  bias   #  of  c-Evalue  i-Evalue  score  bias  from    to  from    to  from    to  acc description of target
#------------------- ---------- ----- -------------------- ---------- ----- --------- ------ ----- --- --- --------- --------- ------ ----- ----- ----- ----- ----- ----- ----- ---- ---------------------
143663:94-729        -            212 15697at4891          -            193   7.2e-09   30.9   0.1   1   4   0.00083      0.12    7.4   0.0   154   176    14    36     3    54 0.79 -
143663:94-729        -            212 15697at4891          -            193   7.2e-09   30.9   0.1   2   4   7.4e-05     0.011   10.8   0.0   150   176    74   100    67   106 0.84 -
143663:94-729        -            212 15697at4891          -            193   7.2e-09   30.9   0.1   3   4   0.00071       0.1    7.6   0.0   145   174   108   138   105   155 0.82 -
143663:94-729        -            212 15697at4891          -            193   7.2e-09   30.9   0.1   4   4      0.19        27   -0.3   0.0    44    62   193   211   166   212 0.75 -
140077:5-511         -            169 15697at4891          -            193   1.1e-06   23.9   1.7   1   3   9.7e-05     0.014   10.4   0.1   119   174    27    83     5    94 0.60 -
140077:5-511         -            169 15697at4891          -            193   1.1e-06   23.9   1.7   2   3   0.00021      0.03    9.4   0.1   153   174   103   124    95   142 0.84 -
140077:5-511         -            169 15697at4891          -            193   1.1e-06   23.9   1.7   3   3      0.26        38   -0.8   0.0   153   170   146   163   125   167 0.71 -
145821:44-862        -            273 15697at4891          -            193   1.3e-06   23.6   5.7   1   6      0.55        79   -1.8   0.0   158   175     2    19     1    27 0.79 -
145821:44-862        -            273 15697at4891          -            193   1.3e-06   23.6   5.7   2   6     0.016       2.3    3.2   0.0   148   185    31    73    26    76 0.72 -
145821:44-862        -            273 15697at4891          -            193   1.3e-06   23.6   5.7   3   6     0.096        14    0.7   0.0   150   173    74    97    67   105 0.67 -
145821:44-862        -            273 15697at4891          -            193   1.3e-06   23.6   5.7   4   6     0.017       2.4    3.1   0.0   156   173   121   138   108   147 0.72 -
145821:44-862        -            273 15697at4891          -            193   1.3e-06   23.6   5.7   5   6    0.0013      0.19    6.8   0.0   148   177   202   231   199   237 0.88 -
145821:44-862        -            273 15697at4891          -            193   1.3e-06   23.6   5.7   6   6   0.00044     0.063    8.3   0.1   154   176   248   270   234   273 0.85 -
145769:0-1415        -            472 15697at4891          -            193   3.3e-06   22.3   2.9   1   5    0.0017      0.24    6.4   0.0    29    81    47   100    31   106 0.85 -
145769:0-1415        -            472 15697at4891          -            193   3.3e-06   22.3   2.9   2   5      0.76   1.1e+02   -2.3   0.1   145   172   148   178   145   196 0.69 -
145769:0-1415        -            472 15697at4891          -            193   3.3e-06   22.3   2.9   3   5     0.022       3.1    2.8   0.0   152   170   203   221   199   227 0.89 -
145769:0-1415        -            472 15697at4891          -            193   3.3e-06   22.3   2.9   4   5    0.0021       0.3    6.1   0.0   153   176   358   381   345   394 0.78 -
145769:0-1415        -            472 15697at4891          -            193   3.3e-06   22.3   2.9   5   5     0.018       2.6    3.0   0.0   146   169   390   416   386   424 0.76 -
145301:241-942       -            234 15697at4891          -            193   0.00015   16.9   1.6   1   4     0.045       6.5    1.7   0.0   153   177    20    44    12    56 0.75 -
145301:241-942       -            234 15697at4891          -            193   0.00015   16.9   1.6   2   4     0.051       7.4    1.5   0.0   155   175   106   126    91   129 0.85 -
145301:241-942       -            234 15697at4891          -            193   0.00015   16.9   1.6   3   4    0.0057      0.82    4.7   0.0   155   175   148   168   136   173 0.80 -
145301:241-942       -            234 15697at4891          -            193   0.00015   16.9   1.6   4   4    0.0056      0.81    4.7   0.0   146   175   179   211   175   216 0.77 -
145363:1-1098        -            366 15697at4891          -            193    0.0082   11.2   0.1   1   4      0.21        30   -0.4   0.0   144   176    37    69    13    75 0.87 -
145363:1-1098        -            366 15697at4891          -            193    0.0082   11.2   0.1   2   4      0.53        76   -1.8   0.0    49    64    88   103    78   108 0.74 -
145363:1-1098        -            366 15697at4891          -            193    0.0082   11.2   0.1   3   4    0.0026      0.37    5.8   0.0   136   157   139   160   119   170 0.78 -
145363:1-1098        -            366 15697at4891          -            193    0.0082   11.2   0.1   4   4      0.18        26   -0.2   0.0    47    63   229   245   220   250 0.84 -
#
# Program:         hmmsearch
# Version:         3.1b2 (February 2015)
# Pipeline mode:   SEARCH
# Query file:      /home/jj/Desktop/Bioinformatics/3rd_year/1term/Computational_genomics/Seminars/exercise_04/busco_downloads/lineages/saccharomycetes_odb10/hmms/15697at4891.hmm
# Target file:     /home/jj/Desktop/Bioinformatics/3rd_year/1term/Computational_genomics/Seminars/exercise_04/./busco/SRR7548448/SRR7548448_k63_contigs/run_saccharomycetes_odb10/metaeuk_output/initial_results/SRR7548448_k63_graph.contig.fa.modified.fas
# Option settings: hmmsearch --domtblout /home/jj/Desktop/Bioinformatics/3rd_year/1term/Computational_genomics/Seminars/exercise_04/./busco/SRR7548448/SRR7548448_k63_contigs/run_saccharomycetes_odb10/hmmer_output/initial_run_results/15697at4891.out --cpu 1 /home/jj/Desktop/Bioinformatics/3rd_year/1term/Computational_genomics/Seminars/exercise_04/busco_downloads/lineages/saccharomycetes_odb10/hmms/15697at4891.hmm /home/jj/Desktop/Bioinformatics/3rd_year/1term/Computational_genomics/Seminars/exercise_04/./busco/SRR7548448/SRR7548448_k63_contigs/run_saccharomycetes_odb10/metaeuk_output/initial_results/SRR7548448_k63_graph.contig.fa.modified.fas 
# Current dir:     /home/jj/Desktop/Bioinformatics/3rd_year/1term/Computational_genomics/Seminars/exercise_04
# Date:            Tue Nov  5 18:47:42 2024
# [ok]
