#                                                                            --- full sequence --- -------------- this domain -------------   hmm coord   ali coord   env coord
# target name        accession   tlen query name           accession   qlen   E-value  score  bias   #  of  c-Evalue  i-Evalue  score  bias  from    to  from    to  from    to  acc description of target
#------------------- ---------- ----- -------------------- ---------- ----- --------- ------ ----- --- --- --------- --------- ------ ----- ----- ----- ----- ----- ----- ----- ---- ---------------------
140077:5-511         -            169 15960at4891          -            258   5.1e-67  221.6   0.3   1   1   1.5e-68   6.7e-67  221.2   0.3    27   168     1   164     1   168 0.92 -
145301:241-942       -            234 15960at4891          -            258   3.2e-27   91.2   7.5   1   5   1.5e-09   6.9e-08   27.8   0.0   205   251     2    49     1    51 0.92 -
145301:241-942       -            234 15960at4891          -            258   3.2e-27   91.2   7.5   2   5   5.1e-08   2.3e-06   22.8   0.4   205   257    44    97    41    98 0.88 -
145301:241-942       -            234 15960at4891          -            258   3.2e-27   91.2   7.5   3   5   2.2e-10     1e-08   30.6   0.8   188   258    63   140    63   140 0.84 -
145301:241-942       -            234 15960at4891          -            258   3.2e-27   91.2   7.5   4   5   1.4e-06   6.6e-05   18.1   0.0    64    92   136   164   133   170 0.91 -
145301:241-942       -            234 15960at4891          -            258   3.2e-27   91.2   7.5   5   5   5.7e-05    0.0026   12.8   0.0    57    93   171   208   163   217 0.61 -
145769:0-1415        -            472 15960at4891          -            258   5.7e-22   74.0   1.5   1   4    0.0015      0.07    8.2   0.0   108   193    24   115    13   135 0.73 -
145769:0-1415        -            472 15960at4891          -            258   5.7e-22   74.0   1.5   2   4   1.5e-07   6.7e-06   21.3   0.8   175   240   147   221   133   224 0.84 -
145769:0-1415        -            472 15960at4891          -            258   5.7e-22   74.0   1.5   3   4     0.048       2.2    3.3   0.0    97   166   259   332   248   341 0.73 -
145769:0-1415        -            472 15960at4891          -            258   5.7e-22   74.0   1.5   4   4   6.7e-11     3e-09   32.3   0.1    60   167   342   461   335   465 0.73 -
145821:44-862        -            273 15960at4891          -            258   3.1e-19   65.1  10.7   1   3     1e-13   4.6e-12   41.5   4.3     9   135     3   143     1   157 0.80 -
145821:44-862        -            273 15960at4891          -            258   3.1e-19   65.1  10.7   2   3   0.00038     0.017   10.1   0.0     5    27   209   231   206   237 0.90 -
145821:44-862        -            273 15960at4891          -            258   3.1e-19   65.1  10.7   3   3   0.00024     0.011   10.8   0.1    68    92   241   265   231   272 0.77 -
143663:94-729        -            212 15960at4891          -            258   8.8e-17   57.0   2.2   1   3   0.00022    0.0098   11.0   0.0    73    93    12    32     2    54 0.59 -
143663:94-729        -            212 15960at4891          -            258   8.8e-17   57.0   2.2   2   3   3.9e-06   0.00018   16.7   0.0   220   256    74   111    33   113 0.84 -
143663:94-729        -            212 15960at4891          -            258   8.8e-17   57.0   2.2   3   3   6.6e-11     3e-09   32.3   0.4    59   164   102   212   101   212 0.85 -
143313:118-603       -            162 15960at4891          -            258   2.3e-15   52.3   5.1   1   3   0.00021    0.0096   11.0   0.0   202   241    10    50     3    58 0.84 -
143313:118-603       -            162 15960at4891          -            258   2.3e-15   52.3   5.1   2   3     2e-11     9e-10   34.0   0.9   205   257    61   114    51   115 0.92 -
143313:118-603       -            162 15960at4891          -            258   2.3e-15   52.3   5.1   3   3   0.00025     0.011   10.7   0.3    63    95   110   142   109   161 0.79 -
142977:2-622         -            207 15960at4891          -            258     1e-12   43.7   0.1   1   2   1.1e-06     5e-05   18.5   0.0   168   243     4    88     2   105 0.84 -
142977:2-622         -            207 15960at4891          -            258     1e-12   43.7   0.1   2   2   9.3e-08   4.2e-06   22.0   0.0    72   131   111   176    96   192 0.80 -
144137:68-793        -            242 15960at4891          -            258   7.9e-11   37.5   6.2   1   2   4.7e-10   2.2e-08   29.5   1.2    61   129   120   194   106   198 0.77 -
144137:68-793        -            242 15960at4891          -            258   7.9e-11   37.5   6.2   2   2    0.0031      0.14    7.1   0.2    63    92   206   235   198   241 0.52 -
145543:202-1035      -            278 15960at4891          -            258   2.2e-10   36.0   0.2   1   3     0.032       1.5    3.8   0.0    67    91     4    28     1    36 0.56 -
145543:202-1035      -            278 15960at4891          -            258   2.2e-10   36.0   0.2   2   3    0.0011     0.049    8.7   0.0   166   202    51    88    48    99 0.57 -
145543:202-1035      -            278 15960at4891          -            258   2.2e-10   36.0   0.2   3   3     4e-07   1.8e-05   19.9   0.1   134   202   115   188   105   194 0.82 -
144149:4-795         -            264 15960at4891          -            258   5.2e-10   34.8   1.4   1   3   1.7e-05   0.00078   14.6   0.4   204   255   109   161    16   163 0.74 -
144149:4-795         -            264 15960at4891          -            258   5.2e-10   34.8   1.4   2   3   1.6e-06   7.3e-05   17.9   0.0    63   130   159   232   154   239 0.79 -
144149:4-795         -            264 15960at4891          -            258   5.2e-10   34.8   1.4   3   3   0.00091     0.041    8.9   0.0    59   109   195   244   190   258 0.69 -
143819:146-751       -            202 15960at4891          -            258   5.6e-10   34.7   1.9   1   2   2.6e-10   1.2e-08   30.3   0.4   170   241     5    83     1    92 0.83 -
143819:146-751       -            202 15960at4891          -            258   5.6e-10   34.7   1.9   2   2     0.034       1.5    3.8   0.0    57   106   148   194   114   200 0.72 -
142803:50-655        -            202 15960at4891          -            258   9.2e-10   34.0   0.4   1   3    0.0063      0.29    6.2   0.0     9    38     3    32     1    39 0.76 -
142803:50-655        -            202 15960at4891          -            258   9.2e-10   34.0   0.4   2   3   0.00022      0.01   10.9   0.0     2    31    39    68    38    76 0.90 -
142803:50-655        -            202 15960at4891          -            258   9.2e-10   34.0   0.4   3   3   5.5e-05    0.0025   12.9   0.0    64   111    80   130    72   201 0.73 -
144541:1-852         -            284 15960at4891          -            258   2.7e-07   25.9  11.2   1   3       0.1       4.8    2.2   0.1    57    90    26    59    11    67 0.68 -
144541:1-852         -            284 15960at4891          -            258   2.7e-07   25.9  11.2   2   3   4.7e-06   0.00021   16.4   1.0   193   239    62   108    24   118 0.90 -
144541:1-852         -            284 15960at4891          -            258   2.7e-07   25.9  11.2   3   3   0.00013    0.0057   11.7   3.1   177   239   128   200   115   209 0.74 -
145907:182-1561      -            460 15960at4891          -            258   5.4e-07   24.9   1.9   1   4    0.0086      0.39    5.7   0.0   213   251    16    56     6    60 0.77 -
145907:182-1561      -            460 15960at4891          -            258   5.4e-07   24.9   1.9   2   4   5.8e-05    0.0026   12.8   0.3   137   243    71   178    65   191 0.71 -
145907:182-1561      -            460 15960at4891          -            258   5.4e-07   24.9   1.9   3   4      0.18       8.2    1.4   0.0    58    90   184   216   175   223 0.85 -
145907:182-1561      -            460 15960at4891          -            258   5.4e-07   24.9   1.9   4   4       1.1        51   -1.2   0.0   213   238   376   401   365   412 0.59 -
145365:0-995         -            332 15960at4891          -            258   1.2e-06   23.8   0.2   1   4     0.093       4.2    2.3   0.0    59    95    59   100    18   118 0.65 -
145365:0-995         -            332 15960at4891          -            258   1.2e-06   23.8   0.2   2   4      0.35        16    0.4   0.0   130   152   164   186   137   190 0.69 -
145365:0-995         -            332 15960at4891          -            258   1.2e-06   23.8   0.2   3   4     0.073       3.3    2.7   0.0   207   239   203   236   196   252 0.76 -
145365:0-995         -            332 15960at4891          -            258   1.2e-06   23.8   0.2   4   4   6.1e-05    0.0028   12.8   0.1   185   216   263   294   257   324 0.84 -
144489:26-847        -            274 15960at4891          -            258   1.5e-06   23.4   0.1   1   3   5.7e-06   0.00026   16.1   0.0    72   151     7    94     4   104 0.75 -
144489:26-847        -            274 15960at4891          -            258   1.5e-06   23.4   0.1   2   3     0.018       0.8    4.7   0.0    84   128   126   178   113   194 0.67 -
144489:26-847        -            274 15960at4891          -            258   1.5e-06   23.4   0.1   3   3       8.5   3.9e+02   -4.1   0.0    98   119   245   266   242   267 0.82 -
136257:22-312        -             97 15960at4891          -            258     7e-06   21.3   0.4   1   1   9.4e-07   4.3e-05   18.7   0.4   115   201     4    96     1    97 0.72 -
143253:125-688       -            188 15960at4891          -            258   0.00094   14.3   0.0   1   2     0.016      0.72    4.8   0.0    63    90    26    53    20   107 0.76 -
143253:125-688       -            188 15960at4891          -            258   0.00094   14.3   0.0   2   2    0.0028      0.13    7.3   0.0   101   136   113   149   104   174 0.60 -
145363:1-1098        -            366 15960at4891          -            258    0.0034   12.5   0.0   1   1   0.00014    0.0063   11.6   0.0    64    94   120   150   111   185 0.84 -
#
# Program:         hmmsearch
# Version:         3.1b2 (February 2015)
# Pipeline mode:   SEARCH
# Query file:      /home/jj/Desktop/Bioinformatics/3rd_year/1term/Computational_genomics/Seminars/exercise_04/busco_downloads/lineages/saccharomycetes_odb10/hmms/15960at4891.hmm
# Target file:     /home/jj/Desktop/Bioinformatics/3rd_year/1term/Computational_genomics/Seminars/exercise_04/./busco/SRR7548448/SRR7548448_k63_contigs/run_saccharomycetes_odb10/metaeuk_output/initial_results/SRR7548448_k63_graph.contig.fa.modified.fas
# Option settings: hmmsearch --domtblout /home/jj/Desktop/Bioinformatics/3rd_year/1term/Computational_genomics/Seminars/exercise_04/./busco/SRR7548448/SRR7548448_k63_contigs/run_saccharomycetes_odb10/hmmer_output/initial_run_results/15960at4891.out --cpu 1 /home/jj/Desktop/Bioinformatics/3rd_year/1term/Computational_genomics/Seminars/exercise_04/busco_downloads/lineages/saccharomycetes_odb10/hmms/15960at4891.hmm /home/jj/Desktop/Bioinformatics/3rd_year/1term/Computational_genomics/Seminars/exercise_04/./busco/SRR7548448/SRR7548448_k63_contigs/run_saccharomycetes_odb10/metaeuk_output/initial_results/SRR7548448_k63_graph.contig.fa.modified.fas 
# Current dir:     /home/jj/Desktop/Bioinformatics/3rd_year/1term/Computational_genomics/Seminars/exercise_04
# Date:            Tue Nov  5 18:47:42 2024
# [ok]
