#                                                                            --- full sequence --- -------------- this domain -------------   hmm coord   ali coord   env coord
# target name        accession   tlen query name           accession   qlen   E-value  score  bias   #  of  c-Evalue  i-Evalue  score  bias  from    to  from    to  from    to  acc description of target
#------------------- ---------- ----- -------------------- ---------- ----- --------- ------ ----- --- --- --------- --------- ------ ----- ----- ----- ----- ----- ----- ----- ---- ---------------------
145821:44-862        -            273 17077at4891          -            266   2.5e-37  124.3   7.2   1   2   2.3e-29   8.8e-28   93.0   4.1    32   182     1   155     1   171 0.87 -
145821:44-862        -            273 17077at4891          -            266   2.5e-37  124.3   7.2   2   2   1.9e-10   7.1e-09   31.0   0.0    71   132   208   269   196   273 0.59 -
145301:241-942       -            234 17077at4891          -            266     1e-35  119.0   0.7   1   2     2e-25   7.4e-24   80.1   0.2     8   144     1   139     1   140 0.94 -
145301:241-942       -            234 17077at4891          -            266     1e-35  119.0   0.7   2   2   1.7e-14   6.2e-13   44.3   0.0     7    89   126   208   122   213 0.92 -
142977:2-622         -            207 17077at4891          -            266   1.2e-28   95.8   0.0   1   2   3.9e-06   0.00015   16.9   0.0    55    89     9    43     2    44 0.63 -
142977:2-622         -            207 17077at4891          -            266   1.2e-28   95.8   0.0   2   2   5.9e-25   2.2e-23   78.6   0.0     2   131    42   176    41   183 0.89 -
145769:0-1415        -            472 17077at4891          -            266   1.2e-26   89.3   1.5   1   4      0.03       1.1    4.1   0.0   147   193    28    75    15   103 0.79 -
145769:0-1415        -            472 17077at4891          -            266   1.2e-26   89.3   1.5   2   4   1.2e-06   4.6e-05   18.5   0.1     6    88   138   222   133   226 0.86 -
145769:0-1415        -            472 17077at4891          -            266   1.2e-26   89.3   1.5   3   4   9.7e-10   3.6e-08   28.7   0.0     9   128   255   376   245   377 0.88 -
145769:0-1415        -            472 17077at4891          -            266   1.2e-26   89.3   1.5   4   4   5.2e-18   1.9e-16   55.8   0.1    12   137   343   472   341   472 0.88 -
143313:118-603       -            162 17077at4891          -            266   3.2e-24   81.3   0.8   1   1     1e-25   3.9e-24   81.1   0.8     7   144    11   155     5   159 0.91 -
144137:68-793        -            242 17077at4891          -            266   7.2e-22   73.6   1.5   1   1   2.6e-23   9.7e-22   73.2   1.5     5   129   111   236   107   241 0.93 -
144149:4-795         -            264 17077at4891          -            266   4.3e-20   67.8   0.7   1   3   5.7e-10   2.1e-08   29.5   0.0    20   144    31   163    21   167 0.81 -
144149:4-795         -            264 17077at4891          -            266   4.3e-20   67.8   0.7   2   3   3.3e-09   1.3e-07   26.9   0.0    95   144   155   205   152   210 0.93 -
144149:4-795         -            264 17077at4891          -            266   4.3e-20   67.8   0.7   3   3   6.4e-07   2.4e-05   19.4   0.1    95   144   197   249   197   253 0.88 -
143663:94-729        -            212 17077at4891          -            266   6.3e-19   64.0   1.2   1   2   3.6e-06   0.00013   17.0   0.0    13    54     1    39     1    58 0.82 -
143663:94-729        -            212 17077at4891          -            266   6.3e-19   64.0   1.2   2   2     3e-14   1.1e-12   43.5   0.3    30   125    79   172    68   212 0.51 -
140077:5-511         -            169 17077at4891          -            266   6.1e-18   60.7   0.2   1   2     9e-06   0.00034   15.7   0.0    98   145     7    56     3    58 0.85 -
140077:5-511         -            169 17077at4891          -            266   6.1e-18   60.7   0.2   2   2   3.8e-16   1.4e-14   49.7   0.1    10   200    45   161    40   166 0.48 -
144541:1-852         -            284 17077at4891          -            266   7.9e-18   60.4   6.4   1   3     2e-14   7.3e-13   44.1   1.4    11   124    27   152    15   155 0.84 -
144541:1-852         -            284 17077at4891          -            266   7.9e-18   60.4   6.4   2   3   1.9e-06   7.3e-05   17.9   0.1     3    45   158   201   156   206 0.88 -
144541:1-852         -            284 17077at4891          -            266   7.9e-18   60.4   6.4   3   3       1.3        50   -1.3   0.0   216   244   231   259   201   267 0.76 -
145543:202-1035      -            278 17077at4891          -            266   2.4e-14   49.0   1.1   1   4     0.013      0.48    5.4   0.0   100   128     1    29     1    39 0.80 -
145543:202-1035      -            278 17077at4891          -            266   2.4e-14   49.0   1.1   2   4   1.4e-05   0.00054   15.0   0.0    10    48    56    93    50   100 0.91 -
145543:202-1035      -            278 17077at4891          -            266   2.4e-14   49.0   1.1   3   4     0.067       2.5    3.0   0.2     3    44   107   147   105   156 0.75 -
145543:202-1035      -            278 17077at4891          -            266   2.4e-14   49.0   1.1   4   4   1.2e-07   4.5e-06   21.8   0.0     7    57   153   202   147   206 0.81 -
142803:50-655        -            202 17077at4891          -            266   8.2e-12   40.6   2.2   1   2   3.3e-08   1.3e-06   23.6   0.1    32    88     1    58     1    60 0.89 -
142803:50-655        -            202 17077at4891          -            266   8.2e-12   40.6   2.2   2   2   3.2e-08   1.2e-06   23.7   0.2     6    86    18   106    17   118 0.89 -
144489:26-847        -            274 17077at4891          -            266   1.1e-11   40.2   0.4   1   2     4e-07   1.5e-05   20.1   0.3    24    87     5    70     2    79 0.87 -
144489:26-847        -            274 17077at4891          -            266   1.1e-11   40.2   0.4   2   2   1.7e-06   6.6e-05   18.0   0.0    87   132   136   182   116   198 0.81 -
143819:146-751       -            202 17077at4891          -            266   5.6e-11   37.9   0.5   1   3     0.018      0.68    4.9   0.0    53    84     6    37     2    42 0.60 -
143819:146-751       -            202 17077at4891          -            266   5.6e-11   37.9   0.5   2   3   7.7e-10   2.9e-08   29.0   0.2     9    75    47   111    39   181 0.73 -
143819:146-751       -            202 17077at4891          -            266   5.6e-11   37.9   0.5   3   3      0.15       5.7    1.8   0.0   219   237   166   184   121   198 0.69 -
143253:125-688       -            188 17077at4891          -            266   4.1e-10   35.1   0.0   1   1   1.4e-11   5.3e-10   34.7   0.0    13   130    23   143    12   151 0.86 -
144947:219-944       -            242 17077at4891          -            266   1.2e-09   33.5   0.5   1   2   6.7e-06   0.00025   16.1   0.1    32   174    11   170     6   185 0.72 -
144947:219-944       -            242 17077at4891          -            266   1.2e-09   33.5   0.5   2   2   5.8e-05    0.0022   13.0   0.1    20    76   186   241   171   242 0.86 -
136257:22-312        -             97 17077at4891          -            266   7.7e-06   21.1   0.3   1   2     0.067       2.5    3.0   0.0   150   168     4    22     1    32 0.60 -
136257:22-312        -             97 17077at4891          -            266   7.7e-06   21.1   0.3   2   2   4.9e-06   0.00019   16.5   0.1    33    85    44    97    27    97 0.74 -
145365:0-995         -            332 17077at4891          -            266   1.9e-05   19.8   1.0   1   3       0.5        19    0.1   0.0    16    42    66    93    31   112 0.52 -
145365:0-995         -            332 17077at4891          -            266   1.9e-05   19.8   1.0   2   3      0.17       6.5    1.6   0.0    13    49   205   241   193   253 0.76 -
145365:0-995         -            332 17077at4891          -            266   1.9e-05   19.8   1.0   3   3     0.021      0.77    4.7   0.0   193   235   284   326   282   331 0.87 -
144603:3-800         -            266 17077at4891          -            266   2.2e-05   19.6   0.2   1   3     0.051       1.9    3.4   0.0   218   241    26    49    15    71 0.74 -
144603:3-800         -            266 17077at4891          -            266   2.2e-05   19.6   0.2   2   3      0.18       6.8    1.6   0.1   112   130    75    92    71   139 0.71 -
144603:3-800         -            266 17077at4891          -            266   2.2e-05   19.6   0.2   3   3   0.00038     0.014   10.4   0.0     6    50   140   184   134   198 0.85 -
145907:182-1561      -            460 17077at4891          -            266   2.4e-05   19.5   0.1   1   4     0.034       1.3    4.0   0.0   100   126    16    44     4    50 0.63 -
145907:182-1561      -            460 17077at4891          -            266   2.4e-05   19.5   0.1   2   4     0.009      0.34    5.8   0.0    71   103    29    61    15   111 0.56 -
145907:182-1561      -            460 17077at4891          -            266   2.4e-05   19.5   0.1   3   4     0.041       1.5    3.7   0.0   170   212    67   111    55   172 0.66 -
145907:182-1561      -            460 17077at4891          -            266   2.4e-05   19.5   0.1   4   4     0.051       1.9    3.4   0.0    12    44   185   216   179   225 0.87 -
144833:0-911         -            304 17077at4891          -            266   8.5e-05   17.6   0.4   1   2       0.9        34   -0.7   0.0    27    45   202   220   195   226 0.82 -
144833:0-911         -            304 17077at4891          -            266   8.5e-05   17.6   0.4   2   2   9.2e-06   0.00035   15.6   0.2     4    53   251   300   246   304 0.81 -
145363:1-1098        -            366 17077at4891          -            266   0.00034   15.7   0.0   1   1   3.9e-05    0.0015   13.6   0.0    12    48   115   150   105   176 0.82 -
144353:2-823         -            274 17077at4891          -            266    0.0068   11.4   0.0   1   3    0.0045      0.17    6.8   0.0    11    50    16    54     7    80 0.70 -
144353:2-823         -            274 17077at4891          -            266    0.0068   11.4   0.0   2   3      0.28        11    0.9   0.0   110   130   142   162   131   172 0.77 -
144353:2-823         -            274 17077at4891          -            266    0.0068   11.4   0.0   3   3         1        38   -0.9   0.0    18   119   224   242   188   264 0.60 -
#
# Program:         hmmsearch
# Version:         3.1b2 (February 2015)
# Pipeline mode:   SEARCH
# Query file:      /home/jj/Desktop/Bioinformatics/3rd_year/1term/Computational_genomics/Seminars/exercise_04/busco_downloads/lineages/saccharomycetes_odb10/hmms/17077at4891.hmm
# Target file:     /home/jj/Desktop/Bioinformatics/3rd_year/1term/Computational_genomics/Seminars/exercise_04/./busco/SRR7548448/SRR7548448_k63_contigs/run_saccharomycetes_odb10/metaeuk_output/initial_results/SRR7548448_k63_graph.contig.fa.modified.fas
# Option settings: hmmsearch --domtblout /home/jj/Desktop/Bioinformatics/3rd_year/1term/Computational_genomics/Seminars/exercise_04/./busco/SRR7548448/SRR7548448_k63_contigs/run_saccharomycetes_odb10/hmmer_output/initial_run_results/17077at4891.out --cpu 1 /home/jj/Desktop/Bioinformatics/3rd_year/1term/Computational_genomics/Seminars/exercise_04/busco_downloads/lineages/saccharomycetes_odb10/hmms/17077at4891.hmm /home/jj/Desktop/Bioinformatics/3rd_year/1term/Computational_genomics/Seminars/exercise_04/./busco/SRR7548448/SRR7548448_k63_contigs/run_saccharomycetes_odb10/metaeuk_output/initial_results/SRR7548448_k63_graph.contig.fa.modified.fas 
# Current dir:     /home/jj/Desktop/Bioinformatics/3rd_year/1term/Computational_genomics/Seminars/exercise_04
# Date:            Tue Nov  5 18:47:44 2024
# [ok]
