#                                                                            --- full sequence --- -------------- this domain -------------   hmm coord   ali coord   env coord
# target name        accession   tlen query name           accession   qlen   E-value  score  bias   #  of  c-Evalue  i-Evalue  score  bias  from    to  from    to  from    to  acc description of target
#------------------- ---------- ----- -------------------- ---------- ----- --------- ------ ----- --- --- --------- --------- ------ ----- ----- ----- ----- ----- ----- ----- ---- ---------------------
142899:7-642         -            212 17728at4891          -            243   1.5e-47  157.5   0.0   1   1   7.7e-49     2e-47  157.0   0.0    64   221     4   175     3   198 0.89 -
144279:254-808       -            185 17728at4891          -            243   2.1e-46  153.7   0.0   1   1     9e-48   2.4e-46  153.5   0.0    89   226     1   144     1   163 0.92 -
143305:7-633         -            209 17728at4891          -            243   2.6e-35  117.4   0.1   1   1   9.7e-36   2.5e-34  114.1   0.1    90   205     2   133     1   177 0.86 -
141463:27-569        -            181 17728at4891          -            243   4.1e-22   74.1   0.0   1   1   1.9e-23   4.9e-22   73.9   0.0    87   201    40   161     3   166 0.88 -
145175:14-847        -            278 17728at4891          -            243   8.2e-22   73.2   0.4   1   2     3e-18   7.7e-17   56.9   0.3     3   142     3   155     1   162 0.76 -
145175:14-847        -            278 17728at4891          -            243   8.2e-22   73.2   0.4   2   2   2.3e-05   0.00059   14.7   0.0   128   176   163   213   156   232 0.85 -
139477:0-491         -            164 17728at4891          -            243   1.8e-21   72.0   0.0   1   1   1.6e-22   4.2e-21   70.8   0.0   137   211    24    98     1   111 0.84 -
137929:9-443         -            145 17728at4891          -            243   3.9e-21   71.0   0.0   1   1   1.7e-22   4.5e-21   70.8   0.0    83   181    11   115     3   131 0.80 -
141063:9-554         -            182 17728at4891          -            243   4.3e-21   70.8   0.0   1   1   2.2e-22   5.9e-21   70.4   0.0    90   176    80   170    67   181 0.86 -
145155:2-835         -            278 17728at4891          -            243   1.1e-19   66.3   0.0   1   1   5.4e-21   1.4e-19   65.8   0.0     6   180    17   218    13   248 0.71 -
144839:7-642         -            212 17728at4891          -            243   1.9e-19   65.5   0.0   1   1   7.7e-21     2e-19   65.3   0.0    48   184     1   147     1   205 0.83 -
144109:10-744        -            245 17728at4891          -            243   5.8e-18   60.6   0.0   1   1   7.1e-19   1.9e-17   58.9   0.0    91   210    13   166     5   171 0.69 -
143027:172-651       -            160 17728at4891          -            243   7.2e-18   60.2   0.1   1   1   3.6e-19   9.4e-18   59.9   0.1     3   136     3   153     1   158 0.79 -
143351:5-469         -            155 17728at4891          -            243   1.1e-16   56.4   0.1   1   1   4.6e-18   1.2e-16   56.2   0.1    41   134    54   154     7   155 0.82 -
137919:7-429         -            141 17728at4891          -            243   3.5e-16   54.7   0.0   1   1   1.6e-17   4.2e-16   54.5   0.0   104   180     2    83     1    99 0.82 -
138573:6-455         -            150 17728at4891          -            243   1.6e-15   52.6   0.0   1   1   7.4e-17   1.9e-15   52.3   0.0    99   188     9   104     2   131 0.78 -
138105:16-444        -            143 17728at4891          -            243   4.2e-15   51.2   0.1   1   1   1.8e-16   4.7e-15   51.0   0.1     7   135     3   143     1   143 0.80 -
143033:187-669       -            161 17728at4891          -            243   1.1e-14   49.8   0.3   1   1   5.3e-16   1.4e-14   49.5   0.3     7   136     3   142     1   153 0.78 -
141797:1-591         -            197 17728at4891          -            243   1.4e-14   49.4   0.0   1   1   6.7e-16   1.8e-14   49.2   0.0    97   187    43   144    20   161 0.78 -
139745:4-501         -            166 17728at4891          -            243   1.9e-14   49.1   0.0   1   2   2.1e-08   5.6e-07   24.6   0.0    97   139     2    45     1    53 0.88 -
139745:4-501         -            166 17728at4891          -            243   1.9e-14   49.1   0.0   2   2   8.5e-08   2.2e-06   22.6   0.0   140   174   131   165   124   166 0.88 -
139915:3-470         -            156 17728at4891          -            243   2.4e-14   48.7   0.0   1   2   1.1e-11     3e-10   35.3   0.1    91   135    27    71     1    77 0.80 -
139915:3-470         -            156 17728at4891          -            243   2.4e-14   48.7   0.0   2   2   0.00018    0.0047   11.7   0.0   137   192    96   150    88   155 0.83 -
143795:67-747        -            227 17728at4891          -            243   2.6e-14   48.6   0.0   1   2   4.2e-12   1.1e-10   36.7   0.0    90   137    27    74    11    83 0.88 -
143795:67-747        -            227 17728at4891          -            243   2.6e-14   48.6   0.0   2   2   0.00061     0.016   10.0   0.0   141   181   116   159   104   195 0.77 -
144977:40-684        -            215 17728at4891          -            243   1.1e-13   46.6   0.1   1   2   2.6e-06   6.8e-05   17.8   0.1    93   122    40    69    11    79 0.84 -
144977:40-684        -            215 17728at4891          -            243   1.1e-13   46.6   0.1   2   2   4.1e-09   1.1e-07   27.0   0.0   124   189    95   163    91   187 0.77 -
139911:55-507        -            151 17728at4891          -            243   2.5e-13   45.4   0.0   1   1   1.9e-13   4.9e-12   41.2   0.0   100   187     6   108     2   123 0.76 -
144797:1-714         -            238 17728at4891          -            243   3.1e-13   45.1   0.0   1   1   1.7e-14   4.4e-13   44.6   0.0    88   176    30   126    16   142 0.78 -
145735:713-1261      -            183 17728at4891          -            243   1.4e-12   42.9   0.0   1   1   1.5e-13   3.9e-12   41.5   0.0    93   135    29    71     2   149 0.75 -
140939:17-526        -            170 17728at4891          -            243     4e-12   41.4   0.0   1   1   5.4e-12   1.4e-10   36.4   0.0    92   177     7   117     3   152 0.73 -
144479:2-847         -            282 17728at4891          -            243   2.3e-10   35.7   0.0   1   2   0.00045     0.012   10.4   0.0   105   124    35    54    31    79 0.83 -
144479:2-847         -            282 17728at4891          -            243   2.3e-10   35.7   0.0   2   2   5.9e-08   1.5e-06   23.2   0.0   125   186    94   160    88   193 0.78 -
138137:12-449        -            146 17728at4891          -            243   9.1e-10   33.7   0.0   1   1     4e-11     1e-09   33.5   0.0    92   146    80   134    49   145 0.84 -
143007:66-662        -            199 17728at4891          -            243   8.5e-09   30.5   0.0   1   1   5.8e-10   1.5e-08   29.7   0.0    66   160    73   174     3   181 0.70 -
136307:2-403         -            134 17728at4891          -            243   1.2e-07   26.8   0.2   1   1   5.2e-09   1.4e-07   26.6   0.2     7   127     1   134     1   134 0.74 -
142181:21-614        -            198 17728at4891          -            243   2.8e-06   22.3   0.0   1   1   1.7e-07   4.5e-06   21.6   0.0    57   134    88   163    77   195 0.76 -
136623:8-412         -            135 17728at4891          -            243   9.3e-06   20.6   0.0   1   1   1.2e-05    0.0003   15.6   0.0   115   187     1    89     1   106 0.66 -
144845:209-790       -            194 17728at4891          -            243   1.3e-05   20.1   0.7   1   1   6.7e-06   0.00017   16.4   0.7    26   133    59   190    34   193 0.60 -
#
# Program:         hmmsearch
# Version:         3.1b2 (February 2015)
# Pipeline mode:   SEARCH
# Query file:      /home/jj/Desktop/Bioinformatics/3rd_year/1term/Computational_genomics/Seminars/exercise_04/busco_downloads/lineages/saccharomycetes_odb10/hmms/17728at4891.hmm
# Target file:     /home/jj/Desktop/Bioinformatics/3rd_year/1term/Computational_genomics/Seminars/exercise_04/./busco/SRR7548448/SRR7548448_k63_contigs/run_saccharomycetes_odb10/metaeuk_output/initial_results/SRR7548448_k63_graph.contig.fa.modified.fas
# Option settings: hmmsearch --domtblout /home/jj/Desktop/Bioinformatics/3rd_year/1term/Computational_genomics/Seminars/exercise_04/./busco/SRR7548448/SRR7548448_k63_contigs/run_saccharomycetes_odb10/hmmer_output/initial_run_results/17728at4891.out --cpu 1 /home/jj/Desktop/Bioinformatics/3rd_year/1term/Computational_genomics/Seminars/exercise_04/busco_downloads/lineages/saccharomycetes_odb10/hmms/17728at4891.hmm /home/jj/Desktop/Bioinformatics/3rd_year/1term/Computational_genomics/Seminars/exercise_04/./busco/SRR7548448/SRR7548448_k63_contigs/run_saccharomycetes_odb10/metaeuk_output/initial_results/SRR7548448_k63_graph.contig.fa.modified.fas 
# Current dir:     /home/jj/Desktop/Bioinformatics/3rd_year/1term/Computational_genomics/Seminars/exercise_04
# Date:            Tue Nov  5 18:47:45 2024
# [ok]
