#                                                                            --- full sequence --- -------------- this domain -------------   hmm coord   ali coord   env coord
# target name        accession   tlen query name           accession   qlen   E-value  score  bias   #  of  c-Evalue  i-Evalue  score  bias  from    to  from    to  from    to  acc description of target
#------------------- ---------- ----- -------------------- ---------- ----- --------- ------ ----- --- --- --------- --------- ------ ----- ----- ----- ----- ----- ----- ----- ---- ---------------------
139581:283-450       -             56 17898at4891          -            301   4.1e-10   35.2   2.5   1   2       1.2   2.1e+02   -3.2   0.7   241   247     2     8     2    10 0.84 -
139581:283-450       -             56 17898at4891          -            301   4.1e-10   35.2   2.5   2   2   2.4e-12   4.1e-10   35.2   2.5   254   278    31    55    27    56 0.95 -
130433:119-274       -             52 17898at4891          -            301   5.3e-08   28.3   4.3   1   1   3.1e-10   5.3e-08   28.3   4.3   254   278    28    52     3    52 0.82 -
141085:393-518       -             42 17898at4891          -            301   4.1e-06   22.1  10.0   1   1   2.7e-08   4.6e-06   21.9  10.0   240   278     1    42     1    42 0.84 -
140705:59-466        -            136 17898at4891          -            301   4.5e-05   18.6   2.5   1   2      0.43        74   -1.8   0.3   238   279    38    46    26    57 0.69 -
140705:59-466        -            136 17898at4891          -            301   4.5e-05   18.6   2.5   2   2   2.6e-07   4.5e-05   18.6   2.5   255   282    69    99    66   111 0.82 -
125775:46-261        -             72 17898at4891          -            301       2.6    3.0  14.5   1   2     0.032       5.5    1.9   1.1   271   283    23    35    15    49 0.71 -
125775:46-261        -             72 17898at4891          -            301       2.6    3.0  14.5   2   2    0.0013      0.23    6.5   6.4   255   268    59    72    56    72 0.95 -
#
# Program:         hmmsearch
# Version:         3.1b2 (February 2015)
# Pipeline mode:   SEARCH
# Query file:      /home/jj/Desktop/Bioinformatics/3rd_year/1term/Computational_genomics/Seminars/exercise_04/busco_downloads/lineages/saccharomycetes_odb10/hmms/17898at4891.hmm
# Target file:     /home/jj/Desktop/Bioinformatics/3rd_year/1term/Computational_genomics/Seminars/exercise_04/./busco/SRR7548448/SRR7548448_k63_contigs/run_saccharomycetes_odb10/metaeuk_output/initial_results/SRR7548448_k63_graph.contig.fa.modified.fas
# Option settings: hmmsearch --domtblout /home/jj/Desktop/Bioinformatics/3rd_year/1term/Computational_genomics/Seminars/exercise_04/./busco/SRR7548448/SRR7548448_k63_contigs/run_saccharomycetes_odb10/hmmer_output/initial_run_results/17898at4891.out --cpu 1 /home/jj/Desktop/Bioinformatics/3rd_year/1term/Computational_genomics/Seminars/exercise_04/busco_downloads/lineages/saccharomycetes_odb10/hmms/17898at4891.hmm /home/jj/Desktop/Bioinformatics/3rd_year/1term/Computational_genomics/Seminars/exercise_04/./busco/SRR7548448/SRR7548448_k63_contigs/run_saccharomycetes_odb10/metaeuk_output/initial_results/SRR7548448_k63_graph.contig.fa.modified.fas 
# Current dir:     /home/jj/Desktop/Bioinformatics/3rd_year/1term/Computational_genomics/Seminars/exercise_04
# Date:            Tue Nov  5 18:47:45 2024
# [ok]
