#                                                                            --- full sequence --- -------------- this domain -------------   hmm coord   ali coord   env coord
# target name        accession   tlen query name           accession   qlen   E-value  score  bias   #  of  c-Evalue  i-Evalue  score  bias  from    to  from    to  from    to  acc description of target
#------------------- ---------- ----- -------------------- ---------- ----- --------- ------ ----- --- --- --------- --------- ------ ----- ----- ----- ----- ----- ----- ----- ---- ---------------------
142097:117-608       -            164 18510at4891          -            246   1.9e-20   69.4   1.0   1   3   1.1e-13   5.7e-12   41.6   0.0    52   126    21    99     7   102 0.81 -
142097:117-608       -            164 18510at4891          -            246   1.9e-20   69.4   1.0   2   3     4e-07   2.2e-05   20.1   0.0   182   211    74   103    66   116 0.88 -
142097:117-608       -            164 18510at4891          -            246   1.9e-20   69.4   1.0   3   3   2.4e-06   0.00013   17.6   0.1   213   244   125   156   117   158 0.81 -
144461:10-831        -            274 18510at4891          -            246   8.7e-19   64.0   0.5   1   2     3e-11   1.6e-09   33.6   0.1    13   127     3   133     1   140 0.79 -
144461:10-831        -            274 18510at4891          -            246   8.7e-19   64.0   0.5   2   2   5.7e-12   3.1e-10   36.0   0.0    12   147   108   247    98   270 0.80 -
144201:7-801         -            265 18510at4891          -            246   1.1e-17   60.4   0.6   1   3   1.3e-10   6.8e-09   31.6   0.0    31   129     2   114     1   130 0.74 -
144201:7-801         -            265 18510at4891          -            246   1.1e-17   60.4   0.6   2   3   3.9e-09   2.1e-07   26.7   0.1   134   210   142   214   126   233 0.80 -
144201:7-801         -            265 18510at4891          -            246   1.1e-17   60.4   0.6   3   3    0.0024      0.13    7.7   0.0    19    51   194   226   186   264 0.53 -
142839:31-621        -            197 18510at4891          -            246     5e-17   58.2   0.3   1   2   5.8e-12   3.2e-10   35.9   0.0    11   135    28   159    21   163 0.87 -
142839:31-621        -            197 18510at4891          -            246     5e-17   58.2   0.3   2   2   2.6e-09   1.4e-07   27.3   0.1     2    83   116   197   115   197 0.89 -
142283:0-563         -            188 18510at4891          -            246   2.3e-16   56.0   0.4   1   2   2.9e-15   1.6e-13   46.7   0.1     9   128    12   137     5   148 0.83 -
142283:0-563         -            188 18510at4891          -            246   2.3e-16   56.0   0.4   2   2    0.0021      0.11    7.9   0.0    54    86   156   188   138   188 0.93 -
141067:1-555         -            185 18510at4891          -            246   3.9e-14   48.7   0.1   1   1   4.3e-13   2.3e-11   39.7   0.1    70   210     1   164     1   174 0.76 -
143255:5-688         -            228 18510at4891          -            246   9.3e-14   47.5   3.0   1   3   0.00047     0.025   10.0   0.3    56   127     2    73     1    77 0.67 -
143255:5-688         -            228 18510at4891          -            246   9.3e-14   47.5   3.0   2   3   8.3e-11   4.5e-09   32.2   0.1     8   128    45   176    40   184 0.74 -
143255:5-688         -            228 18510at4891          -            246   9.3e-14   47.5   3.0   3   3   0.00018    0.0099   11.4   0.0    54    83   198   227   185   228 0.87 -
140361:20-523        -            168 18510at4891          -            246   5.3e-13   45.0   0.4   1   2   4.4e-09   2.4e-07   26.5   0.1    12    91    10    89     2   100 0.81 -
140361:20-523        -            168 18510at4891          -            246   5.3e-13   45.0   0.4   2   2     3e-06   0.00016   17.3   0.0     8    70   104   168    97   168 0.80 -
145631:2-904         -            301 18510at4891          -            246   1.7e-12   43.4   0.6   1   1   2.2e-12   1.2e-10   37.4   0.6     7   200     9   227     4   233 0.77 -
144901:479-925       -            149 18510at4891          -            246   3.4e-11   39.1   0.0   1   1   8.7e-13   4.7e-11   38.6   0.0    15   129     1   117     1   144 0.77 -
138951:2-475         -            158 18510at4891          -            246   2.2e-10   36.4   0.2   1   2   1.3e-09   7.2e-08   28.2   0.1    59   128     2    73     1    78 0.88 -
138951:2-475         -            158 18510at4891          -            246   2.2e-10   36.4   0.2   2   2    0.0048      0.26    6.7   0.0    54    96   100   142    82   158 0.77 -
138685:10-465        -            152 18510at4891          -            246   1.1e-09   34.1   0.7   1   1   1.9e-09     1e-07   27.7   0.7   134   210    53   125     1   136 0.83 -
139317:1-486         -            162 18510at4891          -            246   1.7e-09   33.5   0.1   1   1   7.5e-11     4e-09   32.3   0.1    44   174    15   147     8   160 0.87 -
143297:53-682        -            210 18510at4891          -            246   2.1e-09   33.2   0.0   1   3    0.0013     0.068    8.6   0.0   152   205     2    53     1    74 0.67 -
143297:53-682        -            210 18510at4891          -            246   2.1e-09   33.2   0.0   2   3   7.8e-08   4.2e-06   22.4   0.0    55   127    84   161    55   180 0.81 -
143297:53-682        -            210 18510at4891          -            246   2.1e-09   33.2   0.0   3   3    0.0008     0.043    9.3   0.1   104   127   138   161   137   210 0.73 -
139299:2-484         -            161 18510at4891          -            246   1.3e-05   20.8   0.0   1   1   2.8e-07   1.5e-05   20.6   0.0    14   123    41   160    28   161 0.74 -
137551:4-429         -            142 18510at4891          -            246   0.00011   17.8   0.1   1   2   8.4e-05    0.0045   12.5   0.0    46   127    17   104     2   119 0.64 -
137551:4-429         -            142 18510at4891          -            246   0.00011   17.8   0.1   2   2     0.032       1.7    4.0   0.0    53    70   124   141   105   142 0.79 -
#
# Program:         hmmsearch
# Version:         3.1b2 (February 2015)
# Pipeline mode:   SEARCH
# Query file:      /home/jj/Desktop/Bioinformatics/3rd_year/1term/Computational_genomics/Seminars/exercise_04/busco_downloads/lineages/saccharomycetes_odb10/hmms/18510at4891.hmm
# Target file:     /home/jj/Desktop/Bioinformatics/3rd_year/1term/Computational_genomics/Seminars/exercise_04/./busco/SRR7548448/SRR7548448_k63_contigs/run_saccharomycetes_odb10/metaeuk_output/initial_results/SRR7548448_k63_graph.contig.fa.modified.fas
# Option settings: hmmsearch --domtblout /home/jj/Desktop/Bioinformatics/3rd_year/1term/Computational_genomics/Seminars/exercise_04/./busco/SRR7548448/SRR7548448_k63_contigs/run_saccharomycetes_odb10/hmmer_output/initial_run_results/18510at4891.out --cpu 1 /home/jj/Desktop/Bioinformatics/3rd_year/1term/Computational_genomics/Seminars/exercise_04/busco_downloads/lineages/saccharomycetes_odb10/hmms/18510at4891.hmm /home/jj/Desktop/Bioinformatics/3rd_year/1term/Computational_genomics/Seminars/exercise_04/./busco/SRR7548448/SRR7548448_k63_contigs/run_saccharomycetes_odb10/metaeuk_output/initial_results/SRR7548448_k63_graph.contig.fa.modified.fas 
# Current dir:     /home/jj/Desktop/Bioinformatics/3rd_year/1term/Computational_genomics/Seminars/exercise_04
# Date:            Tue Nov  5 18:47:46 2024
# [ok]
