#                                                                            --- full sequence --- -------------- this domain -------------   hmm coord   ali coord   env coord
# target name        accession   tlen query name           accession   qlen   E-value  score  bias   #  of  c-Evalue  i-Evalue  score  bias  from    to  from    to  from    to  acc description of target
#------------------- ---------- ----- -------------------- ---------- ----- --------- ------ ----- --- --- --------- --------- ------ ----- ----- ----- ----- ----- ----- ----- ---- ---------------------
142839:31-621        -            197 18807at4891          -            264   3.7e-26   87.8   3.3   1   1   1.5e-26   8.2e-25   83.4   3.3     2   176    24   197    23   197 0.85 -
143255:5-688         -            228 18807at4891          -            264   1.3e-25   86.0   6.2   1   2   1.5e-16   8.4e-15   50.6   0.9    53   179     4   129     1   132 0.89 -
143255:5-688         -            228 18807at4891          -            264   1.3e-25   86.0   6.2   2   2   6.3e-15   3.4e-13   45.3   0.4    41   176    91   227    83   228 0.84 -
144461:10-831        -            274 18807at4891          -            264   3.2e-24   81.5   0.7   1   2   1.8e-17   9.5e-16   53.7   0.1    94   244     3   167     1   184 0.78 -
144461:10-831        -            274 18807at4891          -            264   3.2e-24   81.5   0.7   2   2   2.3e-11   1.3e-09   33.6   0.0   134   242   139   265   138   269 0.75 -
140361:20-523        -            168 18807at4891          -            264   1.1e-17   60.0   0.9   1   2   6.4e-09   3.4e-07   25.6   0.4   136   180    41    85     1    90 0.85 -
140361:20-523        -            168 18807at4891          -            264   1.1e-17   60.0   0.9   2   2   1.5e-10   7.9e-09   31.0   0.0     2    64   103   167   102   168 0.93 -
145631:2-904         -            301 18807at4891          -            264   1.3e-17   59.7   2.5   1   1   6.1e-19   3.3e-17   58.5   2.5     4   257    10   284     7   290 0.78 -
138951:2-475         -            158 18807at4891          -            264   1.4e-17   59.6   0.1   1   1   2.9e-19   1.6e-17   59.5   0.1    55   183     3   136     1   156 0.87 -
142283:0-563         -            188 18807at4891          -            264   2.7e-16   55.5   1.8   1   2   8.8e-07   4.8e-05   18.6   0.1   178   217     3    42     1    49 0.86 -
142283:0-563         -            188 18807at4891          -            264   2.7e-16   55.5   1.8   2   2   3.3e-12   1.8e-10   36.4   0.3   137   258    54   186    50   188 0.81 -
142097:117-608       -            164 18807at4891          -            264   2.8e-15   52.1   0.1   1   1   2.6e-14   1.4e-12   43.3   0.1    45   177    19   156    13   162 0.80 -
144201:7-801         -            265 18807at4891          -            264   4.8e-15   51.3   1.6   1   2   9.5e-10   5.1e-08   28.3   0.1   131   223    20   120     1   134 0.79 -
144201:7-801         -            265 18807at4891          -            264   4.8e-15   51.3   1.6   2   2   3.7e-08     2e-06   23.1   0.2    41   166   132   253   118   265 0.78 -
144901:479-925       -            149 18807at4891          -            264     1e-14   50.3   0.0   1   1   2.3e-16   1.3e-14   50.0   0.0    10   153     1   148     1   149 0.80 -
139317:1-486         -            162 18807at4891          -            264   5.8e-13   44.5   0.0   1   2   4.6e-10   2.5e-08   29.3   0.0   131   222    14   111     1   113 0.76 -
139317:1-486         -            162 18807at4891          -            264   5.8e-13   44.5   0.0   2   2   4.1e-07   2.2e-05   19.7   0.0    81   180    67   157    65   160 0.87 -
143297:53-682        -            210 18807at4891          -            264   1.9e-12   42.8   0.1   1   1   6.5e-14   3.5e-12   42.0   0.1    93   256    30   209     2   210 0.77 -
141067:1-555         -            185 18807at4891          -            264   1.1e-07   27.2   0.9   1   2   0.00015    0.0081   11.3   0.0   165   222     3    69     1    84 0.69 -
141067:1-555         -            185 18807at4891          -            264   1.1e-07   27.2   0.9   2   2   1.2e-05   0.00066   14.8   0.5    41    98    82   138    68   184 0.71 -
138685:10-465        -            152 18807at4891          -            264   1.3e-06   23.7   0.2   1   1   7.5e-08   4.1e-06   22.1   0.2    10   154     1   152     1   152 0.68 -
137551:4-429         -            142 18807at4891          -            264   1.1e-05   20.7   0.1   1   1   7.5e-07     4e-05   18.8   0.1    32   163    10   141     2   142 0.62 -
139299:2-484         -            161 18807at4891          -            264   8.2e-05   17.8   0.0   1   1   3.8e-06   0.00021   16.5   0.0    86   211    30   160     3   161 0.63 -
#
# Program:         hmmsearch
# Version:         3.1b2 (February 2015)
# Pipeline mode:   SEARCH
# Query file:      /home/jj/Desktop/Bioinformatics/3rd_year/1term/Computational_genomics/Seminars/exercise_04/busco_downloads/lineages/saccharomycetes_odb10/hmms/18807at4891.hmm
# Target file:     /home/jj/Desktop/Bioinformatics/3rd_year/1term/Computational_genomics/Seminars/exercise_04/./busco/SRR7548448/SRR7548448_k63_contigs/run_saccharomycetes_odb10/metaeuk_output/initial_results/SRR7548448_k63_graph.contig.fa.modified.fas
# Option settings: hmmsearch --domtblout /home/jj/Desktop/Bioinformatics/3rd_year/1term/Computational_genomics/Seminars/exercise_04/./busco/SRR7548448/SRR7548448_k63_contigs/run_saccharomycetes_odb10/hmmer_output/initial_run_results/18807at4891.out --cpu 1 /home/jj/Desktop/Bioinformatics/3rd_year/1term/Computational_genomics/Seminars/exercise_04/busco_downloads/lineages/saccharomycetes_odb10/hmms/18807at4891.hmm /home/jj/Desktop/Bioinformatics/3rd_year/1term/Computational_genomics/Seminars/exercise_04/./busco/SRR7548448/SRR7548448_k63_contigs/run_saccharomycetes_odb10/metaeuk_output/initial_results/SRR7548448_k63_graph.contig.fa.modified.fas 
# Current dir:     /home/jj/Desktop/Bioinformatics/3rd_year/1term/Computational_genomics/Seminars/exercise_04
# Date:            Tue Nov  5 18:47:46 2024
# [ok]
