#                                                                            --- full sequence --- -------------- this domain -------------   hmm coord   ali coord   env coord
# target name        accession   tlen query name           accession   qlen   E-value  score  bias   #  of  c-Evalue  i-Evalue  score  bias  from    to  from    to  from    to  acc description of target
#------------------- ---------- ----- -------------------- ---------- ----- --------- ------ ----- --- --- --------- --------- ------ ----- ----- ----- ----- ----- ----- ----- ---- ---------------------
141063:9-554         -            182 18893at4891          -            224   8.5e-32  106.1   0.0   1   1   3.7e-33   9.5e-32  106.0   0.0    26   182     1   177     1   182 0.83 -
144839:7-642         -            212 18893at4891          -            224     1e-28   96.1   0.0   1   1   1.2e-29     3e-28   94.5   0.0    56   191     5   155     1   202 0.76 -
145175:14-847        -            278 18893at4891          -            224   6.5e-28   93.5   0.6   1   2     1e-22   2.6e-21   71.9   0.5     7   135     7   147     3   157 0.85 -
145175:14-847        -            278 18893at4891          -            224   6.5e-28   93.5   0.6   2   2   8.6e-07   2.2e-05   19.8   0.0   128   184   162   222   155   239 0.84 -
138573:6-455         -            150 18893at4891          -            224   4.3e-26   87.5   0.0   1   1   1.9e-27   4.8e-26   87.3   0.0    96   193     2   115     1   138 0.80 -
144977:40-684        -            215 18893at4891          -            224   5.1e-26   87.3   0.3   1   2   4.8e-11   1.2e-09   33.7   0.1    74   127    10    70     1    79 0.76 -
144977:40-684        -            215 18893at4891          -            224   5.1e-26   87.3   0.3   2   2   1.1e-16   2.9e-15   52.1   0.0   125   191    95   166    93   214 0.86 -
145155:2-835         -            278 18893at4891          -            224   8.1e-26   86.6   0.0   1   2   7.7e-27     2e-25   85.3   0.0     3   182    14   220    12   228 0.82 -
145155:2-835         -            278 18893at4891          -            224   8.1e-26   86.6   0.0   2   2       3.6        91   -1.9   0.0   208   221   265   278   250   278 0.77 -
143975:1-396         -            132 18893at4891          -            224   4.9e-25   84.0   1.7   1   1   2.1e-26   5.5e-25   83.9   1.7     1   122     1   132     1   132 0.88 -
139915:3-470         -            156 18893at4891          -            224     1e-24   83.0   0.0   1   2   6.4e-15   1.6e-13   46.4   0.0    82   135    14    70     7    79 0.88 -
139915:3-470         -            156 18893at4891          -            224     1e-24   83.0   0.0   2   2     2e-11   5.1e-10   34.9   0.0   140   191    99   154    93   156 0.83 -
137929:9-443         -            145 18893at4891          -            224   5.6e-24   80.6   0.0   1   1   2.8e-25   7.1e-24   80.2   0.0    84   186     8   120     2   130 0.86 -
143351:5-469         -            155 18893at4891          -            224   9.4e-24   79.8   0.0   1   1   4.5e-25   1.2e-23   79.6   0.0     2   135     2   154     1   155 0.84 -
137919:7-429         -            141 18893at4891          -            224   1.4e-22   76.0   0.0   1   1   6.4e-24   1.6e-22   75.8   0.0   107   210     1   123     1   137 0.81 -
143033:187-669       -            161 18893at4891          -            224   1.1e-21   73.1   0.2   1   1   4.8e-23   1.2e-21   72.9   0.2     6   144     2   156     1   161 0.82 -
143027:172-651       -            160 18893at4891          -            224   8.4e-21   70.2   0.2   1   1   4.4e-22   1.1e-20   69.8   0.2     4   139     4   155     2   159 0.81 -
144797:1-714         -            238 18893at4891          -            224   1.5e-20   69.3   0.0   1   1   9.4e-22   2.4e-20   68.7   0.0    80   185    14   136     1   145 0.80 -
138105:16-444        -            143 18893at4891          -            224   1.9e-20   69.0   0.0   1   1   8.5e-22   2.2e-20   68.8   0.0     6   134     2   141     1   143 0.86 -
139911:55-507        -            151 18893at4891          -            224   2.5e-20   68.7   0.0   1   1   6.7e-20   1.7e-18   62.6   0.0   100   196     2   118     1   142 0.81 -
136307:2-403         -            134 18893at4891          -            224   3.2e-20   68.3   0.9   1   1   1.4e-21   3.5e-20   68.2   0.9     7   126     1   129     1   134 0.84 -
140939:17-526        -            170 18893at4891          -            224   4.1e-18   61.4   0.0   1   1   1.3e-17   3.4e-16   55.1   0.0    96   188     7   129     1   169 0.76 -
138137:12-449        -            146 18893at4891          -            224   1.1e-17   60.0   0.0   1   1   4.7e-19   1.2e-17   59.9   0.0    26   152     2   146     1   146 0.80 -
143795:67-747        -            227 18893at4891          -            224   3.3e-17   58.4   0.0   1   2   2.6e-13   6.5e-12   41.1   0.0    84   137    16    73     1    87 0.79 -
143795:67-747        -            227 18893at4891          -            224   3.3e-17   58.4   0.0   2   2     2e-05    0.0005   15.3   0.0   141   184   116   162   110   183 0.84 -
142899:7-642         -            212 18893at4891          -            224     5e-17   57.8   0.0   1   1   2.5e-18   6.3e-17   57.5   0.0    92   183    36   138     3   152 0.82 -
136623:8-412         -            135 18893at4891          -            224   2.1e-16   55.8   0.1   1   1   4.2e-16   1.1e-14   50.2   0.1   126   217    29   125     1   135 0.77 -
141797:1-591         -            197 18893at4891          -            224   1.3e-15   53.2   0.0   1   1   6.9e-17   1.8e-15   52.8   0.0    98   191    40   148     2   197 0.79 -
144279:254-808       -            185 18893at4891          -            224   2.1e-15   52.5   0.0   1   1   1.4e-16   3.5e-15   51.8   0.0    94   182     2   101     1   114 0.81 -
143305:7-633         -            209 18893at4891          -            224   9.6e-15   50.4   0.1   1   3   8.3e-11   2.1e-09   32.9   0.0    95   134     3    45     1    50 0.90 -
143305:7-633         -            209 18893at4891          -            224   9.6e-15   50.4   0.1   2   3   4.5e-05    0.0012   14.1   0.0   144   187    72   116    64   121 0.87 -
143305:7-633         -            209 18893at4891          -            224   9.6e-15   50.4   0.1   3   3       1.8        46   -0.9   0.0   201   222   171   197   164   199 0.73 -
141463:27-569        -            181 18893at4891          -            224   7.2e-14   47.5   0.1   1   1   4.8e-15   1.2e-13   46.8   0.1    77   183    28   143     1   157 0.78 -
144479:2-847         -            282 18893at4891          -            224     1e-12   43.8   0.0   1   2    0.0035      0.09    8.0   0.0   110   125    36    51    26    58 0.86 -
144479:2-847         -            282 18893at4891          -            224     1e-12   43.8   0.0   2   2   5.5e-11   1.4e-09   33.5   0.0   126   189    94   164    87   185 0.82 -
144845:209-790       -            194 18893at4891          -            224   5.6e-12   41.3   0.5   1   1   6.2e-13   1.6e-11   39.9   0.5     3   126    35   174    33   193 0.74 -
144109:10-744        -            245 18893at4891          -            224   5.3e-11   38.1   0.3   1   1   2.5e-11   6.4e-10   34.6   0.3    93   174    11   115     2   167 0.71 -
139745:4-501         -            166 18893at4891          -            224   1.5e-10   36.7   0.0   1   2   6.1e-08   1.6e-06   23.5   0.0   101   126     2    27     1    58 0.79 -
139745:4-501         -            166 18893at4891          -            224   1.5e-10   36.7   0.0   2   2   0.00032    0.0081   11.4   0.0   136   172   127   164   121   166 0.85 -
145735:713-1261      -            183 18893at4891          -            224   2.7e-10   35.8   0.0   1   1   8.1e-11   2.1e-09   32.9   0.0    98   183    30   144    17   151 0.66 -
143007:66-662        -            199 18893at4891          -            224   3.6e-10   35.4   0.0   1   2    0.0025     0.063    8.5   0.0     1    32     3    34     3    53 0.89 -
143007:66-662        -            199 18893at4891          -            224   3.6e-10   35.4   0.0   2   2     2e-08   5.1e-07   25.1   0.0    85   138    91   150    79   157 0.81 -
142181:21-614        -            198 18893at4891          -            224   1.2e-07   27.2   0.8   1   1   9.2e-09   2.3e-07   26.2   0.6    78   135   101   163     3   179 0.78 -
139477:0-491         -            164 18893at4891          -            224   8.2e-06   21.2   0.1   1   2     1e-06   2.6e-05   19.5   0.0   144   187    31    75     1   114 0.84 -
139477:0-491         -            164 18893at4891          -            224   8.2e-06   21.2   0.1   2   2       1.2        30   -0.3   0.0   192   222   123   157   103   159 0.75 -
#
# Program:         hmmsearch
# Version:         3.1b2 (February 2015)
# Pipeline mode:   SEARCH
# Query file:      /home/jj/Desktop/Bioinformatics/3rd_year/1term/Computational_genomics/Seminars/exercise_04/busco_downloads/lineages/saccharomycetes_odb10/hmms/18893at4891.hmm
# Target file:     /home/jj/Desktop/Bioinformatics/3rd_year/1term/Computational_genomics/Seminars/exercise_04/./busco/SRR7548448/SRR7548448_k63_contigs/run_saccharomycetes_odb10/metaeuk_output/initial_results/SRR7548448_k63_graph.contig.fa.modified.fas
# Option settings: hmmsearch --domtblout /home/jj/Desktop/Bioinformatics/3rd_year/1term/Computational_genomics/Seminars/exercise_04/./busco/SRR7548448/SRR7548448_k63_contigs/run_saccharomycetes_odb10/hmmer_output/initial_run_results/18893at4891.out --cpu 1 /home/jj/Desktop/Bioinformatics/3rd_year/1term/Computational_genomics/Seminars/exercise_04/busco_downloads/lineages/saccharomycetes_odb10/hmms/18893at4891.hmm /home/jj/Desktop/Bioinformatics/3rd_year/1term/Computational_genomics/Seminars/exercise_04/./busco/SRR7548448/SRR7548448_k63_contigs/run_saccharomycetes_odb10/metaeuk_output/initial_results/SRR7548448_k63_graph.contig.fa.modified.fas 
# Current dir:     /home/jj/Desktop/Bioinformatics/3rd_year/1term/Computational_genomics/Seminars/exercise_04
# Date:            Tue Nov  5 18:47:46 2024
# [ok]
