#                                                                            --- full sequence --- -------------- this domain -------------   hmm coord   ali coord   env coord
# target name        accession   tlen query name           accession   qlen   E-value  score  bias   #  of  c-Evalue  i-Evalue  score  bias  from    to  from    to  from    to  acc description of target
#------------------- ---------- ----- -------------------- ---------- ----- --------- ------ ----- --- --- --------- --------- ------ ----- ----- ----- ----- ----- ----- ----- ---- ---------------------
143255:5-688         -            228 18954at4891          -            215   1.5e-76  252.4  11.5   1   2   4.6e-16   2.5e-14   49.0   1.1    47    80     1    34     1    42 0.89 -
143255:5-688         -            228 18954at4891          -            215   1.5e-76  252.4  11.5   2   2   1.7e-60   9.2e-59  194.2   3.7    73   212    45   228    35   228 0.83 -
144461:10-831        -            274 18954at4891          -            215   8.1e-29   96.4   0.9   1   3   1.5e-10   8.3e-09   31.0   0.0     5    80     3    92     1   104 0.79 -
144461:10-831        -            274 18954at4891          -            215   8.1e-29   96.4   0.9   2   3   2.9e-10   1.6e-08   30.0   0.1     2    60   106   166   104   192 0.85 -
144461:10-831        -            274 18954at4891          -            215   8.1e-29   96.4   0.9   3   3   1.4e-09   7.4e-08   27.8   0.0     5    61   202   266   199   272 0.82 -
145631:2-904         -            301 18954at4891          -            215   3.2e-24   81.3   0.9   1   3   1.3e-09   6.8e-08   28.0   0.1    77   151    15    92     3   100 0.63 -
145631:2-904         -            301 18954at4891          -            215   3.2e-24   81.3   0.9   2   3   3.9e-14   2.1e-12   42.7   0.0     6    83   113   192   108   198 0.91 -
145631:2-904         -            301 18954at4891          -            215   3.2e-24   81.3   0.9   3   3    0.0018     0.098    7.8   0.0     4    76   210   285   206   293 0.61 -
142839:31-621        -            197 18954at4891          -            215   1.3e-21   72.8   0.5   1   2   2.4e-14   1.3e-12   43.4   0.0     5    78    30   108    27   124 0.85 -
142839:31-621        -            197 18954at4891          -            215   1.3e-21   72.8   0.5   2   2   1.3e-09   6.9e-08   27.9   0.1     4    75   126   197   123   197 0.58 -
144201:7-801         -            265 18954at4891          -            215   1.9e-21   72.2   0.2   1   2   2.5e-06   0.00013   17.2   0.0    31    80    21    70    10    80 0.87 -
144201:7-801         -            265 18954at4891          -            215   1.9e-21   72.2   0.2   2   2   2.2e-15   1.2e-13   46.8   0.1     6   136    89   252    85   265 0.71 -
141067:1-555         -            185 18954at4891          -            215   4.6e-20   67.7   0.5   1   2   2.6e-11   1.4e-09   33.5   0.1     5    78    38   121    36   129 0.83 -
141067:1-555         -            185 18954at4891          -            215   4.6e-20   67.7   0.5   2   2   4.3e-13   2.3e-11   39.3   0.1   104   198    75   180    71   184 0.79 -
142283:0-563         -            188 18954at4891          -            215   1.9e-18   62.5   0.2   1   2   1.4e-09   7.7e-08   27.8   0.0     4    75    15    93    13   100 0.83 -
142283:0-563         -            188 18954at4891          -            215   1.9e-18   62.5   0.2   2   2   6.2e-11   3.3e-09   32.3   0.0     5    77   112   187   108   188 0.89 -
143297:53-682        -            210 18954at4891          -            215   6.7e-18   60.7   0.1   1   2   2.4e-08   1.3e-06   23.8   0.0     5    81    31   118    28   130 0.79 -
143297:53-682        -            210 18954at4891          -            215   6.7e-18   60.7   0.1   2   2   1.5e-11   8.4e-10   34.2   0.1     3    75   135   210   133   210 0.81 -
142097:117-608       -            164 18954at4891          -            215   2.5e-17   58.8   0.5   1   3   7.3e-09   3.9e-07   25.5   0.0    35    80    11    57     3    73 0.82 -
142097:117-608       -            164 18954at4891          -            215   2.5e-17   58.8   0.5   2   3   0.00018    0.0099   11.1   0.0   157   182    77   102    67   112 0.82 -
142097:117-608       -            164 18954at4891          -            215   2.5e-17   58.8   0.5   3   3   5.9e-09   3.2e-07   25.8   0.1     7    77    78   157    77   161 0.85 -
140361:20-523        -            168 18954at4891          -            215   1.2e-15   53.3   0.2   1   2   5.5e-09     3e-07   25.9   0.0     8    76    10    82     4    89 0.87 -
140361:20-523        -            168 18954at4891          -            215   1.2e-15   53.3   0.2   2   2   6.5e-09   3.5e-07   25.6   0.0     4    60   108   166   105   168 0.84 -
138685:10-465        -            152 18954at4891          -            215   5.2e-14   47.9   0.1   1   1   1.7e-13   9.1e-12   40.6   0.1     7   121     1   148     1   152 0.54 -
137551:4-429         -            142 18954at4891          -            215   6.4e-14   47.7   0.3   1   2   4.9e-12   2.7e-10   35.8   0.1   104   181    12   105     2   116 0.78 -
137551:4-429         -            142 18954at4891          -            215   6.4e-14   47.7   0.3   2   2   4.7e-05    0.0025   13.0   0.0    12    58    87   137    83   141 0.77 -
139317:1-486         -            162 18954at4891          -            215   3.6e-13   45.2   0.4   1   1   1.1e-12   6.2e-11   37.9   0.4    31   140    15   146     9   162 0.70 -
138951:2-475         -            158 18954at4891          -            215   1.4e-12   43.3   2.4   1   2     1e-05   0.00054   15.2   0.1    52    89     3    40     1    47 0.85 -
138951:2-475         -            158 18954at4891          -            215   1.4e-12   43.3   2.4   2   2   5.2e-09   2.8e-07   26.0   0.2     5    77    47   131    43   134 0.63 -
144901:479-925       -            149 18954at4891          -            215   3.3e-12   42.1   0.2   1   1   3.9e-12   2.1e-10   36.2   0.2     7    76     1    72     1   149 0.85 -
139299:2-484         -            161 18954at4891          -            215   3.6e-07   25.6   0.1   1   3      0.89        48   -1.0   0.0   137   158     8    29     2    36 0.73 -
139299:2-484         -            161 18954at4891          -            215   3.6e-07   25.6   0.1   2   3   7.4e-07     4e-05   18.9   0.0     6    79    42   119    38   125 0.75 -
139299:2-484         -            161 18954at4891          -            215   3.6e-07   25.6   0.1   3   3      0.04       2.1    3.5   0.0     5    25   140   160   137   161 0.90 -
#
# Program:         hmmsearch
# Version:         3.1b2 (February 2015)
# Pipeline mode:   SEARCH
# Query file:      /home/jj/Desktop/Bioinformatics/3rd_year/1term/Computational_genomics/Seminars/exercise_04/busco_downloads/lineages/saccharomycetes_odb10/hmms/18954at4891.hmm
# Target file:     /home/jj/Desktop/Bioinformatics/3rd_year/1term/Computational_genomics/Seminars/exercise_04/./busco/SRR7548448/SRR7548448_k63_contigs/run_saccharomycetes_odb10/metaeuk_output/initial_results/SRR7548448_k63_graph.contig.fa.modified.fas
# Option settings: hmmsearch --domtblout /home/jj/Desktop/Bioinformatics/3rd_year/1term/Computational_genomics/Seminars/exercise_04/./busco/SRR7548448/SRR7548448_k63_contigs/run_saccharomycetes_odb10/hmmer_output/initial_run_results/18954at4891.out --cpu 1 /home/jj/Desktop/Bioinformatics/3rd_year/1term/Computational_genomics/Seminars/exercise_04/busco_downloads/lineages/saccharomycetes_odb10/hmms/18954at4891.hmm /home/jj/Desktop/Bioinformatics/3rd_year/1term/Computational_genomics/Seminars/exercise_04/./busco/SRR7548448/SRR7548448_k63_contigs/run_saccharomycetes_odb10/metaeuk_output/initial_results/SRR7548448_k63_graph.contig.fa.modified.fas 
# Current dir:     /home/jj/Desktop/Bioinformatics/3rd_year/1term/Computational_genomics/Seminars/exercise_04
# Date:            Tue Nov  5 18:47:46 2024
# [ok]
