#                                                                            --- full sequence --- -------------- this domain -------------   hmm coord   ali coord   env coord
# target name        accession   tlen query name           accession   qlen   E-value  score  bias   #  of  c-Evalue  i-Evalue  score  bias  from    to  from    to  from    to  acc description of target
#------------------- ---------- ----- -------------------- ---------- ----- --------- ------ ----- --- --- --------- --------- ------ ----- ----- ----- ----- ----- ----- ----- ---- ---------------------
145155:2-835         -            278 19362at4891          -            399   3.7e-09   31.7   0.1   1   1     4e-09   1.7e-07   26.3   0.1    95   169   116   214    54   221 0.63 -
139915:3-470         -            156 19362at4891          -            399   5.2e-08   27.9   0.0   1   2   2.3e-05   0.00096   13.9   0.0    91   140    22    70    18    76 0.81 -
139915:3-470         -            156 19362at4891          -            399   5.2e-08   27.9   0.0   2   2   7.9e-05    0.0032   12.1   0.0   143   176   104   142    98   154 0.75 -
145175:14-847        -            278 19362at4891          -            399   1.5e-07   26.4   0.1   1   2   8.3e-08   3.4e-06   21.9   0.6    37   130    33   137    14   148 0.80 -
145175:14-847        -            278 19362at4891          -            399   1.5e-07   26.4   0.1   2   2      0.23       9.3    0.7   0.0   145   169   182   214   175   267 0.71 -
144279:254-808       -            185 19362at4891          -            399   2.4e-06   22.4   0.0   1   1   1.5e-07   6.3e-06   21.1   0.0    95   169     2    95     1   114 0.72 -
138573:6-455         -            150 19362at4891          -            399   2.5e-06   22.4   0.0   1   1   1.9e-07   7.8e-06   20.7   0.0   100   168     5    93     3   112 0.77 -
141063:9-554         -            182 19362at4891          -            399   2.6e-06   22.3   0.0   1   1   1.4e-07   5.7e-06   21.2   0.0    98   167    83   169    80   181 0.77 -
143305:7-633         -            209 19362at4891          -            399   6.4e-06   21.0   0.0   1   2   4.6e-06   0.00019   16.2   0.0    98   140     5    46     1    54 0.88 -
143305:7-633         -            209 19362at4891          -            399   6.4e-06   21.0   0.0   2   2     0.051       2.1    2.9   0.0   144   168    74   104    63   116 0.78 -
137929:9-443         -            145 19362at4891          -            399   1.7e-05   19.7   0.0   1   1   7.7e-07   3.2e-05   18.7   0.0    98   168    21   109     6   134 0.75 -
139911:55-507        -            151 19362at4891          -            399   1.9e-05   19.5   0.0   1   2    0.0023     0.093    7.3   0.0   100   139     1    39     1    47 0.86 -
139911:55-507        -            151 19362at4891          -            399   1.9e-05   19.5   0.0   2   2   0.00024      0.01   10.5   0.0   144   175    68   104    57   131 0.75 -
142899:7-642         -            212 19362at4891          -            399   2.3e-05   19.2   0.0   1   1   1.4e-06   5.7e-05   17.9   0.0   100   164    43   126    36   134 0.66 -
138105:16-444        -            143 19362at4891          -            399     3e-05   18.8   0.0   1   1   2.1e-06   8.5e-05   17.3   0.0    50   129    39   129    21   141 0.77 -
143795:67-747        -            227 19362at4891          -            399     8e-05   17.4   0.0   1   2   6.4e-05    0.0026   12.4   0.0    89   134    21    65    18    75 0.85 -
143795:67-747        -            227 19362at4891          -            399     8e-05   17.4   0.0   2   2     0.051       2.1    2.9   0.0   152   168   137   153   113   162 0.71 -
143351:5-469         -            155 19362at4891          -            399   0.00019   16.2   0.1   1   1   9.4e-06   0.00039   15.2   0.1    50   139    53   153    18   155 0.78 -
144797:1-714         -            238 19362at4891          -            399    0.0003   15.5   0.0   1   2    0.0043      0.18    6.4   0.0    98   130    35    66    28    80 0.86 -
144797:1-714         -            238 19362at4891          -            399    0.0003   15.5   0.0   2   2    0.0025       0.1    7.2   0.0   143   177    96   135    88   146 0.81 -
144839:7-642         -            212 19362at4891          -            399     0.001   13.8   0.0   1   1   6.3e-05    0.0026   12.4   0.0   100   174    56   145    51   152 0.73 -
143027:172-651       -            160 19362at4891          -            399    0.0011   13.7   0.1   1   1   8.3e-05    0.0034   12.1   0.1    43   140    43   151    27   156 0.78 -
144479:2-847         -            282 19362at4891          -            399    0.0018   13.0   0.2   1   1   0.00012    0.0048   11.6   0.1   144   175   121   157   113   244 0.83 -
143033:187-669       -            161 19362at4891          -            399    0.0021   12.8   0.0   1   1   8.3e-05    0.0034   12.0   0.0   100   145   101   145    93   148 0.88 -
144109:10-744        -            245 19362at4891          -            399    0.0021   12.7   0.1   1   2   0.00014    0.0057   11.3   0.1   100   130    17    46    13    53 0.91 -
144109:10-744        -            245 19362at4891          -            399    0.0021   12.7   0.1   2   2         3   1.3e+02   -3.0   0.0   145   168    87   116    82   120 0.67 -
137919:7-429         -            141 19362at4891          -            399    0.0025   12.5   0.0   1   1   9.6e-05     0.004   11.8   0.0   114   187     6    99     1   115 0.62 -
141797:1-591         -            197 19362at4891          -            399    0.0048   11.6   0.0   1   1   0.00025      0.01   10.5   0.0   101   143    42    85    39   156 0.73 -
#
# Program:         hmmsearch
# Version:         3.1b2 (February 2015)
# Pipeline mode:   SEARCH
# Query file:      /home/jj/Desktop/Bioinformatics/3rd_year/1term/Computational_genomics/Seminars/exercise_04/busco_downloads/lineages/saccharomycetes_odb10/hmms/19362at4891.hmm
# Target file:     /home/jj/Desktop/Bioinformatics/3rd_year/1term/Computational_genomics/Seminars/exercise_04/./busco/SRR7548448/SRR7548448_k63_contigs/run_saccharomycetes_odb10/metaeuk_output/initial_results/SRR7548448_k63_graph.contig.fa.modified.fas
# Option settings: hmmsearch --domtblout /home/jj/Desktop/Bioinformatics/3rd_year/1term/Computational_genomics/Seminars/exercise_04/./busco/SRR7548448/SRR7548448_k63_contigs/run_saccharomycetes_odb10/hmmer_output/initial_run_results/19362at4891.out --cpu 1 /home/jj/Desktop/Bioinformatics/3rd_year/1term/Computational_genomics/Seminars/exercise_04/busco_downloads/lineages/saccharomycetes_odb10/hmms/19362at4891.hmm /home/jj/Desktop/Bioinformatics/3rd_year/1term/Computational_genomics/Seminars/exercise_04/./busco/SRR7548448/SRR7548448_k63_contigs/run_saccharomycetes_odb10/metaeuk_output/initial_results/SRR7548448_k63_graph.contig.fa.modified.fas 
# Current dir:     /home/jj/Desktop/Bioinformatics/3rd_year/1term/Computational_genomics/Seminars/exercise_04
# Date:            Tue Nov  5 18:47:47 2024
# [ok]
