#                                                                            --- full sequence --- -------------- this domain -------------   hmm coord   ali coord   env coord
# target name        accession   tlen query name           accession   qlen   E-value  score  bias   #  of  c-Evalue  i-Evalue  score  bias  from    to  from    to  from    to  acc description of target
#------------------- ---------- ----- -------------------- ---------- ----- --------- ------ ----- --- --- --------- --------- ------ ----- ----- ----- ----- ----- ----- ----- ---- ---------------------
145801:1-1551        -            517 19858at4891          -            219   2.9e-23   77.9   0.0   1   4   0.00081      0.23    6.3   0.0    63   108    31    80    10    88 0.81 -
145801:1-1551        -            517 19858at4891          -            219   2.9e-23   77.9   0.0   2   4   6.1e-09   1.8e-06   23.1   0.0    47   118    99   177    96   189 0.79 -
145801:1-1551        -            517 19858at4891          -            219   2.9e-23   77.9   0.0   3   4     2e-09   5.9e-07   24.6   0.1    68   115   219   267   187   271 0.80 -
145801:1-1551        -            517 19858at4891          -            219   2.9e-23   77.9   0.0   4   4   1.4e-07     4e-05   18.6   0.0    48   115   296   370   269   391 0.74 -
144805:4-906         -            301 19858at4891          -            219   9.6e-10   33.7  11.7   1   3         3   8.6e+02   -6.2  12.4   145   185     9    49     1    58 0.35 -
144805:4-906         -            301 19858at4891          -            219   9.6e-10   33.7  11.7   2   3   9.9e-06    0.0029   12.6   0.0    73   113    92   133    52   144 0.82 -
144805:4-906         -            301 19858at4891          -            219   9.6e-10   33.7  11.7   3   3   3.2e-09   9.2e-07   24.0   0.0    31   119   142   238   127   245 0.81 -
144043:2-781         -            260 19858at4891          -            219   7.4e-07   24.3   0.5   1   2   9.9e-09   2.8e-06   22.4   0.3    73   134    66   126    59   163 0.74 -
144043:2-781         -            260 19858at4891          -            219   7.4e-07   24.3   0.5   2   2      0.13        38   -0.9   0.0    44    61   209   226   192   256 0.65 -
#
# Program:         hmmsearch
# Version:         3.1b2 (February 2015)
# Pipeline mode:   SEARCH
# Query file:      /home/jj/Desktop/Bioinformatics/3rd_year/1term/Computational_genomics/Seminars/exercise_04/busco_downloads/lineages/saccharomycetes_odb10/hmms/19858at4891.hmm
# Target file:     /home/jj/Desktop/Bioinformatics/3rd_year/1term/Computational_genomics/Seminars/exercise_04/./busco/SRR7548448/SRR7548448_k63_contigs/run_saccharomycetes_odb10/metaeuk_output/initial_results/SRR7548448_k63_graph.contig.fa.modified.fas
# Option settings: hmmsearch --domtblout /home/jj/Desktop/Bioinformatics/3rd_year/1term/Computational_genomics/Seminars/exercise_04/./busco/SRR7548448/SRR7548448_k63_contigs/run_saccharomycetes_odb10/hmmer_output/initial_run_results/19858at4891.out --cpu 1 /home/jj/Desktop/Bioinformatics/3rd_year/1term/Computational_genomics/Seminars/exercise_04/busco_downloads/lineages/saccharomycetes_odb10/hmms/19858at4891.hmm /home/jj/Desktop/Bioinformatics/3rd_year/1term/Computational_genomics/Seminars/exercise_04/./busco/SRR7548448/SRR7548448_k63_contigs/run_saccharomycetes_odb10/metaeuk_output/initial_results/SRR7548448_k63_graph.contig.fa.modified.fas 
# Current dir:     /home/jj/Desktop/Bioinformatics/3rd_year/1term/Computational_genomics/Seminars/exercise_04
# Date:            Tue Nov  5 18:47:47 2024
# [ok]
