#                                                                            --- full sequence --- -------------- this domain -------------   hmm coord   ali coord   env coord
# target name        accession   tlen query name           accession   qlen   E-value  score  bias   #  of  c-Evalue  i-Evalue  score  bias  from    to  from    to  from    to  acc description of target
#------------------- ---------- ----- -------------------- ---------- ----- --------- ------ ----- --- --- --------- --------- ------ ----- ----- ----- ----- ----- ----- ----- ---- ---------------------
145801:1-1551        -            517 21155at4891          -            274     1e-15   53.6   0.3   1   4   1.3e-09   2.8e-07   25.9   0.0   151   221     5    84     1    94 0.87 -
145801:1-1551        -            517 21155at4891          -            274     1e-15   53.6   0.3   2   4     0.033       7.2    1.6   0.1   154   198    96   144    86   167 0.73 -
145801:1-1551        -            517 21155at4891          -            274     1e-15   53.6   0.3   3   4   8.9e-06    0.0019   13.3   0.2   153   226   188   269   160   290 0.79 -
145801:1-1551        -            517 21155at4891          -            274     1e-15   53.6   0.3   4   4   0.00048       0.1    7.6   0.1   154   231   292   375   282   401 0.65 -
144805:4-906         -            301 21155at4891          -            274   3.5e-13   45.2   7.8   1   3   0.00065      0.14    7.2   8.4    18    75    12    68     2    81 0.56 -
144805:4-906         -            301 21155at4891          -            274   3.5e-13   45.2   7.8   2   3   4.8e-06     0.001   14.2   0.0   153   217    55   128    52   150 0.75 -
144805:4-906         -            301 21155at4891          -            274   3.5e-13   45.2   7.8   3   3   7.7e-11   1.7e-08   29.9   0.0   151   217   152   227   146   237 0.82 -
145491:90-752        -            221 21155at4891          -            274     4e-09   31.9   0.0   1   2   5.9e-08   1.3e-05   20.5   0.0   155   202     1    54     1   103 0.78 -
145491:90-752        -            221 21155at4891          -            274     4e-09   31.9   0.0   2   2   9.2e-05      0.02   10.0   0.0   150   198   146   193   113   217 0.86 -
144043:2-781         -            260 21155at4891          -            274   1.6e-06   23.4   0.2   1   2   1.5e-08   3.3e-06   22.4   0.2   128   230     2   115     1   139 0.76 -
144043:2-781         -            260 21155at4891          -            274   1.6e-06   23.4   0.2   2   2      0.52   1.1e+02   -2.3   0.0   153   173   208   228   195   256 0.59 -
#
# Program:         hmmsearch
# Version:         3.1b2 (February 2015)
# Pipeline mode:   SEARCH
# Query file:      /home/jj/Desktop/Bioinformatics/3rd_year/1term/Computational_genomics/Seminars/exercise_04/busco_downloads/lineages/saccharomycetes_odb10/hmms/21155at4891.hmm
# Target file:     /home/jj/Desktop/Bioinformatics/3rd_year/1term/Computational_genomics/Seminars/exercise_04/./busco/SRR7548448/SRR7548448_k63_contigs/run_saccharomycetes_odb10/metaeuk_output/initial_results/SRR7548448_k63_graph.contig.fa.modified.fas
# Option settings: hmmsearch --domtblout /home/jj/Desktop/Bioinformatics/3rd_year/1term/Computational_genomics/Seminars/exercise_04/./busco/SRR7548448/SRR7548448_k63_contigs/run_saccharomycetes_odb10/hmmer_output/initial_run_results/21155at4891.out --cpu 1 /home/jj/Desktop/Bioinformatics/3rd_year/1term/Computational_genomics/Seminars/exercise_04/busco_downloads/lineages/saccharomycetes_odb10/hmms/21155at4891.hmm /home/jj/Desktop/Bioinformatics/3rd_year/1term/Computational_genomics/Seminars/exercise_04/./busco/SRR7548448/SRR7548448_k63_contigs/run_saccharomycetes_odb10/metaeuk_output/initial_results/SRR7548448_k63_graph.contig.fa.modified.fas 
# Current dir:     /home/jj/Desktop/Bioinformatics/3rd_year/1term/Computational_genomics/Seminars/exercise_04
# Date:            Tue Nov  5 18:47:49 2024
# [ok]
