#                                                                            --- full sequence --- -------------- this domain -------------   hmm coord   ali coord   env coord
# target name        accession   tlen query name           accession   qlen   E-value  score  bias   #  of  c-Evalue  i-Evalue  score  bias  from    to  from    to  from    to  acc description of target
#------------------- ---------- ----- -------------------- ---------- ----- --------- ------ ----- --- --- --------- --------- ------ ----- ----- ----- ----- ----- ----- ----- ---- ---------------------
140267:2-520         -            173 21297at4891          -            243   5.4e-24   80.4   0.0   1   1   1.1e-25   8.4e-24   79.8   0.0   115   207    18   129     3   159 0.77 -
145821:44-862        -            273 21297at4891          -            243   6.8e-09   31.0  13.6   1   5      0.33        26   -0.4   0.0   181   203     1    23     1    32 0.82 -
145821:44-862        -            273 21297at4891          -            243   6.8e-09   31.0  13.6   2   5    0.0088      0.69    4.8   0.1   178   204    38    64    20    75 0.71 -
145821:44-862        -            273 21297at4891          -            243   6.8e-09   31.0  13.6   3   5   0.00012    0.0096   10.9   1.8   137   203    79   144    75   170 0.83 -
145821:44-862        -            273 21297at4891          -            243   6.8e-09   31.0  13.6   4   5    0.0019      0.15    7.0   0.1   178   211   208   242   206   246 0.83 -
145821:44-862        -            273 21297at4891          -            243   6.8e-09   31.0  13.6   5   5   1.8e-05    0.0014   13.6   0.1   160   202   227   272   227   273 0.80 -
143663:94-729        -            212 21297at4891          -            243   1.9e-08   29.6   0.9   1   3   0.00088     0.069    8.1   0.0    69   106    14    51     8    66 0.83 -
143663:94-729        -            212 21297at4891          -            243   1.9e-08   29.6   0.9   2   3   5.1e-05     0.004   12.1   0.0   165   204    65   104    58   114 0.80 -
143663:94-729        -            212 21297at4891          -            243   1.9e-08   29.6   0.9   3   3   0.00056     0.044    8.7   0.1     3    62   102   158   100   211 0.61 -
145301:241-942       -            234 21297at4891          -            243   1.8e-06   23.0   5.6   1   4      0.18        14    0.5   0.0   179   203    22    46    19    72 0.79 -
145301:241-942       -            234 21297at4891          -            243   1.8e-06   23.0   5.6   2   4    0.0092      0.72    4.7   0.3   178   198   105   125    47   140 0.79 -
145301:241-942       -            234 21297at4891          -            243   1.8e-06   23.0   5.6   3   4   4.2e-05    0.0033   12.4   0.0   179   203   148   172   133   185 0.86 -
145301:241-942       -            234 21297at4891          -            243   1.8e-06   23.0   5.6   4   4    0.0064       0.5    5.2   0.0   179   195   191   207   188   211 0.90 -
140077:5-511         -            169 21297at4891          -            243   2.1e-05   19.6   0.0   1   3   0.00011     0.009   11.0   0.0    16    87    18    81     2    83 0.84 -
140077:5-511         -            169 21297at4891          -            243   2.1e-05   19.6   0.0   2   3    0.0047      0.37    5.7   0.0   178   198    63    83    45   100 0.64 -
140077:5-511         -            169 21297at4891          -            243   2.1e-05   19.6   0.0   3   3     0.003      0.23    6.3   0.0   178   204   104   130    84   159 0.74 -
145769:0-1415        -            472 21297at4891          -            243     5e-05   18.3   5.2   1   4     0.046       3.6    2.4   0.0   140   202    31    93    14   116 0.62 -
145769:0-1415        -            472 21297at4891          -            243     5e-05   18.3   5.2   2   4      0.14        11    0.9   0.1   111   141    84   115    44   188 0.61 -
145769:0-1415        -            472 21297at4891          -            243     5e-05   18.3   5.2   3   4     0.011      0.89    4.4   0.1   178   196   205   223   179   226 0.85 -
145769:0-1415        -            472 21297at4891          -            243     5e-05   18.3   5.2   4   4   0.00025      0.02    9.9   0.3   125   211   348   431   338   444 0.77 -
144149:4-795         -            264 21297at4891          -            243   5.4e-05   18.2   1.0   1   3     0.026         2    3.3   0.0    18    60    40    79    24    95 0.60 -
144149:4-795         -            264 21297at4891          -            243   5.4e-05   18.2   1.0   2   3     0.066       5.2    1.9   0.0    70    95   172   197   162   214 0.68 -
144149:4-795         -            264 21297at4891          -            243   5.4e-05   18.2   1.0   3   3    0.0002     0.016   10.1   0.0   178   197   213   232   200   248 0.85 -
145543:202-1035      -            278 21297at4891          -            243   0.00011   17.2   0.1   1   3     0.012      0.94    4.4   0.0   179   202    13    36    11    44 0.82 -
145543:202-1035      -            278 21297at4891          -            243   0.00011   17.2   0.1   2   3       3.4   2.6e+02   -3.7   0.0   130   146    68    83    61    93 0.45 -
145543:202-1035      -            278 21297at4891          -            243   0.00011   17.2   0.1   3   3   0.00025     0.019    9.9   0.1   178   210   132   164   130   198 0.81 -
136257:22-312        -             97 21297at4891          -            243   0.00031   15.7   0.6   1   3   0.00066     0.052    8.5   0.0   180   203     2    25     1    33 0.87 -
136257:22-312        -             97 21297at4891          -            243   0.00031   15.7   0.6   2   3      0.03       2.3    3.1   0.0    41    69    39    67    26    84 0.73 -
136257:22-312        -             97 21297at4891          -            243   0.00031   15.7   0.6   3   3     0.058       4.6    2.1   0.1   178   192    83    97    74    97 0.88 -
145907:182-1561      -            460 21297at4891          -            243   0.00081   14.4   0.0   1   4    0.0019      0.15    7.0   0.0   171   195    15    46    11    62 0.75 -
145907:182-1561      -            460 21297at4891          -            243   0.00081   14.4   0.0   2   4     0.034       2.7    2.9   0.0   165   194    72   101    67   109 0.72 -
145907:182-1561      -            460 21297at4891          -            243   0.00081   14.4   0.0   3   4      0.54        42   -1.1   0.0    17    32   159   174   154   181 0.69 -
145907:182-1561      -            460 21297at4891          -            243   0.00081   14.4   0.0   4   4       1.6   1.3e+02   -2.6   0.0   124   151   375   402   337   409 0.57 -
142977:2-622         -            207 21297at4891          -            243    0.0024   12.8   0.7   1   3     0.071       5.6    1.8   0.0   179   201    26    48     6    63 0.78 -
142977:2-622         -            207 21297at4891          -            243    0.0024   12.8   0.7   2   3    0.0057      0.45    5.4   0.0   179   204   115   140   113   149 0.84 -
142977:2-622         -            207 21297at4891          -            243    0.0024   12.8   0.7   3   3     0.048       3.8    2.4   0.0   179   198   157   176   141   192 0.72 -
#
# Program:         hmmsearch
# Version:         3.1b2 (February 2015)
# Pipeline mode:   SEARCH
# Query file:      /home/jj/Desktop/Bioinformatics/3rd_year/1term/Computational_genomics/Seminars/exercise_04/busco_downloads/lineages/saccharomycetes_odb10/hmms/21297at4891.hmm
# Target file:     /home/jj/Desktop/Bioinformatics/3rd_year/1term/Computational_genomics/Seminars/exercise_04/./busco/SRR7548448/SRR7548448_k63_contigs/run_saccharomycetes_odb10/metaeuk_output/initial_results/SRR7548448_k63_graph.contig.fa.modified.fas
# Option settings: hmmsearch --domtblout /home/jj/Desktop/Bioinformatics/3rd_year/1term/Computational_genomics/Seminars/exercise_04/./busco/SRR7548448/SRR7548448_k63_contigs/run_saccharomycetes_odb10/hmmer_output/initial_run_results/21297at4891.out --cpu 1 /home/jj/Desktop/Bioinformatics/3rd_year/1term/Computational_genomics/Seminars/exercise_04/busco_downloads/lineages/saccharomycetes_odb10/hmms/21297at4891.hmm /home/jj/Desktop/Bioinformatics/3rd_year/1term/Computational_genomics/Seminars/exercise_04/./busco/SRR7548448/SRR7548448_k63_contigs/run_saccharomycetes_odb10/metaeuk_output/initial_results/SRR7548448_k63_graph.contig.fa.modified.fas 
# Current dir:     /home/jj/Desktop/Bioinformatics/3rd_year/1term/Computational_genomics/Seminars/exercise_04
# Date:            Tue Nov  5 18:47:49 2024
# [ok]
