#                                                                            --- full sequence --- -------------- this domain -------------   hmm coord   ali coord   env coord
# target name        accession   tlen query name           accession   qlen   E-value  score  bias   #  of  c-Evalue  i-Evalue  score  bias  from    to  from    to  from    to  acc description of target
#------------------- ---------- ----- -------------------- ---------- ----- --------- ------ ----- --- --- --------- --------- ------ ----- ----- ----- ----- ----- ----- ----- ---- ---------------------
145219:1-639         -            213 2212at4891           -            586   1.4e-54  181.4   0.0   1   1   1.8e-56   1.8e-54  181.1   0.0   162   377     9   212     3   213 0.94 -
144757:0-659         -            220 2212at4891           -            586   1.8e-45  151.4   0.0   1   1   2.3e-47   2.2e-45  151.0   0.0   177   364    39   220    30   220 0.88 -
142381:156-611       -            152 2212at4891           -            586   4.8e-34  113.6   0.2   1   1   5.7e-36   5.4e-34  113.4   0.2   213   375     1   149     1   152 0.92 -
143129:1-615         -            205 2212at4891           -            586   6.3e-33  109.9   0.1   1   2   2.6e-34   2.5e-32  107.9   0.0   239   387     5   153     2   166 0.88 -
143129:1-615         -            205 2212at4891           -            586   6.3e-33  109.9   0.1   2   2      0.12        12    0.1   0.0   376   402   172   198   154   204 0.81 -
140201:39-518        -            160 2212at4891           -            586   1.1e-26   89.3   0.0   1   1   1.3e-28   1.3e-26   89.1   0.0   163   313    18   160     3   160 0.87 -
137839:5-403         -            133 2212at4891           -            586   2.1e-24   81.8   0.0   1   1   2.3e-26   2.2e-24   81.7   0.0   247   371     4   127     1   133 0.94 -
132471:0-341         -            114 2212at4891           -            586   8.9e-18   59.9   0.0   1   1   1.1e-19   1.1e-17   59.6   0.0   212   330     2   113     1   114 0.85 -
145413:151-1119      -            323 2212at4891           -            586   1.6e-16   55.7   0.0   1   1   2.4e-18   2.3e-16   55.2   0.0   293   392     1    93     1   103 0.89 -
141755:252-584       -            111 2212at4891           -            586   1.1e-09   33.1   0.0   1   1   1.8e-11   1.8e-09   32.5   0.0   208   308    16   111     8   111 0.83 -
#
# Program:         hmmsearch
# Version:         3.1b2 (February 2015)
# Pipeline mode:   SEARCH
# Query file:      /home/jj/Desktop/Bioinformatics/3rd_year/1term/Computational_genomics/Seminars/exercise_04/busco_downloads/lineages/saccharomycetes_odb10/hmms/2212at4891.hmm
# Target file:     /home/jj/Desktop/Bioinformatics/3rd_year/1term/Computational_genomics/Seminars/exercise_04/./busco/SRR7548448/SRR7548448_k63_contigs/run_saccharomycetes_odb10/metaeuk_output/initial_results/SRR7548448_k63_graph.contig.fa.modified.fas
# Option settings: hmmsearch --domtblout /home/jj/Desktop/Bioinformatics/3rd_year/1term/Computational_genomics/Seminars/exercise_04/./busco/SRR7548448/SRR7548448_k63_contigs/run_saccharomycetes_odb10/hmmer_output/initial_run_results/2212at4891.out --cpu 1 /home/jj/Desktop/Bioinformatics/3rd_year/1term/Computational_genomics/Seminars/exercise_04/busco_downloads/lineages/saccharomycetes_odb10/hmms/2212at4891.hmm /home/jj/Desktop/Bioinformatics/3rd_year/1term/Computational_genomics/Seminars/exercise_04/./busco/SRR7548448/SRR7548448_k63_contigs/run_saccharomycetes_odb10/metaeuk_output/initial_results/SRR7548448_k63_graph.contig.fa.modified.fas 
# Current dir:     /home/jj/Desktop/Bioinformatics/3rd_year/1term/Computational_genomics/Seminars/exercise_04
# Date:            Tue Nov  5 18:47:50 2024
# [ok]
