#                                                                            --- full sequence --- -------------- this domain -------------   hmm coord   ali coord   env coord
# target name        accession   tlen query name           accession   qlen   E-value  score  bias   #  of  c-Evalue  i-Evalue  score  bias  from    to  from    to  from    to  acc description of target
#------------------- ---------- ----- -------------------- ---------- ----- --------- ------ ----- --- --- --------- --------- ------ ----- ----- ----- ----- ----- ----- ----- ---- ---------------------
144461:10-831        -            274 22304at4891          -            256   6.7e-20   66.9   0.9   1   2   1.6e-07   9.2e-06   20.5   0.0   175   255     2    96     1    97 0.78 -
144461:10-831        -            274 22304at4891          -            256   6.7e-20   66.9   0.9   2   2     1e-14   5.9e-13   44.1   0.3    82   234    96   268    89   272 0.75 -
142283:0-563         -            188 22304at4891          -            256   1.3e-14   49.6   0.1   1   2   2.1e-08   1.2e-06   23.5   0.0   168   232     9    79     1   102 0.68 -
142283:0-563         -            188 22304at4891          -            256   1.3e-14   49.6   0.1   2   2   6.3e-09   3.7e-07   25.1   0.0   173   233   109   172    81   184 0.71 -
142839:31-621        -            197 22304at4891          -            256   5.5e-13   44.2   0.7   1   1   3.4e-14     2e-12   42.4   0.7    95   244    30   195    22   197 0.81 -
145631:2-904         -            301 22304at4891          -            256   1.6e-11   39.4   5.2   1   2   1.5e-06   8.6e-05   17.4   0.1   168   242     6    83     2    93 0.80 -
145631:2-904         -            301 22304at4891          -            256   1.6e-11   39.4   5.2   2   2   7.4e-08   4.3e-06   21.6   3.8    67   247    78   285    75   290 0.71 -
143255:5-688         -            228 22304at4891          -            256   3.4e-10   35.1   0.5   1   2   1.1e-07   6.3e-06   21.1   0.1   136   233     4   114     2   125 0.81 -
143255:5-688         -            228 22304at4891          -            256   3.4e-10   35.1   0.5   2   2   4.9e-05    0.0028   12.4   0.0   177   237   152   218   136   226 0.71 -
144201:7-801         -            265 22304at4891          -            256   5.3e-10   34.5   0.0   1   3   0.00074     0.043    8.5   0.0   193   252    12    71     3    73 0.84 -
144201:7-801         -            265 22304at4891          -            256   5.3e-10   34.5   0.0   2   3   0.00014    0.0081   10.9   0.0   162   247    73   169    67   176 0.70 -
144201:7-801         -            265 22304at4891          -            256   5.3e-10   34.5   0.0   3   3   5.5e-05    0.0032   12.2   0.0   182   232   194   249   163   259 0.79 -
140361:20-523        -            168 22304at4891          -            256   6.5e-10   34.2   0.5   1   2   6.1e-07   3.5e-05   18.7   0.2   173   243     8    78     4    91 0.85 -
140361:20-523        -            168 22304at4891          -            256   6.5e-10   34.2   0.5   2   2   2.8e-06   0.00016   16.5   0.0   145   232    65   167    64   168 0.63 -
139317:1-486         -            162 22304at4891          -            256   3.5e-09   31.7   0.1   1   1   1.1e-10   6.4e-09   30.9   0.1   113   244     9   151     6   160 0.73 -
143297:53-682        -            210 22304at4891          -            256     2e-08   29.3   0.0   1   1     1e-09   5.9e-08   27.7   0.0   132   231    80   195    58   208 0.65 -
138951:2-475         -            158 22304at4891          -            256   2.7e-07   25.6   0.4   1   1   8.1e-09   4.7e-07   24.8   0.4    52   187     2   155     1   158 0.73 -
137551:4-429         -            142 22304at4891          -            256    0.0001   17.1   0.1   1   3    0.0021      0.12    7.1   0.0   204   235    13    44     5    61 0.80 -
137551:4-429         -            142 22304at4891          -            256    0.0001   17.1   0.1   2   3     0.027       1.6    3.4   0.0   176   222    37    83    35    88 0.85 -
137551:4-429         -            142 22304at4891          -            256    0.0001   17.1   0.1   3   3    0.0011     0.064    8.0   0.1   180   232    84   140    70   142 0.77 -
144901:479-925       -            149 22304at4891          -            256   0.00014   16.7   0.0   1   1   3.1e-06   0.00018   16.4   0.0   104   202     9   117     1   143 0.64 -
138685:10-465        -            152 22304at4891          -            256   0.00031   15.5   0.0   1   2   0.00069      0.04    8.6   0.0   201   237    34    70     3    85 0.73 -
138685:10-465        -            152 22304at4891          -            256   0.00031   15.5   0.0   2   2    0.0075      0.43    5.2   0.0   184   224   107   152    84   152 0.69 -
142097:117-608       -            164 22304at4891          -            256    0.0027   12.5   0.0   1   2      0.25        14    0.3   0.0   211   247    16    53    11    58 0.79 -
142097:117-608       -            164 22304at4891          -            256    0.0027   12.5   0.0   2   2   0.00015    0.0086   10.8   0.0   169   242    66   151    24   161 0.65 -
141067:1-555         -            185 22304at4891          -            256    0.0029   12.3   0.0   1   2   0.00031     0.018    9.8   0.0   200   250    72   122    27   127 0.73 -
141067:1-555         -            185 22304at4891          -            256    0.0029   12.3   0.0   2   2      0.21        12    0.5   0.0    24    40   151   167   128   182 0.77 -
#
# Program:         hmmsearch
# Version:         3.1b2 (February 2015)
# Pipeline mode:   SEARCH
# Query file:      /home/jj/Desktop/Bioinformatics/3rd_year/1term/Computational_genomics/Seminars/exercise_04/busco_downloads/lineages/saccharomycetes_odb10/hmms/22304at4891.hmm
# Target file:     /home/jj/Desktop/Bioinformatics/3rd_year/1term/Computational_genomics/Seminars/exercise_04/./busco/SRR7548448/SRR7548448_k63_contigs/run_saccharomycetes_odb10/metaeuk_output/initial_results/SRR7548448_k63_graph.contig.fa.modified.fas
# Option settings: hmmsearch --domtblout /home/jj/Desktop/Bioinformatics/3rd_year/1term/Computational_genomics/Seminars/exercise_04/./busco/SRR7548448/SRR7548448_k63_contigs/run_saccharomycetes_odb10/hmmer_output/initial_run_results/22304at4891.out --cpu 1 /home/jj/Desktop/Bioinformatics/3rd_year/1term/Computational_genomics/Seminars/exercise_04/busco_downloads/lineages/saccharomycetes_odb10/hmms/22304at4891.hmm /home/jj/Desktop/Bioinformatics/3rd_year/1term/Computational_genomics/Seminars/exercise_04/./busco/SRR7548448/SRR7548448_k63_contigs/run_saccharomycetes_odb10/metaeuk_output/initial_results/SRR7548448_k63_graph.contig.fa.modified.fas 
# Current dir:     /home/jj/Desktop/Bioinformatics/3rd_year/1term/Computational_genomics/Seminars/exercise_04
# Date:            Tue Nov  5 18:47:50 2024
# [ok]
