#                                                                            --- full sequence --- -------------- this domain -------------   hmm coord   ali coord   env coord
# target name        accession   tlen query name           accession   qlen   E-value  score  bias   #  of  c-Evalue  i-Evalue  score  bias  from    to  from    to  from    to  acc description of target
#------------------- ---------- ----- -------------------- ---------- ----- --------- ------ ----- --- --- --------- --------- ------ ----- ----- ----- ----- ----- ----- ----- ---- ---------------------
139317:1-486         -            162 22313at4891          -            251   8.3e-66  217.4   1.1   1   1   3.4e-66   1.8e-64  213.0   1.1   118   251     1   159     1   159 0.88 -
144461:10-831        -            274 22313at4891          -            251   7.2e-35  116.1   4.7   1   5   1.6e-12   8.5e-11   37.2   0.1   171   248     2    90     1    93 0.80 -
144461:10-831        -            274 22313at4891          -            251   7.2e-35  116.1   4.7   2   5     7e-06   0.00038   15.4   0.1    84   121    97   134    94   137 0.88 -
144461:10-831        -            274 22313at4891          -            251   7.2e-35  116.1   4.7   3   5   4.7e-14   2.5e-12   42.2   0.1   169   233   106   169   103   173 0.90 -
144461:10-831        -            274 22313at4891          -            251   7.2e-35  116.1   4.7   4   5   3.8e-06   0.00021   16.3   0.1    89   124   195   230   171   239 0.83 -
144461:10-831        -            274 22313at4891          -            251   7.2e-35  116.1   4.7   5   5   3.8e-05     0.002   13.0   0.0   203   236   238   271   230   274 0.83 -
144201:7-801         -            265 22313at4891          -            251   4.3e-22   74.2   0.2   1   3   1.2e-08   6.2e-07   24.5   0.0   201   247    21    67    10    71 0.90 -
144201:7-801         -            265 22313at4891          -            251   4.3e-22   74.2   0.2   2   3   1.3e-05   0.00068   14.6   0.0   201   235   124   158    83   172 0.78 -
144201:7-801         -            265 22313at4891          -            251   4.3e-22   74.2   0.2   3   3   1.1e-10   5.9e-09   31.2   0.0   178   233   194   251   178   263 0.82 -
145631:2-904         -            301 22313at4891          -            251   2.4e-19   65.2   0.1   1   3   7.3e-08   3.9e-06   21.9   0.0   172   231    14    73     1    94 0.62 -
145631:2-904         -            301 22313at4891          -            251   2.4e-19   65.2   0.1   2   3     8e-08   4.3e-06   21.8   0.0   164   248   104   187   100   190 0.93 -
145631:2-904         -            301 22313at4891          -            251   2.4e-19   65.2   0.1   3   3   9.8e-07   5.3e-05   18.2   0.0    91   165   206   283   195   291 0.53 -
143255:5-688         -            228 22313at4891          -            251   1.7e-18   62.4   0.2   1   2      0.24        13    0.6   0.0   217   249     1    33     1    35 0.84 -
143255:5-688         -            228 22313at4891          -            251   1.7e-18   62.4   0.2   2   2     3e-18   1.6e-16   56.0   0.1    11   165    44   226    40   228 0.74 -
143297:53-682        -            210 22313at4891          -            251   5.9e-15   50.8   0.1   1   2   4.2e-06   0.00023   16.1   0.1    95   172    30   118    25   123 0.61 -
143297:53-682        -            210 22313at4891          -            251   5.9e-15   50.8   0.1   2   2   4.5e-11   2.4e-09   32.4   0.0     5    67   130   192   126   210 0.84 -
142283:0-563         -            188 22313at4891          -            251   8.1e-15   50.4   0.0   1   1   1.7e-15   8.9e-14   46.9   0.0     3   166     7   185     5   187 0.78 -
140361:20-523        -            168 22313at4891          -            251   2.5e-14   48.8   0.4   1   2   7.4e-09     4e-07   25.2   0.2    95   174    10    89     3    93 0.87 -
140361:20-523        -            168 22313at4891          -            251   2.5e-14   48.8   0.4   2   2   6.3e-08   3.4e-06   22.1   0.0    95   153   108   168    95   168 0.82 -
144901:479-925       -            149 22313at4891          -            251   5.6e-14   47.6   0.1   1   1   5.7e-15   3.1e-13   45.2   0.1    14   145     1   137     1   140 0.83 -
142839:31-621        -            197 22313at4891          -            251   1.1e-13   46.6   0.3   1   2   2.6e-09   1.4e-07   26.6   0.1   169   246    27   106    17   112 0.66 -
142839:31-621        -            197 22313at4891          -            251   1.1e-13   46.6   0.3   2   2   9.8e-07   5.3e-05   18.2   0.0    10    64   125   176   116   197 0.81 -
138951:2-475         -            158 22313at4891          -            251   3.4e-12   41.8   0.8   1   2     0.072       3.9    2.3   0.0   221   241     2    22     1    32 0.83 -
138951:2-475         -            158 22313at4891          -            251   3.4e-12   41.8   0.8   2   2   7.3e-13     4e-11   38.3   0.1     5    90    40   134    36   158 0.78 -
138685:10-465        -            152 22313at4891          -            251   4.9e-11   38.0   0.1   1   2   1.4e-05   0.00075   14.5   0.0   201   237    35    71     5    85 0.82 -
138685:10-465        -            152 22313at4891          -            251   4.9e-11   38.0   0.1   2   2   1.1e-07   6.2e-06   21.3   0.1   178   223   105   152    92   152 0.82 -
142097:117-608       -            164 22313at4891          -            251   2.2e-10   35.8   0.0   1   2    0.0075       0.4    5.5   0.0   210   247    16    54     7    59 0.77 -
142097:117-608       -            164 22313at4891          -            251   2.2e-10   35.8   0.0   2   2   1.7e-09     9e-08   27.3   0.0   155   245    58   155    56   161 0.77 -
141067:1-555         -            185 22313at4891          -            251   1.4e-08   30.0   0.0   1   2     2e-05    0.0011   13.9   0.0   201   235    74   108    66   121 0.85 -
141067:1-555         -            185 22313at4891          -            251   1.4e-08   30.0   0.0   2   2   3.3e-05    0.0018   13.2   0.0   175   217   141   185   129   185 0.80 -
137551:4-429         -            142 22313at4891          -            251   3.6e-08   28.6   0.1   1   1     1e-08   5.6e-07   24.7   0.1    42   153    12   141     7   142 0.68 -
139299:2-484         -            161 22313at4891          -            251   2.9e-05   19.1   0.1   1   2     8e-07   4.3e-05   18.5   0.0    96   168    41   117     6   128 0.82 -
139299:2-484         -            161 22313at4891          -            251   2.9e-05   19.1   0.1   2   2       4.4   2.4e+02   -3.6   0.0   175   191   143   159   139   160 0.62 -
#
# Program:         hmmsearch
# Version:         3.1b2 (February 2015)
# Pipeline mode:   SEARCH
# Query file:      /home/jj/Desktop/Bioinformatics/3rd_year/1term/Computational_genomics/Seminars/exercise_04/busco_downloads/lineages/saccharomycetes_odb10/hmms/22313at4891.hmm
# Target file:     /home/jj/Desktop/Bioinformatics/3rd_year/1term/Computational_genomics/Seminars/exercise_04/./busco/SRR7548448/SRR7548448_k63_contigs/run_saccharomycetes_odb10/metaeuk_output/initial_results/SRR7548448_k63_graph.contig.fa.modified.fas
# Option settings: hmmsearch --domtblout /home/jj/Desktop/Bioinformatics/3rd_year/1term/Computational_genomics/Seminars/exercise_04/./busco/SRR7548448/SRR7548448_k63_contigs/run_saccharomycetes_odb10/hmmer_output/initial_run_results/22313at4891.out --cpu 1 /home/jj/Desktop/Bioinformatics/3rd_year/1term/Computational_genomics/Seminars/exercise_04/busco_downloads/lineages/saccharomycetes_odb10/hmms/22313at4891.hmm /home/jj/Desktop/Bioinformatics/3rd_year/1term/Computational_genomics/Seminars/exercise_04/./busco/SRR7548448/SRR7548448_k63_contigs/run_saccharomycetes_odb10/metaeuk_output/initial_results/SRR7548448_k63_graph.contig.fa.modified.fas 
# Current dir:     /home/jj/Desktop/Bioinformatics/3rd_year/1term/Computational_genomics/Seminars/exercise_04
# Date:            Tue Nov  5 18:47:50 2024
# [ok]
