#                                                                            --- full sequence --- -------------- this domain -------------   hmm coord   ali coord   env coord
# target name        accession   tlen query name           accession   qlen   E-value  score  bias   #  of  c-Evalue  i-Evalue  score  bias  from    to  from    to  from    to  acc description of target
#------------------- ---------- ----- -------------------- ---------- ----- --------- ------ ----- --- --- --------- --------- ------ ----- ----- ----- ----- ----- ----- ----- ---- ---------------------
140077:5-511         -            169 23340at4891          -            223   7.6e-05   17.8   0.4   1   3    0.0058       1.3    4.0   0.1   200   220    55    75    44    78 0.74 -
140077:5-511         -            169 23340at4891          -            223   7.6e-05   17.8   0.4   2   3   0.00024     0.052    8.5   0.0    14    37   104   127    88   138 0.82 -
140077:5-511         -            169 23340at4891          -            223   7.6e-05   17.8   0.4   3   3     0.037       8.1    1.4   0.0    13    30   146   163   137   167 0.86 -
143663:94-729        -            212 23340at4891          -            223   0.00046   15.3   1.0   1   4     0.002      0.43    5.5   0.0     5    47     1    48     1    60 0.73 -
143663:94-729        -            212 23340at4891          -            223   0.00046   15.3   1.0   2   4     0.014       2.9    2.8   0.0    36    60    70    94    49   103 0.67 -
143663:94-729        -            212 23340at4891          -            223   0.00046   15.3   1.0   3   4    0.0094         2    3.3   0.0     1    31   101   135   101   143 0.81 -
143663:94-729        -            212 23340at4891          -            223   0.00046   15.3   1.0   4   4      0.17        36   -0.7   0.0   143   155   143   155   135   211 0.57 -
145365:0-995         -            332 23340at4891          -            223    0.0015   13.6   0.1   1   2   4.9e-05     0.011   10.8   0.0     7    33    73    99    70   115 0.82 -
145365:0-995         -            332 23340at4891          -            223    0.0015   13.6   0.1   2   2     0.098        21   -0.0   0.0    46    62   268   284   260   324 0.73 -
142977:2-622         -            207 23340at4891          -            223     0.007   11.4   0.1   1   2     0.013       2.9    2.8   0.0    44    69   114   139   109   153 0.78 -
142977:2-622         -            207 23340at4891          -            223     0.007   11.4   0.1   2   2    0.0014       0.3    6.0   0.1    11    34   153   176   141   187 0.88 -
#
# Program:         hmmsearch
# Version:         3.1b2 (February 2015)
# Pipeline mode:   SEARCH
# Query file:      /home/jj/Desktop/Bioinformatics/3rd_year/1term/Computational_genomics/Seminars/exercise_04/busco_downloads/lineages/saccharomycetes_odb10/hmms/23340at4891.hmm
# Target file:     /home/jj/Desktop/Bioinformatics/3rd_year/1term/Computational_genomics/Seminars/exercise_04/./busco/SRR7548448/SRR7548448_k63_contigs/run_saccharomycetes_odb10/metaeuk_output/initial_results/SRR7548448_k63_graph.contig.fa.modified.fas
# Option settings: hmmsearch --domtblout /home/jj/Desktop/Bioinformatics/3rd_year/1term/Computational_genomics/Seminars/exercise_04/./busco/SRR7548448/SRR7548448_k63_contigs/run_saccharomycetes_odb10/hmmer_output/initial_run_results/23340at4891.out --cpu 1 /home/jj/Desktop/Bioinformatics/3rd_year/1term/Computational_genomics/Seminars/exercise_04/busco_downloads/lineages/saccharomycetes_odb10/hmms/23340at4891.hmm /home/jj/Desktop/Bioinformatics/3rd_year/1term/Computational_genomics/Seminars/exercise_04/./busco/SRR7548448/SRR7548448_k63_contigs/run_saccharomycetes_odb10/metaeuk_output/initial_results/SRR7548448_k63_graph.contig.fa.modified.fas 
# Current dir:     /home/jj/Desktop/Bioinformatics/3rd_year/1term/Computational_genomics/Seminars/exercise_04
# Date:            Tue Nov  5 18:47:51 2024
# [ok]
