#                                                                            --- full sequence --- -------------- this domain -------------   hmm coord   ali coord   env coord
# target name        accession   tlen query name           accession   qlen   E-value  score  bias   #  of  c-Evalue  i-Evalue  score  bias  from    to  from    to  from    to  acc description of target
#------------------- ---------- ----- -------------------- ---------- ----- --------- ------ ----- --- --- --------- --------- ------ ----- ----- ----- ----- ----- ----- ----- ---- ---------------------
142623:1-639         -            213 23913at4891          -            270   7.6e-68  224.7   0.5   1   2   4.8e-19     7e-17   57.6   0.1    17    63     1    47     1    53 0.95 -
142623:1-639         -            213 23913at4891          -            270   7.6e-68  224.7   0.5   2   2   4.8e-52   6.9e-50  165.8   0.0    55   167    97   213    65   213 0.85 -
144493:24-539        -            172 23913at4891          -            270   2.2e-11   39.5   2.8   1   2   0.00097      0.14    7.4   0.0     8    27     4    23     1    35 0.87 -
144493:24-539        -            172 23913at4891          -            270   2.2e-11   39.5   2.8   2   2   5.2e-11   7.5e-09   31.2   0.8   104   195    42   126    35   134 0.77 -
127717:2-280         -             93 23913at4891          -            270   4.1e-06   22.2   0.2   1   2    0.0012      0.17    7.1   0.1     7    29    18    40    13    61 0.85 -
127717:2-280         -             93 23913at4891          -            270   4.1e-06   22.2   0.2   2   2   7.6e-06    0.0011   14.3   0.0   107   143    57    93    42    93 0.83 -
133105:21-350        -            110 23913at4891          -            270   8.7e-06   21.2   1.5   1   2    0.0044      0.63    5.2   0.2     7    29    17    39    13    61 0.82 -
133105:21-350        -            110 23913at4891          -            270   8.7e-06   21.2   1.5   2   2   2.1e-06   0.00031   16.1   0.1   107   147    56    96    41   109 0.81 -
138519:31-459        -            143 23913at4891          -            270     2e-05   20.0   2.0   1   2    0.0071         1    4.5   0.2     7    29    17    39    13    61 0.82 -
138519:31-459        -            143 23913at4891          -            270     2e-05   20.0   2.0   2   2   2.7e-06   0.00039   15.8   0.2   107   151    56   100    42   137 0.75 -
137007:69-422        -            118 23913at4891          -            270     8e-05   18.0   0.0   1   2    0.0061      0.88    4.8   0.0     3    28     9    34     7    44 0.86 -
137007:69-422        -            118 23913at4891          -            270     8e-05   18.0   0.0   2   2   4.4e-05    0.0064   11.8   0.0   108   147    53    92    44   111 0.84 -
#
# Program:         hmmsearch
# Version:         3.1b2 (February 2015)
# Pipeline mode:   SEARCH
# Query file:      /home/jj/Desktop/Bioinformatics/3rd_year/1term/Computational_genomics/Seminars/exercise_04/busco_downloads/lineages/saccharomycetes_odb10/hmms/23913at4891.hmm
# Target file:     /home/jj/Desktop/Bioinformatics/3rd_year/1term/Computational_genomics/Seminars/exercise_04/./busco/SRR7548448/SRR7548448_k63_contigs/run_saccharomycetes_odb10/metaeuk_output/initial_results/SRR7548448_k63_graph.contig.fa.modified.fas
# Option settings: hmmsearch --domtblout /home/jj/Desktop/Bioinformatics/3rd_year/1term/Computational_genomics/Seminars/exercise_04/./busco/SRR7548448/SRR7548448_k63_contigs/run_saccharomycetes_odb10/hmmer_output/initial_run_results/23913at4891.out --cpu 1 /home/jj/Desktop/Bioinformatics/3rd_year/1term/Computational_genomics/Seminars/exercise_04/busco_downloads/lineages/saccharomycetes_odb10/hmms/23913at4891.hmm /home/jj/Desktop/Bioinformatics/3rd_year/1term/Computational_genomics/Seminars/exercise_04/./busco/SRR7548448/SRR7548448_k63_contigs/run_saccharomycetes_odb10/metaeuk_output/initial_results/SRR7548448_k63_graph.contig.fa.modified.fas 
# Current dir:     /home/jj/Desktop/Bioinformatics/3rd_year/1term/Computational_genomics/Seminars/exercise_04
# Date:            Tue Nov  5 18:47:52 2024
# [ok]
