#                                                                            --- full sequence --- -------------- this domain -------------   hmm coord   ali coord   env coord
# target name        accession   tlen query name           accession   qlen   E-value  score  bias   #  of  c-Evalue  i-Evalue  score  bias  from    to  from    to  from    to  acc description of target
#------------------- ---------- ----- -------------------- ---------- ----- --------- ------ ----- --- --- --------- --------- ------ ----- ----- ----- ----- ----- ----- ----- ---- ---------------------
144603:3-800         -            266 24709at4891          -            252   1.7e-76  252.6   1.3   1   2     0.078         4    2.4   0.0     7    39    29    65    23    71 0.55 -
144603:3-800         -            266 24709at4891          -            252   1.7e-76  252.6   1.3   2   2   1.1e-77   5.7e-76  250.9   1.4     7   196    43   263    37   265 0.85 -
145301:241-942       -            234 24709at4891          -            252   5.9e-16   54.3   0.3   1   4   0.00021     0.011   10.8   0.0    87   118     6    37     2    41 0.88 -
145301:241-942       -            234 24709at4891          -            252   5.9e-16   54.3   0.3   2   4   1.2e-06   6.3e-05   18.1   0.0    67   121    69   124    55   127 0.78 -
145301:241-942       -            234 24709at4891          -            252   5.9e-16   54.3   0.3   3   4   0.00059      0.03    9.4   0.0    87   117   132   162   125   169 0.89 -
145301:241-942       -            234 24709at4891          -            252   5.9e-16   54.3   0.3   4   4   0.00017    0.0088   11.1   0.0    88   122   176   210   163   215 0.84 -
142977:2-622         -            207 24709at4891          -            252   5.1e-15   51.2   0.0   1   3   1.5e-06   7.7e-05   17.9   0.0    85   118     8    41     2    49 0.89 -
142977:2-622         -            207 24709at4891          -            252   5.1e-15   51.2   0.0   2   3   0.00076     0.039    9.0   0.0    70   120    34    87    32    95 0.81 -
142977:2-622         -            207 24709at4891          -            252   5.1e-15   51.2   0.0   3   3   1.2e-08   6.3e-07   24.7   0.0    67   126   120   180   116   187 0.87 -
145769:0-1415        -            472 24709at4891          -            252   8.1e-14   47.3   1.6   1   6     0.092       4.7    2.2   0.0    68   117    34    84    26    96 0.81 -
145769:0-1415        -            472 24709at4891          -            252   8.1e-14   47.3   1.6   2   6     0.008      0.41    5.7   0.0    84   123   142   181   134   188 0.87 -
145769:0-1415        -            472 24709at4891          -            252   8.1e-14   47.3   1.6   3   6     0.024       1.2    4.1   0.0    82   124   185   227   180   233 0.81 -
145769:0-1415        -            472 24709at4891          -            252   8.1e-14   47.3   1.6   4   6   0.00027     0.014   10.5   0.0    67   117   239   289   231   293 0.90 -
145769:0-1415        -            472 24709at4891          -            252   8.1e-14   47.3   1.6   5   6    0.0051      0.26    6.3   0.0    70   118   326   375   295   377 0.80 -
145769:0-1415        -            472 24709at4891          -            252   8.1e-14   47.3   1.6   6   6   9.3e-07   4.7e-05   18.5   0.0    66   118   364   417   357   421 0.89 -
144149:4-795         -            264 24709at4891          -            252   1.2e-12   43.4   0.0   1   3   0.00011    0.0056   11.7   0.0    76   121    56   102    22   108 0.81 -
144149:4-795         -            264 24709at4891          -            252   1.2e-12   43.4   0.0   2   3     0.015      0.74    4.8   0.0    87   122   114   149   109   154 0.91 -
144149:4-795         -            264 24709at4891          -            252   1.2e-12   43.4   0.0   3   3   3.1e-08   1.6e-06   23.4   0.0    66   135   176   245   150   255 0.80 -
143663:94-729        -            212 24709at4891          -            252   6.3e-12   41.1   0.1   1   3    0.0015     0.075    8.1   0.0    87   118     1    30     1    39 0.93 -
143663:94-729        -            212 24709at4891          -            252   6.3e-12   41.1   0.1   2   3   1.7e-08   8.9e-07   24.2   0.0    55   118    74   134    36   136 0.82 -
143663:94-729        -            212 24709at4891          -            252   6.3e-12   41.1   0.1   3   3   4.4e-06   0.00023   16.3   0.0    31   115   123   212   120   212 0.72 -
145821:44-862        -            273 24709at4891          -            252   7.4e-11   37.6   3.4   1   4   0.00057     0.029    9.4   0.1    67   117     4    53     2    58 0.84 -
145821:44-862        -            273 24709at4891          -            252   7.4e-11   37.6   3.4   2   4    0.0011     0.055    8.5   0.1    70   118    47    94    45    97 0.79 -
145821:44-862        -            273 24709at4891          -            252   7.4e-11   37.6   3.4   3   4   2.5e-05    0.0013   13.8   0.1    67   119    84   136    61   139 0.88 -
145821:44-862        -            273 24709at4891          -            252   7.4e-11   37.6   3.4   4   4   9.8e-05     0.005   11.9   0.1    66   118   213   264   192   267 0.81 -
144137:68-793        -            242 24709at4891          -            252   2.5e-10   35.8   1.3   1   3   3.2e-06   0.00016   16.8   0.4    70   118   101   150    94   173 0.80 -
144137:68-793        -            242 24709at4891          -            252   2.5e-10   35.8   1.3   2   3    0.0032      0.16    7.0   0.1    79   126   153   200   150   202 0.86 -
144137:68-793        -            242 24709at4891          -            252   2.5e-10   35.8   1.3   3   3   5.6e-06   0.00029   16.0   0.0    68   118   183   234   180   237 0.87 -
140077:5-511         -            169 24709at4891          -            252   3.9e-10   35.2   0.1   1   1   2.9e-10   1.5e-08   30.0   0.1    11   121     4   123     1   146 0.81 -
144541:1-852         -            284 24709at4891          -            252   1.6e-09   33.2   2.1   1   4    0.0035      0.18    6.8   0.0    86   119    28    61     4    66 0.86 -
144541:1-852         -            284 24709at4891          -            252   1.6e-09   33.2   2.1   2   4      0.08       4.1    2.4   0.0    82   123    73   114    65   120 0.65 -
144541:1-852         -            284 24709at4891          -            252   1.6e-09   33.2   2.1   3   4   3.2e-05    0.0016   13.5   0.3    80   117   117   154    97   166 0.75 -
144541:1-852         -            284 24709at4891          -            252   1.6e-09   33.2   2.1   4   4     0.001     0.051    8.6   0.3    82   129   163   212   155   228 0.80 -
142803:50-655        -            202 24709at4891          -            252   9.1e-09   30.7   0.4   1   3   3.1e-07   1.6e-05   20.1   0.2    66   118     3    57     1    61 0.84 -
142803:50-655        -            202 24709at4891          -            252   9.1e-09   30.7   0.4   2   3    0.0018     0.093    7.7   0.0    91   117    80   106    78   108 0.94 -
142803:50-655        -            202 24709at4891          -            252   9.1e-09   30.7   0.4   3   3       1.3        66   -1.6   0.0   221   239   143   161   140   165 0.83 -
144489:26-847        -            274 24709at4891          -            252     3e-07   25.7   0.3   1   2   4.5e-05    0.0023   13.0   0.2    67   119    16    71     8    80 0.81 -
144489:26-847        -            274 24709at4891          -            252     3e-07   25.7   0.3   2   2   0.00023     0.012   10.7   0.0    69   119   125   178   118   186 0.84 -
145543:202-1035      -            278 24709at4891          -            252   7.8e-07   24.4   0.2   1   4      0.56        29   -0.4   0.0   222   235    13    26     3    33 0.76 -
145543:202-1035      -            278 24709at4891          -            252   7.8e-07   24.4   0.2   2   4   2.3e-05    0.0011   14.0   0.0    76   121    49    93    19    99 0.80 -
145543:202-1035      -            278 24709at4891          -            252   7.8e-07   24.4   0.2   3   4      0.02         1    4.4   0.0    80   118   110   148   105   154 0.85 -
145543:202-1035      -            278 24709at4891          -            252   7.8e-07   24.4   0.2   4   4     0.057       2.9    2.9   0.0    67   119   138   191   136   202 0.80 -
143313:118-603       -            162 24709at4891          -            252   2.1e-06   23.0   0.1   1   1   2.9e-07   1.5e-05   20.2   0.0    67   118    86   138    20   141 0.86 -
145907:182-1561      -            460 24709at4891          -            252   3.9e-06   22.1   2.1   1   4     0.029       1.5    3.8   0.0   222   243    30    51    27    58 0.85 -
145907:182-1561      -            460 24709at4891          -            252   3.9e-06   22.1   2.1   2   4    0.0095      0.48    5.4   0.0   221   244    85   108    63   114 0.64 -
145907:182-1561      -            460 24709at4891          -            252   3.9e-06   22.1   2.1   3   4     0.034       1.7    3.6   0.1    67   116   165   215   160   220 0.86 -
145907:182-1561      -            460 24709at4891          -            252   3.9e-06   22.1   2.1   4   4    0.0081      0.41    5.6   0.1    70   114   353   399   346   407 0.82 -
136257:22-312        -             97 24709at4891          -            252   1.9e-05   19.9   0.0   1   1   4.3e-07   2.2e-05   19.6   0.0    29   116     3    97     1    97 0.76 -
143253:125-688       -            188 24709at4891          -            252   0.00047   15.3   0.9   1   2    0.0094      0.48    5.4   0.3    90   162    26    98    10   105 0.66 -
143253:125-688       -            188 24709at4891          -            252   0.00047   15.3   0.9   2   2   0.00074     0.038    9.0   0.0    80   121   102   143    92   153 0.84 -
#
# Program:         hmmsearch
# Version:         3.1b2 (February 2015)
# Pipeline mode:   SEARCH
# Query file:      /home/jj/Desktop/Bioinformatics/3rd_year/1term/Computational_genomics/Seminars/exercise_04/busco_downloads/lineages/saccharomycetes_odb10/hmms/24709at4891.hmm
# Target file:     /home/jj/Desktop/Bioinformatics/3rd_year/1term/Computational_genomics/Seminars/exercise_04/./busco/SRR7548448/SRR7548448_k63_contigs/run_saccharomycetes_odb10/metaeuk_output/initial_results/SRR7548448_k63_graph.contig.fa.modified.fas
# Option settings: hmmsearch --domtblout /home/jj/Desktop/Bioinformatics/3rd_year/1term/Computational_genomics/Seminars/exercise_04/./busco/SRR7548448/SRR7548448_k63_contigs/run_saccharomycetes_odb10/hmmer_output/initial_run_results/24709at4891.out --cpu 1 /home/jj/Desktop/Bioinformatics/3rd_year/1term/Computational_genomics/Seminars/exercise_04/busco_downloads/lineages/saccharomycetes_odb10/hmms/24709at4891.hmm /home/jj/Desktop/Bioinformatics/3rd_year/1term/Computational_genomics/Seminars/exercise_04/./busco/SRR7548448/SRR7548448_k63_contigs/run_saccharomycetes_odb10/metaeuk_output/initial_results/SRR7548448_k63_graph.contig.fa.modified.fas 
# Current dir:     /home/jj/Desktop/Bioinformatics/3rd_year/1term/Computational_genomics/Seminars/exercise_04
# Date:            Tue Nov  5 18:47:53 2024
# [ok]
