#                                                                            --- full sequence --- -------------- this domain -------------   hmm coord   ali coord   env coord
# target name        accession   tlen query name           accession   qlen   E-value  score  bias   #  of  c-Evalue  i-Evalue  score  bias  from    to  from    to  from    to  acc description of target
#------------------- ---------- ----- -------------------- ---------- ----- --------- ------ ----- --- --- --------- --------- ------ ----- ----- ----- ----- ----- ----- ----- ---- ---------------------
140361:20-523        -            168 25148at4891          -            196   1.6e-49  164.1   6.0   1   3     1e-15     6e-14   48.0   0.7    67   116     4    53     2    54 0.94 -
140361:20-523        -            168 25148at4891          -            196   1.6e-49  164.1   6.0   2   3   2.3e-16   1.3e-14   50.1   0.2    95   129    49    83    42    88 0.90 -
140361:20-523        -            168 25148at4891          -            196   1.6e-49  164.1   6.0   3   3   8.5e-23   4.9e-21   71.1   0.1   128   181   108   168   102   168 0.90 -
142839:31-621        -            197 25148at4891          -            196   9.1e-15   50.6   2.1   1   3   1.2e-06   6.6e-05   18.5   0.0   127   161    28    62    21    75 0.83 -
142839:31-621        -            197 25148at4891          -            196   9.1e-15   50.6   2.1   2   3   6.7e-05    0.0039   12.7   0.0    99   130    77   108    65   125 0.71 -
142839:31-621        -            197 25148at4891          -            196   9.1e-15   50.6   2.1   3   3   1.2e-06     7e-05   18.4   0.2   128   191   126   194   119   197 0.86 -
144461:10-831        -            274 25148at4891          -            196   1.6e-14   49.8   0.6   1   5   0.00014    0.0081   11.6   0.0   128   161     2    35     1    54 0.78 -
144461:10-831        -            274 25148at4891          -            196   1.6e-14   49.8   0.6   2   5   1.7e-06   9.7e-05   17.9   0.0    28   109    52   143    34   149 0.71 -
144461:10-831        -            274 25148at4891          -            196   1.6e-14   49.8   0.6   3   5      0.14       7.9    1.9   0.0    94   124   148   178   139   187 0.72 -
144461:10-831        -            274 25148at4891          -            196   1.6e-14   49.8   0.6   4   5   0.00012    0.0068   11.9   0.0     7    36   200   229   195   247 0.88 -
144461:10-831        -            274 25148at4891          -            196   1.6e-14   49.8   0.6   5   5       0.2        12    1.3   0.0    98   120   251   273   243   274 0.84 -
142283:0-563         -            188 25148at4891          -            196   1.7e-09   33.4   0.8   1   4    0.0014     0.078    8.4   0.0     5    34    12    41     8    49 0.82 -
142283:0-563         -            188 25148at4891          -            196   1.7e-09   33.4   0.8   2   4     0.014      0.83    5.1   0.0    11    33    18    40    17    98 0.68 -
142283:0-563         -            188 25148at4891          -            196   1.7e-09   33.4   0.8   3   4   5.4e-05    0.0031   13.0   0.0     3    36   106   139   104   148 0.87 -
142283:0-563         -            188 25148at4891          -            196   1.7e-09   33.4   0.8   4   4    0.0035       0.2    7.1   0.1    99   129   157   187   144   188 0.88 -
142097:117-608       -            164 25148at4891          -            196     1e-08   30.9   0.5   1   3   8.6e-05     0.005   12.3   0.0    35    61    27    53    19    64 0.86 -
142097:117-608       -            164 25148at4891          -            196     1e-08   30.9   0.5   2   3     0.005      0.29    6.6   0.0     3    34    70   101    68   111 0.86 -
142097:117-608       -            164 25148at4891          -            196     1e-08   30.9   0.5   3   3   0.00081     0.046    9.2   0.1    35    61   130   156   113   162 0.83 -
139299:2-484         -            161 25148at4891          -            196   1.2e-08   30.7   0.2   1   3    0.0088      0.51    5.8   0.0    70    99    37    66     8    85 0.67 -
139299:2-484         -            161 25148at4891          -            196   1.2e-08   30.7   0.2   2   3   0.00031     0.018   10.5   0.0    89   129    79   117    70   123 0.82 -
139299:2-484         -            161 25148at4891          -            196   1.2e-08   30.7   0.2   3   3   0.00013    0.0072   11.8   0.1   129   150   140   161   135   161 0.90 -
143255:5-688         -            228 25148at4891          -            196   2.4e-08   29.7   4.0   1   3   8.1e-05    0.0046   12.4   0.4    35    99     4    76     2    92 0.72 -
143255:5-688         -            228 25148at4891          -            196   2.4e-08   29.7   4.0   2   3     0.047       2.7    3.4   0.0    35    97   102   174    86   185 0.56 -
143255:5-688         -            228 25148at4891          -            196   2.4e-08   29.7   4.0   3   3   2.4e-05    0.0014   14.1   0.1   162   194   193   227   150   228 0.73 -
138951:2-475         -            158 25148at4891          -            196   6.3e-07   25.1   1.8   1   2   2.7e-06   0.00016   17.2   0.8    36    99     2    73     1    77 0.73 -
138951:2-475         -            158 25148at4891          -            196   6.3e-07   25.1   1.8   2   2     0.017         1    4.8   0.0    95   127    97   129    88   137 0.86 -
144201:7-801         -            265 25148at4891          -            196     9e-07   24.5   4.8   1   4    0.0035       0.2    7.1   0.0    97   127    35    65    25    73 0.86 -
144201:7-801         -            265 25148at4891          -            196     9e-07   24.5   4.8   2   4     0.023       1.3    4.4   0.0   118   158    78   117    72   134 0.80 -
144201:7-801         -            265 25148at4891          -            196     9e-07   24.5   4.8   3   4    0.0029      0.17    7.3   0.3    35    70   143   178   128   229 0.64 -
144201:7-801         -            265 25148at4891          -            196     9e-07   24.5   4.8   4   4      0.02       1.1    4.6   0.1    94   121   230   257   224   264 0.84 -
144901:479-925       -            149 25148at4891          -            196   1.3e-06   24.0   0.1   1   3   2.4e-05    0.0014   14.1   0.0    11    37     1    27     1    41 0.88 -
144901:479-925       -            149 25148at4891          -            196   1.3e-06   24.0   0.1   2   3    0.0093      0.54    5.7   0.0    35    76    46    87    32    94 0.74 -
144901:479-925       -            149 25148at4891          -            196   1.3e-06   24.0   0.1   3   3       0.2        12    1.3   0.0    12    36    94   118    83   125 0.78 -
139317:1-486         -            162 25148at4891          -            196   1.8e-06   23.6   0.3   1   3   0.00024     0.014   10.9   0.0    93   128    25    60     8    66 0.88 -
139317:1-486         -            162 25148at4891          -            196   1.8e-06   23.6   0.3   2   3    0.0015     0.089    8.2   0.0     8    49    79   122    74   132 0.77 -
139317:1-486         -            162 25148at4891          -            196   1.8e-06   23.6   0.3   3   3     0.038       2.2    3.7   0.0    93   124   119   150   114   158 0.82 -
143297:53-682        -            210 25148at4891          -            196     5e-06   22.1   0.2   1   3      0.24        14    1.1   0.0   167   185    26    44     3    70 0.58 -
143297:53-682        -            210 25148at4891          -            196     5e-06   22.1   0.2   2   3      0.21        12    1.3   0.0    35    65    87   117    76   131 0.68 -
143297:53-682        -            210 25148at4891          -            196     5e-06   22.1   0.2   3   3   6.4e-06   0.00037   16.0   0.1   128   181   136   197   122   208 0.78 -
145631:2-904         -            301 25148at4891          -            196   0.00032   16.2   5.2   1   4    0.0079      0.45    5.9   0.5   129   180    14    73     6    89 0.66 -
145631:2-904         -            301 25148at4891          -            196   0.00032   16.2   5.2   2   4     0.081       4.7    2.6   0.1    35    69    62    96    51   138 0.86 -
145631:2-904         -            301 25148at4891          -            196   0.00032   16.2   5.2   3   4    0.0021      0.12    7.8   0.1   166   194   156   184   140   186 0.89 -
145631:2-904         -            301 25148at4891          -            196   0.00032   16.2   5.2   4   4      0.34        20    0.6   0.0   127   154   209   236   201   265 0.81 -
141067:1-555         -            185 25148at4891          -            196   0.00036   16.1   2.0   1   2    0.0046      0.27    6.7   0.0   109   156    19    65     5    83 0.74 -
141067:1-555         -            185 25148at4891          -            196   0.00036   16.1   2.0   2   2    0.0015     0.088    8.3   0.7    27   109    82   175    78   180 0.61 -
137551:4-429         -            142 25148at4891          -            196   0.00099   14.6   0.1   1   3    0.0087       0.5    5.8   0.0    99   128    27    55     4    64 0.63 -
137551:4-429         -            142 25148at4891          -            196   0.00099   14.6   0.1   2   3    0.0099      0.57    5.6   0.0     4    34    75   105    72   122 0.86 -
137551:4-429         -            142 25148at4891          -            196   0.00099   14.6   0.1   3   3       0.8        46   -0.6   0.0    96   114   123   141   115   142 0.52 -
#
# Program:         hmmsearch
# Version:         3.1b2 (February 2015)
# Pipeline mode:   SEARCH
# Query file:      /home/jj/Desktop/Bioinformatics/3rd_year/1term/Computational_genomics/Seminars/exercise_04/busco_downloads/lineages/saccharomycetes_odb10/hmms/25148at4891.hmm
# Target file:     /home/jj/Desktop/Bioinformatics/3rd_year/1term/Computational_genomics/Seminars/exercise_04/./busco/SRR7548448/SRR7548448_k63_contigs/run_saccharomycetes_odb10/metaeuk_output/initial_results/SRR7548448_k63_graph.contig.fa.modified.fas
# Option settings: hmmsearch --domtblout /home/jj/Desktop/Bioinformatics/3rd_year/1term/Computational_genomics/Seminars/exercise_04/./busco/SRR7548448/SRR7548448_k63_contigs/run_saccharomycetes_odb10/hmmer_output/initial_run_results/25148at4891.out --cpu 1 /home/jj/Desktop/Bioinformatics/3rd_year/1term/Computational_genomics/Seminars/exercise_04/busco_downloads/lineages/saccharomycetes_odb10/hmms/25148at4891.hmm /home/jj/Desktop/Bioinformatics/3rd_year/1term/Computational_genomics/Seminars/exercise_04/./busco/SRR7548448/SRR7548448_k63_contigs/run_saccharomycetes_odb10/metaeuk_output/initial_results/SRR7548448_k63_graph.contig.fa.modified.fas 
# Current dir:     /home/jj/Desktop/Bioinformatics/3rd_year/1term/Computational_genomics/Seminars/exercise_04
# Date:            Tue Nov  5 18:47:54 2024
# [ok]
