#                                                                            --- full sequence --- -------------- this domain -------------   hmm coord   ali coord   env coord
# target name        accession   tlen query name           accession   qlen   E-value  score  bias   #  of  c-Evalue  i-Evalue  score  bias  from    to  from    to  from    to  acc description of target
#------------------- ---------- ----- -------------------- ---------- ----- --------- ------ ----- --- --- --------- --------- ------ ----- ----- ----- ----- ----- ----- ----- ---- ---------------------
145301:241-942       -            234 2531at4891           -            500   1.3e-18   62.5   1.2   1   5    0.0011     0.046    8.0   0.0   207   239     7    39     2    50 0.84 -
145301:241-942       -            234 2531at4891           -            500   1.3e-18   62.5   1.2   2   5    0.0078      0.34    5.1   0.0   210   235    52    77    40    82 0.79 -
145301:241-942       -            234 2531at4891           -            500   1.3e-18   62.5   1.2   3   5   2.3e-06    0.0001   16.7   0.0   208   242    92   126    80   132 0.87 -
145301:241-942       -            234 2531at4891           -            500   1.3e-18   62.5   1.2   4   5   9.4e-08     4e-06   21.3   0.1   210   243   136   169   129   173 0.89 -
145301:241-942       -            234 2531at4891           -            500   1.3e-18   62.5   1.2   5   5    0.0034      0.15    6.3   0.0   209   237   178   206   172   211 0.88 -
145543:202-1035      -            278 2531at4891           -            500   1.4e-13   46.0   3.4   1   3   0.00046      0.02    9.1   0.1   210   236     1    27     1    34 0.91 -
145543:202-1035      -            278 2531at4891           -            500   1.4e-13   46.0   3.4   2   3   6.6e-09   2.8e-07   25.1   0.0   180   236    35    89    31    93 0.90 -
145543:202-1035      -            278 2531at4891           -            500   1.4e-13   46.0   3.4   3   3   0.00012    0.0051   11.1   0.2   365   446   110   190   102   208 0.81 -
145769:0-1415        -            472 2531at4891           -            500   3.1e-12   41.5   2.1   1   6    0.0001    0.0044   11.3   0.1   208   352    56   211    40   224 0.76 -
145769:0-1415        -            472 2531at4891           -            500   3.1e-12   41.5   2.1   2   6   0.00081     0.035    8.3   0.0   328   390   256   319   237   328 0.79 -
145769:0-1415        -            472 2531at4891           -            500   3.1e-12   41.5   2.1   3   6    0.0065      0.28    5.4   0.0   205   240   300   336   286   346 0.74 -
145769:0-1415        -            472 2531at4891           -            500   3.1e-12   41.5   2.1   4   6     0.001     0.044    8.0   0.0   211   240   349   378   342   390 0.85 -
145769:0-1415        -            472 2531at4891           -            500   3.1e-12   41.5   2.1   5   6      0.03       1.3    3.2   0.0   208   241   388   421   378   426 0.80 -
145769:0-1415        -            472 2531at4891           -            500   3.1e-12   41.5   2.1   6   6    0.0068      0.29    5.3   0.0   209   240   432   464   419   468 0.80 -
142977:2-622         -            207 2531at4891           -            500   1.4e-11   39.3   0.0   1   2   0.00036     0.015    9.5   0.0   207   235    11    39     5    49 0.90 -
142977:2-622         -            207 2531at4891           -            500   1.4e-11   39.3   0.0   2   2     1e-09   4.4e-08   27.8   0.0   328   449    50   175    43   187 0.87 -
144541:1-852         -            284 2531at4891           -            500   3.2e-10   34.9   3.3   1   4    0.0027      0.12    6.6   0.0   415   444    29    58    15    78 0.67 -
144541:1-852         -            284 2531at4891           -            500   3.2e-10   34.9   3.3   2   4   0.00045      0.02    9.2   0.2   208   243    80   115    63   137 0.73 -
144541:1-852         -            284 2531at4891           -            500   3.2e-10   34.9   3.3   3   4   5.5e-07   2.4e-05   18.8   0.3   376   449   128   204   116   249 0.80 -
144541:1-852         -            284 2531at4891           -            500   3.2e-10   34.9   3.3   4   4    0.0051      0.22    5.7   0.0   218   237   181   201   159   276 0.76 -
145821:44-862        -            273 2531at4891           -            500   2.6e-08   28.6   5.7   1   6      0.23        10    0.2   0.0   224   243     1    20     1    32 0.88 -
145821:44-862        -            273 2531at4891           -            500   2.6e-08   28.6   5.7   2   6    0.0065      0.28    5.4   0.1   211   242    30    59    13    69 0.69 -
145821:44-862        -            273 2531at4891           -            500   2.6e-08   28.6   5.7   3   6   0.00038     0.016    9.4   0.1   201   241    58    97    56   115 0.81 -
145821:44-862        -            273 2531at4891           -            500   2.6e-08   28.6   5.7   4   6    0.0011     0.047    7.9   0.0   208   251   106   151    96   158 0.78 -
145821:44-862        -            273 2531at4891           -            500   2.6e-08   28.6   5.7   5   6      0.22       9.7    0.3   0.0   222   242   209   229   202   242 0.68 -
145821:44-862        -            273 2531at4891           -            500   2.6e-08   28.6   5.7   6   6    0.0078      0.34    5.1   0.0   216   242   243   269   231   272 0.82 -
140077:5-511         -            169 2531at4891           -            500   4.5e-08   27.8   0.0   1   2   1.6e-06   7.1e-05   17.2   0.0   176   237    11    79     5    90 0.69 -
140077:5-511         -            169 2531at4891           -            500   4.5e-08   27.8   0.0   2   2     0.041       1.8    2.7   0.0   209   236   135   162   123   167 0.89 -
143663:94-729        -            212 2531at4891           -            500   1.9e-07   25.7   0.8   1   3    0.0029      0.12    6.5   0.0   208   242     3    35     1    45 0.87 -
143663:94-729        -            212 2531at4891           -            500   1.9e-07   25.7   0.8   2   3   0.00026     0.011   10.0   0.0   220   243    77   100    62   119 0.75 -
143663:94-729        -            212 2531at4891           -            500   1.9e-07   25.7   0.8   3   3    0.0019     0.084    7.1   0.0   214   239   111   136   100   165 0.82 -
144149:4-795         -            264 2531at4891           -            500   5.1e-07   24.3   0.6   1   4     0.066       2.8    2.0   0.0   202   255    20    79    11    89 0.68 -
144149:4-795         -            264 2531at4891           -            500   5.1e-07   24.3   0.6   2   4   0.00011     0.005   11.1   0.0   362   451    57   150    47   154 0.74 -
144149:4-795         -            264 2531at4891           -            500   5.1e-07   24.3   0.6   3   4     0.057       2.5    2.2   0.0   210   254   160   209   154   210 0.78 -
144149:4-795         -            264 2531at4891           -            500   5.1e-07   24.3   0.6   4   4   0.00071     0.031    8.5   0.1   208   238   200   230   185   243 0.86 -
144489:26-847        -            274 2531at4891           -            500   5.2e-07   24.3   0.0   1   2   2.1e-06   9.1e-05   16.9   0.1   387   444    10    68     4    79 0.90 -
144489:26-847        -            274 2531at4891           -            500   5.2e-07   24.3   0.0   2   2    0.0087      0.38    4.9   0.0   387   440   115   171    97   182 0.74 -
144137:68-793        -            242 2531at4891           -            500   8.1e-06   20.3   0.1   1   2    0.0019     0.084    7.1   0.0   375   444    80   148    61   154 0.80 -
144137:68-793        -            242 2531at4891           -            500   8.1e-06   20.3   0.1   2   2   0.00016    0.0068   10.7   0.0   207   264   162   224   150   235 0.73 -
143819:146-751       -            202 2531at4891           -            500   2.9e-05   18.5   0.1   1   3     0.036       1.6    2.9   0.0   412   445     6    39     2    45 0.85 -
143819:146-751       -            202 2531at4891           -            500   2.9e-05   18.5   0.1   2   3   5.1e-05    0.0022   12.3   0.1   208   282    53   132    47   176 0.66 -
143819:146-751       -            202 2531at4891           -            500   2.9e-05   18.5   0.1   3   3      0.15       6.3    0.9   0.0   198   241   143   187   106   200 0.68 -
145363:1-1098        -            366 2531at4891           -            500   0.00062   14.1   0.0   1   1   2.7e-05    0.0012   13.2   0.0   208   244   118   154   106   185 0.82 -
143313:118-603       -            162 2531at4891           -            500   0.00071   13.9   0.3   1   1   3.3e-05    0.0014   12.9   0.3   374   443    67   135    19   146 0.86 -
142803:50-655        -            202 2531at4891           -            500   0.00094   13.5   0.0   1   2    0.0015     0.065    7.5   0.0   355   446     8    57     1    81 0.59 -
142803:50-655        -            202 2531at4891           -            500   0.00094   13.5   0.0   2   2     0.013      0.57    4.3   0.0   212   251    82   121    75   133 0.82 -
144047:63-782        -            240 2531at4891           -            500   0.00095   13.5   0.1   1   3    0.0092       0.4    4.9   0.0   331   444    14   131     2   151 0.74 -
144047:63-782        -            240 2531at4891           -            500   0.00095   13.5   0.1   2   3    0.0032      0.14    6.4   0.0   209   235   151   177   140   195 0.88 -
144047:63-782        -            240 2531at4891           -            500   0.00095   13.5   0.1   3   3      0.86        37   -1.6   0.0   196   234   199   237   184   239 0.82 -
143253:125-688       -            188 2531at4891           -            500    0.0013   13.1   0.0   1   1   0.00021    0.0092   10.3   0.0   330   406    65   143    27   148 0.68 -
145907:182-1561      -            460 2531at4891           -            500    0.0041   11.4   0.0   1   3       1.4        62   -2.4   0.0   483   498    27    42    15    44 0.77 -
145907:182-1561      -            460 2531at4891           -            500    0.0041   11.4   0.0   2   3     0.002     0.087    7.0   0.0   411   444    66    99    58   114 0.82 -
145907:182-1561      -            460 2531at4891           -            500    0.0041   11.4   0.0   3   3      0.13       5.7    1.0   0.0   339   395   152   209   124   230 0.56 -
136257:22-312        -             97 2531at4891           -            500    0.0048   11.2   0.0   1   1    0.0002    0.0085   10.4   0.0   308   401     4    97     1    97 0.70 -
144947:219-944       -            242 2531at4891           -            500    0.0052   11.1   0.4   1   2   0.00097     0.042    8.1   0.1   207   260    83   136    69   145 0.82 -
144947:219-944       -            242 2531at4891           -            500    0.0052   11.1   0.4   2   2      0.12       5.1    1.2   0.1   211   237   133   158   122   186 0.67 -
#
# Program:         hmmsearch
# Version:         3.1b2 (February 2015)
# Pipeline mode:   SEARCH
# Query file:      /home/jj/Desktop/Bioinformatics/3rd_year/1term/Computational_genomics/Seminars/exercise_04/busco_downloads/lineages/saccharomycetes_odb10/hmms/2531at4891.hmm
# Target file:     /home/jj/Desktop/Bioinformatics/3rd_year/1term/Computational_genomics/Seminars/exercise_04/./busco/SRR7548448/SRR7548448_k63_contigs/run_saccharomycetes_odb10/metaeuk_output/initial_results/SRR7548448_k63_graph.contig.fa.modified.fas
# Option settings: hmmsearch --domtblout /home/jj/Desktop/Bioinformatics/3rd_year/1term/Computational_genomics/Seminars/exercise_04/./busco/SRR7548448/SRR7548448_k63_contigs/run_saccharomycetes_odb10/hmmer_output/initial_run_results/2531at4891.out --cpu 1 /home/jj/Desktop/Bioinformatics/3rd_year/1term/Computational_genomics/Seminars/exercise_04/busco_downloads/lineages/saccharomycetes_odb10/hmms/2531at4891.hmm /home/jj/Desktop/Bioinformatics/3rd_year/1term/Computational_genomics/Seminars/exercise_04/./busco/SRR7548448/SRR7548448_k63_contigs/run_saccharomycetes_odb10/metaeuk_output/initial_results/SRR7548448_k63_graph.contig.fa.modified.fas 
# Current dir:     /home/jj/Desktop/Bioinformatics/3rd_year/1term/Computational_genomics/Seminars/exercise_04
# Date:            Tue Nov  5 18:47:54 2024
# [ok]
