#                                                                            --- full sequence --- -------------- this domain -------------   hmm coord   ali coord   env coord
# target name        accession   tlen query name           accession   qlen   E-value  score  bias   #  of  c-Evalue  i-Evalue  score  bias  from    to  from    to  from    to  acc description of target
#------------------- ---------- ----- -------------------- ---------- ----- --------- ------ ----- --- --- --------- --------- ------ ----- ----- ----- ----- ----- ----- ----- ---- ---------------------
145821:44-862        -            273 2568at4891           -            679   3.7e-18   61.0   5.6   1   4   9.4e-08   4.5e-06   21.0   0.0   168   220     3    55     1    61 0.89 -
145821:44-862        -            273 2568at4891           -            679   3.7e-18   61.0   5.6   2   4   8.1e-06   0.00039   14.6   0.0   186   226    60   101    55   103 0.86 -
145821:44-862        -            273 2568at4891           -            679   3.7e-18   61.0   5.6   3   4    0.0002    0.0096   10.0   0.1   187   223   100   139    97   156 0.75 -
145821:44-862        -            273 2568at4891           -            679   3.7e-18   61.0   5.6   4   4   2.3e-06   0.00011   16.4   0.1   163   221   208   266   202   272 0.80 -
144489:26-847        -            274 2568at4891           -            679   1.2e-17   59.2   0.3   1   1   2.6e-17   1.2e-15   52.6   0.3    68   223     3   181     2   268 0.75 -
142977:2-622         -            207 2568at4891           -            679   1.4e-14   49.2   0.0   1   2     0.013      0.64    4.0   0.0   188   221     7    43     3    45 0.74 -
142977:2-622         -            207 2568at4891           -            679   1.4e-14   49.2   0.0   2   2   1.9e-15   8.9e-14   46.5   0.0    76   222    26   175    20   183 0.86 -
145301:241-942       -            234 2568at4891           -            679   2.4e-14   48.4   0.1   1   2   2.7e-09   1.3e-07   26.1   0.0   101   223     3   125     1   148 0.84 -
145301:241-942       -            234 2568at4891           -            679   2.4e-14   48.4   0.1   2   2     1e-06   4.8e-05   17.6   0.0   168   222   152   209   144   214 0.83 -
140077:5-511         -            169 2568at4891           -            679   1.4e-13   45.9   0.2   1   1   4.3e-15   2.1e-13   45.3   0.2   116   222    16   123     4   132 0.85 -
144149:4-795         -            264 2568at4891           -            679   3.6e-13   44.5   0.0   1   2   0.00014    0.0068   10.5   0.0   181   221    56   101    24   105 0.76 -
144149:4-795         -            264 2568at4891           -            679   3.6e-13   44.5   0.0   2   2   5.6e-11   2.7e-09   31.7   0.0   101   223   111   233   106   242 0.88 -
143819:146-751       -            202 2568at4891           -            679   1.1e-12   42.9   0.1   1   2   1.7e-12   8.3e-11   36.7   0.0   150   245    11   109     2   135 0.88 -
143819:146-751       -            202 2568at4891           -            679   1.1e-12   42.9   0.1   2   2    0.0086      0.41    4.6   0.0   150   196   154   200   133   202 0.82 -
143663:94-729        -            212 2568at4891           -            679   1.3e-12   42.7   0.2   1   3    0.0055      0.26    5.3   0.0   191   230     1    42     1    55 0.74 -
143663:94-729        -            212 2568at4891           -            679   1.3e-12   42.7   0.2   2   3   3.3e-09   1.6e-07   25.8   0.0   167   220    82   135    72   150 0.84 -
143663:94-729        -            212 2568at4891           -            679   1.3e-12   42.7   0.2   3   3   5.4e-08   2.6e-06   21.8   0.1   100   216   101   212    98   212 0.86 -
144541:1-852         -            284 2568at4891           -            679   1.4e-11   39.2   7.3   1   2    0.0086      0.41    4.6   0.1   103   136    28    60    18    70 0.79 -
144541:1-852         -            284 2568at4891           -            679   1.4e-11   39.2   7.3   2   2   4.7e-12   2.2e-10   35.2   6.2    67   219    37   201    36   209 0.77 -
145769:0-1415        -            472 2568at4891           -            679   1.7e-11   38.9   3.1   1   3   1.1e-05   0.00051   14.2   0.4   104   231    54   188    38   193 0.75 -
145769:0-1415        -            472 2568at4891           -            679   1.7e-11   38.9   3.1   2   3   5.5e-06   0.00026   15.2   0.5   153   223   150   225   140   228 0.82 -
145769:0-1415        -            472 2568at4891           -            679   1.7e-11   38.9   3.1   3   3   6.6e-08   3.2e-06   21.5   0.0   152   220   348   418   327   429 0.82 -
143313:118-603       -            162 2568at4891           -            679   3.6e-11   37.9   0.2   1   1   8.4e-13     4e-11   37.7   0.2    99   239    12   159     2   162 0.82 -
144137:68-793        -            242 2568at4891           -            679   4.2e-10   34.4   7.1   1   1   1.1e-11   5.3e-10   34.0   7.1    64   219    82   234    60   240 0.82 -
144603:3-800         -            266 2568at4891           -            679   2.4e-07   25.2   2.7   1   2   1.8e-06   8.8e-05   16.8   0.3   168   222   123   182    49   188 0.64 -
144603:3-800         -            266 2568at4891           -            679   2.4e-07   25.2   2.7   2   2   3.3e-06   0.00016   15.9   0.1    97   179   140   222   129   232 0.73 -
142803:50-655        -            202 2568at4891           -            679   1.5e-06   22.6   0.1   1   1   5.2e-07   2.5e-05   18.6   0.0    98   183    19   111    14   166 0.79 -
136257:22-312        -             97 2568at4891           -            679   5.1e-05   17.5   0.0   1   2     0.023       1.1    3.2   0.0   205   251     2    49     1    59 0.77 -
136257:22-312        -             97 2568at4891           -            679   5.1e-05   17.5   0.0   2   2   1.4e-05   0.00066   13.9   0.0   173   217    50    97    40    97 0.77 -
145543:202-1035      -            278 2568at4891           -            679   5.8e-05   17.4   0.2   1   3       2.5   1.2e+02   -3.5   0.0   122   306    14    29     8    37 0.48 -
145543:202-1035      -            278 2568at4891           -            679   5.8e-05   17.4   0.2   2   3    0.0048      0.23    5.5   0.0   183   223    51    94    47   100 0.78 -
145543:202-1035      -            278 2568at4891           -            679   5.8e-05   17.4   0.2   3   3    0.0004     0.019    9.0   0.3    97   178   110   189   101   202 0.78 -
143253:125-688       -            188 2568at4891           -            679   0.00015   16.0   0.0   1   1     4e-06   0.00019   15.7   0.0   108   226    27   147    22   155 0.80 -
144353:2-823         -            274 2568at4891           -            679    0.0025   12.0   0.0   1   2      0.76        36   -1.8   0.0   156   181    26    51    11    71 0.66 -
144353:2-823         -            274 2568at4891           -            679    0.0025   12.0   0.0   2   2   0.00014    0.0067   10.5   0.0   117   220   140   250   134   271 0.76 -
#
# Program:         hmmsearch
# Version:         3.1b2 (February 2015)
# Pipeline mode:   SEARCH
# Query file:      /home/jj/Desktop/Bioinformatics/3rd_year/1term/Computational_genomics/Seminars/exercise_04/busco_downloads/lineages/saccharomycetes_odb10/hmms/2568at4891.hmm
# Target file:     /home/jj/Desktop/Bioinformatics/3rd_year/1term/Computational_genomics/Seminars/exercise_04/./busco/SRR7548448/SRR7548448_k63_contigs/run_saccharomycetes_odb10/metaeuk_output/initial_results/SRR7548448_k63_graph.contig.fa.modified.fas
# Option settings: hmmsearch --domtblout /home/jj/Desktop/Bioinformatics/3rd_year/1term/Computational_genomics/Seminars/exercise_04/./busco/SRR7548448/SRR7548448_k63_contigs/run_saccharomycetes_odb10/hmmer_output/initial_run_results/2568at4891.out --cpu 1 /home/jj/Desktop/Bioinformatics/3rd_year/1term/Computational_genomics/Seminars/exercise_04/busco_downloads/lineages/saccharomycetes_odb10/hmms/2568at4891.hmm /home/jj/Desktop/Bioinformatics/3rd_year/1term/Computational_genomics/Seminars/exercise_04/./busco/SRR7548448/SRR7548448_k63_contigs/run_saccharomycetes_odb10/metaeuk_output/initial_results/SRR7548448_k63_graph.contig.fa.modified.fas 
# Current dir:     /home/jj/Desktop/Bioinformatics/3rd_year/1term/Computational_genomics/Seminars/exercise_04
# Date:            Tue Nov  5 18:47:55 2024
# [ok]
