#                                                                            --- full sequence --- -------------- this domain -------------   hmm coord   ali coord   env coord
# target name        accession   tlen query name           accession   qlen   E-value  score  bias   #  of  c-Evalue  i-Evalue  score  bias  from    to  from    to  from    to  acc description of target
#------------------- ---------- ----- -------------------- ---------- ----- --------- ------ ----- --- --- --------- --------- ------ ----- ----- ----- ----- ----- ----- ----- ---- ---------------------
141163:84-560        -            159 25808at4891          -            167   1.3e-28   95.6   0.1   1   1   3.2e-30   1.6e-28   95.3   0.1     5   133    13   143    10   158 0.86 -
138385:5-457         -            151 25808at4891          -            167   8.5e-24   79.9   0.2   1   2   7.2e-24   3.7e-22   74.6   0.0    17   120     1   106     1   118 0.88 -
138385:5-457         -            151 25808at4891          -            167   8.5e-24   79.9   0.2   2   2     0.045       2.3    3.7   0.0   117   142   122   147   118   151 0.78 -
140899:61-546        -            162 25808at4891          -            167   9.4e-22   73.3   2.0   1   1   1.6e-21   8.3e-20   67.0   2.0    46   159    11   137     3   145 0.71 -
138703:2-424         -            141 25808at4891          -            167   9.9e-18   60.2   0.0   1   1   2.2e-19   1.1e-17   60.0   0.0     7   120    10   124     4   140 0.80 -
131231:7-294         -             96 25808at4891          -            167   1.3e-17   59.8   0.2   1   1   4.5e-19   2.3e-17   59.0   0.2    44   120    22    96     1    96 0.87 -
137665:23-379        -            119 25808at4891          -            167   2.9e-17   58.7   0.2   1   1   1.6e-18   8.3e-17   57.2   0.2    49   132     3    81     1   118 0.84 -
140719:39-389        -            117 25808at4891          -            167   5.2e-16   54.6   0.1   1   1   7.6e-16   3.9e-14   48.5   0.1    50   147     1   111     1   115 0.84 -
140151:0-479         -            160 25808at4891          -            167     9e-14   47.3   0.0   1   1     2e-15     1e-13   47.2   0.0     6    95     7   102     2   150 0.83 -
138519:31-459        -            143 25808at4891          -            167   1.1e-08   30.8   0.0   1   1   2.8e-10   1.4e-08   30.4   0.0     6   124    18   134    15   142 0.77 -
131179:4-321         -            106 25808at4891          -            167   5.3e-08   28.6   0.0   1   1     1e-09   5.3e-08   28.6   0.0    46    92    20    66     2    98 0.85 -
133105:21-350        -            110 25808at4891          -            167   7.9e-08   28.0   0.0   1   1   1.9e-09   9.6e-08   27.7   0.0     6    84    18    97    14   106 0.81 -
144493:24-539        -            172 25808at4891          -            167   7.6e-06   21.5   0.0   1   1   1.8e-07   9.3e-06   21.3   0.0     7   126     5   128     1   137 0.83 -
145381:1-1110        -            370 25808at4891          -            167   8.2e-06   21.4   0.0   1   1   7.5e-07   3.8e-05   19.3   0.0     3   126   164   288   162   298 0.79 -
127717:2-280         -             93 25808at4891          -            167   3.9e-05   19.2   0.0   1   1   8.7e-07   4.4e-05   19.1   0.0     6    76    19    90    15    93 0.76 -
138885:74-472        -            133 25808at4891          -            167   6.7e-05   18.5   0.8   1   1   1.5e-05   0.00074   15.1   0.8    77   152     1    88     1   101 0.65 -
134503:25-372        -            116 25808at4891          -            167   0.00056   15.5   1.6   1   1   0.00011    0.0056   12.2   1.6    79   146     1    79     1    96 0.60 -
126809:1-234         -             78 25808at4891          -            167    0.0015   14.0   0.0   1   1   3.6e-05    0.0018   13.8   0.0   102   123     6    27     3    48 0.84 -
#
# Program:         hmmsearch
# Version:         3.1b2 (February 2015)
# Pipeline mode:   SEARCH
# Query file:      /home/jj/Desktop/Bioinformatics/3rd_year/1term/Computational_genomics/Seminars/exercise_04/busco_downloads/lineages/saccharomycetes_odb10/hmms/25808at4891.hmm
# Target file:     /home/jj/Desktop/Bioinformatics/3rd_year/1term/Computational_genomics/Seminars/exercise_04/./busco/SRR7548448/SRR7548448_k63_contigs/run_saccharomycetes_odb10/metaeuk_output/initial_results/SRR7548448_k63_graph.contig.fa.modified.fas
# Option settings: hmmsearch --domtblout /home/jj/Desktop/Bioinformatics/3rd_year/1term/Computational_genomics/Seminars/exercise_04/./busco/SRR7548448/SRR7548448_k63_contigs/run_saccharomycetes_odb10/hmmer_output/initial_run_results/25808at4891.out --cpu 1 /home/jj/Desktop/Bioinformatics/3rd_year/1term/Computational_genomics/Seminars/exercise_04/busco_downloads/lineages/saccharomycetes_odb10/hmms/25808at4891.hmm /home/jj/Desktop/Bioinformatics/3rd_year/1term/Computational_genomics/Seminars/exercise_04/./busco/SRR7548448/SRR7548448_k63_contigs/run_saccharomycetes_odb10/metaeuk_output/initial_results/SRR7548448_k63_graph.contig.fa.modified.fas 
# Current dir:     /home/jj/Desktop/Bioinformatics/3rd_year/1term/Computational_genomics/Seminars/exercise_04
# Date:            Tue Nov  5 18:47:55 2024
# [ok]
