#                                                                            --- full sequence --- -------------- this domain -------------   hmm coord   ali coord   env coord
# target name        accession   tlen query name           accession   qlen   E-value  score  bias   #  of  c-Evalue  i-Evalue  score  bias  from    to  from    to  from    to  acc description of target
#------------------- ---------- ----- -------------------- ---------- ----- --------- ------ ----- --- --- --------- --------- ------ ----- ----- ----- ----- ----- ----- ----- ---- ---------------------
141163:84-560        -            159 26506at4891          -            147   1.3e-35  118.1   0.1   1   1   3.3e-37   1.6e-35  117.8   0.1     4   128    14   143    12   155 0.91 -
138385:5-457         -            151 26506at4891          -            147   7.4e-35  115.7   0.1   1   1   2.5e-36   1.2e-34  115.0   0.1    15   144     1   147     1   150 0.90 -
140899:61-546        -            162 26506at4891          -            147   2.5e-28   94.5   0.5   1   1     1e-29   4.9e-28   93.5   0.5    39   144     1   119     1   122 0.78 -
131231:7-294         -             96 26506at4891          -            147   3.1e-23   77.9   0.1   1   1   7.9e-25   3.8e-23   77.7   0.1    34   117     2    96     1    96 0.83 -
138703:2-424         -            141 26506at4891          -            147   4.4e-21   71.0   0.0   1   1   1.1e-22   5.3e-21   70.7   0.0     5   120    10   127     7   137 0.88 -
140151:0-479         -            160 26506at4891          -            147   2.1e-18   62.3   0.2   1   1   5.5e-20   2.7e-18   62.0   0.2     6   135     9   141     5   151 0.89 -
137665:23-379        -            119 26506at4891          -            147   2.3e-17   58.9   0.1   1   1   6.5e-19   3.1e-17   58.5   0.1    51   141     2   102     1   108 0.80 -
140719:39-389        -            117 26506at4891          -            147   1.8e-16   56.0   0.1   1   1   7.6e-18   3.6e-16   55.0   0.1    53   146     1   108     1   109 0.82 -
131179:4-321         -            106 26506at4891          -            147   5.3e-13   44.8   0.0   1   1   1.1e-14   5.4e-13   44.7   0.0    34   119     5    92     1   105 0.83 -
131625:2-328         -            109 26506at4891          -            147   1.2e-12   43.6   0.0   1   1   3.8e-14   1.8e-12   43.0   0.0    65   145     1    91     1    93 0.77 -
138519:31-459        -            143 26506at4891          -            147   1.6e-11   40.0   0.2   1   1     4e-13   1.9e-11   39.7   0.2     4   125    18   138    15   142 0.87 -
134503:25-372        -            116 26506at4891          -            147   2.6e-10   36.0   0.4   1   1   1.1e-11   5.5e-10   35.0   0.4    82   146     1    77     1    78 0.81 -
133105:21-350        -            110 26506at4891          -            147   1.6e-08   30.2   0.1   1   1     4e-10   1.9e-08   30.0   0.1     4    90    18   100    15   109 0.86 -
138885:74-472        -            133 26506at4891          -            147   1.9e-08   30.0   0.1   1   1   7.2e-10   3.5e-08   29.1   0.1    80   144     1    78     1    81 0.75 -
144493:24-539        -            172 26506at4891          -            147   1.7e-06   23.7   0.0   1   1   4.6e-08   2.2e-06   23.3   0.0     6   120     6   125     2   145 0.69 -
127717:2-280         -             93 26506at4891          -            147   7.4e-06   21.6   0.0   1   1   1.8e-07   8.4e-06   21.4   0.0     4    80    19    91    16    93 0.87 -
145381:1-1110        -            370 26506at4891          -            147   3.3e-05   19.5   0.0   1   1   1.2e-06     6e-05   18.6   0.0     4   121   167   286   164   296 0.86 -
139331:2-343         -            114 26506at4891          -            147    0.0013   14.3   0.0   1   2    0.0011     0.053    9.1   0.0    93   120     6    34     1    51 0.79 -
139331:2-343         -            114 26506at4891          -            147    0.0013   14.3   0.0   2   2     0.053       2.5    3.6   0.0   127   144    65    82    42    85 0.86 -
#
# Program:         hmmsearch
# Version:         3.1b2 (February 2015)
# Pipeline mode:   SEARCH
# Query file:      /home/jj/Desktop/Bioinformatics/3rd_year/1term/Computational_genomics/Seminars/exercise_04/busco_downloads/lineages/saccharomycetes_odb10/hmms/26506at4891.hmm
# Target file:     /home/jj/Desktop/Bioinformatics/3rd_year/1term/Computational_genomics/Seminars/exercise_04/./busco/SRR7548448/SRR7548448_k63_contigs/run_saccharomycetes_odb10/metaeuk_output/initial_results/SRR7548448_k63_graph.contig.fa.modified.fas
# Option settings: hmmsearch --domtblout /home/jj/Desktop/Bioinformatics/3rd_year/1term/Computational_genomics/Seminars/exercise_04/./busco/SRR7548448/SRR7548448_k63_contigs/run_saccharomycetes_odb10/hmmer_output/initial_run_results/26506at4891.out --cpu 1 /home/jj/Desktop/Bioinformatics/3rd_year/1term/Computational_genomics/Seminars/exercise_04/busco_downloads/lineages/saccharomycetes_odb10/hmms/26506at4891.hmm /home/jj/Desktop/Bioinformatics/3rd_year/1term/Computational_genomics/Seminars/exercise_04/./busco/SRR7548448/SRR7548448_k63_contigs/run_saccharomycetes_odb10/metaeuk_output/initial_results/SRR7548448_k63_graph.contig.fa.modified.fas 
# Current dir:     /home/jj/Desktop/Bioinformatics/3rd_year/1term/Computational_genomics/Seminars/exercise_04
# Date:            Tue Nov  5 18:47:56 2024
# [ok]
