#                                                                            --- full sequence --- -------------- this domain -------------   hmm coord   ali coord   env coord
# target name        accession   tlen query name           accession   qlen   E-value  score  bias   #  of  c-Evalue  i-Evalue  score  bias  from    to  from    to  from    to  acc description of target
#------------------- ---------- ----- -------------------- ---------- ----- --------- ------ ----- --- --- --------- --------- ------ ----- ----- ----- ----- ----- ----- ----- ---- ---------------------
138703:2-424         -            141 26792at4891          -            156   6.6e-40  132.2   0.0   1   1   1.2e-41   8.3e-40  131.9   0.0     5   128    10   134     7   139 0.96 -
131179:4-321         -            106 26792at4891          -            156   1.9e-31  104.8   0.0   1   1   3.2e-33   2.2e-31  104.6   0.0    31   120     1    92     1   101 0.90 -
139331:2-343         -            114 26792at4891          -            156   3.7e-17   58.3   0.1   1   2   6.3e-14   4.2e-12   41.9   0.0    88   131     1    44     1    59 0.86 -
139331:2-343         -            114 26792at4891          -            156   3.7e-17   58.3   0.1   2   2   9.5e-06   0.00063   15.3   0.0   121   153    57    89    49    92 0.88 -
138385:5-457         -            151 26792at4891          -            156   2.4e-14   49.2   0.0   1   1   4.1e-16   2.7e-14   49.0   0.0    15   126     1   114     1   146 0.85 -
141163:84-560        -            159 26792at4891          -            156   4.5e-14   48.3   0.0   1   1   8.2e-16   5.5e-14   48.0   0.0     4   119    14   131    12   157 0.86 -
140151:0-479         -            160 26792at4891          -            156   5.8e-12   41.4   0.0   1   1     1e-13   6.9e-12   41.2   0.0     4   119     7   123     4   142 0.88 -
137665:23-379        -            119 26792at4891          -            156   3.4e-10   35.7   0.0   1   1   5.6e-12   3.7e-10   35.6   0.0    52   130     3    81     1   104 0.86 -
140899:61-546        -            162 26792at4891          -            156   4.6e-09   32.0   0.0   1   1   9.3e-11   6.2e-09   31.6   0.0    43   121     5    84     2   124 0.80 -
131231:7-294         -             96 26792at4891          -            156     4e-08   29.0   0.0   1   1   6.3e-10   4.2e-08   28.9   0.0    48   118    24    96     9    96 0.84 -
140719:39-389        -            117 26792at4891          -            156   4.6e-08   28.8   0.0   1   1   7.4e-10   4.9e-08   28.7   0.0    54   122     2    72     1   101 0.83 -
131625:2-328         -            109 26792at4891          -            156     7e-06   21.7   0.0   1   1   1.2e-07     8e-06   21.5   0.0    67   137     3    81     1    99 0.77 -
145381:1-1110        -            370 26792at4891          -            156    0.0001   17.9   0.0   1   1   2.9e-06    0.0002   17.0   0.0     3   122   166   286   164   293 0.78 -
142517:149-604       -            152 26792at4891          -            156   0.00025   16.6   0.3   1   1   8.8e-06   0.00058   15.4   0.3     6   121     2   117     1   130 0.72 -
#
# Program:         hmmsearch
# Version:         3.1b2 (February 2015)
# Pipeline mode:   SEARCH
# Query file:      /home/jj/Desktop/Bioinformatics/3rd_year/1term/Computational_genomics/Seminars/exercise_04/busco_downloads/lineages/saccharomycetes_odb10/hmms/26792at4891.hmm
# Target file:     /home/jj/Desktop/Bioinformatics/3rd_year/1term/Computational_genomics/Seminars/exercise_04/./busco/SRR7548448/SRR7548448_k63_contigs/run_saccharomycetes_odb10/metaeuk_output/initial_results/SRR7548448_k63_graph.contig.fa.modified.fas
# Option settings: hmmsearch --domtblout /home/jj/Desktop/Bioinformatics/3rd_year/1term/Computational_genomics/Seminars/exercise_04/./busco/SRR7548448/SRR7548448_k63_contigs/run_saccharomycetes_odb10/hmmer_output/initial_run_results/26792at4891.out --cpu 1 /home/jj/Desktop/Bioinformatics/3rd_year/1term/Computational_genomics/Seminars/exercise_04/busco_downloads/lineages/saccharomycetes_odb10/hmms/26792at4891.hmm /home/jj/Desktop/Bioinformatics/3rd_year/1term/Computational_genomics/Seminars/exercise_04/./busco/SRR7548448/SRR7548448_k63_contigs/run_saccharomycetes_odb10/metaeuk_output/initial_results/SRR7548448_k63_graph.contig.fa.modified.fas 
# Current dir:     /home/jj/Desktop/Bioinformatics/3rd_year/1term/Computational_genomics/Seminars/exercise_04
# Date:            Tue Nov  5 18:47:56 2024
# [ok]
