#                                                                            --- full sequence --- -------------- this domain -------------   hmm coord   ali coord   env coord
# target name        accession   tlen query name           accession   qlen   E-value  score  bias   #  of  c-Evalue  i-Evalue  score  bias  from    to  from    to  from    to  acc description of target
#------------------- ---------- ----- -------------------- ---------- ----- --------- ------ ----- --- --- --------- --------- ------ ----- ----- ----- ----- ----- ----- ----- ---- ---------------------
137007:69-422        -            118 27330at4891          -            164   5.3e-68  223.6   0.1   1   1   7.5e-70   5.9e-68  223.5   0.1     3   113     1   118     1   118 0.96 -
126809:1-234         -             78 27330at4891          -            164   7.3e-26   86.6   0.0   1   1   1.1e-27   8.6e-26   86.4   0.0   102   164     5    78     1    78 0.89 -
138519:31-459        -            143 27330at4891          -            164   2.4e-22   75.1   0.0   1   1   3.7e-24   2.9e-22   74.9   0.0    11   124    13   136     4   143 0.85 -
133105:21-350        -            110 27330at4891          -            164   1.9e-21   72.2   0.0   1   1   2.6e-23   2.1e-21   72.1   0.0     9    99    11   101     3   109 0.92 -
127717:2-280         -             93 27330at4891          -            164     6e-17   57.6   0.0   1   1   8.4e-19   6.6e-17   57.5   0.0     7    90    10    93     3    93 0.93 -
144493:24-539        -            172 27330at4891          -            164   2.6e-13   45.8   0.0   1   1   4.8e-15   3.8e-13   45.3   0.0    14   133     2   135     1   168 0.72 -
140899:61-546        -            162 27330at4891          -            164   0.00011   17.7   0.0   1   1     2e-06   0.00016   17.2   0.0    53   122     7    82     2   105 0.80 -
138385:5-457         -            151 27330at4891          -            164   0.00039   15.9   0.0   1   1   5.8e-06   0.00045   15.7   0.0    32   127     7   112     1   124 0.73 -
142623:1-639         -            213 27330at4891          -            164    0.0017   13.9   0.0   1   1   3.6e-05    0.0029   13.1   0.0    58    97   157   196   133   208 0.85 -
137665:23-379        -            119 27330at4891          -            164     0.002   13.6   0.0   1   1   2.9e-05    0.0023   13.4   0.0    59   151     2    97     1   111 0.70 -
131231:7-294         -             96 27330at4891          -            164    0.0023   13.4   0.0   1   1   3.4e-05    0.0027   13.2   0.0    46   120    13    95     6    96 0.76 -
#
# Program:         hmmsearch
# Version:         3.1b2 (February 2015)
# Pipeline mode:   SEARCH
# Query file:      /home/jj/Desktop/Bioinformatics/3rd_year/1term/Computational_genomics/Seminars/exercise_04/busco_downloads/lineages/saccharomycetes_odb10/hmms/27330at4891.hmm
# Target file:     /home/jj/Desktop/Bioinformatics/3rd_year/1term/Computational_genomics/Seminars/exercise_04/./busco/SRR7548448/SRR7548448_k63_contigs/run_saccharomycetes_odb10/metaeuk_output/initial_results/SRR7548448_k63_graph.contig.fa.modified.fas
# Option settings: hmmsearch --domtblout /home/jj/Desktop/Bioinformatics/3rd_year/1term/Computational_genomics/Seminars/exercise_04/./busco/SRR7548448/SRR7548448_k63_contigs/run_saccharomycetes_odb10/hmmer_output/initial_run_results/27330at4891.out --cpu 1 /home/jj/Desktop/Bioinformatics/3rd_year/1term/Computational_genomics/Seminars/exercise_04/busco_downloads/lineages/saccharomycetes_odb10/hmms/27330at4891.hmm /home/jj/Desktop/Bioinformatics/3rd_year/1term/Computational_genomics/Seminars/exercise_04/./busco/SRR7548448/SRR7548448_k63_contigs/run_saccharomycetes_odb10/metaeuk_output/initial_results/SRR7548448_k63_graph.contig.fa.modified.fas 
# Current dir:     /home/jj/Desktop/Bioinformatics/3rd_year/1term/Computational_genomics/Seminars/exercise_04
# Date:            Tue Nov  5 18:47:57 2024
# [ok]
