#                                                                            --- full sequence --- -------------- this domain -------------   hmm coord   ali coord   env coord
# target name        accession   tlen query name           accession   qlen   E-value  score  bias   #  of  c-Evalue  i-Evalue  score  bias  from    to  from    to  from    to  acc description of target
#------------------- ---------- ----- -------------------- ---------- ----- --------- ------ ----- --- --- --------- --------- ------ ----- ----- ----- ----- ----- ----- ----- ---- ---------------------
145047:0-968         -            323 27717at4891          -            319   1.1e-48  161.6   9.7   1   4     3e-20   8.5e-18   60.1   0.4    58   145     1   118     1   120 0.79 -
145047:0-968         -            323 27717at4891          -            319   1.1e-48  161.6   9.7   2   4   7.4e-20   2.1e-17   58.8   0.3   135   201   120   193   117   228 0.83 -
145047:0-968         -            323 27717at4891          -            319   1.1e-48  161.6   9.7   3   4     0.035        10    0.7   0.1   207   239   231   265   201   268 0.70 -
145047:0-968         -            323 27717at4891          -            319   1.1e-48  161.6   9.7   4   4     4e-16   1.2e-13   46.6   0.1   227   276   270   323   258   323 0.87 -
136257:22-312        -             97 27717at4891          -            319   0.00012   16.9   0.0   1   1   4.8e-07   0.00014   16.7   0.0   127   190     1    68     1    92 0.73 -
142977:2-622         -            207 27717at4891          -            319    0.0053   11.5   0.2   1   2    0.0059       1.7    3.3   0.0   268   287    34    53    22    63 0.84 -
142977:2-622         -            207 27717at4891          -            319    0.0053   11.5   0.2   2   2   0.00096      0.28    5.9   0.0   234   255   151   172   121   182 0.73 -
#
# Program:         hmmsearch
# Version:         3.1b2 (February 2015)
# Pipeline mode:   SEARCH
# Query file:      /home/jj/Desktop/Bioinformatics/3rd_year/1term/Computational_genomics/Seminars/exercise_04/busco_downloads/lineages/saccharomycetes_odb10/hmms/27717at4891.hmm
# Target file:     /home/jj/Desktop/Bioinformatics/3rd_year/1term/Computational_genomics/Seminars/exercise_04/./busco/SRR7548448/SRR7548448_k63_contigs/run_saccharomycetes_odb10/metaeuk_output/initial_results/SRR7548448_k63_graph.contig.fa.modified.fas
# Option settings: hmmsearch --domtblout /home/jj/Desktop/Bioinformatics/3rd_year/1term/Computational_genomics/Seminars/exercise_04/./busco/SRR7548448/SRR7548448_k63_contigs/run_saccharomycetes_odb10/hmmer_output/initial_run_results/27717at4891.out --cpu 1 /home/jj/Desktop/Bioinformatics/3rd_year/1term/Computational_genomics/Seminars/exercise_04/busco_downloads/lineages/saccharomycetes_odb10/hmms/27717at4891.hmm /home/jj/Desktop/Bioinformatics/3rd_year/1term/Computational_genomics/Seminars/exercise_04/./busco/SRR7548448/SRR7548448_k63_contigs/run_saccharomycetes_odb10/metaeuk_output/initial_results/SRR7548448_k63_graph.contig.fa.modified.fas 
# Current dir:     /home/jj/Desktop/Bioinformatics/3rd_year/1term/Computational_genomics/Seminars/exercise_04
# Date:            Tue Nov  5 18:47:57 2024
# [ok]
