#                                                                            --- full sequence --- -------------- this domain -------------   hmm coord   ali coord   env coord
# target name        accession   tlen query name           accession   qlen   E-value  score  bias   #  of  c-Evalue  i-Evalue  score  bias  from    to  from    to  from    to  acc description of target
#------------------- ---------- ----- -------------------- ---------- ----- --------- ------ ----- --- --- --------- --------- ------ ----- ----- ----- ----- ----- ----- ----- ---- ---------------------
142839:31-621        -            197 27889at4891          -            206   1.6e-18   62.4   5.0   1   3   6.3e-11   3.4e-09   31.9   0.1     3    73    27   111    25   119 0.75 -
142839:31-621        -            197 27889at4891          -            206   1.6e-18   62.4   5.0   2   3   6.5e-06   0.00035   15.6   0.0     4    31   125   152   123   157 0.90 -
142839:31-621        -            197 27889at4891          -            206   1.6e-18   62.4   5.0   3   3   8.2e-06   0.00044   15.2   0.3    94   142   152   197   150   197 0.88 -
144461:10-831        -            274 27889at4891          -            206   4.1e-18   61.1   1.5   1   2   1.9e-13     1e-11   40.2   1.1     5   174     2   227     1   241 0.63 -
144461:10-831        -            274 27889at4891          -            206   4.1e-18   61.1   1.5   2   2     0.063       3.4    2.5   0.0    36    61   249   274   227   274 0.76 -
140361:20-523        -            168 27889at4891          -            206   3.6e-15   51.5   2.4   1   2     2e-07   1.1e-05   20.5   0.3    71   145     8    84     4    87 0.73 -
140361:20-523        -            168 27889at4891          -            206   3.6e-15   51.5   2.4   2   2   5.6e-10     3e-08   28.8   0.1     5    52   108   166   104   168 0.78 -
143255:5-688         -            228 27889at4891          -            206   5.7e-15   50.8   5.0   1   3   3.2e-08   1.7e-06   23.1   0.7   117   177     4    77     1    89 0.78 -
143255:5-688         -            228 27889at4891          -            206   5.7e-15   50.8   5.0   2   3     0.019         1    4.2   0.0   114   148    99   132    83   140 0.71 -
143255:5-688         -            228 27889at4891          -            206   5.7e-15   50.8   5.0   3   3   1.1e-07   5.9e-06   21.4   0.1    70   142   148   227   142   228 0.76 -
142097:117-608       -            164 27889at4891          -            206   9.2e-12   40.3   0.1   1   2   1.1e-08   6.1e-07   24.6   0.0   112   173    22   100     8   119 0.77 -
142097:117-608       -            164 27889at4891          -            206   9.2e-12   40.3   0.1   2   2    0.0011     0.059    8.3   0.0   114   144   127   157   111   162 0.65 -
144201:7-801         -            265 27889at4891          -            206   8.6e-11   37.2   2.6   1   3     0.011      0.61    5.0   0.0    91   145    13    68     3    80 0.60 -
144201:7-801         -            265 27889at4891          -            206   8.6e-11   37.2   2.6   2   3   0.00038     0.021    9.8   0.1     4    43    86   125    83   134 0.88 -
144201:7-801         -            265 27889at4891          -            206   8.6e-11   37.2   2.6   3   3   5.4e-07   2.9e-05   19.1   0.2   113   189   139   228   125   248 0.73 -
142283:0-563         -            188 27889at4891          -            206   1.4e-10   36.5   3.1   1   2   3.2e-05    0.0018   13.3   0.2   148   175    15    42    10    94 0.80 -
142283:0-563         -            188 27889at4891          -            206   1.4e-10   36.5   3.1   2   2   2.9e-07   1.6e-05   20.0   0.2     3    69   109   187   107   188 0.69 -
145631:2-904         -            301 27889at4891          -            206   8.4e-10   33.9   4.2   1   3     5e-06   0.00027   15.9   0.1   137   192     3    55     1    89 0.76 -
145631:2-904         -            301 27889at4891          -            206   8.4e-10   33.9   4.2   2   3   0.00036      0.02    9.9   0.0    66   143   105   185   101   190 0.69 -
145631:2-904         -            301 27889at4891          -            206   8.4e-10   33.9   4.2   3   3    0.0035      0.19    6.7   0.3     3    71   208   288   206   295 0.61 -
138685:10-465        -            152 27889at4891          -            206   8.4e-09   30.7   0.7   1   2    0.0051      0.28    6.1   0.1     8    43     1    36     1    47 0.84 -
138685:10-465        -            152 27889at4891          -            206   8.4e-09   30.7   0.7   2   2   9.1e-08   4.9e-06   21.6   0.1   112   189    49   139    34   151 0.75 -
139317:1-486         -            162 27889at4891          -            206   1.3e-08   30.1   0.2   1   2   8.8e-06   0.00048   15.1   0.0    94   172    14   103     2   104 0.57 -
139317:1-486         -            162 27889at4891          -            206   1.3e-08   30.1   0.2   2   2   0.00017    0.0091   10.9   0.1    71   142    78   153    78   160 0.65 -
141067:1-555         -            185 27889at4891          -            206   2.2e-08   29.3   0.4   1   2    0.0043      0.23    6.3   0.0     4    32    36    64    33    84 0.85 -
141067:1-555         -            185 27889at4891          -            206   2.2e-08   29.3   0.4   2   2     3e-07   1.6e-05   19.9   0.1   112   184    88   173    66   181 0.67 -
143297:53-682        -            210 27889at4891          -            206   2.8e-08   28.9   2.3   1   5     0.034       1.8    3.4   0.1    17    58     4    44     1    54 0.72 -
143297:53-682        -            210 27889at4891          -            206   2.8e-08   28.9   2.3   2   5     0.092         5    2.0   0.0   147   176    29    59    23    76 0.73 -
143297:53-682        -            210 27889at4891          -            206   2.8e-08   28.9   2.3   3   5     0.012      0.65    4.9   0.0    36    71    81   116    71   122 0.61 -
143297:53-682        -            210 27889at4891          -            206   2.8e-08   28.9   2.3   4   5   3.4e-05    0.0018   13.2   0.1     5    32   136   163   133   174 0.81 -
143297:53-682        -            210 27889at4891          -            206   2.8e-08   28.9   2.3   5   5     0.035       1.9    3.4   0.0   174   204   179   210   174   210 0.80 -
144901:479-925       -            149 27889at4891          -            206   3.3e-08   28.7   0.3   1   1   2.6e-08   1.4e-06   23.4   0.1    80   149     6    78     5   115 0.83 -
138951:2-475         -            158 27889at4891          -            206   7.5e-07   24.3   0.8   1   3   0.00071     0.038    8.9   0.1    44    73     3    32     1    42 0.71 -
138951:2-475         -            158 27889at4891          -            206   7.5e-07   24.3   0.8   2   3    0.0032      0.17    6.8   0.0     5    32    46    74    39    80 0.77 -
138951:2-475         -            158 27889at4891          -            206   7.5e-07   24.3   0.8   3   3    0.0054      0.29    6.0   0.0    35   146    97   133    85   140 0.56 -
139299:2-484         -            161 27889at4891          -            206   9.7e-05   17.4   0.1   1   2    0.0036      0.19    6.6   0.0    83   144    51   117    44   124 0.51 -
139299:2-484         -            161 27889at4891          -            206   9.7e-05   17.4   0.1   2   2     0.011      0.62    5.0   0.0     6    26   140   160   136   161 0.87 -
137551:4-429         -            142 27889at4891          -            206   9.8e-05   17.4   0.2   1   2   0.00029     0.015   10.2   0.0    34    71    22    58     9    63 0.86 -
137551:4-429         -            142 27889at4891          -            206   9.8e-05   17.4   0.2   2   2      0.01      0.54    5.2   0.0    35    53   122   140    82   142 0.79 -
#
# Program:         hmmsearch
# Version:         3.1b2 (February 2015)
# Pipeline mode:   SEARCH
# Query file:      /home/jj/Desktop/Bioinformatics/3rd_year/1term/Computational_genomics/Seminars/exercise_04/busco_downloads/lineages/saccharomycetes_odb10/hmms/27889at4891.hmm
# Target file:     /home/jj/Desktop/Bioinformatics/3rd_year/1term/Computational_genomics/Seminars/exercise_04/./busco/SRR7548448/SRR7548448_k63_contigs/run_saccharomycetes_odb10/metaeuk_output/initial_results/SRR7548448_k63_graph.contig.fa.modified.fas
# Option settings: hmmsearch --domtblout /home/jj/Desktop/Bioinformatics/3rd_year/1term/Computational_genomics/Seminars/exercise_04/./busco/SRR7548448/SRR7548448_k63_contigs/run_saccharomycetes_odb10/hmmer_output/initial_run_results/27889at4891.out --cpu 1 /home/jj/Desktop/Bioinformatics/3rd_year/1term/Computational_genomics/Seminars/exercise_04/busco_downloads/lineages/saccharomycetes_odb10/hmms/27889at4891.hmm /home/jj/Desktop/Bioinformatics/3rd_year/1term/Computational_genomics/Seminars/exercise_04/./busco/SRR7548448/SRR7548448_k63_contigs/run_saccharomycetes_odb10/metaeuk_output/initial_results/SRR7548448_k63_graph.contig.fa.modified.fas 
# Current dir:     /home/jj/Desktop/Bioinformatics/3rd_year/1term/Computational_genomics/Seminars/exercise_04
# Date:            Tue Nov  5 18:47:58 2024
# [ok]
