#                                                                            --- full sequence --- -------------- this domain -------------   hmm coord   ali coord   env coord
# target name        accession   tlen query name           accession   qlen   E-value  score  bias   #  of  c-Evalue  i-Evalue  score  bias  from    to  from    to  from    to  acc description of target
#------------------- ---------- ----- -------------------- ---------- ----- --------- ------ ----- --- --- --------- --------- ------ ----- ----- ----- ----- ----- ----- ----- ---- ---------------------
144805:4-906         -            301 28029at4891          -            157   5.3e-75  246.2   0.0   1   1   3.5e-77   7.5e-75  245.7   0.0     1   157    53   233    53   233 0.92 -
145801:1-1551        -            517 28029at4891          -            157     6e-36  119.3   0.7   1   3   1.9e-07   4.1e-05   19.2   0.0    87   151     6    77     2    84 0.76 -
145801:1-1551        -            517 28029at4891          -            157     6e-36  119.3   0.7   2   3   9.5e-19   2.1e-16   55.9   0.2     4   147    96   253    93   260 0.81 -
145801:1-1551        -            517 28029at4891          -            157     6e-36  119.3   0.7   3   3   3.8e-14   8.2e-12   40.9   0.0     4    84   292   380   289   388 0.87 -
144043:2-781         -            260 28029at4891          -            157     7e-12   41.2   0.1   1   2     1e-13   2.2e-11   39.6   0.1     4    78    30   113    27   158 0.81 -
144043:2-781         -            260 28029at4891          -            157     7e-12   41.2   0.1   2   2      0.46        99   -1.6   0.0    88   135   208   256   199   259 0.69 -
145491:90-752        -            221 28029at4891          -            157   5.3e-10   35.0   0.1   1   2   2.2e-08   4.8e-06   22.2   0.0     5    91     1    97     1   107 0.78 -
145491:90-752        -            221 28029at4891          -            157   5.3e-10   35.0   0.1   2   2   8.6e-05     0.018   10.5   0.0    86   148   147   210   135   220 0.71 -
#
# Program:         hmmsearch
# Version:         3.1b2 (February 2015)
# Pipeline mode:   SEARCH
# Query file:      /home/jj/Desktop/Bioinformatics/3rd_year/1term/Computational_genomics/Seminars/exercise_04/busco_downloads/lineages/saccharomycetes_odb10/hmms/28029at4891.hmm
# Target file:     /home/jj/Desktop/Bioinformatics/3rd_year/1term/Computational_genomics/Seminars/exercise_04/./busco/SRR7548448/SRR7548448_k63_contigs/run_saccharomycetes_odb10/metaeuk_output/initial_results/SRR7548448_k63_graph.contig.fa.modified.fas
# Option settings: hmmsearch --domtblout /home/jj/Desktop/Bioinformatics/3rd_year/1term/Computational_genomics/Seminars/exercise_04/./busco/SRR7548448/SRR7548448_k63_contigs/run_saccharomycetes_odb10/hmmer_output/initial_run_results/28029at4891.out --cpu 1 /home/jj/Desktop/Bioinformatics/3rd_year/1term/Computational_genomics/Seminars/exercise_04/busco_downloads/lineages/saccharomycetes_odb10/hmms/28029at4891.hmm /home/jj/Desktop/Bioinformatics/3rd_year/1term/Computational_genomics/Seminars/exercise_04/./busco/SRR7548448/SRR7548448_k63_contigs/run_saccharomycetes_odb10/metaeuk_output/initial_results/SRR7548448_k63_graph.contig.fa.modified.fas 
# Current dir:     /home/jj/Desktop/Bioinformatics/3rd_year/1term/Computational_genomics/Seminars/exercise_04
# Date:            Tue Nov  5 18:47:58 2024
# [ok]
