#                                                                            --- full sequence --- -------------- this domain -------------   hmm coord   ali coord   env coord
# target name        accession   tlen query name           accession   qlen   E-value  score  bias   #  of  c-Evalue  i-Evalue  score  bias  from    to  from    to  from    to  acc description of target
#------------------- ---------- ----- -------------------- ---------- ----- --------- ------ ----- --- --- --------- --------- ------ ----- ----- ----- ----- ----- ----- ----- ---- ---------------------
127717:2-280         -             93 28105at4891          -            160   4.1e-53  174.8   0.5   1   1   5.9e-55   4.6e-53  174.6   0.5     1    84     9    93     9    93 0.98 -
138519:31-459        -            143 28105at4891          -            160   4.7e-51  168.1   0.1   1   1   7.1e-53   5.6e-51  167.9   0.1     2   127    10   140     7   143 0.89 -
133105:21-350        -            110 28105at4891          -            160   1.1e-41  137.7   0.2   1   1   1.7e-43   1.3e-41  137.4   0.2     2    92    10   100     7   109 0.92 -
144493:24-539        -            172 28105at4891          -            160   1.9e-23   78.3   0.3   1   1   8.1e-25   6.4e-23   76.7   0.3     8   151     1   170     1   172 0.76 -
137007:69-422        -            118 28105at4891          -            160   2.8e-17   58.3   0.0   1   1   4.1e-19   3.3e-17   58.1   0.0     8   105    11   114     5   118 0.87 -
141163:84-560        -            159 28105at4891          -            160   7.1e-10   34.2   0.1   1   1   1.1e-11   8.7e-10   34.0   0.1     8   118    11   131     5   146 0.72 -
140899:61-546        -            162 28105at4891          -            160   1.8e-08   29.7   0.2   1   1   2.8e-10   2.2e-08   29.4   0.2    49   129     8    98     1   130 0.68 -
138385:5-457         -            151 28105at4891          -            160   1.4e-05   20.2   0.0   1   1     2e-07   1.6e-05   20.1   0.0    22   118     1   107     1   146 0.67 -
138703:2-424         -            141 28105at4891          -            160   2.7e-05   19.3   0.0   1   1   4.2e-07   3.3e-05   19.1   0.0    10    92     8    97     2   134 0.65 -
142623:1-639         -            213 28105at4891          -            160   5.8e-05   18.3   0.0   1   1   1.2e-06   9.2e-05   17.6   0.0    52    93   156   198   127   213 0.80 -
131231:7-294         -             96 28105at4891          -            160   0.00094   14.3   0.1   1   1   1.2e-05   0.00095   14.3   0.1    53    92    26    66     7    96 0.63 -
#
# Program:         hmmsearch
# Version:         3.1b2 (February 2015)
# Pipeline mode:   SEARCH
# Query file:      /home/jj/Desktop/Bioinformatics/3rd_year/1term/Computational_genomics/Seminars/exercise_04/busco_downloads/lineages/saccharomycetes_odb10/hmms/28105at4891.hmm
# Target file:     /home/jj/Desktop/Bioinformatics/3rd_year/1term/Computational_genomics/Seminars/exercise_04/./busco/SRR7548448/SRR7548448_k63_contigs/run_saccharomycetes_odb10/metaeuk_output/initial_results/SRR7548448_k63_graph.contig.fa.modified.fas
# Option settings: hmmsearch --domtblout /home/jj/Desktop/Bioinformatics/3rd_year/1term/Computational_genomics/Seminars/exercise_04/./busco/SRR7548448/SRR7548448_k63_contigs/run_saccharomycetes_odb10/hmmer_output/initial_run_results/28105at4891.out --cpu 1 /home/jj/Desktop/Bioinformatics/3rd_year/1term/Computational_genomics/Seminars/exercise_04/busco_downloads/lineages/saccharomycetes_odb10/hmms/28105at4891.hmm /home/jj/Desktop/Bioinformatics/3rd_year/1term/Computational_genomics/Seminars/exercise_04/./busco/SRR7548448/SRR7548448_k63_contigs/run_saccharomycetes_odb10/metaeuk_output/initial_results/SRR7548448_k63_graph.contig.fa.modified.fas 
# Current dir:     /home/jj/Desktop/Bioinformatics/3rd_year/1term/Computational_genomics/Seminars/exercise_04
# Date:            Tue Nov  5 18:47:58 2024
# [ok]
