#                                                                            --- full sequence --- -------------- this domain -------------   hmm coord   ali coord   env coord
# target name        accession   tlen query name           accession   qlen   E-value  score  bias   #  of  c-Evalue  i-Evalue  score  bias  from    to  from    to  from    to  acc description of target
#------------------- ---------- ----- -------------------- ---------- ----- --------- ------ ----- --- --- --------- --------- ------ ----- ----- ----- ----- ----- ----- ----- ---- ---------------------
142097:117-608       -            164 28186at4891          -            230   5.6e-57  188.4   0.1   1   1   1.7e-57   9.4e-56  184.4   0.1   100   230     5   157     2   157 0.88 -
144461:10-831        -            274 28186at4891          -            230   6.3e-27   90.1   0.0   1   3   1.7e-11     9e-10   34.0   0.0   153   228     3    87     1    89 0.80 -
144461:10-831        -            274 28186at4891          -            230   6.3e-27   90.1   0.0   2   3     2e-08   1.1e-06   23.9   0.0   148   215   104   168    88   183 0.85 -
144461:10-831        -            274 28186at4891          -            230   6.3e-27   90.1   0.0   3   3   4.6e-10   2.5e-08   29.3   0.0   147   218   196   270   170   274 0.85 -
144201:7-801         -            265 28186at4891          -            230   9.1e-25   83.0   0.8   1   1   3.5e-24   1.9e-22   75.5   0.8    30   221    24   256     1   264 0.70 -
143255:5-688         -            228 28186at4891          -            230   4.6e-24   80.7   1.9   1   2     9e-05    0.0049   11.9   0.3   119   149     4    34     1    39 0.89 -
143255:5-688         -            228 28186at4891          -            230   4.6e-24   80.7   1.9   2   2     1e-20   5.6e-19   64.1   0.1    70   228    47   227    37   228 0.71 -
142283:0-563         -            188 28186at4891          -            230   5.5e-19   64.1   0.1   1   2     9e-10   4.9e-08   28.3   0.0     2    71    15    93    14   102 0.85 -
142283:0-563         -            188 28186at4891          -            230   5.5e-19   64.1   0.1   2   2   1.8e-11   9.9e-10   33.9   0.0   149   230   108   187   102   187 0.89 -
142839:31-621        -            197 28186at4891          -            230     3e-17   58.5   0.0   1   2   1.8e-09   9.7e-08   27.3   0.0   149   229    26   106     4   111 0.76 -
142839:31-621        -            197 28186at4891          -            230     3e-17   58.5   0.0   2   2   5.1e-10   2.8e-08   29.1   0.1    79   144   133   197   120   197 0.86 -
138685:10-465        -            152 28186at4891          -            230     3e-16   55.2   0.0   1   1   1.1e-17   5.8e-16   54.2   0.0    79   203     5   149     2   152 0.74 -
141067:1-555         -            185 28186at4891          -            230   6.1e-15   50.9   0.2   1   2       1.3        69   -1.6   0.0   134   150     4    20     2    23 0.84 -
141067:1-555         -            185 28186at4891          -            230   6.1e-15   50.9   0.2   2   2   6.2e-16   3.4e-14   48.5   0.1    81   199    46   183    28   185 0.69 -
140361:20-523        -            168 28186at4891          -            230   1.7e-14   49.5   0.0   1   2   3.1e-09   1.7e-07   26.6   0.0     4    74    11    84     8    89 0.83 -
140361:20-523        -            168 28186at4891          -            230   1.7e-14   49.5   0.0   2   2   1.5e-07   8.2e-06   21.0   0.0    81   129   117   166   106   168 0.81 -
143297:53-682        -            210 28186at4891          -            230   5.8e-14   47.7   0.0   1   2   2.7e-06   0.00015   16.9   0.0    75   150    34   118    30   124 0.76 -
143297:53-682        -            210 28186at4891          -            230   5.8e-14   47.7   0.0   2   2   8.2e-10   4.5e-08   28.4   0.0   150   228   134   210   126   210 0.90 -
139317:1-486         -            162 28186at4891          -            230   1.6e-13   46.3   0.1   1   2   7.2e-08   3.9e-06   22.1   0.0    22    74     9    62     2    71 0.78 -
139317:1-486         -            162 28186at4891          -            230   1.6e-13   46.3   0.1   2   2   4.6e-08   2.5e-06   22.7   0.0   150   225    77   150    63   155 0.81 -
138951:2-475         -            158 28186at4891          -            230   2.5e-12   42.4   1.7   1   2   1.8e-05   0.00095   14.3   0.1   120   158     2    41     1    48 0.78 -
138951:2-475         -            158 28186at4891          -            230   2.5e-12   42.4   1.7   2   2     2e-09   1.1e-07   27.2   0.2    77   150    52   135    44   140 0.77 -
137551:4-429         -            142 28186at4891          -            230   4.6e-12   41.5   0.1   1   2   1.2e-05   0.00064   14.8   0.0   112   148    24    58     3    63 0.73 -
137551:4-429         -            142 28186at4891          -            230   4.6e-12   41.5   0.1   2   2     1e-08   5.4e-07   24.9   0.0   146   215    73   141    69   142 0.81 -
145631:2-904         -            301 28186at4891          -            230   1.4e-11   39.9   0.2   1   3   1.6e-08   8.7e-07   24.2   0.1    77   228    20   184     1   184 0.69 -
145631:2-904         -            301 28186at4891          -            230   1.4e-11   39.9   0.2   2   3   1.1e-05   0.00062   14.9   0.0    77   150   117   190    99   211 0.72 -
145631:2-904         -            301 28186at4891          -            230   1.4e-11   39.9   0.2   3   3     0.015       0.8    4.7   0.0    80   149   218   289   209   292 0.64 -
144901:479-925       -            149 28186at4891          -            230   8.4e-10   34.1   0.2   1   1   5.8e-11   3.1e-09   32.2   0.2    78   177     4   115     2   149 0.68 -
139299:2-484         -            161 28186at4891          -            230   1.5e-06   23.4   0.1   1   2     0.082       4.5    2.3   0.0   130   161     3    34     1    41 0.84 -
139299:2-484         -            161 28186at4891          -            230   1.5e-06   23.4   0.1   2   2   6.6e-06   0.00036   15.7   0.1    77   173    45   160    39   161 0.73 -
#
# Program:         hmmsearch
# Version:         3.1b2 (February 2015)
# Pipeline mode:   SEARCH
# Query file:      /home/jj/Desktop/Bioinformatics/3rd_year/1term/Computational_genomics/Seminars/exercise_04/busco_downloads/lineages/saccharomycetes_odb10/hmms/28186at4891.hmm
# Target file:     /home/jj/Desktop/Bioinformatics/3rd_year/1term/Computational_genomics/Seminars/exercise_04/./busco/SRR7548448/SRR7548448_k63_contigs/run_saccharomycetes_odb10/metaeuk_output/initial_results/SRR7548448_k63_graph.contig.fa.modified.fas
# Option settings: hmmsearch --domtblout /home/jj/Desktop/Bioinformatics/3rd_year/1term/Computational_genomics/Seminars/exercise_04/./busco/SRR7548448/SRR7548448_k63_contigs/run_saccharomycetes_odb10/hmmer_output/initial_run_results/28186at4891.out --cpu 1 /home/jj/Desktop/Bioinformatics/3rd_year/1term/Computational_genomics/Seminars/exercise_04/busco_downloads/lineages/saccharomycetes_odb10/hmms/28186at4891.hmm /home/jj/Desktop/Bioinformatics/3rd_year/1term/Computational_genomics/Seminars/exercise_04/./busco/SRR7548448/SRR7548448_k63_contigs/run_saccharomycetes_odb10/metaeuk_output/initial_results/SRR7548448_k63_graph.contig.fa.modified.fas 
# Current dir:     /home/jj/Desktop/Bioinformatics/3rd_year/1term/Computational_genomics/Seminars/exercise_04
# Date:            Tue Nov  5 18:47:58 2024
# [ok]
