#                                                                            --- full sequence --- -------------- this domain -------------   hmm coord   ali coord   env coord
# target name        accession   tlen query name           accession   qlen   E-value  score  bias   #  of  c-Evalue  i-Evalue  score  bias  from    to  from    to  from    to  acc description of target
#------------------- ---------- ----- -------------------- ---------- ----- --------- ------ ----- --- --- --------- --------- ------ ----- ----- ----- ----- ----- ----- ----- ---- ---------------------
144461:10-831        -            274 28323at4891          -            307   6.7e-08   27.8   0.0   1   3     0.028       8.1    1.2   0.0   187   200    14    27     2    35 0.75 -
144461:10-831        -            274 28323at4891          -            307   6.7e-08   27.8   0.0   2   3   3.9e-06    0.0011   13.9   0.0   111   199    48   132    40   138 0.87 -
144461:10-831        -            274 28323at4891          -            307   6.7e-08   27.8   0.0   3   3   0.00012     0.034    9.1   0.0   105   199   136   225   132   259 0.74 -
142283:0-563         -            188 28323at4891          -            307   1.5e-07   26.6   0.8   1   2    0.0047       1.3    3.8   0.1   172   204    12    44     7    46 0.85 -
142283:0-563         -            188 28323at4891          -            307   1.5e-07   26.6   0.8   2   2   4.1e-08   1.2e-05   20.4   0.1   104   217    47   156    44   186 0.74 -
144201:7-801         -            265 28323at4891          -            307    0.0015   13.5   0.0   1   3   0.00031     0.091    7.6   0.0   108   159    23    74    10   115 0.83 -
144201:7-801         -            265 28323at4891          -            307    0.0015   13.5   0.0   2   3     0.011       3.2    2.6   0.0   112   203   130   215   124   222 0.65 -
144201:7-801         -            265 28323at4891          -            307    0.0015   13.5   0.0   3   3      0.21        59   -1.6   0.0   112   134   225   247   217   252 0.84 -
#
# Program:         hmmsearch
# Version:         3.1b2 (February 2015)
# Pipeline mode:   SEARCH
# Query file:      /home/jj/Desktop/Bioinformatics/3rd_year/1term/Computational_genomics/Seminars/exercise_04/busco_downloads/lineages/saccharomycetes_odb10/hmms/28323at4891.hmm
# Target file:     /home/jj/Desktop/Bioinformatics/3rd_year/1term/Computational_genomics/Seminars/exercise_04/./busco/SRR7548448/SRR7548448_k63_contigs/run_saccharomycetes_odb10/metaeuk_output/initial_results/SRR7548448_k63_graph.contig.fa.modified.fas
# Option settings: hmmsearch --domtblout /home/jj/Desktop/Bioinformatics/3rd_year/1term/Computational_genomics/Seminars/exercise_04/./busco/SRR7548448/SRR7548448_k63_contigs/run_saccharomycetes_odb10/hmmer_output/initial_run_results/28323at4891.out --cpu 1 /home/jj/Desktop/Bioinformatics/3rd_year/1term/Computational_genomics/Seminars/exercise_04/busco_downloads/lineages/saccharomycetes_odb10/hmms/28323at4891.hmm /home/jj/Desktop/Bioinformatics/3rd_year/1term/Computational_genomics/Seminars/exercise_04/./busco/SRR7548448/SRR7548448_k63_contigs/run_saccharomycetes_odb10/metaeuk_output/initial_results/SRR7548448_k63_graph.contig.fa.modified.fas 
# Current dir:     /home/jj/Desktop/Bioinformatics/3rd_year/1term/Computational_genomics/Seminars/exercise_04
# Date:            Tue Nov  5 18:47:58 2024
# [ok]
