#                                                                            --- full sequence --- -------------- this domain -------------   hmm coord   ali coord   env coord
# target name        accession   tlen query name           accession   qlen   E-value  score  bias   #  of  c-Evalue  i-Evalue  score  bias  from    to  from    to  from    to  acc description of target
#------------------- ---------- ----- -------------------- ---------- ----- --------- ------ ----- --- --- --------- --------- ------ ----- ----- ----- ----- ----- ----- ----- ---- ---------------------
134435:0-371         -            124 28812at4891          -            163   6.4e-57  187.4   0.3   1   1   5.9e-59   7.3e-57  187.2   0.3    53   157     1   110     1   116 0.93 -
136199:103-405       -            101 28812at4891          -            163     4e-17   58.0   0.2   1   1   3.4e-19   4.2e-17   57.9   0.2    20   117     2    98     1   101 0.89 -
140231:4-408         -            135 28812at4891          -            163   8.2e-17   57.0   0.0   1   1   7.3e-19     9e-17   56.8   0.0    32   141     1   113     1   134 0.73 -
121715:8-232         -             75 28812at4891          -            163     3e-14   48.6   0.1   1   1   2.7e-16   3.4e-14   48.4   0.1     7    73     4    71     1    74 0.93 -
113363:2-193         -             64 28812at4891          -            163     2e-11   39.4   0.2   1   1   1.8e-13   2.3e-11   39.3   0.2    43   107     1    64     1    64 0.88 -
135105:2-304         -            101 28812at4891          -            163   1.9e-09   33.0   0.0   1   1   1.6e-11     2e-09   33.0   0.0    30    83    24    75     2   101 0.73 -
114641:32-199        -             56 28812at4891          -            163   3.6e-06   22.3   0.0   1   1   3.1e-08   3.8e-06   22.2   0.0    43    89     1    49     1    54 0.82 -
#
# Program:         hmmsearch
# Version:         3.1b2 (February 2015)
# Pipeline mode:   SEARCH
# Query file:      /home/jj/Desktop/Bioinformatics/3rd_year/1term/Computational_genomics/Seminars/exercise_04/busco_downloads/lineages/saccharomycetes_odb10/hmms/28812at4891.hmm
# Target file:     /home/jj/Desktop/Bioinformatics/3rd_year/1term/Computational_genomics/Seminars/exercise_04/./busco/SRR7548448/SRR7548448_k63_contigs/run_saccharomycetes_odb10/metaeuk_output/initial_results/SRR7548448_k63_graph.contig.fa.modified.fas
# Option settings: hmmsearch --domtblout /home/jj/Desktop/Bioinformatics/3rd_year/1term/Computational_genomics/Seminars/exercise_04/./busco/SRR7548448/SRR7548448_k63_contigs/run_saccharomycetes_odb10/hmmer_output/initial_run_results/28812at4891.out --cpu 1 /home/jj/Desktop/Bioinformatics/3rd_year/1term/Computational_genomics/Seminars/exercise_04/busco_downloads/lineages/saccharomycetes_odb10/hmms/28812at4891.hmm /home/jj/Desktop/Bioinformatics/3rd_year/1term/Computational_genomics/Seminars/exercise_04/./busco/SRR7548448/SRR7548448_k63_contigs/run_saccharomycetes_odb10/metaeuk_output/initial_results/SRR7548448_k63_graph.contig.fa.modified.fas 
# Current dir:     /home/jj/Desktop/Bioinformatics/3rd_year/1term/Computational_genomics/Seminars/exercise_04
# Date:            Tue Nov  5 18:47:59 2024
# [ok]
