#                                                                            --- full sequence --- -------------- this domain -------------   hmm coord   ali coord   env coord
# target name        accession   tlen query name           accession   qlen   E-value  score  bias   #  of  c-Evalue  i-Evalue  score  bias  from    to  from    to  from    to  acc description of target
#------------------- ---------- ----- -------------------- ---------- ----- --------- ------ ----- --- --- --------- --------- ------ ----- ----- ----- ----- ----- ----- ----- ---- ---------------------
138705:2-463         -            154 29329at4891          -            137   6.5e-46  151.4   9.7   1   2   9.4e-47     2e-44  146.5   4.1    30   133    15   131     5   135 0.87 -
138705:2-463         -            154 29329at4891          -            137   6.5e-46  151.4   9.7   2   2    0.0071       1.5    4.4   0.3   122   137   138   153   131   153 0.86 -
140305:114-455       -            114 29329at4891          -            137   8.7e-21   70.0   0.2   1   2   2.5e-14   5.5e-12   41.5   0.1    36    91     2    60     1    65 0.90 -
140305:114-455       -            114 29329at4891          -            137   8.7e-21   70.0   0.2   2   2   5.6e-10   1.2e-07   27.4   0.0    61    98    65   102    59   111 0.86 -
145507:737-1156      -            140 29329at4891          -            137   5.2e-11   38.3   0.1   1   2   1.7e-09   3.6e-07   25.9   0.0    28    91     8    74     3    78 0.89 -
145507:737-1156      -            140 29329at4891          -            137   5.2e-11   38.3   0.1   2   2   1.1e-06   0.00023   16.8   0.0    34    89    48   105    47   138 0.81 -
141167:14-454        -            147 29329at4891          -            137   9.8e-05   18.0   0.0   1   1   1.2e-06   0.00027   16.6   0.0     8    96    13   112     6   130 0.76 -
#
# Program:         hmmsearch
# Version:         3.1b2 (February 2015)
# Pipeline mode:   SEARCH
# Query file:      /home/jj/Desktop/Bioinformatics/3rd_year/1term/Computational_genomics/Seminars/exercise_04/busco_downloads/lineages/saccharomycetes_odb10/hmms/29329at4891.hmm
# Target file:     /home/jj/Desktop/Bioinformatics/3rd_year/1term/Computational_genomics/Seminars/exercise_04/./busco/SRR7548448/SRR7548448_k63_contigs/run_saccharomycetes_odb10/metaeuk_output/initial_results/SRR7548448_k63_graph.contig.fa.modified.fas
# Option settings: hmmsearch --domtblout /home/jj/Desktop/Bioinformatics/3rd_year/1term/Computational_genomics/Seminars/exercise_04/./busco/SRR7548448/SRR7548448_k63_contigs/run_saccharomycetes_odb10/hmmer_output/initial_run_results/29329at4891.out --cpu 1 /home/jj/Desktop/Bioinformatics/3rd_year/1term/Computational_genomics/Seminars/exercise_04/busco_downloads/lineages/saccharomycetes_odb10/hmms/29329at4891.hmm /home/jj/Desktop/Bioinformatics/3rd_year/1term/Computational_genomics/Seminars/exercise_04/./busco/SRR7548448/SRR7548448_k63_contigs/run_saccharomycetes_odb10/metaeuk_output/initial_results/SRR7548448_k63_graph.contig.fa.modified.fas 
# Current dir:     /home/jj/Desktop/Bioinformatics/3rd_year/1term/Computational_genomics/Seminars/exercise_04
# Date:            Tue Nov  5 18:48:00 2024
# [ok]
