#                                                                            --- full sequence --- -------------- this domain -------------   hmm coord   ali coord   env coord
# target name        accession   tlen query name           accession   qlen   E-value  score  bias   #  of  c-Evalue  i-Evalue  score  bias  from    to  from    to  from    to  acc description of target
#------------------- ---------- ----- -------------------- ---------- ----- --------- ------ ----- --- --- --------- --------- ------ ----- ----- ----- ----- ----- ----- ----- ---- ---------------------
145801:1-1551        -            517 30116at4891          -            222   4.9e-36  119.8   4.4   1   4   2.4e-09   4.1e-07   25.2   0.0   110   194     4    91     1    95 0.85 -
145801:1-1551        -            517 30116at4891          -            222   4.9e-36  119.8   4.4   2   4   6.1e-10   1.1e-07   27.2   0.0   107   178    89   159    80   177 0.84 -
145801:1-1551        -            517 30116at4891          -            222   4.9e-36  119.8   4.4   3   4   4.3e-12   7.4e-10   34.2   0.3    84   195   157   269   153   274 0.75 -
145801:1-1551        -            517 30116at4891          -            222   4.9e-36  119.8   4.4   4   4   1.1e-12   1.9e-10   36.1   0.7    82   197   248   376   247   401 0.69 -
144805:4-906         -            301 30116at4891          -            222   3.5e-30  100.7   0.0   1   2   8.6e-15   1.5e-12   43.0   0.0    99   190    41   134    24   144 0.83 -
144805:4-906         -            301 30116at4891          -            222   3.5e-30  100.7   0.0   2   2   9.3e-19   1.6e-16   56.0   0.0   108   190   149   233   134   240 0.88 -
145491:90-752        -            221 30116at4891          -            222   6.3e-13   44.3   0.0   1   2   1.1e-08   1.9e-06   23.0   0.0   115   184     1    73     1   103 0.83 -
145491:90-752        -            221 30116at4891          -            222   6.3e-13   44.3   0.0   2   2   1.4e-07   2.4e-05   19.5   0.0   108   187   144   219   134   221 0.80 -
144043:2-781         -            260 30116at4891          -            222   6.4e-13   44.2   0.1   1   2   1.4e-13   2.5e-11   39.0   0.1   103   194    19   112     2   119 0.87 -
144043:2-781         -            260 30116at4891          -            222   6.4e-13   44.2   0.1   2   2     0.014       2.4    3.1   0.0   109   166   204   255   196   260 0.73 -
145161:165-899       -            245 30116at4891          -            222   0.00044   15.3   0.0   1   3     0.092        16    0.4   0.0   154   177     1    24     1    41 0.84 -
145161:165-899       -            245 30116at4891          -            222   0.00044   15.3   0.0   2   3   0.00014     0.024    9.6   0.0   108   150   155   197   145   202 0.87 -
145161:165-899       -            245 30116at4891          -            222   0.00044   15.3   0.0   3   3     0.063        11    0.9   0.0   151   172   217   238   212   242 0.85 -
#
# Program:         hmmsearch
# Version:         3.1b2 (February 2015)
# Pipeline mode:   SEARCH
# Query file:      /home/jj/Desktop/Bioinformatics/3rd_year/1term/Computational_genomics/Seminars/exercise_04/busco_downloads/lineages/saccharomycetes_odb10/hmms/30116at4891.hmm
# Target file:     /home/jj/Desktop/Bioinformatics/3rd_year/1term/Computational_genomics/Seminars/exercise_04/./busco/SRR7548448/SRR7548448_k63_contigs/run_saccharomycetes_odb10/metaeuk_output/initial_results/SRR7548448_k63_graph.contig.fa.modified.fas
# Option settings: hmmsearch --domtblout /home/jj/Desktop/Bioinformatics/3rd_year/1term/Computational_genomics/Seminars/exercise_04/./busco/SRR7548448/SRR7548448_k63_contigs/run_saccharomycetes_odb10/hmmer_output/initial_run_results/30116at4891.out --cpu 1 /home/jj/Desktop/Bioinformatics/3rd_year/1term/Computational_genomics/Seminars/exercise_04/busco_downloads/lineages/saccharomycetes_odb10/hmms/30116at4891.hmm /home/jj/Desktop/Bioinformatics/3rd_year/1term/Computational_genomics/Seminars/exercise_04/./busco/SRR7548448/SRR7548448_k63_contigs/run_saccharomycetes_odb10/metaeuk_output/initial_results/SRR7548448_k63_graph.contig.fa.modified.fas 
# Current dir:     /home/jj/Desktop/Bioinformatics/3rd_year/1term/Computational_genomics/Seminars/exercise_04
# Date:            Tue Nov  5 18:48:01 2024
# [ok]
