#                                                                            --- full sequence --- -------------- this domain -------------   hmm coord   ali coord   env coord
# target name        accession   tlen query name           accession   qlen   E-value  score  bias   #  of  c-Evalue  i-Evalue  score  bias  from    to  from    to  from    to  acc description of target
#------------------- ---------- ----- -------------------- ---------- ----- --------- ------ ----- --- --- --------- --------- ------ ----- ----- ----- ----- ----- ----- ----- ---- ---------------------
144461:10-831        -            274 30869at4891          -            203   1.9e-13   46.2   0.3   1   4   0.00011    0.0061   11.9   0.0     3    32     2    31     1    42 0.87 -
144461:10-831        -            274 30869at4891          -            203   1.9e-13   46.2   0.3   2   4   0.00043     0.023   10.0   0.0     3    29   108   134   105   141 0.91 -
144461:10-831        -            274 30869at4891          -            203   1.9e-13   46.2   0.3   3   4   8.8e-06   0.00047   15.5   0.0   107   172   148   226   143   227 0.67 -
144461:10-831        -            274 30869at4891          -            203   1.9e-13   46.2   0.3   4   4   0.00025     0.014   10.8   0.0     2    29   200   227   199   238 0.87 -
142283:0-563         -            188 30869at4891          -            203   7.6e-11   37.7   1.4   1   3   2.5e-06   0.00013   17.3   0.0   148   175    16    43     7    50 0.85 -
142283:0-563         -            188 30869at4891          -            203   7.6e-11   37.7   1.4   2   3      0.11         6    2.1   0.0    23    51    62    91    50   101 0.73 -
142283:0-563         -            188 30869at4891          -            203   7.6e-11   37.7   1.4   3   3   2.7e-05    0.0015   14.0   0.1     2    28   110   136   109   188 0.90 -
143297:53-682        -            210 30869at4891          -            203   7.7e-11   37.7   0.6   1   2      0.12       6.7    2.0   0.0     4    27    31    55    28    63 0.69 -
143297:53-682        -            210 30869at4891          -            203   7.7e-11   37.7   0.6   2   2     7e-10   3.8e-08   28.9   0.2    29   140    87   210    73   210 0.77 -
140361:20-523        -            168 30869at4891          -            203   1.6e-10   36.7   3.3   1   4    0.0075       0.4    6.0   0.2   148   174    11    37     3    45 0.86 -
140361:20-523        -            168 30869at4891          -            203   1.6e-10   36.7   3.3   2   4   1.6e-07   8.7e-06   21.2   0.0   109   143    50    84    40    94 0.88 -
140361:20-523        -            168 30869at4891          -            203   1.6e-10   36.7   3.3   3   4    0.0028      0.15    7.4   0.1     4    39   109   144   106   149 0.82 -
140361:20-523        -            168 30869at4891          -            203   1.6e-10   36.7   3.3   4   4      0.54        29   -0.1   0.0   109   127   150   168   146   168 0.87 -
142839:31-621        -            197 30869at4891          -            203   2.5e-10   36.1   1.2   1   2     8e-05    0.0043   12.4   0.0     2    29    28    55    27    70 0.91 -
142839:31-621        -            197 30869at4891          -            203   2.5e-10   36.1   1.2   2   2   1.8e-07   9.5e-06   21.1   0.8    30   140    81   197    61   197 0.86 -
143255:5-688         -            228 30869at4891          -            203   1.1e-09   33.9   4.2   1   3   9.5e-06   0.00051   15.4   0.3   115   175     4    76     1    80 0.68 -
143255:5-688         -            228 30869at4891          -            203   1.1e-09   33.9   4.2   2   3   0.00015    0.0083   11.5   0.1   148   175   151   178   134   197 0.79 -
143255:5-688         -            228 30869at4891          -            203   1.1e-09   33.9   4.2   3   3    0.0048      0.26    6.6   0.0   110   140   197   227   191   228 0.89 -
139317:1-486         -            162 30869at4891          -            203   3.3e-09   32.4   0.1   1   3   0.00086     0.046    9.0   0.0    22    63    27    68    17    73 0.86 -
139317:1-486         -            162 30869at4891          -            203   3.3e-09   32.4   0.1   2   3     7e-06   0.00038   15.9   0.0     2    42    78   121    77   127 0.86 -
139317:1-486         -            162 30869at4891          -            203   3.3e-09   32.4   0.1   3   3     0.016      0.86    4.9   0.0   111   142   124   155   119   161 0.84 -
142097:117-608       -            164 30869at4891          -            203   4.6e-08   28.6   0.1   1   2   4.5e-06   0.00024   16.5   0.0   111   175    23   103    15   116 0.69 -
142097:117-608       -            164 30869at4891          -            203   4.6e-08   28.6   0.1   2   2    0.0056       0.3    6.4   0.0   173   200   129   156   112   159 0.76 -
145631:2-904         -            301 30869at4891          -            203   5.3e-06   21.9   1.1   1   5    0.0031      0.17    7.2   0.0    12   175    22    41     4    64 0.61 -
145631:2-904         -            301 30869at4891          -            203   5.3e-06   21.9   1.1   2   5      0.77        42   -0.6   0.0   146   177   110   141    97   151 0.74 -
145631:2-904         -            301 30869at4891          -            203   5.3e-06   21.9   1.1   3   5     0.044       2.4    3.5   0.0   109   143   153   187   149   207 0.86 -
145631:2-904         -            301 30869at4891          -            203   5.3e-06   21.9   1.1   4   5    0.0056       0.3    6.4   0.0     3    28   210   235   208   241 0.88 -
145631:2-904         -            301 30869at4891          -            203   5.3e-06   21.9   1.1   5   5       3.4   1.9e+02   -2.7   0.0   177   200   262   285   253   286 0.83 -
144201:7-801         -            265 30869at4891          -            203   2.5e-05   19.7   0.8   1   3      0.39        21    0.4   0.0   111   138    36    63    23    72 0.67 -
144201:7-801         -            265 30869at4891          -            203   2.5e-05   19.7   0.8   2   3      0.36        20    0.5   0.0     3    29    87   113    85   119 0.85 -
144201:7-801         -            265 30869at4891          -            203   2.5e-05   19.7   0.8   3   3   0.00028     0.015   10.6   0.0   107   174   135   214   125   235 0.68 -
137551:4-429         -            142 30869at4891          -            203     3e-05   19.5   0.2   1   1   1.3e-06   6.8e-05   18.3   0.2    13   101    14   105     3   142 0.73 -
138951:2-475         -            158 30869at4891          -            203   3.3e-05   19.3   0.4   1   2     0.002      0.11    7.9   0.0     3    30    46    74    44    83 0.82 -
138951:2-475         -            158 30869at4891          -            203   3.3e-05   19.3   0.4   2   2    0.0012     0.062    8.6   0.0   106   199    95   129    85   138 0.58 -
139299:2-484         -            161 30869at4891          -            203   6.7e-05   18.3   0.0   1   2     0.015      0.83    5.0   0.0     4    35    41    72    38    77 0.87 -
139299:2-484         -            161 30869at4891          -            203   6.7e-05   18.3   0.0   2   2   0.00011    0.0058   12.0   0.0    19    96    79   160    68   161 0.66 -
144901:479-925       -            149 30869at4891          -            203   0.00011   17.6   0.6   1   2   0.00074      0.04    9.3   0.1   153   179     4    30     1    41 0.72 -
144901:479-925       -            149 30869at4891          -            203   0.00011   17.6   0.6   2   2    0.0032      0.17    7.2   0.1   109   140    40    71    34   142 0.67 -
141067:1-555         -            185 30869at4891          -            203    0.0004   15.8   0.1   1   2      0.14       7.8    1.8   0.0     3    30    37    64    35    79 0.84 -
141067:1-555         -            185 30869at4891          -            203    0.0004   15.8   0.1   2   2   0.00018    0.0095   11.3   0.0   107   173    85   163    73   173 0.70 -
138685:10-465        -            152 30869at4891          -            203    0.0016   13.8   0.1   1   2       1.4        76   -1.5   0.0     7    29     2    24     1    29 0.76 -
138685:10-465        -            152 30869at4891          -            203    0.0016   13.8   0.1   2   2   0.00018    0.0098   11.2   0.1   107   174    46   125    36   134 0.65 -
#
# Program:         hmmsearch
# Version:         3.1b2 (February 2015)
# Pipeline mode:   SEARCH
# Query file:      /home/jj/Desktop/Bioinformatics/3rd_year/1term/Computational_genomics/Seminars/exercise_04/busco_downloads/lineages/saccharomycetes_odb10/hmms/30869at4891.hmm
# Target file:     /home/jj/Desktop/Bioinformatics/3rd_year/1term/Computational_genomics/Seminars/exercise_04/./busco/SRR7548448/SRR7548448_k63_contigs/run_saccharomycetes_odb10/metaeuk_output/initial_results/SRR7548448_k63_graph.contig.fa.modified.fas
# Option settings: hmmsearch --domtblout /home/jj/Desktop/Bioinformatics/3rd_year/1term/Computational_genomics/Seminars/exercise_04/./busco/SRR7548448/SRR7548448_k63_contigs/run_saccharomycetes_odb10/hmmer_output/initial_run_results/30869at4891.out --cpu 1 /home/jj/Desktop/Bioinformatics/3rd_year/1term/Computational_genomics/Seminars/exercise_04/busco_downloads/lineages/saccharomycetes_odb10/hmms/30869at4891.hmm /home/jj/Desktop/Bioinformatics/3rd_year/1term/Computational_genomics/Seminars/exercise_04/./busco/SRR7548448/SRR7548448_k63_contigs/run_saccharomycetes_odb10/metaeuk_output/initial_results/SRR7548448_k63_graph.contig.fa.modified.fas 
# Current dir:     /home/jj/Desktop/Bioinformatics/3rd_year/1term/Computational_genomics/Seminars/exercise_04
# Date:            Tue Nov  5 18:48:02 2024
# [ok]
