#                                                                            --- full sequence --- -------------- this domain -------------   hmm coord   ali coord   env coord
# target name        accession   tlen query name           accession   qlen   E-value  score  bias   #  of  c-Evalue  i-Evalue  score  bias  from    to  from    to  from    to  acc description of target
#------------------- ---------- ----- -------------------- ---------- ----- --------- ------ ----- --- --- --------- --------- ------ ----- ----- ----- ----- ----- ----- ----- ---- ---------------------
142283:0-563         -            188 31279at4891          -            214   1.2e-53  177.3   3.0   1   1   2.9e-54   1.6e-52  173.6   3.0     2   151     3   188     2   188 0.79 -
144461:10-831        -            274 31279at4891          -            214   7.2e-27   89.8   1.2   1   4   5.3e-07   2.9e-05   19.2   0.0    86   113     2    29     1    49 0.66 -
144461:10-831        -            274 31279at4891          -            214   7.2e-27   89.8   1.2   2   4    0.0011     0.061    8.3   0.0   179   210    53    84    47    88 0.84 -
144461:10-831        -            274 31279at4891          -            214   7.2e-27   89.8   1.2   3   4     1e-15   5.5e-14   47.7   0.1     4   112   102   227    99   240 0.83 -
144461:10-831        -            274 31279at4891          -            214   7.2e-27   89.8   1.2   4   4   0.00031     0.017   10.1   0.0   179   204   246   271   242   274 0.82 -
143255:5-688         -            228 31279at4891          -            214   2.1e-20   68.6   3.0   1   3    0.0035      0.19    6.7   0.1   185   213     1    29     1    30 0.96 -
143255:5-688         -            228 31279at4891          -            214   2.1e-20   68.6   3.0   2   3   1.5e-09   7.8e-08   27.6   0.1    37   113    90   177    83   185 0.75 -
143255:5-688         -            228 31279at4891          -            214   2.1e-20   68.6   3.0   3   3   3.2e-08   1.7e-06   23.2   0.0   178   214   192   228   180   228 0.81 -
144201:7-801         -            265 31279at4891          -            214     1e-18   63.1   1.8   1   3   2.2e-09   1.2e-07   26.9   0.1    36   120    27   121    22   134 0.77 -
144201:7-801         -            265 31279at4891          -            214     1e-18   63.1   1.8   2   3   2.4e-10   1.3e-08   30.1   0.1    37   114   131   215   125   223 0.85 -
144201:7-801         -            265 31279at4891          -            214     1e-18   63.1   1.8   3   3     0.013      0.72    4.8   0.0    31    70   220   258   210   265 0.63 -
142839:31-621        -            197 31279at4891          -            214   6.6e-18   60.5   4.5   1   3   8.9e-10   4.8e-08   28.2   0.1    73   155    16   112    11   115 0.70 -
142839:31-621        -            197 31279at4891          -            214   6.6e-18   60.5   4.5   2   3   7.6e-08   4.1e-06   21.9   0.1    34   114    65   154    58   156 0.72 -
142839:31-621        -            197 31279at4891          -            214   6.6e-18   60.5   4.5   3   3   1.7e-08   9.2e-07   24.1   0.1    10    73   126   196   119   197 0.84 -
142097:117-608       -            164 31279at4891          -            214   7.4e-17   57.1   0.4   1   2   5.4e-11   2.9e-09   32.2   0.1    45   111    23   100    13   106 0.79 -
142097:117-608       -            164 31279at4891          -            214   7.4e-17   57.1   0.4   2   2   7.9e-08   4.3e-06   21.9   0.0   180   213   122   155   114   156 0.92 -
143297:53-682        -            210 31279at4891          -            214   4.9e-16   54.4   0.2   1   3    0.0061      0.33    5.9   0.0    80   123    24    68    19    77 0.80 -
143297:53-682        -            210 31279at4891          -            214   4.9e-16   54.4   0.2   2   3   0.00083     0.045    8.7   0.0   177   213    76   112    71   113 0.86 -
143297:53-682        -            210 31279at4891          -            214   4.9e-16   54.4   0.2   3   3   8.4e-12   4.5e-10   34.9   0.1     8    73   134   209   127   210 0.89 -
145631:2-904         -            301 31279at4891          -            214   5.4e-15   51.0   1.7   1   3   3.8e-08   2.1e-06   22.9   0.1    10    81    13    94     7   150 0.74 -
145631:2-904         -            301 31279at4891          -            214   5.4e-15   51.0   1.7   2   3   0.00013    0.0072   11.3   0.0   181   213   152   184   113   185 0.94 -
145631:2-904         -            301 31279at4891          -            214   5.4e-15   51.0   1.7   3   3   1.7e-05   0.00091   14.3   0.1    77   153   201   289   193   295 0.76 -
141067:1-555         -            185 31279at4891          -            214   3.7e-13   45.0   0.6   1   2   7.1e-05    0.0038   12.2   0.0    85   127    36    78    29    84 0.82 -
141067:1-555         -            185 31279at4891          -            214   3.7e-13   45.0   0.6   2   2     6e-11   3.3e-09   32.1   0.1    36   116    80   167    75   177 0.85 -
138685:10-465        -            152 31279at4891          -            214   9.5e-13   43.6   1.2   1   2   3.5e-05    0.0019   13.3   0.1    89   122     1    34     1    50 0.75 -
138685:10-465        -            152 31279at4891          -            214   9.5e-13   43.6   1.2   2   2   5.6e-10     3e-08   28.9   0.2    38   114    43   126    38   133 0.83 -
140361:20-523        -            168 31279at4891          -            214   4.1e-12   41.5   0.3   1   1   2.4e-12   1.3e-10   36.6   0.3    11   131    11   161     4   167 0.72 -
138951:2-475         -            158 31279at4891          -            214     6e-10   34.5   2.6   1   3     0.037         2    3.4   0.0   189   213     2    26     1    30 0.81 -
138951:2-475         -            158 31279at4891          -            214     6e-10   34.5   2.6   2   3   4.9e-05    0.0026   12.8   0.1     9    39    45    76    39    84 0.83 -
138951:2-475         -            158 31279at4891          -            214     6e-10   34.5   2.6   3   3     3e-06   0.00016   16.7   0.1    35    86    90   141    85   152 0.90 -
144901:479-925       -            149 31279at4891          -            214   6.9e-10   34.3   0.0   1   1   7.1e-11   3.8e-09   31.8   0.0    13    85     1    82     1   137 0.81 -
137551:4-429         -            142 31279at4891          -            214     7e-10   34.3   0.2   1   2   2.6e-08   1.4e-06   23.4   0.1    39   112    20   105    14   115 0.76 -
137551:4-429         -            142 31279at4891          -            214     7e-10   34.3   0.2   2   2    0.0027      0.14    7.1   0.0   178   200   119   141   111   142 0.89 -
139317:1-486         -            162 31279at4891          -            214   7.2e-10   34.2   0.2   1   3   2.6e-05    0.0014   13.6   0.0   179   213    25    59    18    60 0.92 -
139317:1-486         -            162 31279at4891          -            214   7.2e-10   34.2   0.2   2   3    0.0087      0.47    5.4   0.0    86   117    79   110    68   116 0.72 -
139317:1-486         -            162 31279at4891          -            214   7.2e-10   34.2   0.2   3   3   8.7e-05    0.0047   11.9   0.0   181   213   121   153   113   154 0.85 -
139299:2-484         -            161 31279at4891          -            214   1.2e-05   20.4   0.0   1   1   7.5e-05    0.0041   12.2   0.0    12   107    42   160    38   161 0.50 -
#
# Program:         hmmsearch
# Version:         3.1b2 (February 2015)
# Pipeline mode:   SEARCH
# Query file:      /home/jj/Desktop/Bioinformatics/3rd_year/1term/Computational_genomics/Seminars/exercise_04/busco_downloads/lineages/saccharomycetes_odb10/hmms/31279at4891.hmm
# Target file:     /home/jj/Desktop/Bioinformatics/3rd_year/1term/Computational_genomics/Seminars/exercise_04/./busco/SRR7548448/SRR7548448_k63_contigs/run_saccharomycetes_odb10/metaeuk_output/initial_results/SRR7548448_k63_graph.contig.fa.modified.fas
# Option settings: hmmsearch --domtblout /home/jj/Desktop/Bioinformatics/3rd_year/1term/Computational_genomics/Seminars/exercise_04/./busco/SRR7548448/SRR7548448_k63_contigs/run_saccharomycetes_odb10/hmmer_output/initial_run_results/31279at4891.out --cpu 1 /home/jj/Desktop/Bioinformatics/3rd_year/1term/Computational_genomics/Seminars/exercise_04/busco_downloads/lineages/saccharomycetes_odb10/hmms/31279at4891.hmm /home/jj/Desktop/Bioinformatics/3rd_year/1term/Computational_genomics/Seminars/exercise_04/./busco/SRR7548448/SRR7548448_k63_contigs/run_saccharomycetes_odb10/metaeuk_output/initial_results/SRR7548448_k63_graph.contig.fa.modified.fas 
# Current dir:     /home/jj/Desktop/Bioinformatics/3rd_year/1term/Computational_genomics/Seminars/exercise_04
# Date:            Tue Nov  5 18:48:02 2024
# [ok]
