#                                                                            --- full sequence --- -------------- this domain -------------   hmm coord   ali coord   env coord
# target name        accession   tlen query name           accession   qlen   E-value  score  bias   #  of  c-Evalue  i-Evalue  score  bias  from    to  from    to  from    to  acc description of target
#------------------- ---------- ----- -------------------- ---------- ----- --------- ------ ----- --- --- --------- --------- ------ ----- ----- ----- ----- ----- ----- ----- ---- ---------------------
136199:103-405       -            101 31657at4891          -            129   7.2e-64  209.4   1.2   1   1   1.2e-65   8.6e-64  209.2   1.2    11   105     6   101     3   101 0.98 -
140231:4-408         -            135 31657at4891          -            129   1.2e-30  102.0   0.1   1   1     2e-32   1.4e-30  101.7   0.1    19   122     1   105     1   112 0.94 -
135105:2-304         -            101 31657at4891          -            129   1.2e-21   72.8   0.1   1   1   1.7e-23   1.2e-21   72.8   0.1    10    87    17    96     3   101 0.88 -
114641:32-199        -             56 31657at4891          -            129   9.4e-21   70.0   0.0   1   1   1.4e-22     1e-20   69.9   0.0    30    84     1    56     1    56 0.97 -
113363:2-193         -             64 31657at4891          -            129   1.6e-20   69.3   0.4   1   1   2.3e-22   1.6e-20   69.2   0.4    30    89     1    61     1    64 0.93 -
118539:10-204        -             65 31657at4891          -            129   7.5e-17   57.4   0.4   1   1   1.5e-18   1.1e-16   56.9   0.4    72   128     1    65     1    65 0.84 -
121715:8-232         -             75 31657at4891          -            129   7.1e-15   51.0   0.3   1   1   1.2e-16   8.9e-15   50.7   0.3    18    64    29    75     3    75 0.79 -
134611:93-374        -             94 31657at4891          -            129     2e-12   43.1   0.1   1   1   2.4e-13   1.7e-11   40.0   0.1    55   123     1    82     1    88 0.81 -
126155:10-261        -             84 31657at4891          -            129   9.5e-12   40.9   0.1   1   1   1.5e-13   1.1e-11   40.7   0.1    51   118     1    72     1    78 0.90 -
134435:0-371         -            124 31657at4891          -            129   1.5e-07   27.3   0.0   1   1   2.7e-09   1.9e-07   26.9   0.0    44   107     5    70     2    90 0.81 -
135769:30-395        -            122 31657at4891          -            129   1.3e-06   24.2   0.0   1   1   2.8e-08     2e-06   23.6   0.0    82   127     2    47     1    57 0.86 -
128737:45-290        -             82 31657at4891          -            129   2.5e-05   20.1   0.1   1   1   5.3e-07   3.8e-05   19.5   0.1    77   110    22    55     2    73 0.81 -
#
# Program:         hmmsearch
# Version:         3.1b2 (February 2015)
# Pipeline mode:   SEARCH
# Query file:      /home/jj/Desktop/Bioinformatics/3rd_year/1term/Computational_genomics/Seminars/exercise_04/busco_downloads/lineages/saccharomycetes_odb10/hmms/31657at4891.hmm
# Target file:     /home/jj/Desktop/Bioinformatics/3rd_year/1term/Computational_genomics/Seminars/exercise_04/./busco/SRR7548448/SRR7548448_k63_contigs/run_saccharomycetes_odb10/metaeuk_output/initial_results/SRR7548448_k63_graph.contig.fa.modified.fas
# Option settings: hmmsearch --domtblout /home/jj/Desktop/Bioinformatics/3rd_year/1term/Computational_genomics/Seminars/exercise_04/./busco/SRR7548448/SRR7548448_k63_contigs/run_saccharomycetes_odb10/hmmer_output/initial_run_results/31657at4891.out --cpu 1 /home/jj/Desktop/Bioinformatics/3rd_year/1term/Computational_genomics/Seminars/exercise_04/busco_downloads/lineages/saccharomycetes_odb10/hmms/31657at4891.hmm /home/jj/Desktop/Bioinformatics/3rd_year/1term/Computational_genomics/Seminars/exercise_04/./busco/SRR7548448/SRR7548448_k63_contigs/run_saccharomycetes_odb10/metaeuk_output/initial_results/SRR7548448_k63_graph.contig.fa.modified.fas 
# Current dir:     /home/jj/Desktop/Bioinformatics/3rd_year/1term/Computational_genomics/Seminars/exercise_04
# Date:            Tue Nov  5 18:48:03 2024
# [ok]
