#                                                                            --- full sequence --- -------------- this domain -------------   hmm coord   ali coord   env coord
# target name        accession   tlen query name           accession   qlen   E-value  score  bias   #  of  c-Evalue  i-Evalue  score  bias  from    to  from    to  from    to  acc description of target
#------------------- ---------- ----- -------------------- ---------- ----- --------- ------ ----- --- --- --------- --------- ------ ----- ----- ----- ----- ----- ----- ----- ---- ---------------------
134943:1-378         -            126 32845at4891          -            140   1.2e-16   56.4   2.3   1   2   1.4e-08     3e-06   22.7   0.0    66    88    20    42     5    48 0.79 -
134943:1-378         -            126 32845at4891          -            140   1.2e-16   56.4   2.3   2   2   2.6e-10   5.7e-08   28.2   0.6    85   118    62    95    54   122 0.78 -
136549:8-277         -             90 32845at4891          -            140   3.1e-14   48.5   0.1   1   2   1.9e-07   4.1e-05   19.0   0.0     1    21     3    23     3    36 0.88 -
136549:8-277         -             90 32845at4891          -            140   3.1e-14   48.5   0.1   2   2     3e-10   6.5e-08   28.1   0.0    17    56    43    88    35    90 0.82 -
131687:0-299         -            100 32845at4891          -            140   4.5e-07   25.3   0.0   1   1   3.4e-09   7.4e-07   24.6   0.0    55   106    47   100    27   100 0.84 -
143161:1-666         -            222 32845at4891          -            140   1.9e-05   20.1   0.7   1   2   4.8e-06     0.001   14.4   0.3    90   115   108   133     1   154 0.84 -
143161:1-666         -            222 32845at4891          -            140   1.9e-05   20.1   0.7   2   2      0.15        33   -0.2   0.0     7    42   145   180   139   182 0.75 -
#
# Program:         hmmsearch
# Version:         3.1b2 (February 2015)
# Pipeline mode:   SEARCH
# Query file:      /home/jj/Desktop/Bioinformatics/3rd_year/1term/Computational_genomics/Seminars/exercise_04/busco_downloads/lineages/saccharomycetes_odb10/hmms/32845at4891.hmm
# Target file:     /home/jj/Desktop/Bioinformatics/3rd_year/1term/Computational_genomics/Seminars/exercise_04/./busco/SRR7548448/SRR7548448_k63_contigs/run_saccharomycetes_odb10/metaeuk_output/initial_results/SRR7548448_k63_graph.contig.fa.modified.fas
# Option settings: hmmsearch --domtblout /home/jj/Desktop/Bioinformatics/3rd_year/1term/Computational_genomics/Seminars/exercise_04/./busco/SRR7548448/SRR7548448_k63_contigs/run_saccharomycetes_odb10/hmmer_output/initial_run_results/32845at4891.out --cpu 1 /home/jj/Desktop/Bioinformatics/3rd_year/1term/Computational_genomics/Seminars/exercise_04/busco_downloads/lineages/saccharomycetes_odb10/hmms/32845at4891.hmm /home/jj/Desktop/Bioinformatics/3rd_year/1term/Computational_genomics/Seminars/exercise_04/./busco/SRR7548448/SRR7548448_k63_contigs/run_saccharomycetes_odb10/metaeuk_output/initial_results/SRR7548448_k63_graph.contig.fa.modified.fas 
# Current dir:     /home/jj/Desktop/Bioinformatics/3rd_year/1term/Computational_genomics/Seminars/exercise_04
# Date:            Tue Nov  5 18:48:04 2024
# [ok]
