#                                                                            --- full sequence --- -------------- this domain -------------   hmm coord   ali coord   env coord
# target name        accession   tlen query name           accession   qlen   E-value  score  bias   #  of  c-Evalue  i-Evalue  score  bias  from    to  from    to  from    to  acc description of target
#------------------- ---------- ----- -------------------- ---------- ----- --------- ------ ----- --- --- --------- --------- ------ ----- ----- ----- ----- ----- ----- ----- ---- ---------------------
145821:44-862        -            273 3395at4891           -            441   9.7e-11   36.5  12.7   1   4      0.13       8.1    0.5   0.0   123   158     1    36     1    38 0.69 -
145821:44-862        -            273 3395at4891           -            441   9.7e-11   36.5  12.7   2   4   7.3e-07   4.5e-05   17.8   1.4    60   142    22   100    17   107 0.71 -
145821:44-862        -            273 3395at4891           -            441   9.7e-11   36.5  12.7   3   4    0.0024      0.15    6.2   0.1   121   140   120   139    97   144 0.64 -
145821:44-862        -            273 3395at4891           -            441   9.7e-11   36.5  12.7   4   4   1.2e-06   7.4e-05   17.1   0.4    72   140   209   268   205   273 0.76 -
142977:2-622         -            207 3395at4891           -            441   1.6e-10   35.8   0.2   1   3    0.0023      0.14    6.3   0.0   118   138    23    43     3    49 0.69 -
142977:2-622         -            207 3395at4891           -            441   1.6e-10   35.8   0.2   2   3   9.3e-07   5.8e-05   17.5   0.0    71   139    69   133    46   143 0.79 -
142977:2-622         -            207 3395at4891           -            441   1.6e-10   35.8   0.2   3   3   0.00041     0.025    8.8   0.1   120   146   156   182   136   195 0.81 -
145301:241-942       -            234 3395at4891           -            441   3.3e-08   28.2   1.3   1   4    0.0023      0.14    6.3   0.1   121   139    22    40    18    60 0.75 -
145301:241-942       -            234 3395at4891           -            441   3.3e-08   28.2   1.3   2   4   0.00054     0.033    8.4   0.0    72   138    64   123    61   140 0.75 -
145301:241-942       -            234 3395at4891           -            441   3.3e-08   28.2   1.3   3   4     0.031       1.9    2.6   0.0   185   218   137   170   122   179 0.62 -
145301:241-942       -            234 3395at4891           -            441   3.3e-08   28.2   1.3   4   4   0.00034     0.021    9.0   0.1    74   139   150   209   147   213 0.63 -
143663:94-729        -            212 3395at4891           -            441   3.1e-06   21.7   0.3   1   2   0.00068     0.042    8.0   0.1    72   140    15    98     1   113 0.56 -
143663:94-729        -            212 3395at4891           -            441   3.1e-06   21.7   0.3   2   2   0.00013    0.0082   10.4   0.1   111   144   103   142    77   157 0.62 -
144489:26-847        -            274 3395at4891           -            441   2.5e-05   18.7   0.8   1   2   7.9e-06   0.00049   14.4   0.3    71   140    10    74     5    81 0.87 -
144489:26-847        -            274 3395at4891           -            441   2.5e-05   18.7   0.8   2   2     0.033         2    2.5   0.0    69    92   159   182   152   195 0.79 -
144833:0-911         -            304 3395at4891           -            441   4.4e-05   17.9   0.2   1   2      0.35        22   -0.9   0.0    75   113   208   247   204   266 0.68 -
144833:0-911         -            304 3395at4891           -            441   4.4e-05   17.9   0.2   2   2   2.2e-06   0.00014   16.2   0.1   110   140   266   296   256   304 0.85 -
145769:0-1415        -            472 3395at4891           -            441    0.0001   16.6   0.4   1   2       0.3        19   -0.7   0.0   123   139   163   179   154   222 0.56 -
145769:0-1415        -            472 3395at4891           -            441    0.0001   16.6   0.4   2   2   9.6e-06   0.00059   14.1   0.1    72   178   360   459   357   468 0.77 -
140077:5-511         -            169 3395at4891           -            441   0.00015   16.1   0.0   1   1   6.6e-06   0.00041   14.7   0.0   121   210    64   162    42   167 0.76 -
136257:22-312        -             97 3395at4891           -            441   0.00018   15.9   0.1   1   1   4.9e-06    0.0003   15.1   0.1   121   209     1    97     1    97 0.86 -
143313:118-603       -            162 3395at4891           -            441   0.00042   14.6   3.7   1   3     0.041       2.5    2.2   0.0   120   155    33    68     9    75 0.75 -
143313:118-603       -            162 3395at4891           -            441   0.00042   14.6   3.7   2   3     0.013      0.78    3.9   0.1   121   140    81   100    61   118 0.88 -
143313:118-603       -            162 3395at4891           -            441   0.00042   14.6   3.7   3   3   0.00019     0.012    9.9   1.0    74   141    83   143    81   147 0.66 -
145543:202-1035      -            278 3395at4891           -            441    0.0014   12.9   0.1   1   2   0.00033     0.021    9.1   0.0    72   137    13    91    10    97 0.62 -
145543:202-1035      -            278 3395at4891           -            441    0.0014   12.9   0.1   2   2     0.074       4.6    1.3   0.1    72    85   133   146   123   150 0.90 -
142803:50-655        -            202 3395at4891           -            441    0.0017   12.6   1.3   1   1    0.0033       0.2    5.8   0.5    74   139     1    60     1    71 0.72 -
144137:68-793        -            242 3395at4891           -            441    0.0023   12.2   1.8   1   2    0.0003     0.019    9.2   0.4   121   182   135   196    93   204 0.85 -
144137:68-793        -            242 3395at4891           -            441    0.0023   12.2   1.8   2   2      0.02       1.2    3.2   0.2   119   138   217   236   176   241 0.64 -
143819:146-751       -            202 3395at4891           -            441    0.0066   10.7   1.5   1   3      0.18        11    0.1   0.1   120   154    24    63    15    66 0.80 -
143819:146-751       -            202 3395at4891           -            441    0.0066   10.7   1.5   2   3    0.0012     0.077    7.2   0.1   121   144    67    91    63   106 0.81 -
143819:146-751       -            202 3395at4891           -            441    0.0066   10.7   1.5   3   3      0.14       8.4    0.5   0.0   147   169   161   183   136   195 0.83 -
#
# Program:         hmmsearch
# Version:         3.1b2 (February 2015)
# Pipeline mode:   SEARCH
# Query file:      /home/jj/Desktop/Bioinformatics/3rd_year/1term/Computational_genomics/Seminars/exercise_04/busco_downloads/lineages/saccharomycetes_odb10/hmms/3395at4891.hmm
# Target file:     /home/jj/Desktop/Bioinformatics/3rd_year/1term/Computational_genomics/Seminars/exercise_04/./busco/SRR7548448/SRR7548448_k63_contigs/run_saccharomycetes_odb10/metaeuk_output/initial_results/SRR7548448_k63_graph.contig.fa.modified.fas
# Option settings: hmmsearch --domtblout /home/jj/Desktop/Bioinformatics/3rd_year/1term/Computational_genomics/Seminars/exercise_04/./busco/SRR7548448/SRR7548448_k63_contigs/run_saccharomycetes_odb10/hmmer_output/initial_run_results/3395at4891.out --cpu 1 /home/jj/Desktop/Bioinformatics/3rd_year/1term/Computational_genomics/Seminars/exercise_04/busco_downloads/lineages/saccharomycetes_odb10/hmms/3395at4891.hmm /home/jj/Desktop/Bioinformatics/3rd_year/1term/Computational_genomics/Seminars/exercise_04/./busco/SRR7548448/SRR7548448_k63_contigs/run_saccharomycetes_odb10/metaeuk_output/initial_results/SRR7548448_k63_graph.contig.fa.modified.fas 
# Current dir:     /home/jj/Desktop/Bioinformatics/3rd_year/1term/Computational_genomics/Seminars/exercise_04
# Date:            Tue Nov  5 18:48:06 2024
# [ok]
