#                                                                            --- full sequence --- -------------- this domain -------------   hmm coord   ali coord   env coord
# target name        accession   tlen query name           accession   qlen   E-value  score  bias   #  of  c-Evalue  i-Evalue  score  bias  from    to  from    to  from    to  acc description of target
#------------------- ---------- ----- -------------------- ---------- ----- --------- ------ ----- --- --- --------- --------- ------ ----- ----- ----- ----- ----- ----- ----- ---- ---------------------
145301:241-942       -            234 3606at4891           -            510  9.2e-135  445.8   4.0   1   1  3.1e-136    1e-134  445.6   4.0   266   477     2   214     1   229 0.97 -
145769:0-1415        -            472 3606at4891           -            510   6.6e-44  146.0   2.4   1   3     6e-16     2e-14   48.7   0.3   253   425    37   220    12   223 0.83 -
145769:0-1415        -            472 3606at4891           -            510   6.6e-44  146.0   2.4   2   3   4.1e-16   1.4e-14   49.3   0.0   353   470   259   376   242   379 0.90 -
145769:0-1415        -            472 3606at4891           -            510   6.6e-44  146.0   2.4   3   3   3.3e-15   1.1e-13   46.3   0.1   346   437   379   472   376   472 0.93 -
145821:44-862        -            273 3606at4891           -            510   8.9e-42  139.0  11.7   1   2   1.6e-30   5.3e-29   96.8   8.2   247   402     2   153     1   171 0.91 -
145821:44-862        -            273 3606at4891           -            510   8.9e-42  139.0  11.7   2   2   7.4e-14   2.5e-12   41.8   0.1   367   433   207   271   199   273 0.90 -
144149:4-795         -            264 3606at4891           -            510   1.8e-33  111.6   1.3   1   1   6.5e-35   2.2e-33  111.3   1.3   231   457    27   263    22   264 0.87 -
140077:5-511         -            169 3606at4891           -            510   5.8e-31  103.3   0.4   1   2   4.1e-16   1.4e-14   49.3   0.0   224   323     1   101     1   103 0.89 -
140077:5-511         -            169 3606at4891           -            510   5.8e-31  103.3   0.4   2   2   5.2e-19   1.7e-17   58.9   0.1   350   472    45   166    45   169 0.95 -
142977:2-622         -            207 3606at4891           -            510   8.2e-26   86.3   0.5   1   1   2.7e-27   8.9e-26   86.2   0.5   269   435     9   181     3   207 0.90 -
143313:118-603       -            162 3606at4891           -            510   6.7e-24   80.0   0.9   1   1   2.1e-25   7.1e-24   79.9   0.9   262   407     9   160     1   162 0.89 -
145543:202-1035      -            278 3606at4891           -            510   5.4e-23   77.0   2.0   1   3   2.5e-05   0.00083   13.7   0.1   400   429     2    31     1    38 0.86 -
145543:202-1035      -            278 3606at4891           -            510   5.4e-23   77.0   2.0   2   3   9.6e-09   3.2e-07   25.0   0.0   267   303    56    92    48   100 0.79 -
145543:202-1035      -            278 3606at4891           -            510   5.4e-23   77.0   2.0   3   3   3.2e-12   1.1e-10   36.5   0.2   262   340   109   188   103   202 0.92 -
143663:94-729        -            212 3606at4891           -            510   1.6e-19   65.5   1.5   1   1   9.9e-19   3.3e-17   57.9   0.8   363   471    11   136     1   150 0.70 -
144137:68-793        -            242 3606at4891           -            510   6.3e-19   63.6   5.1   1   1   6.1e-20     2e-18   61.9   5.0   243   389    93   239    75   242 0.89 -
144541:1-852         -            284 3606at4891           -            510   6.5e-19   63.6  11.0   1   1   4.1e-20   1.4e-18   62.5  10.6   247   424     2   199     1   203 0.71 -
143819:146-751       -            202 3606at4891           -            510   8.4e-19   63.2   1.1   1   2   2.7e-19   8.9e-18   59.8   0.3   230   329    11   110     4   127 0.93 -
143819:146-751       -            202 3606at4891           -            510   8.4e-19   63.2   1.1   2   2     0.091         3    2.0   0.0   362   426   161   183   133   199 0.64 -
145907:182-1561      -            460 3606at4891           -            510   3.4e-15   51.3   2.8   1   4   9.8e-06   0.00032   15.1   0.0   436   474    10    50     5    66 0.84 -
145907:182-1561      -            460 3606at4891           -            510   3.4e-15   51.3   2.8   2   4   0.00063     0.021    9.1   0.0   437   470    69   102    54   116 0.71 -
145907:182-1561      -            460 3606at4891           -            510   3.4e-15   51.3   2.8   3   4   1.2e-07   4.1e-06   21.3   0.1   396   468   145   216   133   223 0.87 -
145907:182-1561      -            460 3606at4891           -            510   3.4e-15   51.3   2.8   4   4     0.038       1.3    3.2   0.0   394   427   371   404   343   410 0.78 -
142803:50-655        -            202 3606at4891           -            510     9e-15   49.9   3.2   1   2   3.8e-11   1.2e-09   32.9   0.4   371   434     1    65     1    72 0.94 -
142803:50-655        -            202 3606at4891           -            510     9e-15   49.9   3.2   2   2   2.4e-06     8e-05   17.1   0.1   357   445    80   181    75   200 0.72 -
136257:22-312        -             97 3606at4891           -            510   6.6e-13   43.7   0.0   1   1   2.1e-14   7.1e-13   43.6   0.0   371   467     3    97     1    97 0.91 -
144489:26-847        -            274 3606at4891           -            510   7.4e-12   40.3   0.0   1   2   2.1e-08   7.1e-07   23.8   0.0   407   474     7    75     4    83 0.80 -
144489:26-847        -            274 3606at4891           -            510   7.4e-12   40.3   0.0   2   2   1.5e-05    0.0005   14.4   0.0   408   471   114   179   101   190 0.74 -
144603:3-800         -            266 3606at4891           -            510   9.2e-12   40.0   1.8   1   2   2.2e-08   7.2e-07   23.8   0.2   368   470    28   135    14   139 0.80 -
144603:3-800         -            266 3606at4891           -            510   9.2e-12   40.0   1.8   2   2   5.9e-06    0.0002   15.8   0.1   346   386   139   181   136   198 0.85 -
144947:219-944       -            242 3606at4891           -            510   5.4e-11   37.4   3.4   1   2   2.2e-09   7.5e-08   27.1   0.8   376   474    63   163    49   188 0.83 -
144947:219-944       -            242 3606at4891           -            510   5.4e-11   37.4   3.4   2   2   0.00021    0.0069   10.7   0.1   241   289   192   240   178   242 0.78 -
143253:125-688       -            188 3606at4891           -            510   1.2e-10   36.3   0.2   1   2   0.00023    0.0075   10.6   0.0   271   306    24    59    18    75 0.82 -
143253:125-688       -            188 3606at4891           -            510   1.2e-10   36.3   0.2   2   2   2.3e-08   7.8e-07   23.7   0.0   241   328    80   166    72   172 0.80 -
145365:0-995         -            332 3606at4891           -            510   5.8e-09   30.7   2.3   1   2    0.0011     0.035    8.3   0.3   346   440    55   162    45   189 0.68 -
145365:0-995         -            332 3606at4891           -            510   5.8e-09   30.7   2.3   2   2   5.9e-08     2e-06   22.4   0.1   396   471   206   284   193   307 0.75 -
144353:2-823         -            274 3606at4891           -            510   1.4e-08   29.5   0.0   1   3   0.00018     0.006   10.9   0.0   351   405    16    70     8    81 0.90 -
144353:2-823         -            274 3606at4891           -            510   1.4e-08   29.5   0.0   2   3    0.0075      0.25    5.5   0.0   443   469   133   159   124   166 0.84 -
144353:2-823         -            274 3606at4891           -            510   1.4e-08   29.5   0.0   3   3   0.00051     0.017    9.4   0.0   246   302   192   250   182   258 0.76 -
145363:1-1098        -            366 3606at4891           -            510   1.1e-07   26.5   0.1   1   1   5.4e-09   1.8e-07   25.8   0.1   243   342    47   147    27   157 0.75 -
144047:63-782        -            240 3606at4891           -            510   4.9e-07   24.4   1.0   1   1   2.4e-08     8e-07   23.7   1.0   234   380    20   175     5   184 0.60 -
145853:101-1837      -            579 3606at4891           -            510   1.7e-06   22.6   2.0   1   4       2.7        89   -2.9   0.0     3    35     8    40     6    53 0.78 -
145853:101-1837      -            579 3606at4891           -            510   1.7e-06   22.6   2.0   2   4   1.7e-07   5.7e-06   20.9   0.3   224   301   298   380   284   387 0.88 -
145853:101-1837      -            579 3606at4891           -            510   1.7e-06   22.6   2.0   3   4       1.2        39   -1.7   0.0   284   314   451   481   438   483 0.84 -
145853:101-1837      -            579 3606at4891           -            510   1.7e-06   22.6   2.0   4   4       1.4        46   -2.0   0.0   399   425   524   550   520   554 0.88 -
144833:0-911         -            304 3606at4891           -            510   8.6e-05   17.0   0.8   1   2      0.95        32   -1.4   0.0   240   260   201   221   197   232 0.82 -
144833:0-911         -            304 3606at4891           -            510   8.6e-05   17.0   0.8   2   2   6.8e-06   0.00023   15.6   0.5   428   476   248   299   227   303 0.73 -
141859:1-597         -            199 3606at4891           -            510    0.0033   11.7   0.1   1   1   0.00013    0.0045   11.3   0.1   406   458   140   192   114   196 0.77 -
#
# Program:         hmmsearch
# Version:         3.1b2 (February 2015)
# Pipeline mode:   SEARCH
# Query file:      /home/jj/Desktop/Bioinformatics/3rd_year/1term/Computational_genomics/Seminars/exercise_04/busco_downloads/lineages/saccharomycetes_odb10/hmms/3606at4891.hmm
# Target file:     /home/jj/Desktop/Bioinformatics/3rd_year/1term/Computational_genomics/Seminars/exercise_04/./busco/SRR7548448/SRR7548448_k63_contigs/run_saccharomycetes_odb10/metaeuk_output/initial_results/SRR7548448_k63_graph.contig.fa.modified.fas
# Option settings: hmmsearch --domtblout /home/jj/Desktop/Bioinformatics/3rd_year/1term/Computational_genomics/Seminars/exercise_04/./busco/SRR7548448/SRR7548448_k63_contigs/run_saccharomycetes_odb10/hmmer_output/initial_run_results/3606at4891.out --cpu 1 /home/jj/Desktop/Bioinformatics/3rd_year/1term/Computational_genomics/Seminars/exercise_04/busco_downloads/lineages/saccharomycetes_odb10/hmms/3606at4891.hmm /home/jj/Desktop/Bioinformatics/3rd_year/1term/Computational_genomics/Seminars/exercise_04/./busco/SRR7548448/SRR7548448_k63_contigs/run_saccharomycetes_odb10/metaeuk_output/initial_results/SRR7548448_k63_graph.contig.fa.modified.fas 
# Current dir:     /home/jj/Desktop/Bioinformatics/3rd_year/1term/Computational_genomics/Seminars/exercise_04
# Date:            Tue Nov  5 18:48:08 2024
# [ok]
