#                                                                            --- full sequence --- -------------- this domain -------------   hmm coord   ali coord   env coord
# target name        accession   tlen query name           accession   qlen   E-value  score  bias   #  of  c-Evalue  i-Evalue  score  bias  from    to  from    to  from    to  acc description of target
#------------------- ---------- ----- -------------------- ---------- ----- --------- ------ ----- --- --- --------- --------- ------ ----- ----- ----- ----- ----- ----- ----- ---- ---------------------
145801:1-1551        -            517 36258at4891          -            105     1e-29   98.2   0.4   1   4   1.3e-09   2.2e-07   26.5   0.0    26    94     7    76     3    81 0.92 -
145801:1-1551        -            517 36258at4891          -            105     1e-29   98.2   0.4   2   4   1.9e-09   3.3e-07   25.9   0.0    27    93    96   162    90   175 0.89 -
145801:1-1551        -            517 36258at4891          -            105     1e-29   98.2   0.4   3   4   3.9e-10   6.7e-08   28.1   0.0    27    93   189   255   169   267 0.82 -
145801:1-1551        -            517 36258at4891          -            105     1e-29   98.2   0.4   4   4   2.1e-05    0.0036   12.9   0.0    29    91   294   356   274   364 0.79 -
144805:4-906         -            301 36258at4891          -            105   2.9e-13   45.4   0.0   1   2   2.6e-07   4.5e-05   19.0   0.0     9    93    38   123    28   135 0.83 -
144805:4-906         -            301 36258at4891          -            105   2.9e-13   45.4   0.0   2   2   6.4e-09   1.1e-06   24.2   0.0    26    92   154   221   148   231 0.88 -
145491:90-752        -            221 36258at4891          -            105   2.3e-11   39.2   0.0   1   2   8.3e-10   1.4e-07   27.0   0.0    28    93     1    68     1    79 0.88 -
145491:90-752        -            221 36258at4891          -            105   2.3e-11   39.2   0.0   2   2    0.0002     0.034    9.7   0.0    24    92   147   210   134   216 0.75 -
144043:2-781         -            260 36258at4891          -            105   2.7e-09   32.6   0.1   1   2   5.1e-07   8.9e-05   18.1   0.0    20    98    23   103     5   110 0.83 -
144043:2-781         -            260 36258at4891          -            105   2.7e-09   32.6   0.1   2   2   3.3e-05    0.0057   12.3   0.0    27    79   209   256   206   260 0.80 -
145161:165-899       -            245 36258at4891          -            105   0.00062   15.3   0.4   1   3    0.0015      0.27    6.9   0.1    66    94     1    29     1    45 0.71 -
145161:165-899       -            245 36258at4891          -            105   0.00062   15.3   0.4   2   3      0.21        36    0.0   0.0    29    58   163   193   155   206 0.74 -
145161:165-899       -            245 36258at4891          -            105   0.00062   15.3   0.4   3   3     0.012       2.1    4.0   0.0    61    91   215   245   207   245 0.86 -
#
# Program:         hmmsearch
# Version:         3.1b2 (February 2015)
# Pipeline mode:   SEARCH
# Query file:      /home/jj/Desktop/Bioinformatics/3rd_year/1term/Computational_genomics/Seminars/exercise_04/busco_downloads/lineages/saccharomycetes_odb10/hmms/36258at4891.hmm
# Target file:     /home/jj/Desktop/Bioinformatics/3rd_year/1term/Computational_genomics/Seminars/exercise_04/./busco/SRR7548448/SRR7548448_k63_contigs/run_saccharomycetes_odb10/metaeuk_output/initial_results/SRR7548448_k63_graph.contig.fa.modified.fas
# Option settings: hmmsearch --domtblout /home/jj/Desktop/Bioinformatics/3rd_year/1term/Computational_genomics/Seminars/exercise_04/./busco/SRR7548448/SRR7548448_k63_contigs/run_saccharomycetes_odb10/hmmer_output/initial_run_results/36258at4891.out --cpu 1 /home/jj/Desktop/Bioinformatics/3rd_year/1term/Computational_genomics/Seminars/exercise_04/busco_downloads/lineages/saccharomycetes_odb10/hmms/36258at4891.hmm /home/jj/Desktop/Bioinformatics/3rd_year/1term/Computational_genomics/Seminars/exercise_04/./busco/SRR7548448/SRR7548448_k63_contigs/run_saccharomycetes_odb10/metaeuk_output/initial_results/SRR7548448_k63_graph.contig.fa.modified.fas 
# Current dir:     /home/jj/Desktop/Bioinformatics/3rd_year/1term/Computational_genomics/Seminars/exercise_04
# Date:            Tue Nov  5 18:48:08 2024
# [ok]
