#                                                                            --- full sequence --- -------------- this domain -------------   hmm coord   ali coord   env coord
# target name        accession   tlen query name           accession   qlen   E-value  score  bias   #  of  c-Evalue  i-Evalue  score  bias  from    to  from    to  from    to  acc description of target
#------------------- ---------- ----- -------------------- ---------- ----- --------- ------ ----- --- --- --------- --------- ------ ----- ----- ----- ----- ----- ----- ----- ---- ---------------------
143129:1-615         -            205 3680at4891           -            535  1.8e-101  336.2   0.2   1   1  2.2e-103  2.1e-101  336.0   0.2   338   525     1   205     1   205 0.92 -
145219:1-639         -            213 3680at4891           -            535   2.6e-75  249.9   0.0   1   1     3e-77   2.9e-75  249.8   0.0   269   475     3   211     1   213 0.90 -
144757:0-659         -            220 3680at4891           -            535   1.2e-72  241.1   0.0   1   1   1.3e-74   1.3e-72  241.0   0.0   252   440     1   186     1   220 0.88 -
140201:39-518        -            160 3680at4891           -            535   1.9e-45  151.4   0.0   1   1   2.2e-47   2.1e-45  151.2   0.0   264   417     6   160     1   160 0.93 -
142381:156-611       -            152 3680at4891           -            535     7e-39  129.7   0.2   1   1   8.6e-41   8.3e-39  129.4   0.2   329   475     6   150     2   152 0.89 -
137839:5-403         -            133 3680at4891           -            535   7.1e-30  100.0   0.1   1   1   8.1e-32   7.8e-30   99.8   0.1   347   475     1   132     1   133 0.82 -
141755:252-584       -            111 3680at4891           -            535   5.3e-29   97.1   0.0   1   1     6e-31   5.8e-29   97.0   0.0   304   412     1   111     1   111 0.90 -
132471:0-341         -            114 3680at4891           -            535   3.2e-25   84.6   0.1   1   1     4e-27   3.8e-25   84.4   0.1   323   419     2    98     1   101 0.93 -
145413:151-1119      -            323 3680at4891           -            535   4.9e-13   44.4   0.0   1   1   8.1e-15   7.8e-13   43.7   0.0   397   486     1    91     1   102 0.88 -
#
# Program:         hmmsearch
# Version:         3.1b2 (February 2015)
# Pipeline mode:   SEARCH
# Query file:      /home/jj/Desktop/Bioinformatics/3rd_year/1term/Computational_genomics/Seminars/exercise_04/busco_downloads/lineages/saccharomycetes_odb10/hmms/3680at4891.hmm
# Target file:     /home/jj/Desktop/Bioinformatics/3rd_year/1term/Computational_genomics/Seminars/exercise_04/./busco/SRR7548448/SRR7548448_k63_contigs/run_saccharomycetes_odb10/metaeuk_output/initial_results/SRR7548448_k63_graph.contig.fa.modified.fas
# Option settings: hmmsearch --domtblout /home/jj/Desktop/Bioinformatics/3rd_year/1term/Computational_genomics/Seminars/exercise_04/./busco/SRR7548448/SRR7548448_k63_contigs/run_saccharomycetes_odb10/hmmer_output/initial_run_results/3680at4891.out --cpu 1 /home/jj/Desktop/Bioinformatics/3rd_year/1term/Computational_genomics/Seminars/exercise_04/busco_downloads/lineages/saccharomycetes_odb10/hmms/3680at4891.hmm /home/jj/Desktop/Bioinformatics/3rd_year/1term/Computational_genomics/Seminars/exercise_04/./busco/SRR7548448/SRR7548448_k63_contigs/run_saccharomycetes_odb10/metaeuk_output/initial_results/SRR7548448_k63_graph.contig.fa.modified.fas 
# Current dir:     /home/jj/Desktop/Bioinformatics/3rd_year/1term/Computational_genomics/Seminars/exercise_04
# Date:            Tue Nov  5 18:48:08 2024
# [ok]
