#                                                                            --- full sequence --- -------------- this domain -------------   hmm coord   ali coord   env coord
# target name        accession   tlen query name           accession   qlen   E-value  score  bias   #  of  c-Evalue  i-Evalue  score  bias  from    to  from    to  from    to  acc description of target
#------------------- ---------- ----- -------------------- ---------- ----- --------- ------ ----- --- --- --------- --------- ------ ----- ----- ----- ----- ----- ----- ----- ---- ---------------------
145901:87-2207       -            707 3845at4891           -            724   3.7e-87  288.8   0.0   1   2     4e-42   4.9e-40  133.0   0.3    55   282     4   290     1   306 0.75 -
145901:87-2207       -            707 3845at4891           -            724   3.7e-87  288.8   0.0   2   2   4.1e-48     5e-46  152.8   0.0   314   578   388   691   375   707 0.79 -
144291:5-754         -            250 3845at4891           -            724   5.5e-10   33.6   0.2   1   1   8.3e-11     1e-08   29.4   0.2    70   161     7   114     2   128 0.71 -
140151:0-479         -            160 3845at4891           -            724   2.4e-05   18.3   0.1   1   1   2.6e-07   3.2e-05   17.9   0.1    70   135     8    72     2    78 0.90 -
144059:16-774        -            253 3845at4891           -            724   0.00013   15.9   0.0   1   1   1.4e-06   0.00018   15.4   0.0   100   170    48   113    42   157 0.71 -
145559:1-1074        -            358 3845at4891           -            724     0.001   12.9   0.0   1   1   1.2e-05    0.0014   12.4   0.0    70   155    35   116    22   119 0.74 -
144211:0-731         -            244 3845at4891           -            724    0.0029   11.4   0.0   1   1   2.9e-05    0.0036   11.1   0.0    33   190    59   223    37   228 0.72 -
145629:162-1277      -            372 3845at4891           -            724    0.0033   11.2   0.4   1   2     0.036       4.5    0.9   0.0    66   113    98   138    83   146 0.73 -
145629:162-1277      -            372 3845at4891           -            724    0.0033   11.2   0.4   2   2   0.00021     0.026    8.3   0.1   132   204   189   268   183   276 0.72 -
#
# Program:         hmmsearch
# Version:         3.1b2 (February 2015)
# Pipeline mode:   SEARCH
# Query file:      /home/jj/Desktop/Bioinformatics/3rd_year/1term/Computational_genomics/Seminars/exercise_04/busco_downloads/lineages/saccharomycetes_odb10/hmms/3845at4891.hmm
# Target file:     /home/jj/Desktop/Bioinformatics/3rd_year/1term/Computational_genomics/Seminars/exercise_04/./busco/SRR7548448/SRR7548448_k63_contigs/run_saccharomycetes_odb10/metaeuk_output/initial_results/SRR7548448_k63_graph.contig.fa.modified.fas
# Option settings: hmmsearch --domtblout /home/jj/Desktop/Bioinformatics/3rd_year/1term/Computational_genomics/Seminars/exercise_04/./busco/SRR7548448/SRR7548448_k63_contigs/run_saccharomycetes_odb10/hmmer_output/initial_run_results/3845at4891.out --cpu 1 /home/jj/Desktop/Bioinformatics/3rd_year/1term/Computational_genomics/Seminars/exercise_04/busco_downloads/lineages/saccharomycetes_odb10/hmms/3845at4891.hmm /home/jj/Desktop/Bioinformatics/3rd_year/1term/Computational_genomics/Seminars/exercise_04/./busco/SRR7548448/SRR7548448_k63_contigs/run_saccharomycetes_odb10/metaeuk_output/initial_results/SRR7548448_k63_graph.contig.fa.modified.fas 
# Current dir:     /home/jj/Desktop/Bioinformatics/3rd_year/1term/Computational_genomics/Seminars/exercise_04
# Date:            Tue Nov  5 18:48:10 2024
# [ok]
