#                                                                            --- full sequence --- -------------- this domain -------------   hmm coord   ali coord   env coord
# target name        accession   tlen query name           accession   qlen   E-value  score  bias   #  of  c-Evalue  i-Evalue  score  bias  from    to  from    to  from    to  acc description of target
#------------------- ---------- ----- -------------------- ---------- ----- --------- ------ ----- --- --- --------- --------- ------ ----- ----- ----- ----- ----- ----- ----- ---- ---------------------
141283:88-564        -            159 41696at4891          -            151   5.9e-21   70.5  21.1   1   3   0.00026     0.056    8.9   0.1     2    16     1    15     1    25 0.90 -
141283:88-564        -            159 41696at4891          -            151   5.9e-21   70.5  21.1   2   3   4.7e-08     1e-05   21.0   6.8    13    79    34   106    25   117 0.75 -
141283:88-564        -            159 41696at4891          -            151   5.9e-21   70.5  21.1   3   3   7.6e-16   1.7e-13   46.3   6.1    55    92   122   159    89   159 0.83 -
144179:70-771        -            234 41696at4891          -            151   7.8e-08   27.9   9.0   1   2      0.26        56   -0.8   0.0    88   108   111   131    90   158 0.60 -
144179:70-771        -            234 41696at4891          -            151   7.8e-08   27.9   9.0   2   2   3.6e-10   7.8e-08   27.9   9.0    54   121   163   231   143   234 0.87 -
136531:12-392        -            127 41696at4891          -            151     2e-06   23.4  12.9   1   1   1.3e-08   2.9e-06   22.8  12.9    47   147    26   126     9   127 0.78 -
144679:84-737        -            218 41696at4891          -            151    0.0012   14.3   7.3   1   2    0.0032      0.69    5.4   1.2    62   128    48   114    11   122 0.69 -
144679:84-737        -            218 41696at4891          -            151    0.0012   14.3   7.3   2   2   2.1e-05    0.0045   12.5   0.6    60   147   130   214   120   217 0.89 -
#
# Program:         hmmsearch
# Version:         3.1b2 (February 2015)
# Pipeline mode:   SEARCH
# Query file:      /home/jj/Desktop/Bioinformatics/3rd_year/1term/Computational_genomics/Seminars/exercise_04/busco_downloads/lineages/saccharomycetes_odb10/hmms/41696at4891.hmm
# Target file:     /home/jj/Desktop/Bioinformatics/3rd_year/1term/Computational_genomics/Seminars/exercise_04/./busco/SRR7548448/SRR7548448_k63_contigs/run_saccharomycetes_odb10/metaeuk_output/initial_results/SRR7548448_k63_graph.contig.fa.modified.fas
# Option settings: hmmsearch --domtblout /home/jj/Desktop/Bioinformatics/3rd_year/1term/Computational_genomics/Seminars/exercise_04/./busco/SRR7548448/SRR7548448_k63_contigs/run_saccharomycetes_odb10/hmmer_output/initial_run_results/41696at4891.out --cpu 1 /home/jj/Desktop/Bioinformatics/3rd_year/1term/Computational_genomics/Seminars/exercise_04/busco_downloads/lineages/saccharomycetes_odb10/hmms/41696at4891.hmm /home/jj/Desktop/Bioinformatics/3rd_year/1term/Computational_genomics/Seminars/exercise_04/./busco/SRR7548448/SRR7548448_k63_contigs/run_saccharomycetes_odb10/metaeuk_output/initial_results/SRR7548448_k63_graph.contig.fa.modified.fas 
# Current dir:     /home/jj/Desktop/Bioinformatics/3rd_year/1term/Computational_genomics/Seminars/exercise_04
# Date:            Tue Nov  5 18:48:12 2024
# [ok]
