#                                                                            --- full sequence --- -------------- this domain -------------   hmm coord   ali coord   env coord
# target name        accession   tlen query name           accession   qlen   E-value  score  bias   #  of  c-Evalue  i-Evalue  score  bias  from    to  from    to  from    to  acc description of target
#------------------- ---------- ----- -------------------- ---------- ----- --------- ------ ----- --- --- --------- --------- ------ ----- ----- ----- ----- ----- ----- ----- ---- ---------------------
145301:241-942       -            234 4263at4891           -            571   1.6e-27   92.2   6.4   1   3   3.8e-16   1.6e-14   49.3   0.2   108   188     2    86     1    93 0.90 -
145301:241-942       -            234 4263at4891           -            571   1.6e-27   92.2   6.4   2   3   4.4e-06   0.00018   16.1   0.0   110   160    88   138    83   143 0.89 -
145301:241-942       -            234 4263at4891           -            571   1.6e-27   92.2   6.4   3   3   4.6e-14   1.9e-12   42.4   0.6    85   182   105   207   102   210 0.93 -
145821:44-862        -            273 4263at4891           -            571   2.3e-27   91.7  16.0   1   3   1.6e-12   6.5e-11   37.4   2.3    93   181     6    94     1   100 0.90 -
145821:44-862        -            273 4263at4891           -            571   2.3e-27   91.7  16.0   2   3   3.1e-11   1.3e-09   33.1   2.1    85   158    78   150    76   163 0.91 -
145821:44-862        -            273 4263at4891           -            571   2.3e-27   91.7  16.0   3   3   8.8e-13   3.6e-11   38.2   1.0   127   182   208   265   204   272 0.90 -
145543:202-1035      -            278 4263at4891           -            571     1e-16   56.5   4.4   1   3     0.086       3.5    1.9   0.1   116   143     1    28     1    34 0.76 -
145543:202-1035      -            278 4263at4891           -            571     1e-16   56.5   4.4   2   3   1.3e-10   5.4e-09   31.0   0.3   107   178    54   126    48   138 0.85 -
145543:202-1035      -            278 4263at4891           -            571     1e-16   56.5   4.4   3   3   1.5e-08     6e-07   24.3   0.1    93   151   140   198   129   203 0.88 -
145769:0-1415        -            472 4263at4891           -            571   1.6e-16   55.9   6.4   1   4     0.018      0.75    4.1   0.0    91   148    33    90    27   106 0.88 -
145769:0-1415        -            472 4263at4891           -            571   1.6e-16   55.9   6.4   2   4   0.00014    0.0057   11.1   0.3   110   179   143   219   113   225 0.76 -
145769:0-1415        -            472 4263at4891           -            571   1.6e-16   55.9   6.4   3   4     1e-12   4.2e-11   38.0   0.2    92   179   324   415   315   426 0.93 -
145769:0-1415        -            472 4263at4891           -            571   1.6e-16   55.9   6.4   4   4   0.00046     0.019    9.4   0.1    91   154   407   472   401   472 0.87 -
142977:2-622         -            207 4263at4891           -            571   1.9e-16   55.6   0.0   1   2   1.5e-06   6.3e-05   17.6   0.1   105   178     3    82     1    84 0.80 -
142977:2-622         -            207 4263at4891           -            571   1.9e-16   55.6   0.0   2   2   1.4e-12   5.9e-11   37.5   0.0    87   180    71   171    65   179 0.80 -
144149:4-795         -            264 4263at4891           -            571   2.4e-15   52.0   4.3   1   3   2.7e-05    0.0011   13.5   0.1    83   163    37   123    23   124 0.79 -
144149:4-795         -            264 4263at4891           -            571   2.4e-15   52.0   4.3   2   3   6.9e-07   2.9e-05   18.7   0.2   108   163   110   165   105   168 0.95 -
144149:4-795         -            264 4263at4891           -            571   2.4e-15   52.0   4.3   3   3   4.9e-09     2e-07   25.8   0.1    85   164   171   252   167   254 0.88 -
143819:146-751       -            202 4263at4891           -            571   2.8e-15   51.8   2.5   1   3     1e-09   4.3e-08   28.0   0.0   107   162     4    59     1    60 0.95 -
143819:146-751       -            202 4263at4891           -            571   2.8e-15   51.8   2.5   2   3   2.1e-10   8.7e-09   30.3   0.7    97   150    36    89    35    94 0.95 -
143819:146-751       -            202 4263at4891           -            571   2.8e-15   51.8   2.5   3   3      0.17       6.8    1.0   0.1   103   145   141   185   136   193 0.74 -
143663:94-729        -            212 4263at4891           -            571   7.5e-14   47.0   0.6   1   2   1.8e-05   0.00075   14.0   0.1   122   150     9    37     5    49 0.90 -
143663:94-729        -            212 4263at4891           -            571   7.5e-14   47.0   0.6   2   2   1.2e-10   5.1e-09   31.1   0.1    84   164    77   154    59   181 0.85 -
143313:118-603       -            162 4263at4891           -            571   8.1e-12   40.3   2.9   1   3      0.55        23   -0.7   0.0   109   143    14    49     9    58 0.66 -
143313:118-603       -            162 4263at4891           -            571   8.1e-12   40.3   2.9   2   3   1.2e-07   5.1e-06   21.2   0.3   106   158    59   111    41   114 0.89 -
143313:118-603       -            162 4263at4891           -            571   8.1e-12   40.3   2.9   3   3   6.9e-09   2.8e-07   25.3   0.5   106   158   101   152    99   158 0.89 -
144489:26-847        -            274 4263at4891           -            571   2.6e-11   38.7   1.8   1   2   9.3e-09   3.8e-07   24.9   0.6    85   144    10    71     5    80 0.84 -
144489:26-847        -            274 4263at4891           -            571   2.6e-11   38.7   1.8   2   2   3.8e-05    0.0016   13.0   0.0    93   145   125   179   116   190 0.83 -
140077:5-511         -            169 4263at4891           -            571   2.8e-11   38.6   0.2   1   2     0.011      0.45    4.9   0.0   525   551    12    38     1    41 0.85 -
140077:5-511         -            169 4263at4891           -            571   2.8e-11   38.6   0.2   2   2   2.3e-10   9.5e-09   30.2   0.2   106   180    42   119    37   129 0.88 -
144137:68-793        -            242 4263at4891           -            571   3.6e-10   34.9   8.4   1   2   0.00085     0.035    8.5   0.3    92   141    99   148    91   156 0.90 -
144137:68-793        -            242 4263at4891           -            571   3.6e-10   34.9   8.4   2   2     2e-11     8e-10   33.7   4.4    93   182   142   235   136   242 0.87 -
144541:1-852         -            284 4263at4891           -            571     5e-10   34.4  14.0   1   3   3.5e-09   1.4e-07   26.3   3.8    85   179    44   153    19   154 0.78 -
144541:1-852         -            284 4263at4891           -            571     5e-10   34.4  14.0   2   3   1.8e-07   7.4e-06   20.7   3.6   105   179   117   199   112   202 0.86 -
144541:1-852         -            284 4263at4891           -            571     5e-10   34.4  14.0   3   3       1.8        76   -2.5   0.1   183   202   229   248   225   254 0.85 -
136257:22-312        -             97 4263at4891           -            571   1.9e-06   22.6   0.0   1   2    0.0095      0.39    5.1   0.0   482   500     1    19     1    28 0.84 -
136257:22-312        -             97 4263at4891           -            571   1.9e-06   22.6   0.0   2   2   4.9e-06    0.0002   15.9   0.0    85   141    40    97    33    97 0.89 -
142803:50-655        -            202 4263at4891           -            571   2.8e-06   22.1   2.1   1   3   1.2e-06     5e-05   17.9   0.2    93   150     6    64     1    72 0.88 -
142803:50-655        -            202 4263at4891           -            571   2.8e-06   22.1   2.1   2   3     0.028       1.2    3.5   0.0   116   148    80   112    70   117 0.86 -
142803:50-655        -            202 4263at4891           -            571   2.8e-06   22.1   2.1   3   3      0.85        35   -1.4   0.0   114   167   130   187   106   201 0.59 -
145907:182-1561      -            460 4263at4891           -            571   5.1e-06   21.2   0.2   1   4       1.1        46   -1.8   0.0   506   520    30    44    14    50 0.53 -
145907:182-1561      -            460 4263at4891           -            571   5.1e-06   21.2   0.2   2   4    0.0014      0.06    7.8   0.0   104   144    62   102    54   114 0.87 -
145907:182-1561      -            460 4263at4891           -            571   5.1e-06   21.2   0.2   3   4   0.00098      0.04    8.3   0.1   115   175   147   211   142   216 0.65 -
145907:182-1561      -            460 4263at4891           -            571   5.1e-06   21.2   0.2   4   4     0.054       2.2    2.6   0.0   111   142   185   216   180   227 0.87 -
145363:1-1098        -            366 4263at4891           -            571   7.5e-05   17.3   0.0   1   1   2.7e-06   0.00011   16.8   0.0    93   149    97   153    87   156 0.91 -
144047:63-782        -            240 4263at4891           -            571   0.00013   16.6   0.4   1   2   4.5e-06   0.00019   16.0   0.1    65   141     8    86     3    95 0.86 -
144047:63-782        -            240 4263at4891           -            571   0.00013   16.6   0.4   2   2       5.6   2.3e+02   -4.1   0.0   188   202   162   176   156   181 0.68 -
143253:125-688       -            188 4263at4891           -            571   0.00022   15.8   0.0   1   2     0.056       2.3    2.5   0.0   110   151    21    62     8    85 0.78 -
143253:125-688       -            188 4263at4891           -            571   0.00022   15.8   0.0   2   2    0.0001    0.0043   11.5   0.0    98   145    95   142    77   147 0.86 -
144947:219-944       -            242 4263at4891           -            571   0.00041   14.9   5.2   1   3       1.6        65   -2.3   0.1   174   196    17    38     6    46 0.65 -
144947:219-944       -            242 4263at4891           -            571   0.00041   14.9   5.2   2   3    0.0024       0.1    7.0   1.0    95   181    65   158    57   171 0.81 -
144947:219-944       -            242 4263at4891           -            571   0.00041   14.9   5.2   3   3    0.0011     0.044    8.2   0.0    68   130   176   239   164   241 0.83 -
144833:0-911         -            304 4263at4891           -            571    0.0044   11.5   0.1   1   1   0.00016    0.0064   11.0   0.1   102   147   250   296   245   301 0.84 -
#
# Program:         hmmsearch
# Version:         3.1b2 (February 2015)
# Pipeline mode:   SEARCH
# Query file:      /home/jj/Desktop/Bioinformatics/3rd_year/1term/Computational_genomics/Seminars/exercise_04/busco_downloads/lineages/saccharomycetes_odb10/hmms/4263at4891.hmm
# Target file:     /home/jj/Desktop/Bioinformatics/3rd_year/1term/Computational_genomics/Seminars/exercise_04/./busco/SRR7548448/SRR7548448_k63_contigs/run_saccharomycetes_odb10/metaeuk_output/initial_results/SRR7548448_k63_graph.contig.fa.modified.fas
# Option settings: hmmsearch --domtblout /home/jj/Desktop/Bioinformatics/3rd_year/1term/Computational_genomics/Seminars/exercise_04/./busco/SRR7548448/SRR7548448_k63_contigs/run_saccharomycetes_odb10/hmmer_output/initial_run_results/4263at4891.out --cpu 1 /home/jj/Desktop/Bioinformatics/3rd_year/1term/Computational_genomics/Seminars/exercise_04/busco_downloads/lineages/saccharomycetes_odb10/hmms/4263at4891.hmm /home/jj/Desktop/Bioinformatics/3rd_year/1term/Computational_genomics/Seminars/exercise_04/./busco/SRR7548448/SRR7548448_k63_contigs/run_saccharomycetes_odb10/metaeuk_output/initial_results/SRR7548448_k63_graph.contig.fa.modified.fas 
# Current dir:     /home/jj/Desktop/Bioinformatics/3rd_year/1term/Computational_genomics/Seminars/exercise_04
# Date:            Tue Nov  5 18:48:12 2024
# [ok]
