#                                                                            --- full sequence --- -------------- this domain -------------   hmm coord   ali coord   env coord
# target name        accession   tlen query name           accession   qlen   E-value  score  bias   #  of  c-Evalue  i-Evalue  score  bias  from    to  from    to  from    to  acc description of target
#------------------- ---------- ----- -------------------- ---------- ----- --------- ------ ----- --- --- --------- --------- ------ ----- ----- ----- ----- ----- ----- ----- ---- ---------------------
145301:241-942       -            234 4490at4891           -            530   7.1e-17   56.7   0.2   1   3   1.2e-09   7.1e-08   27.0   0.1   421   478     5    76     2    76 0.81 -
145301:241-942       -            234 4490at4891           -            530   7.1e-17   56.7   0.2   2   3   1.3e-05   0.00074   13.7   0.0   261   334    87   161    83   165 0.84 -
145301:241-942       -            234 4490at4891           -            530   7.1e-17   56.7   0.2   3   3    0.0061      0.35    4.9   0.0   426   455   179   208   165   214 0.60 -
145821:44-862        -            273 4490at4891           -            530     8e-12   40.0   4.3   1   5   4.4e-05    0.0025   12.0   0.0   115   150    20    58    11    63 0.82 -
145821:44-862        -            273 4490at4891           -            530     8e-12   40.0   4.3   2   5   0.00048     0.028    8.5   0.0   116   148    61    96    53   101 0.79 -
145821:44-862        -            273 4490at4891           -            530     8e-12   40.0   4.3   3   5   3.5e-06    0.0002   15.6   0.0   178   210   102   134    99   152 0.78 -
145821:44-862        -            273 4490at4891           -            530     8e-12   40.0   4.3   4   5      0.28        16   -0.6   0.0   131   153   209   231   205   237 0.68 -
145821:44-862        -            273 4490at4891           -            530     8e-12   40.0   4.3   5   5     0.044       2.6    2.1   0.1   126   147   244   265   212   271 0.63 -
143663:94-729        -            212 4490at4891           -            530   1.7e-11   39.0   0.3   1   3   6.4e-05    0.0037   11.4   0.0   121   152     2    36     1    60 0.74 -
143663:94-729        -            212 4490at4891           -            530   1.7e-11   39.0   0.3   2   3   0.00062     0.036    8.2   0.0   124   151    72    99    37   102 0.84 -
143663:94-729        -            212 4490at4891           -            530   1.7e-11   39.0   0.3   3   3   9.1e-07   5.2e-05   17.5   0.0   115   148   100   136    96   161 0.86 -
143313:118-603       -            162 4490at4891           -            530   5.8e-11   37.2   3.1   1   3   0.00016    0.0091   10.1   0.0   116   148    13    51     2    59 0.63 -
143313:118-603       -            162 4490at4891           -            530   5.8e-11   37.2   3.1   2   3   1.1e-07   6.4e-06   20.5   0.7   259   334    60   136    52   142 0.88 -
143313:118-603       -            162 4490at4891           -            530   5.8e-11   37.2   3.1   3   3    0.0056      0.32    5.0   0.0   175   191   143   159   137   162 0.80 -
145543:202-1035      -            278 4490at4891           -            530   4.8e-10   34.2   0.6   1   3      0.34        19   -0.8   0.0   131   146    13    28    10    38 0.86 -
145543:202-1035      -            278 4490at4891           -            530   4.8e-10   34.2   0.6   2   3   2.5e-06   0.00014   16.1   0.0   419   452    56    89    49    96 0.88 -
145543:202-1035      -            278 4490at4891           -            530   4.8e-10   34.2   0.6   3   3    0.0044      0.25    5.4   0.0   422   454   159   191   146   203 0.74 -
144541:1-852         -            284 4490at4891           -            530     1e-09   33.1  12.6   1   4    0.0043      0.25    5.4   0.1   263   295    28    60    22    67 0.64 -
144541:1-852         -            284 4490at4891           -            530     1e-09   33.1  12.6   2   4   4.3e-06   0.00025   15.3   0.1   171   212    69   110    59   121 0.83 -
144541:1-852         -            284 4490at4891           -            530     1e-09   33.1  12.6   3   4   9.3e-05    0.0054   10.9   0.8   177   221   121   165   114   167 0.85 -
144541:1-852         -            284 4490at4891           -            530     1e-09   33.1  12.6   4   4   0.00034     0.019    9.1   0.1   115   155   163   210   160   247 0.65 -
145769:0-1415        -            472 4490at4891           -            530   1.3e-09   32.7   5.9   1   5     0.065       3.7    1.5   0.0   409   452    82   124    48   130 0.80 -
145769:0-1415        -            472 4490at4891           -            530   1.3e-09   32.7   5.9   2   5   2.7e-05    0.0015   12.7   0.2   261   294   142   175   136   183 0.88 -
145769:0-1415        -            472 4490at4891           -            530   1.3e-09   32.7   5.9   3   5    0.0083      0.48    4.5   0.0   179   210   189   220   178   223 0.73 -
145769:0-1415        -            472 4490at4891           -            530   1.3e-09   32.7   5.9   4   5    0.0094      0.54    4.3   0.0   179   215   343   379   330   385 0.83 -
145769:0-1415        -            472 4490at4891           -            530   1.3e-09   32.7   5.9   5   5   0.00065     0.037    8.1   0.0   262   300   384   422   375   428 0.87 -
142977:2-622         -            207 4490at4891           -            530   3.6e-07   24.6   0.1   1   4    0.0018       0.1    6.7   0.0   180   211    10    41     3    48 0.78 -
142977:2-622         -            207 4490at4891           -            530   3.6e-07   24.6   0.1   2   4    0.0012     0.067    7.3   0.0   116   147    49    86    44    99 0.82 -
142977:2-622         -            207 4490at4891           -            530   3.6e-07   24.6   0.1   3   4     0.028       1.6    2.7   0.0   464   484   113   133   107   153 0.66 -
142977:2-622         -            207 4490at4891           -            530   3.6e-07   24.6   0.1   4   4     0.028       1.6    2.7   0.0   467   495   158   187   154   203 0.72 -
144149:4-795         -            264 4490at4891           -            530   3.9e-07   24.6   1.0   1   4   2.7e-06   0.00016   15.9   0.0   255   301   103   151    85   179 0.85 -
144149:4-795         -            264 4490at4891           -            530   3.9e-07   24.6   1.0   2   4     0.066       3.8    1.5   0.0   179   214   155   190   150   197 0.81 -
144149:4-795         -            264 4490at4891           -            530   3.9e-07   24.6   1.0   3   4    0.0051      0.29    5.2   0.2   252   283   186   217   172   247 0.73 -
144149:4-795         -            264 4490at4891           -            530   3.9e-07   24.6   1.0   4   4      0.63        36   -1.7   0.0   418   435   238   255   231   263 0.76 -
143819:146-751       -            202 4490at4891           -            530     9e-07   23.3   0.0   1   3   1.6e-07     9e-06   20.1   0.0   416   480     3    81     1    92 0.80 -
143819:146-751       -            202 4490at4891           -            530     9e-07   23.3   0.0   2   3      0.28        16   -0.6   0.0   421   441    91   111    82   115 0.81 -
143819:146-751       -            202 4490at4891           -            530     9e-07   23.3   0.0   3   3       0.3        17   -0.7   0.0   268   287   156   175   143   189 0.74 -
145907:182-1561      -            460 4490at4891           -            530   1.3e-06   22.9   0.1   1   4    0.0047      0.27    5.3   0.0   420   457    68   105    65   107 0.90 -
145907:182-1561      -            460 4490at4891           -            530   1.3e-06   22.9   0.1   2   4     0.019       1.1    3.3   0.0   264   293   144   173   134   178 0.88 -
145907:182-1561      -            460 4490at4891           -            530   1.3e-06   22.9   0.1   3   4     0.039       2.3    2.2   0.0   180   208   186   214   177   216 0.67 -
145907:182-1561      -            460 4490at4891           -            530   1.3e-06   22.9   0.1   4   4    0.0096      0.55    4.2   0.0   265   287   373   395   364   410 0.83 -
144137:68-793        -            242 4490at4891           -            530   7.6e-06   20.3   8.5   1   3   2.4e-05    0.0014   12.9   0.8   163   212   102   151    87   155 0.88 -
144137:68-793        -            242 4490at4891           -            530   7.6e-06   20.3   8.5   2   3   0.00016    0.0094   10.1   3.0   421   479   118   190   113   193 0.79 -
144137:68-793        -            242 4490at4891           -            530   7.6e-06   20.3   8.5   3   3   0.00016    0.0091   10.1   1.6   422   480   161   233   152   242 0.72 -
140077:5-511         -            169 4490at4891           -            530   0.00017   15.8   0.1   1   2   0.00039     0.022    8.8   0.2   422   451    48    77     9    83 0.65 -
140077:5-511         -            169 4490at4891           -            530   0.00017   15.8   0.1   2   2    0.0056      0.32    5.0   0.0   417   451    84   118    77   128 0.83 -
144489:26-847        -            274 4490at4891           -            530   0.00021   15.5   1.4   1   3     0.033       1.9    2.5   0.4   189   217     3    32     1    40 0.75 -
144489:26-847        -            274 4490at4891           -            530   0.00021   15.5   1.4   2   3      0.12       7.1    0.6   0.0   418   461    34    79    27    84 0.56 -
144489:26-847        -            274 4490at4891           -            530   0.00021   15.5   1.4   3   3   0.00017    0.0099   10.0   0.0   178   213   143   179   124   198 0.85 -
143253:125-688       -            188 4490at4891           -            530   0.00034   14.8   0.1   1   2    0.0015     0.086    6.9   0.0   267   296    26    55    20    64 0.88 -
143253:125-688       -            188 4490at4891           -            530   0.00034   14.8   0.1   2   2    0.0036      0.21    5.6   0.0   262   293   107   138    84   147 0.55 -
#
# Program:         hmmsearch
# Version:         3.1b2 (February 2015)
# Pipeline mode:   SEARCH
# Query file:      /home/jj/Desktop/Bioinformatics/3rd_year/1term/Computational_genomics/Seminars/exercise_04/busco_downloads/lineages/saccharomycetes_odb10/hmms/4490at4891.hmm
# Target file:     /home/jj/Desktop/Bioinformatics/3rd_year/1term/Computational_genomics/Seminars/exercise_04/./busco/SRR7548448/SRR7548448_k63_contigs/run_saccharomycetes_odb10/metaeuk_output/initial_results/SRR7548448_k63_graph.contig.fa.modified.fas
# Option settings: hmmsearch --domtblout /home/jj/Desktop/Bioinformatics/3rd_year/1term/Computational_genomics/Seminars/exercise_04/./busco/SRR7548448/SRR7548448_k63_contigs/run_saccharomycetes_odb10/hmmer_output/initial_run_results/4490at4891.out --cpu 1 /home/jj/Desktop/Bioinformatics/3rd_year/1term/Computational_genomics/Seminars/exercise_04/busco_downloads/lineages/saccharomycetes_odb10/hmms/4490at4891.hmm /home/jj/Desktop/Bioinformatics/3rd_year/1term/Computational_genomics/Seminars/exercise_04/./busco/SRR7548448/SRR7548448_k63_contigs/run_saccharomycetes_odb10/metaeuk_output/initial_results/SRR7548448_k63_graph.contig.fa.modified.fas 
# Current dir:     /home/jj/Desktop/Bioinformatics/3rd_year/1term/Computational_genomics/Seminars/exercise_04
# Date:            Tue Nov  5 18:48:13 2024
# [ok]
