#                                                                            --- full sequence --- -------------- this domain -------------   hmm coord   ali coord   env coord
# target name        accession   tlen query name           accession   qlen   E-value  score  bias   #  of  c-Evalue  i-Evalue  score  bias  from    to  from    to  from    to  acc description of target
#------------------- ---------- ----- -------------------- ---------- ----- --------- ------ ----- --- --- --------- --------- ------ ----- ----- ----- ----- ----- ----- ----- ---- ---------------------
145363:1-1098        -            366 5370at4891           -            409  2.1e-151  500.0   3.7   1   2  5.4e-141  2.9e-139  460.0   0.1   106   377     1   311     1   325 0.91 -
145363:1-1098        -            366 5370at4891           -            409  2.1e-151  500.0   3.7   2   2   6.7e-13   3.6e-11   38.1   1.1   362   401   327   366   310   366 0.89 -
145301:241-942       -            234 5370at4891           -            409   3.6e-19   64.5   0.1   1   3   2.4e-09   1.3e-07   26.4   0.0   177   246     8    77     2    84 0.92 -
145301:241-942       -            234 5370at4891           -            409   3.6e-19   64.5   0.1   2   3   1.6e-07   8.6e-06   20.4   0.0   182   248    97   163    87   172 0.89 -
145301:241-942       -            234 5370at4891           -            409   3.6e-19   64.5   0.1   3   3   2.3e-05    0.0012   13.3   0.0   218   253   176   211   165   223 0.85 -
140077:5-511         -            169 5370at4891           -            409   1.3e-12   42.9   0.1   1   3    0.0042      0.23    5.8   0.0   214   255     2    42     1    45 0.86 -
140077:5-511         -            169 5370at4891           -            409   1.3e-12   42.9   0.1   2   3   4.5e-10   2.4e-08   28.8   0.0   192   249    23    80    16    87 0.89 -
140077:5-511         -            169 5370at4891           -            409   1.3e-12   42.9   0.1   3   3   0.00016    0.0087   10.5   0.0   216   286    88   160    80   167 0.79 -
145543:202-1035      -            278 5370at4891           -            409   1.3e-10   36.2   0.1   1   4    0.0055       0.3    5.5   0.0   223   248     3    28     1    37 0.88 -
145543:202-1035      -            278 5370at4891           -            409   1.3e-10   36.2   0.1   2   4    0.0001    0.0056   11.1   0.0   207   253    49    95    44   102 0.90 -
145543:202-1035      -            278 5370at4891           -            409   1.3e-10   36.2   0.1   3   4   5.2e-06   0.00028   15.4   0.0   199   255   141   197   113   203 0.88 -
145543:202-1035      -            278 5370at4891           -            409   1.3e-10   36.2   0.1   4   4       1.7        93   -2.7   0.0   203   232   221   249   220   255 0.72 -
145769:0-1415        -            472 5370at4891           -            409   9.7e-10   33.4   0.0   1   4     0.025       1.4    3.3   0.0   222   287    69   139    53   149 0.67 -
145769:0-1415        -            472 5370at4891           -            409   9.7e-10   33.4   0.0   2   4     0.024       1.3    3.4   0.0   219   249   147   177   131   188 0.78 -
145769:0-1415        -            472 5370at4891           -            409   9.7e-10   33.4   0.0   3   4   3.5e-06   0.00019   16.0   0.0   141   248   267   375   258   381 0.90 -
145769:0-1415        -            472 5370at4891           -            409   9.7e-10   33.4   0.0   4   4   7.1e-05    0.0039   11.7   0.0   188   248   357   417   348   427 0.84 -
143663:94-729        -            212 5370at4891           -            409   4.9e-09   31.1   0.1   1   2   0.00052     0.028    8.9   0.0   228   268    10    51     2    68 0.76 -
143663:94-729        -            212 5370at4891           -            409   4.9e-09   31.1   0.1   2   2   1.6e-07   8.5e-06   20.4   0.0   185   255    73   141    52   162 0.86 -
144541:1-852         -            284 5370at4891           -            409   3.5e-07   25.0   0.1   1   2   3.2e-08   1.7e-06   22.7   0.1   158   249    13   110     8   158 0.81 -
144541:1-852         -            284 5370at4891           -            409   3.5e-07   25.0   0.1   2   2      0.36        19   -0.5   0.0   221   275   128   153   111   181 0.69 -
144149:4-795         -            264 5370at4891           -            409   3.8e-07   24.9   0.1   1   2    0.0014     0.075    7.4   0.0   214   267   111   165    39   173 0.82 -
144149:4-795         -            264 5370at4891           -            409   3.8e-07   24.9   0.1   2   2   6.1e-06   0.00033   15.2   0.1   197   253   178   234   169   247 0.85 -
143313:118-603       -            162 5370at4891           -            409   4.3e-07   24.7   0.8   1   2   0.00012    0.0066   10.9   0.0   216   249    64    97    53   102 0.84 -
143313:118-603       -            162 5370at4891           -            409   4.3e-07   24.7   0.8   2   2   3.9e-05    0.0021   12.6   0.2   212   250   102   140    96   151 0.86 -
144137:68-793        -            242 5370at4891           -            409   8.2e-07   23.8   0.3   1   2   6.2e-08   3.4e-06   21.8   0.2   152   253    96   197    75   226 0.76 -
144137:68-793        -            242 5370at4891           -            409   8.2e-07   23.8   0.3   2   2      0.19        10    0.4   0.0   232   250   218   236   198   241 0.77 -
136257:22-312        -             97 5370at4891           -            409   3.4e-06   21.7   0.0   1   1   9.2e-08     5e-06   21.2   0.0   148   246     1    97     1    97 0.85 -
145821:44-862        -            273 5370at4891           -            409   7.6e-06   20.6   1.6   1   4      0.16       8.6    0.7   0.0   199   246     7    52     1    60 0.67 -
145821:44-862        -            273 5370at4891           -            409   7.6e-06   20.6   1.6   2   4   3.7e-05     0.002   12.6   0.2   162   252    52   139    38   150 0.81 -
145821:44-862        -            273 5370at4891           -            409   7.6e-06   20.6   1.6   3   4     0.035       1.9    2.8   0.0   233   251   209   227   197   245 0.73 -
145821:44-862        -            273 5370at4891           -            409   7.6e-06   20.6   1.6   4   4      0.19        10    0.4   0.0   233   249   249   265   229   271 0.74 -
143819:146-751       -            202 5370at4891           -            409     9e-06   20.4   0.0   1   2   5.9e-07   3.2e-05   18.5   0.0   183   251    17    85     3   104 0.84 -
143819:146-751       -            202 5370at4891           -            409     9e-06   20.4   0.0   2   2      0.57        31   -1.2   0.0   209   249   142   184   135   197 0.63 -
142977:2-622         -            207 5370at4891           -            409   0.00014   16.4   0.1   1   4     0.012      0.65    4.4   0.0   211   249     4    42     1    65 0.82 -
142977:2-622         -            207 5370at4891           -            409   0.00014   16.4   0.1   2   4     0.039       2.1    2.7   0.0   192   250    27    87    15   107 0.67 -
142977:2-622         -            207 5370at4891           -            409   0.00014   16.4   0.1   3   4   0.00039     0.021    9.3   0.0   195   251    74   133    57   150 0.69 -
142977:2-622         -            207 5370at4891           -            409   0.00014   16.4   0.1   4   4    0.0011      0.06    7.8   0.1   232   251   114   133    99   184 0.78 -
144603:3-800         -            266 5370at4891           -            409    0.0022   12.5   0.0   1   1   7.1e-05    0.0038   11.7   0.0   189   251    27    92    15   112 0.84 -
143253:125-688       -            188 5370at4891           -            409    0.0067   10.9   0.0   1   1   0.00082     0.044    8.2   0.0   147   253    38   145    28   152 0.85 -
#
# Program:         hmmsearch
# Version:         3.1b2 (February 2015)
# Pipeline mode:   SEARCH
# Query file:      /home/jj/Desktop/Bioinformatics/3rd_year/1term/Computational_genomics/Seminars/exercise_04/busco_downloads/lineages/saccharomycetes_odb10/hmms/5370at4891.hmm
# Target file:     /home/jj/Desktop/Bioinformatics/3rd_year/1term/Computational_genomics/Seminars/exercise_04/./busco/SRR7548448/SRR7548448_k63_contigs/run_saccharomycetes_odb10/metaeuk_output/initial_results/SRR7548448_k63_graph.contig.fa.modified.fas
# Option settings: hmmsearch --domtblout /home/jj/Desktop/Bioinformatics/3rd_year/1term/Computational_genomics/Seminars/exercise_04/./busco/SRR7548448/SRR7548448_k63_contigs/run_saccharomycetes_odb10/hmmer_output/initial_run_results/5370at4891.out --cpu 1 /home/jj/Desktop/Bioinformatics/3rd_year/1term/Computational_genomics/Seminars/exercise_04/busco_downloads/lineages/saccharomycetes_odb10/hmms/5370at4891.hmm /home/jj/Desktop/Bioinformatics/3rd_year/1term/Computational_genomics/Seminars/exercise_04/./busco/SRR7548448/SRR7548448_k63_contigs/run_saccharomycetes_odb10/metaeuk_output/initial_results/SRR7548448_k63_graph.contig.fa.modified.fas 
# Current dir:     /home/jj/Desktop/Bioinformatics/3rd_year/1term/Computational_genomics/Seminars/exercise_04
# Date:            Tue Nov  5 18:48:15 2024
# [ok]
