#                                                                            --- full sequence --- -------------- this domain -------------   hmm coord   ali coord   env coord
# target name        accession   tlen query name           accession   qlen   E-value  score  bias   #  of  c-Evalue  i-Evalue  score  bias  from    to  from    to  from    to  acc description of target
#------------------- ---------- ----- -------------------- ---------- ----- --------- ------ ----- --- --- --------- --------- ------ ----- ----- ----- ----- ----- ----- ----- ---- ---------------------
143663:94-729        -            212 5502at4891           -            403   3.5e-20   67.9   1.3   1   3   5.5e-07   2.2e-05   19.2   0.1    73   105     5    38     1    43 0.80 -
143663:94-729        -            212 5502at4891           -            403   3.5e-20   67.9   1.3   2   3   1.2e-06   4.5e-05   18.2   0.0    52   102    46    99    38   103 0.73 -
143663:94-729        -            212 5502at4891           -            403   3.5e-20   67.9   1.3   3   3   3.8e-10   1.5e-08   29.6   0.1    63   170    99   212    97   212 0.79 -
145821:44-862        -            273 5502at4891           -            403     1e-19   66.4   7.5   1   5      0.66        26   -0.8   0.0    85    96     2    13     1    18 0.87 -
145821:44-862        -            273 5502at4891           -            403     1e-19   66.4   7.5   2   5    0.0011     0.044    8.3   0.0    63    95    19    52    17    62 0.82 -
145821:44-862        -            273 5502at4891           -            403     1e-19   66.4   7.5   3   5   9.9e-10   3.9e-08   28.3   0.6    63   140    59   141    53   149 0.83 -
145821:44-862        -            273 5502at4891           -            403     1e-19   66.4   7.5   4   5   0.00038     0.015    9.9   0.0    76   102   203   229   192   234 0.86 -
145821:44-862        -            273 5502at4891           -            403     1e-19   66.4   7.5   5   5   5.5e-07   2.2e-05   19.2   0.0    81   106   248   273   242   273 0.91 -
145301:241-942       -            234 5502at4891           -            403   2.3e-19   65.2   3.6   1   3   2.2e-11   8.5e-10   33.7   1.0    66   176     3   124     1   128 0.81 -
145301:241-942       -            234 5502at4891           -            403   2.3e-19   65.2   3.6   2   3   0.00035     0.014   10.0   0.0   141   174   131   164   124   174 0.89 -
145301:241-942       -            234 5502at4891           -            403   2.3e-19   65.2   3.6   3   3   2.9e-06   0.00012   16.8   0.0    70   102   176   211   167   218 0.76 -
142977:2-622         -            207 5502at4891           -            403   3.6e-14   48.1   0.2   1   3   0.00013    0.0053   11.4   0.0   140   174     8    42     5    46 0.88 -
142977:2-622         -            207 5502at4891           -            403   3.6e-14   48.1   0.2   2   3   0.00016    0.0062   11.1   0.0    66   115    50   103    44   108 0.81 -
142977:2-622         -            207 5502at4891           -            403   3.6e-14   48.1   0.2   3   3   6.4e-08   2.5e-06   22.3   0.1    69   161    97   204    94   205 0.77 -
144137:68-793        -            242 5502at4891           -            403   2.2e-12   42.3   1.2   1   1   7.4e-14   2.9e-12   41.8   1.2    50   173    94   234    74   241 0.82 -
140077:5-511         -            169 5502at4891           -            403     3e-12   41.8   0.2   1   2   1.5e-07   5.9e-06   21.1   0.1    63    99    42    81     1    87 0.75 -
140077:5-511         -            169 5502at4891           -            403     3e-12   41.8   0.2   2   2   5.3e-06   0.00021   16.0   0.0    68   107    88   130    82   141 0.77 -
145769:0-1415        -            472 5502at4891           -            403   1.6e-10   36.1   3.3   1   3    0.0012     0.048    8.2   0.3    68   177    53   180    27   187 0.71 -
145769:0-1415        -            472 5502at4891           -            403   1.6e-10   36.1   3.3   2   3       1.8        71   -2.2   0.0   142   172   190   220   183   224 0.66 -
145769:0-1415        -            472 5502at4891           -            403   1.6e-10   36.1   3.3   3   3   2.8e-09   1.1e-07   26.8   0.1    65   174   340   462   293   466 0.81 -
144149:4-795         -            264 5502at4891           -            403   2.2e-10   35.6   3.4   1   2     0.004      0.16    6.5   0.0   137   176    62   102    60   111 0.88 -
144149:4-795         -            264 5502at4891           -            403   2.2e-10   35.6   3.4   2   2     4e-08   1.6e-06   23.0   0.2    67   135   154   230   146   231 0.82 -
143819:146-751       -            202 5502at4891           -            403   2.7e-10   35.4   1.2   1   3     0.032       1.3    3.5   0.0   138   172     5    39     2    45 0.81 -
143819:146-751       -            202 5502at4891           -            403   2.7e-10   35.4   1.2   2   3   8.9e-09   3.5e-07   25.1   0.1   140   217    49   130    44   151 0.80 -
143819:146-751       -            202 5502at4891           -            403   2.7e-10   35.4   1.2   3   3     0.015      0.58    4.6   0.1   150   175   160   185   144   193 0.76 -
144489:26-847        -            274 5502at4891           -            403   1.2e-08   29.9   0.7   1   3   0.00024    0.0093   10.5   0.4    79   134     8    70     3    70 0.70 -
144489:26-847        -            274 5502at4891           -            403   1.2e-08   29.9   0.7   2   3    0.0019     0.075    7.6   0.0    79   103    52    76    30    86 0.74 -
144489:26-847        -            274 5502at4891           -            403   1.2e-08   29.9   0.7   3   3   4.7e-05    0.0019   12.8   0.0   124   183   123   187   111   191 0.68 -
145543:202-1035      -            278 5502at4891           -            403   2.2e-08   29.1   0.3   1   4     0.034       1.3    3.4   0.0   158   173    13    28     3    38 0.78 -
145543:202-1035      -            278 5502at4891           -            403   2.2e-08   29.1   0.3   2   4    0.0002     0.008   10.8   0.0   139   175    56    92    54    99 0.90 -
145543:202-1035      -            278 5502at4891           -            403   2.2e-08   29.1   0.3   3   4   0.00058     0.023    9.3   0.1   136   176   111   151   106   191 0.79 -
145543:202-1035      -            278 5502at4891           -            403   2.2e-08   29.1   0.3   4   4      0.13       5.1    1.5   0.0   137   175   154   192   150   210 0.83 -
144947:219-944       -            242 5502at4891           -            403   1.9e-07   26.0   0.7   1   4     0.063       2.5    2.6   0.0   205   237    14    49     3    74 0.76 -
144947:219-944       -            242 5502at4891           -            403   1.9e-07   26.0   0.7   2   4   0.00047     0.018    9.6   0.1   145   181   131   166   121   187 0.80 -
144947:219-944       -            242 5502at4891           -            403   1.9e-07   26.0   0.7   3   4    0.0044      0.17    6.4   0.0    63    98   173   211   165   219 0.71 -
144947:219-944       -            242 5502at4891           -            403   1.9e-07   26.0   0.7   4   4     0.028       1.1    3.7   0.0   138   162   217   241   213   242 0.92 -
144603:3-800         -            266 5502at4891           -            403   3.9e-07   25.0   4.1   1   4      0.37        15    0.0   0.0    78   107    25    54    23    69 0.84 -
144603:3-800         -            266 5502at4891           -            403   3.9e-07   25.0   4.1   2   4    0.0025     0.096    7.2   0.4    77   109    68   101    33   104 0.73 -
144603:3-800         -            266 5502at4891           -            403   3.9e-07   25.0   4.1   3   4   5.9e-05    0.0023   12.5   0.1    66   100   144   182   121   189 0.62 -
144603:3-800         -            266 5502at4891           -            403   3.9e-07   25.0   4.1   4   4     0.026         1    3.8   0.0   222   262   189   230   186   234 0.89 -
143313:118-603       -            162 5502at4891           -            403   7.9e-07   23.9   0.7   1   1     2e-07   7.7e-06   20.7   0.7   127   173    89   138    12   160 0.67 -
136257:22-312        -             97 5502at4891           -            403   1.5e-06   23.0   0.0   1   1   5.3e-08   2.1e-06   22.6   0.0    82   171     1    97     1    97 0.87 -
144541:1-852         -            284 5502at4891           -            403   3.6e-06   21.8   5.7   1   4    0.0033      0.13    6.8   0.0    62   104    22    66     4    75 0.63 -
144541:1-852         -            284 5502at4891           -            403   3.6e-06   21.8   5.7   2   4   0.00011    0.0044   11.6   0.6   140   213    76   153    65   156 0.72 -
144541:1-852         -            284 5502at4891           -            403   3.6e-06   21.8   5.7   3   4     0.027       1.1    3.7   0.0    66    94   165   198   160   204 0.81 -
144541:1-852         -            284 5502at4891           -            403   3.6e-06   21.8   5.7   4   4       3.7   1.5e+02   -3.3   0.0    69    94   221   248   219   249 0.70 -
143253:125-688       -            188 5502at4891           -            403   9.9e-06   20.3   0.1   1   2      0.19       7.3    1.0   0.0   144   214    25    97    20   105 0.64 -
143253:125-688       -            188 5502at4891           -            403   9.9e-06   20.3   0.1   2   2     2e-06     8e-05   17.4   0.0    65   107   105   150    99   165 0.81 -
145907:182-1561      -            460 5502at4891           -            403     6e-05   17.8   0.2   1   4     0.015      0.58    4.6   0.0   144   175    14    47     5    60 0.66 -
145907:182-1561      -            460 5502at4891           -            403     6e-05   17.8   0.2   2   4    0.0011     0.042    8.4   0.0    65    94    66    98    60   112 0.77 -
145907:182-1561      -            460 5502at4891           -            403     6e-05   17.8   0.2   3   4      0.46        18   -0.3   0.0   151   192   153   197   148   217 0.44 -
145907:182-1561      -            460 5502at4891           -            403     6e-05   17.8   0.2   4   4       1.1        44   -1.6   0.0   149   172   193   216   184   238 0.74 -
142803:50-655        -            202 5502at4891           -            403   6.9e-05   17.6   2.1   1   2   6.6e-05    0.0026   12.4   0.2    64   108    20    68     6    81 0.85 -
142803:50-655        -            202 5502at4891           -            403   6.9e-05   17.6   2.1   2   2     0.034       1.3    3.5   0.1    80    95    90   105    77   118 0.83 -
144833:0-911         -            304 5502at4891           -            403   0.00011   16.9   0.1   1   2      0.75        29   -1.0   0.0   154   173   201   220   197   226 0.79 -
144833:0-911         -            304 5502at4891           -            403   0.00011   16.9   0.1   2   2   1.1e-05   0.00043   15.0   0.1    69   106   260   301   253   303 0.77 -
144353:2-823         -            274 5502at4891           -            403    0.0025   12.4   0.1   1   3     0.032       1.3    3.5   0.0    64   106    13    58     1    84 0.69 -
144353:2-823         -            274 5502at4891           -            403    0.0025   12.4   0.1   2   3     0.021      0.82    4.1   0.0    74   101   136   163   126   172 0.76 -
144353:2-823         -            274 5502at4891           -            403    0.0025   12.4   0.1   3   3      0.16       6.5    1.2   0.0   143   173   220   249   184   266 0.68 -
145363:1-1098        -            366 5502at4891           -            403    0.0087   10.6   0.3   1   3    0.0022     0.085    7.4   0.0   141   174   115   148     3   152 0.62 -
145363:1-1098        -            366 5502at4891           -            403    0.0087   10.6   0.3   2   3    0.0018      0.07    7.7   0.0    73   105   120   155   109   174 0.69 -
145363:1-1098        -            366 5502at4891           -            403    0.0087   10.6   0.3   3   3      0.91        36   -1.3   0.1   244   281   264   301   262   318 0.84 -
#
# Program:         hmmsearch
# Version:         3.1b2 (February 2015)
# Pipeline mode:   SEARCH
# Query file:      /home/jj/Desktop/Bioinformatics/3rd_year/1term/Computational_genomics/Seminars/exercise_04/busco_downloads/lineages/saccharomycetes_odb10/hmms/5502at4891.hmm
# Target file:     /home/jj/Desktop/Bioinformatics/3rd_year/1term/Computational_genomics/Seminars/exercise_04/./busco/SRR7548448/SRR7548448_k63_contigs/run_saccharomycetes_odb10/metaeuk_output/initial_results/SRR7548448_k63_graph.contig.fa.modified.fas
# Option settings: hmmsearch --domtblout /home/jj/Desktop/Bioinformatics/3rd_year/1term/Computational_genomics/Seminars/exercise_04/./busco/SRR7548448/SRR7548448_k63_contigs/run_saccharomycetes_odb10/hmmer_output/initial_run_results/5502at4891.out --cpu 1 /home/jj/Desktop/Bioinformatics/3rd_year/1term/Computational_genomics/Seminars/exercise_04/busco_downloads/lineages/saccharomycetes_odb10/hmms/5502at4891.hmm /home/jj/Desktop/Bioinformatics/3rd_year/1term/Computational_genomics/Seminars/exercise_04/./busco/SRR7548448/SRR7548448_k63_contigs/run_saccharomycetes_odb10/metaeuk_output/initial_results/SRR7548448_k63_graph.contig.fa.modified.fas 
# Current dir:     /home/jj/Desktop/Bioinformatics/3rd_year/1term/Computational_genomics/Seminars/exercise_04
# Date:            Tue Nov  5 18:48:16 2024
# [ok]
