#                                                                            --- full sequence --- -------------- this domain -------------   hmm coord   ali coord   env coord
# target name        accession   tlen query name           accession   qlen   E-value  score  bias   #  of  c-Evalue  i-Evalue  score  bias  from    to  from    to  from    to  acc description of target
#------------------- ---------- ----- -------------------- ---------- ----- --------- ------ ----- --- --- --------- --------- ------ ----- ----- ----- ----- ----- ----- ----- ---- ---------------------
145801:1-1551        -            517 5578at4891           -            490   1.6e-45  151.2   0.2   1   3   5.8e-20     1e-17   59.5   0.0     4   160     7   169     4   186 0.88 -
145801:1-1551        -            517 5578at4891           -            490   1.6e-45  151.2   0.2   2   3   1.6e-15   2.8e-13   44.8   0.1     4    83   188   268   185   276 0.92 -
145801:1-1551        -            517 5578at4891           -            490   1.6e-45  151.2   0.2   3   3   4.8e-15   8.3e-13   43.3   0.1     5    86   292   374   288   389 0.87 -
144805:4-906         -            301 5578at4891           -            490   1.8e-18   62.0   0.0   1   2   1.3e-14   2.2e-12   41.9   0.0    79   201    46   180    11   190 0.78 -
144805:4-906         -            301 5578at4891           -            490   1.8e-18   62.0   0.0   2   2   1.2e-09   2.1e-07   25.5   0.0     5    81   155   233   153   240 0.58 -
144043:2-781         -            260 5578at4891           -            490   7.6e-15   50.0   0.0   1   2   7.8e-16   1.4e-13   45.9   0.0     3    87    28   114    24   125 0.88 -
144043:2-781         -            260 5578at4891           -            490   7.6e-15   50.0   0.0   2   2     0.017       2.9    1.9   0.0   176   201   209   234   201   258 0.80 -
145491:90-752        -            221 5578at4891           -            490   1.4e-12   42.5   0.0   1   2     9e-12   1.6e-09   32.5   0.0     7    76     2    74     1    84 0.90 -
145491:90-752        -            221 5578at4891           -            490   1.4e-12   42.5   0.0   2   2    0.0002     0.035    8.2   0.0   101   131   161   188   141   218 0.60 -
145161:165-899       -            245 5578at4891           -            490   2.1e-07   25.5   0.6   1   2    0.0009      0.16    6.1   0.1   407   430     1    24     1    50 0.81 -
145161:165-899       -            245 5578at4891           -            490   2.1e-07   25.5   0.6   2   2   5.5e-06   0.00095   13.4   0.0     3    62   159   239   156   244 0.62 -
#
# Program:         hmmsearch
# Version:         3.1b2 (February 2015)
# Pipeline mode:   SEARCH
# Query file:      /home/jj/Desktop/Bioinformatics/3rd_year/1term/Computational_genomics/Seminars/exercise_04/busco_downloads/lineages/saccharomycetes_odb10/hmms/5578at4891.hmm
# Target file:     /home/jj/Desktop/Bioinformatics/3rd_year/1term/Computational_genomics/Seminars/exercise_04/./busco/SRR7548448/SRR7548448_k63_contigs/run_saccharomycetes_odb10/metaeuk_output/initial_results/SRR7548448_k63_graph.contig.fa.modified.fas
# Option settings: hmmsearch --domtblout /home/jj/Desktop/Bioinformatics/3rd_year/1term/Computational_genomics/Seminars/exercise_04/./busco/SRR7548448/SRR7548448_k63_contigs/run_saccharomycetes_odb10/hmmer_output/initial_run_results/5578at4891.out --cpu 1 /home/jj/Desktop/Bioinformatics/3rd_year/1term/Computational_genomics/Seminars/exercise_04/busco_downloads/lineages/saccharomycetes_odb10/hmms/5578at4891.hmm /home/jj/Desktop/Bioinformatics/3rd_year/1term/Computational_genomics/Seminars/exercise_04/./busco/SRR7548448/SRR7548448_k63_contigs/run_saccharomycetes_odb10/metaeuk_output/initial_results/SRR7548448_k63_graph.contig.fa.modified.fas 
# Current dir:     /home/jj/Desktop/Bioinformatics/3rd_year/1term/Computational_genomics/Seminars/exercise_04
# Date:            Tue Nov  5 18:48:16 2024
# [ok]
