#                                                                            --- full sequence --- -------------- this domain -------------   hmm coord   ali coord   env coord
# target name        accession   tlen query name           accession   qlen   E-value  score  bias   #  of  c-Evalue  i-Evalue  score  bias  from    to  from    to  from    to  acc description of target
#------------------- ---------- ----- -------------------- ---------- ----- --------- ------ ----- --- --- --------- --------- ------ ----- ----- ----- ----- ----- ----- ----- ---- ---------------------
145301:241-942       -            234 5986at4891           -            392   2.8e-14   48.3   0.1   1   3   3.4e-08   1.8e-06   22.6   0.0    70   141     4    78     1    91 0.86 -
145301:241-942       -            234 5986at4891           -            392   2.8e-14   48.3   0.1   2   3   1.1e-05   0.00061   14.3   0.0   123   172    98   162    84   165 0.69 -
145301:241-942       -            234 5986at4891           -            392   2.8e-14   48.3   0.1   3   3    0.0016     0.087    7.2   0.0    72   104   175   207   163   213 0.79 -
143663:94-729        -            212 5986at4891           -            392   2.6e-11   38.5   0.3   1   3   0.00094     0.051    8.0   0.0   127   161    15    49     1    55 0.68 -
143663:94-729        -            212 5986at4891           -            392   2.6e-11   38.5   0.3   2   3   2.9e-09   1.6e-07   26.1   0.0   126   176    78   137    56   150 0.75 -
143663:94-729        -            212 5986at4891           -            392   2.6e-11   38.5   0.3   3   3      0.12       6.6    1.0   0.0    73   125   145   196   137   212 0.62 -
144137:68-793        -            242 5986at4891           -            392   1.7e-08   29.3   0.0   1   1   5.4e-10   2.9e-08   28.5   0.0    26   174    73   235    66   241 0.74 -
145821:44-862        -            273 5986at4891           -            392   2.9e-08   28.5   1.0   1   3      0.01      0.56    4.5   0.1   143   171    25    52     1    56 0.69 -
145821:44-862        -            273 5986at4891           -            392   2.9e-08   28.5   1.0   2   3   6.1e-05    0.0033   11.9   0.1    68   144    61   137    54   144 0.71 -
145821:44-862        -            273 5986at4891           -            392   2.9e-08   28.5   1.0   3   3   0.00085     0.046    8.1   0.0   126   173   208   264   201   267 0.74 -
145769:0-1415        -            472 5986at4891           -            392   2.7e-07   25.3   0.9   1   3      0.88        47   -1.8   0.0    72   109    10    49     6    62 0.71 -
145769:0-1415        -            472 5986at4891           -            392   2.7e-07   25.3   0.9   2   3   0.00033     0.018    9.5   0.2    32   136    56   161    46   220 0.77 -
145769:0-1415        -            472 5986at4891           -            392   2.7e-07   25.3   0.9   3   3   4.3e-05    0.0023   12.4   0.0    52   172   281   416   245   421 0.68 -
144047:63-782        -            240 5986at4891           -            392   3.1e-06   21.8   0.0   1   2   0.00031     0.017    9.5   0.2    60   146     2    93     1   107 0.75 -
144047:63-782        -            240 5986at4891           -            392   3.1e-06   21.8   0.0   2   2   0.00011    0.0058   11.1   0.0    30   101   102   177    91   183 0.79 -
142977:2-622         -            207 5986at4891           -            392   4.1e-06   21.4   0.0   1   2     0.003      0.16    6.3   0.0   142   172     9    40     2    48 0.83 -
142977:2-622         -            207 5986at4891           -            392   4.1e-06   21.4   0.0   2   2   3.7e-05     0.002   12.6   0.0    34   143    57   173    53   183 0.71 -
142803:50-655        -            202 5986at4891           -            392   1.3e-05   19.8   0.2   1   1   5.8e-07   3.1e-05   18.5   0.2   144   223    26   106     1   110 0.62 -
140077:5-511         -            169 5986at4891           -            392   1.8e-05   19.3   0.0   1   2   6.5e-06   0.00035   15.1   0.0    67   144    43   122    22   129 0.72 -
140077:5-511         -            169 5986at4891           -            392   1.8e-05   19.3   0.0   2   2      0.85        46   -1.8   0.0    78   102   138   162   132   166 0.81 -
144149:4-795         -            264 5986at4891           -            392   2.2e-05   19.0   0.0   1   2     0.027       1.5    3.2   0.0    43   143    34   146    20   153 0.68 -
144149:4-795         -            264 5986at4891           -            392   2.2e-05   19.0   0.0   2   2   1.5e-05   0.00082   13.9   0.0    75   160   159   247   153   250 0.84 -
136257:22-312        -             97 5986at4891           -            392   4.9e-05   17.9   0.0   1   1   1.1e-06   5.9e-05   17.6   0.0    48   140     3    97     2    97 0.81 -
144489:26-847        -            274 5986at4891           -            392     8e-05   17.2   0.2   1   2    0.0003     0.016    9.6   0.4   126   176    10    73     3    95 0.51 -
144489:26-847        -            274 5986at4891           -            392     8e-05   17.2   0.2   2   2    0.0075       0.4    5.0   0.0    93   143   123   178   111   186 0.77 -
143819:146-751       -            202 5986at4891           -            392   0.00015   16.3   0.0   1   2   0.00025     0.013    9.9   0.0    79   150    16    90     7   116 0.80 -
143819:146-751       -            202 5986at4891           -            392   0.00015   16.3   0.0   2   2    0.0084      0.46    4.8   0.0    77   112   157   192   122   200 0.82 -
143253:125-688       -            188 5986at4891           -            392   0.00044   14.8   0.2   1   1     2e-05    0.0011   13.5   0.2    76   180    27   147    12   173 0.71 -
141323:1-564         -            188 5986at4891           -            392    0.0027   12.2   0.1   1   1   0.00019      0.01   10.2   0.1   155   181    66    92    12   116 0.83 -
144603:3-800         -            266 5986at4891           -            392    0.0041   11.6   0.4   1   1   0.00018    0.0096   10.3   0.5    54   144    82   181    42   208 0.64 -
#
# Program:         hmmsearch
# Version:         3.1b2 (February 2015)
# Pipeline mode:   SEARCH
# Query file:      /home/jj/Desktop/Bioinformatics/3rd_year/1term/Computational_genomics/Seminars/exercise_04/busco_downloads/lineages/saccharomycetes_odb10/hmms/5986at4891.hmm
# Target file:     /home/jj/Desktop/Bioinformatics/3rd_year/1term/Computational_genomics/Seminars/exercise_04/./busco/SRR7548448/SRR7548448_k63_contigs/run_saccharomycetes_odb10/metaeuk_output/initial_results/SRR7548448_k63_graph.contig.fa.modified.fas
# Option settings: hmmsearch --domtblout /home/jj/Desktop/Bioinformatics/3rd_year/1term/Computational_genomics/Seminars/exercise_04/./busco/SRR7548448/SRR7548448_k63_contigs/run_saccharomycetes_odb10/hmmer_output/initial_run_results/5986at4891.out --cpu 1 /home/jj/Desktop/Bioinformatics/3rd_year/1term/Computational_genomics/Seminars/exercise_04/busco_downloads/lineages/saccharomycetes_odb10/hmms/5986at4891.hmm /home/jj/Desktop/Bioinformatics/3rd_year/1term/Computational_genomics/Seminars/exercise_04/./busco/SRR7548448/SRR7548448_k63_contigs/run_saccharomycetes_odb10/metaeuk_output/initial_results/SRR7548448_k63_graph.contig.fa.modified.fas 
# Current dir:     /home/jj/Desktop/Bioinformatics/3rd_year/1term/Computational_genomics/Seminars/exercise_04
# Date:            Tue Nov  5 18:48:17 2024
# [ok]
