#                                                                            --- full sequence --- -------------- this domain -------------   hmm coord   ali coord   env coord
# target name        accession   tlen query name           accession   qlen   E-value  score  bias   #  of  c-Evalue  i-Evalue  score  bias  from    to  from    to  from    to  acc description of target
#------------------- ---------- ----- -------------------- ---------- ----- --------- ------ ----- --- --- --------- --------- ------ ----- ----- ----- ----- ----- ----- ----- ---- ---------------------
142977:2-622         -            207 665at4891            -            989   2.6e-41  137.0   0.1   1   1   1.1e-42     4e-41  136.4   0.1    88   288     6   195     2   207 0.89 -
145821:44-862        -            273 665at4891            -            989   7.6e-33  109.0  16.2   1   3   2.8e-17     1e-15   52.3   1.0    69   164     2    93     1    95 0.93 -
145821:44-862        -            273 665at4891            -            989   7.6e-33  109.0  16.2   2   3   4.2e-18   1.6e-16   55.0   2.4    38   135    53   147    53   153 0.93 -
145821:44-862        -            273 665at4891            -            989   7.6e-33  109.0  16.2   3   3   5.9e-09   2.2e-07   24.7   0.3    67   126   210   267   203   273 0.71 -
145301:241-942       -            234 665at4891            -            989   1.1e-28   95.2   3.9   1   1   1.8e-29   6.6e-28   92.6   3.9    49   268     5   209     1   213 0.93 -
145769:0-1415        -            472 665at4891            -            989   1.3e-26   88.4   6.3   1   4     0.045       1.7    1.9   0.0   317   361    43    87     9   111 0.84 -
145769:0-1415        -            472 665at4891            -            989   1.3e-26   88.4   6.3   2   4   6.2e-09   2.3e-07   24.6   0.4    56   125   151   223   134   227 0.73 -
145769:0-1415        -            472 665at4891            -            989   1.3e-26   88.4   6.3   3   4   2.3e-19   8.6e-18   59.1   0.0     5   168   256   420   251   431 0.94 -
145769:0-1415        -            472 665at4891            -            989   1.3e-26   88.4   6.3   4   4      0.02      0.76    3.1   0.0    64    92   443   472   432   472 0.77 -
144137:68-793        -            242 665at4891            -            989     1e-20   68.8   2.7   1   1   3.4e-22   1.3e-20   68.5   2.7    14   163    83   232    67   237 0.93 -
144541:1-852         -            284 665at4891            -            989   2.3e-17   57.7   6.7   1   1   3.9e-18   1.5e-16   55.1   6.7    42   262    19   248     6   250 0.77 -
144149:4-795         -            264 665at4891            -            989   3.8e-17   57.0   0.1   1   1   7.1e-18   2.7e-16   54.2   0.1    68   268    42   232    25   239 0.83 -
143313:118-603       -            162 665at4891            -            989   4.3e-17   56.8   0.3   1   2    0.0005     0.019    8.4   0.0   130   174    13    58     4    76 0.68 -
143313:118-603       -            162 665at4891            -            989   4.3e-17   56.8   0.3   2   2   1.4e-15   5.4e-14   46.6   0.5     8    99    65   155    59   160 0.89 -
140077:5-511         -            169 665at4891            -            989   3.6e-14   47.2   0.1   1   2   3.6e-09   1.4e-07   25.4   0.1   206   266    21    80     4    89 0.83 -
140077:5-511         -            169 665at4891            -            989   3.6e-14   47.2   0.1   2   2   8.2e-08   3.1e-06   20.9   0.0    46    92    85   131    81   167 0.74 -
143663:94-729        -            212 665at4891            -            989     4e-11   37.1   0.2   1   2   0.00023    0.0088    9.5   0.0    65    96    14    45     1    56 0.70 -
143663:94-729        -            212 665at4891            -            989     4e-11   37.1   0.2   2   2   2.4e-09   8.9e-08   26.0   0.0    68   139    81   149    72   210 0.68 -
145543:202-1035      -            278 665at4891            -            989   9.8e-11   35.8   1.8   1   3      0.59        22   -1.8   0.0    67    82    14    29     3    38 0.72 -
145543:202-1035      -            278 665at4891            -            989   9.8e-11   35.8   1.8   2   3   6.8e-05    0.0025   11.2   0.0    48    83    57    92    48   100 0.82 -
145543:202-1035      -            278 665at4891            -            989   9.8e-11   35.8   1.8   3   3   5.4e-08     2e-06   21.5   1.1    43   134   110   201   103   204 0.92 -
143253:125-688       -            188 665at4891            -            989   2.6e-09   31.1   0.0   1   1   8.3e-11   3.1e-09   30.8   0.0    48   166    21   141     8   155 0.82 -
144489:26-847        -            274 665at4891            -            989   4.2e-09   30.4   0.2   1   1   3.9e-10   1.5e-08   28.6   0.2   106   266     9   178     4   184 0.75 -
142803:50-655        -            202 665at4891            -            989   1.5e-07   25.2   0.1   1   2   3.1e-08   1.2e-06   22.3   0.0    31   121     6   105     1   109 0.85 -
142803:50-655        -            202 665at4891            -            989   1.5e-07   25.2   0.1   2   2    0.0077      0.29    4.4   0.0    15    93    83   171    79   184 0.75 -
145907:182-1561      -            460 665at4891            -            989   3.2e-07   24.2   0.2   1   2   7.1e-05    0.0027   11.2   0.0   139   222    19   102     8   114 0.79 -
145907:182-1561      -            460 665at4891            -            989   3.2e-07   24.2   0.2   2   2     9e-05    0.0034   10.8   0.1    20   162   156   214   143   221 0.56 -
143819:146-751       -            202 665at4891            -            989   2.7e-06   21.1   0.0   1   1   7.5e-08   2.8e-06   21.0   0.0    48   127     7    86     2   191 0.74 -
136257:22-312        -             97 665at4891            -            989   0.00012   15.7   0.2   1   1   0.00011     0.004   10.6   0.0    23    78    40    96    27    97 0.88 -
145365:0-995         -            332 665at4891            -            989   0.00024   14.6   0.0   1   1   8.7e-06   0.00033   14.2   0.0    15    88   212   289   201   325 0.76 -
144947:219-944       -            242 665at4891            -            989   0.00042   13.8   0.2   1   2     0.021       0.8    3.0   0.0   251   302    57   108    45   144 0.88 -
144947:219-944       -            242 665at4891            -            989   0.00042   13.8   0.2   2   2    0.0015     0.058    6.7   0.0     8    61   179   232   172   241 0.67 -
145363:1-1098        -            366 665at4891            -            989    0.0017   11.8   0.0   1   2      0.25       9.3   -0.6   0.0    41    87    24    69    16    76 0.84 -
145363:1-1098        -            366 665at4891            -            989    0.0017   11.8   0.0   2   2   0.00017    0.0063    9.9   0.0    19    89    82   155    67   158 0.80 -
140267:2-520         -            173 665at4891            -            989    0.0033   10.9   0.0   1   1   0.00011    0.0042   10.5   0.0   238   272    89   123    82   134 0.73 -
144603:3-800         -            266 665at4891            -            989    0.0037   10.7   0.5   1   1   0.00035     0.013    8.9   0.1    27    82   127   180   104   196 0.75 -
144353:2-823         -            274 665at4891            -            989     0.013    8.9   0.0   1   1   0.00047     0.018    8.5   0.0   231   281    15    65     3    82 0.87 -
#
# Program:         hmmsearch
# Version:         3.1b2 (February 2015)
# Pipeline mode:   SEARCH
# Query file:      /home/jj/Desktop/Bioinformatics/3rd_year/1term/Computational_genomics/Seminars/exercise_04/busco_downloads/lineages/saccharomycetes_odb10/hmms/665at4891.hmm
# Target file:     /home/jj/Desktop/Bioinformatics/3rd_year/1term/Computational_genomics/Seminars/exercise_04/./busco/SRR7548448/SRR7548448_k63_contigs/run_saccharomycetes_odb10/metaeuk_output/initial_results/SRR7548448_k63_graph.contig.fa.modified.fas
# Option settings: hmmsearch --domtblout /home/jj/Desktop/Bioinformatics/3rd_year/1term/Computational_genomics/Seminars/exercise_04/./busco/SRR7548448/SRR7548448_k63_contigs/run_saccharomycetes_odb10/hmmer_output/initial_run_results/665at4891.out --cpu 1 /home/jj/Desktop/Bioinformatics/3rd_year/1term/Computational_genomics/Seminars/exercise_04/busco_downloads/lineages/saccharomycetes_odb10/hmms/665at4891.hmm /home/jj/Desktop/Bioinformatics/3rd_year/1term/Computational_genomics/Seminars/exercise_04/./busco/SRR7548448/SRR7548448_k63_contigs/run_saccharomycetes_odb10/metaeuk_output/initial_results/SRR7548448_k63_graph.contig.fa.modified.fas 
# Current dir:     /home/jj/Desktop/Bioinformatics/3rd_year/1term/Computational_genomics/Seminars/exercise_04
# Date:            Tue Nov  5 18:48:18 2024
# [ok]
