#                                                                            --- full sequence --- -------------- this domain -------------   hmm coord   ali coord   env coord
# target name        accession   tlen query name           accession   qlen   E-value  score  bias   #  of  c-Evalue  i-Evalue  score  bias  from    to  from    to  from    to  acc description of target
#------------------- ---------- ----- -------------------- ---------- ----- --------- ------ ----- --- --- --------- --------- ------ ----- ----- ----- ----- ----- ----- ----- ---- ---------------------
145301:241-942       -            234 6691at4891           -            420   2.1e-25   84.8   0.1   1   2   6.8e-15   2.9e-13   44.8   0.0   140   259     4   121     1   130 0.90 -
145301:241-942       -            234 6691at4891           -            420   2.1e-25   84.8   0.1   2   2   2.2e-12   9.4e-11   36.5   0.0   141   219   131   208   126   211 0.95 -
145769:0-1415        -            472 6691at4891           -            420   2.1e-22   74.9   1.5   1   5     0.095       4.1    1.5   0.0   139   190    51   102    40   114 0.86 -
145769:0-1415        -            472 6691at4891           -            420   2.1e-22   74.9   1.5   2   5   2.8e-09   1.2e-07   26.3   0.1   117   215   119   219   104   227 0.81 -
145769:0-1415        -            472 6691at4891           -            420   2.1e-22   74.9   1.5   3   5      0.38        17   -0.5   0.0   186   248   259   321   243   333 0.81 -
145769:0-1415        -            472 6691at4891           -            420   2.1e-22   74.9   1.5   4   5   1.2e-12   5.1e-11   37.4   0.0   138   226   340   426   333   432 0.92 -
145769:0-1415        -            472 6691at4891           -            420   2.1e-22   74.9   1.5   5   5     0.017      0.73    3.9   0.0   145   177   432   465   427   471 0.84 -
145543:202-1035      -            278 6691at4891           -            420   1.3e-19   65.7   0.5   1   3   9.3e-07     4e-05   18.0   0.0   146   176     1    31     1    40 0.87 -
145543:202-1035      -            278 6691at4891           -            420   1.3e-19   65.7   0.5   2   3   1.7e-08   7.3e-07   23.7   0.0   140   175    57    92    50   107 0.89 -
145543:202-1035      -            278 6691at4891           -            420   1.3e-19   65.7   0.5   3   3     1e-07   4.3e-06   21.2   0.1   137   214   112   187   100   201 0.81 -
144149:4-795         -            264 6691at4891           -            420   5.7e-16   53.7   0.1   1   3   3.6e-09   1.6e-07   25.9   0.0   136   272    18   158     4   160 0.84 -
144149:4-795         -            264 6691at4891           -            420   5.7e-16   53.7   0.1   2   3    0.0073      0.31    5.1   0.0   140   174   154   188   151   196 0.82 -
144149:4-795         -            264 6691at4891           -            420   5.7e-16   53.7   0.1   3   3   4.6e-08     2e-06   22.3   0.0   138   198   194   254   187   263 0.86 -
145821:44-862        -            273 6691at4891           -            420   1.3e-13   45.9   5.8   1   3   1.4e-08     6e-07   24.0   0.8   160   269     1   104     1   108 0.90 -
145821:44-862        -            273 6691at4891           -            420   1.3e-13   45.9   5.8   2   3   5.5e-10   2.4e-08   28.6   0.2   141   238    64   156    60   163 0.89 -
145821:44-862        -            273 6691at4891           -            420   1.3e-13   45.9   5.8   3   3   0.00013    0.0055   10.9   0.1   204   259   211   264   205   267 0.77 -
142977:2-622         -            207 6691at4891           -            420   1.5e-11   39.2   0.0   1   2   1.2e-07   5.4e-06   20.8   0.0   141   220     9    88     2    99 0.84 -
142977:2-622         -            207 6691at4891           -            420   1.5e-11   39.2   0.0   2   2     3e-05    0.0013   13.0   0.1   282   362   104   171    89   186 0.61 -
144541:1-852         -            284 6691at4891           -            420   1.9e-11   38.8   6.0   1   2   0.00057     0.024    8.8   0.1   327   367    24    64     2    76 0.60 -
144541:1-852         -            284 6691at4891           -            420   1.9e-11   38.8   6.0   2   2   1.2e-10   5.1e-09   30.8   3.1   141   258    77   200    72   206 0.82 -
143313:118-603       -            162 6691at4891           -            420   1.7e-10   35.7   0.2   1   1   7.4e-12   3.2e-10   34.8   0.2   107   241    33   161    12   162 0.82 -
143663:94-729        -            212 6691at4891           -            420   3.2e-08   28.2   0.7   1   2   1.2e-07   5.2e-06   20.9   0.1   150   258     7   133     1   142 0.61 -
143663:94-729        -            212 6691at4891           -            420   3.2e-08   28.2   0.7   2   2      0.13       5.6    1.0   0.1   278   305   186   212   163   212 0.71 -
144137:68-793        -            242 6691at4891           -            420     5e-08   27.5   0.4   1   2      0.43        19   -0.7   0.0   352   396    55    98    45   107 0.74 -
144137:68-793        -            242 6691at4891           -            420     5e-08   27.5   0.4   2   2   4.8e-09   2.1e-07   25.5   0.4   140   256   117   231   106   235 0.86 -
145907:182-1561      -            460 6691at4891           -            420   6.6e-08   27.1   0.0   1   3   0.00025     0.011   10.0   0.0   188   218    14    46     5    51 0.87 -
145907:182-1561      -            460 6691at4891           -            420   6.6e-08   27.1   0.0   2   3     0.005      0.22    5.7   0.0   137   174    65   102    51   113 0.87 -
145907:182-1561      -            460 6691at4891           -            420   6.6e-08   27.1   0.0   3   3    0.0013     0.057    7.6   0.0   125   173   127   175   115   222 0.72 -
143819:146-751       -            202 6691at4891           -            420   2.4e-07   25.3   0.4   1   2   2.5e-06   0.00011   16.6   0.0   187   260    10    83     1    99 0.81 -
143819:146-751       -            202 6691at4891           -            420   2.4e-07   25.3   0.4   2   2    0.0015     0.064    7.4   0.1   136   171   144   181   110   198 0.67 -
140077:5-511         -            169 6691at4891           -            420   3.7e-07   24.7   0.0   1   1   0.00054     0.023    8.9   0.0   138   206    85   152    78   166 0.85 -
143253:125-688       -            188 6691at4891           -            420   4.1e-06   21.2   0.0   1   1   1.6e-07   6.8e-06   20.5   0.0   130   258    10   139     2   146 0.85 -
144489:26-847        -            274 6691at4891           -            420   9.3e-06   20.1   0.2   1   2   5.3e-07   2.3e-05   18.8   0.0   154   226     7    79     4    86 0.89 -
144489:26-847        -            274 6691at4891           -            420   9.3e-06   20.1   0.2   2   2       1.1        47   -2.0   0.0   346   371   160   185   147   190 0.83 -
144947:219-944       -            242 6691at4891           -            420   2.4e-05   18.7   1.9   1   1     1e-06   4.5e-05   17.8   0.8   287   363   137   210    84   226 0.81 -
145365:0-995         -            332 6691at4891           -            420   2.5e-05   18.6   0.1   1   2       0.3        13   -0.2   0.0   147   171    68    94    37   113 0.70 -
145365:0-995         -            332 6691at4891           -            420   2.5e-05   18.6   0.1   2   2   3.2e-06   0.00014   16.2   0.0   139   219   200   284   192   296 0.80 -
136257:22-312        -             97 6691at4891           -            420   0.00017   15.9   0.3   1   2     0.023         1    3.5   0.0   352   370     5    22     1    35 0.56 -
136257:22-312        -             97 6691at4891           -            420   0.00017   15.9   0.3   2   2   0.00017    0.0075   10.5   0.0   141   170    67    96    56    97 0.90 -
144353:2-823         -            274 6691at4891           -            420   0.00063   14.0   0.2   1   3      0.11       4.7    1.3   0.0   345   364    31    50     4    68 0.73 -
144353:2-823         -            274 6691at4891           -            420   0.00063   14.0   0.2   2   3   0.00044     0.019    9.2   0.0   271   307   124   158   117   176 0.81 -
144353:2-823         -            274 6691at4891           -            420   0.00063   14.0   0.2   3   3       0.9        39   -1.8   0.0   176   217   209   249   179   253 0.63 -
144047:63-782        -            240 6691at4891           -            420    0.0079   10.4   0.2   1   2    0.0018     0.076    7.2   0.1   133   172    54    87    10   108 0.76 -
144047:63-782        -            240 6691at4891           -            420    0.0079   10.4   0.2   2   2     0.099       4.3    1.4   0.0   143   171   149   177   101   186 0.70 -
#
# Program:         hmmsearch
# Version:         3.1b2 (February 2015)
# Pipeline mode:   SEARCH
# Query file:      /home/jj/Desktop/Bioinformatics/3rd_year/1term/Computational_genomics/Seminars/exercise_04/busco_downloads/lineages/saccharomycetes_odb10/hmms/6691at4891.hmm
# Target file:     /home/jj/Desktop/Bioinformatics/3rd_year/1term/Computational_genomics/Seminars/exercise_04/./busco/SRR7548448/SRR7548448_k63_contigs/run_saccharomycetes_odb10/metaeuk_output/initial_results/SRR7548448_k63_graph.contig.fa.modified.fas
# Option settings: hmmsearch --domtblout /home/jj/Desktop/Bioinformatics/3rd_year/1term/Computational_genomics/Seminars/exercise_04/./busco/SRR7548448/SRR7548448_k63_contigs/run_saccharomycetes_odb10/hmmer_output/initial_run_results/6691at4891.out --cpu 1 /home/jj/Desktop/Bioinformatics/3rd_year/1term/Computational_genomics/Seminars/exercise_04/busco_downloads/lineages/saccharomycetes_odb10/hmms/6691at4891.hmm /home/jj/Desktop/Bioinformatics/3rd_year/1term/Computational_genomics/Seminars/exercise_04/./busco/SRR7548448/SRR7548448_k63_contigs/run_saccharomycetes_odb10/metaeuk_output/initial_results/SRR7548448_k63_graph.contig.fa.modified.fas 
# Current dir:     /home/jj/Desktop/Bioinformatics/3rd_year/1term/Computational_genomics/Seminars/exercise_04
# Date:            Tue Nov  5 18:48:18 2024
# [ok]
