#                                                                            --- full sequence --- -------------- this domain -------------   hmm coord   ali coord   env coord
# target name        accession   tlen query name           accession   qlen   E-value  score  bias   #  of  c-Evalue  i-Evalue  score  bias  from    to  from    to  from    to  acc description of target
#------------------- ---------- ----- -------------------- ---------- ----- --------- ------ ----- --- --- --------- --------- ------ ----- ----- ----- ----- ----- ----- ----- ---- ---------------------
145853:101-1837      -            579 6711at4891           -            323   2.2e-35  118.1   8.9   1   5   1.1e-05    0.0004   15.4   0.1     1    43     6    49     6    67 0.82 -
145853:101-1837      -            579 6711at4891           -            323   2.2e-35  118.1   8.9   2   5   2.7e-05     0.001   14.1   0.1    62    87   234   259   188   262 0.75 -
145853:101-1837      -            579 6711at4891           -            323   2.2e-35  118.1   8.9   3   5   5.4e-24     2e-22   75.6   0.3    84   161   298   382   280   407 0.85 -
145853:101-1837      -            579 6711at4891           -            323   2.2e-35  118.1   8.9   4   5         3   1.1e+02   -2.5   0.0   154   168   430   444   415   477 0.61 -
145853:101-1837      -            579 6711at4891           -            323   2.2e-35  118.1   8.9   5   5   1.4e-05   0.00051   15.1   0.0   181   211   520   552   518   564 0.84 -
145301:241-942       -            234 6711at4891           -            323   1.9e-32  108.5   0.1   1   3   5.3e-08     2e-06   23.0   0.0   125   166     3    44     1    46 0.87 -
145301:241-942       -            234 6711at4891           -            323   1.9e-32  108.5   0.1   2   3   7.5e-15   2.8e-13   45.5   0.1    87   160    47   122    43   131 0.92 -
145301:241-942       -            234 6711at4891           -            323   1.9e-32  108.5   0.1   3   3   2.8e-12     1e-10   37.1   0.0    95   162   139   209   131   213 0.84 -
145769:0-1415        -            472 6711at4891           -            323   7.2e-32  106.6   4.6   1   6     0.001     0.038    8.9   0.0    95   167    20    93    18    96 0.85 -
145769:0-1415        -            472 6711at4891           -            323   7.2e-32  106.6   4.6   2   6   9.3e-09   3.5e-07   25.5   0.0    91   160    98   177    90   182 0.79 -
145769:0-1415        -            472 6711at4891           -            323   7.2e-32  106.6   4.6   3   6   2.1e-05    0.0008   14.4   0.0   249   286   183   220   178   223 0.89 -
145769:0-1415        -            472 6711at4891           -            323   7.2e-32  106.6   4.6   4   6     0.033       1.3    3.9   0.0   241   314   242   320   236   327 0.67 -
145769:0-1415        -            472 6711at4891           -            323   7.2e-32  106.6   4.6   5   6   3.1e-13   1.2e-11   40.2   0.1    77   158   333   416   321   420 0.91 -
145769:0-1415        -            472 6711at4891           -            323   7.2e-32  106.6   4.6   6   6   0.00047     0.018   10.0   0.0   266   298   438   472   418   472 0.79 -
145821:44-862        -            273 6711at4891           -            323   2.3e-19   65.5  14.0   1   6     1e-06   3.9e-05   18.7   0.1   274   322     1    51     1    51 0.89 -
145821:44-862        -            273 6711at4891           -            323   2.3e-19   65.5  14.0   2   6   2.7e-08     1e-06   24.0   1.0   269   323    36    92    31    92 0.87 -
145821:44-862        -            273 6711at4891           -            323   2.3e-19   65.5  14.0   3   6   3.5e-09   1.3e-07   26.9   3.3   251   323    60   133    54   133 0.79 -
145821:44-862        -            273 6711at4891           -            323   2.3e-19   65.5  14.0   4   6   5.7e-09   2.1e-07   26.2   1.8   270   323    77   133    75   148 0.61 -
145821:44-862        -            273 6711at4891           -            323   2.3e-19   65.5  14.0   5   6    0.0014     0.054    8.4   0.0   142   161   207   226   203   247 0.77 -
145821:44-862        -            273 6711at4891           -            323   2.3e-19   65.5  14.0   6   6   0.00046     0.017   10.1   0.1   269   295   246   272   240   273 0.85 -
145543:202-1035      -            278 6711at4891           -            323   6.5e-18   60.7   0.1   1   3   0.00041     0.015   10.2   0.0    94   120     3    29     1    38 0.81 -
145543:202-1035      -            278 6711at4891           -            323   6.5e-18   60.7   0.1   2   3   1.7e-08   6.4e-07   24.6   0.0    85   120    56    91    48    99 0.90 -
145543:202-1035      -            278 6711at4891           -            323   6.5e-18   60.7   0.1   3   3    0.0001    0.0039   12.2   0.0   125   158   114   147   107   152 0.90 -
144541:1-852         -            284 6711at4891           -            323   1.3e-17   59.8  13.7   1   4     4e-06   0.00015   16.8   0.1   106   160     1    61     1    77 0.79 -
144541:1-852         -            284 6711at4891           -            323   1.3e-17   59.8  13.7   2   4   1.7e-13   6.4e-12   41.1   3.5    88   165    78   161    74   165 0.86 -
144541:1-852         -            284 6711at4891           -            323   1.3e-17   59.8  13.7   3   4    0.0077      0.29    6.0   0.3   309   323   185   199   160   199 0.65 -
144541:1-852         -            284 6711at4891           -            323   1.3e-17   59.8  13.7   4   4       0.3        11    0.8   0.0    86   127   219   260   215   268 0.76 -
144149:4-795         -            264 6711at4891           -            323   4.9e-16   54.6   0.0   1   3    0.0059      0.22    6.4   0.0   265   320    33    94     8    97 0.81 -
144149:4-795         -            264 6711at4891           -            323   4.9e-16   54.6   0.0   2   3   7.1e-10   2.7e-08   29.1   0.0    88   160   114   188   112   196 0.87 -
144149:4-795         -            264 6711at4891           -            323   4.9e-16   54.6   0.0   3   3   7.9e-06    0.0003   15.8   0.0    88   147   198   263   191   264 0.83 -
142977:2-622         -            207 6711at4891           -            323   2.1e-15   52.5   0.3   1   3   3.5e-09   1.3e-07   26.9   0.0    99   160    21    86     7    89 0.75 -
142977:2-622         -            207 6711at4891           -            323   2.1e-15   52.5   0.3   2   3   2.6e-05   0.00097   14.2   0.0   120   163    89   134    84   139 0.88 -
142977:2-622         -            207 6711at4891           -            323   2.1e-15   52.5   0.3   3   3   0.00098     0.037    9.0   0.1   258   288   143   173   132   183 0.70 -
144137:68-793        -            242 6711at4891           -            323   1.5e-14   49.7   5.3   1   2   3.6e-09   1.4e-07   26.8   0.2    86   158    75   149    58   155 0.84 -
144137:68-793        -            242 6711at4891           -            323   1.5e-14   49.7   5.3   2   2   5.1e-06   0.00019   16.5   0.2   126   159   159   192   150   196 0.89 -
142803:50-655        -            202 6711at4891           -            323   6.3e-13   44.4   1.0   1   3   4.4e-06   0.00016   16.7   0.1   235   295     3    65     1    75 0.68 -
142803:50-655        -            202 6711at4891           -            323   6.3e-13   44.4   1.0   2   3   0.00019    0.0073   11.3   0.0    95   118    83   106    74   126 0.84 -
142803:50-655        -            202 6711at4891           -            323   6.3e-13   44.4   1.0   3   3   3.9e-05    0.0015   13.6   0.0   270   297   142   169   138   200 0.91 -
143313:118-603       -            162 6711at4891           -            323   8.2e-13   44.0   0.9   1   2   2.9e-05    0.0011   14.0   0.0   102   160    32    97    15   100 0.84 -
143313:118-603       -            162 6711at4891           -            323   8.2e-13   44.0   0.9   2   2   1.1e-11   4.3e-10   35.0   0.3    94   162    71   141    60   152 0.88 -
140077:5-511         -            169 6711at4891           -            323   1.4e-12   43.2   0.1   1   3    0.0031      0.12    7.3   0.0   182   212     6    37     1    45 0.84 -
140077:5-511         -            169 6711at4891           -            323   1.4e-12   43.2   0.1   2   3   1.2e-10   4.4e-09   31.7   0.0    88   164    48   125    43   129 0.87 -
140077:5-511         -            169 6711at4891           -            323   1.4e-12   43.2   0.1   3   3      0.36        13    0.5   0.0    99   118   143   162   131   166 0.60 -
145907:182-1561      -            460 6711at4891           -            323   1.6e-11   39.7   0.2   1   4      0.03       1.1    4.1   0.0   124   159     8    45     3    49 0.79 -
145907:182-1561      -            460 6711at4891           -            323   1.6e-11   39.7   0.2   2   4    0.0013     0.047    8.6   0.0    88   323    70    99    59   108 0.57 -
145907:182-1561      -            460 6711at4891           -            323   1.6e-11   39.7   0.2   3   4   1.3e-07   4.8e-06   21.7   0.0    87   158   143   216   139   221 0.88 -
145907:182-1561      -            460 6711at4891           -            323   1.6e-11   39.7   0.2   4   4      0.97        36   -0.9   0.0   131   150   375   394   345   408 0.60 -
143819:146-751       -            202 6711at4891           -            323   2.9e-11   38.9   4.9   1   4    0.0019     0.072    8.0   0.0   126   157     7    38     4    45 0.91 -
143819:146-751       -            202 6711at4891           -            323   2.9e-11   38.9   4.9   2   4   5.2e-05     0.002   13.2   0.2    87   147    50   111    46   136 0.77 -
143819:146-751       -            202 6711at4891           -            323   2.9e-11   38.9   4.9   3   4     0.083       3.1    2.6   0.0    95   121    99   130    95   148 0.71 -
143819:146-751       -            202 6711at4891           -            323   2.9e-11   38.9   4.9   4   4   2.8e-06   0.00011   17.3   0.3    96   126   160   190   145   201 0.87 -
143663:94-729        -            212 6711at4891           -            323   8.3e-11   37.4   0.8   1   3    0.0043      0.16    6.9   0.0   267   299    10    42     5    56 0.80 -
143663:94-729        -            212 6711at4891           -            323   8.3e-11   37.4   0.8   2   3   5.1e-08   1.9e-06   23.0   0.0   270   323    77   132    68   132 0.82 -
143663:94-729        -            212 6711at4891           -            323   8.3e-11   37.4   0.8   3   3     0.045       1.7    3.5   0.1   237   284   165   212   153   212 0.74 -
144489:26-847        -            274 6711at4891           -            323   9.3e-08   27.4   0.2   1   2   2.9e-05    0.0011   14.0   0.2   102   157     9    68     4    76 0.51 -
144489:26-847        -            274 6711at4891           -            323   9.3e-08   27.4   0.2   2   2   0.00023    0.0086   11.0   0.0   103   162   116   180   110   185 0.76 -
145365:0-995         -            332 6711at4891           -            323   5.6e-07   24.8   0.9   1   2      0.02      0.75    4.7   0.1    94   117    69    94    55   114 0.66 -
145365:0-995         -            332 6711at4891           -            323   5.6e-07   24.8   0.9   2   2   1.4e-06   5.1e-05   18.4   0.1    92   168   209   291   193   295 0.76 -
144947:219-944       -            242 6711at4891           -            323   1.8e-06   23.1   0.1   1   3      0.22       8.1    1.3   0.0   104   159     9    71     2    79 0.68 -
144947:219-944       -            242 6711at4891           -            323   1.8e-06   23.1   0.1   2   3   0.00065     0.024    9.6   0.0    87   160    81   159    75   168 0.72 -
144947:219-944       -            242 6711at4891           -            323   1.8e-06   23.1   0.1   3   3   0.00096     0.036    9.0   0.2    86   147   177   240   161   242 0.77 -
136257:22-312        -             97 6711at4891           -            323   2.5e-06   22.7   0.0   1   2    0.0047      0.17    6.7   0.0   201   247     7    57     1    64 0.71 -
136257:22-312        -             97 6711at4891           -            323   2.5e-06   22.7   0.0   2   2   1.5e-05   0.00055   15.0   0.0    83   117    63    97    55    97 0.88 -
144047:63-782        -            240 6711at4891           -            323   7.6e-06   21.1   0.3   1   2   2.8e-05    0.0011   14.0   0.0    96   157    22    86    11    92 0.87 -
144047:63-782        -            240 6711at4891           -            323   7.6e-06   21.1   0.3   2   2     0.015      0.55    5.1   0.0    95   156   109   176   105   180 0.79 -
143253:125-688       -            188 6711at4891           -            323     6e-05   18.1   0.3   1   2   0.00085     0.032    9.2   0.1   121   166    16    57     6    94 0.62 -
143253:125-688       -            188 6711at4891           -            323     6e-05   18.1   0.3   2   2     0.004      0.15    7.0   0.0   124   159   105   140    94   148 0.85 -
144603:3-800         -            266 6711at4891           -            323     0.002   13.2   0.7   1   2      0.33        12    0.7   0.0   252   300    56   102    23   120 0.55 -
144603:3-800         -            266 6711at4891           -            323     0.002   13.2   0.7   2   2   0.00033     0.013   10.5   0.1   110   160   125   180   110   218 0.73 -
144353:2-823         -            274 6711at4891           -            323    0.0053   11.7   0.1   1   3    0.0046      0.17    6.8   0.0   268   297    30    59     8    77 0.75 -
144353:2-823         -            274 6711at4891           -            323    0.0053   11.7   0.1   2   3      0.15       5.5    1.8   0.0   267   289   139   161   128   166 0.83 -
144353:2-823         -            274 6711at4891           -            323    0.0053   11.7   0.1   3   3       1.9        70   -1.8   0.0   190   209   228   248   213   261 0.51 -
#
# Program:         hmmsearch
# Version:         3.1b2 (February 2015)
# Pipeline mode:   SEARCH
# Query file:      /home/jj/Desktop/Bioinformatics/3rd_year/1term/Computational_genomics/Seminars/exercise_04/busco_downloads/lineages/saccharomycetes_odb10/hmms/6711at4891.hmm
# Target file:     /home/jj/Desktop/Bioinformatics/3rd_year/1term/Computational_genomics/Seminars/exercise_04/./busco/SRR7548448/SRR7548448_k63_contigs/run_saccharomycetes_odb10/metaeuk_output/initial_results/SRR7548448_k63_graph.contig.fa.modified.fas
# Option settings: hmmsearch --domtblout /home/jj/Desktop/Bioinformatics/3rd_year/1term/Computational_genomics/Seminars/exercise_04/./busco/SRR7548448/SRR7548448_k63_contigs/run_saccharomycetes_odb10/hmmer_output/initial_run_results/6711at4891.out --cpu 1 /home/jj/Desktop/Bioinformatics/3rd_year/1term/Computational_genomics/Seminars/exercise_04/busco_downloads/lineages/saccharomycetes_odb10/hmms/6711at4891.hmm /home/jj/Desktop/Bioinformatics/3rd_year/1term/Computational_genomics/Seminars/exercise_04/./busco/SRR7548448/SRR7548448_k63_contigs/run_saccharomycetes_odb10/metaeuk_output/initial_results/SRR7548448_k63_graph.contig.fa.modified.fas 
# Current dir:     /home/jj/Desktop/Bioinformatics/3rd_year/1term/Computational_genomics/Seminars/exercise_04
# Date:            Tue Nov  5 18:48:18 2024
# [ok]
