#                                                                            --- full sequence --- -------------- this domain -------------   hmm coord   ali coord   env coord
# target name        accession   tlen query name           accession   qlen   E-value  score  bias   #  of  c-Evalue  i-Evalue  score  bias  from    to  from    to  from    to  acc description of target
#------------------- ---------- ----- -------------------- ---------- ----- --------- ------ ----- --- --- --------- --------- ------ ----- ----- ----- ----- ----- ----- ----- ---- ---------------------
145175:14-847        -            278 693at4891            -            845  5.3e-156  516.7   5.3   1   1  8.4e-157  2.1e-155  514.7   5.3   580   836     1   277     1   278 0.92 -
143795:67-747        -            227 693at4891            -            845  4.4e-115  381.3   2.3   1   2   1.6e-51   4.1e-50  166.4   0.1   656   736     1    81     1    88 0.97 -
143795:67-747        -            227 693at4891            -            845  4.4e-115  381.3   2.3   2   2   2.4e-66     6e-65  215.4   0.2   730   845   108   226    85   226 0.90 -
144839:7-642         -            212 693at4891            -            845   3.5e-47  156.6   0.0   1   1   1.6e-48   3.9e-47  156.5   0.0   633   842     1   205     1   208 0.91 -
145155:2-835         -            278 693at4891            -            845   3.6e-45  150.0   0.0   1   1   1.7e-46   4.4e-45  149.7   0.0   584   836    16   278    13   278 0.89 -
143027:172-651       -            160 693at4891            -            845     9e-45  148.7   0.2   1   1   4.2e-46   1.1e-44  148.4   0.2   580   727     1   152     1   157 0.93 -
143033:187-669       -            161 693at4891            -            845   5.2e-36  119.7   0.1   1   1   2.2e-37   5.7e-36  119.6   0.1   585   746     2   161     1   161 0.90 -
141797:1-591         -            197 693at4891            -            845     3e-34  113.9   0.0   1   1   1.4e-35   3.5e-34  113.6   0.0   654   836     5   197     2   197 0.85 -
144797:1-714         -            238 693at4891            -            845   1.5e-31  104.9   0.0   1   1   7.1e-33   1.8e-31  104.7   0.0   651   837     1   193     1   201 0.88 -
138573:6-455         -            150 693at4891            -            845   1.6e-27   91.6   0.0   1   1   6.9e-29   1.8e-27   91.5   0.0   684   830     2   149     1   150 0.90 -
141063:9-554         -            182 693at4891            -            845   2.2e-27   91.2   0.0   1   1   1.1e-28   2.8e-27   90.8   0.0   654   783    52   181    46   182 0.88 -
143351:5-469         -            155 693at4891            -            845   3.5e-27   90.5   0.1   1   1   1.5e-28   3.9e-27   90.3   0.1   580   726     1   154     1   155 0.88 -
138105:16-444        -            143 693at4891            -            845   1.1e-26   88.9   0.3   1   1   4.6e-28   1.2e-26   88.8   0.3   585   727     2   143     1   143 0.90 -
139915:3-470         -            156 693at4891            -            845   6.1e-26   86.4   0.0   1   1   9.9e-27   2.5e-25   84.4   0.0   658   779     2   141     1   154 0.83 -
142899:7-642         -            212 693at4891            -            845   1.3e-25   85.3   0.0   1   1   6.3e-27   1.6e-25   85.0   0.0   680   782    36   142    30   166 0.84 -
144977:40-684        -            215 693at4891            -            845   2.3e-25   84.5   0.1   1   2   5.5e-07   1.4e-05   19.0   0.1   677   713    32    68     6    72 0.72 -
144977:40-684        -            215 693at4891            -            845   2.3e-25   84.5   0.1   2   2   1.7e-20   4.3e-19   63.7   0.0   715   836    94   214    92   215 0.93 -
137919:7-429         -            141 693at4891            -            845     5e-25   83.4   0.0   1   1     2e-26   5.1e-25   83.4   0.0   695   825     1   128     1   141 0.85 -
143305:7-633         -            209 693at4891            -            845   9.3e-24   79.2   0.0   1   2   5.7e-21   1.4e-19   65.3   0.0   681   772     1   104     1   111 0.79 -
143305:7-633         -            209 693at4891            -            845   9.3e-24   79.2   0.0   2   2   7.6e-05    0.0019   12.0   0.0   804   838   164   198   150   202 0.86 -
139911:55-507        -            151 693at4891            -            845   7.9e-23   76.1   0.0   1   1   3.6e-24   9.2e-23   75.9   0.0   691   824     5   147     1   150 0.84 -
137929:9-443         -            145 693at4891            -            845     1e-22   75.7   0.0   1   1   4.2e-24   1.1e-22   75.7   0.0   684   779    20   116     4   137 0.90 -
144279:254-808       -            185 693at4891            -            845     6e-22   73.2   0.0   1   2   6.8e-23   1.7e-21   71.7   0.0   683   789     3   110     1   116 0.84 -
144279:254-808       -            185 693at4891            -            845     6e-22   73.2   0.0   2   2      0.59        15   -0.9   0.0   805   835   152   182   135   185 0.85 -
144479:2-847         -            282 693at4891            -            845   4.7e-21   70.2   0.0   1   2     0.018      0.45    4.1   0.0   699   713    37    51    33    55 0.86 -
144479:2-847         -            282 693at4891            -            845   4.7e-21   70.2   0.0   2   2   1.5e-20   3.8e-19   63.9   0.0   716   841    93   216    88   219 0.89 -
140939:17-526        -            170 693at4891            -            845   5.1e-21   70.1   0.0   1   1   7.2e-22   1.8e-20   68.3   0.0   685   824     8   169     1   170 0.80 -
138137:12-449        -            146 693at4891            -            845   9.6e-21   69.2   0.0   1   1     4e-22     1e-20   69.1   0.0   629   749    25   146     2   146 0.85 -
143975:1-396         -            132 693at4891            -            845   2.4e-20   67.9   0.2   1   1     1e-21   2.6e-20   67.8   0.2   581   710     2   132     1   132 0.90 -
136307:2-403         -            134 693at4891            -            845   2.3e-17   58.0   0.1   1   1     1e-18   2.5e-17   57.9   0.1   586   719     1   134     1   134 0.88 -
136623:8-412         -            135 693at4891            -            845     5e-17   56.9   0.0   1   1   2.2e-18   5.5e-17   56.8   0.0   707   791     1    96     1   132 0.78 -
142181:21-614        -            198 693at4891            -            845   9.3e-17   56.0   0.2   1   1   4.3e-18   1.1e-16   55.8   0.2   596   750    25   197    21   198 0.76 -
143007:66-662        -            199 693at4891            -            845   3.5e-16   54.1   0.0   1   1   2.7e-17   6.9e-16   53.1   0.0   580   768     3   197     1   199 0.81 -
144109:10-744        -            245 693at4891            -            845   2.1e-15   51.6   0.0   1   1   1.4e-16   3.5e-15   50.8   0.0   687   768    17   112     7   117 0.78 -
141463:27-569        -            181 693at4891            -            845   4.3e-15   50.5   0.0   1   1   2.2e-16   5.5e-15   50.2   0.0   681   779    42   142    39   155 0.89 -
139477:0-491         -            164 693at4891            -            845   5.6e-13   43.5   0.3   1   2   6.3e-11   1.6e-09   32.1   0.0   719   775     1    66     1   107 0.79 -
139477:0-491         -            164 693at4891            -            845   5.6e-13   43.5   0.3   2   2   0.00028    0.0071   10.1   0.0   801   837   121   157   105   161 0.87 -
144845:209-790       -            194 693at4891            -            845   2.6e-12   41.3   0.0   1   1   1.4e-13   3.5e-12   40.9   0.0   582   716    35   176    31   192 0.84 -
145735:713-1261      -            183 693at4891            -            845   3.7e-12   40.8   0.0   1   1   1.9e-13   4.9e-12   40.4   0.0   689   754    33   106    27   113 0.78 -
139745:4-501         -            166 693at4891            -            845   1.2e-10   35.7   0.0   1   2   1.1e-08   2.7e-07   24.7   0.0   688   728     1    42     1    53 0.86 -
139745:4-501         -            166 693at4891            -            845   1.2e-10   35.7   0.0   2   2   0.00045     0.011    9.4   0.0   732   769   126   164   107   166 0.81 -
#
# Program:         hmmsearch
# Version:         3.1b2 (February 2015)
# Pipeline mode:   SEARCH
# Query file:      /home/jj/Desktop/Bioinformatics/3rd_year/1term/Computational_genomics/Seminars/exercise_04/busco_downloads/lineages/saccharomycetes_odb10/hmms/693at4891.hmm
# Target file:     /home/jj/Desktop/Bioinformatics/3rd_year/1term/Computational_genomics/Seminars/exercise_04/./busco/SRR7548448/SRR7548448_k63_contigs/run_saccharomycetes_odb10/metaeuk_output/initial_results/SRR7548448_k63_graph.contig.fa.modified.fas
# Option settings: hmmsearch --domtblout /home/jj/Desktop/Bioinformatics/3rd_year/1term/Computational_genomics/Seminars/exercise_04/./busco/SRR7548448/SRR7548448_k63_contigs/run_saccharomycetes_odb10/hmmer_output/initial_run_results/693at4891.out --cpu 1 /home/jj/Desktop/Bioinformatics/3rd_year/1term/Computational_genomics/Seminars/exercise_04/busco_downloads/lineages/saccharomycetes_odb10/hmms/693at4891.hmm /home/jj/Desktop/Bioinformatics/3rd_year/1term/Computational_genomics/Seminars/exercise_04/./busco/SRR7548448/SRR7548448_k63_contigs/run_saccharomycetes_odb10/metaeuk_output/initial_results/SRR7548448_k63_graph.contig.fa.modified.fas 
# Current dir:     /home/jj/Desktop/Bioinformatics/3rd_year/1term/Computational_genomics/Seminars/exercise_04
# Date:            Tue Nov  5 18:48:19 2024
# [ok]
