#                                                                            --- full sequence --- -------------- this domain -------------   hmm coord   ali coord   env coord
# target name        accession   tlen query name           accession   qlen   E-value  score  bias   #  of  c-Evalue  i-Evalue  score  bias  from    to  from    to  from    to  acc description of target
#------------------- ---------- ----- -------------------- ---------- ----- --------- ------ ----- --- --- --------- --------- ------ ----- ----- ----- ----- ----- ----- ----- ---- ---------------------
145301:241-942       -            234 6943at4891           -            367   1.4e-25   85.5   0.1   1   4   1.3e-07   5.1e-06   21.1   0.0   282   310     9    37     6    41 0.90 -
145301:241-942       -            234 6943at4891           -            367   1.4e-25   85.5   0.1   2   4   1.7e-11   6.6e-10   33.9   0.0   232   310    40   121    35   126 0.86 -
145301:241-942       -            234 6943at4891           -            367   1.4e-25   85.5   0.1   3   4   9.5e-08   3.7e-06   21.6   0.0   234   307    84   160    82   160 0.85 -
145301:241-942       -            234 6943at4891           -            367   1.4e-25   85.5   0.1   4   4   1.8e-08     7e-07   24.0   0.0   233   310   125   206   121   214 0.82 -
145821:44-862        -            273 6943at4891           -            367   1.1e-16   56.2  12.1   1   4   4.5e-08   1.8e-06   22.7   1.7    59   129    19    99     7   100 0.70 -
145821:44-862        -            273 6943at4891           -            367   1.1e-16   56.2  12.1   2   4   4.4e-09   1.7e-07   26.0   1.1   233   312    58   137    54   152 0.83 -
145821:44-862        -            273 6943at4891           -            367   1.1e-16   56.2  12.1   3   4   0.00015    0.0061   11.0   0.1   108   128   208   228   203   234 0.85 -
145821:44-862        -            273 6943at4891           -            367   1.1e-16   56.2  12.1   4   4     2e-06   7.9e-05   17.2   0.1    65    98   234   268   228   272 0.87 -
145769:0-1415        -            472 6943at4891           -            367   9.7e-14   46.5   5.7   1   3      0.03       1.2    3.5   0.0   231   309    45   124    35   134 0.77 -
145769:0-1415        -            472 6943at4891           -            367   9.7e-14   46.5   5.7   2   3   1.6e-05   0.00062   14.3   0.2   272   320   138   186   128   195 0.85 -
145769:0-1415        -            472 6943at4891           -            367   9.7e-14   46.5   5.7   3   3   6.9e-09   2.7e-07   25.3   1.7   144   308   279   459   188   467 0.71 -
142977:2-622         -            207 6943at4891           -            367   8.3e-11   36.9   0.1   1   2   1.7e-07   6.6e-06   20.8   0.0    94   204     5   136     3   139 0.73 -
142977:2-622         -            207 6943at4891           -            367   8.3e-11   36.9   0.1   2   2   1.4e-07   5.6e-06   21.0   0.0   206   312    60   174    56   186 0.76 -
144137:68-793        -            242 6943at4891           -            367   1.2e-10   36.3   1.7   1   2   1.4e-08   5.6e-07   24.3   0.1   236   317    72   157    37   165 0.82 -
144137:68-793        -            242 6943at4891           -            367   1.2e-10   36.3   1.7   2   2   7.5e-05    0.0029   12.1   0.2   237   309   158   233   150   240 0.65 -
144541:1-852         -            284 6943at4891           -            367   3.6e-10   34.8   2.5   1   3   7.7e-05     0.003   12.0   0.0   239   311    28   110    15   115 0.83 -
144541:1-852         -            284 6943at4891           -            367   3.6e-10   34.8   2.5   2   3   1.5e-07   5.9e-06   20.9   0.4   233   312   117   203   111   212 0.77 -
144541:1-852         -            284 6943at4891           -            367   3.6e-10   34.8   2.5   3   3      0.42        16   -0.3   0.0    63    92   218   249   208   268 0.78 -
143663:94-729        -            212 6943at4891           -            367   4.4e-10   34.5   0.8   1   2    0.0062      0.24    5.7   0.0   287   309     7    29     1    37 0.80 -
143663:94-729        -            212 6943at4891           -            367   4.4e-10   34.5   0.8   2   2   3.4e-09   1.3e-07   26.3   0.2    76   178    76   198    63   211 0.76 -
144489:26-847        -            274 6943at4891           -            367   6.7e-10   33.9   0.2   1   2     2e-07   7.8e-06   20.5   0.1   148   206    19    77     2    90 0.76 -
144489:26-847        -            274 6943at4891           -            367   6.7e-10   33.9   0.2   2   2   0.00021    0.0082   10.6   0.0   150   199   128   178   118   185 0.82 -
145543:202-1035      -            278 6943at4891           -            367   7.1e-10   33.8   0.4   1   3     0.015       0.6    4.4   0.0   246   269     3    26     1    35 0.66 -
145543:202-1035      -            278 6943at4891           -            367   7.1e-10   33.8   0.4   2   3     2e-05   0.00079   13.9   0.0   282   315    62    95    55   117 0.84 -
145543:202-1035      -            278 6943at4891           -            367   7.1e-10   33.8   0.4   3   3   6.2e-05    0.0024   12.3   0.1   200   272   118   191   109   207 0.77 -
143313:118-603       -            162 6943at4891           -            367   8.4e-09   30.3   1.0   1   2      0.32        13    0.1   0.0    98   123    16    48    12    55 0.68 -
143313:118-603       -            162 6943at4891           -            367   8.4e-09   30.3   1.0   2   2   1.8e-09   6.9e-08   27.3   0.5   234   310    59   138    51   143 0.84 -
144149:4-795         -            264 6943at4891           -            367   8.6e-09   30.3   0.3   1   3   0.00019    0.0076   10.7   0.0   235   312    62   147    47   154 0.74 -
144149:4-795         -            264 6943at4891           -            367   8.6e-09   30.3   0.3   2   3   9.3e-06   0.00036   15.0   0.0   240   311   114   188   105   195 0.82 -
144149:4-795         -            264 6943at4891           -            367   8.6e-09   30.3   0.3   3   3   0.00019    0.0075   10.7   0.0    64    94   196   229   192   261 0.77 -
140077:5-511         -            169 6943at4891           -            367   7.6e-08   27.1   0.2   1   2    0.0033      0.13    6.6   0.0   177   203    15    40     5    47 0.77 -
140077:5-511         -            169 6943at4891           -            367   7.6e-08   27.1   0.2   2   2   1.3e-06   5.2e-05   17.8   0.1    65   127    47   123    42   162 0.69 -
145907:182-1561      -            460 6943at4891           -            367   8.3e-08   27.0   0.1   1   3       0.2       7.7    0.8   0.0   283   314    16    49     5    63 0.52 -
145907:182-1561      -            460 6943at4891           -            367   8.3e-08   27.0   0.1   2   3     1e-07     4e-06   21.5   0.0   161   307    65   214    57   236 0.77 -
145907:182-1561      -            460 6943at4891           -            367   8.3e-08   27.0   0.1   3   3      0.28        11    0.3   0.0   214   262   346   394   328   402 0.84 -
142803:50-655        -            202 6943at4891           -            367   4.4e-07   24.6   0.4   1   2   5.4e-08   2.1e-06   22.4   0.2   234   308    19   105     2   111 0.73 -
142803:50-655        -            202 6943at4891           -            367   4.4e-07   24.6   0.4   2   2       2.2        84   -2.6   0.0   295   311   144   160   140   163 0.84 -
144603:3-800         -            266 6943at4891           -            367   7.4e-07   23.9   1.0   1   2   0.00017    0.0066   10.9   0.2   145   211    34   102    22   114 0.83 -
144603:3-800         -            266 6943at4891           -            367   7.4e-07   23.9   1.0   2   2    0.0001    0.0041   11.6   0.0   136   201   122   182   115   197 0.77 -
144947:219-944       -            242 6943at4891           -            367   4.3e-06   21.4   1.0   1   3      0.26        10    0.4   0.1   147   197    63   112    38   118 0.76 -
144947:219-944       -            242 6943at4891           -            367   4.3e-06   21.4   1.0   2   3    0.0019     0.073    7.5   0.1   282   324   131   172   120   183 0.72 -
144947:219-944       -            242 6943at4891           -            367   4.3e-06   21.4   1.0   3   3   0.00024    0.0093   10.4   0.0    71   106   187   228   182   235 0.78 -
136257:22-312        -             97 6943at4891           -            367   1.3e-05   19.8   0.1   1   2      0.08       3.2    2.1   0.0   111   128     3    20     1    62 0.62 -
136257:22-312        -             97 6943at4891           -            367   1.3e-05   19.8   0.1   2   2   3.2e-06   0.00012   16.6   0.0   235   268    63    96    45    97 0.83 -
145365:0-995         -            332 6943at4891           -            367   4.9e-05   17.9   0.8   1   3     0.047       1.9    2.8   0.0   283   316    67   102    59   116 0.75 -
145365:0-995         -            332 6943at4891           -            367   4.9e-05   17.9   0.8   2   3   0.00016    0.0061   11.0   0.1   176   316   137   288   113   301 0.61 -
145365:0-995         -            332 6943at4891           -            367   4.9e-05   17.9   0.8   3   3    0.0055      0.22    5.9   0.1   136   164   260   291   250   328 0.64 -
143253:125-688       -            188 6943at4891           -            367   0.00017   16.2   0.1   1   1   3.7e-05    0.0014   13.1   0.1   225   269    90   138    24   143 0.61 -
143819:146-751       -            202 6943at4891           -            367   0.00095   13.7   0.6   1   2     0.049       1.9    2.8   0.0   283   314    13    44     2    50 0.82 -
143819:146-751       -            202 6943at4891           -            367   0.00095   13.7   0.6   2   2      0.16       6.3    1.1   0.0   286   305   159   178   145   191 0.81 -
144833:0-911         -            304 6943at4891           -            367    0.0015   13.0   0.0   1   1   5.4e-05    0.0021   12.5   0.0    59   100   253   298   203   303 0.77 -
145363:1-1098        -            366 6943at4891           -            367    0.0021   12.5   0.0   1   2   0.00035     0.014    9.8   0.0   145   210    95   159    81   173 0.83 -
145363:1-1098        -            366 6943at4891           -            367    0.0021   12.5   0.0   2   2      0.34        13    0.0   0.0    46    73   217   244   205   249 0.80 -
#
# Program:         hmmsearch
# Version:         3.1b2 (February 2015)
# Pipeline mode:   SEARCH
# Query file:      /home/jj/Desktop/Bioinformatics/3rd_year/1term/Computational_genomics/Seminars/exercise_04/busco_downloads/lineages/saccharomycetes_odb10/hmms/6943at4891.hmm
# Target file:     /home/jj/Desktop/Bioinformatics/3rd_year/1term/Computational_genomics/Seminars/exercise_04/./busco/SRR7548448/SRR7548448_k63_contigs/run_saccharomycetes_odb10/metaeuk_output/initial_results/SRR7548448_k63_graph.contig.fa.modified.fas
# Option settings: hmmsearch --domtblout /home/jj/Desktop/Bioinformatics/3rd_year/1term/Computational_genomics/Seminars/exercise_04/./busco/SRR7548448/SRR7548448_k63_contigs/run_saccharomycetes_odb10/hmmer_output/initial_run_results/6943at4891.out --cpu 1 /home/jj/Desktop/Bioinformatics/3rd_year/1term/Computational_genomics/Seminars/exercise_04/busco_downloads/lineages/saccharomycetes_odb10/hmms/6943at4891.hmm /home/jj/Desktop/Bioinformatics/3rd_year/1term/Computational_genomics/Seminars/exercise_04/./busco/SRR7548448/SRR7548448_k63_contigs/run_saccharomycetes_odb10/metaeuk_output/initial_results/SRR7548448_k63_graph.contig.fa.modified.fas 
# Current dir:     /home/jj/Desktop/Bioinformatics/3rd_year/1term/Computational_genomics/Seminars/exercise_04
# Date:            Tue Nov  5 18:48:19 2024
# [ok]
