#                                                                            --- full sequence --- -------------- this domain -------------   hmm coord   ali coord   env coord
# target name        accession   tlen query name           accession   qlen   E-value  score  bias   #  of  c-Evalue  i-Evalue  score  bias  from    to  from    to  from    to  acc description of target
#------------------- ---------- ----- -------------------- ---------- ----- --------- ------ ----- --- --- --------- --------- ------ ----- ----- ----- ----- ----- ----- ----- ---- ---------------------
144845:209-790       -            194 7349at4891           -            448   1.1e-68  227.8   0.6   1   1   4.9e-70   1.2e-68  227.6   0.6   162   315    20   192     2   194 0.89 -
145155:2-835         -            278 7349at4891           -            448   1.3e-29   99.0   0.3   1   2     1e-20   2.5e-19   65.0   0.1   176   316    13   163     8   176 0.79 -
145155:2-835         -            278 7349at4891           -            448   1.3e-29   99.0   0.3   2   2   6.6e-11   1.6e-09   32.7   0.0   356   446   174   270   163   272 0.75 -
137929:9-443         -            145 7349at4891           -            448     3e-27   91.1   0.2   1   2     2e-14     5e-13   44.3   0.2   250   316     2    64     1    70 0.80 -
137929:9-443         -            145 7349at4891           -            448     3e-27   91.1   0.2   2   2     1e-14   2.6e-13   45.2   0.0   358   417    73   133    68   139 0.90 -
144797:1-714         -            238 7349at4891           -            448   1.7e-25   85.3   0.0   1   2   5.4e-16   1.3e-14   49.4   0.0   236   319     2    84     1    92 0.83 -
144797:1-714         -            238 7349at4891           -            448   1.7e-25   85.3   0.0   2   2   2.1e-11   5.1e-10   34.3   0.0   360   416    93   149    87   186 0.74 -
139915:3-470         -            156 7349at4891           -            448     1e-24   82.8   0.0   1   1   6.9e-26   1.7e-24   82.1   0.0   271   405    25   146     7   154 0.81 -
138105:16-444        -            143 7349at4891           -            448   1.5e-23   79.0   0.0   1   1   6.8e-25   1.7e-23   78.8   0.0   180   315     2   143     1   143 0.84 -
145175:14-847        -            278 7349at4891           -            448     4e-23   77.6   0.0   1   1   2.6e-24   6.5e-23   76.9   0.0   180   444     6   267     1   271 0.74 -
144977:40-684        -            215 7349at4891           -            448   6.5e-23   76.9   0.1   1   2   2.7e-11   6.8e-10   33.9   0.0   235   303     6    68     2    72 0.87 -
144977:40-684        -            215 7349at4891           -            448   6.5e-23   76.9   0.1   2   2   2.1e-13   5.2e-12   40.9   0.0   354   447   111   207    97   208 0.87 -
139911:55-507        -            151 7349at4891           -            448   3.1e-22   74.6   0.1   1   1   3.1e-22   7.6e-21   70.0   0.1   278   445     2   150     1   151 0.84 -
144839:7-642         -            212 7349at4891           -            448   3.9e-22   74.3   0.3   1   2   3.5e-15   8.6e-14   46.8   0.1   220   316     2    97     1   106 0.85 -
144839:7-642         -            212 7349at4891           -            448   3.9e-22   74.3   0.3   2   2   4.6e-09   1.1e-07   26.6   0.0   358   447   104   192    96   193 0.87 -
138573:6-455         -            150 7349at4891           -            448   2.7e-21   71.5   0.1   1   2   6.8e-12   1.7e-10   35.9   0.0   274   316     2    46     1    57 0.82 -
138573:6-455         -            150 7349at4891           -            448   2.7e-21   71.5   0.1   2   2   1.4e-11   3.6e-10   34.9   0.0   358   416    56   116    47   149 0.71 -
143795:67-747        -            227 7349at4891           -            448   6.7e-21   70.2   0.0   1   1   3.1e-22   7.6e-21   70.0   0.0   269   444    24   207     2   211 0.74 -
141063:9-554         -            182 7349at4891           -            448     8e-21   70.0   0.3   1   2   7.3e-15   1.8e-13   45.7   0.0   236   317    50   127    36   135 0.84 -
141063:9-554         -            182 7349at4891           -            448     8e-21   70.0   0.3   2   2   4.7e-08   1.2e-06   23.3   0.0   355   400   131   177   126   182 0.81 -
143351:5-469         -            155 7349at4891           -            448   8.4e-21   69.9   0.1   1   1   5.1e-22   1.3e-20   69.3   0.1   175   314     1   154     1   155 0.78 -
143027:172-651       -            160 7349at4891           -            448   1.2e-19   66.0   0.1   1   1   5.8e-21   1.4e-19   65.8   0.1   178   320     4   157     1   160 0.79 -
140939:17-526        -            170 7349at4891           -            448   4.7e-19   64.1   0.1   1   1   5.6e-19   1.4e-17   59.3   0.1   274   442     7   169     2   170 0.70 -
136623:8-412         -            135 7349at4891           -            448   2.2e-17   58.7   0.0   1   1   1.7e-17   4.1e-16   54.4   0.0   345   448    30   132     2   132 0.85 -
143033:187-669       -            161 7349at4891           -            448   5.5e-16   54.0   0.1   1   1   2.6e-17   6.5e-16   53.8   0.1   180   321     2   147     1   158 0.80 -
137919:7-429         -            141 7349at4891           -            448   4.3e-14   47.8   2.8   1   2     8e-08     2e-06   22.5   0.2   285   317     1    35     1    45 0.82 -
137919:7-429         -            141 7349at4891           -            448   4.3e-14   47.8   2.8   2   2     5e-09   1.2e-07   26.5   0.5   358   413    44    99    34   131 0.83 -
142899:7-642         -            212 7349at4891           -            448   7.2e-14   47.0   0.0   1   2   1.6e-10     4e-09   31.4   0.0   267   316    33    84    11    97 0.86 -
142899:7-642         -            212 7349at4891           -            448   7.2e-14   47.0   0.0   2   2   2.7e-05   0.00067   14.2   0.0   359   409    95   147    88   166 0.79 -
139745:4-501         -            166 7349at4891           -            448   2.6e-13   45.2   0.0   1   2   1.1e-10   2.6e-09   32.0   0.0   279   336     2    62     1    90 0.75 -
139745:4-501         -            166 7349at4891           -            448   2.6e-13   45.2   0.0   2   2   0.00015    0.0038   11.7   0.0   348   390   121   164    88   166 0.73 -
144479:2-847         -            282 7349at4891           -            448   2.8e-13   45.1   0.0   1   1   2.3e-14   5.6e-13   44.1   0.0   356   444   113   201    78   205 0.89 -
141463:27-569        -            181 7349at4891           -            448   4.2e-13   44.5   0.1   1   2   7.2e-11   1.8e-09   32.6   0.0   265   315    36    89    19   107 0.82 -
141463:27-569        -            181 7349at4891           -            448   4.2e-13   44.5   0.1   2   2   0.00042      0.01   10.3   0.0   368   400   109   142   101   154 0.87 -
145735:713-1261      -            183 7349at4891           -            448   8.9e-13   43.4   0.2   1   2   7.6e-11   1.9e-09   32.5   0.0   273   321    27    77     5    88 0.75 -
145735:713-1261      -            183 7349at4891           -            448   8.9e-13   43.4   0.2   2   2   0.00071     0.017    9.5   0.1   357   401    88   144    74   155 0.72 -
141797:1-591         -            197 7349at4891           -            448   9.1e-13   43.4   0.2   1   2   8.5e-09   2.1e-07   25.7   0.0   236   316     3    84     1    91 0.75 -
141797:1-591         -            197 7349at4891           -            448   9.1e-13   43.4   0.2   2   2   5.8e-06   0.00014   16.4   0.0   356   401    90   140    86   189 0.76 -
144279:254-808       -            185 7349at4891           -            448   1.6e-12   42.6   0.2   1   2   1.6e-10     4e-09   31.4   0.2   272   315     2    47     1    58 0.90 -
144279:254-808       -            185 7349at4891           -            448   1.6e-12   42.6   0.2   2   2   0.00076     0.019    9.4   0.0   358   404    58   105    53   108 0.83 -
138137:12-449        -            146 7349at4891           -            448   7.4e-12   40.4   0.1   1   1   3.6e-13   8.9e-12   40.1   0.1   210   317    20   125     3   136 0.79 -
143975:1-396         -            132 7349at4891           -            448     6e-11   37.4   0.2   1   1   2.7e-12   6.8e-11   37.2   0.2   186   300    15   132     3   132 0.78 -
143305:7-633         -            209 7349at4891           -            448     8e-11   37.0   0.1   1   2   6.7e-10   1.6e-08   29.4   0.0   273   326     3    58     1    73 0.80 -
143305:7-633         -            209 7349at4891           -            448     8e-11   37.0   0.1   2   2     0.009      0.22    5.9   0.0   365   394    75   105    70   120 0.83 -
136307:2-403         -            134 7349at4891           -            448   2.1e-10   35.6   0.1   1   1   9.4e-12   2.3e-10   35.5   0.1   208   306    36   131     2   133 0.76 -
144109:10-744        -            245 7349at4891           -            448   4.5e-10   34.5   0.0   1   2   4.1e-11     1e-09   33.4   0.0   271   343    11    88     3    93 0.71 -
144109:10-744        -            245 7349at4891           -            448   4.5e-10   34.5   0.0   2   2      0.32       7.8    0.8   0.0   345   388    67   111    62   112 0.74 -
142181:21-614        -            198 7349at4891           -            448   5.3e-10   34.3   0.1   1   1   2.6e-11   6.5e-10   34.0   0.1   207   317    46   166    31   196 0.73 -
143007:66-662        -            199 7349at4891           -            448   1.2e-09   33.1   0.0   1   1   5.7e-11   1.4e-09   32.9   0.0   175   323     3   156     2   195 0.75 -
141491:53-568        -            172 7349at4891           -            448   0.00026   15.5   0.2   1   2       0.6        15   -0.1   0.0   299   321     1    25     1    34 0.73 -
141491:53-568        -            172 7349at4891           -            448   0.00026   15.5   0.2   2   2   5.3e-05    0.0013   13.2   0.1   356   405    35    96    21   111 0.69 -
139477:0-491         -            164 7349at4891           -            448   0.00027   15.5   0.5   1   2      0.16         4    1.7   0.1   308   324     2    18     1    29 0.73 -
139477:0-491         -            164 7349at4891           -            448   0.00027   15.5   0.5   2   2   0.00013    0.0031   12.0   0.0   365   400    34    70    28    85 0.82 -
#
# Program:         hmmsearch
# Version:         3.1b2 (February 2015)
# Pipeline mode:   SEARCH
# Query file:      /home/jj/Desktop/Bioinformatics/3rd_year/1term/Computational_genomics/Seminars/exercise_04/busco_downloads/lineages/saccharomycetes_odb10/hmms/7349at4891.hmm
# Target file:     /home/jj/Desktop/Bioinformatics/3rd_year/1term/Computational_genomics/Seminars/exercise_04/./busco/SRR7548448/SRR7548448_k63_contigs/run_saccharomycetes_odb10/metaeuk_output/initial_results/SRR7548448_k63_graph.contig.fa.modified.fas
# Option settings: hmmsearch --domtblout /home/jj/Desktop/Bioinformatics/3rd_year/1term/Computational_genomics/Seminars/exercise_04/./busco/SRR7548448/SRR7548448_k63_contigs/run_saccharomycetes_odb10/hmmer_output/initial_run_results/7349at4891.out --cpu 1 /home/jj/Desktop/Bioinformatics/3rd_year/1term/Computational_genomics/Seminars/exercise_04/busco_downloads/lineages/saccharomycetes_odb10/hmms/7349at4891.hmm /home/jj/Desktop/Bioinformatics/3rd_year/1term/Computational_genomics/Seminars/exercise_04/./busco/SRR7548448/SRR7548448_k63_contigs/run_saccharomycetes_odb10/metaeuk_output/initial_results/SRR7548448_k63_graph.contig.fa.modified.fas 
# Current dir:     /home/jj/Desktop/Bioinformatics/3rd_year/1term/Computational_genomics/Seminars/exercise_04
# Date:            Tue Nov  5 18:48:20 2024
# [ok]
