#                                                                            --- full sequence --- -------------- this domain -------------   hmm coord   ali coord   env coord
# target name        accession   tlen query name           accession   qlen   E-value  score  bias   #  of  c-Evalue  i-Evalue  score  bias  from    to  from    to  from    to  acc description of target
#------------------- ---------- ----- -------------------- ---------- ----- --------- ------ ----- --- --- --------- --------- ------ ----- ----- ----- ----- ----- ----- ----- ---- ---------------------
141063:9-554         -            182 7925at4891           -            369   7.3e-38  126.0   1.2   1   2   9.7e-31   2.5e-29   98.0   0.1    74   192     1   128     1   135 0.84 -
141063:9-554         -            182 7925at4891           -            369   7.3e-38  126.0   1.2   2   2   1.4e-09   3.6e-08   28.3   0.1   214   264   131   180   125   182 0.82 -
143975:1-396         -            132 7925at4891           -            369   2.2e-35  117.9   0.5   1   1   9.6e-37   2.4e-35  117.7   0.5    49   171     1   131     1   132 0.88 -
138137:12-449        -            146 7925at4891           -            369   1.5e-31  105.2   0.1   1   1   6.9e-33   1.8e-31  105.0   0.1    74   191     2   125     1   136 0.87 -
136307:2-403         -            134 7925at4891           -            369   3.2e-28   94.3   0.3   1   1   1.4e-29   3.5e-28   94.2   0.3    56   181     2   134     1   134 0.89 -
145175:14-847        -            278 7925at4891           -            369   1.2e-27   92.4   0.1   1   1   6.1e-29   1.5e-27   92.0   0.1    55   264     7   223     2   237 0.86 -
139911:55-507        -            151 7925at4891           -            369   2.9e-27   91.1   0.0   1   1   2.2e-28   5.7e-27   90.2   0.0   149   278     1   121     1   148 0.84 -
139915:3-470         -            156 7925at4891           -            369   6.6e-26   86.7   0.0   1   1     3e-27   7.5e-26   86.5   0.0   125   272     2   152     1   155 0.89 -
145155:2-835         -            278 7925at4891           -            369   2.4e-23   78.2   0.1   1   1   4.6e-23   1.2e-21   72.7   0.1    45   261     8   220     4   231 0.79 -
138105:16-444        -            143 7925at4891           -            369   7.7e-22   73.3   0.1   1   1   3.3e-23   8.5e-22   73.2   0.1    55   188     3   142     1   143 0.88 -
144977:40-684        -            215 7925at4891           -            369   1.7e-21   72.2   0.2   1   1   1.1e-22   2.8e-21   71.4   0.2   114   267     1   163     1   202 0.78 -
137919:7-429         -            141 7925at4891           -            369   3.3e-20   67.9   0.3   1   1   1.3e-18   3.4e-17   58.0   0.3   157   272     1    97     1   128 0.86 -
143795:67-747        -            227 7925at4891           -            369   5.2e-20   67.3   0.0   1   1   2.4e-21   6.1e-20   67.0   0.0   125   264     3   163     1   208 0.76 -
143033:187-669       -            161 7925at4891           -            369   5.3e-20   67.2   0.1   1   1   2.3e-21     6e-20   67.1   0.1    55   190     3   142     1   154 0.86 -
138573:6-455         -            150 7925at4891           -            369   6.8e-20   66.9   0.1   1   2   3.7e-08   9.5e-07   23.6   0.1   145   190     1    46     1    53 0.90 -
138573:6-455         -            150 7925at4891           -            369   6.8e-20   66.9   0.1   2   2   7.6e-14   1.9e-12   42.4   0.0   212   276    49   115    46   137 0.87 -
137929:9-443         -            145 7925at4891           -            369   4.3e-18   61.0   0.1   1   2   1.1e-11   2.8e-10   35.3   0.1   141   189    15    63     7    69 0.92 -
137929:9-443         -            145 7925at4891           -            369   4.3e-18   61.0   0.1   2   2   1.1e-08   2.9e-07   25.4   0.0   209   274    63   129    61   136 0.87 -
143351:5-469         -            155 7925at4891           -            369   8.4e-18   60.0   0.0   1   1   3.9e-19     1e-17   59.8   0.0    55   189     7   155     2   155 0.81 -
141463:27-569        -            181 7925at4891           -            369   3.1e-17   58.2   0.1   1   2   1.5e-12   3.7e-11   38.1   0.0   110   188     5    88     2   103 0.82 -
141463:27-569        -            181 7925at4891           -            369   3.1e-17   58.2   0.1   2   2   1.5e-06   3.8e-05   18.4   0.0   232   265   113   147    97   155 0.82 -
142899:7-642         -            212 7925at4891           -            369   1.4e-16   56.0   0.1   1   2   1.3e-10   3.4e-09   31.7   0.0   143   189    37    83     3    89 0.82 -
142899:7-642         -            212 7925at4891           -            369   1.4e-16   56.0   0.1   2   2   8.1e-08   2.1e-06   22.5   0.0   223   268    98   144    89   159 0.84 -
144839:7-642         -            212 7925at4891           -            369     6e-15   50.6   0.2   1   2   8.3e-12   2.1e-10   35.7   0.0   108   189     9    96     1   103 0.84 -
144839:7-642         -            212 7925at4891           -            369     6e-15   50.6   0.2   2   2   5.4e-05    0.0014   13.2   0.0   219   273   104   158    98   166 0.90 -
144279:254-808       -            185 7925at4891           -            369   6.9e-15   50.4   0.1   1   2     1e-09   2.6e-08   28.8   0.1   149   189     7    47     1    55 0.87 -
144279:254-808       -            185 7925at4891           -            369   6.9e-15   50.4   0.1   2   2   4.7e-07   1.2e-05   20.0   0.0   226   265    65   105    51   123 0.81 -
143027:172-651       -            160 7925at4891           -            369   1.2e-14   49.6   0.1   1   1   6.3e-16   1.6e-14   49.2   0.1    55   188     7   151     4   156 0.78 -
143305:7-633         -            209 7925at4891           -            369   1.5e-14   49.3   0.0   1   1   2.7e-15     7e-14   47.1   0.0   144   264     2   114     1   120 0.84 -
144797:1-714         -            238 7925at4891           -            369     1e-13   46.6   0.1   1   2   2.4e-08   6.1e-07   24.3   0.0   120   192     3    83     1    88 0.68 -
144797:1-714         -            238 7925at4891           -            369     1e-13   46.6   0.1   2   2   1.5e-07   3.8e-06   21.6   0.0   210   272    82   144    79   184 0.78 -
136623:8-412         -            135 7925at4891           -            369   1.2e-13   46.3   0.1   1   1   8.8e-15   2.2e-13   45.4   0.1   169   278     1   102     1   133 0.81 -
140939:17-526        -            170 7925at4891           -            369   1.1e-12   43.1   0.0   1   1     5e-13   1.3e-11   39.7   0.0   148   299     9   161     2   169 0.74 -
141797:1-591         -            197 7925at4891           -            369   1.5e-10   36.1   0.0   1   2   1.6e-08   4.1e-07   24.8   0.0   120   193     4    87     2    93 0.73 -
141797:1-591         -            197 7925at4891           -            369   1.5e-10   36.1   0.0   2   2   0.00083     0.021    9.3   0.0   221   272    94   150    88   157 0.76 -
144479:2-847         -            282 7925at4891           -            369   5.1e-10   34.4   0.2   1   2      0.34       8.7    0.7   0.0   162   174    38    50    34    64 0.84 -
144479:2-847         -            282 7925at4891           -            369   5.1e-10   34.4   0.2   2   2   2.4e-10   6.2e-09   30.8   0.0   218   274   114   170   102   199 0.88 -
145735:713-1261      -            183 7925at4891           -            369   5.6e-10   34.3   0.0   1   1   1.1e-10   2.7e-09   32.0   0.0   148   188    30    70    15   173 0.89 -
143007:66-662        -            199 7925at4891           -            369   7.2e-08   27.3   0.2   1   2      0.91        23   -0.7   0.0    48    79     2    33     1    38 0.82 -
143007:66-662        -            199 7925at4891           -            369   7.2e-08   27.3   0.2   2   2   9.9e-09   2.5e-07   25.5   0.1   148   188   104   147    84   157 0.83 -
139745:4-501         -            166 7925at4891           -            369   1.8e-07   26.0   0.0   1   2   8.2e-08   2.1e-06   22.5   0.0   152   199     3    51     1    70 0.82 -
139745:4-501         -            166 7925at4891           -            369   1.8e-07   26.0   0.0   2   2      0.18       4.5    1.7   0.0   222   251   134   164   120   166 0.73 -
142181:21-614        -            198 7925at4891           -            369   5.5e-07   24.4   0.0   1   1   3.1e-08   7.8e-07   23.9   0.0   149   189   122   164    79   175 0.77 -
144109:10-744        -            245 7925at4891           -            369   1.8e-05   19.4   0.2   1   1   3.2e-06   8.2e-05   17.3   0.2   141   211     9    86     1   117 0.65 -
139477:0-491         -            164 7925at4891           -            369   6.6e-05   17.6   0.0   1   1   2.9e-06   7.3e-05   17.4   0.0   223   266    31    75    16   134 0.83 -
144845:209-790       -            194 7925at4891           -            369    0.0014   13.2   0.2   1   1   8.5e-05    0.0021   12.6   0.2   140   189   138   192    37   193 0.64 -
#
# Program:         hmmsearch
# Version:         3.1b2 (February 2015)
# Pipeline mode:   SEARCH
# Query file:      /home/jj/Desktop/Bioinformatics/3rd_year/1term/Computational_genomics/Seminars/exercise_04/busco_downloads/lineages/saccharomycetes_odb10/hmms/7925at4891.hmm
# Target file:     /home/jj/Desktop/Bioinformatics/3rd_year/1term/Computational_genomics/Seminars/exercise_04/./busco/SRR7548448/SRR7548448_k63_contigs/run_saccharomycetes_odb10/metaeuk_output/initial_results/SRR7548448_k63_graph.contig.fa.modified.fas
# Option settings: hmmsearch --domtblout /home/jj/Desktop/Bioinformatics/3rd_year/1term/Computational_genomics/Seminars/exercise_04/./busco/SRR7548448/SRR7548448_k63_contigs/run_saccharomycetes_odb10/hmmer_output/initial_run_results/7925at4891.out --cpu 1 /home/jj/Desktop/Bioinformatics/3rd_year/1term/Computational_genomics/Seminars/exercise_04/busco_downloads/lineages/saccharomycetes_odb10/hmms/7925at4891.hmm /home/jj/Desktop/Bioinformatics/3rd_year/1term/Computational_genomics/Seminars/exercise_04/./busco/SRR7548448/SRR7548448_k63_contigs/run_saccharomycetes_odb10/metaeuk_output/initial_results/SRR7548448_k63_graph.contig.fa.modified.fas 
# Current dir:     /home/jj/Desktop/Bioinformatics/3rd_year/1term/Computational_genomics/Seminars/exercise_04
# Date:            Tue Nov  5 18:48:21 2024
# [ok]
