#                                                                            --- full sequence --- -------------- this domain -------------   hmm coord   ali coord   env coord
# target name        accession   tlen query name           accession   qlen   E-value  score  bias   #  of  c-Evalue  i-Evalue  score  bias  from    to  from    to  from    to  acc description of target
#------------------- ---------- ----- -------------------- ---------- ----- --------- ------ ----- --- --- --------- --------- ------ ----- ----- ----- ----- ----- ----- ----- ---- ---------------------
145801:1-1551        -            517 7982at4891           -            599   1.5e-44  148.2   2.4   1   4   3.5e-10   6.1e-08   27.3   0.0   145   223     6    84     2    88 0.93 -
145801:1-1551        -            517 7982at4891           -            599   1.5e-44  148.2   2.4   2   4     6e-12     1e-09   33.1   0.1   481   558    89   166    86   184 0.87 -
145801:1-1551        -            517 7982at4891           -            599   1.5e-44  148.2   2.4   3   4   2.5e-15   4.3e-13   44.3   1.1   132   230   174   271   170   289 0.89 -
145801:1-1551        -            517 7982at4891           -            599   1.5e-44  148.2   2.4   4   4   2.7e-14   4.6e-12   40.9   0.1   145   229   290   373   273   399 0.85 -
144805:4-906         -            301 7982at4891           -            599   3.1e-21   71.1   0.1   1   2   1.3e-09   2.2e-07   25.4   0.2   110   216    21   125     8   137 0.73 -
144805:4-906         -            301 7982at4891           -            599   3.1e-21   71.1   0.1   2   2   4.1e-15   7.1e-13   43.6   0.0   488   563   155   231   148   238 0.87 -
144043:2-781         -            260 7982at4891           -            599   1.3e-12   42.7   0.0   1   2   7.4e-13   1.3e-10   36.1   0.0   142   227    25   110     4   149 0.84 -
144043:2-781         -            260 7982at4891           -            599   1.3e-12   42.7   0.0   2   2    0.0027      0.46    4.5   0.0   149   200   211   256   199   259 0.75 -
145491:90-752        -            221 7982at4891           -            599   4.1e-11   37.7   0.0   1   2   2.9e-09     5e-07   24.2   0.0   149   228     2    82     1    91 0.87 -
145491:90-752        -            221 7982at4891           -            599   4.1e-11   37.7   0.0   2   2   1.9e-05    0.0033   11.6   0.0   323   378   147   202   132   216 0.79 -
145161:165-899       -            245 7982at4891           -            599   4.1e-09   31.1   0.0   1   2    0.0002     0.034    8.3   0.0   448   480     2    34     1    47 0.78 -
145161:165-899       -            245 7982at4891           -            599   4.1e-09   31.1   0.0   2   2   7.6e-07   0.00013   16.2   0.0   475   519   148   192   138   242 0.81 -
#
# Program:         hmmsearch
# Version:         3.1b2 (February 2015)
# Pipeline mode:   SEARCH
# Query file:      /home/jj/Desktop/Bioinformatics/3rd_year/1term/Computational_genomics/Seminars/exercise_04/busco_downloads/lineages/saccharomycetes_odb10/hmms/7982at4891.hmm
# Target file:     /home/jj/Desktop/Bioinformatics/3rd_year/1term/Computational_genomics/Seminars/exercise_04/./busco/SRR7548448/SRR7548448_k63_contigs/run_saccharomycetes_odb10/metaeuk_output/initial_results/SRR7548448_k63_graph.contig.fa.modified.fas
# Option settings: hmmsearch --domtblout /home/jj/Desktop/Bioinformatics/3rd_year/1term/Computational_genomics/Seminars/exercise_04/./busco/SRR7548448/SRR7548448_k63_contigs/run_saccharomycetes_odb10/hmmer_output/initial_run_results/7982at4891.out --cpu 1 /home/jj/Desktop/Bioinformatics/3rd_year/1term/Computational_genomics/Seminars/exercise_04/busco_downloads/lineages/saccharomycetes_odb10/hmms/7982at4891.hmm /home/jj/Desktop/Bioinformatics/3rd_year/1term/Computational_genomics/Seminars/exercise_04/./busco/SRR7548448/SRR7548448_k63_contigs/run_saccharomycetes_odb10/metaeuk_output/initial_results/SRR7548448_k63_graph.contig.fa.modified.fas 
# Current dir:     /home/jj/Desktop/Bioinformatics/3rd_year/1term/Computational_genomics/Seminars/exercise_04
# Date:            Tue Nov  5 18:48:21 2024
# [ok]
