#                                                                            --- full sequence --- -------------- this domain -------------   hmm coord   ali coord   env coord
# target name        accession   tlen query name           accession   qlen   E-value  score  bias   #  of  c-Evalue  i-Evalue  score  bias  from    to  from    to  from    to  acc description of target
#------------------- ---------- ----- -------------------- ---------- ----- --------- ------ ----- --- --- --------- --------- ------ ----- ----- ----- ----- ----- ----- ----- ---- ---------------------
141063:9-554         -            182 8179at4891           -            324  4.3e-117  386.4   0.2   1   1  1.9e-118  4.8e-117  386.3   0.2    48   222     1   182     1   182 0.97 -
138137:12-449        -            146 8179at4891           -            324     7e-63  208.3   0.1   1   1   3.1e-64   7.8e-63  208.1   0.1    47   186     1   146     1   146 0.96 -
137919:7-429         -            141 8179at4891           -            324     8e-50  165.4   0.0   1   1   3.5e-51   8.9e-50  165.2   0.0   136   273     1   141     1   141 0.95 -
143975:1-396         -            132 8179at4891           -            324   1.1e-39  132.1   1.0   1   1   4.6e-41   1.2e-39  132.0   1.0    23   151     1   132     1   132 0.95 -
144977:40-684        -            215 8179at4891           -            324   2.2e-33  111.4   0.4   1   2   2.1e-14   5.4e-13   44.3   0.1    89   154     2    68     1    75 0.92 -
144977:40-684        -            215 8179at4891           -            324   2.2e-33  111.4   0.4   2   2   7.3e-21   1.9e-19   65.6   0.0   157   261    95   204    80   211 0.89 -
144797:1-714         -            238 8179at4891           -            324   2.8e-32  107.7   0.0   1   1   1.2e-33   3.2e-32  107.5   0.0    94   269     3   187     1   224 0.85 -
145175:14-847        -            278 8179at4891           -            324   4.7e-30  100.4   0.1   1   2   2.1e-20   5.4e-19   64.1   0.2    28   169     6   149     1   157 0.84 -
145175:14-847        -            278 8179at4891           -            324   4.7e-30  100.4   0.1   2   2   2.1e-11   5.3e-10   34.5   0.0   158   263   160   269   154   272 0.83 -
139915:3-470         -            156 8179at4891           -            324   3.5e-29   97.6   0.2   1   1   5.8e-28   1.5e-26   88.9   0.2    98   228     1   152     1   155 0.82 -
138573:6-455         -            150 8179at4891           -            324   1.4e-28   95.6   0.0   1   1   6.3e-30   1.6e-28   95.4   0.0   124   259     1   143     1   148 0.90 -
137929:9-443         -            145 8179at4891           -            324   2.5e-27   91.5   0.0   1   1   1.1e-28   2.9e-27   91.3   0.0   106   237     1   136     1   143 0.93 -
136307:2-403         -            134 8179at4891           -            324   7.8e-27   89.8   0.7   1   1   3.3e-28   8.4e-27   89.7   0.7    29   158     1   132     1   134 0.95 -
145155:2-835         -            278 8179at4891           -            324     3e-26   87.9   0.0   1   1   1.4e-27   3.6e-26   87.6   0.0    26   216    15   219     7   263 0.80 -
143795:67-747        -            227 8179at4891           -            324   3.9e-26   87.5   0.0   1   2   5.4e-16   1.4e-14   49.6   0.1    99   169     3    73     1    83 0.87 -
143795:67-747        -            227 8179at4891           -            324   3.9e-26   87.5   0.0   2   2   6.3e-12   1.6e-10   36.2   0.0   175   264   116   210    89   221 0.84 -
140939:17-526        -            170 8179at4891           -            324   4.2e-26   87.4   0.1   1   1   1.9e-26   4.8e-25   83.9   0.1   125   260     7   170     1   170 0.81 -
144839:7-642         -            212 8179at4891           -            324   5.3e-26   87.1   0.0   1   1   2.6e-27   6.5e-26   86.8   0.0    88   260    15   188     5   207 0.84 -
139911:55-507        -            151 8179at4891           -            324   1.9e-24   82.0   0.0   1   1   3.5e-25   8.9e-24   79.8   0.0   129   259     2   147     1   150 0.78 -
141797:1-591         -            197 8179at4891           -            324   2.3e-24   81.7   0.0   1   1   1.1e-25   2.9e-24   81.4   0.0    95   259     5   185     2   196 0.82 -
143033:187-669       -            161 8179at4891           -            324     2e-21   72.0   0.1   1   1   8.4e-23   2.1e-21   72.0   0.1    28   169     2   142     1   161 0.85 -
138105:16-444        -            143 8179at4891           -            324   8.5e-21   70.0   0.1   1   1   3.7e-22   9.4e-21   69.8   0.1    28   168     2   143     1   143 0.90 -
142899:7-642         -            212 8179at4891           -            324     1e-20   69.7   0.0   1   1   5.4e-22   1.4e-20   69.3   0.0   121   245    36   164     1   185 0.83 -
143351:5-469         -            155 8179at4891           -            324   6.8e-20   67.0   0.0   1   1     3e-21   7.6e-20   66.9   0.0    27   167     5   154     1   155 0.86 -
143027:172-651       -            160 8179at4891           -            324   5.5e-18   60.8   0.1   1   1   2.6e-19   6.6e-18   60.5   0.1    27   169     5   153     1   157 0.85 -
144279:254-808       -            185 8179at4891           -            324   1.2e-17   59.6   0.0   1   2   8.1e-19   2.1e-17   58.9   0.0   124   221     3   104     1   124 0.80 -
144279:254-808       -            185 8179at4891           -            324   1.2e-17   59.6   0.0   2   2       5.5   1.4e+02   -3.0   0.0   240   275   152   184   150   185 0.72 -
144479:2-847         -            282 8179at4891           -            324   2.4e-17   58.7   0.1   1   2     0.048       1.2    3.7   0.1   139   154    36    51    32    61 0.81 -
144479:2-847         -            282 8179at4891           -            324   2.4e-17   58.7   0.1   2   2   4.8e-17   1.2e-15   53.0   0.0   159   260    95   200    74   257 0.90 -
143305:7-633         -            209 8179at4891           -            324   1.4e-16   56.1   0.0   1   2   1.4e-17   3.7e-16   54.8   0.0   123   218     2   111     1   158 0.73 -
143305:7-633         -            209 8179at4891           -            324   1.4e-16   56.1   0.0   2   2       2.4        61   -1.8   0.0   240   274   165   196   151   202 0.76 -
136623:8-412         -            135 8179at4891           -            324   9.8e-16   53.4   0.1   1   1   4.4e-16   1.1e-14   49.9   0.1   148   266     1   133     1   135 0.77 -
141463:27-569        -            181 8179at4891           -            324   7.5e-14   47.2   0.0   1   1   3.8e-15   9.6e-14   46.8   0.0   122   220    42   145    34   166 0.82 -
144109:10-744        -            245 8179at4891           -            324     1e-10   36.9   0.0   1   1   8.5e-12   2.2e-10   35.8   0.0   127   206    16   112     7   123 0.75 -
145735:713-1261      -            183 8179at4891           -            324   1.5e-10   36.4   0.0   1   1   6.6e-12   1.7e-10   36.2   0.0   106   169     7    72     3   145 0.87 -
139745:4-501         -            166 8179at4891           -            324   1.7e-10   36.1   0.0   1   2   7.5e-08   1.9e-06   22.8   0.0   130   171     2    44     1    68 0.90 -
139745:4-501         -            166 8179at4891           -            324   1.7e-10   36.1   0.0   2   2    0.0002     0.005   11.6   0.0   176   207   133   164   124   166 0.90 -
139477:0-491         -            164 8179at4891           -            324   3.8e-08   28.4   0.4   1   4   1.5e-08   3.9e-07   25.1   0.2   161   216     2    69     1    79 0.70 -
139477:0-491         -            164 8179at4891           -            324   3.8e-08   28.4   0.4   2   4      0.36       9.2    0.9   0.0    12    47    68   103    66   111 0.78 -
139477:0-491         -            164 8179at4891           -            324   3.8e-08   28.4   0.4   3   4       1.1        27   -0.7   0.0   116   131    95   110    77   137 0.68 -
139477:0-491         -            164 8179at4891           -            324   3.8e-08   28.4   0.4   4   4       1.2        31   -0.9   0.0   239   266   124   151   118   161 0.74 -
144845:209-790       -            194 8179at4891           -            324   6.4e-08   27.7   0.1   1   1   2.7e-09   6.9e-08   27.6   0.1    86   167    96   191    35   193 0.70 -
143007:66-662        -            199 8179at4891           -            324   3.2e-06   22.1   0.0   1   2      0.69        18   -0.1   0.0    23    42     3    22     1    38 0.71 -
143007:66-662        -            199 8179at4891           -            324   3.2e-06   22.1   0.0   2   2   6.1e-07   1.6e-05   19.8   0.0   115   169    92   149    71   157 0.79 -
142181:21-614        -            198 8179at4891           -            324     2e-05   19.5   0.0   1   1   1.1e-06   2.9e-05   18.9   0.0   127   167   121   163    89   177 0.77 -
#
# Program:         hmmsearch
# Version:         3.1b2 (February 2015)
# Pipeline mode:   SEARCH
# Query file:      /home/jj/Desktop/Bioinformatics/3rd_year/1term/Computational_genomics/Seminars/exercise_04/busco_downloads/lineages/saccharomycetes_odb10/hmms/8179at4891.hmm
# Target file:     /home/jj/Desktop/Bioinformatics/3rd_year/1term/Computational_genomics/Seminars/exercise_04/./busco/SRR7548448/SRR7548448_k63_contigs/run_saccharomycetes_odb10/metaeuk_output/initial_results/SRR7548448_k63_graph.contig.fa.modified.fas
# Option settings: hmmsearch --domtblout /home/jj/Desktop/Bioinformatics/3rd_year/1term/Computational_genomics/Seminars/exercise_04/./busco/SRR7548448/SRR7548448_k63_contigs/run_saccharomycetes_odb10/hmmer_output/initial_run_results/8179at4891.out --cpu 1 /home/jj/Desktop/Bioinformatics/3rd_year/1term/Computational_genomics/Seminars/exercise_04/busco_downloads/lineages/saccharomycetes_odb10/hmms/8179at4891.hmm /home/jj/Desktop/Bioinformatics/3rd_year/1term/Computational_genomics/Seminars/exercise_04/./busco/SRR7548448/SRR7548448_k63_contigs/run_saccharomycetes_odb10/metaeuk_output/initial_results/SRR7548448_k63_graph.contig.fa.modified.fas 
# Current dir:     /home/jj/Desktop/Bioinformatics/3rd_year/1term/Computational_genomics/Seminars/exercise_04
# Date:            Tue Nov  5 18:48:21 2024
# [ok]
