#                                                                            --- full sequence --- -------------- this domain -------------   hmm coord   ali coord   env coord
# target name        accession   tlen query name           accession   qlen   E-value  score  bias   #  of  c-Evalue  i-Evalue  score  bias  from    to  from    to  from    to  acc description of target
#------------------- ---------- ----- -------------------- ---------- ----- --------- ------ ----- --- --- --------- --------- ------ ----- ----- ----- ----- ----- ----- ----- ---- ---------------------
145821:44-862        -            273 8291at4891           -            420   6.8e-18   60.4   8.3   1   3   6.2e-07   4.9e-05   18.0   0.0   125   178     2    62     1    64 0.81 -
145821:44-862        -            273 8291at4891           -            420   6.8e-18   60.4   8.3   2   3   3.6e-10   2.8e-08   28.7   2.4   108   184    64   149    62   177 0.81 -
145821:44-862        -            273 8291at4891           -            420   6.8e-18   60.4   8.3   3   3   1.8e-06   0.00014   16.5   0.1   116   169   203   263   180   272 0.75 -
142977:2-622         -            207 8291at4891           -            420   2.3e-13   45.4   0.4   1   3     5e-09   3.9e-07   24.9   0.0   107   168     8    83     4    89 0.79 -
142977:2-622         -            207 8291at4891           -            420   2.3e-13   45.4   0.4   2   3   8.7e-07   6.8e-05   17.5   0.2   121   168   114   170   108   175 0.74 -
142977:2-622         -            207 8291at4891           -            420   2.3e-13   45.4   0.4   3   3   0.00013      0.01   10.4   0.0    55    90   137   177   135   187 0.76 -
145301:241-942       -            234 8291at4891           -            420   3.2e-13   45.0   0.8   1   3   0.00031     0.024    9.2   0.0   139   169     1    36     1    46 0.73 -
145301:241-942       -            234 8291at4891           -            420   3.2e-13   45.0   0.8   2   3   0.00026     0.021    9.4   0.0    80   117    51    88    39   103 0.82 -
145301:241-942       -            234 8291at4891           -            420   3.2e-13   45.0   0.8   3   3   1.5e-08   1.2e-06   23.4   0.1    93   169   106   205    96   210 0.71 -
143313:118-603       -            162 8291at4891           -            420   1.4e-09   33.0   1.5   1   2     2e-06   0.00016   16.4   0.1     3    85    10    96     8   102 0.80 -
143313:118-603       -            162 8291at4891           -            420   1.4e-09   33.0   1.5   2   2   2.2e-06   0.00018   16.2   0.2     7    47   104   150    99   160 0.68 -
143663:94-729        -            212 8291at4891           -            420     5e-08   27.9   0.2   1   1   4.6e-09   3.6e-07   25.0   0.2    62   205     4   176     1   211 0.65 -
145769:0-1415        -            472 8291at4891           -            420   6.3e-06   20.9   2.1   1   2     0.035       2.7    2.4   0.2   122   169   161   220   140   227 0.51 -
145769:0-1415        -            472 8291at4891           -            420   6.3e-06   20.9   2.1   2   2   9.1e-07   7.2e-05   17.5   0.1   106   173   341   420   334   466 0.68 -
144137:68-793        -            242 8291at4891           -            420   6.4e-06   20.9   3.2   1   1   3.1e-07   2.4e-05   19.0   3.2    96   176   138   240   112   241 0.72 -
140077:5-511         -            169 8291at4891           -            420   3.1e-05   18.7   0.1   1   1     1e-06   7.9e-05   17.3   0.1   121   169    63   119    44   135 0.71 -
143819:146-751       -            202 8291at4891           -            420   0.00029   15.4   2.1   1   1   7.5e-06   0.00059   14.5   2.1   122   181    25    93     4   198 0.78 -
145365:0-995         -            332 8291at4891           -            420   0.00082   14.0   0.3   1   1     2e-05    0.0016   13.1   0.3   153   191   265   303   256   318 0.84 -
144489:26-847        -            274 8291at4891           -            420    0.0011   13.6   1.4   1   2   0.00036     0.028    8.9   0.8    69   136    10    69     5    94 0.47 -
144489:26-847        -            274 8291at4891           -            420    0.0011   13.6   1.4   2   2     0.056       4.4    1.7   0.0   136   168   137   175   115   187 0.59 -
#
# Program:         hmmsearch
# Version:         3.1b2 (February 2015)
# Pipeline mode:   SEARCH
# Query file:      /home/jj/Desktop/Bioinformatics/3rd_year/1term/Computational_genomics/Seminars/exercise_04/busco_downloads/lineages/saccharomycetes_odb10/hmms/8291at4891.hmm
# Target file:     /home/jj/Desktop/Bioinformatics/3rd_year/1term/Computational_genomics/Seminars/exercise_04/./busco/SRR7548448/SRR7548448_k63_contigs/run_saccharomycetes_odb10/metaeuk_output/initial_results/SRR7548448_k63_graph.contig.fa.modified.fas
# Option settings: hmmsearch --domtblout /home/jj/Desktop/Bioinformatics/3rd_year/1term/Computational_genomics/Seminars/exercise_04/./busco/SRR7548448/SRR7548448_k63_contigs/run_saccharomycetes_odb10/hmmer_output/initial_run_results/8291at4891.out --cpu 1 /home/jj/Desktop/Bioinformatics/3rd_year/1term/Computational_genomics/Seminars/exercise_04/busco_downloads/lineages/saccharomycetes_odb10/hmms/8291at4891.hmm /home/jj/Desktop/Bioinformatics/3rd_year/1term/Computational_genomics/Seminars/exercise_04/./busco/SRR7548448/SRR7548448_k63_contigs/run_saccharomycetes_odb10/metaeuk_output/initial_results/SRR7548448_k63_graph.contig.fa.modified.fas 
# Current dir:     /home/jj/Desktop/Bioinformatics/3rd_year/1term/Computational_genomics/Seminars/exercise_04
# Date:            Tue Nov  5 18:48:21 2024
# [ok]
