#                                                                            --- full sequence --- -------------- this domain -------------   hmm coord   ali coord   env coord
# target name        accession   tlen query name           accession   qlen   E-value  score  bias   #  of  c-Evalue  i-Evalue  score  bias  from    to  from    to  from    to  acc description of target
#------------------- ---------- ----- -------------------- ---------- ----- --------- ------ ----- --- --- --------- --------- ------ ----- ----- ----- ----- ----- ----- ----- ---- ---------------------
144137:68-793        -            242 8998at4891           -            299  5.3e-104  343.2   3.2   1   1  1.6e-105  6.3e-104  342.9   3.2     6   196    40   242    36   242 0.97 -
145769:0-1415        -            472 8998at4891           -            299     2e-34  114.8   8.8   1   3   6.1e-12   2.4e-10   35.7   2.1    45   226    20   220    12   226 0.76 -
145769:0-1415        -            472 8998at4891           -            299     2e-34  114.8   8.8   2   3   4.2e-19   1.6e-17   59.2   0.1    38   188   259   417   229   427 0.85 -
145769:0-1415        -            472 8998at4891           -            299     2e-34  114.8   8.8   3   3   8.3e-13   3.3e-11   38.5   0.1    41   157   347   472   337   472 0.79 -
145821:44-862        -            273 8998at4891           -            299   1.2e-27   92.5  11.3   1   3     1e-13   4.1e-12   41.5   0.7   133   226     1    93     1    95 0.91 -
145821:44-862        -            273 8998at4891           -            299   1.2e-27   92.5  11.3   2   3   1.2e-11   4.9e-10   34.7   1.7   131   205    79   152    74   157 0.90 -
145821:44-862        -            273 8998at4891           -            299   1.2e-27   92.5  11.3   3   3   4.3e-11   1.7e-09   32.9   0.4   130   196   208   272   202   273 0.86 -
145301:241-942       -            234 8998at4891           -            299   4.7e-26   87.2   3.1   1   2     3e-20   1.2e-18   63.0   1.8    79   232     5   168     1   170 0.88 -
145301:241-942       -            234 8998at4891           -            299   4.7e-26   87.2   3.1   2   2   1.1e-06   4.4e-05   18.4   0.0   262   294   174   206   166   211 0.83 -
142977:2-622         -            207 8998at4891           -            299   9.2e-24   79.7   0.4   1   2   2.7e-10   1.1e-08   30.3   0.1   118   191    13    88     5   109 0.85 -
142977:2-622         -            207 8998at4891           -            299   9.2e-24   79.7   0.4   2   2   1.2e-15   4.7e-14   47.9   0.0   130   195   114   179   101   183 0.91 -
143663:94-729        -            212 8998at4891           -            299   9.1e-21   69.9   1.9   1   3   6.6e-07   2.6e-05   19.2   0.1   171   204    13    46     5    60 0.80 -
143663:94-729        -            212 8998at4891           -            299   9.1e-21   69.9   1.9   2   3   2.1e-14   8.1e-13   43.8   0.0   173   244    79   151    74   162 0.86 -
143663:94-729        -            212 8998at4891           -            299   9.1e-21   69.9   1.9   3   3    0.0093      0.37    5.5   0.1    70   108   176   212   148   212 0.80 -
144149:4-795         -            264 8998at4891           -            299   3.1e-19   64.9   2.2   1   2   2.2e-06   8.5e-05   17.5   0.1   262   295   113   146   107   150 0.91 -
144149:4-795         -            264 8998at4891           -            299   3.1e-19   64.9   2.2   2   2   7.1e-11   2.8e-09   32.2   0.0   121   210   162   253   160   256 0.92 -
144541:1-852         -            284 8998at4891           -            299   1.5e-18   62.6  12.0   1   3   1.3e-06   5.1e-05   18.2   0.0   261   298    27    64    10    65 0.88 -
144541:1-852         -            284 8998at4891           -            299   1.5e-18   62.6  12.0   2   3   1.6e-14   6.5e-13   44.1   7.1   119   224    82   198    75   200 0.87 -
144541:1-852         -            284 8998at4891           -            299   1.5e-18   62.6  12.0   3   3     0.021      0.82    4.4   0.1   130   149   185   204   180   255 0.57 -
143313:118-603       -            162 8998at4891           -            299   1.6e-17   59.2   3.1   1   2     0.048       1.9    3.2   0.0   262   292    16    47     6    54 0.72 -
143313:118-603       -            162 8998at4891           -            299   1.6e-17   59.2   3.1   2   2   4.8e-18   1.9e-16   55.7   2.4   110   208    60   157    42   160 0.89 -
145543:202-1035      -            278 8998at4891           -            299     3e-15   51.8   0.9   1   4     0.033       1.3    3.7   0.0    85   109     2    26     1    35 0.76 -
145543:202-1035      -            278 8998at4891           -            299     3e-15   51.8   0.9   2   4   3.8e-05    0.0015   13.4   0.0   262   293    58    89    51    96 0.88 -
145543:202-1035      -            278 8998at4891           -            299     3e-15   51.8   0.9   3   4   1.2e-05   0.00045   15.1   0.0   252   294   106   148    98   153 0.90 -
145543:202-1035      -            278 8998at4891           -            299     3e-15   51.8   0.9   4   4     1e-05    0.0004   15.3   0.0   112   148   156   192   151   201 0.90 -
140077:5-511         -            169 8998at4891           -            299   1.1e-14   49.9   0.3   1   2     2e-13   7.8e-12   40.6   0.1    40   154     7   128     1   132 0.78 -
140077:5-511         -            169 8998at4891           -            299   1.1e-14   49.9   0.3   2   2   2.3e-05    0.0009   14.1   0.0    37   111    88   164    86   168 0.74 -
144489:26-847        -            274 8998at4891           -            299     9e-13   43.6   0.3   1   3   9.5e-10   3.7e-08   28.5   0.1   165   236     2    81     1    98 0.77 -
144489:26-847        -            274 8998at4891           -            299     9e-13   43.6   0.3   2   3   4.9e-05    0.0019   13.0   0.0   134   189   121   178   105   193 0.82 -
144489:26-847        -            274 8998at4891           -            299     9e-13   43.6   0.3   3   3       5.4   2.1e+02   -3.5   0.0    37    50   243   256   228   259 0.71 -
142803:50-655        -            202 8998at4891           -            299   4.3e-12   41.4   1.0   1   3     3e-10   1.2e-08   30.1   0.1   133   198     1    67     1    75 0.89 -
142803:50-655        -            202 8998at4891           -            299   4.3e-12   41.4   1.0   2   3    0.0013     0.052    8.3   0.0    84   109    80   105    73   118 0.81 -
142803:50-655        -            202 8998at4891           -            299   4.3e-12   41.4   1.0   3   3       2.8   1.1e+02   -2.6   0.0   270   291   179   200   171   201 0.71 -
143819:146-751       -            202 8998at4891           -            299   7.5e-12   40.6   3.1   1   3   4.2e-12   1.6e-10   36.2   0.5   121   197    15    91    10   104 0.91 -
143819:146-751       -            202 8998at4891           -            299   7.5e-12   40.6   3.1   2   3      0.45        18    0.0   0.0   245   286   116   155    93   164 0.69 -
143819:146-751       -            202 8998at4891           -            299   7.5e-12   40.6   3.1   3   3     0.044       1.7    3.3   0.1    85   114   157   188   147   200 0.70 -
145907:182-1561      -            460 8998at4891           -            299     2e-11   39.3   0.1   1   4      0.04       1.6    3.5   0.0   126   149    25    48    11    68 0.73 -
145907:182-1561      -            460 8998at4891           -            299     2e-11   39.3   0.1   2   4   1.1e-05   0.00045   15.1   0.0   261   297    68   104    53   106 0.89 -
145907:182-1561      -            460 8998at4891           -            299     2e-11   39.3   0.1   3   4   7.7e-06    0.0003   15.6   0.0   119   205   148   235   140   239 0.82 -
145907:182-1561      -            460 8998at4891           -            299     2e-11   39.3   0.1   4   4      0.82        32   -0.8   0.0    80   103   372   395   345   405 0.62 -
136257:22-312        -             97 8998at4891           -            299   2.1e-10   35.9   0.0   1   2     0.084       3.3    2.4   0.0   103   194     8    22     1    31 0.49 -
136257:22-312        -             97 8998at4891           -            299   2.1e-10   35.9   0.0   2   2   8.1e-11   3.2e-09   32.0   0.0    44   108    31    96    25    97 0.88 -
144947:219-944       -            242 8998at4891           -            299   2.4e-08   29.1   1.2   1   2    0.0067      0.26    6.0   0.0    47    92     2    49     1   116 0.63 -
144947:219-944       -            242 8998at4891           -            299   2.4e-08   29.1   1.2   2   2   4.4e-06   0.00017   16.5   0.6    71   165   119   229    82   240 0.63 -
145365:0-995         -            332 8998at4891           -            299   1.5e-07   26.5   0.8   1   2    0.0054      0.21    6.3   0.1    82   113    65    98    55   110 0.77 -
145365:0-995         -            332 8998at4891           -            299   1.5e-07   26.5   0.8   2   2   1.4e-06   5.6e-05   18.1   0.1    41   196   118   290    99   311 0.72 -
144047:63-782        -            240 8998at4891           -            299   1.2e-06   23.5   0.9   1   4    0.0018     0.072    7.9   0.0   114   188    13    88     5    98 0.65 -
144047:63-782        -            240 8998at4891           -            299   1.2e-06   23.5   0.9   2   4      0.56        22   -0.3   0.0    37    59   101   123    91   129 0.77 -
144047:63-782        -            240 8998at4891           -            299   1.2e-06   23.5   0.9   3   4   5.2e-05     0.002   12.9   0.1   240   292   125   177   104   179 0.89 -
144047:63-782        -            240 8998at4891           -            299   1.2e-06   23.5   0.9   4   4       6.1   2.4e+02   -3.7   0.0    45    63   216   234   212   239 0.43 -
144603:3-800         -            266 8998at4891           -            299   4.3e-06   21.7   0.9   1   1   2.6e-07     1e-05   20.5   0.9    43   235    17   219     2   226 0.72 -
145363:1-1098        -            366 8998at4891           -            299   1.1e-05   20.3   0.0   1   1   4.3e-07   1.7e-05   19.8   0.0   120   233    37   153    10   171 0.76 -
143253:125-688       -            188 8998at4891           -            299   1.6e-05   19.9   0.1   1   1   8.9e-07   3.5e-05   18.7   0.1    36   148    21   142     4   148 0.70 -
#
# Program:         hmmsearch
# Version:         3.1b2 (February 2015)
# Pipeline mode:   SEARCH
# Query file:      /home/jj/Desktop/Bioinformatics/3rd_year/1term/Computational_genomics/Seminars/exercise_04/busco_downloads/lineages/saccharomycetes_odb10/hmms/8998at4891.hmm
# Target file:     /home/jj/Desktop/Bioinformatics/3rd_year/1term/Computational_genomics/Seminars/exercise_04/./busco/SRR7548448/SRR7548448_k63_contigs/run_saccharomycetes_odb10/metaeuk_output/initial_results/SRR7548448_k63_graph.contig.fa.modified.fas
# Option settings: hmmsearch --domtblout /home/jj/Desktop/Bioinformatics/3rd_year/1term/Computational_genomics/Seminars/exercise_04/./busco/SRR7548448/SRR7548448_k63_contigs/run_saccharomycetes_odb10/hmmer_output/initial_run_results/8998at4891.out --cpu 1 /home/jj/Desktop/Bioinformatics/3rd_year/1term/Computational_genomics/Seminars/exercise_04/busco_downloads/lineages/saccharomycetes_odb10/hmms/8998at4891.hmm /home/jj/Desktop/Bioinformatics/3rd_year/1term/Computational_genomics/Seminars/exercise_04/./busco/SRR7548448/SRR7548448_k63_contigs/run_saccharomycetes_odb10/metaeuk_output/initial_results/SRR7548448_k63_graph.contig.fa.modified.fas 
# Current dir:     /home/jj/Desktop/Bioinformatics/3rd_year/1term/Computational_genomics/Seminars/exercise_04
# Date:            Tue Nov  5 18:48:23 2024
# [ok]
