#                                                                            --- full sequence --- -------------- this domain -------------   hmm coord   ali coord   env coord
# target name        accession   tlen query name           accession   qlen   E-value  score  bias   #  of  c-Evalue  i-Evalue  score  bias  from    to  from    to  from    to  acc description of target
#------------------- ---------- ----- -------------------- ---------- ----- --------- ------ ----- --- --- --------- --------- ------ ----- ----- ----- ----- ----- ----- ----- ---- ---------------------
145673:1-975         -            325 960at4891            -            889  3.8e-203  672.4   0.1   1   1  3.1e-205  4.4e-203  672.2   0.1   298   610     1   325     1   325 0.98 -
144699:442-873       -            144 960at4891            -            889     4e-78  258.8   0.0   1   1   3.3e-80   4.8e-78  258.5   0.0   311   442     1   144     1   144 0.95 -
145085:0-986         -            329 960at4891            -            889     1e-33  111.8   0.1   1   3   5.8e-08   8.4e-06   19.5   0.1   436   486     4    54     2   105 0.92 -
145085:0-986         -            329 960at4891            -            889     1e-33  111.8   0.1   2   3   1.2e-16   1.7e-14   48.2   0.0   525   607   136   217   119   235 0.84 -
145085:0-986         -            329 960at4891            -            889     1e-33  111.8   0.1   3   3   1.9e-14   2.8e-12   40.9   0.0   743   818   253   328   242   329 0.94 -
142099:44-532        -            163 960at4891            -            889   1.7e-22   74.7   0.0   1   2   2.6e-13   3.8e-11   37.2   0.0   525   601     3    78     1    98 0.85 -
142099:44-532        -            163 960at4891            -            889   1.7e-22   74.7   0.0   2   2   4.5e-13   6.5e-11   36.4   0.0   717   790    91   163    83   163 0.83 -
144919:41-898        -            286 960at4891            -            889   6.7e-16   52.9   0.1   1   2   9.3e-13   1.3e-10   35.4   0.0   523   583     6    66     2    69 0.94 -
144919:41-898        -            286 960at4891            -            889   6.7e-16   52.9   0.1   2   2   7.3e-07   0.00011   15.8   0.0   392   444   140   192    88   243 0.81 -
144299:81-665        -            195 960at4891            -            889    0.0022   11.5   0.0   1   2   0.00098      0.14    5.5   0.0   325   579    27    57     3    71 0.60 -
144299:81-665        -            195 960at4891            -            889    0.0022   11.5   0.0   2   2    0.0022      0.32    4.3   0.0   388   784   126   176    96   194 0.56 -
#
# Program:         hmmsearch
# Version:         3.1b2 (February 2015)
# Pipeline mode:   SEARCH
# Query file:      /home/jj/Desktop/Bioinformatics/3rd_year/1term/Computational_genomics/Seminars/exercise_04/busco_downloads/lineages/saccharomycetes_odb10/hmms/960at4891.hmm
# Target file:     /home/jj/Desktop/Bioinformatics/3rd_year/1term/Computational_genomics/Seminars/exercise_04/./busco/SRR7548448/SRR7548448_k63_contigs/run_saccharomycetes_odb10/metaeuk_output/initial_results/SRR7548448_k63_graph.contig.fa.modified.fas
# Option settings: hmmsearch --domtblout /home/jj/Desktop/Bioinformatics/3rd_year/1term/Computational_genomics/Seminars/exercise_04/./busco/SRR7548448/SRR7548448_k63_contigs/run_saccharomycetes_odb10/hmmer_output/initial_run_results/960at4891.out --cpu 1 /home/jj/Desktop/Bioinformatics/3rd_year/1term/Computational_genomics/Seminars/exercise_04/busco_downloads/lineages/saccharomycetes_odb10/hmms/960at4891.hmm /home/jj/Desktop/Bioinformatics/3rd_year/1term/Computational_genomics/Seminars/exercise_04/./busco/SRR7548448/SRR7548448_k63_contigs/run_saccharomycetes_odb10/metaeuk_output/initial_results/SRR7548448_k63_graph.contig.fa.modified.fas 
# Current dir:     /home/jj/Desktop/Bioinformatics/3rd_year/1term/Computational_genomics/Seminars/exercise_04
# Date:            Tue Nov  5 18:48:23 2024
# [ok]
