#                                                                            --- full sequence --- -------------- this domain -------------   hmm coord   ali coord   env coord
# target name        accession   tlen query name           accession   qlen   E-value  score  bias   #  of  c-Evalue  i-Evalue  score  bias  from    to  from    to  from    to  acc description of target
#------------------- ---------- ----- -------------------- ---------- ----- --------- ------ ----- --- --- --------- --------- ------ ----- ----- ----- ----- ----- ----- ----- ---- ---------------------
141797:1-591         -            197 9903at4891           -            301   1.1e-96  319.3   0.0   1   1   6.9e-98   1.8e-96  318.6   0.0   123   298     1   197     1   197 0.92 -
145175:14-847        -            278 9903at4891           -            301   1.3e-31  105.7   0.1   1   1   3.6e-31   9.4e-30   99.5   0.1    62   298     7   277     2   278 0.80 -
144839:7-642         -            212 9903at4891           -            301   1.3e-29   99.1   0.0   1   1   5.8e-31   1.5e-29   98.9   0.0   107   299     2   200     1   202 0.81 -
143033:187-669       -            161 9903at4891           -            301     2e-23   78.8   0.2   1   1   8.2e-25   2.2e-23   78.7   0.2    60   203     1   152     1   161 0.85 -
141063:9-554         -            182 9903at4891           -            301   9.7e-23   76.5   0.0   1   1     4e-24     1e-22   76.4   0.0    88   250    10   180     1   182 0.83 -
143795:67-747        -            227 9903at4891           -            301   5.6e-22   74.0   0.0   1   2   1.7e-11   4.5e-10   34.9   0.0   130   196     2    75     1    88 0.79 -
143795:67-747        -            227 9903at4891           -            301   5.6e-22   74.0   0.0   2   2   3.2e-12   8.5e-11   37.3   0.0   204   300   117   219   106   220 0.87 -
145155:2-835         -            278 9903at4891           -            301   6.4e-17   57.4   0.0   1   1   3.1e-18   8.2e-17   57.1   0.0    58   251    14   224     7   258 0.80 -
143027:172-651       -            160 9903at4891           -            301   3.4e-16   55.1   0.3   1   1   1.6e-17   4.3e-16   54.7   0.3    60   193     5   152     2   156 0.79 -
144479:2-847         -            282 9903at4891           -            301   1.2e-15   53.2   0.1   1   2    0.0028     0.073    8.0   0.0   162   181    32    51     7    58 0.81 -
144479:2-847         -            282 9903at4891           -            301   1.2e-15   53.2   0.1   2   2   5.3e-14   1.4e-12   43.2   0.0   183   295    94   208    89   214 0.87 -
138105:16-444        -            143 9903at4891           -            301   4.9e-15   51.2   0.1   1   1   2.1e-16   5.5e-15   51.1   0.1    61   192     2   142     1   143 0.86 -
143975:1-396         -            132 9903at4891           -            301   5.2e-15   51.2   0.4   1   1   2.3e-16   5.9e-15   51.0   0.4    57   178     2   132     1   132 0.82 -
137929:9-443         -            145 9903at4891           -            301   7.8e-15   50.6   0.0   1   1   3.6e-16   9.4e-15   50.3   0.0   153   271    22   139     8   144 0.80 -
144977:40-684        -            215 9903at4891           -            301   5.2e-14   47.9   0.1   1   2   0.00018    0.0047   11.9   0.0   128   180    10    67     1    70 0.63 -
144977:40-684        -            215 9903at4891           -            301   5.2e-14   47.9   0.1   2   2   2.9e-11   7.7e-10   34.2   0.0   182   298    95   214    93   215 0.77 -
138573:6-455         -            150 9903at4891           -            301   2.2e-13   45.8   0.0   1   1   9.3e-15   2.4e-13   45.7   0.0   161   259    11   112     2   144 0.82 -
137919:7-429         -            141 9903at4891           -            301   6.4e-13   44.3   0.0   1   1   2.5e-14   6.6e-13   44.2   0.0   166   258     4    97     1   129 0.82 -
144797:1-714         -            238 9903at4891           -            301   1.4e-12   43.2   0.0   1   1   6.7e-14   1.7e-12   42.9   0.0   148   298    31   192     4   195 0.76 -
142899:7-642         -            212 9903at4891           -            301   1.5e-12   43.1   0.0   1   1   6.8e-14   1.8e-12   42.8   0.0   149   250    38   140    11   165 0.71 -
138137:12-449        -            146 9903at4891           -            301   3.5e-12   41.9   0.0   1   1   1.5e-13     4e-12   41.7   0.0    92   213    15   145     2   146 0.77 -
140939:17-526        -            170 9903at4891           -            301   7.4e-12   40.8   0.0   1   1   3.8e-12     1e-10   37.1   0.0   151   283     7   163     1   168 0.75 -
143305:7-633         -            209 9903at4891           -            301   4.2e-11   38.3   0.0   1   1   2.3e-12   5.9e-11   37.8   0.0   157   241     7   105     1   148 0.71 -
139915:3-470         -            156 9903at4891           -            301   6.4e-11   37.7   0.0   1   1   2.5e-11   6.6e-10   34.4   0.0   148   260    25   154    12   155 0.69 -
144279:254-808       -            185 9903at4891           -            301   8.3e-11   37.3   0.0   1   1   3.9e-12     1e-10   37.0   0.0   164   255    16   110     3   122 0.80 -
139911:55-507        -            151 9903at4891           -            301   2.4e-10   35.8   0.0   1   1   1.9e-11   5.1e-10   34.8   0.0   165   285    11   143     2   149 0.77 -
136307:2-403         -            134 9903at4891           -            301   9.8e-10   33.8   0.2   1   1   4.1e-11   1.1e-09   33.7   0.2    62   186     1   133     1   134 0.85 -
143351:5-469         -            155 9903at4891           -            301   7.5e-08   27.6   0.0   1   1   3.7e-09   9.7e-08   27.3   0.0    60   192     5   154     1   155 0.75 -
139745:4-501         -            166 9903at4891           -            301   2.7e-07   25.8   0.0   1   2   1.5e-06     4e-05   18.7   0.0   161   193     4    41     1    56 0.76 -
139745:4-501         -            166 9903at4891           -            301   2.7e-07   25.8   0.0   2   2     0.016      0.42    5.5   0.0   204   238   133   165   102   166 0.81 -
141463:27-569        -            181 9903at4891           -            301     5e-07   24.9   0.0   1   1   2.3e-08     6e-07   24.7   0.0   141   246    32   141    19   158 0.74 -
144109:10-744        -            245 9903at4891           -            301   6.3e-07   24.6   0.0   1   1   3.9e-08     1e-06   23.9   0.0   154   236    17   112     8   122 0.72 -
145735:713-1261      -            183 9903at4891           -            301   1.8e-06   23.1   0.0   1   1     8e-08   2.1e-06   22.9   0.0   151   194    28    72    19   154 0.67 -
136623:8-412         -            135 9903at4891           -            301   4.8e-06   21.7   0.0   1   1   3.2e-07   8.3e-06   20.9   0.0   175   267     1   105     1   135 0.66 -
142181:21-614        -            198 9903at4891           -            301   1.5e-05   20.1   0.3   1   1   1.3e-06   3.4e-05   18.9   0.3    90   192    42   163    20   173 0.64 -
139477:0-491         -            164 9903at4891           -            301   2.6e-05   19.3   0.0   1   1   1.3e-06   3.3e-05   18.9   0.0   185   256     1    79     1   112 0.65 -
143007:66-662        -            199 9903at4891           -            301   0.00016   16.7   0.0   1   1   7.8e-06    0.0002   16.4   0.0    61   194     8   149     2   161 0.69 -
#
# Program:         hmmsearch
# Version:         3.1b2 (February 2015)
# Pipeline mode:   SEARCH
# Query file:      /home/jj/Desktop/Bioinformatics/3rd_year/1term/Computational_genomics/Seminars/exercise_04/busco_downloads/lineages/saccharomycetes_odb10/hmms/9903at4891.hmm
# Target file:     /home/jj/Desktop/Bioinformatics/3rd_year/1term/Computational_genomics/Seminars/exercise_04/./busco/SRR7548448/SRR7548448_k63_contigs/run_saccharomycetes_odb10/metaeuk_output/initial_results/SRR7548448_k63_graph.contig.fa.modified.fas
# Option settings: hmmsearch --domtblout /home/jj/Desktop/Bioinformatics/3rd_year/1term/Computational_genomics/Seminars/exercise_04/./busco/SRR7548448/SRR7548448_k63_contigs/run_saccharomycetes_odb10/hmmer_output/initial_run_results/9903at4891.out --cpu 1 /home/jj/Desktop/Bioinformatics/3rd_year/1term/Computational_genomics/Seminars/exercise_04/busco_downloads/lineages/saccharomycetes_odb10/hmms/9903at4891.hmm /home/jj/Desktop/Bioinformatics/3rd_year/1term/Computational_genomics/Seminars/exercise_04/./busco/SRR7548448/SRR7548448_k63_contigs/run_saccharomycetes_odb10/metaeuk_output/initial_results/SRR7548448_k63_graph.contig.fa.modified.fas 
# Current dir:     /home/jj/Desktop/Bioinformatics/3rd_year/1term/Computational_genomics/Seminars/exercise_04
# Date:            Tue Nov  5 18:48:24 2024
# [ok]
