#                                                                            --- full sequence --- -------------- this domain -------------   hmm coord   ali coord   env coord
# target name        accession   tlen query name           accession   qlen   E-value  score  bias   #  of  c-Evalue  i-Evalue  score  bias  from    to  from    to  from    to  acc description of target
#------------------- ---------- ----- -------------------- ---------- ----- --------- ------ ----- --- --- --------- --------- ------ ----- ----- ----- ----- ----- ----- ----- ---- ---------------------
145301:241-942       -            234 10660at4891          -            441     2e-26   87.7   0.1   1   3   4.4e-11   1.2e-09   32.5   0.1   118   195     1    81     1    84 0.87 -
145301:241-942       -            234 10660at4891          -            441     2e-26   87.7   0.1   2   3   3.1e-12   8.4e-11   36.3   0.0   117   193    84   163    80   176 0.85 -
145301:241-942       -            234 10660at4891          -            441     2e-26   87.7   0.1   3   3     6e-10   1.6e-08   28.8   0.0   141   201   149   214   148   227 0.88 -
142977:29-619        -            197 10660at4891          -            441   1.9e-24   81.3   0.2   1   3     1e-09   2.8e-08   28.0   0.0    91   156    16    77     1    80 0.89 -
142977:29-619        -            197 10660at4891          -            441   1.9e-24   81.3   0.2   2   3   8.3e-11   2.2e-09   31.6   0.0    72   158    41   124    39   127 0.91 -
142977:29-619        -            197 10660at4891          -            441   1.9e-24   81.3   0.2   3   3   9.8e-11   2.6e-09   31.4   0.0    68   158    81   166    75   174 0.84 -
144541:4-777         -            258 10660at4891          -            441   4.2e-22   73.5   7.3   1   3   9.5e-13   2.5e-11   38.0   0.5    96   194     2   109     1   116 0.82 -
144541:4-777         -            258 10660at4891          -            441   4.2e-22   73.5   7.3   2   3   5.6e-09   1.5e-07   25.6   0.2   115   153   115   152   108   159 0.89 -
144541:4-777         -            258 10660at4891          -            441   4.2e-22   73.5   7.3   3   3   2.6e-05   0.00069   13.5   0.0    68   132   160   229   155   253 0.74 -
144149:4-795         -            264 10660at4891          -            441   3.8e-21   70.4   0.0   1   2   4.1e-20   1.1e-18   62.3   0.0    73   248    65   239    52   242 0.85 -
144149:4-795         -            264 10660at4891          -            441   3.8e-21   70.4   0.0   2   2     3e-05    0.0008   13.3   0.0   116   180   191   262   188   264 0.75 -
145821:41-862        -            274 10660at4891          -            441     4e-20   67.0   7.4   1   3   4.1e-07   1.1e-05   19.4   0.1   143   204     2    67     1    71 0.82 -
145821:41-862        -            274 10660at4891          -            441     4e-20   67.0   7.4   2   3   6.9e-12   1.8e-10   35.2   0.5    69   161    59   141    55   173 0.74 -
145821:41-862        -            274 10660at4891          -            441     4e-20   67.0   7.4   3   3   6.9e-06   0.00018   15.4   0.3   140   193   209   264   203   265 0.81 -
145769:0-1415        -            472 10660at4891          -            441   5.5e-18   59.9   4.3   1   4     0.099       2.6    1.7   0.0    96   195    23   127    15   133 0.68 -
145769:0-1415        -            472 10660at4891          -            441   5.5e-18   59.9   4.3   2   4   2.9e-07   7.7e-06   19.9   0.5   118   194   140   222   117   231 0.77 -
145769:0-1415        -            472 10660at4891          -            441   5.5e-18   59.9   4.3   3   4    0.0041      0.11    6.2   0.0    97   203   235   345   223   351 0.70 -
145769:0-1415        -            472 10660at4891          -            441   5.5e-18   59.9   4.3   4   4     1e-10   2.8e-09   31.3   0.1    74   192   343   460   338   472 0.72 -
145543:193-1188      -            332 10660at4891          -            441   5.9e-15   50.0   1.5   1   3    0.0004     0.011    9.6   0.0   168   197     6    35     2    41 0.88 -
145543:193-1188      -            332 10660at4891          -            441   5.9e-15   50.0   1.5   2   3   3.6e-12   9.6e-11   36.1   0.2    72   194    59   194    46   201 0.81 -
145543:193-1188      -            332 10660at4891          -            441   5.9e-15   50.0   1.5   3   3      0.29       7.8    0.1   0.0   166   192   301   326   290   328 0.62 -
145583:484-1188      -            235 10660at4891          -            441   5.3e-14   46.8   0.4   1   2   2.4e-08   6.3e-07   23.5   0.1    51   162    17   132     5   138 0.76 -
145583:484-1188      -            235 10660at4891          -            441   5.3e-14   46.8   0.4   2   2   9.4e-08   2.5e-06   21.5   0.0    75   161   142   228   135   231 0.82 -
144489:26-847        -            274 10660at4891          -            441   7.2e-13   43.1   0.2   1   2   3.1e-07   8.3e-06   19.8   0.2    83   194     2    71     1    94 0.67 -
144489:26-847        -            274 10660at4891          -            441   7.2e-13   43.1   0.2   2   2   9.2e-08   2.5e-06   21.6   0.0    78   156   103   178    84   185 0.84 -
143313:52-507        -            152 10660at4891          -            441   2.4e-12   41.4   1.4   1   1   1.1e-13   2.8e-12   41.1   1.4    93   205     3   119     1   152 0.82 -
144067:217-762       -            182 10660at4891          -            441     3e-12   41.0   1.4   1   1   1.2e-13   3.3e-12   40.9   1.4    88   189    64   167    34   182 0.79 -
140077:5-511         -            169 10660at4891          -            441   3.3e-12   40.9   0.1   1   2      0.19       5.1    0.7   0.0   160   194     2    36     1    38 0.70 -
140077:5-511         -            169 10660at4891          -            441   3.3e-12   40.9   0.1   2   2   6.4e-13   1.7e-11   38.6   0.0    65   192    38   162    33   167 0.83 -
143663:88-690        -            201 10660at4891          -            441   4.5e-12   40.5   1.1   1   3   0.00046     0.012    9.4   0.0   140   165     2    27     1    53 0.85 -
143663:88-690        -            201 10660at4891          -            441   4.5e-12   40.5   1.1   2   3     4e-10   1.1e-08   29.3   0.1   139   203    65   132    61   150 0.82 -
143663:88-690        -            201 10660at4891          -            441   4.5e-12   40.5   1.1   3   3       0.3         8    0.1   0.0    72   114   128   168   122   201 0.70 -
143977:73-726        -            218 10660at4891          -            441   9.4e-12   39.4   0.9   1   1   5.8e-13   1.6e-11   38.7   0.9    33   226    18   215     5   217 0.78 -
141381:50-520        -            157 10660at4891          -            441   2.7e-11   37.9   0.0   1   2      0.49        13   -0.6   0.0   279   314    13    51     4    56 0.74 -
141381:50-520        -            157 10660at4891          -            441   2.7e-11   37.9   0.0   2   2   2.2e-12   5.8e-11   36.8   0.0   119   193    59   137    32   157 0.57 -
144137:68-793        -            242 10660at4891          -            441   2.8e-11   37.9   3.3   1   2    0.0011      0.03    8.1   0.1   129   193    83   150    64   160 0.70 -
144137:68-793        -            242 10660at4891          -            441   2.8e-11   37.9   3.3   2   2   2.1e-10   5.6e-09   30.3   0.6    74   160   160   239   154   241 0.88 -
140847:1-537         -            179 10660at4891          -            441   7.6e-11   36.4   0.1   1   1   2.5e-11   6.8e-10   33.3   0.1    81   193     6   135     1   147 0.71 -
143505:234-713       -            160 10660at4891          -            441     2e-09   31.7   0.0   1   1   1.1e-10   2.9e-09   31.2   0.0    74   204    17   143     5   148 0.82 -
143819:146-751       -            202 10660at4891          -            441     6e-09   30.2   0.2   1   2   3.4e-09   9.1e-08   26.3   0.0    73   181     7   111     2   141 0.77 -
143819:146-751       -            202 10660at4891          -            441     6e-09   30.2   0.2   2   2      0.13       3.5    1.3   0.1    90   112   166   188   158   200 0.78 -
141623:9-581         -            191 10660at4891          -            441   9.8e-08   26.2   1.6   1   2   0.00035    0.0093    9.8   0.3   137   223     5    93     3   102 0.77 -
141623:9-581         -            191 10660at4891          -            441   9.8e-08   26.2   1.6   2   2   4.8e-06   0.00013   15.9   0.1    68   235   110   190    87   191 0.47 -
143253:125-688       -            188 10660at4891          -            441     2e-07   25.2   0.0   1   2    0.0085      0.23    5.2   0.0   165   192    26    53     9    72 0.86 -
143253:125-688       -            188 10660at4891          -            441     2e-07   25.2   0.0   2   2   8.6e-07   2.3e-05   18.4   0.0   115   158   101   143    75   186 0.75 -
145907:260-880       -            207 10660at4891          -            441   2.9e-07   24.6   0.0   1   2   6.7e-05    0.0018   12.1   0.0    92   163     4    82     1   104 0.75 -
145907:260-880       -            207 10660at4891          -            441   2.9e-07   24.6   0.0   2   2   0.00021    0.0057   10.5   0.0    76   154   119   190   114   201 0.78 -
145365:0-995         -            332 10660at4891          -            441   3.4e-07   24.4   0.1   1   2    0.0013     0.034    7.9   0.0    63   119    51   108    34   120 0.74 -
145365:0-995         -            332 10660at4891          -            441   3.4e-07   24.4   0.1   2   2   1.2e-05   0.00031   14.6   0.0    92   194   176   283   151   314 0.79 -
144833:0-911         -            304 10660at4891          -            441   1.4e-06   22.3   0.3   1   1   1.1e-07   2.9e-06   21.3   0.3   119   159   256   296   236   301 0.89 -
145363:1-1098        -            366 10660at4891          -            441   0.00071   13.4   0.0   1   1   4.2e-05    0.0011   12.8   0.0   158   195   112   149    84   160 0.79 -
#
# Program:         hmmsearch
# Version:         3.1b2 (February 2015)
# Pipeline mode:   SEARCH
# Query file:      /home/jj/Desktop/Bioinformatics/3rd_year/1term/Computational_genomics/Seminars/exercise_04/busco_downloads/lineages/saccharomycetes_odb10/hmms/10660at4891.hmm
# Target file:     /home/jj/Desktop/Bioinformatics/3rd_year/1term/Computational_genomics/Seminars/exercise_04/./busco/SRR7548448/SRR7548448_k63_contigs/run_saccharomycetes_odb10/metaeuk_output/rerun_results/SRR7548448_k63_graph.contig.fa.modified.fas
# Option settings: hmmsearch --domtblout /home/jj/Desktop/Bioinformatics/3rd_year/1term/Computational_genomics/Seminars/exercise_04/./busco/SRR7548448/SRR7548448_k63_contigs/run_saccharomycetes_odb10/hmmer_output/rerun_results/10660at4891.out --cpu 1 /home/jj/Desktop/Bioinformatics/3rd_year/1term/Computational_genomics/Seminars/exercise_04/busco_downloads/lineages/saccharomycetes_odb10/hmms/10660at4891.hmm /home/jj/Desktop/Bioinformatics/3rd_year/1term/Computational_genomics/Seminars/exercise_04/./busco/SRR7548448/SRR7548448_k63_contigs/run_saccharomycetes_odb10/metaeuk_output/rerun_results/SRR7548448_k63_graph.contig.fa.modified.fas 
# Current dir:     /home/jj/Desktop/Bioinformatics/3rd_year/1term/Computational_genomics/Seminars/exercise_04
# Date:            Tue Nov  5 18:54:31 2024
# [ok]
