#                                                                            --- full sequence --- -------------- this domain -------------   hmm coord   ali coord   env coord
# target name        accession   tlen query name           accession   qlen   E-value  score  bias   #  of  c-Evalue  i-Evalue  score  bias  from    to  from    to  from    to  acc description of target
#------------------- ---------- ----- -------------------- ---------- ----- --------- ------ ----- --- --- --------- --------- ------ ----- ----- ----- ----- ----- ----- ----- ---- ---------------------
141713:28-582        -            185 11201at4891          -            346  9.3e-119  391.6   3.3   1   1    2e-120    1e-118  391.5   3.3   159   340     1   185     1   185 0.99 -
140201:39-518        -            160 11201at4891          -            346   1.1e-61  203.9   0.0   1   1   2.4e-63   1.2e-61  203.8   0.0   107   259     1   160     1   160 0.95 -
139339:2-487         -            162 11201at4891          -            346   1.5e-49  164.0   0.5   1   1   3.4e-51   1.8e-49  163.8   0.5   155   305     8   160     3   162 0.94 -
145219:1-639         -            213 11201at4891          -            346   9.9e-47  154.7   0.0   1   1   2.1e-48   1.1e-46  154.6   0.0   116   320     2   212     1   213 0.92 -
132471:0-341         -            114 11201at4891          -            346   1.2e-44  147.9   0.1   1   1   2.8e-46   1.4e-44  147.7   0.1   168   265     2   102     1   112 0.93 -
140107:3-434         -            144 11201at4891          -            346   9.7e-38  125.2   0.1   1   1   2.1e-39   1.1e-37  125.0   0.1   179   320     1   144     1   144 0.93 -
144757:0-659         -            220 11201at4891          -            346   2.3e-34  114.1   0.0   1   1     5e-36   2.5e-34  113.9   0.0   101   281     2   185     1   219 0.80 -
136991:2-403         -            134 11201at4891          -            346   9.2e-32  105.5   0.0   1   1   1.9e-33   9.9e-32  105.4   0.0   112   235     1   129     1   134 0.92 -
142381:156-611       -            152 11201at4891          -            346   1.2e-28   95.3   1.3   1   1   2.6e-30   1.3e-28   95.1   1.3   171   320     3   151     1   152 0.93 -
143129:1-615         -            205 11201at4891          -            346   1.5e-19   65.4   0.1   1   1   3.6e-21   1.9e-19   65.1   0.1   184   321     2   143     1   160 0.80 -
137839:5-403         -            133 11201at4891          -            346   9.7e-19   62.7   0.3   1   1   1.9e-20     1e-18   62.7   0.3   193   317     2   130     1   133 0.68 -
141755:252-584       -            111 11201at4891          -            346   7.9e-16   53.1   0.0   1   1   1.7e-17   8.9e-16   52.9   0.0   159   254    11   111     3   111 0.85 -
145413:151-1119      -            323 11201at4891          -            346   9.7e-10   33.1   0.0   1   1   3.1e-11   1.6e-09   32.4   0.0   240   332     2    93     1   100 0.86 -
#
# Program:         hmmsearch
# Version:         3.1b2 (February 2015)
# Pipeline mode:   SEARCH
# Query file:      /home/jj/Desktop/Bioinformatics/3rd_year/1term/Computational_genomics/Seminars/exercise_04/busco_downloads/lineages/saccharomycetes_odb10/hmms/11201at4891.hmm
# Target file:     /home/jj/Desktop/Bioinformatics/3rd_year/1term/Computational_genomics/Seminars/exercise_04/./busco/SRR7548448/SRR7548448_k63_contigs/run_saccharomycetes_odb10/metaeuk_output/rerun_results/SRR7548448_k63_graph.contig.fa.modified.fas
# Option settings: hmmsearch --domtblout /home/jj/Desktop/Bioinformatics/3rd_year/1term/Computational_genomics/Seminars/exercise_04/./busco/SRR7548448/SRR7548448_k63_contigs/run_saccharomycetes_odb10/hmmer_output/rerun_results/11201at4891.out --cpu 1 /home/jj/Desktop/Bioinformatics/3rd_year/1term/Computational_genomics/Seminars/exercise_04/busco_downloads/lineages/saccharomycetes_odb10/hmms/11201at4891.hmm /home/jj/Desktop/Bioinformatics/3rd_year/1term/Computational_genomics/Seminars/exercise_04/./busco/SRR7548448/SRR7548448_k63_contigs/run_saccharomycetes_odb10/metaeuk_output/rerun_results/SRR7548448_k63_graph.contig.fa.modified.fas 
# Current dir:     /home/jj/Desktop/Bioinformatics/3rd_year/1term/Computational_genomics/Seminars/exercise_04
# Date:            Tue Nov  5 18:54:36 2024
# [ok]
