#                                                                            --- full sequence --- -------------- this domain -------------   hmm coord   ali coord   env coord
# target name        accession   tlen query name           accession   qlen   E-value  score  bias   #  of  c-Evalue  i-Evalue  score  bias  from    to  from    to  from    to  acc description of target
#------------------- ---------- ----- -------------------- ---------- ----- --------- ------ ----- --- --- --------- --------- ------ ----- ----- ----- ----- ----- ----- ----- ---- ---------------------
145301:241-942       -            234 11568at4891          -            259   1.9e-25   85.1   0.1   1   2   2.4e-11   7.1e-10   34.1   0.1    68   139     2    77     1    80 0.93 -
145301:241-942       -            234 11568at4891          -            259   1.9e-25   85.1   0.1   2   2   4.8e-16   1.5e-14   49.5   0.0    24   142    82   207    77   215 0.87 -
145821:41-862        -            274 11568at4891          -            259     3e-22   74.7   4.3   1   2   1.5e-18   4.4e-17   57.8   1.7    24   161    17   153     1   173 0.83 -
145821:41-862        -            274 11568at4891          -            259     3e-22   74.7   4.3   2   2   2.1e-05   0.00064   14.6   0.0    85   144   208   267   202   273 0.81 -
143663:88-690        -            201 11568at4891          -            259   4.1e-16   54.6   0.1   1   3   0.00089     0.027    9.3   0.0    46   154     2    30     1    53 0.54 -
143663:88-690        -            201 11568at4891          -            259   4.1e-16   54.6   0.1   2   3   9.4e-11   2.8e-09   32.2   0.1    32   100    52   120    30   123 0.85 -
143663:88-690        -            201 11568at4891          -            259   4.1e-16   54.6   0.1   3   3   0.00031    0.0094   10.8   0.0    28    99   127   200   122   201 0.82 -
145769:0-1415        -            472 11568at4891          -            259   1.1e-15   53.2   1.4   1   4      0.11       3.4    2.4   0.0    55   105    37    89    19   129 0.61 -
145769:0-1415        -            472 11568at4891          -            259   1.1e-15   53.2   1.4   2   4     0.006      0.18    6.6   0.3    72   140   145   220    93   225 0.75 -
145769:0-1415        -            472 11568at4891          -            259   1.1e-15   53.2   1.4   3   4   2.4e-06   7.2e-05   17.7   0.0    28   140   255   374   246   376 0.84 -
145769:0-1415        -            472 11568at4891          -            259   1.1e-15   53.2   1.4   4   4   1.8e-11   5.5e-10   34.5   0.0    26   142   338   462   334   469 0.84 -
140077:5-511         -            169 11568at4891          -            259   1.1e-13   46.6   0.0   1   1   5.1e-15   1.5e-13   46.1   0.0    43   141    17   120     2   131 0.82 -
144149:4-795         -            264 11568at4891          -            259   2.9e-13   45.2   0.1   1   2   3.8e-09   1.2e-07   26.9   0.1    38   143    32   147    23   153 0.82 -
144149:4-795         -            264 11568at4891          -            259   2.9e-13   45.2   0.1   2   2   7.2e-06   0.00022   16.2   0.0    24    83   190   253   169   263 0.83 -
142977:29-619        -            197 11568at4891          -            259   4.2e-13   44.7   0.0   1   2   0.00046     0.014   10.2   0.0   114   140     5    31     2    36 0.92 -
142977:29-619        -            197 11568at4891          -            259   4.2e-13   44.7   0.0   2   2   8.3e-11   2.5e-09   32.3   0.0    31   151    43   173    39   184 0.72 -
143505:234-713       -            160 11568at4891          -            259   8.2e-12   40.5   0.1   1   1   4.6e-13   1.4e-11   39.7   0.1    56   187     2   129     1   140 0.77 -
143313:52-507        -            152 11568at4891          -            259   1.6e-11   39.6   1.0   1   2   5.6e-08   1.7e-06   23.1   0.1    86   143     2    66     1    71 0.85 -
143313:52-507        -            152 11568at4891          -            259   1.6e-11   39.6   1.0   2   2     1e-05    0.0003   15.7   0.1    29    81    72   125    67   150 0.75 -
144541:4-777         -            258 11568at4891          -            259   1.2e-10   36.7   4.1   1   2   3.5e-09   1.1e-07   27.0   1.9     7   139     1   152     1   156 0.78 -
144541:4-777         -            258 11568at4891          -            259   1.2e-10   36.7   4.1   2   2   2.1e-06   6.3e-05   17.9   0.1    87   142   140   201   139   210 0.80 -
143819:146-751       -            202 11568at4891          -            259     2e-10   35.9   0.2   1   2   5.9e-09   1.8e-07   26.3   0.0    69   147     6    88     3    99 0.86 -
143819:146-751       -            202 11568at4891          -            259     2e-10   35.9   0.2   2   2    0.0022     0.066    8.0   0.1     9    66   132   188   124   202 0.76 -
143977:73-726        -            218 11568at4891          -            259   4.4e-10   34.8   0.1   1   2   1.5e-07   4.5e-06   21.7   0.0    45    96    37    88    25    96 0.91 -
143977:73-726        -            218 11568at4891          -            259   4.4e-10   34.8   0.1   2   2   0.00028    0.0084   10.9   0.0    29   103   102   183    90   205 0.74 -
145543:193-1188      -            332 11568at4891          -            259   1.6e-09   33.0   3.3   1   3       1.1        33   -0.8   0.0    45    59    15    29     3    42 0.48 -
145543:193-1188      -            332 11568at4891          -            259   1.6e-09   33.0   3.3   2   3   8.4e-08   2.6e-06   22.5   0.7    66   145    56   155    50   162 0.75 -
145543:193-1188      -            332 11568at4891          -            259   1.6e-09   33.0   3.3   3   3    0.0037      0.11    7.3   0.0    22    72   152   204   151   208 0.85 -
144137:68-793        -            242 11568at4891          -            259   2.4e-09   32.4   3.0   1   1   1.3e-10   4.1e-09   31.6   3.0    23   139   110   232    91   238 0.83 -
144067:217-762       -            182 11568at4891          -            259   1.7e-07   26.3   3.7   1   2   0.00034      0.01   10.7   2.7    22   101    33   131    14   138 0.72 -
144067:217-762       -            182 11568at4891          -            259   1.7e-07   26.3   3.7   2   2   1.8e-05   0.00054   14.9   0.0    28    57   138   167   131   172 0.93 -
145583:484-1188      -            235 11568at4891          -            259   1.9e-07   26.1   0.0   1   2   0.00014    0.0041   11.9   0.0    24    65    33    77     8    82 0.80 -
145583:484-1188      -            235 11568at4891          -            259   1.9e-07   26.1   0.0   2   2   0.00018    0.0055   11.5   0.0    48   107   163   228   146   233 0.67 -
145907:260-880       -            207 11568at4891          -            259   2.9e-07   25.6   0.8   1   3   8.8e-06   0.00027   15.9   0.1    66   103    38    77     4    83 0.87 -
145907:260-880       -            207 11568at4891          -            259   2.9e-07   25.6   0.8   2   3     0.093       2.8    2.7   0.0   110   140   118   148    95   154 0.76 -
145907:260-880       -            207 11568at4891          -            259   2.9e-07   25.6   0.8   3   3     0.088       2.7    2.8   0.0   110   142   160   192   154   206 0.82 -
144489:26-847        -            274 11568at4891          -            259   9.9e-07   23.8   0.2   1   2    0.0029     0.086    7.6   0.1    45    99    10    68     4    78 0.71 -
144489:26-847        -            274 11568at4891          -            259   9.9e-07   23.8   0.2   2   2   3.4e-05     0.001   13.9   0.0    89   142   121   178   115   188 0.87 -
140847:1-537         -            179 11568at4891          -            259   1.3e-06   23.4   0.3   1   2   0.00086     0.026    9.3   0.1   114   147    54    87    13    94 0.71 -
140847:1-537         -            179 11568at4891          -            259   1.3e-06   23.4   0.3   2   2   0.00033      0.01   10.7   0.0    82   120   116   154    98   159 0.78 -
143253:125-688       -            188 11568at4891          -            259   2.9e-06   22.3   0.0   1   1   1.4e-07   4.1e-06   21.8   0.0    39   144    32   143     7   159 0.74 -
141623:9-581         -            191 11568at4891          -            259   5.8e-06   21.3   1.0   1   2         1        31   -0.8   0.0   124   142     5    23     2    60 0.83 -
141623:9-581         -            191 11568at4891          -            259   5.8e-06   21.3   1.0   2   2   5.1e-07   1.5e-05   19.9   0.2    39   112    83   159    73   191 0.67 -
141381:50-520        -            157 11568at4891          -            259   6.5e-05   17.9   0.0   1   1   2.7e-06   8.2e-05   17.5   0.0    44   112    78   149    52   156 0.67 -
#
# Program:         hmmsearch
# Version:         3.1b2 (February 2015)
# Pipeline mode:   SEARCH
# Query file:      /home/jj/Desktop/Bioinformatics/3rd_year/1term/Computational_genomics/Seminars/exercise_04/busco_downloads/lineages/saccharomycetes_odb10/hmms/11568at4891.hmm
# Target file:     /home/jj/Desktop/Bioinformatics/3rd_year/1term/Computational_genomics/Seminars/exercise_04/./busco/SRR7548448/SRR7548448_k63_contigs/run_saccharomycetes_odb10/metaeuk_output/rerun_results/SRR7548448_k63_graph.contig.fa.modified.fas
# Option settings: hmmsearch --domtblout /home/jj/Desktop/Bioinformatics/3rd_year/1term/Computational_genomics/Seminars/exercise_04/./busco/SRR7548448/SRR7548448_k63_contigs/run_saccharomycetes_odb10/hmmer_output/rerun_results/11568at4891.out --cpu 1 /home/jj/Desktop/Bioinformatics/3rd_year/1term/Computational_genomics/Seminars/exercise_04/busco_downloads/lineages/saccharomycetes_odb10/hmms/11568at4891.hmm /home/jj/Desktop/Bioinformatics/3rd_year/1term/Computational_genomics/Seminars/exercise_04/./busco/SRR7548448/SRR7548448_k63_contigs/run_saccharomycetes_odb10/metaeuk_output/rerun_results/SRR7548448_k63_graph.contig.fa.modified.fas 
# Current dir:     /home/jj/Desktop/Bioinformatics/3rd_year/1term/Computational_genomics/Seminars/exercise_04
# Date:            Tue Nov  5 18:54:13 2024
# [ok]
