#                                                                            --- full sequence --- -------------- this domain -------------   hmm coord   ali coord   env coord
# target name        accession   tlen query name           accession   qlen   E-value  score  bias   #  of  c-Evalue  i-Evalue  score  bias  from    to  from    to  from    to  acc description of target
#------------------- ---------- ----- -------------------- ---------- ----- --------- ------ ----- --- --- --------- --------- ------ ----- ----- ----- ----- ----- ----- ----- ---- ---------------------
145583:484-1188      -            235 11696at4891          -            390   2.7e-17   58.2   3.6   1   2   1.7e-05   0.00049   14.6   0.2   220   290     1    74     1    83 0.72 -
145583:484-1188      -            235 11696at4891          -            390   2.7e-17   58.2   3.6   2   2   1.1e-14   3.2e-13   44.8   0.5   221   329   100   220    86   226 0.78 -
145769:0-1415        -            472 11696at4891          -            390   2.7e-16   54.9   6.1   1   3   7.1e-09   2.1e-07   25.7   2.6   183   367    58   269    39   272 0.67 -
145769:0-1415        -            472 11696at4891          -            390   2.7e-16   54.9   6.1   2   3   2.1e-08     6e-07   24.1   0.1   263   330   349   416   333   420 0.87 -
145769:0-1415        -            472 11696at4891          -            390   2.7e-16   54.9   6.1   3   3      0.11       3.1    2.0   0.0   124   157   433   466   423   470 0.87 -
140077:5-511         -            169 11696at4891          -            390     8e-15   50.1   0.6   1   2   4.7e-14   1.4e-12   42.7   0.2   217   330     8   119     1   120 0.92 -
140077:5-511         -            169 11696at4891          -            390     8e-15   50.1   0.6   2   2   8.1e-05    0.0024   12.3   0.0   227   290   102   164    93   169 0.84 -
145301:241-942       -            234 11696at4891          -            390     2e-13   45.5   2.7   1   3   1.7e-06     5e-05   17.8   0.2   263   329    11    77     3    81 0.88 -
145301:241-942       -            234 11696at4891          -            390     2e-13   45.5   2.7   2   3   1.5e-07   4.3e-06   21.3   0.4   217   331    51   163    46   167 0.87 -
145301:241-942       -            234 11696at4891          -            390     2e-13   45.5   2.7   3   3   3.3e-05   0.00095   13.6   0.0   217   252   178   213   166   216 0.88 -
143663:88-690        -            201 11696at4891          -            390   9.4e-13   43.2   1.8   1   3   1.9e-08   5.6e-07   24.2   0.2   269   331    60   121     1   124 0.66 -
143663:88-690        -            201 11696at4891          -            390   9.4e-13   43.2   1.8   2   3   8.8e-09   2.5e-07   25.4   0.1   228   328    64   158    43   176 0.66 -
143663:88-690        -            201 11696at4891          -            390   9.4e-13   43.2   1.8   3   3      0.74        21   -0.7   0.0   120   149   168   199   134   201 0.48 -
145543:193-1188      -            332 11696at4891          -            390   3.2e-11   38.2   1.1   1   4    0.0034     0.097    7.0   0.0   216   246     2    32     1    40 0.87 -
145543:193-1188      -            332 11696at4891          -            390   3.2e-11   38.2   1.1   2   4    0.0027     0.077    7.3   0.0   290   333    53    95    50   102 0.88 -
145543:193-1188      -            332 11696at4891          -            390   3.2e-11   38.2   1.1   3   4     1e-06     3e-05   18.6   0.2   255   328   117   190   104   198 0.89 -
145543:193-1188      -            332 11696at4891          -            390   3.2e-11   38.2   1.1   4   4      0.25       7.3    0.8   0.0   308   329   304   325   282   329 0.72 -
144489:26-847        -            274 11696at4891          -            390   3.2e-10   34.9   0.5   1   3     0.094       2.7    2.2   0.4   308   331     3    26     1    42 0.85 -
144489:26-847        -            274 11696at4891          -            390   3.2e-10   34.9   0.5   2   3   1.5e-05   0.00043   14.8   0.0   212   253    39    78    18    87 0.70 -
144489:26-847        -            274 11696at4891          -            390   3.2e-10   34.9   0.5   3   3   1.2e-05   0.00035   15.1   0.0   228   290   115   178   109   194 0.80 -
142977:29-619        -            197 11696at4891          -            390   5.5e-10   34.1   0.8   1   2   2.6e-06   7.5e-05   17.2   0.1   272   331    15    76     1    89 0.85 -
142977:29-619        -            197 11696at4891          -            390   5.5e-10   34.1   0.8   2   2   7.6e-06   0.00022   15.7   0.1   272   331   104   163    77   171 0.85 -
144137:68-793        -            242 11696at4891          -            390   1.5e-09   32.7   4.8   1   2   3.6e-08     1e-06   23.3   3.1   210   331    73   192    46   200 0.88 -
144137:68-793        -            242 11696at4891          -            390   1.5e-09   32.7   4.8   2   2   0.00082     0.024    9.0   0.0   215   246   204   235   195   242 0.71 -
141623:9-581         -            191 11696at4891          -            390   1.8e-09   32.4   4.2   1   2    0.0028     0.082    7.2   0.9   274   330     7    63     1    69 0.59 -
141623:9-581         -            191 11696at4891          -            390   1.8e-09   32.4   4.2   2   2   3.3e-09   9.6e-08   26.8   0.1   226   328    86   190    69   191 0.82 -
144149:4-795         -            264 11696at4891          -            390   6.2e-09   30.7   0.3   1   2     0.012      0.34    5.2   0.1   295   332   110   146    23   154 0.62 -
144149:4-795         -            264 11696at4891          -            390   6.2e-09   30.7   0.3   2   2   5.8e-08   1.7e-06   22.7   0.0   222   312   164   255   154   263 0.79 -
144353:2-823         -            274 11696at4891          -            390   6.1e-07   24.1   0.0   1   2     0.033      0.97    3.7   0.0   262   319    22    79    15   110 0.81 -
144353:2-823         -            274 11696at4891          -            390   6.1e-07   24.1   0.0   2   2   1.1e-06   3.1e-05   18.5   0.0   212   289   126   205   121   269 0.63 -
143977:73-726        -            218 11696at4891          -            390   8.2e-07   23.7   0.3   1   2     0.026      0.76    4.0   0.0   221   276    29    79     6    93 0.77 -
143977:73-726        -            218 11696at4891          -            390   8.2e-07   23.7   0.3   2   2     5e-07   1.5e-05   19.6   0.1   224   335    72   185    64   199 0.79 -
143819:146-751       -            202 11696at4891          -            390   9.3e-07   23.5   0.8   1   2    0.0013     0.039    8.3   0.1   254   331     5    82     1    87 0.85 -
143819:146-751       -            202 11696at4891          -            390   9.3e-07   23.5   0.8   2   2   2.7e-05   0.00079   13.9   0.0   125   204    97   178    87   200 0.81 -
141381:50-520        -            157 11696at4891          -            390   3.9e-05   18.2   0.1   1   1   3.3e-06   9.5e-05   16.9   0.1   275   329    81   135    56   140 0.85 -
143505:234-713       -            160 11696at4891          -            390   8.4e-05   17.1   0.0   1   2   1.6e-05   0.00046   14.7   0.0   258   331    18    90     2    95 0.81 -
143505:234-713       -            160 11696at4891          -            390   8.4e-05   17.1   0.0   2   2       0.4        12    0.2   0.0   225   247   112   134   104   142 0.64 -
145821:41-862        -            274 11696at4891          -            390   9.4e-05   16.9   7.2   1   2   0.00012    0.0033   11.8   1.0   232   331    41   135    28   142 0.84 -
145821:41-862        -            274 11696at4891          -            390   9.4e-05   16.9   7.2   2   2    0.0018     0.052    7.9   0.3   230   289   209   264   203   272 0.54 -
140847:1-537         -            179 11696at4891          -            390   0.00012   16.6   0.1   1   3     0.011      0.31    5.3   0.0   302   330     3    31     1    48 0.87 -
140847:1-537         -            179 11696at4891          -            390   0.00012   16.6   0.1   2   3    0.0069       0.2    6.0   0.0   299   332    50    82    45    94 0.85 -
140847:1-537         -            179 11696at4891          -            390   0.00012   16.6   0.1   3   3      0.11         3    2.1   0.0   295   330   100   134    95   154 0.85 -
145365:0-995         -            332 11696at4891          -            390   0.00022   15.7   1.6   1   2    0.0072      0.21    5.9   0.0   291   346    54   113    46   129 0.64 -
145365:0-995         -            332 11696at4891          -            390   0.00022   15.7   1.6   2   2    0.0019     0.054    7.8   0.2   227   249   264   286   238   327 0.80 -
144833:0-911         -            304 11696at4891          -            390   0.00027   15.4   0.1   1   1   2.8e-05   0.00081   13.8   0.1   298   331   259   292   255   298 0.92 -
145907:260-880       -            207 11696at4891          -            390   0.00028   15.4   0.4   1   2    0.0003    0.0086   10.5   0.1   232   287     6    73     2    81 0.61 -
145907:260-880       -            207 11696at4891          -            390   0.00028   15.4   0.4   2   2     0.056       1.6    3.0   0.0   217   245   121   149   100   190 0.74 -
145363:1-1098        -            366 11696at4891          -            390    0.0015   12.9   0.0   1   1     8e-05    0.0023   12.3   0.0   228   294    88   152    27   193 0.79 -
144047:63-782        -            240 11696at4891          -            390    0.0081   10.5   2.0   1   3     0.072       2.1    2.6   0.0   293   324     8    38     4    44 0.87 -
144047:63-782        -            240 11696at4891          -            390    0.0081   10.5   2.0   2   3     0.003     0.086    7.2   0.1   212   243   146   177    44   193 0.78 -
144047:63-782        -            240 11696at4891          -            390    0.0081   10.5   2.0   3   3       2.5        71   -2.4   0.1   264   286   215   237   206   239 0.57 -
#
# Program:         hmmsearch
# Version:         3.1b2 (February 2015)
# Pipeline mode:   SEARCH
# Query file:      /home/jj/Desktop/Bioinformatics/3rd_year/1term/Computational_genomics/Seminars/exercise_04/busco_downloads/lineages/saccharomycetes_odb10/hmms/11696at4891.hmm
# Target file:     /home/jj/Desktop/Bioinformatics/3rd_year/1term/Computational_genomics/Seminars/exercise_04/./busco/SRR7548448/SRR7548448_k63_contigs/run_saccharomycetes_odb10/metaeuk_output/rerun_results/SRR7548448_k63_graph.contig.fa.modified.fas
# Option settings: hmmsearch --domtblout /home/jj/Desktop/Bioinformatics/3rd_year/1term/Computational_genomics/Seminars/exercise_04/./busco/SRR7548448/SRR7548448_k63_contigs/run_saccharomycetes_odb10/hmmer_output/rerun_results/11696at4891.out --cpu 1 /home/jj/Desktop/Bioinformatics/3rd_year/1term/Computational_genomics/Seminars/exercise_04/busco_downloads/lineages/saccharomycetes_odb10/hmms/11696at4891.hmm /home/jj/Desktop/Bioinformatics/3rd_year/1term/Computational_genomics/Seminars/exercise_04/./busco/SRR7548448/SRR7548448_k63_contigs/run_saccharomycetes_odb10/metaeuk_output/rerun_results/SRR7548448_k63_graph.contig.fa.modified.fas 
# Current dir:     /home/jj/Desktop/Bioinformatics/3rd_year/1term/Computational_genomics/Seminars/exercise_04
# Date:            Tue Nov  5 18:54:10 2024
# [ok]
