#                                                                            --- full sequence --- -------------- this domain -------------   hmm coord   ali coord   env coord
# target name        accession   tlen query name           accession   qlen   E-value  score  bias   #  of  c-Evalue  i-Evalue  score  bias  from    to  from    to  from    to  acc description of target
#------------------- ---------- ----- -------------------- ---------- ----- --------- ------ ----- --- --- --------- --------- ------ ----- ----- ----- ----- ----- ----- ----- ---- ---------------------
145673:1-975         -            325 11902at4891          -            265   1.4e-06   23.1   0.0   1   2   0.00033     0.055    8.0   0.0    39    59    32    52    20    60 0.87 -
145673:1-975         -            325 11902at4891          -            265   1.4e-06   23.1   0.0   2   2   1.2e-05    0.0021   12.7   0.0    28    63   260   294   251   306 0.82 -
142789:24-650        -            209 11902at4891          -            265   5.4e-05   17.9   0.0   1   2   3.8e-06   0.00063   14.4   0.0     2    58     4    60     3    69 0.84 -
142789:24-650        -            209 11902at4891          -            265   5.4e-05   17.9   0.0   2   2     0.036         6    1.3   0.0    53   110   111   170   101   175 0.69 -
142111:5-505         -            167 11902at4891          -            265   0.00031   15.4   0.0   1   1   2.7e-06   0.00044   14.9   0.0    32    58    66    92    58    98 0.85 -
145085:0-986         -            329 11902at4891          -            265    0.0025   12.4   0.2   1   2      0.38        63   -2.0   0.1   215   244    49    80    19    95 0.58 -
145085:0-986         -            329 11902at4891          -            265    0.0025   12.4   0.2   2   2   4.1e-05    0.0068   11.0   0.0    37    64   165   192   152   199 0.86 -
#
# Program:         hmmsearch
# Version:         3.1b2 (February 2015)
# Pipeline mode:   SEARCH
# Query file:      /home/jj/Desktop/Bioinformatics/3rd_year/1term/Computational_genomics/Seminars/exercise_04/busco_downloads/lineages/saccharomycetes_odb10/hmms/11902at4891.hmm
# Target file:     /home/jj/Desktop/Bioinformatics/3rd_year/1term/Computational_genomics/Seminars/exercise_04/./busco/SRR7548448/SRR7548448_k63_contigs/run_saccharomycetes_odb10/metaeuk_output/rerun_results/SRR7548448_k63_graph.contig.fa.modified.fas
# Option settings: hmmsearch --domtblout /home/jj/Desktop/Bioinformatics/3rd_year/1term/Computational_genomics/Seminars/exercise_04/./busco/SRR7548448/SRR7548448_k63_contigs/run_saccharomycetes_odb10/hmmer_output/rerun_results/11902at4891.out --cpu 1 /home/jj/Desktop/Bioinformatics/3rd_year/1term/Computational_genomics/Seminars/exercise_04/busco_downloads/lineages/saccharomycetes_odb10/hmms/11902at4891.hmm /home/jj/Desktop/Bioinformatics/3rd_year/1term/Computational_genomics/Seminars/exercise_04/./busco/SRR7548448/SRR7548448_k63_contigs/run_saccharomycetes_odb10/metaeuk_output/rerun_results/SRR7548448_k63_graph.contig.fa.modified.fas 
# Current dir:     /home/jj/Desktop/Bioinformatics/3rd_year/1term/Computational_genomics/Seminars/exercise_04
# Date:            Tue Nov  5 18:54:10 2024
# [ok]
