#                                                                            --- full sequence --- -------------- this domain -------------   hmm coord   ali coord   env coord
# target name        accession   tlen query name           accession   qlen   E-value  score  bias   #  of  c-Evalue  i-Evalue  score  bias  from    to  from    to  from    to  acc description of target
#------------------- ---------- ----- -------------------- ---------- ----- --------- ------ ----- --- --- --------- --------- ------ ----- ----- ----- ----- ----- ----- ----- ---- ---------------------
145769:0-1415        -            472 12237at4891          -            312     3e-26   87.5   2.6   1   5     0.095       3.2    2.0   0.0    99   238    58    89    31   116 0.63 -
145769:0-1415        -            472 12237at4891          -            312     3e-26   87.5   2.6   2   5   8.6e-07   2.9e-05   18.6   0.2    91   166   141   222   139   225 0.81 -
145769:0-1415        -            472 12237at4891          -            312     3e-26   87.5   2.6   3   5      0.12       3.9    1.7   0.0   173   227   259   314   239   315 0.68 -
145769:0-1415        -            472 12237at4891          -            312     3e-26   87.5   2.6   4   5   1.3e-19   4.3e-18   60.7   0.0    64   192   313   448   303   450 0.88 -
145769:0-1415        -            472 12237at4891          -            312     3e-26   87.5   2.6   5   5      0.16       5.2    1.3   0.0    69    92   446   469   441   472 0.80 -
145821:41-862        -            274 12237at4891          -            312   2.3e-14   48.5   9.0   1   4   9.6e-10   3.2e-08   28.3   2.0    73   172     3   101     1   117 0.83 -
145821:41-862        -            274 12237at4891          -            312   2.3e-14   48.5   9.0   2   4   5.3e-08   1.8e-06   22.6   3.0    80   169    50   139    50   152 0.85 -
145821:41-862        -            274 12237at4891          -            312   2.3e-14   48.5   9.0   3   4     0.036       1.2    3.4   0.0   148   172   207   231   196   247 0.71 -
145821:41-862        -            274 12237at4891          -            312   2.3e-14   48.5   9.0   4   4   0.00036     0.012   10.0   0.0    69    91   249   271   242   273 0.86 -
143663:88-690        -            201 12237at4891          -            312   1.6e-13   45.7   0.1   1   2    0.0067      0.22    5.8   0.0    69    99     2    32     1    49 0.72 -
143663:88-690        -            201 12237at4891          -            312   1.6e-13   45.7   0.1   2   2   1.6e-12   5.2e-11   37.5   0.0    61   164    58   160    48   169 0.87 -
145301:241-942       -            234 12237at4891          -            312   2.6e-13   45.0   1.8   1   3   6.1e-06    0.0002   15.8   0.1   106   164    18    78     6    98 0.86 -
145301:241-942       -            234 12237at4891          -            312   2.6e-13   45.0   1.8   2   3    0.0064      0.21    5.9   0.0   150   166   106   122   104   146 0.85 -
145301:241-942       -            234 12237at4891          -            312   2.6e-13   45.0   1.8   3   3   1.3e-07   4.3e-06   21.3   0.0    67   130   147   211   130   217 0.82 -
144137:68-793        -            242 12237at4891          -            312   1.3e-09   32.8   0.2   1   2   1.4e-10   4.5e-09   31.1   0.2    69   166    93   193    62   201 0.86 -
144137:68-793        -            242 12237at4891          -            312   1.3e-09   32.8   0.2   2   2       0.7        23   -0.8   0.0    68    90   218   240   214   242 0.69 -
140077:5-511         -            169 12237at4891          -            312   2.9e-09   31.7   0.0   1   3   4.3e-07   1.4e-05   19.6   0.0    97   166     7    80     1    86 0.89 -
140077:5-511         -            169 12237at4891          -            312   2.9e-09   31.7   0.0   2   3     0.015      0.49    4.7   0.0   137   170    88   125    84   132 0.75 -
140077:5-511         -            169 12237at4891          -            312   2.9e-09   31.7   0.0   3   3     0.026      0.88    3.9   0.0   210   230   138   158   133   163 0.58 -
145543:193-1188      -            332 12237at4891          -            312   7.9e-09   30.3   2.7   1   4     0.029      0.95    3.8   0.0   105   126    11    32     2    39 0.78 -
145543:193-1188      -            332 12237at4891          -            312   7.9e-09   30.3   2.7   2   4   0.00051     0.017    9.5   0.0    89   124    56    92    54   107 0.88 -
145543:193-1188      -            332 12237at4891          -            312   7.9e-09   30.3   2.7   3   4   3.9e-05    0.0013   13.2   0.4    94   177   119   205   115   207 0.77 -
145543:193-1188      -            332 12237at4891          -            312   7.9e-09   30.3   2.7   4   4      0.28       9.2    0.5   0.1   100   124   302   326   296   328 0.79 -
144541:4-777         -            258 12237at4891          -            312   3.8e-07   24.8   2.3   1   4   0.00081     0.027    8.8   0.0    94   164    27   107    19   111 0.62 -
144541:4-777         -            258 12237at4891          -            312   3.8e-07   24.8   2.3   2   4   2.7e-06   8.9e-05   17.0   0.3    87   163    69   152    41   157 0.81 -
144541:4-777         -            258 12237at4891          -            312   3.8e-07   24.8   2.3   3   4   3.1e-05     0.001   13.5   0.4    88   165   116   200   109   227 0.80 -
144541:4-777         -            258 12237at4891          -            312   3.8e-07   24.8   2.3   4   4       1.7        55   -2.0   0.0    93   125   218   250   214   251 0.79 -
141623:9-581         -            191 12237at4891          -            312   1.1e-06   23.2   1.9   1   2    0.0041      0.14    6.5   0.2    83   242    21    72     3    80 0.55 -
141623:9-581         -            191 12237at4891          -            312   1.1e-06   23.2   1.9   2   2   3.4e-06   0.00011   16.7   0.1    59   145    80   166    73   170 0.84 -
145907:260-880       -            207 12237at4891          -            312   1.8e-06   22.6   0.0   1   3     0.022      0.73    4.1   0.0   148   165     2    19     1    23 0.84 -
145907:260-880       -            207 12237at4891          -            312   1.8e-06   22.6   0.0   2   3   1.8e-05   0.00061   14.2   0.0    85   124    34    74    29    82 0.84 -
145907:260-880       -            207 12237at4891          -            312   1.8e-06   22.6   0.0   3   3      0.33        11    0.3   0.0    78   123   143   189   131   198 0.59 -
144489:26-847        -            274 12237at4891          -            312   2.5e-06   22.1   2.0   1   3   2.9e-06   9.7e-05   16.9   0.7   105   178     6    83     3    89 0.72 -
144489:26-847        -            274 12237at4891          -            312   2.5e-06   22.1   2.0   2   3     0.031         1    3.6   0.0    95   125   145   177   115   183 0.75 -
144489:26-847        -            274 12237at4891          -            312   2.5e-06   22.1   2.0   3   3         2        68   -2.3   0.0   234   252   226   244   221   259 0.73 -
143505:234-713       -            160 12237at4891          -            312   3.1e-06   21.8   0.0   1   2   1.7e-07   5.7e-06   20.9   0.0    95   169    18    94     8   103 0.79 -
143505:234-713       -            160 12237at4891          -            312   3.1e-06   21.8   0.0   2   2       3.8   1.3e+02   -3.2   0.0   116   127   123   134   112   139 0.63 -
144149:4-795         -            264 12237at4891          -            312     1e-05   20.1   1.3   1   3      0.59        20   -0.6   0.1   208   229    28    49    20    67 0.76 -
144149:4-795         -            264 12237at4891          -            312     1e-05   20.1   1.3   2   3      0.14       4.7    1.5   0.0   152   167   132   147   126   152 0.87 -
144149:4-795         -            264 12237at4891          -            312     1e-05   20.1   1.3   3   3   7.8e-06   0.00026   15.5   0.0    68   144   171   248   163   253 0.77 -
142977:29-619        -            197 12237at4891          -            312   1.2e-05   19.9   0.1   1   2      0.12       4.1    1.7   0.0   150   171    17    38    13    57 0.76 -
142977:29-619        -            197 12237at4891          -            312   1.2e-05   19.9   0.1   2   2   1.1e-05   0.00035   15.0   0.0   106   191   102   192    93   195 0.79 -
144067:217-762       -            182 12237at4891          -            312   1.6e-05   19.4   3.6   1   2   2.5e-05   0.00084   13.8   1.3    69   166    16   132     2   139 0.66 -
144067:217-762       -            182 12237at4891          -            312   1.6e-05   19.4   3.6   2   2   2.1e-05   0.00071   14.0   0.2    73   119   120   165   112   171 0.87 -
143313:52-507        -            152 12237at4891          -            312   2.1e-05   19.1   0.2   1   2   0.00021    0.0071   10.7   0.1   110   184     2    84     1    91 0.76 -
143313:52-507        -            152 12237at4891          -            312   2.1e-05   19.1   0.2   2   2    0.0022     0.072    7.4   0.0   148   172    89   113    75   131 0.86 -
143977:73-726        -            218 12237at4891          -            312   4.4e-05   18.0   0.0   1   1   3.4e-06   0.00011   16.6   0.0    69   191    38   165    22   196 0.76 -
145365:0-995         -            332 12237at4891          -            312   6.2e-05   17.5   0.9   1   3      0.24       7.9    0.7   0.1   217   231    78    92    57    96 0.56 -
145365:0-995         -            332 12237at4891          -            312   6.2e-05   17.5   0.9   2   3      0.17       5.5    1.2   0.0    85   124   149   190   142   245 0.60 -
145365:0-995         -            332 12237at4891          -            312   6.2e-05   17.5   0.9   3   3   7.5e-05    0.0025   12.2   0.1    76   164   229   326   218   331 0.63 -
145583:484-1188      -            235 12237at4891          -            312   0.00014   16.3   0.1   1   2     0.011      0.36    5.1   0.0   106   125    54    73     8    82 0.67 -
145583:484-1188      -            235 12237at4891          -            312   0.00014   16.3   0.1   2   2   0.00053     0.018    9.4   0.1    46   123   139   220    95   223 0.76 -
144947:189-947       -            253 12237at4891          -            312   0.00038   14.9   0.1   1   2     0.018      0.61    4.4   0.0    99   123   142   166   104   169 0.85 -
144947:189-947       -            253 12237at4891          -            312   0.00038   14.9   0.1   2   2    0.0013     0.045    8.1   0.0    69   116   205   253   173   253 0.82 -
#
# Program:         hmmsearch
# Version:         3.1b2 (February 2015)
# Pipeline mode:   SEARCH
# Query file:      /home/jj/Desktop/Bioinformatics/3rd_year/1term/Computational_genomics/Seminars/exercise_04/busco_downloads/lineages/saccharomycetes_odb10/hmms/12237at4891.hmm
# Target file:     /home/jj/Desktop/Bioinformatics/3rd_year/1term/Computational_genomics/Seminars/exercise_04/./busco/SRR7548448/SRR7548448_k63_contigs/run_saccharomycetes_odb10/metaeuk_output/rerun_results/SRR7548448_k63_graph.contig.fa.modified.fas
# Option settings: hmmsearch --domtblout /home/jj/Desktop/Bioinformatics/3rd_year/1term/Computational_genomics/Seminars/exercise_04/./busco/SRR7548448/SRR7548448_k63_contigs/run_saccharomycetes_odb10/hmmer_output/rerun_results/12237at4891.out --cpu 1 /home/jj/Desktop/Bioinformatics/3rd_year/1term/Computational_genomics/Seminars/exercise_04/busco_downloads/lineages/saccharomycetes_odb10/hmms/12237at4891.hmm /home/jj/Desktop/Bioinformatics/3rd_year/1term/Computational_genomics/Seminars/exercise_04/./busco/SRR7548448/SRR7548448_k63_contigs/run_saccharomycetes_odb10/metaeuk_output/rerun_results/SRR7548448_k63_graph.contig.fa.modified.fas 
# Current dir:     /home/jj/Desktop/Bioinformatics/3rd_year/1term/Computational_genomics/Seminars/exercise_04
# Date:            Tue Nov  5 18:54:02 2024
# [ok]
