#                                                                            --- full sequence --- -------------- this domain -------------   hmm coord   ali coord   env coord
# target name        accession   tlen query name           accession   qlen   E-value  score  bias   #  of  c-Evalue  i-Evalue  score  bias  from    to  from    to  from    to  acc description of target
#------------------- ---------- ----- -------------------- ---------- ----- --------- ------ ----- --- --- --------- --------- ------ ----- ----- ----- ----- ----- ----- ----- ---- ---------------------
140201:39-518        -            160 12258at4891          -            352   9.7e-60  197.8   0.0   1   1   2.3e-61   1.1e-59  197.7   0.0   115   269     1   160     1   160 0.97 -
141713:28-582        -            185 12258at4891          -            352     4e-55  182.6   0.7   1   1     9e-57   4.3e-55  182.5   0.7   171   334     1   179     1   185 0.88 -
139339:2-487         -            162 12258at4891          -            352   1.2e-53  177.8   0.1   1   1   2.6e-55   1.2e-53  177.7   0.1   160   300     1   147     1   162 0.91 -
145219:1-639         -            213 12258at4891          -            352   4.7e-45  149.5   0.0   1   1   1.1e-46   5.2e-45  149.4   0.0   123   322     1   211     1   213 0.91 -
132471:0-341         -            114 12258at4891          -            352   3.2e-44  146.8   0.1   1   1   7.4e-46   3.5e-44  146.6   0.1   180   286     2   113     1   114 0.96 -
140107:3-434         -            144 12258at4891          -            352   2.2e-43  144.0   0.0   1   1   5.1e-45   2.4e-43  143.9   0.0   192   323     2   144     1   144 0.87 -
144757:0-659         -            220 12258at4891          -            352   5.9e-31  103.1   0.0   1   1   1.4e-32   6.5e-31  103.0   0.0   110   290     3   185     1   215 0.87 -
142381:156-611       -            152 12258at4891          -            352     5e-28   93.5   0.4   1   1   1.1e-29   5.2e-28   93.4   0.4   187   324     7   152     1   152 0.82 -
136991:2-403         -            134 12258at4891          -            352   7.6e-28   92.9   0.0   1   1   1.7e-29   8.1e-28   92.8   0.0   121   244     2   131     1   134 0.88 -
137839:5-403         -            133 12258at4891          -            352   6.9e-21   70.0   0.1   1   1   1.6e-22   7.8e-21   69.8   0.1   200   318     2   128     1   133 0.80 -
143129:1-615         -            205 12258at4891          -            352   1.9e-20   68.5   0.1   1   1   5.4e-22   2.6e-20   68.1   0.1   199   329    10   148     2   163 0.81 -
145413:151-1119      -            323 12258at4891          -            352   3.7e-11   38.0   0.0   1   1   1.1e-12   5.3e-11   37.5   0.0   250   339     2   100     1   108 0.85 -
141755:252-584       -            111 12258at4891          -            352   2.6e-10   35.2   0.0   1   1   5.9e-12   2.8e-10   35.1   0.0   162   264     2   111     1   111 0.78 -
142695:2-619         -            206 12258at4891          -            352    0.0023   12.4   0.0   1   1   6.6e-05    0.0032   11.9   0.0   305   339     8    45     4    88 0.88 -
#
# Program:         hmmsearch
# Version:         3.1b2 (February 2015)
# Pipeline mode:   SEARCH
# Query file:      /home/jj/Desktop/Bioinformatics/3rd_year/1term/Computational_genomics/Seminars/exercise_04/busco_downloads/lineages/saccharomycetes_odb10/hmms/12258at4891.hmm
# Target file:     /home/jj/Desktop/Bioinformatics/3rd_year/1term/Computational_genomics/Seminars/exercise_04/./busco/SRR7548448/SRR7548448_k63_contigs/run_saccharomycetes_odb10/metaeuk_output/rerun_results/SRR7548448_k63_graph.contig.fa.modified.fas
# Option settings: hmmsearch --domtblout /home/jj/Desktop/Bioinformatics/3rd_year/1term/Computational_genomics/Seminars/exercise_04/./busco/SRR7548448/SRR7548448_k63_contigs/run_saccharomycetes_odb10/hmmer_output/rerun_results/12258at4891.out --cpu 1 /home/jj/Desktop/Bioinformatics/3rd_year/1term/Computational_genomics/Seminars/exercise_04/busco_downloads/lineages/saccharomycetes_odb10/hmms/12258at4891.hmm /home/jj/Desktop/Bioinformatics/3rd_year/1term/Computational_genomics/Seminars/exercise_04/./busco/SRR7548448/SRR7548448_k63_contigs/run_saccharomycetes_odb10/metaeuk_output/rerun_results/SRR7548448_k63_graph.contig.fa.modified.fas 
# Current dir:     /home/jj/Desktop/Bioinformatics/3rd_year/1term/Computational_genomics/Seminars/exercise_04
# Date:            Tue Nov  5 18:54:29 2024
# [ok]
