#                                                                            --- full sequence --- -------------- this domain -------------   hmm coord   ali coord   env coord
# target name        accession   tlen query name           accession   qlen   E-value  score  bias   #  of  c-Evalue  i-Evalue  score  bias  from    to  from    to  from    to  acc description of target
#------------------- ---------- ----- -------------------- ---------- ----- --------- ------ ----- --- --- --------- --------- ------ ----- ----- ----- ----- ----- ----- ----- ---- ---------------------
144461:10-831        -            274 12347at4891          -            619   2.1e-47  157.4   1.1   1   1   1.1e-48   4.3e-47  156.4   1.1   293   545     2   270     1   272 0.86 -
143255:2-670         -            223 12347at4891          -            619   9.9e-25   82.5   0.1   1   3   2.9e-06   0.00011   16.3   0.0   344   413     1    71     1    75 0.92 -
143255:2-670         -            223 12347at4891          -            619   9.9e-25   82.5   0.1   2   3   3.4e-12   1.3e-10   35.9   0.0   285   353    34   108    25   110 0.79 -
143255:2-670         -            223 12347at4891          -            619   9.9e-25   82.5   0.1   3   3   1.5e-13     6e-12   40.3   0.1   445   557   113   223   109   223 0.95 -
142283:0-563         -            188 12347at4891          -            619   9.9e-24   79.2   0.1   1   2   2.6e-15     1e-13   46.1   0.0   468   557     5    95     1   107 0.82 -
142283:0-563         -            188 12347at4891          -            619   9.9e-24   79.2   0.1   2   2   6.8e-11   2.7e-09   31.6   0.0   478   540   111   170   104   185 0.88 -
140361:20-523        -            168 12347at4891          -            619   1.6e-23   78.5   0.1   1   1   1.7e-24   6.8e-23   76.5   0.1   376   536     2   162     1   168 0.84 -
144201:52-801        -            250 12347at4891          -            619   2.5e-23   77.9   3.0   1   3   7.2e-07   2.8e-05   18.3   0.0   510   561    20    71    10    86 0.82 -
144201:52-801        -            250 12347at4891          -            619   2.5e-23   77.9   3.0   2   3   6.6e-09   2.6e-07   25.0   0.1   294   355    88   157    83   175 0.84 -
144201:52-801        -            250 12347at4891          -            619   2.5e-23   77.9   3.0   3   3   1.3e-11   4.9e-10   34.0   0.1   291   351   185   248   181   249 0.89 -
143297:47-682        -            212 12347at4891          -            619   1.1e-22   75.8   0.1   1   1     1e-23   4.1e-22   73.9   0.1   363   543    11   198    10   211 0.80 -
139317:1-486         -            162 12347at4891          -            619   6.1e-19   63.4   0.1   1   2     2e-07   7.9e-06   20.1   0.0   509   561    13    65     1    77 0.82 -
139317:1-486         -            162 12347at4891          -            619   6.1e-19   63.4   0.1   2   2   5.4e-14   2.1e-12   41.8   0.1   297   364    83   151    75   160 0.88 -
142839:31-621        -            197 12347at4891          -            619     2e-18   61.7   0.0   1   1   5.9e-20   2.3e-18   61.5   0.0   291   451    27   196    15   197 0.86 -
138951:2-475         -            158 12347at4891          -            619   2.7e-18   61.3   1.3   1   1   2.8e-18   1.1e-16   56.0   1.5   342   463     2   140     1   142 0.82 -
145631:35-901        -            289 12347at4891          -            619   4.2e-18   60.7   0.9   1   1   1.3e-19   5.1e-18   60.4   0.9   296   511    11   242     3   282 0.77 -
138685:10-465        -            152 12347at4891          -            619   2.8e-17   57.9   0.4   1   2   2.7e-09     1e-07   26.3   0.1   296   355     1    68     1    88 0.84 -
138685:10-465        -            152 12347at4891          -            619   2.8e-17   57.9   0.4   2   2   1.6e-10   6.1e-09   30.4   0.0   291   344    96   152    90   152 0.88 -
142097:117-608       -            164 12347at4891          -            619   1.2e-16   55.9   0.0   1   1   1.9e-13   7.3e-12   40.0   0.0   289   368    71   157    64   163 0.85 -
141067:1-555         -            185 12347at4891          -            619   1.9e-14   48.5   0.3   1   2   5.6e-08   2.2e-06   21.9   0.1   293   354    37   106    32   125 0.84 -
141067:1-555         -            185 12347at4891          -            619   1.9e-14   48.5   0.3   2   2   6.9e-09   2.7e-07   24.9   0.0   291   338   135   185   131   185 0.88 -
144901:425-925       -            167 12347at4891          -            619   5.2e-14   47.1   0.1   1   1   6.9e-05    0.0027   11.7   0.1   298   339   113   161    99   167 0.76 -
138411:3-458         -            152 12347at4891          -            619   6.1e-13   43.6   0.0   1   1   1.6e-14   6.2e-13   43.6   0.0   462   535    75   152    26   152 0.84 -
137551:4-429         -            142 12347at4891          -            619   4.3e-12   40.8   0.1   1   2   3.6e-06   0.00014   15.9   0.0   322   371    11    59     2    68 0.84 -
137551:4-429         -            142 12347at4891          -            619   4.3e-12   40.8   0.1   2   2   2.7e-08   1.1e-06   23.0   0.0   296   352    82   140    73   142 0.82 -
139299:2-484         -            161 12347at4891          -            619   2.3e-11   38.4   0.0   1   1   6.5e-13   2.5e-11   38.2   0.0   351   499     2   160     1   161 0.84 -
#
# Program:         hmmsearch
# Version:         3.1b2 (February 2015)
# Pipeline mode:   SEARCH
# Query file:      /home/jj/Desktop/Bioinformatics/3rd_year/1term/Computational_genomics/Seminars/exercise_04/busco_downloads/lineages/saccharomycetes_odb10/hmms/12347at4891.hmm
# Target file:     /home/jj/Desktop/Bioinformatics/3rd_year/1term/Computational_genomics/Seminars/exercise_04/./busco/SRR7548448/SRR7548448_k63_contigs/run_saccharomycetes_odb10/metaeuk_output/rerun_results/SRR7548448_k63_graph.contig.fa.modified.fas
# Option settings: hmmsearch --domtblout /home/jj/Desktop/Bioinformatics/3rd_year/1term/Computational_genomics/Seminars/exercise_04/./busco/SRR7548448/SRR7548448_k63_contigs/run_saccharomycetes_odb10/hmmer_output/rerun_results/12347at4891.out --cpu 1 /home/jj/Desktop/Bioinformatics/3rd_year/1term/Computational_genomics/Seminars/exercise_04/busco_downloads/lineages/saccharomycetes_odb10/hmms/12347at4891.hmm /home/jj/Desktop/Bioinformatics/3rd_year/1term/Computational_genomics/Seminars/exercise_04/./busco/SRR7548448/SRR7548448_k63_contigs/run_saccharomycetes_odb10/metaeuk_output/rerun_results/SRR7548448_k63_graph.contig.fa.modified.fas 
# Current dir:     /home/jj/Desktop/Bioinformatics/3rd_year/1term/Computational_genomics/Seminars/exercise_04
# Date:            Tue Nov  5 18:54:26 2024
# [ok]
