#                                                                            --- full sequence --- -------------- this domain -------------   hmm coord   ali coord   env coord
# target name        accession   tlen query name           accession   qlen   E-value  score  bias   #  of  c-Evalue  i-Evalue  score  bias  from    to  from    to  from    to  acc description of target
#------------------- ---------- ----- -------------------- ---------- ----- --------- ------ ----- --- --- --------- --------- ------ ----- ----- ----- ----- ----- ----- ----- ---- ---------------------
143305:7-633         -            209 12549at4891          -            305   3.5e-59  195.6   0.3   1   1   1.2e-58   2.3e-57  189.7   0.3   111   278     1   206     1   208 0.84 -
142899:7-642         -            212 12549at4891          -            305   4.1e-41  136.3   0.0   1   1   2.7e-42   5.2e-41  135.9   0.0    88   230     7   159     2   177 0.87 -
144279:254-808       -            185 12549at4891          -            305   7.1e-40  132.2   0.0   1   1   1.1e-40     2e-39  130.7   0.0   111   269     1   175     1   183 0.85 -
139477:0-491         -            164 12549at4891          -            305   8.1e-40  132.0   0.1   1   1   1.2e-39   2.3e-38  127.3   0.1   149   270     1   149     1   164 0.81 -
141463:27-569        -            181 12549at4891          -            305   1.3e-26   88.7   0.1   1   1   7.7e-28   1.5e-26   88.5   0.1    71   225     2   160     1   163 0.85 -
139915:3-470         -            156 12549at4891          -            305   3.5e-22   74.1   0.0   1   2   5.5e-15     1e-13   46.3   0.0   105   166    19    80     5    87 0.86 -
139915:3-470         -            156 12549at4891          -            305   3.5e-22   74.1   0.0   2   2   7.6e-09   1.4e-07   26.1   0.0   162   221    96   154    88   156 0.86 -
138573:6-455         -            150 12549at4891          -            305     9e-22   72.8   0.0   1   1   5.5e-23     1e-21   72.6   0.0   113   213     1   105     1   124 0.85 -
144839:7-642         -            212 12549at4891          -            305   1.3e-21   72.2   0.0   1   1     8e-23   1.5e-21   72.0   0.0    64   249     1   187     1   210 0.81 -
145155:2-835         -            278 12549at4891          -            305   1.9e-21   71.7   0.0   1   2   6.3e-22   1.2e-20   69.1   0.0    22   204    17   216    13   232 0.78 -
145155:2-835         -            278 12549at4891          -            305   1.9e-21   71.7   0.0   2   2      0.65        12    0.1   0.0   250   269   251   270   244   275 0.84 -
141063:9-554         -            182 12549at4891          -            305     2e-21   71.6   0.0   1   1   1.1e-22     2e-21   71.6   0.0    74   207    41   177     3   182 0.81 -
145175:14-847        -            278 12549at4891          -            305   3.6e-21   70.8   0.1   1   1   1.1e-20     2e-19   65.0   0.1    23   204     7   216     1   232 0.75 -
138105:16-444        -            143 12549at4891          -            305   4.1e-19   64.0   0.0   1   1   2.4e-20   4.5e-19   63.9   0.0    23   157     3   143     1   143 0.80 -
137929:9-443         -            145 12549at4891          -            305   5.7e-19   63.6   0.0   1   1   3.4e-20   6.4e-19   63.4   0.0   105   203    11   111     2   133 0.85 -
143795:67-747        -            227 12549at4891          -            305   6.1e-18   60.2   0.0   1   2   1.2e-14   2.4e-13   45.1   0.0    91   158     5    73     1    90 0.87 -
143795:67-747        -            227 12549at4891          -            305   6.1e-18   60.2   0.0   2   2   7.3e-05    0.0014   13.0   0.0   161   207   111   159    92   215 0.75 -
143351:5-469         -            155 12549at4891          -            305   9.1e-18   59.6   0.0   1   1   5.2e-19   9.8e-18   59.5   0.0    50   156    47   154     5   155 0.80 -
139911:55-507        -            151 12549at4891          -            305   1.1e-16   56.0   0.0   1   1   1.1e-17   2.1e-16   55.1   0.0   120   216     4   112     1   125 0.79 -
143033:187-669       -            161 12549at4891          -            305   2.3e-16   55.0   0.1   1   1   1.3e-17   2.5e-16   54.9   0.1    23   157     3   141     1   159 0.81 -
144977:40-684        -            215 12549at4891          -            305   7.2e-16   53.4   0.2   1   2   3.3e-08   6.3e-07   24.0   0.1    85   142     8    67     2    70 0.88 -
144977:40-684        -            215 12549at4891          -            305   7.2e-16   53.4   0.2   2   2   2.7e-09   5.2e-08   27.6   0.0   148   212    97   161    94   206 0.87 -
137919:7-429         -            141 12549at4891          -            305   2.1e-15   51.9   0.0   1   2   1.8e-16   3.3e-15   51.2   0.0   126   212     2    90     1   108 0.85 -
137919:7-429         -            141 12549at4891          -            305   2.1e-15   51.9   0.0   2   2       2.5        47   -1.8   0.0   242   278   104   140    89   141 0.74 -
144797:1-714         -            238 12549at4891          -            305   2.7e-15   51.5   0.0   1   1   4.4e-16   8.3e-15   49.9   0.0    85   209     3   134     1   191 0.80 -
143027:172-651       -            160 12549at4891          -            305   3.3e-15   51.2   0.1   1   1   2.2e-16   4.2e-15   50.9   0.1    23   158     7   153     2   158 0.79 -
141797:1-591         -            197 12549at4891          -            305   6.7e-15   50.2   0.0   1   1   3.8e-16   7.2e-15   50.1   0.0   112   243    36   174     5   185 0.81 -
140939:17-526        -            170 12549at4891          -            305   2.1e-14   48.5   0.1   1   1   1.4e-14   2.7e-13   44.9   0.1   114   247     7   162     4   169 0.71 -
144109:7-732         -            242 12549at4891          -            305   7.1e-14   46.8   0.0   1   1   6.1e-15   1.2e-13   46.1   0.0   113   201     9   112     3   122 0.76 -
144479:2-847         -            282 12549at4891          -            305   7.7e-14   46.7   0.1   1   2    0.0038     0.071    7.4   0.0   129   150    37    59    28    74 0.82 -
144479:2-847         -            282 12549at4891          -            305   7.7e-14   46.7   0.1   2   2     3e-12   5.7e-11   37.3   0.0   148   215    95   164    88   199 0.87 -
138137:12-449        -            146 12549at4891          -            305   1.6e-12   42.4   0.1   1   1   8.8e-14   1.7e-12   42.3   0.1    53   177    18   146     1   146 0.78 -
144845:209-790       -            194 12549at4891          -            305   3.3e-12   41.4   0.1   1   1   2.4e-13   4.6e-12   40.9   0.1    23   156    39   191    32   193 0.74 -
136307:2-403         -            134 12549at4891          -            305   4.7e-10   34.3   0.3   1   1   2.6e-11     5e-10   34.2   0.3    26   149     4   134     1   134 0.63 -
136623:8-412         -            135 12549at4891          -            305   2.3e-09   32.0   0.1   1   1     7e-10   1.3e-08   29.5   0.1   137   218     1    95     1   134 0.77 -
145735:713-1261      -            183 12549at4891          -            305   1.1e-08   29.8   0.0   1   1   6.9e-10   1.3e-08   29.5   0.0   115   187    29   113     5   139 0.75 -
143975:1-471         -            157 12549at4891          -            305   3.7e-08   28.0   0.3   1   1   2.1e-09     4e-08   27.9   0.3     3   140     8   157     6   157 0.74 -
143007:66-662        -            199 12549at4891          -            305   5.2e-07   24.3   0.1   1   1   3.8e-08   7.3e-07   23.8   0.1    88   157    74   148    67   166 0.81 -
138777:77-469        -            131 12549at4891          -            305   1.7e-06   22.6   0.0   1   2   2.1e-07   3.9e-06   21.4   0.0   117   142     3    28     1    38 0.91 -
138777:77-469        -            131 12549at4891          -            305   1.7e-06   22.6   0.0   2   2       3.5        67   -2.3   0.0   180   197   105   122    99   128 0.79 -
142343:154-603       -            150 12549at4891          -            305   1.2e-05   19.8   0.0   1   1   7.9e-07   1.5e-05   19.5   0.0    88   165    14    99     7   114 0.79 -
142181:21-614        -            198 12549at4891          -            305   2.1e-05   19.0   0.1   1   1   1.5e-06   2.9e-05   18.6   0.1   101   161   107   168    92   197 0.72 -
#
# Program:         hmmsearch
# Version:         3.1b2 (February 2015)
# Pipeline mode:   SEARCH
# Query file:      /home/jj/Desktop/Bioinformatics/3rd_year/1term/Computational_genomics/Seminars/exercise_04/busco_downloads/lineages/saccharomycetes_odb10/hmms/12549at4891.hmm
# Target file:     /home/jj/Desktop/Bioinformatics/3rd_year/1term/Computational_genomics/Seminars/exercise_04/./busco/SRR7548448/SRR7548448_k63_contigs/run_saccharomycetes_odb10/metaeuk_output/rerun_results/SRR7548448_k63_graph.contig.fa.modified.fas
# Option settings: hmmsearch --domtblout /home/jj/Desktop/Bioinformatics/3rd_year/1term/Computational_genomics/Seminars/exercise_04/./busco/SRR7548448/SRR7548448_k63_contigs/run_saccharomycetes_odb10/hmmer_output/rerun_results/12549at4891.out --cpu 1 /home/jj/Desktop/Bioinformatics/3rd_year/1term/Computational_genomics/Seminars/exercise_04/busco_downloads/lineages/saccharomycetes_odb10/hmms/12549at4891.hmm /home/jj/Desktop/Bioinformatics/3rd_year/1term/Computational_genomics/Seminars/exercise_04/./busco/SRR7548448/SRR7548448_k63_contigs/run_saccharomycetes_odb10/metaeuk_output/rerun_results/SRR7548448_k63_graph.contig.fa.modified.fas 
# Current dir:     /home/jj/Desktop/Bioinformatics/3rd_year/1term/Computational_genomics/Seminars/exercise_04
# Date:            Tue Nov  5 18:54:05 2024
# [ok]
