#                                                                            --- full sequence --- -------------- this domain -------------   hmm coord   ali coord   env coord
# target name        accession   tlen query name           accession   qlen   E-value  score  bias   #  of  c-Evalue  i-Evalue  score  bias  from    to  from    to  from    to  acc description of target
#------------------- ---------- ----- -------------------- ---------- ----- --------- ------ ----- --- --- --------- --------- ------ ----- ----- ----- ----- ----- ----- ----- ---- ---------------------
143253:125-688       -            188 12680at4891          -            242   3.5e-59  195.2   0.0   1   1   1.6e-60   4.2e-59  194.9   0.0     5   158    12   185     2   188 0.88 -
145301:241-942       -            234 12680at4891          -            242   6.8e-23   76.4   2.7   1   5   1.3e-05   0.00033   15.2   0.0    98   223    11    40     2    44 0.60 -
145301:241-942       -            234 12680at4891          -            242   6.8e-23   76.4   2.7   2   5   2.7e-05   0.00073   14.1   0.2    85   121    40    77    35    83 0.86 -
145301:241-942       -            234 12680at4891          -            242   6.8e-23   76.4   2.7   3   5   2.5e-06   6.8e-05   17.4   0.0    87   124    84   122    79   129 0.87 -
145301:241-942       -            234 12680at4891          -            242   6.8e-23   76.4   2.7   4   5   0.00074      0.02    9.4   0.0   195   219   138   162   127   168 0.72 -
145301:241-942       -            234 12680at4891          -            242   6.8e-23   76.4   2.7   5   5   2.7e-06   7.3e-05   17.3   0.0    87   127   168   210   162   214 0.82 -
145821:41-862        -            274 12680at4891          -            242   8.4e-19   63.0   8.8   1   6   0.00038      0.01   10.3   0.0    76   127     8    58     3    61 0.84 -
145821:41-862        -            274 12680at4891          -            242   8.4e-19   63.0   8.8   2   6   3.7e-05   0.00099   13.6   0.3    87   128    59    99    54   101 0.79 -
145821:41-862        -            274 12680at4891          -            242   8.4e-19   63.0   8.8   3   6   7.9e-08   2.1e-06   22.4   0.1    91   128   102   140    99   143 0.86 -
145821:41-862        -            274 12680at4891          -            242   8.4e-19   63.0   8.8   4   6    0.0069      0.18    6.2   0.0    82   116   135   169   134   171 0.88 -
145821:41-862        -            274 12680at4891          -            242   8.4e-19   63.0   8.8   5   6    0.0027     0.072    7.5   0.0   108   128   208   229   195   233 0.76 -
145821:41-862        -            274 12680at4891          -            242   8.4e-19   63.0   8.8   6   6   0.00071     0.019    9.4   0.0    90   129   232   270   227   273 0.72 -
145769:0-1415        -            472 12680at4891          -            242   1.3e-15   52.5   5.8   1   7      0.11         3    2.2   0.0   187   220    11    43     6    63 0.70 -
145769:0-1415        -            472 12680at4891          -            242   1.3e-15   52.5   5.8   2   7      0.06       1.6    3.1   0.0   133   206    71   112    59   138 0.54 -
145769:0-1415        -            472 12680at4891          -            242   1.3e-15   52.5   5.8   3   7    0.0023      0.06    7.8   0.1   190   221   146   177   115   192 0.73 -
145769:0-1415        -            472 12680at4891          -            242   1.3e-15   52.5   5.8   4   7    0.0011      0.03    8.8   0.3    19    71   148   207   138   212 0.63 -
145769:0-1415        -            472 12680at4891          -            242   1.3e-15   52.5   5.8   5   7      0.22       5.9    1.3   0.1    90   122   187   220   179   225 0.68 -
145769:0-1415        -            472 12680at4891          -            242   1.3e-15   52.5   5.8   6   7   2.6e-05   0.00069   14.1   0.0   182   221   334   376   257   382 0.75 -
145769:0-1415        -            472 12680at4891          -            242   1.3e-15   52.5   5.8   7   7   3.9e-07     1e-05   20.1   0.0    90   145   383   448   377   462 0.74 -
140077:5-511         -            169 12680at4891          -            242     2e-15   51.9   0.3   1   3   0.00048     0.013   10.0   0.0    94   128     6    40     2    44 0.90 -
140077:5-511         -            169 12680at4891          -            242     2e-15   51.9   0.3   2   3   1.1e-07     3e-06   21.9   0.1    90   126    45    82    41    86 0.86 -
140077:5-511         -            169 12680at4891          -            242     2e-15   51.9   0.3   3   3   7.5e-06    0.0002   15.9   0.0    93   160    89   157    83   167 0.82 -
142977:29-619        -            197 12680at4891          -            242   3.2e-14   48.0   0.2   1   4    0.0015      0.04    8.4   0.0    93   123     1    32     1    40 0.82 -
142977:29-619        -            197 12680at4891          -            242   3.2e-14   48.0   0.2   2   4   8.9e-06   0.00024   15.7   0.0    90   132    41    85    32    95 0.86 -
142977:29-619        -            197 12680at4891          -            242   3.2e-14   48.0   0.2   3   4   0.00028    0.0074   10.8   0.0    96   131    91   129    85   130 0.70 -
142977:29-619        -            197 12680at4891          -            242   3.2e-14   48.0   0.2   4   4   0.00052     0.014    9.9   0.0    91   138   130   178   128   184 0.88 -
143663:88-690        -            201 12680at4891          -            242     4e-11   37.8   2.3   1   4   0.00016    0.0042   11.6   0.0   112   136     6    30     1    51 0.78 -
143663:88-690        -            201 12680at4891          -            242     4e-11   37.8   2.3   2   4     7e-08   1.9e-06   22.5   0.2    76   124    75   122    64   159 0.87 -
143663:88-690        -            201 12680at4891          -            242     4e-11   37.8   2.3   3   4      0.19       5.1    1.5   0.0    14    50   129   164   122   183 0.57 -
143663:88-690        -            201 12680at4891          -            242     4e-11   37.8   2.3   4   4       1.7        46   -1.7   0.0   194   218   176   200   167   201 0.79 -
140847:1-537         -            179 12680at4891          -            242   5.7e-11   37.3   0.4   1   3    0.0015     0.041    8.3   0.0   194   221     5    33     1    38 0.68 -
140847:1-537         -            179 12680at4891          -            242   5.7e-11   37.3   0.4   2   3   7.4e-05     0.002   12.6   0.1    92   126    49    84    47    92 0.60 -
140847:1-537         -            179 12680at4891          -            242   5.7e-11   37.3   0.4   3   3   5.3e-05    0.0014   13.1   0.0    90   130   101   142    99   159 0.85 -
143313:52-507        -            152 12680at4891          -            242   3.2e-10   34.9   3.7   1   3   2.4e-06   6.5e-05   17.5   0.1    87   124    27    65    16    71 0.90 -
143313:52-507        -            152 12680at4891          -            242   3.2e-10   34.9   3.7   2   3   1.2e-06   3.2e-05   18.5   0.3    88   131    71   113    63   129 0.80 -
143313:52-507        -            152 12680at4891          -            242   3.2e-10   34.9   3.7   3   3      0.59        16   -0.1   0.0    91   121   114   151   106   152 0.62 -
143819:146-751       -            202 12680at4891          -            242   4.9e-09   31.0   0.8   1   4     0.016      0.41    5.0   0.0    91   120     7    37     4    48 0.65 -
143819:146-751       -            202 12680at4891          -            242   4.9e-09   31.0   0.8   2   4   0.00012    0.0031   12.0   0.1    91   129    49    88    43    92 0.72 -
143819:146-751       -            202 12680at4891          -            242   4.9e-09   31.0   0.8   3   4      0.31       8.2    0.8   0.0   196   208    99   111    95   136 0.60 -
143819:146-751       -            202 12680at4891          -            242   4.9e-09   31.0   0.8   4   4    0.0013     0.035    8.5   0.0   190   221   153   184   143   191 0.78 -
144137:68-793        -            242 12680at4891          -            242   5.3e-09   30.9   6.1   1   4      0.59        16   -0.1   0.0   197   221    85   109    71   116 0.73 -
144137:68-793        -            242 12680at4891          -            242   5.3e-09   30.9   6.1   2   4    0.0012     0.033    8.6   0.3    90   123   116   150   106   159 0.75 -
144137:68-793        -            242 12680at4891          -            242   5.3e-09   30.9   6.1   3   4    0.0021     0.056    7.9   0.2    92   125   160   194   158   201 0.84 -
144137:68-793        -            242 12680at4891          -            242   5.3e-09   30.9   6.1   4   4     1e-05   0.00028   15.4   0.0    88   130   198   241   191   242 0.90 -
144489:26-847        -            274 12680at4891          -            242   9.9e-09   30.0   0.5   1   2     5e-05    0.0013   13.2   0.6    68   130     9    77     4    86 0.73 -
144489:26-847        -            274 12680at4891          -            242   9.9e-09   30.0   0.5   2   2   0.00011    0.0029   12.1   0.0    87   125   139   179   119   187 0.79 -
143505:234-713       -            160 12680at4891          -            242   1.3e-07   26.4   1.1   1   2   0.00019    0.0051   11.3   0.0    92   122    17    48    14    57 0.84 -
143505:234-713       -            160 12680at4891          -            242   1.3e-07   26.4   1.1   2   2   6.7e-05    0.0018   12.8   0.6    90   132    57    99    50   142 0.73 -
141381:50-520        -            157 12680at4891          -            242   3.3e-07   25.0   0.1   1   2    0.0019     0.051    8.0   0.0    92   130    62   102    60   104 0.70 -
141381:50-520        -            157 12680at4891          -            242   3.3e-07   25.0   0.1   2   2   8.8e-06   0.00023   15.7   0.0    90   129   103   143   100   146 0.88 -
145543:193-1188      -            332 12680at4891          -            242   3.6e-07   24.9   0.7   1   4      0.22       5.9    1.3   0.0   196   221     7    32     4    40 0.88 -
145543:193-1188      -            332 12680at4891          -            242   3.6e-07   24.9   0.7   2   4   0.00043     0.011   10.2   0.0   194   220    67    93    59   100 0.87 -
145543:193-1188      -            332 12680at4891          -            242   3.6e-07   24.9   0.7   3   4      0.45        12    0.3   0.1    93   121   120   149   115   155 0.61 -
145543:193-1188      -            332 12680at4891          -            242   3.6e-07   24.9   0.7   4   4    0.0035     0.092    7.2   0.1    87   119   156   189   151   197 0.72 -
144353:2-823         -            274 12680at4891          -            242   1.2e-06   23.2   0.1   1   4   2.9e-05   0.00076   14.0   0.0    77   124     2    50     1    57 0.85 -
144353:2-823         -            274 12680at4891          -            242   1.2e-06   23.2   0.1   2   4     0.057       1.5    3.2   0.0   100   128   135   164   126   168 0.71 -
144353:2-823         -            274 12680at4891          -            242   1.2e-06   23.2   0.1   3   4      0.32       8.6    0.7   0.0   195   220   180   205   177   220 0.88 -
144353:2-823         -            274 12680at4891          -            242   1.2e-06   23.2   0.1   4   4       0.9        24   -0.7   0.0    97   123   223   249   216   259 0.70 -
145907:260-880       -            207 12680at4891          -            242   2.9e-06   21.9   0.1   1   4      0.22       5.9    1.3   0.0   107   124     3    20     1    26 0.79 -
145907:260-880       -            207 12680at4891          -            242   2.9e-06   21.9   0.1   2   4    0.0024     0.064    7.7   0.0    85   129    36    81    30    93 0.80 -
145907:260-880       -            207 12680at4891          -            242   2.9e-06   21.9   0.1   3   4       0.1       2.8    2.3   0.0   101   122   126   148   117   161 0.56 -
145907:260-880       -            207 12680at4891          -            242   2.9e-06   21.9   0.1   4   4     0.012      0.33    5.4   0.0    21    46   165   190   158   196 0.82 -
144149:4-795         -            264 12680at4891          -            242   6.9e-06   20.7   0.6   1   2   0.00039      0.01   10.3   0.1    92   125   113   147   108   153 0.87 -
144149:4-795         -            264 12680at4891          -            242   6.9e-06   20.7   0.6   2   2    0.0091      0.24    5.8   0.0    92   145   155   217   150   261 0.47 -
145365:0-995         -            332 12680at4891          -            242   1.7e-05   19.4   0.7   1   3     0.021      0.57    4.6   0.0    90   137    59   110    55   118 0.68 -
145365:0-995         -            332 12680at4891          -            242   1.7e-05   19.4   0.7   2   3     0.056       1.5    3.2   0.0    27    47   217   237   201   244 0.77 -
145365:0-995         -            332 12680at4891          -            242   1.7e-05   19.4   0.7   3   3    0.0013     0.035    8.6   0.1    86   129   241   288   237   299 0.66 -
145853:101-1837      -            579 12680at4891          -            242   3.8e-05   18.3   0.4   1   3      0.04       1.1    3.7   0.1     6    47   292   337   284   344 0.70 -
145853:101-1837      -            579 12680at4891          -            242   3.8e-05   18.3   0.4   2   3     0.012      0.31    5.5   0.0   196   222   356   382   347   387 0.85 -
145853:101-1837      -            579 12680at4891          -            242   3.8e-05   18.3   0.4   3   3     0.022      0.58    4.6   0.0   166   194   524   552   513   563 0.85 -
143977:73-726        -            218 12680at4891          -            242   3.8e-05   18.3   0.0   1   2   0.00025    0.0067   10.9   0.0    18   124    24   137    15   143 0.76 -
143977:73-726        -            218 12680at4891          -            242   3.8e-05   18.3   0.0   2   2     0.011       0.3    5.5   0.0    89   126   143   184   136   193 0.81 -
144541:4-777         -            258 12680at4891          -            242   0.00019   16.0  11.7   1   4      0.06       1.6    3.1   0.1    91   123    26    59    25    68 0.84 -
144541:4-777         -            258 12680at4891          -            242   0.00019   16.0  11.7   2   4     0.018      0.48    4.8   0.1    92   122    76   107    66   118 0.61 -
144541:4-777         -            258 12680at4891          -            242   0.00019   16.0  11.7   3   4   0.00059     0.016    9.7   0.6    89   121   119   152   110   164 0.86 -
144541:4-777         -            258 12680at4891          -            242   0.00019   16.0  11.7   4   4     0.028      0.75    4.2   0.2    90   121   164   198   156   212 0.81 -
141623:9-581         -            191 12680at4891          -            242   0.00043   14.8   0.2   1   3     0.055       1.5    3.2   0.0   186   223    28    67     8    74 0.77 -
141623:9-581         -            191 12680at4891          -            242   0.00043   14.8   0.2   2   3    0.0013     0.034    8.6   0.0    90   128   114   153    94   156 0.72 -
141623:9-581         -            191 12680at4891          -            242   0.00043   14.8   0.2   3   3       1.6        44   -1.6   0.0    91   120   157   190   154   191 0.70 -
144833:0-911         -            304 12680at4891          -            242   0.00045   14.8   0.4   1   2       3.1        82   -2.5   0.0   202   221   202   221   194   228 0.81 -
144833:0-911         -            304 12680at4891          -            242   0.00045   14.8   0.4   2   2     4e-05    0.0011   13.5   0.3    92   130   259   299   255   303 0.75 -
145363:1-1098        -            366 12680at4891          -            242    0.0005   14.6   0.0   1   1   5.2e-05    0.0014   13.1   0.0    17    48   117   148   109   158 0.86 -
#
# Program:         hmmsearch
# Version:         3.1b2 (February 2015)
# Pipeline mode:   SEARCH
# Query file:      /home/jj/Desktop/Bioinformatics/3rd_year/1term/Computational_genomics/Seminars/exercise_04/busco_downloads/lineages/saccharomycetes_odb10/hmms/12680at4891.hmm
# Target file:     /home/jj/Desktop/Bioinformatics/3rd_year/1term/Computational_genomics/Seminars/exercise_04/./busco/SRR7548448/SRR7548448_k63_contigs/run_saccharomycetes_odb10/metaeuk_output/rerun_results/SRR7548448_k63_graph.contig.fa.modified.fas
# Option settings: hmmsearch --domtblout /home/jj/Desktop/Bioinformatics/3rd_year/1term/Computational_genomics/Seminars/exercise_04/./busco/SRR7548448/SRR7548448_k63_contigs/run_saccharomycetes_odb10/hmmer_output/rerun_results/12680at4891.out --cpu 1 /home/jj/Desktop/Bioinformatics/3rd_year/1term/Computational_genomics/Seminars/exercise_04/busco_downloads/lineages/saccharomycetes_odb10/hmms/12680at4891.hmm /home/jj/Desktop/Bioinformatics/3rd_year/1term/Computational_genomics/Seminars/exercise_04/./busco/SRR7548448/SRR7548448_k63_contigs/run_saccharomycetes_odb10/metaeuk_output/rerun_results/SRR7548448_k63_graph.contig.fa.modified.fas 
# Current dir:     /home/jj/Desktop/Bioinformatics/3rd_year/1term/Computational_genomics/Seminars/exercise_04
# Date:            Tue Nov  5 18:54:40 2024
# [ok]
