#                                                                            --- full sequence --- -------------- this domain -------------   hmm coord   ali coord   env coord
# target name        accession   tlen query name           accession   qlen   E-value  score  bias   #  of  c-Evalue  i-Evalue  score  bias  from    to  from    to  from    to  acc description of target
#------------------- ---------- ----- -------------------- ---------- ----- --------- ------ ----- --- --- --------- --------- ------ ----- ----- ----- ----- ----- ----- ----- ---- ---------------------
141463:27-569        -            181 13303at4891          -            299     1e-31  105.1   0.1   1   1   4.2e-32   7.9e-31  102.2   0.1    71   242     2   164     1   177 0.88 -
143305:7-633         -            209 13303at4891          -            299   1.5e-25   84.9   0.0   1   1   2.3e-26   4.4e-25   83.4   0.0   109   297     1   197     1   199 0.82 -
144279:254-808       -            185 13303at4891          -            299   8.6e-24   79.1   0.0   1   1   5.7e-24   1.1e-22   75.5   0.0   109   298     1   185     1   185 0.83 -
142899:7-642         -            212 13303at4891          -            299   4.8e-23   76.7   0.0   1   1   2.2e-23   4.2e-22   73.6   0.0    99   238    27   154    15   159 0.87 -
145175:14-847        -            278 13303at4891          -            299   5.9e-22   73.1   0.0   1   2   4.5e-22   8.5e-21   69.3   0.0    27   221     7   221     3   234 0.77 -
145175:14-847        -            278 13303at4891          -            299   5.9e-22   73.1   0.0   2   2      0.16         3    1.8   0.0   271   295   252   276   240   278 0.88 -
144797:1-714         -            238 13303at4891          -            299   8.6e-20   66.0   0.0   1   2   2.4e-18   4.6e-17   57.0   0.0   111   214    33   127    21   146 0.80 -
144797:1-714         -            238 13303at4891          -            299   8.6e-20   66.0   0.0   2   2    0.0093      0.18    5.9   0.0   270   296   166   192   153   195 0.85 -
145155:2-835         -            278 13303at4891          -            299   2.1e-19   64.7   0.0   1   2   2.7e-19   5.1e-18   60.2   0.0    22   218    13   218     6   234 0.78 -
145155:2-835         -            278 13303at4891          -            299   2.1e-19   64.7   0.0   2   2     0.099       1.9    2.5   0.0   265   293   247   275   240   278 0.83 -
137929:9-443         -            145 13303at4891          -            299   2.1e-18   61.4   0.1   1   1   9.9e-19   1.9e-17   58.3   0.1   105   219    13   115     4   120 0.88 -
144839:7-642         -            212 13303at4891          -            299   1.4e-17   58.7   0.0   1   2   2.8e-14   5.4e-13   43.7   0.0    70   224     7   150     1   158 0.81 -
144839:7-642         -            212 13303at4891          -            299   1.4e-17   58.7   0.0   2   2    0.0013     0.025    8.7   0.0   271   298   174   201   155   202 0.85 -
141063:9-554         -            182 13303at4891          -            299   1.6e-17   58.5   0.1   1   1   5.1e-18   9.8e-17   56.0   0.1   107   222    77   179     4   182 0.82 -
138573:6-455         -            150 13303at4891          -            299   6.9e-17   56.5   0.0   1   1   1.2e-17   2.2e-16   54.8   0.0   113   228     3   106     1   113 0.83 -
143795:67-747        -            227 13303at4891          -            299   1.3e-16   55.5   0.1   1   2   4.8e-13   9.2e-12   39.6   0.1   110   220    27   160    18   174 0.63 -
143795:67-747        -            227 13303at4891          -            299   1.3e-16   55.5   0.1   2   2    0.0014     0.027    8.5   0.0   266   296   187   217   165   220 0.83 -
139915:3-470         -            156 13303at4891          -            299   1.5e-16   55.3   0.0   1   1   8.9e-18   1.7e-16   55.2   0.0   110   219    26   140     3   155 0.75 -
143033:187-669       -            161 13303at4891          -            299   1.9e-15   51.7   0.1   1   1   1.1e-16   2.2e-15   51.5   0.1    27   160     3   145     1   154 0.82 -
143007:66-662        -            199 13303at4891          -            299     3e-15   51.1   0.0   1   1   1.7e-16   3.3e-15   51.0   0.0    20   162     2   154     1   197 0.82 -
139477:0-491         -            164 13303at4891          -            299   7.1e-15   49.8   0.0   1   1     6e-16   1.1e-14   49.2   0.0   151   297     4   157     2   159 0.78 -
140939:17-526        -            170 13303at4891          -            299   1.7e-14   48.6   0.0   1   1   1.3e-15   2.4e-14   48.1   0.0   113   220     8   123     4   138 0.74 -
139911:55-507        -            151 13303at4891          -            299   1.9e-14   48.5   0.0   1   1   1.6e-15     3e-14   47.8   0.0   117   222     3   106     1   112 0.86 -
144109:7-732         -            242 13303at4891          -            299   4.1e-14   47.3   0.0   1   1   3.5e-15   6.6e-14   46.7   0.0   112   215    10   114     4   123 0.79 -
144977:40-684        -            215 13303at4891          -            299   4.2e-14   47.3   0.1   1   2   6.8e-14   1.3e-12   42.4   0.1   110   223    37   160    29   166 0.73 -
144977:40-684        -            215 13303at4891          -            299   4.2e-14   47.3   0.1   2   2      0.57        11   -0.0   0.0   273   296   191   214   182   215 0.88 -
143027:172-651       -            160 13303at4891          -            299   7.8e-13   43.1   0.4   1   1     4e-13   7.6e-12   39.9   0.4    26   159     6   155     3   159 0.72 -
138105:16-444        -            143 13303at4891          -            299   8.6e-13   43.0   0.1   1   1     5e-14   9.5e-13   42.9   0.1    27   155     3   142     1   143 0.81 -
143351:5-469         -            155 13303at4891          -            299   7.5e-12   39.9   0.1   1   1     5e-13   9.5e-12   39.6   0.1    55   155    51   154    47   155 0.87 -
138137:12-449        -            146 13303at4891          -            299   8.8e-11   36.4   0.1   1   1   5.2e-12     1e-10   36.2   0.1    61   160    25   127     3   135 0.71 -
136307:2-403         -            134 13303at4891          -            299   1.1e-10   36.1   0.2   1   1   6.9e-12   1.3e-10   35.8   0.2    28   144     2   131     1   133 0.65 -
145735:713-1261      -            183 13303at4891          -            299   1.4e-09   32.4   0.0   1   1   1.6e-10   3.1e-09   31.3   0.0   110   223    26   146    13   152 0.73 -
141797:1-591         -            197 13303at4891          -            299   2.3e-09   31.7   0.0   1   1   1.8e-09   3.4e-08   27.9   0.0   117   219    43   138     5   153 0.75 -
142343:154-603       -            150 13303at4891          -            299   9.6e-09   29.7   0.0   1   1   5.1e-10   9.6e-09   29.7   0.0   102   163    32    97    15   149 0.77 -
137919:7-429         -            141 13303at4891          -            299   1.3e-08   29.3   0.0   1   1   1.5e-09   2.9e-08   28.1   0.0   123   218     1    84     1    93 0.82 -
143975:1-471         -            157 13303at4891          -            299   1.7e-08   28.9   0.2   1   1     1e-09   1.9e-08   28.7   0.2    19   137    24   156    11   157 0.73 -
144845:209-790       -            194 13303at4891          -            299     1e-07   26.3   0.0   1   1   6.7e-09   1.3e-07   26.0   0.0   114   154   146   190    66   193 0.75 -
136623:8-412         -            135 13303at4891          -            299   5.2e-07   24.0   0.0   1   1   3.2e-08   6.2e-07   23.8   0.0   135   221     1    86     1   103 0.82 -
142181:21-614        -            198 13303at4891          -            299    0.0001   16.5   0.1   1   1   7.2e-06   0.00014   16.1   0.1    46   155    37   163    25   195 0.71 -
144479:2-847         -            282 13303at4891          -            299   0.00014   16.0   0.0   1   2     0.018      0.34    4.9   0.0   126   139    36    49    31    63 0.78 -
144479:2-847         -            282 13303at4891          -            299   0.00014   16.0   0.0   2   2    0.0013     0.025    8.6   0.0   178   222   116   158    94   170 0.80 -
138777:77-469        -            131 13303at4891          -            299   0.00033   14.8   0.0   1   1   3.1e-05   0.00059   14.0   0.0   115   140     3    28     1    36 0.84 -
#
# Program:         hmmsearch
# Version:         3.1b2 (February 2015)
# Pipeline mode:   SEARCH
# Query file:      /home/jj/Desktop/Bioinformatics/3rd_year/1term/Computational_genomics/Seminars/exercise_04/busco_downloads/lineages/saccharomycetes_odb10/hmms/13303at4891.hmm
# Target file:     /home/jj/Desktop/Bioinformatics/3rd_year/1term/Computational_genomics/Seminars/exercise_04/./busco/SRR7548448/SRR7548448_k63_contigs/run_saccharomycetes_odb10/metaeuk_output/rerun_results/SRR7548448_k63_graph.contig.fa.modified.fas
# Option settings: hmmsearch --domtblout /home/jj/Desktop/Bioinformatics/3rd_year/1term/Computational_genomics/Seminars/exercise_04/./busco/SRR7548448/SRR7548448_k63_contigs/run_saccharomycetes_odb10/hmmer_output/rerun_results/13303at4891.out --cpu 1 /home/jj/Desktop/Bioinformatics/3rd_year/1term/Computational_genomics/Seminars/exercise_04/busco_downloads/lineages/saccharomycetes_odb10/hmms/13303at4891.hmm /home/jj/Desktop/Bioinformatics/3rd_year/1term/Computational_genomics/Seminars/exercise_04/./busco/SRR7548448/SRR7548448_k63_contigs/run_saccharomycetes_odb10/metaeuk_output/rerun_results/SRR7548448_k63_graph.contig.fa.modified.fas 
# Current dir:     /home/jj/Desktop/Bioinformatics/3rd_year/1term/Computational_genomics/Seminars/exercise_04
# Date:            Tue Nov  5 18:54:40 2024
# [ok]
