#                                                                            --- full sequence --- -------------- this domain -------------   hmm coord   ali coord   env coord
# target name        accession   tlen query name           accession   qlen   E-value  score  bias   #  of  c-Evalue  i-Evalue  score  bias  from    to  from    to  from    to  acc description of target
#------------------- ---------- ----- -------------------- ---------- ----- --------- ------ ----- --- --- --------- --------- ------ ----- ----- ----- ----- ----- ----- ----- ---- ---------------------
144479:2-847         -            282 13507at4891          -            259   2.4e-68  225.7   3.2   1   2   8.4e-08   1.6e-06   23.0   0.6    92   123     1    51     1    76 0.64 -
144479:2-847         -            282 13507at4891          -            259   2.4e-68  225.7   3.2   2   2   3.7e-60   7.2e-59  194.6   0.0   122   248    94   229    89   249 0.89 -
144839:7-642         -            212 13507at4891          -            259     3e-30  100.8   0.0   1   1   1.9e-31   3.8e-30  100.5   0.0    49   231     1   200     1   210 0.88 -
144977:40-684        -            215 13507at4891          -            259     3e-28   94.3   0.7   1   2   4.5e-09   8.8e-08   27.2   0.1    58   141     6    86     1    92 0.89 -
144977:40-684        -            215 13507at4891          -            259     3e-28   94.3   0.7   2   2   5.9e-21   1.1e-19   66.1   0.1   119   201    93   173    89   205 0.91 -
145175:14-847        -            278 13507at4891          -            259   3.6e-28   94.0   0.6   1   1   1.5e-28     3e-27   91.0   0.6     4   185     3   220     1   237 0.75 -
138573:6-455         -            150 13507at4891          -            259   1.4e-25   85.5   0.0   1   1   7.8e-27   1.5e-25   85.4   0.0   102   200    12   115     2   149 0.85 -
137929:9-443         -            145 13507at4891          -            259   6.4e-23   76.8   0.0   1   1     4e-24   7.9e-23   76.5   0.0    81   199     9   130     3   137 0.91 -
141063:9-554         -            182 13507at4891          -            259   2.1e-22   75.1   0.0   1   1   1.2e-23   2.3e-22   75.0   0.0    61   188    52   180     4   182 0.85 -
143795:67-747        -            227 13507at4891          -            259   2.4e-21   71.6   0.0   1   2   1.3e-12   2.5e-11   38.8   0.0    63   137     1    77     1    84 0.84 -
143795:67-747        -            227 13507at4891          -            259   2.4e-21   71.6   0.0   2   2   3.1e-10   6.1e-09   31.0   0.0   132   185   104   160    98   221 0.80 -
143033:187-669       -            161 13507at4891          -            259   7.3e-21   70.0   0.2   1   1   4.7e-22   9.3e-21   69.7   0.2     6   152     1   161     1   161 0.82 -
144279:254-808       -            185 13507at4891          -            259   1.2e-20   69.3   0.0   1   1   7.9e-22   1.5e-20   69.0   0.0    91   191     3   107     1   115 0.87 -
142899:7-642         -            212 13507at4891          -            259   2.9e-20   68.1   0.0   1   1   1.8e-21   3.6e-20   67.8   0.0    93   188    41   140     9   150 0.86 -
144797:1-714         -            238 13507at4891          -            259   3.7e-20   67.8   0.0   1   1   2.6e-21     5e-20   67.3   0.0    62   201     5   149     2   218 0.77 -
141797:1-591         -            197 13507at4891          -            259   5.2e-20   67.2   0.0   1   1   2.9e-21   5.6e-20   67.2   0.0    61   195     5   149     1   194 0.82 -
139911:55-507        -            151 13507at4891          -            259   5.5e-20   67.2   0.0   1   1   3.7e-21   7.3e-20   66.8   0.0   108   216    12   142     2   150 0.73 -
137919:7-429         -            141 13507at4891          -            259   1.1e-19   66.2   0.1   1   1     7e-21   1.4e-19   65.9   0.1   110   197     6    98     2   107 0.93 -
145155:2-835         -            278 13507at4891          -            259   1.6e-19   65.7   0.0   1   1   1.2e-20   2.4e-19   65.1   0.0    47   185    74   220    13   226 0.74 -
136623:8-412         -            135 13507at4891          -            259   4.8e-19   64.1   0.1   1   1   3.3e-20   6.5e-19   63.7   0.1   118   215     2   116     1   134 0.76 -
139915:3-470         -            156 13507at4891          -            259     1e-18   63.0   0.1   1   1   1.4e-18   2.8e-17   58.3   0.1    88   196    22   152     2   156 0.72 -
140939:17-526        -            170 13507at4891          -            259   1.4e-17   59.3   0.0   1   1   3.7e-17   7.3e-16   53.7   0.0    92   217     7   165     1   169 0.76 -
143305:7-633         -            209 13507at4891          -            259   1.5e-16   55.9   0.0   1   1   1.2e-17   2.3e-16   55.3   0.0   108   190    18   116     2   132 0.78 -
143027:172-651       -            160 13507at4891          -            259   1.5e-16   55.9   0.1   1   1     1e-17     2e-16   55.5   0.1     6   133     5   153     1   158 0.79 -
138105:16-444        -            143 13507at4891          -            259   5.9e-16   54.0   0.1   1   1   4.1e-17     8e-16   53.5   0.1     6   132     1   143     1   143 0.79 -
139477:0-491         -            164 13507at4891          -            259   8.8e-14   46.8   0.0   1   1   6.6e-15   1.3e-13   46.3   0.0   124   190     1    75     1    98 0.85 -
141463:27-569        -            181 13507at4891          -            259   1.2e-13   46.4   0.1   1   1   7.5e-15   1.5e-13   46.1   0.1    92   185    45   142    30   157 0.87 -
138137:12-449        -            146 13507at4891          -            259   7.2e-12   40.6   0.1   1   1   4.1e-13   8.1e-12   40.4   0.1    60   155    49   146     3   146 0.74 -
143975:1-471         -            157 13507at4891          -            259   8.2e-12   40.4   0.4   1   1   5.9e-13   1.2e-11   39.9   0.4     2   120    26   157    25   157 0.83 -
143351:5-469         -            155 13507at4891          -            259   2.3e-11   38.9   0.0   1   1   1.4e-12   2.8e-11   38.7   0.0    41   131    53   154     2   155 0.78 -
142181:21-614        -            198 13507at4891          -            259   1.1e-10   36.7   0.4   1   1   2.2e-11   4.2e-10   34.8   0.4    61   156    87   197    38   198 0.78 -
136307:2-403         -            134 13507at4891          -            259   3.1e-09   31.9   0.2   1   1     2e-10   3.9e-09   31.6   0.2    15   124    22   129    13   132 0.88 -
145735:713-1261      -            183 13507at4891          -            259   4.1e-09   31.5   0.0   1   1     4e-10   7.8e-09   30.6   0.0    83   185    19   143     4   150 0.72 -
144109:7-732         -            242 13507at4891          -            259   2.1e-07   25.9   0.0   1   1     2e-08   3.8e-07   25.1   0.0   107   174    23   108     9   116 0.73 -
143007:66-662        -            199 13507at4891          -            259   1.5e-06   23.1   0.0   1   1   1.5e-07   2.9e-06   22.2   0.0     3   174     4   197     2   199 0.64 -
142343:154-603       -            150 13507at4891          -            259   2.5e-06   22.4   0.0   1   1     2e-07   3.8e-06   21.8   0.0    83   184    33   149    20   150 0.76 -
138777:77-469        -            131 13507at4891          -            259     9e-05   17.3   0.1   1   2    0.0073      0.14    6.8   0.0   110   123    16    29     3    32 0.81 -
138777:77-469        -            131 13507at4891          -            259     9e-05   17.3   0.1   2   2    0.0071      0.14    6.9   0.0    98   159    29    90    26   131 0.71 -
#
# Program:         hmmsearch
# Version:         3.1b2 (February 2015)
# Pipeline mode:   SEARCH
# Query file:      /home/jj/Desktop/Bioinformatics/3rd_year/1term/Computational_genomics/Seminars/exercise_04/busco_downloads/lineages/saccharomycetes_odb10/hmms/13507at4891.hmm
# Target file:     /home/jj/Desktop/Bioinformatics/3rd_year/1term/Computational_genomics/Seminars/exercise_04/./busco/SRR7548448/SRR7548448_k63_contigs/run_saccharomycetes_odb10/metaeuk_output/rerun_results/SRR7548448_k63_graph.contig.fa.modified.fas
# Option settings: hmmsearch --domtblout /home/jj/Desktop/Bioinformatics/3rd_year/1term/Computational_genomics/Seminars/exercise_04/./busco/SRR7548448/SRR7548448_k63_contigs/run_saccharomycetes_odb10/hmmer_output/rerun_results/13507at4891.out --cpu 1 /home/jj/Desktop/Bioinformatics/3rd_year/1term/Computational_genomics/Seminars/exercise_04/busco_downloads/lineages/saccharomycetes_odb10/hmms/13507at4891.hmm /home/jj/Desktop/Bioinformatics/3rd_year/1term/Computational_genomics/Seminars/exercise_04/./busco/SRR7548448/SRR7548448_k63_contigs/run_saccharomycetes_odb10/metaeuk_output/rerun_results/SRR7548448_k63_graph.contig.fa.modified.fas 
# Current dir:     /home/jj/Desktop/Bioinformatics/3rd_year/1term/Computational_genomics/Seminars/exercise_04
# Date:            Tue Nov  5 18:54:41 2024
# [ok]
