#                                                                            --- full sequence --- -------------- this domain -------------   hmm coord   ali coord   env coord
# target name        accession   tlen query name           accession   qlen   E-value  score  bias   #  of  c-Evalue  i-Evalue  score  bias  from    to  from    to  from    to  acc description of target
#------------------- ---------- ----- -------------------- ---------- ----- --------- ------ ----- --- --- --------- --------- ------ ----- ----- ----- ----- ----- ----- ----- ---- ---------------------
132471:0-341         -            114 13867at4891          -            327   9.2e-71  233.8   0.2   1   1   2.1e-72     1e-70  233.7   0.2   151   261     1   114     1   114 0.97 -
140201:39-518        -            160 13867at4891          -            327   1.6e-65  216.7   0.0   1   1   3.7e-67   1.7e-65  216.5   0.0    87   243     1   160     1   160 0.97 -
139339:2-487         -            162 13867at4891          -            327     2e-58  193.3   0.0   1   1   4.6e-60   2.2e-58  193.2   0.0   132   289     1   161     1   162 0.96 -
141713:28-582        -            185 13867at4891          -            327   9.6e-57  187.8   0.6   1   1   2.2e-58     1e-56  187.7   0.6   144   319     2   181     1   185 0.93 -
140107:3-434         -            144 13867at4891          -            327   1.3e-54  180.7   0.1   1   1   3.1e-56   1.5e-54  180.6   0.1   163   303     1   144     1   144 0.97 -
145219:1-639         -            213 13867at4891          -            327     2e-54  180.1   0.0   1   1   4.7e-56   2.2e-54  180.0   0.0    95   303     1   212     1   213 0.96 -
144757:0-659         -            220 13867at4891          -            327     1e-42  141.7   0.0   1   1   2.4e-44   1.2e-42  141.5   0.0    85   289     6   219     2   220 0.92 -
142381:156-611       -            152 13867at4891          -            327   5.2e-34  113.1   0.6   1   1   1.2e-35   5.7e-34  112.9   0.6   155   304     3   152     1   152 0.94 -
136991:2-403         -            134 13867at4891          -            327   8.1e-34  112.4   0.0   1   1   1.8e-35   8.7e-34  112.3   0.0    94   220     3   133     1   134 0.91 -
137839:5-403         -            133 13867at4891          -            327   2.2e-26   88.0   0.1   1   1   5.1e-28   2.4e-26   87.9   0.1   177   301     2   131     1   133 0.91 -
143129:1-615         -            205 13867at4891          -            327   3.8e-23   77.3   0.0   1   1     1e-24   4.8e-23   77.0   0.0   168   303     2   142     1   160 0.87 -
141755:252-584       -            111 13867at4891          -            327   4.4e-16   54.1   0.0   1   1     1e-17   4.8e-16   54.0   0.0   134   238     2   111     1   111 0.88 -
145413:151-1119      -            323 13867at4891          -            327   1.9e-15   52.0   0.0   1   1   5.7e-17   2.7e-15   51.5   0.0   224   323     2   101     1   105 0.96 -
142695:2-619         -            206 13867at4891          -            327   0.00026   15.4   0.0   1   2     2e-05   0.00093   13.6   0.0   283   322     6    45     1    50 0.91 -
142695:2-619         -            206 13867at4891          -            327   0.00026   15.4   0.0   2   2      0.51        24   -0.9   0.0   239   269   123   153   112   164 0.81 -
#
# Program:         hmmsearch
# Version:         3.1b2 (February 2015)
# Pipeline mode:   SEARCH
# Query file:      /home/jj/Desktop/Bioinformatics/3rd_year/1term/Computational_genomics/Seminars/exercise_04/busco_downloads/lineages/saccharomycetes_odb10/hmms/13867at4891.hmm
# Target file:     /home/jj/Desktop/Bioinformatics/3rd_year/1term/Computational_genomics/Seminars/exercise_04/./busco/SRR7548448/SRR7548448_k63_contigs/run_saccharomycetes_odb10/metaeuk_output/rerun_results/SRR7548448_k63_graph.contig.fa.modified.fas
# Option settings: hmmsearch --domtblout /home/jj/Desktop/Bioinformatics/3rd_year/1term/Computational_genomics/Seminars/exercise_04/./busco/SRR7548448/SRR7548448_k63_contigs/run_saccharomycetes_odb10/hmmer_output/rerun_results/13867at4891.out --cpu 1 /home/jj/Desktop/Bioinformatics/3rd_year/1term/Computational_genomics/Seminars/exercise_04/busco_downloads/lineages/saccharomycetes_odb10/hmms/13867at4891.hmm /home/jj/Desktop/Bioinformatics/3rd_year/1term/Computational_genomics/Seminars/exercise_04/./busco/SRR7548448/SRR7548448_k63_contigs/run_saccharomycetes_odb10/metaeuk_output/rerun_results/SRR7548448_k63_graph.contig.fa.modified.fas 
# Current dir:     /home/jj/Desktop/Bioinformatics/3rd_year/1term/Computational_genomics/Seminars/exercise_04
# Date:            Tue Nov  5 18:54:00 2024
# [ok]
