#                                                                            --- full sequence --- -------------- this domain -------------   hmm coord   ali coord   env coord
# target name        accession   tlen query name           accession   qlen   E-value  score  bias   #  of  c-Evalue  i-Evalue  score  bias  from    to  from    to  from    to  acc description of target
#------------------- ---------- ----- -------------------- ---------- ----- --------- ------ ----- --- --- --------- --------- ------ ----- ----- ----- ----- ----- ----- ----- ---- ---------------------
144279:254-808       -            185 14247at4891          -            314   3.4e-45  149.7   0.2   1   1     4e-45   7.6e-44  145.3   0.2   115   292     1   185     1   185 0.89 -
142899:7-642         -            212 14247at4891          -            314   1.5e-44  147.6   0.0   1   1   1.3e-45   2.5e-44  146.8   0.0    86   282     4   195     1   206 0.87 -
143305:7-633         -            209 14247at4891          -            314   8.6e-33  108.9   0.0   1   1   2.4e-33   4.6e-32  106.6   0.0   117   293     3   199     1   205 0.77 -
145175:14-847        -            278 14247at4891          -            314   4.7e-23   77.0   0.0   1   1   4.9e-24   9.4e-23   76.0   0.0    25   212     5   214     1   222 0.79 -
139477:0-491         -            164 14247at4891          -            314   1.2e-22   75.6   0.2   1   2   6.2e-19   1.2e-17   59.2   0.0   153   254     1    94     1   111 0.77 -
139477:0-491         -            164 14247at4891          -            314   1.2e-22   75.6   0.2   2   2   3.2e-05    0.0006   14.2   0.0   258   291   123   157   113   162 0.79 -
144839:7-642         -            212 14247at4891          -            314   3.8e-19   64.1   0.1   1   2   5.1e-20   9.7e-19   62.8   0.0    67   216     2   144     1   153 0.93 -
144839:7-642         -            212 14247at4891          -            314   3.8e-19   64.1   0.1   2   2       1.9        37   -1.5   0.0   266   298   174   206   162   211 0.75 -
145155:2-835         -            278 14247at4891          -            314   8.9e-19   62.9   0.0   1   2     9e-18   1.7e-16   55.4   0.0    53   212    52   214    38   220 0.84 -
145155:2-835         -            278 14247at4891          -            314   8.9e-19   62.9   0.0   2   2     0.013      0.25    5.6   0.0   260   288   247   276   242   278 0.84 -
143795:67-747        -            227 14247at4891          -            314   7.2e-18   59.9   0.0   1   3   2.8e-15   5.3e-14   47.2   0.0    91   175     3    86     1    89 0.86 -
143795:67-747        -            227 14247at4891          -            314   7.2e-18   59.9   0.0   2   3     0.001      0.02    9.2   0.0   179   214   119   156   109   168 0.82 -
143795:67-747        -            227 14247at4891          -            314   7.2e-18   59.9   0.0   3   3      0.87        16   -0.4   0.0   257   298   183   225   174   227 0.77 -
138105:16-444        -            143 14247at4891          -            314   9.6e-18   59.5   0.1   1   1   5.4e-19     1e-17   59.4   0.1    30   161     6   143     1   143 0.83 -
141463:27-569        -            181 14247at4891          -            314   3.1e-17   57.8   0.0   1   1   1.9e-18   3.6e-17   57.6   0.0   107   221    34   146     2   169 0.84 -
144109:7-732         -            242 14247at4891          -            314   4.1e-17   57.4   0.0   1   1   3.3e-18   6.2e-17   56.8   0.0   117   209     9   110     4   162 0.84 -
138573:6-455         -            150 14247at4891          -            314   2.5e-16   54.8   0.0   1   1   1.7e-17   3.3e-16   54.5   0.0   120   221     4   103     2   117 0.91 -
143027:172-651       -            160 14247at4891          -            314   4.1e-16   54.1   0.1   1   1   2.4e-17   4.6e-16   54.0   0.1    38   165    28   156     5   160 0.75 -
143033:187-669       -            161 14247at4891          -            314   4.9e-16   53.9   0.3   1   1   2.9e-17   5.6e-16   53.7   0.3    27   165     3   145     1   154 0.88 -
139915:3-470         -            156 14247at4891          -            314   5.7e-16   53.7   0.0   1   1   8.6e-17   1.6e-15   52.2   0.0   107   221    17   144     1   155 0.75 -
137929:9-443         -            145 14247at4891          -            314   2.5e-15   51.6   0.0   1   1   1.6e-16   3.1e-15   51.3   0.0   116   222    18   120     3   138 0.83 -
141063:9-554         -            182 14247at4891          -            314   6.7e-15   50.2   0.0   1   1   4.1e-16   7.9e-15   49.9   0.0   117   217    81   177    42   182 0.80 -
144479:2-847         -            282 14247at4891          -            314   8.4e-15   49.8   0.0   1   2   0.00083     0.016    9.5   0.0   131   149    35    53    19    59 0.91 -
144479:2-847         -            282 14247at4891          -            314   8.4e-15   49.8   0.0   2   2   1.7e-12   3.1e-11   38.1   0.0   147   220    90   159    73   173 0.87 -
137919:7-429         -            141 14247at4891          -            314   1.1e-14   49.5   0.0   1   2   1.1e-15     2e-14   48.6   0.0   129   228     1    97     1   103 0.87 -
137919:7-429         -            141 14247at4891          -            314   1.1e-14   49.5   0.0   2   2         4        76   -2.6   0.0   266   281   114   129   104   135 0.80 -
143351:5-469         -            155 14247at4891          -            314   1.4e-14   49.2   0.1   1   1   7.9e-16   1.5e-14   49.0   0.1    60   160    55   154    30   155 0.87 -
139911:55-507        -            151 14247at4891          -            314   7.4e-14   46.7   0.0   1   1   4.5e-15   8.6e-14   46.5   0.0   126   230     6   116     1   150 0.81 -
144797:1-714         -            238 14247at4891          -            314   4.2e-13   44.3   0.0   1   2     8e-14   1.5e-12   42.4   0.0   117   221    33   136    17   144 0.87 -
144797:1-714         -            238 14247at4891          -            314   4.2e-13   44.3   0.0   2   2      0.98        19   -0.6   0.0   253   289   154   191   132   202 0.69 -
144977:40-684        -            215 14247at4891          -            314   4.2e-12   41.0   0.2   1   2   0.00069     0.013    9.8   0.0   116   145    37    66    10    70 0.89 -
144977:40-684        -            215 14247at4891          -            314   4.2e-12   41.0   0.2   2   2   1.4e-09   2.7e-08   28.5   0.0   150   227    95   167    91   214 0.84 -
140939:17-526        -            170 14247at4891          -            314   4.2e-12   41.0   0.0   1   1   2.8e-12   5.3e-11   37.4   0.0   118   217     7   123     3   152 0.71 -
136307:2-403         -            134 14247at4891          -            314   3.6e-11   37.9   0.1   1   1   2.1e-12     4e-11   37.8   0.1    40   152    19   133     2   134 0.77 -
145735:713-1261      -            183 14247at4891          -            314   5.6e-11   37.3   0.0   1   1   3.1e-12   5.9e-11   37.2   0.0    96   172     6    82     1   142 0.76 -
141797:1-591         -            197 14247at4891          -            314   1.6e-09   32.5   0.0   1   1   1.2e-10   2.3e-09   32.0   0.0    86   209     4   130     2   138 0.73 -
144845:209-790       -            194 14247at4891          -            314   3.6e-08   28.0   0.1   1   1   2.1e-09   4.1e-08   27.9   0.1    22   150    37   176    23   194 0.74 -
136623:8-412         -            135 14247at4891          -            314     2e-07   25.6   0.0   1   1   1.3e-08   2.4e-07   25.3   0.0   141   224     1    91     1   104 0.73 -
138137:12-449        -            146 14247at4891          -            314   4.9e-07   24.3   0.0   1   1   2.6e-08   4.9e-07   24.3   0.0   114   162    76   124    28   146 0.75 -
143007:66-662        -            199 14247at4891          -            314     3e-06   21.7   0.0   1   1   2.3e-07   4.4e-06   21.2   0.0   110   165    94   152    72   182 0.78 -
142181:21-614        -            198 14247at4891          -            314     6e-05   17.5   0.1   1   1   4.4e-06   8.3e-05   17.0   0.1    95   188    96   197    83   198 0.73 -
143975:1-471         -            157 14247at4891          -            314   0.00043   14.7   0.2   1   1   2.7e-05   0.00051   14.4   0.2    20   144    25   157    11   157 0.75 -
142343:154-603       -            150 14247at4891          -            314   0.00048   14.5   0.0   1   1   3.6e-05   0.00069   14.0   0.0   115   167    39    96    29   143 0.79 -
138777:77-469        -            131 14247at4891          -            314    0.0059   10.9   0.1   1   2   0.00062     0.012    9.9   0.0   122   146     4    28     1    32 0.87 -
138777:77-469        -            131 14247at4891          -            314    0.0059   10.9   0.1   2   2       7.7   1.5e+02   -3.5   0.0   193   206   108   121   106   125 0.82 -
#
# Program:         hmmsearch
# Version:         3.1b2 (February 2015)
# Pipeline mode:   SEARCH
# Query file:      /home/jj/Desktop/Bioinformatics/3rd_year/1term/Computational_genomics/Seminars/exercise_04/busco_downloads/lineages/saccharomycetes_odb10/hmms/14247at4891.hmm
# Target file:     /home/jj/Desktop/Bioinformatics/3rd_year/1term/Computational_genomics/Seminars/exercise_04/./busco/SRR7548448/SRR7548448_k63_contigs/run_saccharomycetes_odb10/metaeuk_output/rerun_results/SRR7548448_k63_graph.contig.fa.modified.fas
# Option settings: hmmsearch --domtblout /home/jj/Desktop/Bioinformatics/3rd_year/1term/Computational_genomics/Seminars/exercise_04/./busco/SRR7548448/SRR7548448_k63_contigs/run_saccharomycetes_odb10/hmmer_output/rerun_results/14247at4891.out --cpu 1 /home/jj/Desktop/Bioinformatics/3rd_year/1term/Computational_genomics/Seminars/exercise_04/busco_downloads/lineages/saccharomycetes_odb10/hmms/14247at4891.hmm /home/jj/Desktop/Bioinformatics/3rd_year/1term/Computational_genomics/Seminars/exercise_04/./busco/SRR7548448/SRR7548448_k63_contigs/run_saccharomycetes_odb10/metaeuk_output/rerun_results/SRR7548448_k63_graph.contig.fa.modified.fas 
# Current dir:     /home/jj/Desktop/Bioinformatics/3rd_year/1term/Computational_genomics/Seminars/exercise_04
# Date:            Tue Nov  5 18:54:24 2024
# [ok]
