#                                                                            --- full sequence --- -------------- this domain -------------   hmm coord   ali coord   env coord
# target name        accession   tlen query name           accession   qlen   E-value  score  bias   #  of  c-Evalue  i-Evalue  score  bias  from    to  from    to  from    to  acc description of target
#------------------- ---------- ----- -------------------- ---------- ----- --------- ------ ----- --- --- --------- --------- ------ ----- ----- ----- ----- ----- ----- ----- ---- ---------------------
140669:41-505        -            155 14486at4891          -            631   1.4e-83  276.7   1.1   1   1     2e-85   1.6e-83  276.4   1.1   258   402     1   146     1   150 0.98 -
144465:0-698         -            233 14486at4891          -            631   8.6e-09   29.6   0.0   1   1   1.4e-10   1.1e-08   29.2   0.0   258   366    12   118     1   134 0.80 -
139177:59-481        -            141 14486at4891          -            631   8.7e-09   29.6   0.0   1   1   1.2e-10     1e-08   29.3   0.0   289   412     9   131     4   136 0.86 -
140201:39-518        -            160 14486at4891          -            631   2.8e-08   27.9   0.0   1   1   3.8e-10   3.2e-08   27.7   0.0   191   268    30   103     5   120 0.86 -
136991:2-403         -            134 14486at4891          -            631   0.00022   15.0   0.0   1   1   2.6e-06   0.00022   15.0   0.0   178   217    11    50     1   109 0.80 -
145219:1-639         -            213 14486at4891          -            631   0.00041   14.1   0.0   1   1   6.8e-06   0.00056   13.7   0.0   189   236    20    62    12   119 0.63 -
144211:0-731         -            244 14486at4891          -            631    0.0023   11.6   0.0   1   2   6.8e-05    0.0057   10.3   0.0   193   237    97   140    78   151 0.81 -
144211:0-731         -            244 14486at4891          -            631    0.0023   11.6   0.0   2   2      0.39        32   -2.1   0.0   247   265   203   221   191   226 0.71 -
144757:0-659         -            220 14486at4891          -            631    0.0023   11.6   0.0   1   1   3.4e-05    0.0028   11.3   0.0   193   238    39    79     7   124 0.70 -
#
# Program:         hmmsearch
# Version:         3.1b2 (February 2015)
# Pipeline mode:   SEARCH
# Query file:      /home/jj/Desktop/Bioinformatics/3rd_year/1term/Computational_genomics/Seminars/exercise_04/busco_downloads/lineages/saccharomycetes_odb10/hmms/14486at4891.hmm
# Target file:     /home/jj/Desktop/Bioinformatics/3rd_year/1term/Computational_genomics/Seminars/exercise_04/./busco/SRR7548448/SRR7548448_k63_contigs/run_saccharomycetes_odb10/metaeuk_output/rerun_results/SRR7548448_k63_graph.contig.fa.modified.fas
# Option settings: hmmsearch --domtblout /home/jj/Desktop/Bioinformatics/3rd_year/1term/Computational_genomics/Seminars/exercise_04/./busco/SRR7548448/SRR7548448_k63_contigs/run_saccharomycetes_odb10/hmmer_output/rerun_results/14486at4891.out --cpu 1 /home/jj/Desktop/Bioinformatics/3rd_year/1term/Computational_genomics/Seminars/exercise_04/busco_downloads/lineages/saccharomycetes_odb10/hmms/14486at4891.hmm /home/jj/Desktop/Bioinformatics/3rd_year/1term/Computational_genomics/Seminars/exercise_04/./busco/SRR7548448/SRR7548448_k63_contigs/run_saccharomycetes_odb10/metaeuk_output/rerun_results/SRR7548448_k63_graph.contig.fa.modified.fas 
# Current dir:     /home/jj/Desktop/Bioinformatics/3rd_year/1term/Computational_genomics/Seminars/exercise_04
# Date:            Tue Nov  5 18:54:29 2024
# [ok]
