#                                                                            --- full sequence --- -------------- this domain -------------   hmm coord   ali coord   env coord
# target name        accession   tlen query name           accession   qlen   E-value  score  bias   #  of  c-Evalue  i-Evalue  score  bias  from    to  from    to  from    to  acc description of target
#------------------- ---------- ----- -------------------- ---------- ----- --------- ------ ----- --- --- --------- --------- ------ ----- ----- ----- ----- ----- ----- ----- ---- ---------------------
143663:88-690        -            201 14677at4891          -            305   1.7e-11   39.0   3.8   1   1   1.8e-10   7.8e-09   30.3   3.8   121   305     3   199     2   199 0.72 -
145769:0-1415        -            472 14677at4891          -            305   1.9e-08   29.0   0.3   1   4       1.2        53   -2.0   0.0   235   265   137   167   130   184 0.65 -
145769:0-1415        -            472 14677at4891          -            305   1.9e-08   29.0   0.3   2   4         2        90   -2.8   0.0   118   137   204   223   201   226 0.78 -
145769:0-1415        -            472 14677at4891          -            305   1.9e-08   29.0   0.3   3   4   2.3e-05     0.001   13.5   0.0    73   216   259   396   235   399 0.76 -
145769:0-1415        -            472 14677at4891          -            305   1.9e-08   29.0   0.3   4   4   0.00043     0.019    9.3   0.0   184   230   404   455   394   465 0.75 -
145821:41-862        -            274 14677at4891          -            305   4.2e-08   27.8   7.4   1   5      0.42        19   -0.5   0.0   184   196     1    13     1    23 0.87 -
145821:41-862        -            274 14677at4891          -            305   4.2e-08   27.8   7.4   2   5   4.9e-06   0.00022   15.7   0.5   180   234    37    94    13   121 0.73 -
145821:41-862        -            274 14677at4891          -            305   4.2e-08   27.8   7.4   3   5     0.012      0.55    4.5   0.2   182   199   120   137    96   146 0.70 -
145821:41-862        -            274 14677at4891          -            305   4.2e-08   27.8   7.4   4   5     0.037       1.6    2.9   0.0   183   198   210   225   199   235 0.81 -
145821:41-862        -            274 14677at4891          -            305   4.2e-08   27.8   7.4   5   5    0.0059      0.26    5.5   0.0   181   198   248   265   238   273 0.64 -
142977:29-619        -            197 14677at4891          -            305   5.8e-08   27.4   1.0   1   4     0.041       1.8    2.8   0.0    77   110     5    37     1    54 0.61 -
142977:29-619        -            197 14677at4891          -            305   5.8e-08   27.4   1.0   2   4    0.0042      0.18    6.0   0.0   181   197    60    76    44    86 0.84 -
142977:29-619        -            197 14677at4891          -            305   5.8e-08   27.4   1.0   3   4    0.0018     0.081    7.2   0.1   179   198   103   122   100   140 0.75 -
142977:29-619        -            197 14677at4891          -            305   5.8e-08   27.4   1.0   4   4    0.0014     0.062    7.6   0.0    77   107   136   165   131   175 0.72 -
144149:4-795         -            264 14677at4891          -            305   3.3e-07   24.9   0.0   1   3   0.00047     0.021    9.2   0.0    72   228    22   180     2   187 0.63 -
144149:4-795         -            264 14677at4891          -            305   3.3e-07   24.9   0.0   2   3     0.074       3.3    1.9   0.0   167   202   154   192   144   210 0.67 -
144149:4-795         -            264 14677at4891          -            305   3.3e-07   24.9   0.0   3   3   5.8e-05    0.0026   12.1   0.0   169   207   198   239   188   254 0.77 -
145301:241-942       -            234 14677at4891          -            305   5.1e-07   24.3   0.3   1   4      0.31        14   -0.1   0.0   183   197    23    37    10    63 0.75 -
145301:241-942       -            234 14677at4891          -            305   5.1e-07   24.3   0.3   2   4     0.089         4    1.7   0.0   181   196    63    78    41    83 0.78 -
145301:241-942       -            234 14677at4891          -            305   5.1e-07   24.3   0.3   3   4    0.0082      0.36    5.1   0.0   168   197    91   121    84   128 0.71 -
145301:241-942       -            234 14677at4891          -            305   5.1e-07   24.3   0.3   4   4   7.1e-05    0.0031   11.8   0.0   169   234   132   206   125   211 0.82 -
140847:1-537         -            179 14677at4891          -            305   1.1e-06   23.3   0.1   1   3   0.00036     0.016    9.5   0.0   181   196    16    31     3    37 0.85 -
140847:1-537         -            179 14677at4891          -            305   1.1e-06   23.3   0.1   2   3   0.00014    0.0063   10.9   0.0   181   203    65    87    60    99 0.86 -
140847:1-537         -            179 14677at4891          -            305   1.1e-06   23.3   0.1   3   3      0.93        41   -1.7   0.0   182   198   120   136   109   157 0.73 -
144137:68-793        -            242 14677at4891          -            305   3.4e-06   21.6   0.9   1   2     0.021      0.92    3.7   0.0    67   106    71   109    60   114 0.83 -
144137:68-793        -            242 14677at4891          -            305   3.4e-06   21.6   0.9   2   2     1e-05   0.00044   14.6   0.6    77   198   123   235   109   240 0.80 -
140077:5-511         -            169 14677at4891          -            305   4.1e-06   21.3   0.2   1   4      0.24        11    0.2   0.0   182   205    21    43     2    60 0.59 -
140077:5-511         -            169 14677at4891          -            305   4.1e-06   21.3   0.2   2   4   0.00046      0.02    9.2   0.1   182   198    64    80    48    89 0.86 -
140077:5-511         -            169 14677at4891          -            305   4.1e-06   21.3   0.2   3   4    0.0056      0.25    5.6   0.0    77   106    93   121    82   147 0.76 -
140077:5-511         -            169 14677at4891          -            305   4.1e-06   21.3   0.2   4   4     0.078       3.4    1.9   0.0    84   108   142   166   120   168 0.80 -
145363:1-1098        -            366 14677at4891          -            305   3.9e-05   18.1   0.5   1   3       2.5   1.1e+02   -3.1   0.0   253   278     4    30     3    34 0.79 -
145363:1-1098        -            366 14677at4891          -            305   3.9e-05   18.1   0.5   2   3      0.61        27   -1.1   0.0    87   107    87   107    60   128 0.74 -
145363:1-1098        -            366 14677at4891          -            305   3.9e-05   18.1   0.5   3   3   3.9e-06   0.00017   16.0   0.1   182   201   132   151   111   159 0.83 -
145583:484-1188      -            235 14677at4891          -            305     6e-05   17.5   0.2   1   1   9.2e-06   0.00041   14.8   0.2    51   232    20   220     7   227 0.60 -
141623:9-581         -            191 14677at4891          -            305   8.3e-05   17.0   0.2   1   1   0.00018    0.0078   10.5   0.2   181   198   132   149    21   189 0.55 -
143505:234-713       -            160 14677at4891          -            305   0.00029   15.3   0.6   1   2   0.00054     0.024    8.9   0.3   117   136    72    91     8   103 0.47 -
143505:234-713       -            160 14677at4891          -            305   0.00029   15.3   0.6   2   2      0.11       4.9    1.4   0.0   122   140   119   137   109   142 0.63 -
141381:50-520        -            157 14677at4891          -            305   0.00031   15.1   0.4   1   1   0.00041     0.018    9.4   0.1   181   196   121   136   100   141 0.85 -
143819:146-751       -            202 14677at4891          -            305    0.0034   11.7   0.1   1   2   0.00083     0.037    8.3   0.0   181   216    66   102    33   107 0.80 -
143819:146-751       -            202 14677at4891          -            305    0.0034   11.7   0.1   2   2     0.091         4    1.6   0.0    72   106   148   184   114   199 0.62 -
#
# Program:         hmmsearch
# Version:         3.1b2 (February 2015)
# Pipeline mode:   SEARCH
# Query file:      /home/jj/Desktop/Bioinformatics/3rd_year/1term/Computational_genomics/Seminars/exercise_04/busco_downloads/lineages/saccharomycetes_odb10/hmms/14677at4891.hmm
# Target file:     /home/jj/Desktop/Bioinformatics/3rd_year/1term/Computational_genomics/Seminars/exercise_04/./busco/SRR7548448/SRR7548448_k63_contigs/run_saccharomycetes_odb10/metaeuk_output/rerun_results/SRR7548448_k63_graph.contig.fa.modified.fas
# Option settings: hmmsearch --domtblout /home/jj/Desktop/Bioinformatics/3rd_year/1term/Computational_genomics/Seminars/exercise_04/./busco/SRR7548448/SRR7548448_k63_contigs/run_saccharomycetes_odb10/hmmer_output/rerun_results/14677at4891.out --cpu 1 /home/jj/Desktop/Bioinformatics/3rd_year/1term/Computational_genomics/Seminars/exercise_04/busco_downloads/lineages/saccharomycetes_odb10/hmms/14677at4891.hmm /home/jj/Desktop/Bioinformatics/3rd_year/1term/Computational_genomics/Seminars/exercise_04/./busco/SRR7548448/SRR7548448_k63_contigs/run_saccharomycetes_odb10/metaeuk_output/rerun_results/SRR7548448_k63_graph.contig.fa.modified.fas 
# Current dir:     /home/jj/Desktop/Bioinformatics/3rd_year/1term/Computational_genomics/Seminars/exercise_04
# Date:            Tue Nov  5 18:54:38 2024
# [ok]
