#                                                                            --- full sequence --- -------------- this domain -------------   hmm coord   ali coord   env coord
# target name        accession   tlen query name           accession   qlen   E-value  score  bias   #  of  c-Evalue  i-Evalue  score  bias  from    to  from    to  from    to  acc description of target
#------------------- ---------- ----- -------------------- ---------- ----- --------- ------ ----- --- --- --------- --------- ------ ----- ----- ----- ----- ----- ----- ----- ---- ---------------------
142977:29-619        -            197 1653at4891           -            641  3.4e-115  381.4   0.7   1   1  1.3e-116  3.7e-115  381.3   0.7    93   279     1   197     1   197 0.96 -
145821:41-862        -            274 1653at4891           -            641   8.6e-29   96.0   3.4   1   2   2.1e-05   0.00059   13.9   0.0   197   249     1    51     1    51 0.90 -
145821:41-862        -            274 1653at4891           -            641   8.6e-29   96.0   3.4   2   2   5.2e-17   1.4e-15   52.3   0.2    90   260   101   272    95   274 0.81 -
145301:241-942       -            234 1653at4891           -            641   2.1e-27   91.4   0.8   1   2     2e-20   5.7e-19   63.5   0.6    92   229     5   141     1   144 0.89 -
145301:241-942       -            234 1653at4891           -            641   2.1e-27   91.4   0.8   2   2   3.3e-09     9e-08   26.5   0.0   191   252   144   206   137   215 0.86 -
145769:0-1415        -            472 1653at4891           -            641   9.2e-27   89.3   1.1   1   2   1.6e-08   4.5e-07   24.2   0.3    93   168   145   221   135   225 0.84 -
145769:0-1415        -            472 1653at4891           -            641   9.2e-27   89.3   1.1   2   2     2e-20   5.4e-19   63.6   0.0     6   221   253   472   248   472 0.87 -
144541:4-777         -            258 1653at4891           -            641   8.1e-17   56.4   5.4   1   1   1.6e-17   4.3e-16   54.0   5.4    71   250     2   198     1   204 0.80 -
144137:68-793        -            242 1653at4891           -            641   9.1e-17   56.2   1.5   1   1   4.5e-18   1.3e-16   55.8   1.5    16   166    81   232    64   239 0.85 -
143313:52-507        -            152 1653at4891           -            641   1.1e-13   46.0   0.4   1   1   4.7e-15   1.3e-13   45.8   0.4    86   208    26   151     6   152 0.82 -
140847:1-537         -            179 1653at4891           -            641   2.8e-13   44.7   0.0   1   2   1.9e-08   5.2e-07   24.0   0.0    96   168     3    81     1    91 0.70 -
140847:1-537         -            179 1653at4891           -            641   2.8e-13   44.7   0.0   2   2   7.4e-07   2.1e-05   18.7   0.0    87   159    98   174    90   179 0.77 -
144149:4-795         -            264 1653at4891           -            641   4.8e-12   40.6   0.0   1   1   1.9e-13   5.3e-12   40.5   0.0    49   268    22   244     6   264 0.81 -
140077:5-511         -            169 1653at4891           -            641   6.6e-12   40.2   0.0   1   2   1.8e-09     5e-08   27.4   0.0   190   252    16    79     3    88 0.83 -
140077:5-511         -            169 1653at4891           -            641   6.6e-12   40.2   0.0   2   2   0.00016    0.0045   11.0   0.0    93   169    89   163    82   168 0.85 -
145543:193-1188      -            332 1653at4891           -            641   1.3e-10   35.9   0.3   1   4      0.36        10   -0.1   0.0   148   169    11    32     3    40 0.82 -
145543:193-1188      -            332 1653at4891           -            641   1.3e-10   35.9   0.3   2   4    0.0057      0.16    5.9   0.0    91   135    60   104    55   124 0.81 -
145543:193-1188      -            332 1653at4891           -            641   1.3e-10   35.9   0.3   3   4   9.3e-09   2.6e-07   25.0   0.2    68   127   138   196   111   206 0.79 -
145543:193-1188      -            332 1653at4891           -            641   1.3e-10   35.9   0.3   4   4       1.3        37   -1.9   0.0   513   517   304   308   288   327 0.48 -
143663:88-690        -            201 1653at4891           -            641   1.6e-10   35.6   0.9   1   2    0.0025     0.071    7.0   0.0   195   225     2    32     1    45 0.71 -
143663:88-690        -            201 1653at4891           -            641   1.6e-10   35.6   0.9   2   2   2.3e-09   6.2e-08   27.0   0.2   109   250    66   200    55   201 0.78 -
144067:217-762       -            182 1653at4891           -            641   1.8e-10   35.4   6.9   1   2   7.3e-10     2e-08   28.6   3.3    87   175    37   138    13   140 0.68 -
144067:217-762       -            182 1653at4891           -            641   1.8e-10   35.4   6.9   2   2   0.00034    0.0095    9.9   0.1    84   124   133   171   129   177 0.86 -
143505:234-713       -            160 1653at4891           -            641   1.3e-09   32.5   0.0   1   1   5.4e-11   1.5e-09   32.4   0.0    79   210     2   132     1   146 0.78 -
141381:50-520        -            157 1653at4891           -            641   1.5e-09   32.4   0.0   1   1   6.9e-11   1.9e-09   32.0   0.0   194   252    79   137    59   145 0.92 -
145583:484-1188      -            235 1653at4891           -            641   3.4e-09   31.2   1.0   1   1   1.5e-09   4.1e-08   27.6   1.0    64   252     7   222     5   229 0.73 -
144489:26-847        -            274 1653at4891           -            641   1.4e-08   29.2   0.1   1   2   1.8e-06   4.9e-05   17.5   0.0   107   168     9    70     5    78 0.93 -
144489:26-847        -            274 1653at4891           -            641   1.4e-08   29.2   0.1   2   2   0.00042     0.012    9.6   0.0    71   127   122   180   113   194 0.76 -
143977:73-726        -            218 1653at4891           -            641   4.2e-07   24.3   0.3   1   2    0.0036       0.1    6.5   0.0   203   246    46    87    36    92 0.82 -
143977:73-726        -            218 1653at4891           -            641   4.2e-07   24.3   0.3   2   2   4.8e-06   0.00013   16.1   0.1    62   144   116   201    99   211 0.78 -
143253:125-688       -            188 1653at4891           -            641   2.3e-06   21.9   0.0   1   1   1.1e-07   2.9e-06   21.5   0.0    42   167    11   139     4   147 0.62 -
143819:146-751       -            202 1653at4891           -            641   6.3e-06   20.4   0.1   1   2   5.5e-07   1.5e-05   19.1   0.0    52   125    10    83     1   117 0.83 -
143819:146-751       -            202 1653at4891           -            641   6.3e-06   20.4   0.1   2   2      0.82        23   -1.3   0.0   107   137   166   196   146   200 0.61 -
145907:260-880       -            207 1653at4891           -            641   9.2e-06   19.9   0.0   1   2     0.086       2.4    2.0   0.0   135   166    43    73     3    86 0.59 -
145907:260-880       -            207 1653at4891           -            641   9.2e-06   19.9   0.0   2   2   5.8e-06   0.00016   15.8   0.0    66   121   133   188   126   190 0.93 -
141623:9-581         -            191 1653at4891           -            641   2.2e-05   18.6   0.9   1   2    0.0017     0.048    7.6   0.1   231   282    43    98     3   102 0.62 -
141623:9-581         -            191 1653at4891           -            641   2.2e-05   18.6   0.9   2   2   0.00011    0.0032   11.5   0.1   195   254    90   150    84   189 0.75 -
145365:0-995         -            332 1653at4891           -            641   0.00011   16.3   0.0   1   1   6.6e-06   0.00018   15.6   0.0    66   249   131   324    58   328 0.75 -
144833:0-911         -            304 1653at4891           -            641    0.0014   12.7   1.2   1   2       5.8   1.6e+02   -4.0   0.0   169   191   119   141   117   143 0.86 -
144833:0-911         -            304 1653at4891           -            641    0.0014   12.7   1.2   2   2   5.4e-05    0.0015   12.6   0.3   125   169   249   293   202   300 0.83 -
#
# Program:         hmmsearch
# Version:         3.1b2 (February 2015)
# Pipeline mode:   SEARCH
# Query file:      /home/jj/Desktop/Bioinformatics/3rd_year/1term/Computational_genomics/Seminars/exercise_04/busco_downloads/lineages/saccharomycetes_odb10/hmms/1653at4891.hmm
# Target file:     /home/jj/Desktop/Bioinformatics/3rd_year/1term/Computational_genomics/Seminars/exercise_04/./busco/SRR7548448/SRR7548448_k63_contigs/run_saccharomycetes_odb10/metaeuk_output/rerun_results/SRR7548448_k63_graph.contig.fa.modified.fas
# Option settings: hmmsearch --domtblout /home/jj/Desktop/Bioinformatics/3rd_year/1term/Computational_genomics/Seminars/exercise_04/./busco/SRR7548448/SRR7548448_k63_contigs/run_saccharomycetes_odb10/hmmer_output/rerun_results/1653at4891.out --cpu 1 /home/jj/Desktop/Bioinformatics/3rd_year/1term/Computational_genomics/Seminars/exercise_04/busco_downloads/lineages/saccharomycetes_odb10/hmms/1653at4891.hmm /home/jj/Desktop/Bioinformatics/3rd_year/1term/Computational_genomics/Seminars/exercise_04/./busco/SRR7548448/SRR7548448_k63_contigs/run_saccharomycetes_odb10/metaeuk_output/rerun_results/SRR7548448_k63_graph.contig.fa.modified.fas 
# Current dir:     /home/jj/Desktop/Bioinformatics/3rd_year/1term/Computational_genomics/Seminars/exercise_04
# Date:            Tue Nov  5 18:54:16 2024
# [ok]
