#                                                                            --- full sequence --- -------------- this domain -------------   hmm coord   ali coord   env coord
# target name        accession   tlen query name           accession   qlen   E-value  score  bias   #  of  c-Evalue  i-Evalue  score  bias  from    to  from    to  from    to  acc description of target
#------------------- ---------- ----- -------------------- ---------- ----- --------- ------ ----- --- --- --------- --------- ------ ----- ----- ----- ----- ----- ----- ----- ---- ---------------------
145821:41-862        -            274 17077at4891          -            266   1.3e-37  124.9   7.0   1   2   2.9e-29   6.9e-28   93.0   4.1    32   182     1   155     1   171 0.87 -
145821:41-862        -            274 17077at4891          -            266   1.3e-37  124.9   7.0   2   2   1.8e-10   4.3e-09   31.4   0.0    71   132   208   269   196   274 0.62 -
145301:241-942       -            234 17077at4891          -            266   7.8e-36  119.0   0.7   1   2   2.4e-25   5.7e-24   80.1   0.2     8   144     1   139     1   140 0.94 -
145301:241-942       -            234 17077at4891          -            266   7.8e-36  119.0   0.7   2   2     2e-14   4.8e-13   44.3   0.0     7    89   126   208   122   213 0.92 -
142977:29-619        -            197 17077at4891          -            266   3.1e-28   94.1   0.0   1   2   1.8e-05   0.00042   15.0   0.0    60    89     5    34     1    34 0.74 -
142977:29-619        -            197 17077at4891          -            266   3.1e-28   94.1   0.0   2   2   6.2e-25   1.5e-23   78.8   0.0     2   131    33   167    32   174 0.89 -
145769:0-1415        -            472 17077at4891          -            266     9e-27   89.3   1.5   1   4     0.037      0.87    4.1   0.0   147   193    28    75    15   103 0.79 -
145769:0-1415        -            472 17077at4891          -            266     9e-27   89.3   1.5   2   4   1.5e-06   3.5e-05   18.5   0.1     6    88   138   222   133   226 0.86 -
145769:0-1415        -            472 17077at4891          -            266     9e-27   89.3   1.5   3   4   1.2e-09   2.8e-08   28.7   0.0     9   128   255   376   245   377 0.88 -
145769:0-1415        -            472 17077at4891          -            266     9e-27   89.3   1.5   4   4   6.3e-18   1.5e-16   55.8   0.1    12   137   343   472   341   472 0.88 -
144137:68-793        -            242 17077at4891          -            266   5.6e-22   73.6   1.5   1   1   3.2e-23   7.5e-22   73.2   1.5     5   129   111   236   107   241 0.93 -
144149:4-795         -            264 17077at4891          -            266   3.3e-20   67.8   0.7   1   3   6.9e-10   1.6e-08   29.5   0.0    20   144    31   163    21   167 0.81 -
144149:4-795         -            264 17077at4891          -            266   3.3e-20   67.8   0.7   2   3   4.1e-09   9.6e-08   26.9   0.0    95   144   155   205   152   210 0.93 -
144149:4-795         -            264 17077at4891          -            266   3.3e-20   67.8   0.7   3   3   7.8e-07   1.8e-05   19.4   0.1    95   144   197   249   197   253 0.88 -
143313:52-507        -            152 17077at4891          -            266   2.2e-19   65.1   4.6   1   2   2.7e-20   6.4e-19   63.6   2.2    32   144     4   123     1   135 0.89 -
143313:52-507        -            152 17077at4891          -            266   2.2e-19   65.1   4.6   2   2      0.19       4.6    1.8   0.0   112   126   138   152   131   152 0.73 -
140077:5-511         -            169 17077at4891          -            266   4.7e-18   60.7   0.2   1   2   1.1e-05   0.00026   15.7   0.0    98   145     7    56     3    58 0.85 -
140077:5-511         -            169 17077at4891          -            266   4.7e-18   60.7   0.2   2   2   4.6e-16   1.1e-14   49.7   0.1    10   200    45   161    40   166 0.48 -
143663:88-690        -            201 17077at4891          -            266   6.9e-18   60.2   1.3   1   3   0.00014    0.0034   12.0   0.0    30    53     2    25     1    47 0.72 -
143663:88-690        -            201 17077at4891          -            266   6.9e-18   60.2   1.3   2   3   1.9e-08   4.5e-07   24.7   0.1   112   144    66    99    55   104 0.85 -
143663:88-690        -            201 17077at4891          -            266   6.9e-18   60.2   1.3   3   3   2.1e-07   4.9e-06   21.3   0.0   111   200   105   200    99   201 0.84 -
144541:4-777         -            258 17077at4891          -            266   1.4e-17   59.2   7.4   1   3     2e-14   4.8e-13   44.3   1.4    11   124    26   151    15   154 0.84 -
144541:4-777         -            258 17077at4891          -            266   1.4e-17   59.2   7.4   2   3   1.9e-06   4.5e-05   18.2   0.1     3    45   157   200   155   208 0.89 -
144541:4-777         -            258 17077at4891          -            266   1.4e-17   59.2   7.4   3   3       3.5        84   -2.4   0.0   217   242   231   256   218   258 0.68 -
140847:1-537         -            179 17077at4891          -            266   1.3e-15   52.7   0.3   1   2   2.4e-08   5.6e-07   24.4   0.1    17    88     4    82     1    83 0.88 -
140847:1-537         -            179 17077at4891          -            266   1.3e-15   52.7   0.3   2   2   7.2e-08   1.7e-06   22.8   0.0    10    70   101   160    93   171 0.90 -
145543:193-1188      -            332 17077at4891          -            266   1.4e-14   49.3   2.3   1   5     0.013       0.3    5.6   0.0   100   128     4    32     2    42 0.81 -
145543:193-1188      -            332 17077at4891          -            266   1.4e-14   49.3   2.3   2   5   2.3e-05   0.00054   14.6   0.0    10    48    59    96    53   103 0.91 -
145543:193-1188      -            332 17077at4891          -            266   1.4e-14   49.3   2.3   3   5       0.1       2.5    2.6   0.2     3    44   110   150   108   159 0.75 -
145543:193-1188      -            332 17077at4891          -            266   1.4e-14   49.3   2.3   4   5   1.9e-07   4.6e-06   21.4   0.0     7    57   156   205   150   209 0.81 -
145543:193-1188      -            332 17077at4891          -            266   1.4e-14   49.3   2.3   5   5      0.59        14    0.2   0.0   111   125   311   325   300   330 0.76 -
141381:50-520        -            157 17077at4891          -            266   1.2e-12   43.0   0.1   1   2   4.4e-07     1e-05   20.3   0.0     7    56    57   106    51   108 0.93 -
141381:50-520        -            157 17077at4891          -            266   1.2e-12   43.0   0.1   2   2   3.1e-09   7.4e-08   27.3   0.0     7    60   100   153    95   157 0.85 -
144067:217-762       -            182 17077at4891          -            266   3.8e-12   41.4   3.3   1   2   0.00034    0.0081   10.8   0.0    98   148     2    54     1    78 0.82 -
144067:217-762       -            182 17077at4891          -            266   3.8e-12   41.4   3.3   2   2   8.6e-10     2e-08   29.1   1.0     4    82    89   166    86   172 0.87 -
144489:26-847        -            274 17077at4891          -            266   8.4e-12   40.2   0.4   1   2   4.9e-07   1.2e-05   20.1   0.3    24    87     5    70     2    79 0.87 -
144489:26-847        -            274 17077at4891          -            266   8.4e-12   40.2   0.4   2   2   2.1e-06     5e-05   18.0   0.0    87   132   136   182   116   198 0.81 -
143819:146-751       -            202 17077at4891          -            266   4.3e-11   37.9   0.5   1   3     0.022      0.52    4.9   0.0    53    84     6    37     2    42 0.60 -
143819:146-751       -            202 17077at4891          -            266   4.3e-11   37.9   0.5   2   3   9.3e-10   2.2e-08   29.0   0.2     9    75    47   111    39   181 0.73 -
143819:146-751       -            202 17077at4891          -            266   4.3e-11   37.9   0.5   3   3      0.18       4.4    1.8   0.0   219   237   166   184   121   198 0.69 -
143253:125-688       -            188 17077at4891          -            266   3.2e-10   35.1   0.0   1   1   1.7e-11   4.1e-10   34.7   0.0    13   130    23   143    12   151 0.86 -
144947:189-947       -            253 17077at4891          -            266   3.9e-10   34.8   0.9   1   3   0.00014    0.0034   12.0   0.0    31   126    20   122     4   126 0.74 -
144947:189-947       -            253 17077at4891          -            266   3.9e-10   34.8   0.9   2   3     0.014      0.32    5.5   0.0    18    60   143   183   130   187 0.73 -
144947:189-947       -            253 17077at4891          -            266   3.9e-10   34.8   0.9   3   3   3.1e-05   0.00075   14.2   0.1    18    78   194   253   179   253 0.85 -
145583:484-1188      -            235 17077at4891          -            266   9.4e-10   33.5   1.6   1   3     0.068       1.6    3.2   0.0   216   244     5    34     3    39 0.82 -
145583:484-1188      -            235 17077at4891          -            266   9.4e-10   33.5   1.6   2   3   2.2e-07   5.3e-06   21.2   0.2    10   145    38   198    30   198 0.67 -
145583:484-1188      -            235 17077at4891          -            266   9.4e-10   33.5   1.6   3   3   6.5e-06   0.00015   16.4   0.1    27   125   107   220    97   228 0.63 -
141623:9-581         -            191 17077at4891          -            266   7.3e-09   30.6   1.9   1   2   3.9e-05   0.00092   13.9   0.8    35   141    12   121     4   125 0.81 -
141623:9-581         -            191 17077at4891          -            266   7.3e-09   30.6   1.9   2   2   1.6e-06   3.8e-05   18.4   0.1     8    84   112   190   107   191 0.84 -
143977:73-726        -            218 17077at4891          -            266     8e-09   30.5   0.4   1   2     0.001     0.024    9.3   0.0    30    82    38    88    33    95 0.79 -
143977:73-726        -            218 17077at4891          -            266     8e-09   30.5   0.4   2   2   7.4e-07   1.7e-05   19.5   0.1     8    91   100   185    93   210 0.86 -
143505:234-713       -            160 17077at4891          -            266   3.5e-08   28.4   0.1   1   1   2.4e-09   5.6e-08   27.7   0.1   134   214    15   102     2   145 0.52 -
145907:260-880       -            207 17077at4891          -            266   1.5e-06   23.1   0.1   1   5    0.0058      0.14    6.8   0.0    72   124     4    72     1    80 0.49 -
145907:260-880       -            207 17077at4891          -            266   1.5e-06   23.1   0.1   2   5     0.016      0.39    5.3   0.0   170   210    41    83    28   124 0.65 -
145907:260-880       -            207 17077at4891          -            266   1.5e-06   23.1   0.1   3   5      0.05       1.2    3.7   0.0   112   163   134   150    94   157 0.69 -
145907:260-880       -            207 17077at4891          -            266   1.5e-06   23.1   0.1   4   5     0.013       0.3    5.6   0.0   148   182   135   169   127   183 0.69 -
145907:260-880       -            207 17077at4891          -            266   1.5e-06   23.1   0.1   5   5     0.018      0.43    5.1   0.0    12    45   159   191   152   201 0.86 -
145365:0-995         -            332 17077at4891          -            266   1.5e-05   19.8   1.0   1   3      0.61        15    0.1   0.0    16    42    66    93    31   112 0.52 -
145365:0-995         -            332 17077at4891          -            266   1.5e-05   19.8   1.0   2   3      0.21         5    1.6   0.0    13    49   205   241   193   253 0.76 -
145365:0-995         -            332 17077at4891          -            266   1.5e-05   19.8   1.0   3   3     0.025       0.6    4.7   0.0   193   235   284   326   282   331 0.87 -
144313:136-771       -            212 17077at4891          -            266   4.6e-05   18.1   3.3   1   5      0.66        16    0.0   0.0    31    42     3    14     1    44 0.65 -
144313:136-771       -            212 17077at4891          -            266   4.6e-05   18.1   3.3   2   5     0.033      0.79    4.3   0.2   112   133    55    76    49    83 0.85 -
144313:136-771       -            212 17077at4891          -            266   4.6e-05   18.1   3.3   3   5     0.027      0.63    4.6   0.0    14    43    83   112    77   117 0.82 -
144313:136-771       -            212 17077at4891          -            266   4.6e-05   18.1   3.3   4   5     0.013      0.32    5.6   0.0   112   129   149   166   119   170 0.84 -
144313:136-771       -            212 17077at4891          -            266   4.6e-05   18.1   3.3   5   5       1.1        27   -0.8   0.0    98   124   188   212   172   212 0.62 -
144833:0-911         -            304 17077at4891          -            266   6.5e-05   17.6   0.4   1   2       1.1        26   -0.7   0.0    27    45   202   220   195   226 0.82 -
144833:0-911         -            304 17077at4891          -            266   6.5e-05   17.6   0.4   2   2   1.1e-05   0.00027   15.6   0.2     4    53   251   300   246   304 0.81 -
145363:1-1098        -            366 17077at4891          -            266   0.00026   15.7   0.0   1   1   4.8e-05    0.0011   13.6   0.0    12    48   115   150   105   176 0.82 -
144353:2-823         -            274 17077at4891          -            266    0.0052   11.4   0.0   1   3    0.0055      0.13    6.8   0.0    11    50    16    54     7    80 0.70 -
144353:2-823         -            274 17077at4891          -            266    0.0052   11.4   0.0   2   3      0.34       8.1    0.9   0.0   110   130   142   162   131   172 0.77 -
144353:2-823         -            274 17077at4891          -            266    0.0052   11.4   0.0   3   3       1.2        29   -0.9   0.0    18   119   224   242   188   264 0.60 -
#
# Program:         hmmsearch
# Version:         3.1b2 (February 2015)
# Pipeline mode:   SEARCH
# Query file:      /home/jj/Desktop/Bioinformatics/3rd_year/1term/Computational_genomics/Seminars/exercise_04/busco_downloads/lineages/saccharomycetes_odb10/hmms/17077at4891.hmm
# Target file:     /home/jj/Desktop/Bioinformatics/3rd_year/1term/Computational_genomics/Seminars/exercise_04/./busco/SRR7548448/SRR7548448_k63_contigs/run_saccharomycetes_odb10/metaeuk_output/rerun_results/SRR7548448_k63_graph.contig.fa.modified.fas
# Option settings: hmmsearch --domtblout /home/jj/Desktop/Bioinformatics/3rd_year/1term/Computational_genomics/Seminars/exercise_04/./busco/SRR7548448/SRR7548448_k63_contigs/run_saccharomycetes_odb10/hmmer_output/rerun_results/17077at4891.out --cpu 1 /home/jj/Desktop/Bioinformatics/3rd_year/1term/Computational_genomics/Seminars/exercise_04/busco_downloads/lineages/saccharomycetes_odb10/hmms/17077at4891.hmm /home/jj/Desktop/Bioinformatics/3rd_year/1term/Computational_genomics/Seminars/exercise_04/./busco/SRR7548448/SRR7548448_k63_contigs/run_saccharomycetes_odb10/metaeuk_output/rerun_results/SRR7548448_k63_graph.contig.fa.modified.fas 
# Current dir:     /home/jj/Desktop/Bioinformatics/3rd_year/1term/Computational_genomics/Seminars/exercise_04
# Date:            Tue Nov  5 18:54:23 2024
# [ok]
