#                                                                            --- full sequence --- -------------- this domain -------------   hmm coord   ali coord   env coord
# target name        accession   tlen query name           accession   qlen   E-value  score  bias   #  of  c-Evalue  i-Evalue  score  bias  from    to  from    to  from    to  acc description of target
#------------------- ---------- ----- -------------------- ---------- ----- --------- ------ ----- --- --- --------- --------- ------ ----- ----- ----- ----- ----- ----- ----- ---- ---------------------
145301:241-942       -            234 17074at4891          -            311   3.3e-76  251.6  12.9   1   3     1e-23   2.1e-22   74.9   0.6   130   244     4   120     1   120 0.96 -
145301:241-942       -            234 17074at4891          -            311   3.3e-76  251.6  12.9   2   3   1.8e-29   3.8e-28   93.8   1.0   126   244    42   162    35   162 0.94 -
145301:241-942       -            234 17074at4891          -            311   3.3e-76  251.6  12.9   3   3   1.4e-32     3e-31  104.0   0.3   127   247    85   208    82   213 0.94 -
144149:4-795         -            264 17074at4891          -            311   9.1e-73  240.4   2.5   1   1   5.7e-73   1.2e-71  236.7   2.5    59   260     7   251     1   257 0.87 -
145769:0-1415        -            472 17074at4891          -            311   7.7e-45  148.6  11.3   1   5     0.001     0.021    9.2   0.0   167   242    49   122    33   123 0.83 -
145769:0-1415        -            472 17074at4891          -            311   7.7e-45  148.6  11.3   2   5   3.5e-11   7.3e-10   33.7   0.2   129   246    92   222    78   225 0.82 -
145769:0-1415        -            472 17074at4891          -            311   7.7e-45  148.6  11.3   3   5   2.4e-15   4.9e-14   47.4   0.1   127   244   254   374   228   376 0.85 -
145769:0-1415        -            472 17074at4891          -            311   7.7e-45  148.6  11.3   4   5   9.2e-20   1.9e-18   61.9   0.3   160   244   332   416   305   424 0.90 -
145769:0-1415        -            472 17074at4891          -            311   7.7e-45  148.6  11.3   5   5   2.4e-10     5e-09   31.0   0.1   127   214   381   472   378   472 0.87 -
145821:41-862        -            274 17074at4891          -            311   7.3e-34  112.6   9.8   1   3   7.8e-10   1.6e-08   29.3   0.3   190   243     1    52     1    55 0.94 -
145821:41-862        -            274 17074at4891          -            311   7.3e-34  112.6   9.8   2   3   9.4e-15     2e-13   45.5   0.6   124   218    57   150    53   161 0.88 -
145821:41-862        -            274 17074at4891          -            311   7.3e-34  112.6   9.8   3   3   5.8e-14   1.2e-12   42.9   0.2   188   248   209   267   200   272 0.89 -
140077:5-511         -            169 17074at4891          -            311   3.9e-24   80.6   0.4   1   2   1.2e-19   2.6e-18   61.5   0.0   131   252     4   127     1   132 0.90 -
140077:5-511         -            169 17074at4891          -            311   3.9e-24   80.6   0.4   2   2   3.4e-08     7e-07   23.9   0.1   132   202    89   162    87   166 0.79 -
144541:4-777         -            258 17074at4891          -            311   7.1e-24   79.7  13.1   1   2     2e-12   4.1e-11   37.8   1.0   167   243    23   106    11   110 0.82 -
144541:4-777         -            258 17074at4891          -            311   7.1e-24   79.7  13.1   2   2   5.4e-15   1.1e-13   46.3   5.2   120   242   111   247   108   250 0.80 -
142977:29-619        -            197 17074at4891          -            311   2.7e-23   77.9   0.0   1   1   5.1e-23   1.1e-21   72.6   0.0   134   291     3   177     1   180 0.81 -
143663:88-690        -            201 17074at4891          -            311   4.3e-21   70.6   1.6   1   2   7.5e-05    0.0015   13.0   0.1   188   212     2    26     1    40 0.86 -
143663:88-690        -            201 17074at4891          -            311   4.3e-21   70.6   1.6   2   2   3.7e-18   7.7e-17   56.6   0.1   182   249    60   125    34   141 0.86 -
143313:52-507        -            152 17074at4891          -            311   1.8e-20   68.6   2.9   1   1   1.1e-21   2.2e-20   68.3   2.9   114   244    12   152     1   152 0.80 -
140847:1-537         -            179 17074at4891          -            311   6.5e-20   66.7   0.2   1   2   9.6e-12     2e-10   35.6   0.1   176   246     4    82     1    88 0.75 -
140847:1-537         -            179 17074at4891          -            311   6.5e-20   66.7   0.2   2   2   7.3e-10   1.5e-08   29.4   0.0   171   241   103   179    97   179 0.85 -
144489:26-847        -            274 17074at4891          -            311   2.7e-19   64.7   0.1   1   2   3.6e-13   7.5e-12   40.3   0.1   184   256     7    79     4    95 0.89 -
144489:26-847        -            274 17074at4891          -            311   2.7e-19   64.7   0.1   2   2   1.1e-07   2.2e-06   22.3   0.0   187   249   116   181   107   189 0.80 -
145543:193-1188      -            332 17074at4891          -            311   1.2e-18   62.6   3.7   1   5   7.1e-06   0.00015   16.3   0.0   217   246     3    32     1    46 0.72 -
145543:193-1188      -            332 17074at4891          -            311   1.2e-18   62.6   3.7   2   5   5.6e-06   0.00012   16.6   0.0   209   244    57    92    51    99 0.61 -
145543:193-1188      -            332 17074at4891          -            311   1.2e-18   62.6   3.7   3   5     2e-08   4.1e-07   24.7   0.4   165   243   116   191   104   196 0.91 -
145543:193-1188      -            332 17074at4891          -            311   1.2e-18   62.6   3.7   4   5       4.1        86   -2.6   0.0    79   102   240   261   226   269 0.70 -
145543:193-1188      -            332 17074at4891          -            311   1.2e-18   62.6   3.7   5   5      0.34       7.1    0.9   0.0   185   200   309   324   288   329 0.64 -
144137:68-793        -            242 17074at4891          -            311   2.8e-18   61.4   6.1   1   2   2.2e-12   4.6e-11   37.7   2.0   134   244    79   191    67   196 0.85 -
144137:68-793        -            242 17074at4891          -            311   2.8e-18   61.4   6.1   2   2   9.3e-09   1.9e-07   25.8   0.1   170   210   201   241   194   242 0.93 -
143977:73-726        -            218 17074at4891          -            311   4.3e-17   57.5   5.2   1   3   3.8e-08     8e-07   23.8   0.4   175   246    25    94    21   102 0.91 -
143977:73-726        -            218 17074at4891          -            311   4.3e-17   57.5   5.2   2   3   1.4e-11   2.8e-10   35.1   0.2   170   249   103   185    96   191 0.89 -
143977:73-726        -            218 17074at4891          -            311   4.3e-17   57.5   5.2   3   3       1.3        26   -0.9   0.0   217   235   194   212   186   216 0.85 -
145583:484-1188      -            235 17074at4891          -            311     2e-16   55.3   4.6   1   3   7.5e-05    0.0016   12.9   0.0   208   246    35    74    30    81 0.64 -
145583:484-1188      -            235 17074at4891          -            311     2e-16   55.3   4.6   2   3   2.3e-09   4.7e-08   27.8   0.2   175   246    96   178    91   185 0.77 -
145583:484-1188      -            235 17074at4891          -            311     2e-16   55.3   4.6   3   3   1.5e-09   3.1e-08   28.4   0.3   174   243   144   220   139   224 0.71 -
143819:146-751       -            202 17074at4891          -            311   2.2e-16   55.2   1.5   1   2   4.2e-16   8.7e-15   49.9   0.1   170   246     7    83     2   102 0.95 -
143819:146-751       -            202 17074at4891          -            311   2.2e-16   55.2   1.5   2   2     0.029       0.6    4.4   0.1   221   247   159   185   140   202 0.75 -
141381:50-520        -            157 17074at4891          -            311   1.4e-15   52.5   0.2   1   1   8.3e-17   1.7e-15   52.2   0.2   170   245    61   137    47   157 0.86 -
141623:9-581         -            191 17074at4891          -            311   2.3e-15   51.8   6.3   1   2   2.3e-05   0.00048   14.6   0.6   192   245    11    64     6    71 0.86 -
141623:9-581         -            191 17074at4891          -            311   2.3e-15   51.8   6.3   2   2   6.8e-13   1.4e-11   39.3   0.7   186   253    88   156    76   191 0.86 -
143505:234-713       -            160 17074at4891          -            311   2.4e-14   48.5   1.8   1   2   2.4e-13     5e-12   40.9   0.8   171   258    17   103    10   107 0.93 -
143505:234-713       -            160 17074at4891          -            311   2.4e-14   48.5   1.8   2   2     0.003     0.063    7.7   0.0   217   246   104   133   101   141 0.91 -
145907:260-880       -            207 17074at4891          -            311   1.2e-11   39.6   1.8   1   3     0.029      0.59    4.5   0.0   229   246     3    20     1    35 0.82 -
145907:260-880       -            207 17074at4891          -            311   1.2e-11   39.6   1.8   2   3    0.0004    0.0082   10.6   0.0   172   200    44    72    35    82 0.68 -
145907:260-880       -            207 17074at4891          -            311   1.2e-11   39.6   1.8   3   3   2.3e-10   4.8e-09   31.1   0.6   115   244    58   190    58   203 0.91 -
144353:2-823         -            274 17074at4891          -            311   6.8e-09   30.6   0.1   1   3   0.00016    0.0032   11.9   0.0   169   224    15    70     8    83 0.88 -
144353:2-823         -            274 17074at4891          -            311   6.8e-09   30.6   0.1   2   3   2.5e-05   0.00051   14.5   0.0   179   246   135   206   127   220 0.82 -
144353:2-823         -            274 17074at4891          -            311   6.8e-09   30.6   0.1   3   3      0.19       3.9    1.8   0.0   196   254   198   258   186   271 0.62 -
144067:217-762       -            182 17074at4891          -            311   9.2e-09   30.1   5.8   1   2   1.3e-09   2.7e-08   28.6   6.0   175   309     3   166     1   170 0.75 -
144067:217-762       -            182 17074at4891          -            311   9.2e-09   30.1   5.8   2   2     0.026      0.54    4.6   0.1   128   159   138   167   134   182 0.69 -
143253:125-688       -            188 17074at4891          -            311   6.9e-08   27.3   0.1   1   3     0.061       1.3    3.4   0.0   136   162    27    53    14    60 0.72 -
143253:125-688       -            188 17074at4891          -            311   6.9e-08   27.3   0.1   2   3      0.06       1.2    3.4   0.0   139   279    30    56    26    84 0.60 -
143253:125-688       -            188 17074at4891          -            311   6.9e-08   27.3   0.1   3   3   2.2e-07   4.6e-06   21.2   0.0   120   163    98   140    75   143 0.84 -
145365:0-995         -            332 17074at4891          -            311   6.9e-08   27.2   1.7   1   3       0.7        14   -0.1   0.0   170   201    60    94    52   114 0.64 -
145365:0-995         -            332 17074at4891          -            311   6.9e-08   27.2   1.7   2   3     0.095         2    2.7   0.0   192   239   137   185   116   189 0.67 -
145365:0-995         -            332 17074at4891          -            311   6.9e-08   27.2   1.7   3   3   1.3e-07   2.7e-06   22.0   0.1   176   246   209   283   199   326 0.86 -
145363:1-1098        -            366 17074at4891          -            311   8.5e-08   26.9   0.1   1   2    0.0069      0.14    6.5   0.0   175   242    35   102     4   107 0.81 -
145363:1-1098        -            366 17074at4891          -            311   8.5e-08   26.9   0.1   2   2   2.5e-08   5.2e-07   24.4   0.1   140   250    40   152    37   157 0.83 -
144047:63-782        -            240 17074at4891          -            311   4.5e-07   24.6   2.3   1   4     0.003     0.062    7.7   0.1   207   242    51    85    14    89 0.66 -
144047:63-782        -            240 17074at4891          -            311   4.5e-07   24.6   2.3   2   4   7.5e-05    0.0016   12.9   0.1   171   241    57   129    51   131 0.84 -
144047:63-782        -            240 17074at4891          -            311   4.5e-07   24.6   2.3   3   4    0.0019      0.04    8.3   0.0   217   242   151   176   139   180 0.77 -
144047:63-782        -            240 17074at4891          -            311   4.5e-07   24.6   2.3   4   4      0.94        20   -0.5   0.1   218   243   213   238   209   240 0.89 -
144947:189-947       -            253 17074at4891          -            311   1.1e-06   23.2   5.7   1   4      0.84        17   -0.4   0.0   224   247    13    36     4    43 0.76 -
144947:189-947       -            253 17074at4891          -            311   1.1e-06   23.2   5.7   2   4    0.0078      0.16    6.3   0.3   188   245    66   123    39   149 0.83 -
144947:189-947       -            253 17074at4891          -            311   1.1e-06   23.2   5.7   3   4      0.11       2.3    2.5   0.1   217   245   141   168   130   173 0.74 -
144947:189-947       -            253 17074at4891          -            311   1.1e-06   23.2   5.7   4   4   3.3e-05   0.00068   14.1   0.1   130   194   187   253   179   253 0.86 -
144313:136-771       -            212 17074at4891          -            311   6.8e-06   20.7   1.2   1   3      0.36       7.5    0.8   0.0   230   243     2    15     1    30 0.73 -
144313:136-771       -            212 17074at4891          -            311   6.8e-06   20.7   1.2   2   3    0.0018     0.037    8.4   0.1   180   245    48   114    38   122 0.78 -
144313:136-771       -            212 17074at4891          -            311   6.8e-06   20.7   1.2   3   3    0.0014     0.029    8.8   0.0   188   211   149   172   130   212 0.65 -
144833:0-911         -            304 17074at4891          -            311   0.00029   15.4   0.4   1   1   2.6e-05   0.00055   14.4   0.1   172   207   260   296   249   303 0.62 -
141323:1-564         -            188 17074at4891          -            311   0.00032   15.2   0.1   1   2   3.9e-05   0.00081   13.9   0.0   182   246    14    85     3    90 0.80 -
141323:1-564         -            188 17074at4891          -            311   0.00032   15.2   0.1   2   2       2.5        53   -1.9   0.0   212   225   161   174   138   182 0.79 -
141859:1-597         -            199 17074at4891          -            311    0.0028   12.1   0.0   1   1   0.00018    0.0038   11.7   0.0   168   235   124   192   109   197 0.85 -
140267:2-520         -            173 17074at4891          -            311    0.0059   11.0   0.0   1   1    0.0003    0.0062   11.0   0.0   136   189    89   144    27   150 0.86 -
#
# Program:         hmmsearch
# Version:         3.1b2 (February 2015)
# Pipeline mode:   SEARCH
# Query file:      /home/jj/Desktop/Bioinformatics/3rd_year/1term/Computational_genomics/Seminars/exercise_04/busco_downloads/lineages/saccharomycetes_odb10/hmms/17074at4891.hmm
# Target file:     /home/jj/Desktop/Bioinformatics/3rd_year/1term/Computational_genomics/Seminars/exercise_04/./busco/SRR7548448/SRR7548448_k63_contigs/run_saccharomycetes_odb10/metaeuk_output/rerun_results/SRR7548448_k63_graph.contig.fa.modified.fas
# Option settings: hmmsearch --domtblout /home/jj/Desktop/Bioinformatics/3rd_year/1term/Computational_genomics/Seminars/exercise_04/./busco/SRR7548448/SRR7548448_k63_contigs/run_saccharomycetes_odb10/hmmer_output/rerun_results/17074at4891.out --cpu 1 /home/jj/Desktop/Bioinformatics/3rd_year/1term/Computational_genomics/Seminars/exercise_04/busco_downloads/lineages/saccharomycetes_odb10/hmms/17074at4891.hmm /home/jj/Desktop/Bioinformatics/3rd_year/1term/Computational_genomics/Seminars/exercise_04/./busco/SRR7548448/SRR7548448_k63_contigs/run_saccharomycetes_odb10/metaeuk_output/rerun_results/SRR7548448_k63_graph.contig.fa.modified.fas 
# Current dir:     /home/jj/Desktop/Bioinformatics/3rd_year/1term/Computational_genomics/Seminars/exercise_04
# Date:            Tue Nov  5 18:54:14 2024
# [ok]
