#                                                                            --- full sequence --- -------------- this domain -------------   hmm coord   ali coord   env coord
# target name        accession   tlen query name           accession   qlen   E-value  score  bias   #  of  c-Evalue  i-Evalue  score  bias  from    to  from    to  from    to  acc description of target
#------------------- ---------- ----- -------------------- ---------- ----- --------- ------ ----- --- --- --------- --------- ------ ----- ----- ----- ----- ----- ----- ----- ---- ---------------------
145821:41-862        -            274 17147at4891          -            363   2.4e-32  107.8   9.8   1   3   2.6e-18   6.8e-17   57.0   3.4   106   245     2   142     1   143 0.88 -
145821:41-862        -            274 17147at4891          -            363   2.4e-32  107.8   9.8   2   3   1.3e-07   3.3e-06   21.8   0.0    76   136    94   153    92   161 0.86 -
145821:41-862        -            274 17147at4891          -            363   2.4e-32  107.8   9.8   3   3   7.2e-15   1.8e-13   45.7   0.1    96   168   203   273   194   274 0.88 -
145301:241-942       -            234 17147at4891          -            363   4.5e-26   87.2   3.5   1   3   6.5e-14   1.7e-12   42.5   0.4    82   158     2    78     1    82 0.91 -
145301:241-942       -            234 17147at4891          -            363   4.5e-26   87.2   3.5   2   3   4.7e-10   1.2e-08   29.8   0.1    82   168    86   172    82   175 0.79 -
145301:241-942       -            234 17147at4891          -            363   4.5e-26   87.2   3.5   3   3   2.1e-05   0.00053   14.6   0.0   205   238   173   206   170   211 0.65 -
145769:0-1415        -            472 17147at4891          -            363   1.1e-25   85.8   2.1   1   4   3.3e-07   8.4e-06   20.5   1.0    99   235    25   173    18   174 0.77 -
145769:0-1415        -            472 17147at4891          -            363   1.1e-25   85.8   2.1   2   4     4e-05     0.001   13.6   0.7    58   157   118   219   113   223 0.77 -
145769:0-1415        -            472 17147at4891          -            363   1.1e-25   85.8   2.1   3   4   1.5e-08   3.8e-07   24.9   0.0   127   237   257   374   242   378 0.85 -
145769:0-1415        -            472 17147at4891          -            363   1.1e-25   85.8   2.1   4   4   1.7e-09   4.3e-08   28.0   0.0   202   274   381   453   377   464 0.93 -
144149:4-795         -            264 17147at4891          -            363   1.5e-19   65.7   0.3   1   2   1.9e-09   4.9e-08   27.8   0.0    80   160    61   146    48   151 0.89 -
144149:4-795         -            264 17147at4891          -            363   1.5e-19   65.7   0.3   2   2   2.6e-11   6.5e-10   34.0   0.0    84   179   154   252   148   255 0.87 -
142977:29-619        -            197 17147at4891          -            363     1e-16   56.4   0.1   1   1   3.7e-09   9.4e-08   26.9   0.0    84   171    86   175    78   194 0.82 -
145583:484-1188      -            235 17147at4891          -            363   2.2e-16   55.3   2.0   1   4   2.3e-07   5.8e-06   21.0   0.0    79   123    34    78    19   104 0.87 -
145583:484-1188      -            235 17147at4891          -            363   2.2e-16   55.3   2.0   2   4     0.011      0.29    5.5   0.0    97   125   104   132    92   144 0.83 -
145583:484-1188      -            235 17147at4891          -            363   2.2e-16   55.3   2.0   3   4      0.42        11    0.4   0.0   106   124   165   183   137   188 0.67 -
145583:484-1188      -            235 17147at4891          -            363   2.2e-16   55.3   2.0   4   4   9.3e-09   2.4e-07   25.6   0.1    84   122   188   226   179   232 0.87 -
140077:5-511         -            169 17147at4891          -            363   1.6e-15   52.4   0.2   1   3      0.11       2.8    2.3   0.0   206   238     4    35     1    41 0.76 -
140077:5-511         -            169 17147at4891          -            363   1.6e-15   52.4   0.2   2   3     2e-13     5e-12   41.0   0.0    80   168    42   129    35   136 0.87 -
140077:5-511         -            169 17147at4891          -            363   1.6e-15   52.4   0.2   3   3    0.0093      0.24    5.8   0.0   301   323   139   161   136   166 0.91 -
143313:52-507        -            152 17147at4891          -            363   3.3e-15   51.4   1.7   1   3   2.8e-10   7.2e-09   30.6   0.1   102   167     1    72     1    75 0.89 -
143313:52-507        -            152 17147at4891          -            363   3.3e-15   51.4   1.7   2   3   4.8e-05    0.0012   13.4   0.3   203   237    71   105    68   108 0.61 -
143313:52-507        -            152 17147at4891          -            363   3.3e-15   51.4   1.7   3   3    0.0044      0.11    6.9   0.0    80   116   110   151   106   152 0.79 -
143663:88-690        -            201 17147at4891          -            363   1.8e-14   49.0   0.1   1   2   0.00059     0.015    9.8   0.0   145   176     3    33     1    41 0.82 -
143663:88-690        -            201 17147at4891          -            363   1.8e-14   49.0   0.1   2   2   3.3e-12   8.5e-11   36.9   0.0   103   199    66   160    54   199 0.82 -
144489:26-847        -            274 17147at4891          -            363   6.1e-14   47.3   0.3   1   3       0.1       2.6    2.4   0.2   220   238     8    26     4    33 0.67 -
144489:26-847        -            274 17147at4891          -            363   6.1e-14   47.3   0.3   2   3   6.1e-06   0.00016   16.3   0.0    80   119    32    71    27    80 0.88 -
144489:26-847        -            274 17147at4891          -            363   6.1e-14   47.3   0.3   3   3   1.3e-08   3.3e-07   25.1   0.0    73   126   132   185   109   200 0.84 -
145365:0-995         -            332 17147at4891          -            363   1.5e-13   46.0   0.3   1   2   1.1e-06   2.9e-05   18.7   0.1   288   337    58   108    51   116 0.80 -
145365:0-995         -            332 17147at4891          -            363   1.5e-13   46.0   0.3   2   2     1e-08   2.6e-07   25.5   0.0    85   171   202   294   169   323 0.84 -
144137:68-793        -            242 17147at4891          -            363   1.9e-13   45.7   5.2   1   3   6.2e-06   0.00016   16.3   0.3   237   323    61   148    54   156 0.84 -
144137:68-793        -            242 17147at4891          -            363   1.9e-13   45.7   5.2   2   3   1.1e-11   2.8e-10   35.2   0.7    83   163   116   196   110   201 0.86 -
144137:68-793        -            242 17147at4891          -            363   1.9e-13   45.7   5.2   3   3   0.00023     0.006   11.1   0.1    78   118   195   234   191   242 0.82 -
145543:193-1188      -            332 17147at4891          -            363   2.4e-13   45.3   5.1   1   4    0.0039       0.1    7.1   0.0   300   326     6    32     1    58 0.77 -
145543:193-1188      -            332 17147at4891          -            363   2.4e-13   45.3   5.1   2   4   3.6e-05   0.00093   13.8   0.0   205   236    60    91    50   101 0.86 -
145543:193-1188      -            332 17147at4891          -            363   2.4e-13   45.3   5.1   3   4   1.5e-07   3.8e-06   21.6   0.2    81   167   115   202   105   211 0.81 -
145543:193-1188      -            332 17147at4891          -            363   2.4e-13   45.3   5.1   4   4      0.17       4.5    1.6   0.1   183   202   290   309   278   317 0.87 -
140847:1-537         -            179 17147at4891          -            363   2.5e-13   45.3   0.3   1   2   0.00023     0.006   11.1   0.0   139   170    12    43     3    48 0.81 -
140847:1-537         -            179 17147at4891          -            363   2.5e-13   45.3   0.3   2   2   1.9e-05   0.00049   14.7   0.0    80   142    98   159    84   178 0.83 -
143505:234-713       -            160 17147at4891          -            363   2.9e-13   45.0   0.0   1   1   1.5e-14   3.7e-13   44.7   0.0    79   200    11   132     4   135 0.91 -
143819:146-751       -            202 17147at4891          -            363   4.6e-13   44.4   0.2   1   2   4.9e-13   1.3e-11   39.6   0.0    81   192     4   115     1   141 0.88 -
143819:146-751       -            202 17147at4891          -            363   4.6e-13   44.4   0.2   2   2     0.072       1.8    2.9   0.1   178   200   161   183   142   202 0.53 -
144541:4-777         -            258 17147at4891          -            363   6.7e-13   43.8   5.1   1   3   3.5e-05   0.00088   13.8   0.1   107   160     2    60     1    69 0.79 -
144541:4-777         -            258 17147at4891          -            363   6.7e-13   43.8   5.1   2   3   1.7e-08   4.3e-07   24.7   0.3    81   157    72   152    61   162 0.84 -
144541:4-777         -            258 17147at4891          -            363   6.7e-13   43.8   5.1   3   3    0.0067      0.17    6.3   0.1   221   237   183   199   159   202 0.71 -
143253:125-688       -            188 17147at4891          -            363   5.9e-12   40.7   0.5   1   1   3.4e-13   8.7e-12   40.2   0.5   132   246    26   148     7   176 0.83 -
141623:9-581         -            191 17147at4891          -            363   2.8e-10   35.2   1.2   1   2   9.4e-10   2.4e-08   28.9   0.2   104   242     8   152     3   155 0.87 -
141623:9-581         -            191 17147at4891          -            363   2.8e-10   35.2   1.2   2   2     0.015      0.37    5.2   0.0    84   116   157   191   149   191 0.88 -
141381:50-520        -            157 17147at4891          -            363     2e-09   32.4   0.0   1   1   8.4e-11   2.1e-09   32.3   0.0    77   164    54   142    13   150 0.89 -
143977:73-726        -            218 17147at4891          -            363   1.4e-08   29.6   0.5   1   2     0.019      0.49    4.8   0.1   170   216    23    73     2    89 0.43 -
143977:73-726        -            218 17147at4891          -            363   1.4e-08   29.6   0.5   2   2   5.1e-08   1.3e-06   23.1   0.2    69   187    88   209    75   216 0.81 -
144353:2-823         -            274 17147at4891          -            363   4.9e-08   27.8   0.1   1   3   5.1e-06   0.00013   16.6   0.0   128   170    17    60    10    79 0.83 -
144353:2-823         -            274 17147at4891          -            363   4.9e-08   27.8   0.1   2   3     0.046       1.2    3.6   0.0   212   238   133   159   126   166 0.86 -
144353:2-823         -            274 17147at4891          -            363   4.9e-08   27.8   0.1   3   3     0.031      0.78    4.1   0.0    75   239   206   250   183   270 0.56 -
145907:260-880       -            207 17147at4891          -            363   5.8e-08   27.6   0.0   1   3      0.12       3.1    2.2   0.0   103   121     4    22     1    37 0.78 -
145907:260-880       -            207 17147at4891          -            363   5.8e-08   27.6   0.0   2   3     5e-05    0.0013   13.3   0.0    83   128    41    89    31   102 0.74 -
145907:260-880       -            207 17147at4891          -            363   5.8e-08   27.6   0.0   3   3    0.0012      0.03    8.8   0.0   211   278   122   188   117   194 0.75 -
144067:217-762       -            182 17147at4891          -            363   6.6e-08   27.4   2.0   1   1   3.6e-09   9.1e-08   27.0   2.0    46   155    56   167    32   177 0.71 -
144947:189-947       -            253 17147at4891          -            363   2.5e-07   25.5   0.3   1   2    0.0015     0.039    8.4   0.0   103   214    66   180    46   191 0.74 -
144947:189-947       -            253 17147at4891          -            363   2.5e-07   25.5   0.3   2   2   3.1e-05   0.00079   14.0   0.0   308   354   203   251   179   253 0.80 -
144833:0-911         -            304 17147at4891          -            363    0.0011   13.5   0.1   1   1     8e-05    0.0021   12.6   0.1   170   238   224   292   200   301 0.76 -
#
# Program:         hmmsearch
# Version:         3.1b2 (February 2015)
# Pipeline mode:   SEARCH
# Query file:      /home/jj/Desktop/Bioinformatics/3rd_year/1term/Computational_genomics/Seminars/exercise_04/busco_downloads/lineages/saccharomycetes_odb10/hmms/17147at4891.hmm
# Target file:     /home/jj/Desktop/Bioinformatics/3rd_year/1term/Computational_genomics/Seminars/exercise_04/./busco/SRR7548448/SRR7548448_k63_contigs/run_saccharomycetes_odb10/metaeuk_output/rerun_results/SRR7548448_k63_graph.contig.fa.modified.fas
# Option settings: hmmsearch --domtblout /home/jj/Desktop/Bioinformatics/3rd_year/1term/Computational_genomics/Seminars/exercise_04/./busco/SRR7548448/SRR7548448_k63_contigs/run_saccharomycetes_odb10/hmmer_output/rerun_results/17147at4891.out --cpu 1 /home/jj/Desktop/Bioinformatics/3rd_year/1term/Computational_genomics/Seminars/exercise_04/busco_downloads/lineages/saccharomycetes_odb10/hmms/17147at4891.hmm /home/jj/Desktop/Bioinformatics/3rd_year/1term/Computational_genomics/Seminars/exercise_04/./busco/SRR7548448/SRR7548448_k63_contigs/run_saccharomycetes_odb10/metaeuk_output/rerun_results/SRR7548448_k63_graph.contig.fa.modified.fas 
# Current dir:     /home/jj/Desktop/Bioinformatics/3rd_year/1term/Computational_genomics/Seminars/exercise_04
# Date:            Tue Nov  5 18:54:19 2024
# [ok]
