#                                                                            --- full sequence --- -------------- this domain -------------   hmm coord   ali coord   env coord
# target name        accession   tlen query name           accession   qlen   E-value  score  bias   #  of  c-Evalue  i-Evalue  score  bias  from    to  from    to  from    to  acc description of target
#------------------- ---------- ----- -------------------- ---------- ----- --------- ------ ----- --- --- --------- --------- ------ ----- ----- ----- ----- ----- ----- ----- ---- ---------------------
141797:1-591         -            197 17309at4891          -            209   5.6e-38  125.9   0.0   1   1   8.5e-39   1.6e-37  124.4   0.0    61   193     4   164     2   184 0.78 -
145175:14-847        -            278 17309at4891          -            209   4.9e-27   90.1   1.3   1   1   1.5e-25   2.9e-24   81.1   1.3    10   171     7   216     2   229 0.68 -
144839:7-642         -            212 17309at4891          -            209   7.1e-24   79.8   0.1   1   1   6.5e-25   1.2e-23   79.0   0.1    49   172     6   143     2   186 0.78 -
143795:67-747        -            227 17309at4891          -            209   2.6e-22   74.7   0.1   1   2   2.1e-14   3.9e-13   44.7   0.0    64   129     1    77     1    84 0.78 -
143795:67-747        -            227 17309at4891          -            209   2.6e-22   74.7   0.1   2   2   2.6e-09   4.9e-08   28.1   0.1   123   171   106   156    86   203 0.82 -
141063:9-554         -            182 17309at4891          -            209   3.7e-21   70.9   0.0   1   2         5        94   -2.3   0.0    28    44     5    21     3    60 0.68 -
141063:9-554         -            182 17309at4891          -            209   3.7e-21   70.9   0.0   2   2   4.2e-22   7.9e-21   69.9   0.0    89   170    88   172    77   177 0.87 -
137919:7-429         -            141 17309at4891          -            209   6.2e-21   70.2   0.0   1   1   3.7e-22   7.1e-21   70.0   0.0    96   172     5    83     1   104 0.85 -
143033:187-669       -            161 17309at4891          -            209     8e-20   66.6   0.2   1   1   5.9e-21   1.1e-19   66.1   0.2    10   141     3   160     1   161 0.76 -
142899:7-642         -            212 17309at4891          -            209   8.9e-20   66.4   0.0   1   1   5.8e-21   1.1e-19   66.1   0.0    79   172    36   134     6   148 0.86 -
137929:9-443         -            145 17309at4891          -            209   7.1e-19   63.5   0.0   1   1   4.3e-20   8.1e-19   63.3   0.0    84   167    21   108     7   130 0.87 -
139915:3-470         -            156 17309at4891          -            209   1.4e-18   62.5   0.0   1   1     7e-18   1.3e-16   56.1   0.0    80   172    25   138    12   154 0.78 -
145155:2-835         -            278 17309at4891          -            209   1.2e-17   59.5   0.0   1   1   1.1e-18     2e-17   58.7   0.0    19   172    41   217    10   225 0.73 -
138573:6-455         -            150 17309at4891          -            209   1.3e-17   59.3   0.0   1   1   8.7e-19   1.7e-17   59.0   0.0    86   172     5    97     2   111 0.87 -
143305:7-633         -            209 17309at4891          -            209   2.3e-17   58.6   0.1   1   1   3.6e-18   6.9e-17   57.0   0.0    88   171     9   107     1   110 0.79 -
144479:2-847         -            282 17309at4891          -            209   3.8e-17   57.8   0.1   1   2     0.011       0.2    6.4   0.0    97   110    38    51    30    60 0.88 -
144479:2-847         -            282 17309at4891          -            209   3.8e-17   57.8   0.1   2   2   1.1e-15   2.1e-14   48.9   0.0   112   184    92   170    88   184 0.83 -
144977:40-684        -            215 17309at4891          -            209   8.2e-17   56.7   0.1   1   2   0.00018    0.0035   12.2   0.0    79   109    39    67    12    70 0.74 -
144977:40-684        -            215 17309at4891          -            209   8.2e-17   56.7   0.1   2   2   9.3e-14   1.8e-12   42.6   0.0   113   172    95   154    92   170 0.95 -
144279:254-808       -            185 17309at4891          -            209   1.4e-16   56.0   0.0   1   1   9.2e-18   1.8e-16   55.7   0.0    81   172     2    98     1   112 0.85 -
143027:172-651       -            160 17309at4891          -            209   5.9e-16   53.9   0.4   1   1   8.2e-16   1.6e-14   49.3   0.4     9   126     6   154     2   159 0.70 -
139911:55-507        -            151 17309at4891          -            209   6.5e-16   53.8   0.0   1   1   6.6e-17   1.2e-15   52.9   0.0    91   173     6   102     1   124 0.80 -
138137:12-449        -            146 17309at4891          -            209   5.8e-14   47.4   0.0   1   1   3.9e-15   7.4e-14   47.1   0.0    87   144    84   145    64   146 0.84 -
140939:17-526        -            170 17309at4891          -            209   1.6e-12   42.8   0.0   1   1   3.2e-12   6.2e-11   37.5   0.0    83   169     7   117     4   129 0.71 -
138105:16-444        -            143 17309at4891          -            209   1.7e-12   42.7   0.1   1   1   1.2e-13   2.3e-12   42.2   0.1    10   124     3   143     1   143 0.75 -
144797:1-714         -            238 17309at4891          -            209   1.7e-12   42.6   0.0   1   1   1.1e-13   2.2e-12   42.3   0.0    82   182    33   140    27   171 0.80 -
144109:7-732         -            242 17309at4891          -            209   5.4e-12   41.0   0.1   1   1   4.8e-13   9.1e-12   40.3   0.1    86   165    13   109     4   123 0.77 -
136623:8-412         -            135 17309at4891          -            209   1.8e-11   39.3   0.0   1   1   1.7e-12   3.2e-11   38.5   0.0   104   173     1    83     1   129 0.74 -
143351:5-469         -            155 17309at4891          -            209   5.2e-10   34.5   0.8   1   1     2e-10   3.8e-09   31.7   0.8    39   123    52   154     2   155 0.69 -
142181:21-614        -            198 17309at4891          -            209   5.4e-09   31.2   0.1   1   1   4.2e-10     8e-09   30.6   0.1    80   125   116   165    85   198 0.69 -
141463:27-569        -            181 17309at4891          -            209   9.4e-09   30.4   0.0   1   1   6.3e-10   1.2e-08   30.1   0.0    86   168    48   135    20   141 0.78 -
139477:0-491         -            164 17309at4891          -            209   1.9e-08   29.4   0.0   1   1   1.6e-09   3.1e-08   28.7   0.0   116   172     1    67     1    69 0.79 -
143007:66-662        -            199 17309at4891          -            209   4.3e-08   28.3   0.0   1   1   3.9e-09   7.5e-08   27.5   0.0    83   165   102   198    84   199 0.76 -
145735:713-1261      -            183 17309at4891          -            209   5.1e-08   28.0   0.0   1   1   4.4e-09   8.4e-08   27.3   0.0    86   124    31    71    16    80 0.81 -
142343:154-603       -            150 17309at4891          -            209   3.9e-07   25.1   0.0   1   1   3.1e-08     6e-07   24.5   0.0    77   170    36   145    25   147 0.74 -
136307:2-403         -            134 17309at4891          -            209   4.4e-07   24.9   0.6   1   1   3.7e-08     7e-07   24.3   0.6    32   116    37   134     9   134 0.65 -
143975:1-471         -            157 17309at4891          -            209   2.1e-06   22.8   0.4   1   1   2.8e-07   5.2e-06   21.4   0.4     4   107    26   157    23   157 0.68 -
144845:209-790       -            194 17309at4891          -            209   7.1e-06   21.0   0.4   1   2       2.2        42   -1.1   0.0    19    43    61    84    37   141 0.65 -
144845:209-790       -            194 17309at4891          -            209   7.1e-06   21.0   0.4   2   2   6.7e-07   1.3e-05   20.2   0.1    83   124   144   192   115   194 0.83 -
138777:77-469        -            131 17309at4891          -            209   3.6e-05   18.7   0.0   1   2   0.00042    0.0079   11.1   0.0    88   109     5    28     2    34 0.79 -
138777:77-469        -            131 17309at4891          -            209   3.6e-05   18.7   0.0   2   2     0.016      0.31    5.8   0.0   137   170    95   128    62   130 0.85 -
#
# Program:         hmmsearch
# Version:         3.1b2 (February 2015)
# Pipeline mode:   SEARCH
# Query file:      /home/jj/Desktop/Bioinformatics/3rd_year/1term/Computational_genomics/Seminars/exercise_04/busco_downloads/lineages/saccharomycetes_odb10/hmms/17309at4891.hmm
# Target file:     /home/jj/Desktop/Bioinformatics/3rd_year/1term/Computational_genomics/Seminars/exercise_04/./busco/SRR7548448/SRR7548448_k63_contigs/run_saccharomycetes_odb10/metaeuk_output/rerun_results/SRR7548448_k63_graph.contig.fa.modified.fas
# Option settings: hmmsearch --domtblout /home/jj/Desktop/Bioinformatics/3rd_year/1term/Computational_genomics/Seminars/exercise_04/./busco/SRR7548448/SRR7548448_k63_contigs/run_saccharomycetes_odb10/hmmer_output/rerun_results/17309at4891.out --cpu 1 /home/jj/Desktop/Bioinformatics/3rd_year/1term/Computational_genomics/Seminars/exercise_04/busco_downloads/lineages/saccharomycetes_odb10/hmms/17309at4891.hmm /home/jj/Desktop/Bioinformatics/3rd_year/1term/Computational_genomics/Seminars/exercise_04/./busco/SRR7548448/SRR7548448_k63_contigs/run_saccharomycetes_odb10/metaeuk_output/rerun_results/SRR7548448_k63_graph.contig.fa.modified.fas 
# Current dir:     /home/jj/Desktop/Bioinformatics/3rd_year/1term/Computational_genomics/Seminars/exercise_04
# Date:            Tue Nov  5 18:54:03 2024
# [ok]
