#                                                                            --- full sequence --- -------------- this domain -------------   hmm coord   ali coord   env coord
# target name        accession   tlen query name           accession   qlen   E-value  score  bias   #  of  c-Evalue  i-Evalue  score  bias  from    to  from    to  from    to  acc description of target
#------------------- ---------- ----- -------------------- ---------- ----- --------- ------ ----- --- --- --------- --------- ------ ----- ----- ----- ----- ----- ----- ----- ---- ---------------------
138411:3-458         -            152 18510at4891          -            246   1.7e-35  118.3   3.7   1   2   3.1e-35   1.2e-33  112.2   0.7   135   212    24   120    20   134 0.85 -
138411:3-458         -            152 18510at4891          -            246   1.7e-35  118.3   3.7   2   2      0.31        12    0.9   0.1   210   223   138   152   133   152 0.82 -
142097:117-608       -            164 18510at4891          -            246   1.4e-20   69.4   1.0   1   3   1.1e-13   4.4e-12   41.6   0.0    52   126    21    99     7   102 0.81 -
142097:117-608       -            164 18510at4891          -            246   1.4e-20   69.4   1.0   2   3   4.3e-07   1.7e-05   20.1   0.0   182   211    74   103    66   116 0.88 -
142097:117-608       -            164 18510at4891          -            246   1.4e-20   69.4   1.0   3   3   2.5e-06   9.9e-05   17.6   0.1   213   244   125   156   117   158 0.81 -
144461:10-831        -            274 18510at4891          -            246   6.7e-19   64.0   0.5   1   2   3.2e-11   1.2e-09   33.6   0.1    13   127     3   133     1   140 0.79 -
144461:10-831        -            274 18510at4891          -            246   6.7e-19   64.0   0.5   2   2   6.1e-12   2.4e-10   36.0   0.0    12   147   108   247    98   270 0.80 -
144201:52-801        -            250 18510at4891          -            246   9.2e-18   60.2   0.4   1   1   1.8e-16   7.2e-15   50.8   0.4    31   210     2   214     1   232 0.72 -
142839:31-621        -            197 18510at4891          -            246   3.8e-17   58.2   0.3   1   2   6.2e-12   2.4e-10   35.9   0.0    11   135    28   159    21   163 0.87 -
142839:31-621        -            197 18510at4891          -            246   3.8e-17   58.2   0.3   2   2   2.7e-09   1.1e-07   27.3   0.1     2    83   116   197   115   197 0.89 -
142283:0-563         -            188 18510at4891          -            246   1.8e-16   56.0   0.4   1   2   3.1e-15   1.2e-13   46.7   0.1     9   128    12   137     5   148 0.83 -
142283:0-563         -            188 18510at4891          -            246   1.8e-16   56.0   0.4   2   2    0.0023     0.089    7.9   0.0    54    86   156   188   138   188 0.93 -
141067:1-555         -            185 18510at4891          -            246     3e-14   48.7   0.1   1   1   4.5e-13   1.8e-11   39.7   0.1    70   210     1   164     1   174 0.76 -
143255:2-670         -            223 18510at4891          -            246   3.6e-13   45.2   3.1   1   3    0.0075      0.29    6.2   0.3   138   208     1    67     1    69 0.78 -
143255:2-670         -            223 18510at4891          -            246   3.6e-13   45.2   3.1   2   3   8.1e-11   3.2e-09   32.3   0.1     7   128    38   170    32   176 0.74 -
143255:2-670         -            223 18510at4891          -            246   3.6e-13   45.2   3.1   3   3   0.00016    0.0061   11.7   0.0    54    83   192   221   186   223 0.88 -
140361:20-523        -            168 18510at4891          -            246     4e-13   45.0   0.4   1   2   4.7e-09   1.8e-07   26.5   0.1    12    91    10    89     2   100 0.81 -
140361:20-523        -            168 18510at4891          -            246     4e-13   45.0   0.4   2   2   3.1e-06   0.00012   17.3   0.0     8    70   104   168    97   168 0.80 -
145631:35-901        -            289 18510at4891          -            246   1.1e-12   43.6   0.6   1   1   1.9e-12   7.3e-11   37.6   0.6     7   200     8   226     3   233 0.77 -
144901:425-925       -            167 18510at4891          -            246   1.8e-11   39.7   0.0   1   1   6.6e-13   2.6e-11   39.1   0.0    15   128    19   134     8   161 0.77 -
138951:2-475         -            158 18510at4891          -            246   1.7e-10   36.4   0.2   1   2   1.4e-09   5.5e-08   28.2   0.1    59   128     2    73     1    78 0.88 -
138951:2-475         -            158 18510at4891          -            246   1.7e-10   36.4   0.2   2   2    0.0051       0.2    6.7   0.0    54    96   100   142    82   158 0.77 -
143297:47-682        -            212 18510at4891          -            246     7e-10   34.4   0.1   1   3    0.0017     0.065    8.3   0.0   152   205     2    53     1    60 0.64 -
143297:47-682        -            212 18510at4891          -            246     7e-10   34.4   0.1   2   3     1e-07   3.9e-06   22.2   0.0    55   127    84   161    59   177 0.82 -
143297:47-682        -            212 18510at4891          -            246     7e-10   34.4   0.1   3   3      0.37        14    0.7   0.0    54    84   181   211   162   212 0.64 -
138685:10-465        -            152 18510at4891          -            246   8.6e-10   34.1   0.7   1   1     2e-09   7.8e-08   27.7   0.7   134   210    53   125     1   136 0.83 -
139317:1-486         -            162 18510at4891          -            246   1.3e-09   33.5   0.1   1   1     8e-11   3.1e-09   32.3   0.1    44   174    15   147     8   160 0.87 -
139299:2-484         -            161 18510at4891          -            246     1e-05   20.8   0.0   1   1     3e-07   1.2e-05   20.6   0.0    14   123    41   160    28   161 0.74 -
137551:4-429         -            142 18510at4891          -            246   8.4e-05   17.8   0.1   1   2   8.9e-05    0.0035   12.5   0.0    46   127    17   104     2   119 0.64 -
137551:4-429         -            142 18510at4891          -            246   8.4e-05   17.8   0.1   2   2     0.034       1.3    4.0   0.0    53    70   124   141   105   142 0.79 -
#
# Program:         hmmsearch
# Version:         3.1b2 (February 2015)
# Pipeline mode:   SEARCH
# Query file:      /home/jj/Desktop/Bioinformatics/3rd_year/1term/Computational_genomics/Seminars/exercise_04/busco_downloads/lineages/saccharomycetes_odb10/hmms/18510at4891.hmm
# Target file:     /home/jj/Desktop/Bioinformatics/3rd_year/1term/Computational_genomics/Seminars/exercise_04/./busco/SRR7548448/SRR7548448_k63_contigs/run_saccharomycetes_odb10/metaeuk_output/rerun_results/SRR7548448_k63_graph.contig.fa.modified.fas
# Option settings: hmmsearch --domtblout /home/jj/Desktop/Bioinformatics/3rd_year/1term/Computational_genomics/Seminars/exercise_04/./busco/SRR7548448/SRR7548448_k63_contigs/run_saccharomycetes_odb10/hmmer_output/rerun_results/18510at4891.out --cpu 1 /home/jj/Desktop/Bioinformatics/3rd_year/1term/Computational_genomics/Seminars/exercise_04/busco_downloads/lineages/saccharomycetes_odb10/hmms/18510at4891.hmm /home/jj/Desktop/Bioinformatics/3rd_year/1term/Computational_genomics/Seminars/exercise_04/./busco/SRR7548448/SRR7548448_k63_contigs/run_saccharomycetes_odb10/metaeuk_output/rerun_results/SRR7548448_k63_graph.contig.fa.modified.fas 
# Current dir:     /home/jj/Desktop/Bioinformatics/3rd_year/1term/Computational_genomics/Seminars/exercise_04
# Date:            Tue Nov  5 18:54:31 2024
# [ok]
