#                                                                            --- full sequence --- -------------- this domain -------------   hmm coord   ali coord   env coord
# target name        accession   tlen query name           accession   qlen   E-value  score  bias   #  of  c-Evalue  i-Evalue  score  bias  from    to  from    to  from    to  acc description of target
#------------------- ---------- ----- -------------------- ---------- ----- --------- ------ ----- --- --- --------- --------- ------ ----- ----- ----- ----- ----- ----- ----- ---- ---------------------
142839:31-621        -            197 18807at4891          -            264   2.9e-26   87.8   3.3   1   1   1.6e-26   6.3e-25   83.4   3.3     2   176    24   197    23   197 0.85 -
144461:10-831        -            274 18807at4891          -            264   2.4e-24   81.5   0.7   1   2   1.9e-17   7.3e-16   53.7   0.1    94   244     3   167     1   184 0.78 -
144461:10-831        -            274 18807at4891          -            264   2.4e-24   81.5   0.7   2   2   2.5e-11   9.7e-10   33.6   0.0   134   242   139   265   138   269 0.75 -
143255:2-670         -            223 18807at4891          -            264   5.2e-24   80.4   5.4   1   2   2.8e-14   1.1e-12   43.3   0.6    56   179     1   123     1   127 0.89 -
143255:2-670         -            223 18807at4891          -            264   5.2e-24   80.4   5.4   2   2   2.9e-15   1.1e-13   46.5   0.4    41   178    85   223    78   223 0.84 -
140361:20-523        -            168 18807at4891          -            264   8.5e-18   60.0   0.9   1   2   6.8e-09   2.6e-07   25.6   0.4   136   180    41    85     1    90 0.85 -
140361:20-523        -            168 18807at4891          -            264   8.5e-18   60.0   0.9   2   2   1.5e-10     6e-09   31.0   0.0     2    64   103   167   102   168 0.93 -
145631:35-901        -            289 18807at4891          -            264   9.8e-18   59.8   2.5   1   1   5.8e-19   2.3e-17   58.6   2.5     4   257     9   283     6   289 0.78 -
138951:2-475         -            158 18807at4891          -            264   1.1e-17   59.6   0.1   1   1   3.1e-19   1.2e-17   59.5   0.1    55   183     3   136     1   156 0.87 -
142283:0-563         -            188 18807at4891          -            264   2.1e-16   55.5   1.8   1   2   9.4e-07   3.7e-05   18.6   0.1   178   217     3    42     1    49 0.86 -
142283:0-563         -            188 18807at4891          -            264   2.1e-16   55.5   1.8   2   2   3.5e-12   1.4e-10   36.4   0.3   137   258    54   186    50   188 0.81 -
142097:117-608       -            164 18807at4891          -            264   2.2e-15   52.1   0.1   1   1   2.8e-14   1.1e-12   43.3   0.1    45   177    19   156    13   162 0.80 -
144901:425-925       -            167 18807at4891          -            264   5.1e-15   50.9   0.0   1   1   1.7e-16   6.8e-15   50.5   0.0    10   153    19   166    10   167 0.80 -
144201:52-801        -            250 18807at4891          -            264     1e-14   49.9   1.5   1   2     1e-09   3.9e-08   28.3   0.1   131   223    20   120     1   133 0.80 -
144201:52-801        -            250 18807at4891          -            264     1e-14   49.9   1.5   2   2   1.3e-07   5.2e-06   21.4   0.2    41   163   132   250   118   250 0.78 -
139317:1-486         -            162 18807at4891          -            264   4.5e-13   44.5   0.0   1   2   4.9e-10   1.9e-08   29.3   0.0   131   222    14   111     1   113 0.76 -
139317:1-486         -            162 18807at4891          -            264   4.5e-13   44.5   0.0   2   2   4.3e-07   1.7e-05   19.7   0.0    81   180    67   157    65   160 0.87 -
143297:47-682        -            212 18807at4891          -            264   7.8e-13   43.7   0.1   1   1   4.8e-14   1.9e-12   42.5   0.1    93   257    30   210     2   212 0.78 -
141067:1-555         -            185 18807at4891          -            264   8.7e-08   27.2   0.9   1   2   0.00016    0.0063   11.3   0.0   165   222     3    69     1    84 0.69 -
141067:1-555         -            185 18807at4891          -            264   8.7e-08   27.2   0.9   2   2   1.3e-05   0.00051   14.8   0.5    41    98    82   138    68   184 0.71 -
138685:10-465        -            152 18807at4891          -            264     1e-06   23.7   0.2   1   1     8e-08   3.1e-06   22.1   0.2    10   154     1   152     1   152 0.68 -
138411:3-458         -            152 18807at4891          -            264   3.3e-06   22.0   0.0   1   2    0.0042      0.16    6.6   0.0    55    80    26    51     8    69 0.85 -
138411:3-458         -            152 18807at4891          -            264   3.3e-06   22.0   0.0   2   2     3e-05    0.0012   13.6   0.0    85   156    83   152    73   152 0.79 -
137551:4-429         -            142 18807at4891          -            264   8.4e-06   20.7   0.1   1   1   7.9e-07   3.1e-05   18.8   0.1    32   163    10   141     2   142 0.62 -
139299:2-484         -            161 18807at4891          -            264   6.3e-05   17.8   0.0   1   1   4.1e-06   0.00016   16.5   0.0    86   211    30   160     3   161 0.63 -
#
# Program:         hmmsearch
# Version:         3.1b2 (February 2015)
# Pipeline mode:   SEARCH
# Query file:      /home/jj/Desktop/Bioinformatics/3rd_year/1term/Computational_genomics/Seminars/exercise_04/busco_downloads/lineages/saccharomycetes_odb10/hmms/18807at4891.hmm
# Target file:     /home/jj/Desktop/Bioinformatics/3rd_year/1term/Computational_genomics/Seminars/exercise_04/./busco/SRR7548448/SRR7548448_k63_contigs/run_saccharomycetes_odb10/metaeuk_output/rerun_results/SRR7548448_k63_graph.contig.fa.modified.fas
# Option settings: hmmsearch --domtblout /home/jj/Desktop/Bioinformatics/3rd_year/1term/Computational_genomics/Seminars/exercise_04/./busco/SRR7548448/SRR7548448_k63_contigs/run_saccharomycetes_odb10/hmmer_output/rerun_results/18807at4891.out --cpu 1 /home/jj/Desktop/Bioinformatics/3rd_year/1term/Computational_genomics/Seminars/exercise_04/busco_downloads/lineages/saccharomycetes_odb10/hmms/18807at4891.hmm /home/jj/Desktop/Bioinformatics/3rd_year/1term/Computational_genomics/Seminars/exercise_04/./busco/SRR7548448/SRR7548448_k63_contigs/run_saccharomycetes_odb10/metaeuk_output/rerun_results/SRR7548448_k63_graph.contig.fa.modified.fas 
# Current dir:     /home/jj/Desktop/Bioinformatics/3rd_year/1term/Computational_genomics/Seminars/exercise_04
# Date:            Tue Nov  5 18:54:22 2024
# [ok]
