#                                                                            --- full sequence --- -------------- this domain -------------   hmm coord   ali coord   env coord
# target name        accession   tlen query name           accession   qlen   E-value  score  bias   #  of  c-Evalue  i-Evalue  score  bias  from    to  from    to  from    to  acc description of target
#------------------- ---------- ----- -------------------- ---------- ----- --------- ------ ----- --- --- --------- --------- ------ ----- ----- ----- ----- ----- ----- ----- ---- ---------------------
143977:73-726        -            218 19161at4891          -            450     9e-05   16.5   0.2   1   2   2.2e-06   0.00049   14.1   0.0    26    74    10    58     2    80 0.86 -
143977:73-726        -            218 19161at4891          -            450     9e-05   16.5   0.2   2   2      0.03       6.6    0.4   0.0    35    80   102   147    98   209 0.75 -
144733:1-888         -            296 19161at4891          -            450   0.00052   14.0   0.1   1   2     0.027         6    0.6   0.0    38    72    52    90    34   133 0.75 -
144733:1-888         -            296 19161at4891          -            450   0.00052   14.0   0.1   2   2   1.7e-05    0.0037   11.2   0.0    38    90   212   264   197   281 0.84 -
145769:0-1415        -            472 19161at4891          -            450    0.0029   11.5   2.3   1   6      0.31        68   -2.9   0.0    42    72   149   179   143   214 0.62 -
145769:0-1415        -            472 19161at4891          -            450    0.0029   11.5   2.3   2   6      0.42        92   -3.3   0.1    69    90   201   222   197   230 0.83 -
145769:0-1415        -            472 19161at4891          -            450    0.0029   11.5   2.3   3   6      0.68   1.5e+02   -4.0   1.8   424   439   226   241   216   247 0.48 -
145769:0-1415        -            472 19161at4891          -            450    0.0029   11.5   2.3   4   6   0.00064      0.14    6.0   0.0    38    78   259   299   251   333 0.81 -
145769:0-1415        -            472 19161at4891          -            450    0.0029   11.5   2.3   5   6      0.11        24   -1.4   0.0    83   126   329   376   322   397 0.62 -
145769:0-1415        -            472 19161at4891          -            450    0.0029   11.5   2.3   6   6     0.006       1.3    2.7   0.0    70   141   398   466   392   471 0.78 -
#
# Program:         hmmsearch
# Version:         3.1b2 (February 2015)
# Pipeline mode:   SEARCH
# Query file:      /home/jj/Desktop/Bioinformatics/3rd_year/1term/Computational_genomics/Seminars/exercise_04/busco_downloads/lineages/saccharomycetes_odb10/hmms/19161at4891.hmm
# Target file:     /home/jj/Desktop/Bioinformatics/3rd_year/1term/Computational_genomics/Seminars/exercise_04/./busco/SRR7548448/SRR7548448_k63_contigs/run_saccharomycetes_odb10/metaeuk_output/rerun_results/SRR7548448_k63_graph.contig.fa.modified.fas
# Option settings: hmmsearch --domtblout /home/jj/Desktop/Bioinformatics/3rd_year/1term/Computational_genomics/Seminars/exercise_04/./busco/SRR7548448/SRR7548448_k63_contigs/run_saccharomycetes_odb10/hmmer_output/rerun_results/19161at4891.out --cpu 1 /home/jj/Desktop/Bioinformatics/3rd_year/1term/Computational_genomics/Seminars/exercise_04/busco_downloads/lineages/saccharomycetes_odb10/hmms/19161at4891.hmm /home/jj/Desktop/Bioinformatics/3rd_year/1term/Computational_genomics/Seminars/exercise_04/./busco/SRR7548448/SRR7548448_k63_contigs/run_saccharomycetes_odb10/metaeuk_output/rerun_results/SRR7548448_k63_graph.contig.fa.modified.fas 
# Current dir:     /home/jj/Desktop/Bioinformatics/3rd_year/1term/Computational_genomics/Seminars/exercise_04
# Date:            Tue Nov  5 18:54:33 2024
# [ok]
