#                                                                            --- full sequence --- -------------- this domain -------------   hmm coord   ali coord   env coord
# target name        accession   tlen query name           accession   qlen   E-value  score  bias   #  of  c-Evalue  i-Evalue  score  bias  from    to  from    to  from    to  acc description of target
#------------------- ---------- ----- -------------------- ---------- ----- --------- ------ ----- --- --- --------- --------- ------ ----- ----- ----- ----- ----- ----- ----- ---- ---------------------
138951:2-475         -            158 19275at4891          -            261   1.7e-77  255.6   0.7   1   1   5.2e-79     2e-77  255.4   0.7    50   193     1   158     1   158 0.91 -
144461:10-831        -            274 19275at4891          -            261     4e-40  133.2   0.5   1   1   5.8e-41   2.3e-39  130.7   0.5     4   249     2   272     1   274 0.78 -
143297:47-682        -            212 19275at4891          -            261   6.3e-38  125.9   0.0   1   1   1.8e-39   7.1e-38  125.8   0.0    66   258     1   211     1   212 0.85 -
142839:31-621        -            197 19275at4891          -            261   1.2e-19   66.1   0.1   1   1     6e-20   2.4e-18   61.8   0.1     3   167    28   196    26   197 0.77 -
144901:425-925       -            167 19275at4891          -            261   4.8e-19   64.1   0.0   1   1   1.8e-20   7.2e-19   63.5   0.0     7   146    19   167    16   167 0.81 -
142283:0-563         -            188 19275at4891          -            261   1.5e-18   62.4   0.2   1   1   6.2e-19   2.4e-17   58.5   0.2    84   260     7   188     5   188 0.90 -
143255:2-670         -            223 19275at4891          -            261   3.9e-18   61.1   0.0   1   1   1.4e-19   5.3e-18   60.6   0.0    53   258     1   222     1   223 0.76 -
145631:35-901        -            289 19275at4891          -            261     3e-17   58.1   0.1   1   1     1e-18     4e-17   57.8   0.1    17   260    25   286     9   287 0.80 -
144201:52-801        -            250 19275at4891          -            261   1.9e-16   55.6   0.1   1   2   0.00068     0.027    9.2   0.0   221   259    29    67     9    69 0.69 -
144201:52-801        -            250 19275at4891          -            261   1.9e-16   55.6   0.1   2   2   2.1e-14   8.3e-13   43.6   0.0     3   149    86   244    84   250 0.81 -
140361:20-523        -            168 19275at4891          -            261   4.7e-16   54.3   0.2   1   1   4.2e-17   1.6e-15   52.5   0.2    90   244     8   168     1   168 0.80 -
139317:1-486         -            162 19275at4891          -            261   2.9e-14   48.4   0.1   1   1     9e-16   3.5e-14   48.1   0.1   123   258    14   154     5   157 0.83 -
142097:117-608       -            164 19275at4891          -            261   4.2e-14   47.8   0.0   1   1   1.4e-15   5.5e-14   47.5   0.0   139   259    23   157    16   159 0.83 -
139299:2-484         -            161 19275at4891          -            261   9.1e-13   43.5   0.0   1   1   2.6e-14     1e-12   43.3   0.0    76   206    24   160     2   161 0.80 -
138685:10-465        -            152 19275at4891          -            261   2.4e-10   35.5   0.0   1   1     8e-12   3.1e-10   35.2   0.0     7   146     1   152     1   152 0.80 -
141067:1-555         -            185 19275at4891          -            261   2.6e-09   32.2   0.0   1   1   9.8e-11   3.8e-09   31.6   0.0     3   140    36   185    34   185 0.77 -
137551:4-429         -            142 19275at4891          -            261   1.4e-08   29.7   0.0   1   2   2.8e-06   0.00011   17.0   0.0   216   260    14    57     3    58 0.86 -
137551:4-429         -            142 19275at4891          -            261   1.4e-08   29.7   0.0   2   2   0.00018     0.007   11.1   0.0   101   152    87   138    70   142 0.66 -
138411:3-458         -            152 19275at4891          -            261   1.5e-05   19.8   0.0   1   2    0.0067      0.26    5.9   0.0    50    82    24    56     8    65 0.89 -
138411:3-458         -            152 19275at4891          -            261   1.5e-05   19.8   0.0   2   2   0.00017    0.0065   11.2   0.0    90   146    89   150    81   152 0.56 -
#
# Program:         hmmsearch
# Version:         3.1b2 (February 2015)
# Pipeline mode:   SEARCH
# Query file:      /home/jj/Desktop/Bioinformatics/3rd_year/1term/Computational_genomics/Seminars/exercise_04/busco_downloads/lineages/saccharomycetes_odb10/hmms/19275at4891.hmm
# Target file:     /home/jj/Desktop/Bioinformatics/3rd_year/1term/Computational_genomics/Seminars/exercise_04/./busco/SRR7548448/SRR7548448_k63_contigs/run_saccharomycetes_odb10/metaeuk_output/rerun_results/SRR7548448_k63_graph.contig.fa.modified.fas
# Option settings: hmmsearch --domtblout /home/jj/Desktop/Bioinformatics/3rd_year/1term/Computational_genomics/Seminars/exercise_04/./busco/SRR7548448/SRR7548448_k63_contigs/run_saccharomycetes_odb10/hmmer_output/rerun_results/19275at4891.out --cpu 1 /home/jj/Desktop/Bioinformatics/3rd_year/1term/Computational_genomics/Seminars/exercise_04/busco_downloads/lineages/saccharomycetes_odb10/hmms/19275at4891.hmm /home/jj/Desktop/Bioinformatics/3rd_year/1term/Computational_genomics/Seminars/exercise_04/./busco/SRR7548448/SRR7548448_k63_contigs/run_saccharomycetes_odb10/metaeuk_output/rerun_results/SRR7548448_k63_graph.contig.fa.modified.fas 
# Current dir:     /home/jj/Desktop/Bioinformatics/3rd_year/1term/Computational_genomics/Seminars/exercise_04
# Date:            Tue Nov  5 18:54:12 2024
# [ok]
