#                                                                            --- full sequence --- -------------- this domain -------------   hmm coord   ali coord   env coord
# target name        accession   tlen query name           accession   qlen   E-value  score  bias   #  of  c-Evalue  i-Evalue  score  bias  from    to  from    to  from    to  acc description of target
#------------------- ---------- ----- -------------------- ---------- ----- --------- ------ ----- --- --- --------- --------- ------ ----- ----- ----- ----- ----- ----- ----- ---- ---------------------
145801:769-1527      -            253 19858at4891          -            219   1.2e-17   59.2   0.0   1   3   0.00037     0.062    7.8   0.0    63   108    23    72     3    81 0.82 -
145801:769-1527      -            253 19858at4891          -            219   1.2e-17   59.2   0.0   2   3   2.4e-09   3.9e-07   24.8   0.0    47   118    91   169    88   182 0.79 -
145801:769-1527      -            253 19858at4891          -            219   1.2e-17   59.2   0.0   3   3   7.7e-09   1.3e-06   23.1   0.0    68   108   211   252   182   253 0.80 -
144805:169-702       -            178 19858at4891          -            219   6.7e-11   37.1   0.0   1   2   6.6e-06    0.0011   13.5   0.0    74   114    38    79    25    92 0.85 -
144805:169-702       -            178 19858at4891          -            219   6.7e-11   37.1   0.0   2   2   1.2e-08   2.1e-06   22.5   0.0    33   114    89   178    74   178 0.82 -
145801:1051-1386     -            112 19858at4891          -            219   4.4e-07   24.6   0.0   1   1   3.6e-09     6e-07   24.2   0.0    47   108    44   112    41   112 0.83 -
144043:2-781         -            260 19858at4891          -            219   5.7e-07   24.3   0.5   1   2   1.3e-08   2.2e-06   22.4   0.3    73   134    66   126    59   163 0.74 -
144043:2-781         -            260 19858at4891          -            219   5.7e-07   24.3   0.5   2   2      0.17        29   -0.9   0.0    44    61   209   226   192   256 0.65 -
#
# Program:         hmmsearch
# Version:         3.1b2 (February 2015)
# Pipeline mode:   SEARCH
# Query file:      /home/jj/Desktop/Bioinformatics/3rd_year/1term/Computational_genomics/Seminars/exercise_04/busco_downloads/lineages/saccharomycetes_odb10/hmms/19858at4891.hmm
# Target file:     /home/jj/Desktop/Bioinformatics/3rd_year/1term/Computational_genomics/Seminars/exercise_04/./busco/SRR7548448/SRR7548448_k63_contigs/run_saccharomycetes_odb10/metaeuk_output/rerun_results/SRR7548448_k63_graph.contig.fa.modified.fas
# Option settings: hmmsearch --domtblout /home/jj/Desktop/Bioinformatics/3rd_year/1term/Computational_genomics/Seminars/exercise_04/./busco/SRR7548448/SRR7548448_k63_contigs/run_saccharomycetes_odb10/hmmer_output/rerun_results/19858at4891.out --cpu 1 /home/jj/Desktop/Bioinformatics/3rd_year/1term/Computational_genomics/Seminars/exercise_04/busco_downloads/lineages/saccharomycetes_odb10/hmms/19858at4891.hmm /home/jj/Desktop/Bioinformatics/3rd_year/1term/Computational_genomics/Seminars/exercise_04/./busco/SRR7548448/SRR7548448_k63_contigs/run_saccharomycetes_odb10/metaeuk_output/rerun_results/SRR7548448_k63_graph.contig.fa.modified.fas 
# Current dir:     /home/jj/Desktop/Bioinformatics/3rd_year/1term/Computational_genomics/Seminars/exercise_04
# Date:            Tue Nov  5 18:54:29 2024
# [ok]
