#                                                                            --- full sequence --- -------------- this domain -------------   hmm coord   ali coord   env coord
# target name        accession   tlen query name           accession   qlen   E-value  score  bias   #  of  c-Evalue  i-Evalue  score  bias  from    to  from    to  from    to  acc description of target
#------------------- ---------- ----- -------------------- ---------- ----- --------- ------ ----- --- --- --------- --------- ------ ----- ----- ----- ----- ----- ----- ----- ---- ---------------------
144541:4-777         -            258 2052at4891           -            952   2.4e-08   27.6   0.8   1   4   4.3e-07   3.2e-05   17.2   0.0   120   187    35   108    11   113 0.83 -
144541:4-777         -            258 2052at4891           -            952   2.4e-08   27.6   0.8   2   4   4.9e-06   0.00036   13.7   0.3   120   197    84   164    75   175 0.82 -
144541:4-777         -            258 2052at4891           -            952   2.4e-08   27.6   0.8   3   4   0.00021     0.016    8.3   0.2   115   188   124   201   112   215 0.70 -
144541:4-777         -            258 2052at4891           -            952   2.4e-08   27.6   0.8   4   4     0.035       2.6    1.0   0.0   129   188   185   251   170   255 0.72 -
145769:0-1415        -            472 2052at4891           -            952   2.5e-08   27.5   1.2   1   2   1.7e-06   0.00013   15.2   0.2   118   187   150   221   136   227 0.83 -
145769:0-1415        -            472 2052at4891           -            952   2.5e-08   27.5   1.2   2   2   3.3e-05    0.0024   11.0   0.1    99   189   326   419   292   439 0.71 -
144137:68-793        -            242 2052at4891           -            952   3.2e-06   20.5   1.8   1   2   9.6e-08   7.1e-06   19.4   1.0    79   187    75   192    66   203 0.75 -
144137:68-793        -            242 2052at4891           -            952   3.2e-06   20.5   1.8   2   2       0.1       7.7   -0.6   0.0   120   142   210   232   195   237 0.83 -
145821:41-862        -            274 2052at4891           -            952   1.1e-05   18.7   1.9   1   3     0.024       1.8    1.5   0.0   132   190     2    57     1    76 0.72 -
145821:41-862        -            274 2052at4891           -            952   1.1e-05   18.7   1.9   2   3   4.1e-05     0.003   10.7   1.5   116   187    66   135    29   144 0.63 -
145821:41-862        -            274 2052at4891           -            952   1.1e-05   18.7   1.9   3   3    0.0026      0.19    4.7   0.0    96   142   213   262   208   271 0.86 -
145301:241-942       -            234 2052at4891           -            952   6.5e-05   16.2   0.0   1   2   0.00012    0.0092    9.1   0.0   120   186    13    78     6    85 0.80 -
145301:241-942       -            234 2052at4891           -            952   6.5e-05   16.2   0.0   2   2    0.0025      0.18    4.8   0.0   108   189   127   208    89   221 0.62 -
143663:88-690        -            201 2052at4891           -            952   0.00014   15.1   0.0   1   1   2.2e-06   0.00016   14.9   0.0    88   229    27   160    17   181 0.77 -
143313:52-507        -            152 2052at4891           -            952   0.00022   14.5   0.3   1   1   4.4e-06   0.00033   13.9   0.3    98   166    56   124    25   150 0.65 -
140847:1-537         -            179 2052at4891           -            952   0.00083   12.5   0.0   1   2      0.12       8.8   -0.8   0.0   124   142    12    30     4    36 0.81 -
140847:1-537         -            179 2052at4891           -            952   0.00083   12.5   0.0   2   2   5.8e-05    0.0042   10.2   0.1   119   173    56   119    47   136 0.68 -
140077:5-511         -            169 2052at4891           -            952    0.0039   10.3   0.0   1   1   6.4e-05    0.0047   10.0   0.0   110   229    45   162     4   168 0.62 -
#
# Program:         hmmsearch
# Version:         3.1b2 (February 2015)
# Pipeline mode:   SEARCH
# Query file:      /home/jj/Desktop/Bioinformatics/3rd_year/1term/Computational_genomics/Seminars/exercise_04/busco_downloads/lineages/saccharomycetes_odb10/hmms/2052at4891.hmm
# Target file:     /home/jj/Desktop/Bioinformatics/3rd_year/1term/Computational_genomics/Seminars/exercise_04/./busco/SRR7548448/SRR7548448_k63_contigs/run_saccharomycetes_odb10/metaeuk_output/rerun_results/SRR7548448_k63_graph.contig.fa.modified.fas
# Option settings: hmmsearch --domtblout /home/jj/Desktop/Bioinformatics/3rd_year/1term/Computational_genomics/Seminars/exercise_04/./busco/SRR7548448/SRR7548448_k63_contigs/run_saccharomycetes_odb10/hmmer_output/rerun_results/2052at4891.out --cpu 1 /home/jj/Desktop/Bioinformatics/3rd_year/1term/Computational_genomics/Seminars/exercise_04/busco_downloads/lineages/saccharomycetes_odb10/hmms/2052at4891.hmm /home/jj/Desktop/Bioinformatics/3rd_year/1term/Computational_genomics/Seminars/exercise_04/./busco/SRR7548448/SRR7548448_k63_contigs/run_saccharomycetes_odb10/metaeuk_output/rerun_results/SRR7548448_k63_graph.contig.fa.modified.fas 
# Current dir:     /home/jj/Desktop/Bioinformatics/3rd_year/1term/Computational_genomics/Seminars/exercise_04
# Date:            Tue Nov  5 18:54:14 2024
# [ok]
