#                                                                            --- full sequence --- -------------- this domain -------------   hmm coord   ali coord   env coord
# target name        accession   tlen query name           accession   qlen   E-value  score  bias   #  of  c-Evalue  i-Evalue  score  bias  from    to  from    to  from    to  acc description of target
#------------------- ---------- ----- -------------------- ---------- ----- --------- ------ ----- --- --- --------- --------- ------ ----- ----- ----- ----- ----- ----- ----- ---- ---------------------
144461:10-831        -            274 20960at4891          -            258   3.1e-17   58.0   2.0   1   3       1.3        71   -2.2   0.0    14    36     5    26     2    36 0.73 -
144461:10-831        -            274 20960at4891          -            258   3.1e-17   58.0   2.0   2   3   2.4e-06   0.00013   16.6   0.1   118   209    43   136    32   144 0.83 -
144461:10-831        -            274 20960at4891          -            258   3.1e-17   58.0   2.0   3   3   1.3e-13   7.3e-12   40.4   0.1   125   243   144   266   141   269 0.90 -
143297:47-682        -            212 20960at4891          -            258   7.4e-13   43.7   0.0   1   2     0.014      0.76    4.3   0.0    14    50    33    69    26    81 0.73 -
143297:47-682        -            212 20960at4891          -            258   7.4e-13   43.7   0.0   2   2   6.5e-13   3.6e-11   38.1   0.0   127   245    77   198    70   209 0.83 -
143255:2-670         -            223 20960at4891          -            258   2.2e-10   35.5   0.0   1   2     4e-05    0.0022   12.6   0.0   180   242    41   106     1   118 0.69 -
143255:2-670         -            223 20960at4891          -            258   2.2e-10   35.5   0.0   2   2   9.4e-08   5.2e-06   21.2   0.0   174   246   136   210   126   221 0.78 -
138951:2-475         -            158 20960at4891          -            258   2.7e-09   32.0   0.1   1   2   2.5e-07   1.4e-05   19.8   0.0   139   239     3   111     1   111 0.79 -
138951:2-475         -            158 20960at4891          -            258   2.7e-09   32.0   0.1   2   2   2.2e-06   0.00012   16.7   0.0   126   172    93   139    85   158 0.75 -
144901:425-925       -            167 20960at4891          -            258   1.1e-08   30.0   0.0   1   1   2.4e-10   1.4e-08   29.7   0.0   122   229    49   157    18   167 0.72 -
139317:1-486         -            162 20960at4891          -            258   2.3e-07   25.7   0.0   1   1   4.9e-09   2.7e-07   25.4   0.0   112   252     9   148     3   154 0.80 -
142839:31-621        -            197 20960at4891          -            258   1.1e-06   23.4   0.0   1   2   0.00041     0.022    9.3   0.0   182   242    29    90    22   103 0.83 -
142839:31-621        -            197 20960at4891          -            258   1.1e-06   23.4   0.0   2   2   5.2e-05    0.0029   12.2   0.0    75   138   111   173   107   181 0.88 -
140361:20-523        -            168 20960at4891          -            258   3.3e-06   21.9   0.2   1   2    0.0053      0.29    5.7   0.1    27    80    25    81     3    91 0.63 -
140361:20-523        -            168 20960at4891          -            258   3.3e-06   21.9   0.2   2   2   9.4e-06   0.00052   14.7   0.0     3    61    99   164    97   167 0.81 -
137551:4-429         -            142 20960at4891          -            258   1.2e-05   20.0   0.0   1   1   7.1e-07   3.9e-05   18.3   0.0   122   241    15   138    11   141 0.78 -
144201:52-801        -            250 20960at4891          -            258   5.6e-05   17.8   0.0   1   2   1.9e-05    0.0011   13.7   0.0   124   250    27   162    14   169 0.72 -
144201:52-801        -            250 20960at4891          -            258   5.6e-05   17.8   0.0   2   2     0.056       3.1    2.3   0.0   187   240   193   246   172   250 0.54 -
142097:117-608       -            164 20960at4891          -            258   0.00014   16.5   0.1   1   2     0.006      0.33    5.5   0.0   131   241    20    36     1    54 0.59 -
142097:117-608       -            164 20960at4891          -            258   0.00014   16.5   0.1   2   2   0.00038     0.021    9.4   0.1    80   147    65   140    39   163 0.77 -
138685:10-465        -            152 20960at4891          -            258    0.0023   12.5   0.0   1   2   0.00012    0.0066   11.1   0.0   207   251    29    74     7    81 0.79 -
138685:10-465        -            152 20960at4891          -            258    0.0023   12.5   0.0   2   2      0.54        30   -0.9   0.0   186   230   103   147    93   152 0.57 -
#
# Program:         hmmsearch
# Version:         3.1b2 (February 2015)
# Pipeline mode:   SEARCH
# Query file:      /home/jj/Desktop/Bioinformatics/3rd_year/1term/Computational_genomics/Seminars/exercise_04/busco_downloads/lineages/saccharomycetes_odb10/hmms/20960at4891.hmm
# Target file:     /home/jj/Desktop/Bioinformatics/3rd_year/1term/Computational_genomics/Seminars/exercise_04/./busco/SRR7548448/SRR7548448_k63_contigs/run_saccharomycetes_odb10/metaeuk_output/rerun_results/SRR7548448_k63_graph.contig.fa.modified.fas
# Option settings: hmmsearch --domtblout /home/jj/Desktop/Bioinformatics/3rd_year/1term/Computational_genomics/Seminars/exercise_04/./busco/SRR7548448/SRR7548448_k63_contigs/run_saccharomycetes_odb10/hmmer_output/rerun_results/20960at4891.out --cpu 1 /home/jj/Desktop/Bioinformatics/3rd_year/1term/Computational_genomics/Seminars/exercise_04/busco_downloads/lineages/saccharomycetes_odb10/hmms/20960at4891.hmm /home/jj/Desktop/Bioinformatics/3rd_year/1term/Computational_genomics/Seminars/exercise_04/./busco/SRR7548448/SRR7548448_k63_contigs/run_saccharomycetes_odb10/metaeuk_output/rerun_results/SRR7548448_k63_graph.contig.fa.modified.fas 
# Current dir:     /home/jj/Desktop/Bioinformatics/3rd_year/1term/Computational_genomics/Seminars/exercise_04
# Date:            Tue Nov  5 18:54:28 2024
# [ok]
