#                                                                            --- full sequence --- -------------- this domain -------------   hmm coord   ali coord   env coord
# target name        accession   tlen query name           accession   qlen   E-value  score  bias   #  of  c-Evalue  i-Evalue  score  bias  from    to  from    to  from    to  acc description of target
#------------------- ---------- ----- -------------------- ---------- ----- --------- ------ ----- --- --- --------- --------- ------ ----- ----- ----- ----- ----- ----- ----- ---- ---------------------
144461:10-831        -            274 21192at4891          -            233   7.6e-31  103.0   0.7   1   2   0.00028     0.011   10.8   0.0   162   189     2    29     1    34 0.90 -
144461:10-831        -            274 21192at4891          -            233   7.6e-31  103.0   0.7   2   2   3.3e-27   1.3e-25   85.9   0.2    35   218    41   271    35   274 0.72 -
142839:31-621        -            197 21192at4891          -            233   3.9e-23   77.7   0.3   1   3     6e-09   2.3e-07   26.1   0.0    75   127    11    63     3    69 0.86 -
142839:31-621        -            197 21192at4891          -            233   3.9e-23   77.7   0.3   2   3   6.2e-11   2.4e-09   32.6   0.0    38   118    62   151    58   151 0.81 -
142839:31-621        -            197 21192at4891          -            233   3.9e-23   77.7   0.3   3   3   2.3e-08   8.9e-07   24.2   0.1     8    81   127   197   117   197 0.83 -
145631:35-901        -            289 21192at4891          -            233   5.9e-20   67.3   0.0   1   3   1.1e-08   4.1e-07   25.3   0.0    13    85    20    90     5   107 0.86 -
145631:35-901        -            289 21192at4891          -            233   5.9e-20   67.3   0.0   2   3   9.2e-10   3.6e-08   28.8   0.0     7    82   110   184   104   190 0.92 -
145631:35-901        -            289 21192at4891          -            233   5.9e-20   67.3   0.0   3   3   0.00059     0.023    9.8   0.1     7    80   209   282   202   288 0.61 -
143255:2-670         -            223 21192at4891          -            233   3.4e-17   58.3   0.7   1   3    0.0061      0.24    6.5   0.1   205   233     1    29     1    29 0.93 -
143255:2-670         -            223 21192at4891          -            233   3.4e-17   58.3   0.7   2   3   3.3e-12   1.3e-10   36.8   0.0    12   119    48   170    37   183 0.70 -
143255:2-670         -            223 21192at4891          -            233   3.4e-17   58.3   0.7   3   3   1.8e-08   6.9e-07   24.6   0.2     6    82   142   222   137   223 0.55 -
142097:117-608       -            164 21192at4891          -            233   8.4e-17   57.0   0.1   1   3   0.00016    0.0063   11.6   0.0    38    85     8    56     2    62 0.85 -
142097:117-608       -            164 21192at4891          -            233   8.4e-17   57.0   0.1   2   3   2.4e-05   0.00093   14.3   0.0   161   191    74   104    66   107 0.87 -
142097:117-608       -            164 21192at4891          -            233   8.4e-17   57.0   0.1   3   3   1.8e-09   6.9e-08   27.9   0.0    37    86   111   160   107   163 0.94 -
142283:0-563         -            188 21192at4891          -            233   9.5e-16   53.6   1.0   1   2   1.9e-07   7.5e-06   21.2   0.0     6    80    14    92     9   102 0.67 -
142283:0-563         -            188 21192at4891          -            233   9.5e-16   53.6   1.0   2   2   2.7e-10   1.1e-08   30.5   0.2   159   228   108   186    97   188 0.66 -
138951:2-475         -            158 21192at4891          -            233   3.3e-15   51.8   0.2   1   2   0.00043     0.017   10.2   0.1   203   231     2    30     1    32 0.87 -
138951:2-475         -            158 21192at4891          -            233   3.3e-15   51.8   0.2   2   2   3.8e-13   1.5e-11   39.8   0.0    12    85    50   133    40   142 0.83 -
139317:1-486         -            162 21192at4891          -            233   6.9e-15   50.8   0.1   1   2   9.6e-08   3.7e-06   22.2   0.0    35   110    13    87     8    90 0.88 -
139317:1-486         -            162 21192at4891          -            233   6.9e-15   50.8   0.1   2   2   9.3e-10   3.7e-08   28.8   0.0    12    80    84   152    77   159 0.87 -
144201:52-801        -            250 21192at4891          -            233   1.1e-14   50.1   0.0   1   3   6.2e-06   0.00024   16.3   0.0    38   120    22   114     3   120 0.77 -
144201:52-801        -            250 21192at4891          -            233   1.1e-14   50.1   0.0   2   3   0.00012    0.0046   12.1   0.0    16    84    96   171    86   188 0.77 -
144201:52-801        -            250 21192at4891          -            233   1.1e-14   50.1   0.0   3   3   3.5e-07   1.4e-05   20.3   0.0    18    67   198   249   182   250 0.80 -
143297:47-682        -            212 21192at4891          -            233   3.3e-14   48.5   0.3   1   3      0.32        13    0.8   0.0    93   117    30    55     4    67 0.67 -
143297:47-682        -            212 21192at4891          -            233   3.3e-14   48.5   0.3   2   3    0.0015     0.057    8.5   0.0   192   232    77   117    68   118 0.86 -
143297:47-682        -            212 21192at4891          -            233   3.3e-14   48.5   0.3   3   3   6.5e-12   2.5e-10   35.8   0.1    10    82   140   211   133   212 0.90 -
144901:425-925       -            167 21192at4891          -            233   1.7e-12   43.0   0.0   1   2   1.2e-10   4.8e-09   31.6   0.1    14    87    23    95    18   116 0.80 -
144901:425-925       -            167 21192at4891          -            233   1.7e-12   43.0   0.0   2   2     0.002     0.076    8.1   0.0    23    58   124   166   108   167 0.72 -
140361:20-523        -            168 21192at4891          -            233   2.9e-12   42.2   0.1   1   1   7.8e-13     3e-11   38.8   0.1     7   138     9   153     4   159 0.79 -
137551:4-429         -            142 21192at4891          -            233   2.3e-10   36.0   0.1   1   2   1.8e-09   6.9e-08   27.8   0.0    39   123    13   109     5   116 0.78 -
137551:4-429         -            142 21192at4891          -            233   2.3e-10   36.0   0.1   2   2     0.016      0.61    5.1   0.0    46    68   119   141   111   142 0.61 -
139299:2-484         -            161 21192at4891          -            233   1.8e-08   29.8   0.0   1   2   1.6e-09   6.4e-08   28.0   0.0     8    84    41   118    34   124 0.89 -
139299:2-484         -            161 21192at4891          -            233   1.8e-08   29.8   0.0   2   2      0.93        36   -0.7   0.0   163   183   140   160   136   161 0.72 -
138685:10-465        -            152 21192at4891          -            233   6.6e-08   27.9   0.0   1   2   0.00024    0.0094   11.1   0.0    18    84     9    82     1    92 0.72 -
138685:10-465        -            152 21192at4891          -            233   6.6e-08   27.9   0.0   2   2   1.5e-05    0.0006   15.0   0.0    18    59   109   152    90   152 0.79 -
141067:1-555         -            185 21192at4891          -            233   7.3e-06   21.2   0.0   1   3      0.17       6.8    1.7   0.0    87   119    31    63     8    74 0.70 -
141067:1-555         -            185 21192at4891          -            233   7.3e-06   21.2   0.0   2   3   5.9e-05    0.0023   13.0   0.0    17   116    47   160    33   161 0.68 -
141067:1-555         -            185 21192at4891          -            233   7.3e-06   21.2   0.0   3   3    0.0042      0.16    7.0   0.0    18    53   148   185   125   185 0.77 -
138411:3-458         -            152 21192at4891          -            233    0.0014   13.8   0.1   1   3      0.31        12    0.9   0.0    58    86    26    54    22    66 0.80 -
138411:3-458         -            152 21192at4891          -            233    0.0014   13.8   0.1   2   3   0.00036     0.014   10.5   0.0    92   191    90   120    80   142 0.64 -
138411:3-458         -            152 21192at4891          -            233    0.0014   13.8   0.1   3   3       2.2        85   -1.9   0.0   187   207   132   152   116   152 0.65 -
#
# Program:         hmmsearch
# Version:         3.1b2 (February 2015)
# Pipeline mode:   SEARCH
# Query file:      /home/jj/Desktop/Bioinformatics/3rd_year/1term/Computational_genomics/Seminars/exercise_04/busco_downloads/lineages/saccharomycetes_odb10/hmms/21192at4891.hmm
# Target file:     /home/jj/Desktop/Bioinformatics/3rd_year/1term/Computational_genomics/Seminars/exercise_04/./busco/SRR7548448/SRR7548448_k63_contigs/run_saccharomycetes_odb10/metaeuk_output/rerun_results/SRR7548448_k63_graph.contig.fa.modified.fas
# Option settings: hmmsearch --domtblout /home/jj/Desktop/Bioinformatics/3rd_year/1term/Computational_genomics/Seminars/exercise_04/./busco/SRR7548448/SRR7548448_k63_contigs/run_saccharomycetes_odb10/hmmer_output/rerun_results/21192at4891.out --cpu 1 /home/jj/Desktop/Bioinformatics/3rd_year/1term/Computational_genomics/Seminars/exercise_04/busco_downloads/lineages/saccharomycetes_odb10/hmms/21192at4891.hmm /home/jj/Desktop/Bioinformatics/3rd_year/1term/Computational_genomics/Seminars/exercise_04/./busco/SRR7548448/SRR7548448_k63_contigs/run_saccharomycetes_odb10/metaeuk_output/rerun_results/SRR7548448_k63_graph.contig.fa.modified.fas 
# Current dir:     /home/jj/Desktop/Bioinformatics/3rd_year/1term/Computational_genomics/Seminars/exercise_04
# Date:            Tue Nov  5 18:54:36 2024
# [ok]
