#                                                                            --- full sequence --- -------------- this domain -------------   hmm coord   ali coord   env coord
# target name        accession   tlen query name           accession   qlen   E-value  score  bias   #  of  c-Evalue  i-Evalue  score  bias  from    to  from    to  from    to  acc description of target
#------------------- ---------- ----- -------------------- ---------- ----- --------- ------ ----- --- --- --------- --------- ------ ----- ----- ----- ----- ----- ----- ----- ---- ---------------------
140267:2-520         -            173 21297at4891          -            243   4.2e-24   80.4   0.0   1   1   1.1e-25   6.5e-24   79.8   0.0   115   207    18   129     3   159 0.77 -
145821:41-862        -            274 21297at4891          -            243   4.6e-09   31.2  13.7   1   5      0.33        20   -0.4   0.0   181   203     1    23     1    32 0.82 -
145821:41-862        -            274 21297at4891          -            243   4.6e-09   31.2  13.7   2   5     0.004      0.24    5.9   0.1   178   212    38    73    20    86 0.70 -
145821:41-862        -            274 21297at4891          -            243   4.6e-09   31.2  13.7   3   5   0.00013    0.0076   10.8   1.9   137   203    79   144    75   170 0.83 -
145821:41-862        -            274 21297at4891          -            243   4.6e-09   31.2  13.7   4   5    0.0019      0.12    6.9   0.1   178   211   208   242   206   246 0.83 -
145821:41-862        -            274 21297at4891          -            243   4.6e-09   31.2  13.7   5   5   1.3e-05    0.0008   14.0   0.1   160   202   227   272   226   274 0.82 -
143663:88-690        -            201 21297at4891          -            243   2.1e-08   29.1   1.0   1   3    0.0015     0.091    7.3   0.0    70   106     2    38     1    52 0.82 -
143663:88-690        -            201 21297at4891          -            243   2.1e-08   29.1   1.0   2   3   4.6e-05    0.0028   12.3   0.0   167   204    54    91    48   102 0.78 -
143663:88-690        -            201 21297at4891          -            243   2.1e-08   29.1   1.0   3   3   0.00043     0.026    9.1   0.1     3    66    89   149    87   200 0.60 -
145583:484-1188      -            235 21297at4891          -            243   3.9e-07   24.9   0.5   1   5      0.22        13    0.2   0.0    17    59     9    52     6    57 0.74 -
145583:484-1188      -            235 21297at4891          -            243   3.9e-07   24.9   0.5   2   5    0.0056      0.34    5.4   0.1   173   195    52    74    37    83 0.73 -
145583:484-1188      -            235 21297at4891          -            243   3.9e-07   24.9   0.5   3   5    0.0012     0.074    7.6   0.0   174   203   105   134    92   149 0.85 -
145583:484-1188      -            235 21297at4891          -            243   3.9e-07   24.9   0.5   4   5      0.87        53   -1.7   0.0   181   195   163   178   147   188 0.72 -
145583:484-1188      -            235 21297at4891          -            243   3.9e-07   24.9   0.5   5   5    0.0031      0.19    6.3   0.0   178   203   206   231   188   234 0.92 -
145301:241-942       -            234 21297at4891          -            243   1.4e-06   23.0   5.6   1   4      0.18        11    0.5   0.0   179   203    22    46    19    72 0.79 -
145301:241-942       -            234 21297at4891          -            243   1.4e-06   23.0   5.6   2   4    0.0092      0.55    4.7   0.3   178   198   105   125    47   140 0.79 -
145301:241-942       -            234 21297at4891          -            243   1.4e-06   23.0   5.6   3   4   4.2e-05    0.0025   12.4   0.0   179   203   148   172   133   185 0.86 -
145301:241-942       -            234 21297at4891          -            243   1.4e-06   23.0   5.6   4   4    0.0064      0.39    5.2   0.0   179   195   191   207   188   211 0.90 -
140077:5-511         -            169 21297at4891          -            243   1.6e-05   19.6   0.0   1   3   0.00011    0.0069   11.0   0.0    16    87    18    81     2    83 0.84 -
140077:5-511         -            169 21297at4891          -            243   1.6e-05   19.6   0.0   2   3    0.0047      0.29    5.7   0.0   178   198    63    83    45   100 0.64 -
140077:5-511         -            169 21297at4891          -            243   1.6e-05   19.6   0.0   3   3     0.003      0.18    6.3   0.0   178   204   104   130    84   159 0.74 -
145769:0-1415        -            472 21297at4891          -            243   3.9e-05   18.3   5.2   1   4     0.046       2.8    2.4   0.0   140   202    31    93    14   116 0.62 -
145769:0-1415        -            472 21297at4891          -            243   3.9e-05   18.3   5.2   2   4      0.14       8.3    0.9   0.1   111   141    84   115    44   188 0.61 -
145769:0-1415        -            472 21297at4891          -            243   3.9e-05   18.3   5.2   3   4     0.011      0.68    4.4   0.1   178   196   205   223   179   226 0.85 -
145769:0-1415        -            472 21297at4891          -            243   3.9e-05   18.3   5.2   4   4   0.00025     0.015    9.9   0.3   125   211   348   431   338   444 0.77 -
144149:4-795         -            264 21297at4891          -            243   4.2e-05   18.2   1.0   1   3     0.026       1.6    3.3   0.0    18    60    40    79    24    95 0.60 -
144149:4-795         -            264 21297at4891          -            243   4.2e-05   18.2   1.0   2   3     0.066         4    1.9   0.0    70    95   172   197   162   214 0.68 -
144149:4-795         -            264 21297at4891          -            243   4.2e-05   18.2   1.0   3   3    0.0002     0.012   10.1   0.0   178   197   213   232   200   248 0.85 -
145543:193-1188      -            332 21297at4891          -            243   5.5e-05   17.8   0.2   1   3     0.014      0.84    4.1   0.0   179   202    16    39     8    46 0.84 -
145543:193-1188      -            332 21297at4891          -            243   5.5e-05   17.8   0.2   2   3   0.00032      0.02    9.5   0.1   178   210   135   167   133   201 0.81 -
145543:193-1188      -            332 21297at4891          -            243   5.5e-05   17.8   0.2   3   3      0.45        27   -0.8   0.0   178   193   311   326   292   330 0.63 -
145907:260-880       -            207 21297at4891          -            243   0.00028   15.5   0.0   1   3    0.0028      0.17    6.4   0.0   179   195     4    20     2    38 0.88 -
145907:260-880       -            207 21297at4891          -            243   0.00028   15.5   0.0   2   3     0.012       0.7    4.4   0.0   165   194    46    75    41    83 0.72 -
145907:260-880       -            207 21297at4891          -            243   0.00028   15.5   0.0   3   3      0.16       9.9    0.6   0.0    17    32   133   148   125   166 0.76 -
142977:29-619        -            197 21297at4891          -            243    0.0018   12.8   0.6   1   3     0.092       5.6    1.4   0.0   180   201    18    39     8    55 0.82 -
142977:29-619        -            197 21297at4891          -            243    0.0018   12.8   0.6   2   3    0.0053      0.32    5.5   0.0   179   204   106   131   104   140 0.84 -
142977:29-619        -            197 21297at4891          -            243    0.0018   12.8   0.6   3   3     0.049         3    2.3   0.0   179   198   148   167   131   176 0.71 -
#
# Program:         hmmsearch
# Version:         3.1b2 (February 2015)
# Pipeline mode:   SEARCH
# Query file:      /home/jj/Desktop/Bioinformatics/3rd_year/1term/Computational_genomics/Seminars/exercise_04/busco_downloads/lineages/saccharomycetes_odb10/hmms/21297at4891.hmm
# Target file:     /home/jj/Desktop/Bioinformatics/3rd_year/1term/Computational_genomics/Seminars/exercise_04/./busco/SRR7548448/SRR7548448_k63_contigs/run_saccharomycetes_odb10/metaeuk_output/rerun_results/SRR7548448_k63_graph.contig.fa.modified.fas
# Option settings: hmmsearch --domtblout /home/jj/Desktop/Bioinformatics/3rd_year/1term/Computational_genomics/Seminars/exercise_04/./busco/SRR7548448/SRR7548448_k63_contigs/run_saccharomycetes_odb10/hmmer_output/rerun_results/21297at4891.out --cpu 1 /home/jj/Desktop/Bioinformatics/3rd_year/1term/Computational_genomics/Seminars/exercise_04/busco_downloads/lineages/saccharomycetes_odb10/hmms/21297at4891.hmm /home/jj/Desktop/Bioinformatics/3rd_year/1term/Computational_genomics/Seminars/exercise_04/./busco/SRR7548448/SRR7548448_k63_contigs/run_saccharomycetes_odb10/metaeuk_output/rerun_results/SRR7548448_k63_graph.contig.fa.modified.fas 
# Current dir:     /home/jj/Desktop/Bioinformatics/3rd_year/1term/Computational_genomics/Seminars/exercise_04
# Date:            Tue Nov  5 18:54:35 2024
# [ok]
