#                                                                            --- full sequence --- -------------- this domain -------------   hmm coord   ali coord   env coord
# target name        accession   tlen query name           accession   qlen   E-value  score  bias   #  of  c-Evalue  i-Evalue  score  bias  from    to  from    to  from    to  acc description of target
#------------------- ---------- ----- -------------------- ---------- ----- --------- ------ ----- --- --- --------- --------- ------ ----- ----- ----- ----- ----- ----- ----- ---- ---------------------
144461:10-831        -            274 22304at4891          -            256   5.2e-20   66.9   0.9   1   2   1.6e-07   7.1e-06   20.5   0.0   175   255     2    96     1    97 0.78 -
144461:10-831        -            274 22304at4891          -            256   5.2e-20   66.9   0.9   2   2     1e-14   4.6e-13   44.1   0.3    82   234    96   268    89   272 0.75 -
142283:0-563         -            188 22304at4891          -            256   9.7e-15   49.6   0.1   1   2   2.1e-08   9.2e-07   23.5   0.0   168   232     9    79     1   102 0.68 -
142283:0-563         -            188 22304at4891          -            256   9.7e-15   49.6   0.1   2   2   6.3e-09   2.8e-07   25.1   0.0   173   233   109   172    81   184 0.71 -
142839:31-621        -            197 22304at4891          -            256   4.2e-13   44.2   0.7   1   1   3.4e-14   1.5e-12   42.4   0.7    95   244    30   195    22   197 0.81 -
145631:35-901        -            289 22304at4891          -            256   1.1e-11   39.6   5.1   1   2   1.9e-06   8.2e-05   17.1   0.0   169   239     6    79     2    83 0.78 -
145631:35-901        -            289 22304at4891          -            256   1.1e-11   39.6   5.1   2   2   5.1e-08   2.3e-06   22.2   3.6    66   247    76   284    72   289 0.71 -
140361:20-523        -            168 22304at4891          -            256     5e-10   34.2   0.5   1   2   6.1e-07   2.7e-05   18.7   0.2   173   243     8    78     4    91 0.85 -
140361:20-523        -            168 22304at4891          -            256     5e-10   34.2   0.5   2   2   2.8e-06   0.00012   16.5   0.0   145   232    65   167    64   168 0.63 -
144201:52-801        -            250 22304at4891          -            256   5.3e-10   34.1   0.0   1   3   0.00065     0.029    8.7   0.0   193   252    12    71     3    74 0.85 -
144201:52-801        -            250 22304at4891          -            256   5.3e-10   34.1   0.0   2   3   0.00013    0.0058   11.0   0.0   162   247    73   169    68   176 0.70 -
144201:52-801        -            250 22304at4891          -            256   5.3e-10   34.1   0.0   3   3   9.3e-05    0.0041   11.5   0.0   182   231   194   248   176   250 0.77 -
139317:1-486         -            162 22304at4891          -            256   2.7e-09   31.7   0.1   1   1   1.1e-10     5e-09   30.9   0.1   113   244     9   151     6   160 0.73 -
143255:2-670         -            223 22304at4891          -            256   3.3e-09   31.5   0.4   1   2   1.5e-06   6.6e-05   17.4   0.1   154   233    16   108     1   119 0.75 -
143255:2-670         -            223 22304at4891          -            256   3.3e-09   31.5   0.4   2   2   4.7e-05    0.0021   12.5   0.0   177   237   146   212   130   220 0.71 -
143297:47-682        -            212 22304at4891          -            256   1.5e-08   29.3   0.0   1   1   6.2e-10   2.8e-08   28.4   0.0   131   231    79   195    23   209 0.69 -
138951:2-475         -            158 22304at4891          -            256   2.1e-07   25.6   0.4   1   1   8.1e-09   3.6e-07   24.8   0.4    52   187     2   155     1   158 0.73 -
137551:4-429         -            142 22304at4891          -            256   7.8e-05   17.1   0.1   1   3    0.0021     0.093    7.1   0.0   204   235    13    44     5    61 0.80 -
137551:4-429         -            142 22304at4891          -            256   7.8e-05   17.1   0.1   2   3     0.027       1.2    3.4   0.0   176   222    37    83    35    88 0.85 -
137551:4-429         -            142 22304at4891          -            256   7.8e-05   17.1   0.1   3   3    0.0011     0.049    8.0   0.1   180   232    84   140    70   142 0.77 -
144901:425-925       -            167 22304at4891          -            256   0.00012   16.6   0.0   1   1   4.1e-06   0.00018   15.9   0.0   104   202    27   135    18   161 0.63 -
138685:10-465        -            152 22304at4891          -            256   0.00024   15.5   0.0   1   2   0.00069     0.031    8.6   0.0   201   237    34    70     3    85 0.73 -
138685:10-465        -            152 22304at4891          -            256   0.00024   15.5   0.0   2   2    0.0075      0.33    5.2   0.0   184   224   107   152    84   152 0.69 -
142097:117-608       -            164 22304at4891          -            256    0.0021   12.5   0.0   1   2      0.25        11    0.3   0.0   211   247    16    53    11    58 0.79 -
142097:117-608       -            164 22304at4891          -            256    0.0021   12.5   0.0   2   2   0.00015    0.0066   10.8   0.0   169   242    66   151    24   161 0.65 -
141067:1-555         -            185 22304at4891          -            256    0.0023   12.3   0.0   1   2   0.00031     0.014    9.8   0.0   200   250    72   122    27   127 0.73 -
141067:1-555         -            185 22304at4891          -            256    0.0023   12.3   0.0   2   2      0.21       9.4    0.5   0.0    24    40   151   167   128   182 0.77 -
#
# Program:         hmmsearch
# Version:         3.1b2 (February 2015)
# Pipeline mode:   SEARCH
# Query file:      /home/jj/Desktop/Bioinformatics/3rd_year/1term/Computational_genomics/Seminars/exercise_04/busco_downloads/lineages/saccharomycetes_odb10/hmms/22304at4891.hmm
# Target file:     /home/jj/Desktop/Bioinformatics/3rd_year/1term/Computational_genomics/Seminars/exercise_04/./busco/SRR7548448/SRR7548448_k63_contigs/run_saccharomycetes_odb10/metaeuk_output/rerun_results/SRR7548448_k63_graph.contig.fa.modified.fas
# Option settings: hmmsearch --domtblout /home/jj/Desktop/Bioinformatics/3rd_year/1term/Computational_genomics/Seminars/exercise_04/./busco/SRR7548448/SRR7548448_k63_contigs/run_saccharomycetes_odb10/hmmer_output/rerun_results/22304at4891.out --cpu 1 /home/jj/Desktop/Bioinformatics/3rd_year/1term/Computational_genomics/Seminars/exercise_04/busco_downloads/lineages/saccharomycetes_odb10/hmms/22304at4891.hmm /home/jj/Desktop/Bioinformatics/3rd_year/1term/Computational_genomics/Seminars/exercise_04/./busco/SRR7548448/SRR7548448_k63_contigs/run_saccharomycetes_odb10/metaeuk_output/rerun_results/SRR7548448_k63_graph.contig.fa.modified.fas 
# Current dir:     /home/jj/Desktop/Bioinformatics/3rd_year/1term/Computational_genomics/Seminars/exercise_04
# Date:            Tue Nov  5 18:54:37 2024
# [ok]
