#                                                                            --- full sequence --- -------------- this domain -------------   hmm coord   ali coord   env coord
# target name        accession   tlen query name           accession   qlen   E-value  score  bias   #  of  c-Evalue  i-Evalue  score  bias  from    to  from    to  from    to  acc description of target
#------------------- ---------- ----- -------------------- ---------- ----- --------- ------ ----- --- --- --------- --------- ------ ----- ----- ----- ----- ----- ----- ----- ---- ---------------------
139317:1-486         -            162 22313at4891          -            251   6.4e-66  217.4   1.1   1   1   3.6e-66   1.4e-64  213.0   1.1   118   251     1   159     1   159 0.88 -
144461:10-831        -            274 22313at4891          -            251   5.5e-35  116.1   4.7   1   5   1.7e-12   6.5e-11   37.2   0.1   171   248     2    90     1    93 0.80 -
144461:10-831        -            274 22313at4891          -            251   5.5e-35  116.1   4.7   2   5   7.5e-06   0.00029   15.4   0.1    84   121    97   134    94   137 0.88 -
144461:10-831        -            274 22313at4891          -            251   5.5e-35  116.1   4.7   3   5     5e-14   1.9e-12   42.2   0.1   169   233   106   169   103   173 0.90 -
144461:10-831        -            274 22313at4891          -            251   5.5e-35  116.1   4.7   4   5     4e-06   0.00016   16.3   0.1    89   124   195   230   171   239 0.83 -
144461:10-831        -            274 22313at4891          -            251   5.5e-35  116.1   4.7   5   5     4e-05    0.0016   13.0   0.0   203   236   238   271   230   274 0.83 -
144201:52-801        -            250 22313at4891          -            251   8.6e-22   72.8   0.1   1   3   1.1e-08   4.4e-07   24.7   0.0   201   247    21    67    10    71 0.90 -
144201:52-801        -            250 22313at4891          -            251   8.6e-22   72.8   0.1   2   3   1.2e-05   0.00046   14.8   0.0   201   235   124   158    82   172 0.78 -
144201:52-801        -            250 22313at4891          -            251   8.6e-22   72.8   0.1   3   3   3.7e-10   1.4e-08   29.5   0.0   178   232   194   250   178   250 0.85 -
145631:35-901        -            289 22313at4891          -            251   1.9e-19   65.2   0.1   1   3   8.3e-08   3.2e-06   21.8   0.0   173   231    14    72     1    94 0.59 -
145631:35-901        -            289 22313at4891          -            251   1.9e-19   65.2   0.1   2   3   7.9e-08   3.1e-06   21.9   0.0   164   248   103   186    99   189 0.93 -
145631:35-901        -            289 22313at4891          -            251   1.9e-19   65.2   0.1   3   3   1.1e-06   4.2e-05   18.2   0.0    91   240   205   278   194   288 0.54 -
143255:2-670         -            223 22313at4891          -            251   4.7e-18   60.6   0.1   1   1   2.8e-18   1.1e-16   56.1   0.1    11   165    38   220    34   222 0.74 -
143297:47-682        -            212 22313at4891          -            251   3.1e-15   51.3   0.1   1   2   4.8e-06   0.00019   16.0   0.1    95   172    30   118    26   123 0.61 -
143297:47-682        -            212 22313at4891          -            251   3.1e-15   51.3   0.1   2   2   3.2e-11   1.3e-09   33.0   0.0     5    70   130   195   126   212 0.80 -
142283:0-563         -            188 22313at4891          -            251   6.3e-15   50.4   0.0   1   1   1.8e-15   6.9e-14   46.9   0.0     3   166     7   185     5   187 0.78 -
140361:20-523        -            168 22313at4891          -            251   1.9e-14   48.8   0.4   1   2   7.9e-09   3.1e-07   25.2   0.2    95   174    10    89     3    93 0.87 -
140361:20-523        -            168 22313at4891          -            251   1.9e-14   48.8   0.4   2   2   6.7e-08   2.6e-06   22.1   0.0    95   153   108   168    95   168 0.82 -
144901:425-925       -            167 22313at4891          -            251   3.5e-14   47.9   0.1   1   1   3.6e-15   1.4e-13   45.9   0.1    14   145    19   155    14   167 0.80 -
142839:31-621        -            197 22313at4891          -            251   8.7e-14   46.6   0.3   1   2   2.8e-09   1.1e-07   26.6   0.1   169   246    27   106    17   112 0.66 -
142839:31-621        -            197 22313at4891          -            251   8.7e-14   46.6   0.3   2   2     1e-06   4.1e-05   18.2   0.0    10    64   125   176   116   197 0.81 -
138951:2-475         -            158 22313at4891          -            251   2.6e-12   41.8   0.8   1   2     0.076         3    2.3   0.0   221   241     2    22     1    32 0.83 -
138951:2-475         -            158 22313at4891          -            251   2.6e-12   41.8   0.8   2   2   7.8e-13     3e-11   38.3   0.1     5    90    40   134    36   158 0.78 -
138685:10-465        -            152 22313at4891          -            251   3.8e-11   38.0   0.1   1   2   1.5e-05   0.00057   14.5   0.0   201   237    35    71     5    85 0.82 -
138685:10-465        -            152 22313at4891          -            251   3.8e-11   38.0   0.1   2   2   1.2e-07   4.8e-06   21.3   0.1   178   223   105   152    92   152 0.82 -
142097:117-608       -            164 22313at4891          -            251   1.7e-10   35.8   0.0   1   2     0.008      0.31    5.5   0.0   210   247    16    54     7    59 0.77 -
142097:117-608       -            164 22313at4891          -            251   1.7e-10   35.8   0.0   2   2   1.8e-09   6.9e-08   27.3   0.0   155   245    58   155    56   161 0.77 -
141067:1-555         -            185 22313at4891          -            251     1e-08   30.0   0.0   1   2   2.1e-05   0.00084   13.9   0.0   201   235    74   108    66   121 0.85 -
141067:1-555         -            185 22313at4891          -            251     1e-08   30.0   0.0   2   2   3.5e-05    0.0014   13.2   0.0   175   217   141   185   129   185 0.80 -
137551:4-429         -            142 22313at4891          -            251   2.8e-08   28.6   0.1   1   1   1.1e-08   4.3e-07   24.7   0.1    42   153    12   141     7   142 0.68 -
139299:2-484         -            161 22313at4891          -            251   2.2e-05   19.1   0.1   1   2   8.5e-07   3.3e-05   18.5   0.0    96   168    41   117     6   128 0.82 -
139299:2-484         -            161 22313at4891          -            251   2.2e-05   19.1   0.1   2   2       4.6   1.8e+02   -3.6   0.0   175   191   143   159   139   160 0.62 -
138411:3-458         -            152 22313at4891          -            251   3.3e-05   18.5   0.0   1   1   1.2e-06   4.7e-05   18.0   0.0     6    62    86   149    81   152 0.81 -
#
# Program:         hmmsearch
# Version:         3.1b2 (February 2015)
# Pipeline mode:   SEARCH
# Query file:      /home/jj/Desktop/Bioinformatics/3rd_year/1term/Computational_genomics/Seminars/exercise_04/busco_downloads/lineages/saccharomycetes_odb10/hmms/22313at4891.hmm
# Target file:     /home/jj/Desktop/Bioinformatics/3rd_year/1term/Computational_genomics/Seminars/exercise_04/./busco/SRR7548448/SRR7548448_k63_contigs/run_saccharomycetes_odb10/metaeuk_output/rerun_results/SRR7548448_k63_graph.contig.fa.modified.fas
# Option settings: hmmsearch --domtblout /home/jj/Desktop/Bioinformatics/3rd_year/1term/Computational_genomics/Seminars/exercise_04/./busco/SRR7548448/SRR7548448_k63_contigs/run_saccharomycetes_odb10/hmmer_output/rerun_results/22313at4891.out --cpu 1 /home/jj/Desktop/Bioinformatics/3rd_year/1term/Computational_genomics/Seminars/exercise_04/busco_downloads/lineages/saccharomycetes_odb10/hmms/22313at4891.hmm /home/jj/Desktop/Bioinformatics/3rd_year/1term/Computational_genomics/Seminars/exercise_04/./busco/SRR7548448/SRR7548448_k63_contigs/run_saccharomycetes_odb10/metaeuk_output/rerun_results/SRR7548448_k63_graph.contig.fa.modified.fas 
# Current dir:     /home/jj/Desktop/Bioinformatics/3rd_year/1term/Computational_genomics/Seminars/exercise_04
# Date:            Tue Nov  5 18:54:42 2024
# [ok]
