#                                                                            --- full sequence --- -------------- this domain -------------   hmm coord   ali coord   env coord
# target name        accession   tlen query name           accession   qlen   E-value  score  bias   #  of  c-Evalue  i-Evalue  score  bias  from    to  from    to  from    to  acc description of target
#------------------- ---------- ----- -------------------- ---------- ----- --------- ------ ----- --- --- --------- --------- ------ ----- ----- ----- ----- ----- ----- ----- ---- ---------------------
143663:88-690        -            201 23253at4891          -            314   9.2e-08   26.8   0.3   1   4     0.052       8.6    0.6   0.0   243   262     2    21     1    24 0.87 -
143663:88-690        -            201 23253at4891          -            314   9.2e-08   26.8   0.3   2   4   8.6e-05     0.014    9.7   0.0   215   266    35    89    20    99 0.71 -
143663:88-690        -            201 23253at4891          -            314   9.2e-08   26.8   0.3   3   4   1.1e-05    0.0019   12.6   0.1   240   308   103   175    88   182 0.77 -
143663:88-690        -            201 23253at4891          -            314   9.2e-08   26.8   0.3   4   4     0.017       2.8    2.2   0.0    45    99   146   200   141   201 0.70 -
145821:41-862        -            274 23253at4891          -            314     6e-07   24.1   0.0   1   5    0.0004     0.067    7.5   0.1   218   270    10    66     3    74 0.71 -
145821:41-862        -            274 23253at4891          -            314     6e-07   24.1   0.0   2   5    0.0001     0.017    9.5   0.1   199   261    31    97    27   113 0.75 -
145821:41-862        -            274 23253at4891          -            314     6e-07   24.1   0.0   3   5   0.00069      0.12    6.7   0.0   247   304   124   187   119   197 0.68 -
145821:41-862        -            274 23253at4891          -            314     6e-07   24.1   0.0   4   5      0.11        18   -0.4   0.0   243   265   209   231   204   240 0.85 -
145821:41-862        -            274 23253at4891          -            314     6e-07   24.1   0.0   5   5      0.13        22   -0.7   0.0   243   266   249   272   212   274 0.66 -
145301:241-942       -            234 23253at4891          -            314   7.7e-06   20.5   0.0   1   3     0.012       2.1    2.6   0.0   240   268    19    47     5    52 0.85 -
145301:241-942       -            234 23253at4891          -            314   7.7e-06   20.5   0.0   2   3   0.00027     0.045    8.1   0.0   242   273   105   136    98   146 0.89 -
145301:241-942       -            234 23253at4891          -            314   7.7e-06   20.5   0.0   3   3    0.0014      0.24    5.7   0.0   241   260   189   208   160   211 0.90 -
140847:1-537         -            179 23253at4891          -            314   0.00052   14.5   0.0   1   3   3.1e-05    0.0052   11.2   0.0   241   260    15    34    12    38 0.89 -
140847:1-537         -            179 23253at4891          -            314   0.00052   14.5   0.0   2   3      0.08        13   -0.0   0.0   242   260    65    83    59    87 0.85 -
140847:1-537         -            179 23253at4891          -            314   0.00052   14.5   0.0   3   3      0.36        59   -2.2   0.0   240   260   117   137   106   157 0.71 -
#
# Program:         hmmsearch
# Version:         3.1b2 (February 2015)
# Pipeline mode:   SEARCH
# Query file:      /home/jj/Desktop/Bioinformatics/3rd_year/1term/Computational_genomics/Seminars/exercise_04/busco_downloads/lineages/saccharomycetes_odb10/hmms/23253at4891.hmm
# Target file:     /home/jj/Desktop/Bioinformatics/3rd_year/1term/Computational_genomics/Seminars/exercise_04/./busco/SRR7548448/SRR7548448_k63_contigs/run_saccharomycetes_odb10/metaeuk_output/rerun_results/SRR7548448_k63_graph.contig.fa.modified.fas
# Option settings: hmmsearch --domtblout /home/jj/Desktop/Bioinformatics/3rd_year/1term/Computational_genomics/Seminars/exercise_04/./busco/SRR7548448/SRR7548448_k63_contigs/run_saccharomycetes_odb10/hmmer_output/rerun_results/23253at4891.out --cpu 1 /home/jj/Desktop/Bioinformatics/3rd_year/1term/Computational_genomics/Seminars/exercise_04/busco_downloads/lineages/saccharomycetes_odb10/hmms/23253at4891.hmm /home/jj/Desktop/Bioinformatics/3rd_year/1term/Computational_genomics/Seminars/exercise_04/./busco/SRR7548448/SRR7548448_k63_contigs/run_saccharomycetes_odb10/metaeuk_output/rerun_results/SRR7548448_k63_graph.contig.fa.modified.fas 
# Current dir:     /home/jj/Desktop/Bioinformatics/3rd_year/1term/Computational_genomics/Seminars/exercise_04
# Date:            Tue Nov  5 18:54:27 2024
# [ok]
