#                                                                            --- full sequence --- -------------- this domain -------------   hmm coord   ali coord   env coord
# target name        accession   tlen query name           accession   qlen   E-value  score  bias   #  of  c-Evalue  i-Evalue  score  bias  from    to  from    to  from    to  acc description of target
#------------------- ---------- ----- -------------------- ---------- ----- --------- ------ ----- --- --- --------- --------- ------ ----- ----- ----- ----- ----- ----- ----- ---- ---------------------
144573:43-693        -            217 23380at4891          -            224   6.7e-44  145.4   0.0   1   1   8.5e-46   8.1e-44  145.1   0.0     8   205     1   201     1   213 0.89 -
136961:13-417        -            135 23380at4891          -            224   7.7e-29   96.2   0.0   1   1   8.6e-31   8.2e-29   96.1   0.0     7   114     7   114     1   135 0.89 -
140209:2-517         -            172 23380at4891          -            224   4.4e-18   61.0   0.0   1   1   5.7e-20   5.4e-18   60.7   0.0    88   204     3   117     1   133 0.90 -
144799:408-905       -            166 23380at4891          -            224   5.8e-10   34.4   0.0   1   1   8.1e-12   7.7e-10   34.0   0.0   134   207     7    85     4    99 0.84 -
143233:108-632       -            175 23380at4891          -            224   9.7e-10   33.7   0.1   1   1   7.5e-11   7.1e-09   30.8   0.1    38   201     1   157     1   175 0.85 -
139905:25-507        -            161 23380at4891          -            224   4.3e-06   21.7   0.0   1   1   6.5e-08   6.2e-06   21.2   0.0    31   114    72   156    67   161 0.88 -
145643:120-728       -            203 23380at4891          -            224    0.0016   13.3   0.0   1   1   2.2e-05    0.0021   13.0   0.0    36   124     9    99     4   127 0.84 -
#
# Program:         hmmsearch
# Version:         3.1b2 (February 2015)
# Pipeline mode:   SEARCH
# Query file:      /home/jj/Desktop/Bioinformatics/3rd_year/1term/Computational_genomics/Seminars/exercise_04/busco_downloads/lineages/saccharomycetes_odb10/hmms/23380at4891.hmm
# Target file:     /home/jj/Desktop/Bioinformatics/3rd_year/1term/Computational_genomics/Seminars/exercise_04/./busco/SRR7548448/SRR7548448_k63_contigs/run_saccharomycetes_odb10/metaeuk_output/rerun_results/SRR7548448_k63_graph.contig.fa.modified.fas
# Option settings: hmmsearch --domtblout /home/jj/Desktop/Bioinformatics/3rd_year/1term/Computational_genomics/Seminars/exercise_04/./busco/SRR7548448/SRR7548448_k63_contigs/run_saccharomycetes_odb10/hmmer_output/rerun_results/23380at4891.out --cpu 1 /home/jj/Desktop/Bioinformatics/3rd_year/1term/Computational_genomics/Seminars/exercise_04/busco_downloads/lineages/saccharomycetes_odb10/hmms/23380at4891.hmm /home/jj/Desktop/Bioinformatics/3rd_year/1term/Computational_genomics/Seminars/exercise_04/./busco/SRR7548448/SRR7548448_k63_contigs/run_saccharomycetes_odb10/metaeuk_output/rerun_results/SRR7548448_k63_graph.contig.fa.modified.fas 
# Current dir:     /home/jj/Desktop/Bioinformatics/3rd_year/1term/Computational_genomics/Seminars/exercise_04
# Date:            Tue Nov  5 18:54:15 2024
# [ok]
