#                                                                            --- full sequence --- -------------- this domain -------------   hmm coord   ali coord   env coord
# target name        accession   tlen query name           accession   qlen   E-value  score  bias   #  of  c-Evalue  i-Evalue  score  bias  from    to  from    to  from    to  acc description of target
#------------------- ---------- ----- -------------------- ---------- ----- --------- ------ ----- --- --- --------- --------- ------ ----- ----- ----- ----- ----- ----- ----- ---- ---------------------
145769:0-1415        -            472 2368at4891           -            707     6e-27   89.5   4.8   1   4   3.9e-09     1e-07   26.0   0.1   381   495    51   175    28   179 0.82 -
145769:0-1415        -            472 2368at4891           -            707     6e-27   89.5   4.8   2   4     0.085       2.3    1.7   0.0   379   415   186   222   179   227 0.86 -
145769:0-1415        -            472 2368at4891           -            707     6e-27   89.5   4.8   3   4   4.7e-13   1.2e-11   38.9   0.0   376   503   251   382   240   385 0.85 -
145769:0-1415        -            472 2368at4891           -            707     6e-27   89.5   4.8   4   4   2.6e-07     7e-06   19.9   0.2   465   534   386   459   383   462 0.81 -
145301:241-942       -            234 2368at4891           -            707   2.8e-26   87.3   9.4   1   4   3.5e-09   9.3e-08   26.1   0.3   463   533     4    76     2    82 0.85 -
145301:241-942       -            234 2368at4891           -            707   2.8e-26   87.3   9.4   2   4   1.2e-08   3.1e-07   24.4   0.1   464   501    89   126    84   130 0.92 -
145301:241-942       -            234 2368at4891           -            707   2.8e-26   87.3   9.4   3   4   1.8e-08   4.7e-07   23.8   0.2   462   500   129   167   124   173 0.90 -
145301:241-942       -            234 2368at4891           -            707   2.8e-26   87.3   9.4   4   4   4.4e-06   0.00012   15.8   0.0   464   496   173   206   166   210 0.86 -
145821:41-862        -            274 2368at4891           -            707   2.8e-21   70.8  19.1   1   5   1.6e-10   4.2e-09   30.6   0.7   447   503     6    61     2    63 0.91 -
145821:41-862        -            274 2368at4891           -            707   2.8e-21   70.8  19.1   2   5    0.0071      0.19    5.2   0.1   464   500    64    98    62   101 0.82 -
145821:41-862        -            274 2368at4891           -            707   2.8e-21   70.8  19.1   3   5   2.8e-06   7.4e-05   16.5   0.3   464   505   103   144   100   154 0.91 -
145821:41-862        -            274 2368at4891           -            707   2.8e-21   70.8  19.1   4   5   6.8e-06   0.00018   15.2   0.1   480   501   208   229   200   233 0.90 -
145821:41-862        -            274 2368at4891           -            707   2.8e-21   70.8  19.1   5   5   1.3e-05   0.00035   14.3   0.2   462   504   232   272   230   273 0.83 -
144149:4-795         -            264 2368at4891           -            707   4.9e-17   56.8   2.2   1   2   1.2e-14   3.2e-13   44.2   1.1   345   500    28   191    15   196 0.84 -
144149:4-795         -            264 2368at4891           -            707   4.9e-17   56.8   2.2   2   2   0.00017    0.0046   10.6   0.0   458   516   191   254   189   261 0.81 -
143663:88-690        -            201 2368at4891           -            707   5.8e-15   49.9   3.7   1   2   4.1e-07   1.1e-05   19.2   0.1   480   520     1    42     1    53 0.80 -
143663:88-690        -            201 2368at4891           -            707   5.8e-15   49.9   3.7   2   2     1e-10   2.8e-09   31.1   0.7   441   498    67   123    58   127 0.88 -
140077:5-511         -            169 2368at4891           -            707   8.5e-14   46.1   0.1   1   2   1.3e-10   3.4e-09   30.9   0.1   425   496     6    79     3    83 0.82 -
140077:5-511         -            169 2368at4891           -            707   8.5e-14   46.1   0.1   2   2     2e-05   0.00053   13.7   0.0   461   529    85   157    78   165 0.75 -
140847:1-537         -            179 2368at4891           -            707   3.9e-12   40.6   0.9   1   3   4.2e-06   0.00011   15.9   0.0   469   502     4    38     1    41 0.87 -
140847:1-537         -            179 2368at4891           -            707   3.9e-12   40.6   0.9   2   3   6.4e-06   0.00017   15.3   0.1   464   496    49    81    46    85 0.94 -
140847:1-537         -            179 2368at4891           -            707   3.9e-12   40.6   0.9   3   3    0.0024     0.064    6.8   0.0   460   499    99   138    94   155 0.91 -
144137:68-793        -            242 2368at4891           -            707   6.7e-12   39.8   0.3   1   1   3.1e-13   8.2e-12   39.5   0.3   352   503    88   241    67   242 0.86 -
143313:52-507        -            152 2368at4891           -            707     4e-11   37.2   5.5   1   3       0.6        16   -1.1   0.0   269   287     2    20     1    26 0.66 -
143313:52-507        -            152 2368at4891           -            707     4e-11   37.2   5.5   2   3   1.2e-08   3.2e-07   24.3   0.1   460   500    27    68    19    72 0.91 -
143313:52-507        -            152 2368at4891           -            707     4e-11   37.2   5.5   3   3   6.4e-06   0.00017   15.3   0.2   461   502    71   111    68   130 0.90 -
145543:193-1188      -            332 2368at4891           -            707   6.5e-11   36.5   4.5   1   4    0.0068      0.18    5.3   0.0   469   496     4    31     1    38 0.90 -
145543:193-1188      -            332 2368at4891           -            707   6.5e-11   36.5   4.5   2   4   6.1e-05    0.0016   12.1   0.0   465   495    62    92    57    96 0.94 -
145543:193-1188      -            332 2368at4891           -            707   6.5e-11   36.5   4.5   3   4   0.00036    0.0095    9.5   0.3   461   496   116   151   110   156 0.90 -
145543:193-1188      -            332 2368at4891           -            707   6.5e-11   36.5   4.5   4   4   0.00063     0.017    8.7   0.1   378   416   157   195   150   208 0.90 -
143819:146-751       -            202 2368at4891           -            707   1.4e-10   35.5   0.2   1   3   8.6e-11   2.3e-09   31.4   0.0   425   520    10   108     1   118 0.86 -
143819:146-751       -            202 2368at4891           -            707   1.4e-10   35.5   0.2   2   3      0.69        18   -1.3   0.0   183   206   117   140   112   153 0.82 -
143819:146-751       -            202 2368at4891           -            707   1.4e-10   35.5   0.2   3   3      0.29       7.8   -0.1   0.0   475   498   162   185   146   201 0.59 -
142977:29-619        -            197 2368at4891           -            707   2.8e-09   31.1   0.0   1   1   1.4e-10   3.7e-09   30.7   0.0   345   497     5   164     1   174 0.85 -
141381:50-520        -            157 2368at4891           -            707   5.1e-09   30.3   0.5   1   2     0.011      0.29    4.6   0.0   448   499    46    98    21   104 0.73 -
141381:50-520        -            157 2368at4891           -            707   5.1e-09   30.3   0.5   2   2   6.7e-10   1.8e-08   28.5   0.3   434   501    75   142    69   148 0.85 -
144947:189-947       -            253 2368at4891           -            707   2.5e-07   24.7   0.0   1   2   5.5e-05    0.0015   12.2   0.0   359   493    21   165    18   170 0.79 -
144947:189-947       -            253 2368at4891           -            707   2.5e-07   24.7   0.0   2   2   0.00015    0.0039   10.8   0.0   360   405   208   253   167   253 0.95 -
143505:234-713       -            160 2368at4891           -            707   2.8e-07   24.5   2.4   1   3   1.2e-05   0.00032   14.4   0.1   462   498    15    51     3    57 0.88 -
143505:234-713       -            160 2368at4891           -            707   2.8e-07   24.5   2.4   2   3    0.0005     0.013    9.1   0.4   464   509    59   108    56   129 0.68 -
143505:234-713       -            160 2368at4891           -            707   2.8e-07   24.5   2.4   3   3      0.24       6.4    0.2   0.0   178   200   116   139   105   150 0.60 -
143253:125-688       -            188 2368at4891           -            707   6.8e-07   23.2   0.0   1   1   3.4e-08   9.1e-07   22.8   0.0   386   496    26   140     2   149 0.83 -
145907:260-880       -            207 2368at4891           -            707   1.7e-06   22.0   0.0   1   3     0.036      0.96    2.9   0.0   418   482    37   106    27   112 0.74 -
145907:260-880       -            207 2368at4891           -            707   1.7e-06   22.0   0.0   2   3   7.8e-05    0.0021   11.7   0.0   468   501   121   154   117   158 0.90 -
145907:260-880       -            207 2368at4891           -            707   1.7e-06   22.0   0.0   3   3     0.019      0.49    3.9   0.0   383   413   160   190   155   207 0.81 -
144489:26-847        -            274 2368at4891           -            707   3.2e-05   17.7   0.7   1   2    0.0034      0.09    6.3   0.3   477   498     7    28     3    42 0.86 -
144489:26-847        -            274 2368at4891           -            707   3.2e-05   17.7   0.7   2   2    0.0018     0.048    7.2   0.0   439   497   117   178   112   184 0.82 -
143977:73-726        -            218 2368at4891           -            707   4.4e-05   17.2   1.2   1   3   0.00019    0.0051   10.4   0.0   169   226    29    82    15    89 0.78 -
143977:73-726        -            218 2368at4891           -            707   4.4e-05   17.2   1.2   2   3     0.027      0.71    3.3   0.0   381   414   103   136    99   156 0.85 -
143977:73-726        -            218 2368at4891           -            707   4.4e-05   17.2   1.2   3   3      0.13       3.5    1.0   0.1   465   524   147   211   137   215 0.75 -
144067:217-762       -            182 2368at4891           -            707   0.00019   15.1   5.5   1   2   1.2e-05   0.00033   14.4   1.9   439   502    67   137    40   151 0.74 -
144067:217-762       -            182 2368at4891           -            707   0.00019   15.1   5.5   2   2     0.087       2.3    1.6   0.1   468   499   145   174   140   178 0.76 -
145365:0-995         -            332 2368at4891           -            707   0.00057   13.6   1.2   1   4       3.7        99   -3.7   0.0   463   476    60    74    19    98 0.60 -
145365:0-995         -            332 2368at4891           -            707   0.00057   13.6   1.2   2   4      0.62        17   -1.2   0.0   469   499   209   240   199   246 0.84 -
145365:0-995         -            332 2368at4891           -            707   0.00057   13.6   1.2   3   4   0.00077      0.02    8.4   0.2   481   503   267   289   255   297 0.81 -
145365:0-995         -            332 2368at4891           -            707   0.00057   13.6   1.2   4   4     0.086       2.3    1.7   0.0   394   416   307   329   290   332 0.75 -
141623:9-581         -            191 2368at4891           -            707   0.00069   13.3   1.1   1   3       1.1        29   -2.0   0.0   480   499     6    25     3    31 0.87 -
141623:9-581         -            191 2368at4891           -            707   0.00069   13.3   1.1   2   3     0.022      0.59    3.6   0.0   164   205    35    75    24    97 0.80 -
141623:9-581         -            191 2368at4891           -            707   0.00069   13.3   1.1   3   3   0.00033    0.0088    9.7   0.2   408   497    58   149    53   152 0.69 -
145583:484-1188      -            235 2368at4891           -            707    0.0017   12.0   0.8   1   2     0.002     0.054    7.1   0.1   204   238    40    73     5   134 0.63 -
145583:484-1188      -            235 2368at4891           -            707    0.0017   12.0   0.8   2   2     0.017      0.45    4.0   0.1   440   494   159   220   103   227 0.67 -
144733:1-888         -            296 2368at4891           -            707    0.0023   11.6   0.5   1   2    0.0077       0.2    5.1   0.1   481   499   123   141   108   152 0.85 -
144733:1-888         -            296 2368at4891           -            707    0.0023   11.6   0.5   2   2     0.014      0.36    4.3   0.0   428   477   216   265   174   285 0.63 -
144541:4-777         -            258 2368at4891           -            707    0.0077    9.8  10.2   1   4      0.04       1.1    2.8   0.1   458   493    21    56     4    60 0.79 -
144541:4-777         -            258 2368at4891           -            707    0.0077    9.8  10.2   2   4   0.00039      0.01    9.4   0.1   464   495    76   107    71   121 0.89 -
144541:4-777         -            258 2368at4891           -            707    0.0077    9.8  10.2   3   4     0.077       2.1    1.8   0.2   465   493   123   151   113   164 0.90 -
144541:4-777         -            258 2368at4891           -            707    0.0077    9.8  10.2   4   4       2.4        63   -3.1   0.0   382   412   219   248   218   251 0.85 -
#
# Program:         hmmsearch
# Version:         3.1b2 (February 2015)
# Pipeline mode:   SEARCH
# Query file:      /home/jj/Desktop/Bioinformatics/3rd_year/1term/Computational_genomics/Seminars/exercise_04/busco_downloads/lineages/saccharomycetes_odb10/hmms/2368at4891.hmm
# Target file:     /home/jj/Desktop/Bioinformatics/3rd_year/1term/Computational_genomics/Seminars/exercise_04/./busco/SRR7548448/SRR7548448_k63_contigs/run_saccharomycetes_odb10/metaeuk_output/rerun_results/SRR7548448_k63_graph.contig.fa.modified.fas
# Option settings: hmmsearch --domtblout /home/jj/Desktop/Bioinformatics/3rd_year/1term/Computational_genomics/Seminars/exercise_04/./busco/SRR7548448/SRR7548448_k63_contigs/run_saccharomycetes_odb10/hmmer_output/rerun_results/2368at4891.out --cpu 1 /home/jj/Desktop/Bioinformatics/3rd_year/1term/Computational_genomics/Seminars/exercise_04/busco_downloads/lineages/saccharomycetes_odb10/hmms/2368at4891.hmm /home/jj/Desktop/Bioinformatics/3rd_year/1term/Computational_genomics/Seminars/exercise_04/./busco/SRR7548448/SRR7548448_k63_contigs/run_saccharomycetes_odb10/metaeuk_output/rerun_results/SRR7548448_k63_graph.contig.fa.modified.fas 
# Current dir:     /home/jj/Desktop/Bioinformatics/3rd_year/1term/Computational_genomics/Seminars/exercise_04
# Date:            Tue Nov  5 18:54:28 2024
# [ok]
