#                                                                            --- full sequence --- -------------- this domain -------------   hmm coord   ali coord   env coord
# target name        accession   tlen query name           accession   qlen   E-value  score  bias   #  of  c-Evalue  i-Evalue  score  bias  from    to  from    to  from    to  acc description of target
#------------------- ---------- ----- -------------------- ---------- ----- --------- ------ ----- --- --- --------- --------- ------ ----- ----- ----- ----- ----- ----- ----- ---- ---------------------
138573:6-455         -            150 2373at4891           -            429   4.8e-76  251.6   0.0   1   1   2.8e-77   5.3e-76  251.5   0.0   127   266     1   150     1   150 0.96 -
144839:7-642         -            212 2373at4891           -            429   1.6e-41  137.8   0.0   1   1   9.7e-43   1.8e-41  137.6   0.0    78   273     2   201     1   211 0.92 -
144977:40-684        -            215 2373at4891           -            429   2.7e-38  127.2   0.2   1   2   1.5e-10   2.9e-09   31.6   0.1    92   159     2    70     1    91 0.87 -
144977:40-684        -            215 2373at4891           -            429   2.7e-38  127.2   0.2   2   2   1.4e-29   2.7e-28   94.3   0.0   159   271    97   214    85   215 0.92 -
144797:1-714         -            238 2373at4891           -            429   1.1e-35  118.6   0.0   1   1   6.9e-37   1.3e-35  118.3   0.0    98   272     4   193     1   207 0.88 -
137929:9-443         -            145 2373at4891           -            429     2e-34  114.4   0.0   1   1   1.3e-35   2.4e-34  114.2   0.0   110   237     2   136     1   142 0.92 -
145155:2-835         -            278 2373at4891           -            429   2.6e-33  110.8   0.0   1   1   1.7e-34   3.1e-33  110.5   0.0    28   270    14   277     8   278 0.80 -
137919:7-429         -            141 2373at4891           -            429   6.5e-29   96.3   0.0   1   1   3.6e-30   6.8e-29   96.2   0.0   139   261     1   129     1   141 0.89 -
141063:9-554         -            182 2373at4891           -            429   1.1e-27   92.3   0.0   1   1   6.3e-29   1.2e-27   92.1   0.0    50   220     1   180     1   182 0.88 -
145175:14-847        -            278 2373at4891           -            429   2.1e-26   88.0   0.0   1   1   1.1e-25   2.2e-24   81.4   0.0    27   270     2   276     1   278 0.77 -
139915:3-470         -            156 2373at4891           -            429   5.4e-25   83.4   0.0   1   2   5.5e-14   1.1e-12   42.9   0.0   102   171     2    74     1    78 0.93 -
139915:3-470         -            156 2373at4891           -            429   5.4e-25   83.4   0.0   2   2   9.8e-13   1.9e-11   38.8   0.0   176   229   100   153    92   156 0.91 -
140939:17-526        -            170 2373at4891           -            429   5.5e-24   80.1   0.0   1   1   3.7e-24   7.1e-23   76.4   0.0   122   259     1   169     1   170 0.76 -
144479:2-847         -            282 2373at4891           -            429   1.1e-23   79.1   0.1   1   2    0.0015     0.029    8.5   0.0   142   157    36    51    32    62 0.88 -
144479:2-847         -            282 2373at4891           -            429   1.1e-23   79.1   0.1   2   2   8.3e-22   1.6e-20   68.7   0.0   159   279    95   219    90   245 0.89 -
143795:67-747        -            227 2373at4891           -            429   1.5e-22   75.3   0.0   1   2   6.7e-12   1.3e-10   36.0   0.0   100   175     1    79     1    90 0.89 -
143795:67-747        -            227 2373at4891           -            429   1.5e-22   75.3   0.0   2   2   2.4e-12   4.6e-11   37.5   0.0   176   272   116   218   105   224 0.85 -
139911:55-507        -            151 2373at4891           -            429   1.7e-22   75.1   0.0   1   1   1.7e-23   3.3e-22   74.2   0.0   132   262     2   150     1   151 0.82 -
143027:172-651       -            160 2373at4891           -            429     2e-22   74.9   0.1   1   1   1.2e-23   2.4e-22   74.7   0.1    27   167     2   151     1   158 0.87 -
138105:16-444        -            143 2373at4891           -            429   2.9e-22   74.4   0.1   1   1   1.7e-23   3.2e-22   74.3   0.1    31   167     2   142     1   143 0.92 -
143351:5-469         -            155 2373at4891           -            429   5.1e-21   70.3   0.0   1   1   2.7e-22   5.1e-21   70.3   0.0    46   168    22   155     1   155 0.79 -
136307:2-403         -            134 2373at4891           -            429   7.5e-21   69.7   0.2   1   1   4.2e-22     8e-21   69.6   0.2    32   160     1   132     1   134 0.89 -
144279:254-808       -            185 2373at4891           -            429   9.5e-21   69.4   0.1   1   2   3.2e-21   6.1e-20   66.7   0.0   125   226     1   111     1   128 0.85 -
144279:254-808       -            185 2373at4891           -            429   9.5e-21   69.4   0.1   2   2      0.33       6.3    0.8   0.0   244   272   156   184   137   185 0.85 -
143033:187-669       -            161 2373at4891           -            429   1.5e-19   65.5   0.1   1   1   8.4e-21   1.6e-19   65.4   0.1    32   184     3   161     1   161 0.85 -
142899:7-642         -            212 2373at4891           -            429   5.2e-19   63.7   0.0   1   1   3.6e-20   6.9e-19   63.3   0.0   124   218    36   138    22   156 0.83 -
143975:1-471         -            157 2373at4891           -            429   7.8e-19   63.1   0.5   1   1   4.9e-20   9.4e-19   62.8   0.5    24   154    24   157    18   157 0.92 -
138137:12-449        -            146 2373at4891           -            429   3.6e-18   60.9   0.0   1   1   2.1e-19     4e-18   60.8   0.0    49   187     1   146     1   146 0.94 -
141797:1-591         -            197 2373at4891           -            429   4.6e-18   60.6   0.0   1   1   2.8e-19   5.2e-18   60.4   0.0    98   270     5   196     2   197 0.80 -
136623:8-412         -            135 2373at4891           -            429   6.5e-18   60.1   0.1   1   1     9e-19   1.7e-17   58.7   0.1   171   267    39   134     2   135 0.88 -
143305:7-633         -            209 2373at4891           -            429   8.3e-18   59.7   0.0   1   2   4.4e-16   8.3e-15   49.8   0.0   126   220     2   114     1   122 0.78 -
143305:7-633         -            209 2373at4891           -            429   8.3e-18   59.7   0.0   2   2     0.004     0.075    7.1   0.0   240   273   165   198   157   207 0.86 -
142181:21-614        -            198 2373at4891           -            429   1.9e-15   51.9   0.5   1   1   1.3e-16   2.6e-15   51.5   0.5    57   169    38   165     1   198 0.73 -
141463:27-569        -            181 2373at4891           -            429   2.5e-15   51.5   0.0   1   1   1.7e-16   3.2e-15   51.2   0.0   120   217    37   142     3   152 0.88 -
144845:209-790       -            194 2373at4891           -            429   1.1e-13   46.1   0.5   1   1     7e-15   1.3e-13   45.9   0.5    36   157    45   173    28   192 0.74 -
139477:0-491         -            164 2373at4891           -            429   6.1e-10   33.8   0.0   1   2   7.3e-09   1.4e-07   26.0   0.0   160   250     1   107     1   119 0.69 -
139477:0-491         -            164 2373at4891           -            429   6.1e-10   33.8   0.0   2   2    0.0072      0.14    6.3   0.0   235   272   120   157   115   163 0.87 -
144109:7-732         -            242 2373at4891           -            429   9.3e-10   33.2   0.4   1   2   1.4e-10   2.7e-09   31.7   0.0   128   206    10   108     4   113 0.78 -
144109:7-732         -            242 2373at4891           -            429   9.3e-10   33.2   0.4   2   2       1.9        36   -1.7   0.1   217   267   186   237   184   239 0.72 -
145735:713-1261      -            183 2373at4891           -            429   2.4e-07   25.2   0.0   1   1   1.9e-08   3.7e-07   24.6   0.0   126   215    26   141     7   147 0.67 -
142343:154-603       -            150 2373at4891           -            429   6.6e-06   20.5   0.0   1   1   4.4e-07   8.3e-06   20.2   0.0   120   217    34   150    12   150 0.81 -
143007:66-662        -            199 2373at4891           -            429   1.3e-05   19.5   0.0   1   1   7.1e-07   1.3e-05   19.5   0.0   109   168    82   148     1   199 0.72 -
138777:77-469        -            131 2373at4891           -            429    0.0017   12.5   0.4   1   2      0.01       0.2    5.8   0.0   132   155     4    27     1    36 0.85 -
138777:77-469        -            131 2373at4891           -            429    0.0017   12.5   0.4   2   2      0.02      0.39    4.8   0.1   191   215   107   131    37   131 0.78 -
#
# Program:         hmmsearch
# Version:         3.1b2 (February 2015)
# Pipeline mode:   SEARCH
# Query file:      /home/jj/Desktop/Bioinformatics/3rd_year/1term/Computational_genomics/Seminars/exercise_04/busco_downloads/lineages/saccharomycetes_odb10/hmms/2373at4891.hmm
# Target file:     /home/jj/Desktop/Bioinformatics/3rd_year/1term/Computational_genomics/Seminars/exercise_04/./busco/SRR7548448/SRR7548448_k63_contigs/run_saccharomycetes_odb10/metaeuk_output/rerun_results/SRR7548448_k63_graph.contig.fa.modified.fas
# Option settings: hmmsearch --domtblout /home/jj/Desktop/Bioinformatics/3rd_year/1term/Computational_genomics/Seminars/exercise_04/./busco/SRR7548448/SRR7548448_k63_contigs/run_saccharomycetes_odb10/hmmer_output/rerun_results/2373at4891.out --cpu 1 /home/jj/Desktop/Bioinformatics/3rd_year/1term/Computational_genomics/Seminars/exercise_04/busco_downloads/lineages/saccharomycetes_odb10/hmms/2373at4891.hmm /home/jj/Desktop/Bioinformatics/3rd_year/1term/Computational_genomics/Seminars/exercise_04/./busco/SRR7548448/SRR7548448_k63_contigs/run_saccharomycetes_odb10/metaeuk_output/rerun_results/SRR7548448_k63_graph.contig.fa.modified.fas 
# Current dir:     /home/jj/Desktop/Bioinformatics/3rd_year/1term/Computational_genomics/Seminars/exercise_04
# Date:            Tue Nov  5 18:54:25 2024
# [ok]
