#                                                                            --- full sequence --- -------------- this domain -------------   hmm coord   ali coord   env coord
# target name        accession   tlen query name           accession   qlen   E-value  score  bias   #  of  c-Evalue  i-Evalue  score  bias  from    to  from    to  from    to  acc description of target
#------------------- ---------- ----- -------------------- ---------- ----- --------- ------ ----- --- --- --------- --------- ------ ----- ----- ----- ----- ----- ----- ----- ---- ---------------------
140077:5-511         -            169 2459at4891           -            859   2.7e-07   24.5   0.5   1   4       0.2        12   -0.8   0.0    61    98     3    39     1    47 0.80 -
140077:5-511         -            169 2459at4891           -            859   2.7e-07   24.5   0.5   2   4   0.00019     0.012    9.2   0.1    65    95    50    80    43   118 0.83 -
140077:5-511         -            169 2459at4891           -            859   2.7e-07   24.5   0.5   3   4       0.1       6.3    0.2   0.0    78    98   104   124    91   129 0.71 -
140077:5-511         -            169 2459at4891           -            859   2.7e-07   24.5   0.5   4   4   5.3e-05    0.0032   11.1   0.0    67    95   136   164   133   168 0.90 -
145301:241-942       -            234 2459at4891           -            859   2.4e-06   21.4   0.6   1   4     0.011      0.68    3.4   0.0    66    99     9    42     3    47 0.89 -
145301:241-942       -            234 2459at4891           -            859   2.4e-06   21.4   0.6   2   4      0.12       7.1   -0.0   0.0    63    95    90   122    86   127 0.91 -
145301:241-942       -            234 2459at4891           -            859   2.4e-06   21.4   0.6   3   4   0.00047     0.029    7.9   0.0    66    95   135   164   129   172 0.89 -
145301:241-942       -            234 2459at4891           -            859   2.4e-06   21.4   0.6   4   4    0.0041      0.25    4.8   0.0    66    97   178   209   174   212 0.92 -
145543:193-1188      -            332 2459at4891           -            859   6.4e-06   20.0   0.1   1   2   0.00032      0.02    8.5   0.0    67    99     4    36     2    41 0.89 -
145543:193-1188      -            332 2459at4891           -            859   6.4e-06   20.0   0.1   2   2   0.00016    0.0099    9.4   0.0    65    96    64    95    58    99 0.89 -
145769:0-1415        -            472 2459at4891           -            859   2.2e-05   18.2   0.4   1   3     0.099         6    0.2   0.2    66    99   148   181   143   224 0.56 -
145769:0-1415        -            472 2459at4891           -            859   2.2e-05   18.2   0.4   2   3     0.038       2.3    1.6   0.0    65    99   261   295   251   302 0.86 -
145769:0-1415        -            472 2459at4891           -            859   2.2e-05   18.2   0.4   3   3     8e-05    0.0049   10.5   0.1    63   129   344   415   306   431 0.68 -
141623:9-581         -            191 2459at4891           -            859     8e-05   16.4   1.0   1   2   0.00063     0.038    7.5   0.2    66    99    36    69    31    86 0.90 -
141623:9-581         -            191 2459at4891           -            859     8e-05   16.4   1.0   2   2   0.00064     0.039    7.5   0.1    40    98    88   152    75   167 0.79 -
144137:68-793        -            242 2459at4891           -            859   0.00028   14.6   0.1   1   1   5.2e-06   0.00032   14.4   0.1    54   129   110   190    79   228 0.84 -
145583:484-1188      -            235 2459at4891           -            859   0.00029   14.5   1.5   1   3   9.6e-05    0.0058   10.2   0.0    65    97    43    76    23    79 0.84 -
145583:484-1188      -            235 2459at4891           -            859   0.00029   14.5   1.5   2   3     0.017         1    2.8   0.2    64   103    94   134    89   139 0.81 -
145583:484-1188      -            235 2459at4891           -            859   0.00029   14.5   1.5   3   3      0.56        34   -2.3   0.0    84    98   167   181   154   216 0.74 -
143505:234-713       -            160 2459at4891           -            859   0.00041   14.0   0.1   1   2      0.46        28   -2.0   0.0   102   129    20    47     1    55 0.62 -
143505:234-713       -            160 2459at4891           -            859   0.00041   14.0   0.1   2   2   1.3e-05   0.00078   13.1   0.1    45    98    78   136    52   139 0.77 -
143663:88-690        -            201 2459at4891           -            859    0.0015   12.1   0.0   1   2      0.77        47   -2.7   0.0    78   105     1    28     1    38 0.81 -
143663:88-690        -            201 2459at4891           -            859    0.0015   12.1   0.0   2   2   6.8e-05    0.0041   10.7   0.0    34   131    58   161    33   188 0.75 -
144149:4-795         -            264 2459at4891           -            859     0.006   10.2   0.3   1   3     0.019       1.1    2.6   0.0    65   120    26    87    21   115 0.76 -
144149:4-795         -            264 2459at4891           -            859     0.006   10.2   0.3   2   3     0.052       3.1    1.2   0.0    67   101   160   194   156   197 0.90 -
144149:4-795         -            264 2459at4891           -            859     0.006   10.2   0.3   3   3     0.016      0.99    2.8   0.0    66    96   201   231   194   241 0.90 -
140847:1-537         -            179 2459at4891           -            859     0.012    9.2   0.2   1   3     0.021       1.3    2.4   0.0    67    92     4    30     2    34 0.89 -
140847:1-537         -            179 2459at4891           -            859     0.012    9.2   0.2   2   3    0.0077      0.46    3.9   0.0    66    97    53    84    51    88 0.91 -
140847:1-537         -            179 2459at4891           -            859     0.012    9.2   0.2   3   3      0.48        29   -2.0   0.0    67   101   108   142   106   144 0.87 -
#
# Program:         hmmsearch
# Version:         3.1b2 (February 2015)
# Pipeline mode:   SEARCH
# Query file:      /home/jj/Desktop/Bioinformatics/3rd_year/1term/Computational_genomics/Seminars/exercise_04/busco_downloads/lineages/saccharomycetes_odb10/hmms/2459at4891.hmm
# Target file:     /home/jj/Desktop/Bioinformatics/3rd_year/1term/Computational_genomics/Seminars/exercise_04/./busco/SRR7548448/SRR7548448_k63_contigs/run_saccharomycetes_odb10/metaeuk_output/rerun_results/SRR7548448_k63_graph.contig.fa.modified.fas
# Option settings: hmmsearch --domtblout /home/jj/Desktop/Bioinformatics/3rd_year/1term/Computational_genomics/Seminars/exercise_04/./busco/SRR7548448/SRR7548448_k63_contigs/run_saccharomycetes_odb10/hmmer_output/rerun_results/2459at4891.out --cpu 1 /home/jj/Desktop/Bioinformatics/3rd_year/1term/Computational_genomics/Seminars/exercise_04/busco_downloads/lineages/saccharomycetes_odb10/hmms/2459at4891.hmm /home/jj/Desktop/Bioinformatics/3rd_year/1term/Computational_genomics/Seminars/exercise_04/./busco/SRR7548448/SRR7548448_k63_contigs/run_saccharomycetes_odb10/metaeuk_output/rerun_results/SRR7548448_k63_graph.contig.fa.modified.fas 
# Current dir:     /home/jj/Desktop/Bioinformatics/3rd_year/1term/Computational_genomics/Seminars/exercise_04
# Date:            Tue Nov  5 18:54:30 2024
# [ok]
