#                                                                            --- full sequence --- -------------- this domain -------------   hmm coord   ali coord   env coord
# target name        accession   tlen query name           accession   qlen   E-value  score  bias   #  of  c-Evalue  i-Evalue  score  bias  from    to  from    to  from    to  acc description of target
#------------------- ---------- ----- -------------------- ---------- ----- --------- ------ ----- --- --- --------- --------- ------ ----- ----- ----- ----- ----- ----- ----- ---- ---------------------
140361:20-523        -            168 25148at4891          -            196   1.2e-49  164.1   6.0   1   3   1.1e-15   4.6e-14   48.0   0.7    67   116     4    53     2    54 0.94 -
140361:20-523        -            168 25148at4891          -            196   1.2e-49  164.1   6.0   2   3   2.5e-16     1e-14   50.1   0.2    95   129    49    83    42    88 0.90 -
140361:20-523        -            168 25148at4891          -            196   1.2e-49  164.1   6.0   3   3   9.1e-23   3.8e-21   71.1   0.1   128   181   108   168   102   168 0.90 -
142839:31-621        -            197 25148at4891          -            196     7e-15   50.6   2.1   1   3   1.2e-06   5.1e-05   18.5   0.0   127   161    28    62    21    75 0.83 -
142839:31-621        -            197 25148at4891          -            196     7e-15   50.6   2.1   2   3   7.1e-05     0.003   12.7   0.0    99   130    77   108    65   125 0.71 -
142839:31-621        -            197 25148at4891          -            196     7e-15   50.6   2.1   3   3   1.3e-06   5.4e-05   18.4   0.2   128   191   126   194   119   197 0.86 -
144461:10-831        -            274 25148at4891          -            196   1.2e-14   49.8   0.6   1   5   0.00015    0.0062   11.6   0.0   128   161     2    35     1    54 0.78 -
144461:10-831        -            274 25148at4891          -            196   1.2e-14   49.8   0.6   2   5   1.8e-06   7.4e-05   17.9   0.0    28   109    52   143    34   149 0.71 -
144461:10-831        -            274 25148at4891          -            196   1.2e-14   49.8   0.6   3   5      0.15       6.1    1.9   0.0    94   124   148   178   139   187 0.72 -
144461:10-831        -            274 25148at4891          -            196   1.2e-14   49.8   0.6   4   5   0.00013    0.0052   11.9   0.0     7    36   200   229   195   247 0.88 -
144461:10-831        -            274 25148at4891          -            196   1.2e-14   49.8   0.6   5   5      0.21       8.9    1.3   0.0    98   120   251   273   243   274 0.84 -
142283:0-563         -            188 25148at4891          -            196   1.3e-09   33.4   0.8   1   4    0.0015      0.06    8.4   0.0     5    34    12    41     8    49 0.82 -
142283:0-563         -            188 25148at4891          -            196   1.3e-09   33.4   0.8   2   4     0.015      0.64    5.1   0.0    11    33    18    40    17    98 0.68 -
142283:0-563         -            188 25148at4891          -            196   1.3e-09   33.4   0.8   3   4   5.8e-05    0.0024   13.0   0.0     3    36   106   139   104   148 0.87 -
142283:0-563         -            188 25148at4891          -            196   1.3e-09   33.4   0.8   4   4    0.0038      0.16    7.1   0.1    99   129   157   187   144   188 0.88 -
142097:117-608       -            164 25148at4891          -            196     8e-09   30.9   0.5   1   3   9.2e-05    0.0038   12.3   0.0    35    61    27    53    19    64 0.86 -
142097:117-608       -            164 25148at4891          -            196     8e-09   30.9   0.5   2   3    0.0054      0.22    6.6   0.0     3    34    70   101    68   111 0.86 -
142097:117-608       -            164 25148at4891          -            196     8e-09   30.9   0.5   3   3   0.00086     0.036    9.2   0.1    35    61   130   156   113   162 0.83 -
139299:2-484         -            161 25148at4891          -            196   9.3e-09   30.7   0.2   1   3    0.0094      0.39    5.8   0.0    70    99    37    66     8    85 0.67 -
139299:2-484         -            161 25148at4891          -            196   9.3e-09   30.7   0.2   2   3   0.00033     0.014   10.5   0.0    89   129    79   117    70   123 0.82 -
139299:2-484         -            161 25148at4891          -            196   9.3e-09   30.7   0.2   3   3   0.00013    0.0055   11.8   0.1   129   150   140   161   135   161 0.90 -
138411:3-458         -            152 25148at4891          -            196   1.6e-08   29.9   0.4   1   2     4e-05    0.0017   13.5   0.1    35    64    24    53    14    58 0.88 -
138411:3-458         -            152 25148at4891          -            196   1.6e-08   29.9   0.4   2   2   2.7e-05    0.0011   14.1   0.0   127   160    90   123    86   152 0.87 -
143255:2-670         -            223 25148at4891          -            196   1.9e-07   26.4   3.0   1   3    0.0018     0.073    8.2   0.2    38    99     1    70     1    88 0.71 -
143255:2-670         -            223 25148at4891          -            196   1.9e-07   26.4   3.0   2   3     0.044       1.8    3.6   0.0    35    97    96   168    79   184 0.58 -
143255:2-670         -            223 25148at4891          -            196   1.9e-07   26.4   3.0   3   3   2.1e-05   0.00088   14.4   0.1   162   194   187   221   144   223 0.73 -
138951:2-475         -            158 25148at4891          -            196   4.8e-07   25.1   1.8   1   2   2.9e-06   0.00012   17.2   0.8    36    99     2    73     1    77 0.73 -
138951:2-475         -            158 25148at4891          -            196   4.8e-07   25.1   1.8   2   2     0.019      0.77    4.8   0.0    95   127    97   129    88   137 0.86 -
144901:425-925       -            167 25148at4891          -            196   6.2e-07   24.7   0.1   1   3   1.3e-05   0.00052   15.1   0.0    10    37    18    45    10    56 0.86 -
144901:425-925       -            167 25148at4891          -            196   6.2e-07   24.7   0.1   2   3     0.012      0.48    5.5   0.0    35    76    64   105    50   114 0.75 -
144901:425-925       -            167 25148at4891          -            196   6.2e-07   24.7   0.1   3   3      0.31        13    0.8   0.0    12    36   112   136   103   142 0.79 -
144201:52-801        -            250 25148at4891          -            196   1.1e-06   24.0   2.8   1   3    0.0022     0.091    7.8   0.0    97   127    35    65    29   133 0.80 -
144201:52-801        -            250 25148at4891          -            196   1.1e-06   24.0   2.8   2   3    0.0023     0.096    7.8   0.3    35    78   143   188   125   230 0.62 -
144201:52-801        -            250 25148at4891          -            196   1.1e-06   24.0   2.8   3   3      0.19         8    1.5   0.0    94   113   230   249   224   250 0.86 -
139317:1-486         -            162 25148at4891          -            196   1.4e-06   23.6   0.3   1   3   0.00026     0.011   10.9   0.0    93   128    25    60     8    66 0.88 -
139317:1-486         -            162 25148at4891          -            196   1.4e-06   23.6   0.3   2   3    0.0016     0.068    8.2   0.0     8    49    79   122    74   132 0.77 -
139317:1-486         -            162 25148at4891          -            196   1.4e-06   23.6   0.3   3   3     0.041       1.7    3.7   0.0    93   124   119   150   114   158 0.82 -
143297:47-682        -            212 25148at4891          -            196   3.7e-06   22.2   0.2   1   3      0.26        11    1.1   0.0   167   185    26    44     3    70 0.58 -
143297:47-682        -            212 25148at4891          -            196   3.7e-06   22.2   0.2   2   3      0.25        10    1.1   0.0    35    65    87   117    79   131 0.68 -
143297:47-682        -            212 25148at4891          -            196   3.7e-06   22.2   0.2   3   3   5.9e-06   0.00024   16.2   0.1   127   182   135   198   116   210 0.79 -
145631:35-901        -            289 25148at4891          -            196   0.00014   17.0   4.7   1   4    0.0082      0.34    6.0   0.4   129   180    13    72     5    87 0.65 -
145631:35-901        -            289 25148at4891          -            196   0.00014   17.0   4.7   2   4       0.1       4.2    2.4   0.1    35    68    61    94    50   106 0.84 -
145631:35-901        -            289 25148at4891          -            196   0.00014   17.0   4.7   3   4    0.0015     0.063    8.4   0.1   166   194   155   183   108   185 0.86 -
145631:35-901        -            289 25148at4891          -            196   0.00014   17.0   4.7   4   4      0.29        12    0.9   0.0   127   154   208   235   196   274 0.80 -
141067:1-555         -            185 25148at4891          -            196   0.00028   16.1   2.0   1   2    0.0049      0.21    6.7   0.0   109   156    19    65     5    83 0.74 -
141067:1-555         -            185 25148at4891          -            196   0.00028   16.1   2.0   2   2    0.0016     0.068    8.3   0.7    27   109    82   175    78   180 0.61 -
137551:4-429         -            142 25148at4891          -            196   0.00076   14.6   0.1   1   3    0.0093      0.39    5.8   0.0    99   128    27    55     4    64 0.63 -
137551:4-429         -            142 25148at4891          -            196   0.00076   14.6   0.1   2   3     0.011      0.44    5.6   0.0     4    34    75   105    72   122 0.86 -
137551:4-429         -            142 25148at4891          -            196   0.00076   14.6   0.1   3   3      0.85        35   -0.6   0.0    96   114   123   141   115   142 0.52 -
#
# Program:         hmmsearch
# Version:         3.1b2 (February 2015)
# Pipeline mode:   SEARCH
# Query file:      /home/jj/Desktop/Bioinformatics/3rd_year/1term/Computational_genomics/Seminars/exercise_04/busco_downloads/lineages/saccharomycetes_odb10/hmms/25148at4891.hmm
# Target file:     /home/jj/Desktop/Bioinformatics/3rd_year/1term/Computational_genomics/Seminars/exercise_04/./busco/SRR7548448/SRR7548448_k63_contigs/run_saccharomycetes_odb10/metaeuk_output/rerun_results/SRR7548448_k63_graph.contig.fa.modified.fas
# Option settings: hmmsearch --domtblout /home/jj/Desktop/Bioinformatics/3rd_year/1term/Computational_genomics/Seminars/exercise_04/./busco/SRR7548448/SRR7548448_k63_contigs/run_saccharomycetes_odb10/hmmer_output/rerun_results/25148at4891.out --cpu 1 /home/jj/Desktop/Bioinformatics/3rd_year/1term/Computational_genomics/Seminars/exercise_04/busco_downloads/lineages/saccharomycetes_odb10/hmms/25148at4891.hmm /home/jj/Desktop/Bioinformatics/3rd_year/1term/Computational_genomics/Seminars/exercise_04/./busco/SRR7548448/SRR7548448_k63_contigs/run_saccharomycetes_odb10/metaeuk_output/rerun_results/SRR7548448_k63_graph.contig.fa.modified.fas 
# Current dir:     /home/jj/Desktop/Bioinformatics/3rd_year/1term/Computational_genomics/Seminars/exercise_04
# Date:            Tue Nov  5 18:54:42 2024
# [ok]
