#                                                                            --- full sequence --- -------------- this domain -------------   hmm coord   ali coord   env coord
# target name        accession   tlen query name           accession   qlen   E-value  score  bias   #  of  c-Evalue  i-Evalue  score  bias  from    to  from    to  from    to  acc description of target
#------------------- ---------- ----- -------------------- ---------- ----- --------- ------ ----- --- --- --------- --------- ------ ----- ----- ----- ----- ----- ----- ----- ---- ---------------------
145219:1-639         -            213 2534at4891           -            630   7.3e-61  201.3   0.0   1   1   1.7e-62   8.1e-61  201.2   0.0    96   303     1   212     1   213 0.91 -
142381:156-611       -            152 2534at4891           -            630   3.1e-51  169.5   0.1   1   1     7e-53   3.3e-51  169.4   0.1   157   303     1   151     1   152 0.95 -
140201:39-518        -            160 2534at4891           -            630   4.6e-48  159.0   0.0   1   1   1.1e-49   5.1e-48  158.9   0.0    88   247     1   160     1   160 0.94 -
137839:5-403         -            133 2534at4891           -            630   8.2e-42  138.4   0.1   1   1   1.9e-43   9.1e-42  138.2   0.1   180   303     1   133     1   133 0.89 -
144757:0-659         -            220 2534at4891           -            630   9.1e-42  138.2   0.0   1   1   2.2e-43   1.1e-41  138.0   0.0    81   290     1   220     1   220 0.87 -
143129:1-615         -            205 2534at4891           -            630   1.7e-34  114.2   0.0   1   1   1.7e-35   8.3e-34  111.9   0.0   172   306     2   145     1   205 0.82 -
140107:3-434         -            144 2534at4891           -            630   5.6e-32  105.9   0.1   1   1   1.3e-33   6.2e-32  105.7   0.1   167   302     1   143     1   144 0.91 -
141713:28-582        -            185 2534at4891           -            630   8.7e-28   92.0   0.3   1   1   2.1e-29     1e-27   91.8   0.3   149   314     3   176     1   184 0.85 -
139339:2-487         -            162 2534at4891           -            630   1.8e-27   91.0   0.2   1   1   4.1e-29   1.9e-27   90.9   0.2   137   290     5   162     1   162 0.84 -
132471:0-341         -            114 2534at4891           -            630   8.7e-26   85.4   0.1   1   1     2e-27   9.5e-26   85.3   0.1   155   265     1   114     1   114 0.93 -
141755:252-584       -            111 2534at4891           -            630     3e-23   77.0   0.1   1   1   6.4e-25     3e-23   77.0   0.1   149   242    13   111     1   111 0.84 -
136991:2-403         -            134 2534at4891           -            630   2.2e-19   64.3   0.0   1   1   4.8e-21   2.3e-19   64.2   0.0   104   197    11   101     2   134 0.80 -
145413:151-1119      -            323 2534at4891           -            630   2.4e-16   54.2   0.0   1   1   6.8e-18   3.2e-16   53.8   0.0   227   323     1   101     1   127 0.86 -
142695:2-619         -            206 2534at4891           -            630    0.0019   11.6   0.0   1   1     5e-05    0.0024   11.3   0.0   278   303     1    26     1    50 0.90 -
#
# Program:         hmmsearch
# Version:         3.1b2 (February 2015)
# Pipeline mode:   SEARCH
# Query file:      /home/jj/Desktop/Bioinformatics/3rd_year/1term/Computational_genomics/Seminars/exercise_04/busco_downloads/lineages/saccharomycetes_odb10/hmms/2534at4891.hmm
# Target file:     /home/jj/Desktop/Bioinformatics/3rd_year/1term/Computational_genomics/Seminars/exercise_04/./busco/SRR7548448/SRR7548448_k63_contigs/run_saccharomycetes_odb10/metaeuk_output/rerun_results/SRR7548448_k63_graph.contig.fa.modified.fas
# Option settings: hmmsearch --domtblout /home/jj/Desktop/Bioinformatics/3rd_year/1term/Computational_genomics/Seminars/exercise_04/./busco/SRR7548448/SRR7548448_k63_contigs/run_saccharomycetes_odb10/hmmer_output/rerun_results/2534at4891.out --cpu 1 /home/jj/Desktop/Bioinformatics/3rd_year/1term/Computational_genomics/Seminars/exercise_04/busco_downloads/lineages/saccharomycetes_odb10/hmms/2534at4891.hmm /home/jj/Desktop/Bioinformatics/3rd_year/1term/Computational_genomics/Seminars/exercise_04/./busco/SRR7548448/SRR7548448_k63_contigs/run_saccharomycetes_odb10/metaeuk_output/rerun_results/SRR7548448_k63_graph.contig.fa.modified.fas 
# Current dir:     /home/jj/Desktop/Bioinformatics/3rd_year/1term/Computational_genomics/Seminars/exercise_04
# Date:            Tue Nov  5 18:54:13 2024
# [ok]
