#                                                                            --- full sequence --- -------------- this domain -------------   hmm coord   ali coord   env coord
# target name        accession   tlen query name           accession   qlen   E-value  score  bias   #  of  c-Evalue  i-Evalue  score  bias  from    to  from    to  from    to  acc description of target
#------------------- ---------- ----- -------------------- ---------- ----- --------- ------ ----- --- --- --------- --------- ------ ----- ----- ----- ----- ----- ----- ----- ---- ---------------------
145821:41-862        -            274 2568at4891           -            679   3.5e-18   60.7   5.9   1   4   1.2e-07   3.5e-06   21.0   0.0   168   220     3    55     1    61 0.89 -
145821:41-862        -            274 2568at4891           -            679   3.5e-18   60.7   5.9   2   4     1e-05    0.0003   14.6   0.0   186   226    60   101    55   103 0.86 -
145821:41-862        -            274 2568at4891           -            679   3.5e-18   60.7   5.9   3   4   0.00026    0.0074   10.0   0.1   187   223   100   139    97   156 0.75 -
145821:41-862        -            274 2568at4891           -            679   3.5e-18   60.7   5.9   4   4   2.8e-06     8e-05   16.5   0.1   163   221   208   266   202   273 0.80 -
144489:26-847        -            274 2568at4891           -            679   9.5e-18   59.2   0.3   1   1   3.3e-17   9.6e-16   52.6   0.3    68   223     3   181     2   268 0.75 -
145583:484-1188      -            235 2568at4891           -            679   1.2e-17   59.0   4.1   1   2     1e-06   2.9e-05   18.0   0.1   140   182    33    76     4    95 0.84 -
145583:484-1188      -            235 2568at4891           -            679   1.2e-17   59.0   4.1   2   2   5.2e-14   1.5e-12   42.1   0.9   113   223   102   226    96   231 0.79 -
145301:241-942       -            234 2568at4891           -            679   1.8e-14   48.4   0.1   1   2   3.4e-09     1e-07   26.1   0.0   101   223     3   125     1   148 0.84 -
145301:241-942       -            234 2568at4891           -            679   1.8e-14   48.4   0.1   2   2   1.3e-06   3.7e-05   17.6   0.0   168   222   152   209   144   214 0.83 -
142977:29-619        -            197 2568at4891           -            679     2e-14   48.2   0.0   1   1   1.5e-15   4.3e-14   47.2   0.0    75   222    16   166     7   178 0.86 -
140077:5-511         -            169 2568at4891           -            679     1e-13   45.9   0.2   1   1   5.5e-15   1.6e-13   45.3   0.2   116   222    16   123     4   132 0.85 -
144149:4-795         -            264 2568at4891           -            679   2.8e-13   44.5   0.0   1   2   0.00018    0.0052   10.5   0.0   181   221    56   101    24   105 0.76 -
144149:4-795         -            264 2568at4891           -            679   2.8e-13   44.5   0.0   2   2   7.2e-11   2.1e-09   31.7   0.0   101   223   111   233   106   242 0.88 -
143663:88-690        -            201 2568at4891           -            679   4.8e-13   43.7   0.2   1   3     0.039       1.1    2.8   0.0   204   230     2    29     1    42 0.80 -
143663:88-690        -            201 2568at4891           -            679   4.8e-13   43.7   0.2   2   3     4e-09   1.2e-07   25.9   0.0   167   220    69   122    60   136 0.84 -
143663:88-690        -            201 2568at4891           -            679   4.8e-13   43.7   0.2   3   3   3.8e-08   1.1e-06   22.7   0.1   100   217    88   200    87   201 0.87 -
143819:146-751       -            202 2568at4891           -            679   8.1e-13   42.9   0.1   1   2   2.2e-12   6.4e-11   36.7   0.0   150   245    11   109     2   135 0.88 -
143819:146-751       -            202 2568at4891           -            679   8.1e-13   42.9   0.1   2   2     0.011      0.32    4.6   0.0   150   196   154   200   133   202 0.82 -
144541:4-777         -            258 2568at4891           -            679   7.4e-12   39.8   7.2   1   2    0.0093      0.27    4.9   0.1   103   136    27    59    16    69 0.79 -
144541:4-777         -            258 2568at4891           -            679   7.4e-12   39.8   7.2   2   2   4.5e-12   1.3e-10   35.7   6.2    67   219    36   200    35   209 0.78 -
145769:0-1415        -            472 2568at4891           -            679   1.3e-11   38.9   3.1   1   3   1.4e-05   0.00039   14.2   0.4   104   231    54   188    38   193 0.75 -
145769:0-1415        -            472 2568at4891           -            679   1.3e-11   38.9   3.1   2   3     7e-06    0.0002   15.2   0.5   153   223   150   225   140   228 0.82 -
145769:0-1415        -            472 2568at4891           -            679   1.3e-11   38.9   3.1   3   3   8.5e-08   2.5e-06   21.5   0.0   152   220   348   418   327   429 0.82 -
144137:68-793        -            242 2568at4891           -            679   3.2e-10   34.4   7.1   1   1   1.4e-11     4e-10   34.0   7.1    64   219    82   234    60   240 0.82 -
140847:1-537         -            179 2568at4891           -            679   1.3e-09   32.4   0.0   1   2   2.5e-06   7.3e-05   16.7   0.0   162   223    15    85     2    94 0.77 -
140847:1-537         -            179 2568at4891           -            679   1.3e-09   32.4   0.0   2   2   1.4e-05   0.00041   14.2   0.0   156   198   112   153    88   158 0.87 -
143505:234-713       -            160 2568at4891           -            679   2.3e-09   31.6   0.0   1   1     1e-10   2.9e-09   31.2   0.0   141   263    11   137     4   150 0.83 -
141623:9-581         -            191 2568at4891           -            679   4.2e-09   30.7   1.8   1   2     0.003     0.087    6.5   0.2   160   222     3    67     1    84 0.75 -
141623:9-581         -            191 2568at4891           -            679   4.2e-09   30.7   1.8   2   2   1.5e-08   4.4e-07   24.0   0.1   120   217    89   191    84   191 0.85 -
143313:52-507        -            152 2568at4891           -            679   9.5e-09   29.5   1.0   1   1   5.4e-10   1.6e-08   28.8   1.0   124   240     5   128     1   151 0.76 -
144067:217-762       -            182 2568at4891           -            679   2.4e-08   28.2   4.6   1   2   0.00084     0.024    8.3   0.0   150   201     2    53     1    67 0.83 -
144067:217-762       -            182 2568at4891           -            679   2.4e-08   28.2   4.6   2   2   7.2e-07   2.1e-05   18.5   4.8   116   215    63   167    55   180 0.74 -
143977:73-726        -            218 2568at4891           -            679     8e-08   26.4   0.1   1   1     5e-09   1.4e-07   25.6   0.1   116   223    73   185    54   195 0.83 -
141381:50-520        -            157 2568at4891           -            679     2e-06   21.8   0.0   1   1   8.1e-08   2.3e-06   21.6   0.0   161   220    77   138    51   142 0.86 -
145907:260-880       -            207 2568at4891           -            679   6.5e-05   16.8   0.0   1   2    0.0023     0.067    6.9   0.0   100   140    40    79     6    86 0.73 -
145907:260-880       -            207 2568at4891           -            679   6.5e-05   16.8   0.0   2   2     0.002     0.057    7.1   0.0   110   216   124   188   102   199 0.63 -
145543:193-1188      -            332 2568at4891           -            679   7.3e-05   16.7   0.2   1   3         4   1.2e+02   -3.8   0.0   121   305    16    31    10    39 0.48 -
145543:193-1188      -            332 2568at4891           -            679   7.3e-05   16.7   0.2   2   3    0.0082      0.24    5.0   0.0   183   223    54    97    50   102 0.78 -
145543:193-1188      -            332 2568at4891           -            679   7.3e-05   16.7   0.2   3   3   0.00078     0.022    8.4   0.2    96   177   112   191    99   199 0.81 -
143253:125-688       -            188 2568at4891           -            679   0.00011   16.0   0.0   1   1   5.1e-06   0.00015   15.7   0.0   108   226    27   147    22   155 0.80 -
144353:2-823         -            274 2568at4891           -            679    0.0019   12.0   0.0   1   2      0.97        28   -1.8   0.0   156   181    26    51    11    71 0.66 -
144353:2-823         -            274 2568at4891           -            679    0.0019   12.0   0.0   2   2   0.00018    0.0052   10.5   0.0   117   220   140   250   134   271 0.76 -
#
# Program:         hmmsearch
# Version:         3.1b2 (February 2015)
# Pipeline mode:   SEARCH
# Query file:      /home/jj/Desktop/Bioinformatics/3rd_year/1term/Computational_genomics/Seminars/exercise_04/busco_downloads/lineages/saccharomycetes_odb10/hmms/2568at4891.hmm
# Target file:     /home/jj/Desktop/Bioinformatics/3rd_year/1term/Computational_genomics/Seminars/exercise_04/./busco/SRR7548448/SRR7548448_k63_contigs/run_saccharomycetes_odb10/metaeuk_output/rerun_results/SRR7548448_k63_graph.contig.fa.modified.fas
# Option settings: hmmsearch --domtblout /home/jj/Desktop/Bioinformatics/3rd_year/1term/Computational_genomics/Seminars/exercise_04/./busco/SRR7548448/SRR7548448_k63_contigs/run_saccharomycetes_odb10/hmmer_output/rerun_results/2568at4891.out --cpu 1 /home/jj/Desktop/Bioinformatics/3rd_year/1term/Computational_genomics/Seminars/exercise_04/busco_downloads/lineages/saccharomycetes_odb10/hmms/2568at4891.hmm /home/jj/Desktop/Bioinformatics/3rd_year/1term/Computational_genomics/Seminars/exercise_04/./busco/SRR7548448/SRR7548448_k63_contigs/run_saccharomycetes_odb10/metaeuk_output/rerun_results/SRR7548448_k63_graph.contig.fa.modified.fas 
# Current dir:     /home/jj/Desktop/Bioinformatics/3rd_year/1term/Computational_genomics/Seminars/exercise_04
# Date:            Tue Nov  5 18:54:37 2024
# [ok]
