#                                                                            --- full sequence --- -------------- this domain -------------   hmm coord   ali coord   env coord
# target name        accession   tlen query name           accession   qlen   E-value  score  bias   #  of  c-Evalue  i-Evalue  score  bias  from    to  from    to  from    to  acc description of target
#------------------- ---------- ----- -------------------- ---------- ----- --------- ------ ----- --- --- --------- --------- ------ ----- ----- ----- ----- ----- ----- ----- ---- ---------------------
140899:61-546        -            162 26145at4891          -            166   1.4e-66  218.7   0.9   1   1   5.2e-68   1.7e-66  218.4   0.9    45   164     1   129     1   131 0.93 -
141163:108-560       -            151 26145at4891          -            166   2.2e-51  169.2   0.3   1   1   7.3e-53   2.4e-51  169.1   0.3     4   145     1   150     1   151 0.92 -
138385:5-457         -            151 26145at4891          -            166   4.5e-31  103.2   0.0   1   1   1.6e-32   5.2e-31  102.9   0.0    20   155     1   148     1   151 0.87 -
137665:23-379        -            119 26145at4891          -            166   2.1e-21   71.7   0.0   1   1   6.8e-23   2.2e-21   71.6   0.0    57   162     2   113     1   117 0.92 -
140719:39-389        -            117 26145at4891          -            166   4.6e-21   70.6   0.1   1   1   1.7e-22   5.6e-21   70.3   0.1    59   162     1   114     1   116 0.84 -
138703:2-424         -            141 26145at4891          -            166   7.4e-20   66.7   0.0   1   1   2.7e-21     9e-20   66.4   0.0    10   128    10   128     3   136 0.93 -
131231:7-294         -             96 26145at4891          -            166   5.6e-19   63.8   0.1   1   1   1.8e-20   5.9e-19   63.7   0.1    52   124    22    96     1    96 0.79 -
140151:114-458       -            115 26145at4891          -            166     6e-18   60.5   0.2   1   1     2e-19   6.5e-18   60.3   0.2    13   124     4   115     1   115 0.98 -
134503:25-372        -            116 26145at4891          -            166   9.6e-16   53.3   0.5   1   1   3.7e-17   1.2e-15   52.9   0.5    88   165     1    86     1    87 0.81 -
138519:31-459        -            143 26145at4891          -            166   8.3e-14   47.0   0.1   1   1   3.1e-15     1e-13   46.7   0.1     9   128    18   134    10   142 0.81 -
131179:4-321         -            106 26145at4891          -            166     1e-13   46.7   0.0   1   1   3.5e-15   1.1e-13   46.5   0.0    36   127     1    93     1   100 0.91 -
133105:21-350        -            110 26145at4891          -            166   2.4e-12   42.2   0.2   1   1   8.6e-14   2.8e-12   42.0   0.2     9   104    18   108    11   110 0.85 -
138885:74-472        -            133 26145at4891          -            166   4.1e-12   41.5   0.2   1   1   1.5e-13     5e-12   41.2   0.2    86   164     1    88     1    90 0.83 -
131625:2-328         -            109 26145at4891          -            166   3.2e-09   32.1   0.0   1   1   1.1e-10   3.6e-09   31.9   0.0    74   145     4    80     1    96 0.74 -
144493:24-539        -            172 26145at4891          -            166   7.2e-08   27.7   0.1   1   1   2.6e-09   8.7e-08   27.4   0.1    10   128     5   126     1   137 0.79 -
145381:1-1110        -            370 26145at4891          -            166   1.2e-07   26.9   0.0   1   1   5.5e-09   1.8e-07   26.3   0.0     8   129   166   287   159   311 0.82 -
127717:2-280         -             93 26145at4891          -            166   1.6e-06   23.3   0.1   1   1   5.5e-08   1.8e-06   23.1   0.1     9    87    19    92     9    93 0.83 -
137007:69-422        -            118 26145at4891          -            166   0.00056   15.0   0.0   1   1   2.4e-05   0.00081   14.5   0.0    10   103    15   103    10   112 0.88 -
142517:266-604       -            113 26145at4891          -            166    0.0038   12.3   0.0   1   2    0.0036      0.12    7.4   0.0    11    33     2    24     1    40 0.83 -
142517:266-604       -            113 26145at4891          -            166    0.0038   12.3   0.0   2   2     0.066       2.2    3.3   0.0    82   123    73   113    61   113 0.84 -
139331:2-343         -            114 26145at4891          -            166    0.0044   12.1   0.0   1   1   0.00026    0.0085   11.2   0.0    96   127     2    34     1    44 0.83 -
#
# Program:         hmmsearch
# Version:         3.1b2 (February 2015)
# Pipeline mode:   SEARCH
# Query file:      /home/jj/Desktop/Bioinformatics/3rd_year/1term/Computational_genomics/Seminars/exercise_04/busco_downloads/lineages/saccharomycetes_odb10/hmms/26145at4891.hmm
# Target file:     /home/jj/Desktop/Bioinformatics/3rd_year/1term/Computational_genomics/Seminars/exercise_04/./busco/SRR7548448/SRR7548448_k63_contigs/run_saccharomycetes_odb10/metaeuk_output/rerun_results/SRR7548448_k63_graph.contig.fa.modified.fas
# Option settings: hmmsearch --domtblout /home/jj/Desktop/Bioinformatics/3rd_year/1term/Computational_genomics/Seminars/exercise_04/./busco/SRR7548448/SRR7548448_k63_contigs/run_saccharomycetes_odb10/hmmer_output/rerun_results/26145at4891.out --cpu 1 /home/jj/Desktop/Bioinformatics/3rd_year/1term/Computational_genomics/Seminars/exercise_04/busco_downloads/lineages/saccharomycetes_odb10/hmms/26145at4891.hmm /home/jj/Desktop/Bioinformatics/3rd_year/1term/Computational_genomics/Seminars/exercise_04/./busco/SRR7548448/SRR7548448_k63_contigs/run_saccharomycetes_odb10/metaeuk_output/rerun_results/SRR7548448_k63_graph.contig.fa.modified.fas 
# Current dir:     /home/jj/Desktop/Bioinformatics/3rd_year/1term/Computational_genomics/Seminars/exercise_04
# Date:            Tue Nov  5 18:54:12 2024
# [ok]
