#                                                                            --- full sequence --- -------------- this domain -------------   hmm coord   ali coord   env coord
# target name        accession   tlen query name           accession   qlen   E-value  score  bias   #  of  c-Evalue  i-Evalue  score  bias  from    to  from    to  from    to  acc description of target
#------------------- ---------- ----- -------------------- ---------- ----- --------- ------ ----- --- --- --------- --------- ------ ----- ----- ----- ----- ----- ----- ----- ---- ---------------------
138519:31-459        -            143 26336at4891          -            166   9.5e-26   85.9   0.1   1   1     2e-27     1e-25   85.8   0.1     5   114     5   129     1   143 0.81 -
133105:21-350        -            110 26336at4891          -            166   6.5e-23   76.7   0.1   1   1   1.4e-24     7e-23   76.6   0.1     4    95     4   107     1   110 0.83 -
144493:24-539        -            172 26336at4891          -            166   1.5e-18   62.5   0.2   1   1   3.4e-20   1.7e-18   62.3   0.2    18   152     4   165     1   172 0.67 -
127717:2-280         -             93 26336at4891          -            166   7.7e-17   57.0   0.1   1   1   1.6e-18   8.2e-17   56.9   0.1     6    82     6    93     1    93 0.81 -
137007:69-422        -            118 26336at4891          -            166     4e-15   51.4   0.0   1   1   1.1e-16   5.8e-15   50.9   0.0    19    98    15   106     3   118 0.73 -
140899:61-546        -            162 26336at4891          -            166   4.9e-10   34.8   0.1   1   1   1.2e-11   6.3e-10   34.5   0.1    53   162    14   126     3   130 0.76 -
137665:23-379        -            119 26336at4891          -            166     9e-10   34.0   0.0   1   1   2.1e-11   1.1e-09   33.7   0.0    55   164     5   114     2   116 0.82 -
131231:7-294         -             96 26336at4891          -            166   8.4e-08   27.6   0.1   1   1   1.8e-09   9.1e-08   27.4   0.1    50   114    25    95     6    96 0.75 -
138703:2-424         -            141 26336at4891          -            166   1.4e-07   26.9   0.0   1   1   5.9e-09     3e-07   25.8   0.0    16   114     7   123     1   135 0.73 -
141163:108-560       -            151 26336at4891          -            166   2.1e-07   26.3   0.0   1   1   5.5e-09   2.8e-07   25.8   0.0    53   133    55   136     4   150 0.74 -
140719:39-389        -            117 26336at4891          -            166   4.6e-07   25.2   0.0   1   1   1.1e-08   5.4e-07   24.9   0.0    55   157     2   108     1   115 0.77 -
138385:5-457         -            151 26336at4891          -            166   1.9e-05   19.9   0.0   1   1   4.7e-07   2.4e-05   19.6   0.0    53   152    39   144    16   147 0.67 -
142623:1-639         -            213 26336at4891          -            166    0.0024   13.1   0.2   1   2       2.6   1.3e+02   -2.4   0.0    28    39     2    13     1    26 0.83 -
142623:1-639         -            213 26336at4891          -            166    0.0024   13.1   0.2   2   2   0.00011    0.0055   11.9   0.1    54    90   160   193   141   210 0.72 -
#
# Program:         hmmsearch
# Version:         3.1b2 (February 2015)
# Pipeline mode:   SEARCH
# Query file:      /home/jj/Desktop/Bioinformatics/3rd_year/1term/Computational_genomics/Seminars/exercise_04/busco_downloads/lineages/saccharomycetes_odb10/hmms/26336at4891.hmm
# Target file:     /home/jj/Desktop/Bioinformatics/3rd_year/1term/Computational_genomics/Seminars/exercise_04/./busco/SRR7548448/SRR7548448_k63_contigs/run_saccharomycetes_odb10/metaeuk_output/rerun_results/SRR7548448_k63_graph.contig.fa.modified.fas
# Option settings: hmmsearch --domtblout /home/jj/Desktop/Bioinformatics/3rd_year/1term/Computational_genomics/Seminars/exercise_04/./busco/SRR7548448/SRR7548448_k63_contigs/run_saccharomycetes_odb10/hmmer_output/rerun_results/26336at4891.out --cpu 1 /home/jj/Desktop/Bioinformatics/3rd_year/1term/Computational_genomics/Seminars/exercise_04/busco_downloads/lineages/saccharomycetes_odb10/hmms/26336at4891.hmm /home/jj/Desktop/Bioinformatics/3rd_year/1term/Computational_genomics/Seminars/exercise_04/./busco/SRR7548448/SRR7548448_k63_contigs/run_saccharomycetes_odb10/metaeuk_output/rerun_results/SRR7548448_k63_graph.contig.fa.modified.fas 
# Current dir:     /home/jj/Desktop/Bioinformatics/3rd_year/1term/Computational_genomics/Seminars/exercise_04
# Date:            Tue Nov  5 18:54:20 2024
# [ok]
