#                                                                            --- full sequence --- -------------- this domain -------------   hmm coord   ali coord   env coord
# target name        accession   tlen query name           accession   qlen   E-value  score  bias   #  of  c-Evalue  i-Evalue  score  bias  from    to  from    to  from    to  acc description of target
#------------------- ---------- ----- -------------------- ---------- ----- --------- ------ ----- --- --- --------- --------- ------ ----- ----- ----- ----- ----- ----- ----- ---- ---------------------
145219:1-639         -            213 2862at4891           -            686  2.7e-128  424.3   0.1   1   1  6.3e-130    3e-128  424.2   0.1   444   645     1   213     1   213 0.97 -
142381:156-611       -            152 2862at4891           -            686     2e-95  315.7   1.6   1   1   4.7e-97   2.3e-95  315.5   1.6   234   381     1   152     1   152 0.98 -
144757:0-659         -            220 2862at4891           -            686   7.2e-61  201.5   0.0   1   1   1.8e-62   8.7e-61  201.2   0.0   429   642     1   216     1   219 0.94 -
137839:5-403         -            133 2862at4891           -            686   1.9e-46  153.8   0.3   1   1   4.3e-48   2.1e-46  153.7   0.3   258   379     2   132     1   133 0.90 -
140201:39-518        -            160 2862at4891           -            686   4.7e-45  149.2   0.2   1   1   2.2e-46   1.1e-44  148.0   0.2   169   324     2   160     1   160 0.80 -
143129:1-615         -            205 2862at4891           -            686   3.5e-35  116.6   0.3   1   2   1.7e-35   8.1e-34  112.1   0.1   516   621     2   110     1   113 0.91 -
143129:1-615         -            205 2862at4891           -            686   3.5e-35  116.6   0.3   2   2    0.0096      0.46    3.8   0.0   347   381   110   143   106   166 0.75 -
136991:2-403         -            134 2862at4891           -            686   3.6e-33  109.9   0.0   1   1   8.2e-35   3.9e-33  109.8   0.0   441   569     1   133     1   134 0.91 -
139339:2-487         -            162 2862at4891           -            686   6.2e-33  109.1   0.1   1   1   1.5e-34   6.9e-33  109.0   0.1   480   620     1   143     1   160 0.94 -
141713:28-582        -            185 2862at4891           -            686   3.6e-31  103.3   0.3   1   1   9.1e-33   4.3e-31  103.0   0.3   491   645     1   166     1   184 0.81 -
141755:252-584       -            111 2862at4891           -            686   8.5e-29   95.5   0.1   1   1     2e-30   9.4e-29   95.3   0.1   215   319     2   111     1   111 0.64 -
140107:3-434         -            144 2862at4891           -            686     2e-28   94.3   0.0   1   1   4.5e-30   2.2e-28   94.1   0.0   246   380     3   144     1   144 0.88 -
132471:0-341         -            114 2862at4891           -            686   2.1e-26   87.6   0.0   1   1   4.8e-28   2.3e-26   87.4   0.0   500   609     2   113     1   114 0.94 -
145413:151-1119      -            323 2862at4891           -            686   6.8e-14   46.2   0.0   1   1   1.9e-15   8.9e-14   45.8   0.0   304   386     1    87     1   109 0.69 -
142695:2-619         -            206 2862at4891           -            686    0.0013   12.2   0.0   1   1   3.4e-05    0.0016   11.9   0.0   356   390     2    36     1    50 0.79 -
#
# Program:         hmmsearch
# Version:         3.1b2 (February 2015)
# Pipeline mode:   SEARCH
# Query file:      /home/jj/Desktop/Bioinformatics/3rd_year/1term/Computational_genomics/Seminars/exercise_04/busco_downloads/lineages/saccharomycetes_odb10/hmms/2862at4891.hmm
# Target file:     /home/jj/Desktop/Bioinformatics/3rd_year/1term/Computational_genomics/Seminars/exercise_04/./busco/SRR7548448/SRR7548448_k63_contigs/run_saccharomycetes_odb10/metaeuk_output/rerun_results/SRR7548448_k63_graph.contig.fa.modified.fas
# Option settings: hmmsearch --domtblout /home/jj/Desktop/Bioinformatics/3rd_year/1term/Computational_genomics/Seminars/exercise_04/./busco/SRR7548448/SRR7548448_k63_contigs/run_saccharomycetes_odb10/hmmer_output/rerun_results/2862at4891.out --cpu 1 /home/jj/Desktop/Bioinformatics/3rd_year/1term/Computational_genomics/Seminars/exercise_04/busco_downloads/lineages/saccharomycetes_odb10/hmms/2862at4891.hmm /home/jj/Desktop/Bioinformatics/3rd_year/1term/Computational_genomics/Seminars/exercise_04/./busco/SRR7548448/SRR7548448_k63_contigs/run_saccharomycetes_odb10/metaeuk_output/rerun_results/SRR7548448_k63_graph.contig.fa.modified.fas 
# Current dir:     /home/jj/Desktop/Bioinformatics/3rd_year/1term/Computational_genomics/Seminars/exercise_04
# Date:            Tue Nov  5 18:54:22 2024
# [ok]
