#                                                                            --- full sequence --- -------------- this domain -------------   hmm coord   ali coord   env coord
# target name        accession   tlen query name           accession   qlen   E-value  score  bias   #  of  c-Evalue  i-Evalue  score  bias  from    to  from    to  from    to  acc description of target
#------------------- ---------- ----- -------------------- ---------- ----- --------- ------ ----- --- --- --------- --------- ------ ----- ----- ----- ----- ----- ----- ----- ---- ---------------------
138703:2-424         -            141 28703at4891          -            162   2.3e-77  253.7   0.2   1   1   6.8e-79   2.5e-77  253.6   0.2     1   121     7   128     7   140 0.95 -
131179:4-321         -            106 28703at4891          -            162   1.1e-29   98.6   0.0   1   1   3.4e-31   1.3e-29   98.4   0.0    31   118     2    91     1    98 0.93 -
140719:39-389        -            117 28703at4891          -            162   1.7e-18   62.2   0.0   1   1   5.1e-20   1.9e-18   62.1   0.0    52   159     2   112     1   115 0.91 -
139331:2-343         -            114 28703at4891          -            162     3e-18   61.5   0.3   1   1   1.5e-18   5.5e-17   57.3   0.3    87   160     1    89     1    91 0.87 -
140899:61-546        -            162 28703at4891          -            162   5.7e-18   60.6   0.2   1   1     2e-19   7.2e-18   60.2   0.2    44   158     7   124     2   128 0.87 -
141163:108-560       -            151 28703at4891          -            162   2.8e-16   55.1   0.0   1   1   8.3e-18   3.1e-16   54.9   0.0     4   131     7   139     5   151 0.85 -
138385:5-457         -            151 28703at4891          -            162   5.4e-16   54.1   0.0   1   1   1.7e-17   6.4e-16   53.9   0.0    14   152     1   146     1   150 0.89 -
137665:23-379        -            119 28703at4891          -            162   2.7e-15   51.9   0.0   1   1   8.4e-17   3.1e-15   51.7   0.0    49   157     2   109     1   112 0.92 -
131231:7-294         -             96 28703at4891          -            162     2e-11   39.3   0.1   1   1   6.1e-13   2.3e-11   39.1   0.1    46   113    24    90    17    96 0.87 -
134503:25-372        -            116 28703at4891          -            162   4.2e-09   31.7   0.0   1   1   1.5e-10   5.7e-09   31.3   0.0    86   157     7    79     1    84 0.84 -
140151:114-458       -            115 28703at4891          -            162   1.4e-08   30.0   0.0   1   1   3.9e-10   1.4e-08   30.0   0.0     6   116     3   114     1   115 0.86 -
131625:2-328         -            109 28703at4891          -            162   3.6e-06   22.2   0.0   1   1   1.1e-07   4.1e-06   22.0   0.0    67   145     5    82     1    91 0.92 -
145381:1-1110        -            370 28703at4891          -            162     3e-05   19.2   0.0   1   1   2.1e-06   7.7e-05   17.9   0.0     6   158   170   326   163   330 0.70 -
138885:74-472        -            133 28703at4891          -            162   0.00011   17.4   0.1   1   1   3.7e-06   0.00014   17.0   0.1    80   155     3    80     1    86 0.84 -
144493:24-539        -            172 28703at4891          -            162   0.00018   16.7   0.1   1   1   5.2e-06   0.00019   16.6   0.1     5   117     6   122     2   164 0.72 -
133105:21-350        -            110 28703at4891          -            162   0.00023   16.3   0.0   1   1   7.9e-06   0.00029   16.0   0.0     3    87    18    97    16   107 0.80 -
138519:31-459        -            143 28703at4891          -            162   0.00023   16.3   0.0   1   1   7.6e-06   0.00028   16.0   0.0     3    88    18    98    16   134 0.76 -
127717:2-280         -             93 28703at4891          -            162   0.00099   14.3   0.0   1   1   3.2e-05    0.0012   14.0   0.0     3    78    19    91    17    93 0.85 -
#
# Program:         hmmsearch
# Version:         3.1b2 (February 2015)
# Pipeline mode:   SEARCH
# Query file:      /home/jj/Desktop/Bioinformatics/3rd_year/1term/Computational_genomics/Seminars/exercise_04/busco_downloads/lineages/saccharomycetes_odb10/hmms/28703at4891.hmm
# Target file:     /home/jj/Desktop/Bioinformatics/3rd_year/1term/Computational_genomics/Seminars/exercise_04/./busco/SRR7548448/SRR7548448_k63_contigs/run_saccharomycetes_odb10/metaeuk_output/rerun_results/SRR7548448_k63_graph.contig.fa.modified.fas
# Option settings: hmmsearch --domtblout /home/jj/Desktop/Bioinformatics/3rd_year/1term/Computational_genomics/Seminars/exercise_04/./busco/SRR7548448/SRR7548448_k63_contigs/run_saccharomycetes_odb10/hmmer_output/rerun_results/28703at4891.out --cpu 1 /home/jj/Desktop/Bioinformatics/3rd_year/1term/Computational_genomics/Seminars/exercise_04/busco_downloads/lineages/saccharomycetes_odb10/hmms/28703at4891.hmm /home/jj/Desktop/Bioinformatics/3rd_year/1term/Computational_genomics/Seminars/exercise_04/./busco/SRR7548448/SRR7548448_k63_contigs/run_saccharomycetes_odb10/metaeuk_output/rerun_results/SRR7548448_k63_graph.contig.fa.modified.fas 
# Current dir:     /home/jj/Desktop/Bioinformatics/3rd_year/1term/Computational_genomics/Seminars/exercise_04
# Date:            Tue Nov  5 18:54:43 2024
# [ok]
