#                                                                            --- full sequence --- -------------- this domain -------------   hmm coord   ali coord   env coord
# target name        accession   tlen query name           accession   qlen   E-value  score  bias   #  of  c-Evalue  i-Evalue  score  bias  from    to  from    to  from    to  acc description of target
#------------------- ---------- ----- -------------------- ---------- ----- --------- ------ ----- --- --- --------- --------- ------ ----- ----- ----- ----- ----- ----- ----- ---- ---------------------
128737:45-290        -             82 29070at4891          -            155   8.8e-46  150.8   0.0   1   1   1.7e-47   9.5e-46  150.7   0.0    75   155     1    82     1    82 0.97 -
134611:93-374        -             94 29070at4891          -            155   5.1e-31  102.9   0.1   1   1   9.3e-33   5.1e-31  102.9   0.1    68   149     9    89     1    94 0.93 -
140231:4-357         -            118 29070at4891          -            155     2e-30  101.0   0.4   1   1   1.2e-30   6.9e-29   96.0   0.4    29   151     1   115     1   118 0.91 -
136199:103-405       -            101 29070at4891          -            155   1.6e-24   81.8   1.8   1   1   1.2e-24   6.7e-23   76.5   1.8    15   123     1   100     1   101 0.91 -
121715:8-232         -             75 29070at4891          -            155     4e-12   41.5   0.0   1   1   8.4e-14   4.6e-12   41.3   0.0     3    68     4    70     2    73 0.95 -
113363:2-193         -             64 29070at4891          -            155     7e-12   40.7   0.8   1   1   2.2e-13   1.2e-11   39.9   0.8    40    88     1    54     1    64 0.84 -
114641:32-199        -             56 29070at4891          -            155   3.4e-11   38.5   0.0   1   1   7.2e-13     4e-11   38.3   0.0    40    87     1    53     1    55 0.87 -
135105:2-304         -            101 29070at4891          -            155   3.7e-10   35.1   0.1   1   1   7.4e-12   4.1e-10   35.0   0.1    28    87    25    90     3    96 0.84 -
126155:1-261         -             87 29070at4891          -            155   6.2e-07   24.7   0.4   1   1   1.3e-07     7e-06   21.2   0.4    60   148     1    84     1    87 0.73 -
134435:0-371         -            124 29070at4891          -            155   2.7e-06   22.6   0.3   1   1   1.7e-07   9.5e-06   20.8   0.3    53   106     5    50     2    92 0.74 -
118539:10-204        -             65 29070at4891          -            155     5e-06   21.7   0.0   1   1   9.8e-08   5.4e-06   21.6   0.0    99   148     9    58     4    64 0.87 -
135769:30-395        -            122 29070at4891          -            155   9.5e-05   17.6   0.0   1   1   2.8e-06   0.00015   16.9   0.0   101   146     2    47     1    54 0.94 -
#
# Program:         hmmsearch
# Version:         3.1b2 (February 2015)
# Pipeline mode:   SEARCH
# Query file:      /home/jj/Desktop/Bioinformatics/3rd_year/1term/Computational_genomics/Seminars/exercise_04/busco_downloads/lineages/saccharomycetes_odb10/hmms/29070at4891.hmm
# Target file:     /home/jj/Desktop/Bioinformatics/3rd_year/1term/Computational_genomics/Seminars/exercise_04/./busco/SRR7548448/SRR7548448_k63_contigs/run_saccharomycetes_odb10/metaeuk_output/rerun_results/SRR7548448_k63_graph.contig.fa.modified.fas
# Option settings: hmmsearch --domtblout /home/jj/Desktop/Bioinformatics/3rd_year/1term/Computational_genomics/Seminars/exercise_04/./busco/SRR7548448/SRR7548448_k63_contigs/run_saccharomycetes_odb10/hmmer_output/rerun_results/29070at4891.out --cpu 1 /home/jj/Desktop/Bioinformatics/3rd_year/1term/Computational_genomics/Seminars/exercise_04/busco_downloads/lineages/saccharomycetes_odb10/hmms/29070at4891.hmm /home/jj/Desktop/Bioinformatics/3rd_year/1term/Computational_genomics/Seminars/exercise_04/./busco/SRR7548448/SRR7548448_k63_contigs/run_saccharomycetes_odb10/metaeuk_output/rerun_results/SRR7548448_k63_graph.contig.fa.modified.fas 
# Current dir:     /home/jj/Desktop/Bioinformatics/3rd_year/1term/Computational_genomics/Seminars/exercise_04
# Date:            Tue Nov  5 18:54:04 2024
# [ok]
