#                                                                            --- full sequence --- -------------- this domain -------------   hmm coord   ali coord   env coord
# target name        accession   tlen query name           accession   qlen   E-value  score  bias   #  of  c-Evalue  i-Evalue  score  bias  from    to  from    to  from    to  acc description of target
#------------------- ---------- ----- -------------------- ---------- ----- --------- ------ ----- --- --- --------- --------- ------ ----- ----- ----- ----- ----- ----- ----- ---- ---------------------
136307:2-403         -            134 3044at4891           -            411   2.3e-14   48.6   0.4   1   1   3.1e-15   6.5e-14   47.2   0.4   250   321    60   132     1   134 0.77 -
139915:3-470         -            156 3044at4891           -            411   4.5e-14   47.7   0.0   1   1   2.6e-15   5.4e-14   47.4   0.0   260   353     1    99     1   107 0.85 -
145175:14-847        -            278 3044at4891           -            411   2.2e-13   45.4   0.3   1   1   1.5e-14     3e-13   45.0   0.3   237   330    55   147     5   153 0.89 -
143033:187-669       -            161 3044at4891           -            411   2.6e-12   41.9   0.4   1   1   2.3e-13   4.7e-12   41.0   0.4   207   333     3   143     1   151 0.74 -
143027:172-651       -            160 3044at4891           -            411   3.4e-12   41.5   0.2   1   1   2.1e-12   4.3e-11   37.9   0.2   258   330    80   151     3   157 0.84 -
143795:67-747        -            227 3044at4891           -            411   5.1e-12   40.9   0.0   1   1   3.1e-13   6.5e-12   40.6   0.0   260   330     2    71     1    94 0.91 -
144845:209-790       -            194 3044at4891           -            411     3e-11   38.4   0.2   1   1   1.5e-12     3e-11   38.4   0.2   264   331   112   192    38   194 0.75 -
138105:16-444        -            143 3044at4891           -            411   5.5e-11   37.5   0.0   1   1   3.3e-12   6.9e-11   37.2   0.0   252   328    61   140     1   142 0.77 -
143351:5-469         -            155 3044at4891           -            411     2e-10   35.7   0.5   1   2      0.79        16   -0.3   0.0   202   232     2    34     1    39 0.79 -
143351:5-469         -            155 3044at4891           -            411     2e-10   35.7   0.5   2   2   2.9e-11     6e-10   34.1   0.2   256   330    81   154    53   155 0.86 -
141063:9-554         -            182 3044at4891           -            411   4.9e-10   34.4   0.0   1   1   2.6e-11   5.3e-10   34.3   0.0   257   334    52   129    40   169 0.85 -
144839:7-642         -            212 3044at4891           -            411     6e-10   34.1   0.1   1   1     4e-11   8.3e-10   33.6   0.1   256   331    21    96     6   103 0.86 -
142181:21-614        -            198 3044at4891           -            411   2.1e-09   32.3   0.3   1   1   1.3e-10   2.6e-09   32.0   0.3   176   329    10   162     6   175 0.83 -
138137:12-449        -            146 3044at4891           -            411   2.5e-09   32.1   0.1   1   1   1.5e-10   3.1e-09   31.8   0.1   257   328    50   120    40   135 0.82 -
143975:1-471         -            157 3044at4891           -            411   2.9e-09   31.8   0.1   1   1   3.9e-09   8.1e-08   27.1   0.1   191   313    15   156     3   157 0.70 -
140939:17-526        -            170 3044at4891           -            411   3.1e-09   31.8   0.2   1   1   6.8e-10   1.4e-08   29.6   0.2   287   377     6   116     1   120 0.65 -
141463:27-569        -            181 3044at4891           -            411   8.2e-09   30.4   0.0   1   1   4.8e-10   9.9e-09   30.1   0.0   287   330    44    88    38   139 0.72 -
144109:7-732         -            242 3044at4891           -            411   1.5e-08   29.5   0.1   1   1   1.1e-09   2.3e-08   28.9   0.1   291   338    13    65     7    80 0.81 -
142899:7-642         -            212 3044at4891           -            411   2.3e-08   28.9   0.0   1   1   1.2e-09   2.6e-08   28.7   0.0   281   330    33    82    17   132 0.90 -
143007:66-662        -            199 3044at4891           -            411   2.7e-08   28.7   0.1   1   2      0.19       4.1    1.7   0.0   200   233     2    37     1    54 0.83 -
143007:66-662        -            199 3044at4891           -            411   2.7e-08   28.7   0.1   2   2   1.5e-08   3.1e-07   25.1   0.0   269   338    83   155    69   167 0.86 -
137929:9-443         -            145 3044at4891           -            411   4.5e-08   27.9   0.0   1   1   2.4e-09   4.9e-08   27.8   0.0   281   377    13   109     2   118 0.72 -
138573:6-455         -            150 3044at4891           -            411   6.4e-08   27.4   0.0   1   1   3.8e-09   7.9e-08   27.1   0.0   287   380     1    96     1   100 0.92 -
143305:7-633         -            209 3044at4891           -            411   7.4e-08   27.2   0.0   1   1   4.4e-09   9.2e-08   26.9   0.0   287   330     3    46     1    64 0.88 -
144797:1-714         -            238 3044at4891           -            411   1.3e-07   26.4   0.0   1   1   8.1e-09   1.7e-07   26.0   0.0   254   379     1   128     1   132 0.80 -
139911:55-507        -            151 3044at4891           -            411   1.3e-07   26.4   0.0   1   1   1.5e-08   3.1e-07   25.1   0.0   296   380     6   100     1   104 0.72 -
145155:2-835         -            278 3044at4891           -            411   2.2e-07   25.7   0.0   1   1   1.5e-08   3.1e-07   25.2   0.0   258   330    89   161    75   177 0.87 -
142343:154-603       -            150 3044at4891           -            411   2.3e-07   25.6   0.0   1   1   1.3e-08   2.7e-07   25.3   0.0   268   330    22    89     4   100 0.85 -
138777:77-469        -            131 3044at4891           -            411     1e-06   23.4   0.6   1   2   3.1e-06   6.5e-05   17.5   0.1   296   316     8    28     3    33 0.88 -
138777:77-469        -            131 3044at4891           -            411     1e-06   23.4   0.6   2   2     0.029      0.61    4.4   0.1   356   380   105   129    99   130 0.89 -
144279:254-808       -            185 3044at4891           -            411   1.3e-06   23.1   0.0   1   1   9.1e-08   1.9e-06   22.6   0.0   288   329     4    45     2    58 0.91 -
141797:1-591         -            197 3044at4891           -            411   1.4e-05   19.7   0.0   1   1     7e-07   1.5e-05   19.7   0.0   258   333     6    85     2   148 0.83 -
137919:7-429         -            141 3044at4891           -            411   2.9e-05   18.7   0.0   1   1   1.5e-06     3e-05   18.6   0.0   299   329     1    31     1    81 0.86 -
145735:713-1261      -            183 3044at4891           -            411   3.5e-05   18.4   0.0   1   1   2.6e-06   5.4e-05   17.8   0.0   281   330    23    70    10    73 0.85 -
144977:40-684        -            215 3044at4891           -            411   4.6e-05   18.0   0.1   1   2   1.4e-05   0.00028   15.4   0.1   258   315    10    66     2    69 0.86 -
144977:40-684        -            215 3044at4891           -            411   4.6e-05   18.0   0.1   2   2      0.55        12    0.2   0.0   349   379   122   152    96   154 0.73 -
#
# Program:         hmmsearch
# Version:         3.1b2 (February 2015)
# Pipeline mode:   SEARCH
# Query file:      /home/jj/Desktop/Bioinformatics/3rd_year/1term/Computational_genomics/Seminars/exercise_04/busco_downloads/lineages/saccharomycetes_odb10/hmms/3044at4891.hmm
# Target file:     /home/jj/Desktop/Bioinformatics/3rd_year/1term/Computational_genomics/Seminars/exercise_04/./busco/SRR7548448/SRR7548448_k63_contigs/run_saccharomycetes_odb10/metaeuk_output/rerun_results/SRR7548448_k63_graph.contig.fa.modified.fas
# Option settings: hmmsearch --domtblout /home/jj/Desktop/Bioinformatics/3rd_year/1term/Computational_genomics/Seminars/exercise_04/./busco/SRR7548448/SRR7548448_k63_contigs/run_saccharomycetes_odb10/hmmer_output/rerun_results/3044at4891.out --cpu 1 /home/jj/Desktop/Bioinformatics/3rd_year/1term/Computational_genomics/Seminars/exercise_04/busco_downloads/lineages/saccharomycetes_odb10/hmms/3044at4891.hmm /home/jj/Desktop/Bioinformatics/3rd_year/1term/Computational_genomics/Seminars/exercise_04/./busco/SRR7548448/SRR7548448_k63_contigs/run_saccharomycetes_odb10/metaeuk_output/rerun_results/SRR7548448_k63_graph.contig.fa.modified.fas 
# Current dir:     /home/jj/Desktop/Bioinformatics/3rd_year/1term/Computational_genomics/Seminars/exercise_04
# Date:            Tue Nov  5 18:54:10 2024
# [ok]
