#                                                                            --- full sequence --- -------------- this domain -------------   hmm coord   ali coord   env coord
# target name        accession   tlen query name           accession   qlen   E-value  score  bias   #  of  c-Evalue  i-Evalue  score  bias  from    to  from    to  from    to  acc description of target
#------------------- ---------- ----- -------------------- ---------- ----- --------- ------ ----- --- --- --------- --------- ------ ----- ----- ----- ----- ----- ----- ----- ---- ---------------------
144461:10-831        -            274 30524at4891          -            207   1.8e-28   94.7   1.2   1   2   7.3e-19   2.9e-17   58.1   0.3     5   145     3   184     1   194 0.71 -
144461:10-831        -            274 30524at4891          -            207   1.8e-28   94.7   1.2   2   2   2.6e-07     1e-05   20.4   0.0     2    53   199   260   198   268 0.69 -
142283:0-563         -            188 30524at4891          -            207   9.5e-21   69.4   0.2   1   3   2.5e-06   9.6e-05   17.2   0.0     2    31    13    42    12    48 0.89 -
142283:0-563         -            188 30524at4891          -            207   9.5e-21   69.4   0.2   2   3     1e-05    0.0004   15.1   0.0   101   146    51    96    41   102 0.80 -
142283:0-563         -            188 30524at4891          -            207   9.5e-21   69.4   0.2   3   3   1.2e-11   4.7e-10   34.5   0.0     2    74   109   186   108   188 0.84 -
140361:20-523        -            168 30524at4891          -            207   9.9e-20   66.1   0.1   1   2   2.2e-12   8.8e-11   36.9   0.0    75   147     7    85     3    91 0.85 -
140361:20-523        -            168 30524at4891          -            207   9.9e-20   66.1   0.1   2   2     2e-09   7.9e-08   27.2   0.0     5    57   109   165   104   168 0.83 -
142839:31-621        -            197 30524at4891          -            207   6.5e-19   63.4   3.4   1   3   1.9e-07   7.4e-06   20.8   0.0   145   180    26    61    21    66 0.89 -
142839:31-621        -            197 30524at4891          -            207   6.5e-19   63.4   3.4   2   3   6.1e-09   2.4e-07   25.7   0.1   107   180    69   158    61   161 0.77 -
142839:31-621        -            197 30524at4891          -            207   6.5e-19   63.4   3.4   3   3   9.2e-05    0.0036   12.0   0.2   165   203   159   197   152   197 0.90 -
142097:117-608       -            164 30524at4891          -            207   5.8e-14   47.3   0.1   1   3   3.8e-05    0.0015   13.3   0.0    34    77    13    56     7    64 0.85 -
142097:117-608       -            164 30524at4891          -            207   5.8e-14   47.3   0.1   2   3   6.8e-05    0.0027   12.5   0.0     3    30    74   101    72   104 0.90 -
142097:117-608       -            164 30524at4891          -            207   5.8e-14   47.3   0.1   3   3   1.2e-06   4.7e-05   18.2   0.0   166   205   118   157   103   159 0.85 -
144901:425-925       -            167 30524at4891          -            207   1.3e-13   46.2   0.0   1   2   6.4e-12   2.5e-10   35.4   0.0    79   146    17    92     8    97 0.83 -
144901:425-925       -            167 30524at4891          -            207   1.3e-13   46.2   0.0   2   2    0.0013     0.051    8.3   0.0     7    52   111   155   104   160 0.85 -
143297:47-682        -            212 30524at4891          -            207   2.2e-13   45.4   0.3   1   2   4.1e-05    0.0016   13.2   0.0   109   149    78   118    23   123 0.90 -
143297:47-682        -            212 30524at4891          -            207   2.2e-13   45.4   0.3   2   2   1.1e-09   4.3e-08   28.1   0.1     5    73   137   210   134   212 0.68 -
143255:2-670         -            223 30524at4891          -            207     2e-12   42.3   4.1   1   3     0.015      0.57    4.9   0.1    68   105    32    69     1    78 0.85 -
143255:2-670         -            223 30524at4891          -            207     2e-12   42.3   4.1   2   3   0.00016    0.0063   11.2   0.1    31   110    80   176    47   181 0.61 -
143255:2-670         -            223 30524at4891          -            207     2e-12   42.3   4.1   3   3   1.7e-07   6.6e-06   21.0   0.1   168   204   186   222   179   223 0.87 -
144201:52-801        -            250 30524at4891          -            207   3.5e-12   41.5   0.2   1   3   0.00054     0.021    9.5   0.0   108   146    30    68    23    74 0.63 -
144201:52-801        -            250 30524at4891          -            207   3.5e-12   41.5   0.2   2   3   8.5e-07   3.3e-05   18.7   0.0    29    93   125   190    84   194 0.70 -
144201:52-801        -            250 30524at4891          -            207   3.5e-12   41.5   0.2   3   3    0.0009     0.035    8.8   0.0    14    57   197   247   188   250 0.71 -
138951:2-475         -            158 30524at4891          -            207     2e-11   39.0   2.4   1   2   1.3e-05   0.00053   14.8   0.6    50   107     3    76     1    80 0.65 -
138951:2-475         -            158 30524at4891          -            207     2e-11   39.0   2.4   2   2   8.7e-07   3.4e-05   18.6   0.0   152   206    81   132    74   133 0.90 -
139299:2-484         -            161 30524at4891          -            207   1.1e-09   33.3   0.0   1   2   1.1e-08   4.3e-07   24.9   0.0    70   145    32   117    19   124 0.78 -
139299:2-484         -            161 30524at4891          -            207   1.1e-09   33.3   0.0   2   2    0.0069      0.27    5.9   0.0   147   170   138   161   133   161 0.83 -
137551:4-429         -            142 30524at4891          -            207     2e-09   32.5   0.1   1   2   1.2e-05   0.00048   14.9   0.0   106   146    18    57    12    62 0.85 -
137551:4-429         -            142 30524at4891          -            207     2e-09   32.5   0.1   2   2   8.3e-06   0.00032   15.5   0.0     3    60    78   141    76   142 0.76 -
139317:1-486         -            162 30524at4891          -            207   2.5e-09   32.1   0.7   1   2     6e-06   0.00024   15.9   0.0   106   148    22    64     5    69 0.66 -
139317:1-486         -            162 30524at4891          -            207   2.5e-09   32.1   0.7   2   2   6.4e-05    0.0025   12.6   0.0   164   201   114   151   109   157 0.85 -
145631:35-901        -            289 30524at4891          -            207   2.7e-09   32.0   2.5   1   3   2.5e-05   0.00099   13.9   0.1    76   148    10    91     2   109 0.79 -
145631:35-901        -            289 30524at4891          -            207   2.7e-09   32.0   2.5   2   3    0.0005     0.019    9.6   0.0   110   204   150   184   100   193 0.50 -
145631:35-901        -            289 30524at4891          -            207   2.7e-09   32.0   2.5   3   3      0.02      0.79    4.4   0.0   146   173   207   234   199   249 0.84 -
138685:10-465        -            152 30524at4891          -            207     3e-08   28.6   0.1   1   2   4.8e-07   1.9e-05   19.5   0.1    29    93    36   101     1   108 0.84 -
138685:10-465        -            152 30524at4891          -            207     3e-08   28.6   0.1   2   2    0.0024     0.094    7.4   0.0    17    45   111   147   100   152 0.48 -
141067:1-555         -            185 30524at4891          -            207     9e-08   27.1   0.3   1   3      0.33        13    0.4   0.0   130   166    24    55    12    73 0.61 -
141067:1-555         -            185 30524at4891          -            207     9e-08   27.1   0.3   2   3   3.7e-07   1.5e-05   19.9   0.1    29    93    75   140    34   148 0.82 -
141067:1-555         -            185 30524at4891          -            207     9e-08   27.1   0.3   3   3     0.016      0.62    4.7   0.0    14   178   147   168   138   185 0.57 -
138411:3-458         -            152 30524at4891          -            207   2.4e-06   22.4   0.0   1   2     0.019      0.74    4.5   0.0   179   206    25    52    19    53 0.92 -
138411:3-458         -            152 30524at4891          -            207   2.4e-06   22.4   0.0   2   2   2.3e-05    0.0009   14.0   0.0     3    32    90   119    88   152 0.67 -
#
# Program:         hmmsearch
# Version:         3.1b2 (February 2015)
# Pipeline mode:   SEARCH
# Query file:      /home/jj/Desktop/Bioinformatics/3rd_year/1term/Computational_genomics/Seminars/exercise_04/busco_downloads/lineages/saccharomycetes_odb10/hmms/30524at4891.hmm
# Target file:     /home/jj/Desktop/Bioinformatics/3rd_year/1term/Computational_genomics/Seminars/exercise_04/./busco/SRR7548448/SRR7548448_k63_contigs/run_saccharomycetes_odb10/metaeuk_output/rerun_results/SRR7548448_k63_graph.contig.fa.modified.fas
# Option settings: hmmsearch --domtblout /home/jj/Desktop/Bioinformatics/3rd_year/1term/Computational_genomics/Seminars/exercise_04/./busco/SRR7548448/SRR7548448_k63_contigs/run_saccharomycetes_odb10/hmmer_output/rerun_results/30524at4891.out --cpu 1 /home/jj/Desktop/Bioinformatics/3rd_year/1term/Computational_genomics/Seminars/exercise_04/busco_downloads/lineages/saccharomycetes_odb10/hmms/30524at4891.hmm /home/jj/Desktop/Bioinformatics/3rd_year/1term/Computational_genomics/Seminars/exercise_04/./busco/SRR7548448/SRR7548448_k63_contigs/run_saccharomycetes_odb10/metaeuk_output/rerun_results/SRR7548448_k63_graph.contig.fa.modified.fas 
# Current dir:     /home/jj/Desktop/Bioinformatics/3rd_year/1term/Computational_genomics/Seminars/exercise_04
# Date:            Tue Nov  5 18:54:23 2024
# [ok]
