#                                                                            --- full sequence --- -------------- this domain -------------   hmm coord   ali coord   env coord
# target name        accession   tlen query name           accession   qlen   E-value  score  bias   #  of  c-Evalue  i-Evalue  score  bias  from    to  from    to  from    to  acc description of target
#------------------- ---------- ----- -------------------- ---------- ----- --------- ------ ----- --- --- --------- --------- ------ ----- ----- ----- ----- ----- ----- ----- ---- ---------------------
145769:0-1415        -            472 3060at4891           -            763   5.1e-32  106.1   6.9   1   3   2.1e-10   4.7e-09   30.2   2.1   352   532    37   220    35   224 0.74 -
145769:0-1415        -            472 3060at4891           -            763   5.1e-32  106.1   6.9   2   3   2.6e-15   5.9e-14   46.4   0.0    55   176   259   386   239   388 0.89 -
145769:0-1415        -            472 3060at4891           -            763   5.1e-32  106.1   6.9   3   3   1.7e-15     4e-14   46.9   0.2   468   576   352   462   349   469 0.74 -
145821:41-862        -            274 3060at4891           -            763   1.4e-31  104.7  10.8   1   3   7.4e-12   1.7e-10   34.9   0.5    74   149     2    75     1    76 0.95 -
145821:41-862        -            274 3060at4891           -            763   1.4e-31  104.7  10.8   2   3   4.6e-14     1e-12   42.2   1.3   465   549    70   151    69   163 0.91 -
145821:41-862        -            274 3060at4891           -            763   1.4e-31  104.7  10.8   3   3   6.5e-12   1.5e-10   35.1   0.1   513   575   204   264   195   273 0.89 -
145301:241-942       -            234 3060at4891           -            763   4.5e-29   96.4   4.1   1   2   2.9e-19   6.7e-18   59.4   1.2   456   578     2   125     1   132 0.95 -
145301:241-942       -            234 3060at4891           -            763   4.5e-29   96.4   4.1   2   2   7.6e-13   1.8e-11   38.2   0.1    56   127   133   205   119   210 0.83 -
145543:193-1188      -            332 3060at4891           -            763   2.1e-18   61.1   2.6   1   3   1.7e-05   0.00039   13.9   0.0   371   399     3    31     1    44 0.88 -
145543:193-1188      -            332 3060at4891           -            763   2.1e-18   61.1   2.6   2   3     2e-05   0.00047   13.6   0.0    91   130    56    95    50    99 0.90 -
145543:193-1188      -            332 3060at4891           -            763   2.1e-18   61.1   2.6   3   3   1.1e-10   2.5e-09   31.1   1.1   496   574   114   192   110   208 0.92 -
143663:88-690        -            201 3060at4891           -            763   1.4e-17   58.3   2.8   1   3    0.0049      0.11    5.8   0.0   150   172     2    24     1    43 0.72 -
143663:88-690        -            201 3060at4891           -            763   1.4e-17   58.3   2.8   2   3   1.9e-15   4.4e-14   46.8   0.1    66   132    61   123    38   141 0.83 -
143663:88-690        -            201 3060at4891           -            763   1.4e-17   58.3   2.8   3   3    0.0068      0.16    5.3   0.1    25    84   143   200   132   201 0.79 -
144149:4-795         -            264 3060at4891           -            763   1.6e-17   58.2   1.8   1   3     0.051       1.2    2.4   0.0   294   323    26    56     6    61 0.79 -
144149:4-795         -            264 3060at4891           -            763   1.6e-17   58.2   1.8   2   3   1.3e-08   2.9e-07   24.3   0.2   497   587    62   158    27   160 0.77 -
144149:4-795         -            264 3060at4891           -            763   1.6e-17   58.2   1.8   3   3   2.2e-10   5.1e-09   30.0   0.1    60   146   161   249   157   253 0.91 -
143313:52-507        -            152 3060at4891           -            763   3.4e-17   57.1   6.7   1   2   4.2e-06   9.6e-05   15.9   0.2   519   575     3    64     1    71 0.87 -
143313:52-507        -            152 3060at4891           -            763   3.4e-17   57.1   6.7   2   2   6.1e-15   1.4e-13   45.1   1.4   454   531    69   151    63   152 0.87 -
140077:5-511         -            169 3060at4891           -            763   6.4e-16   52.9   0.0   1   1   8.4e-17   1.9e-15   51.3   0.0    54   172     4   127     1   163 0.78 -
140847:1-537         -            179 3060at4891           -            763   7.1e-16   52.7   0.1   1   1   5.6e-16   1.3e-14   48.6   0.1   420   556     2   158     1   162 0.85 -
143977:73-726        -            218 3060at4891           -            763   3.4e-15   50.5   0.7   1   2   6.2e-11   1.4e-09   31.9   0.1    37   147     6   113     2   116 0.87 -
143977:73-726        -            218 3060at4891           -            763   3.4e-15   50.5   0.7   2   2   4.1e-07   9.4e-06   19.3   0.1    56   127   106   180    91   194 0.81 -
142977:29-619        -            197 3060at4891           -            763   7.2e-15   49.4   0.2   1   2   9.3e-07   2.1e-05   18.1   0.0   502   574     1    75     1    98 0.81 -
142977:29-619        -            197 3060at4891           -            763   7.2e-15   49.4   0.2   2   2   2.8e-10   6.5e-09   29.7   0.1    74   126   109   161    89   172 0.91 -
144137:68-793        -            242 3060at4891           -            763   1.3e-14   48.6   6.8   1   1   1.8e-15   4.2e-14   46.9   6.7   420   573    79   232    60   239 0.92 -
144541:4-777         -            258 3060at4891           -            763   3.7e-14   47.0  12.5   1   1   8.9e-14     2e-12   41.3  12.5   388   577     2   202     1   210 0.79 -
143819:146-751       -            202 3060at4891           -            763   3.1e-13   44.0   0.6   1   2   2.4e-13   5.6e-12   39.8   0.1    92   172     4    89     2    97 0.71 -
143819:146-751       -            202 3060at4891           -            763   3.1e-13   44.0   0.6   2   2     0.035       0.8    3.0   0.0    64    90   161   187   113   202 0.67 -
141623:9-581         -            191 3060at4891           -            763   6.2e-13   43.0   2.4   1   2   0.00025    0.0057   10.1   0.1    28    94     6    72     2    85 0.77 -
141623:9-581         -            191 3060at4891           -            763   6.2e-13   43.0   2.4   2   2   2.8e-11   6.4e-10   33.0   0.2    68   146    87   166    78   170 0.89 -
145583:484-1188      -            235 3060at4891           -            763   2.1e-12   41.2   1.1   1   2   1.3e-07   2.9e-06   20.9   0.1    64   127     4    72     1    77 0.82 -
145583:484-1188      -            235 3060at4891           -            763   2.1e-12   41.2   1.1   2   2   3.7e-07   8.5e-06   19.4   0.1    20   126   100   220    87   233 0.61 -
144489:26-847        -            274 3060at4891           -            763   5.7e-12   39.8   0.6   1   2   6.4e-08   1.5e-06   21.9   0.8   471   531     6    68     3    74 0.87 -
144489:26-847        -            274 3060at4891           -            763   5.7e-12   39.8   0.6   2   2   4.7e-06   0.00011   15.7   0.0    67   129   113   178    89   194 0.77 -
143505:234-713       -            160 3060at4891           -            763   2.9e-10   34.2   1.1   1   2     6e-11   1.4e-09   31.9   0.8   457   535    15    92     1   130 0.64 -
143505:234-713       -            160 3060at4891           -            763   2.9e-10   34.2   1.1   2   2     0.092       2.1    1.6   0.0   423   459   106   143    97   150 0.66 -
144947:189-947       -            253 3060at4891           -            763   9.3e-10   32.5   2.1   1   3    0.0006     0.014    8.8   0.3    35   164    26   167     3   172 0.60 -
144947:189-947       -            253 3060at4891           -            763   9.3e-10   32.5   2.1   2   3     0.023      0.53    3.6   0.0    59    89   142   171   128   191 0.66 -
144947:189-947       -            253 3060at4891           -            763   9.3e-10   32.5   2.1   3   3   1.6e-07   3.6e-06   20.6   0.1    53   118   187   252   176   253 0.83 -
141381:50-520        -            157 3060at4891           -            763   1.1e-09   32.3   0.1   1   1   5.8e-11   1.3e-09   32.0   0.1   498   578    59   140    53   156 0.80 -
144067:217-762       -            182 3060at4891           -            763   1.5e-09   31.8   9.9   1   2    0.0013     0.029    7.7   0.3    57   131     2    86     1    90 0.67 -
144067:217-762       -            182 3060at4891           -            763   1.5e-09   31.8   9.9   2   2     2e-09   4.6e-08   26.9   8.2   475   571    67   167    56   174 0.86 -
145365:0-995         -            332 3060at4891           -            763   1.4e-08   28.6   0.4   1   2   8.6e-05     0.002   11.6   0.0    45   126     7    94     1   117 0.80 -
145365:0-995         -            332 3060at4891           -            763   1.4e-08   28.6   0.4   2   2   9.8e-06   0.00022   14.7   0.2   467   579   212   331   203   332 0.62 -
144313:136-771       -            212 3060at4891           -            763   1.9e-08   28.2   1.2   1   3       1.4        31   -2.3   0.0    71    83     2    14     1    29 0.61 -
144313:136-771       -            212 3060at4891           -            763   1.9e-08   28.2   1.2   2   3   5.7e-08   1.3e-06   22.1   0.0    22   131    48   167    41   173 0.75 -
144313:136-771       -            212 3060at4891           -            763   1.9e-08   28.2   1.2   3   3      0.02      0.47    3.7   0.0    47    83   178   212   172   212 0.86 -
145907:260-880       -            207 3060at4891           -            763   2.9e-07   24.2   0.4   1   3      0.59        14   -1.1   0.0   384   402     4    22     2    32 0.65 -
145907:260-880       -            207 3060at4891           -            763   2.9e-07   24.2   0.4   2   3   0.00012    0.0027   11.1   0.0    86   126    33    73    23    76 0.88 -
145907:260-880       -            207 3060at4891           -            763   2.9e-07   24.2   0.4   3   3   0.00018    0.0041   10.5   0.0    53   128   116   191    82   206 0.78 -
145363:1-1098        -            366 3060at4891           -            763   3.6e-06   20.6   0.0   1   1   2.6e-07     6e-06   19.9   0.0    36   138    56   157    37   191 0.80 -
143253:125-688       -            188 3060at4891           -            763   5.9e-06   19.9   0.1   1   1   7.3e-07   1.7e-05   18.4   0.1    36   127    47   139    28   146 0.75 -
145853:101-1837      -            579 3060at4891           -            763   0.00011   15.7   0.0   1   2   1.1e-05   0.00026   14.5   0.0   367   447   301   378   289   384 0.84 -
145853:101-1837      -            579 3060at4891           -            763   0.00011   15.7   0.0   2   2       4.1        94   -3.9   0.0   112   139   452   479   440   488 0.80 -
144353:2-823         -            274 3060at4891           -            763   0.00015   15.3   0.1   1   2   5.2e-05    0.0012   12.3   0.0    95   148    16    69     5    79 0.88 -
144353:2-823         -            274 3060at4891           -            763   0.00015   15.3   0.1   2   2      0.83        19   -1.6   0.0   291   323   218   250   198   258 0.70 -
144047:63-782        -            240 3060at4891           -            763    0.0008   12.9   0.1   1   1   0.00033    0.0075    9.7   0.1   428   489    24    86    14   176 0.69 -
#
# Program:         hmmsearch
# Version:         3.1b2 (February 2015)
# Pipeline mode:   SEARCH
# Query file:      /home/jj/Desktop/Bioinformatics/3rd_year/1term/Computational_genomics/Seminars/exercise_04/busco_downloads/lineages/saccharomycetes_odb10/hmms/3060at4891.hmm
# Target file:     /home/jj/Desktop/Bioinformatics/3rd_year/1term/Computational_genomics/Seminars/exercise_04/./busco/SRR7548448/SRR7548448_k63_contigs/run_saccharomycetes_odb10/metaeuk_output/rerun_results/SRR7548448_k63_graph.contig.fa.modified.fas
# Option settings: hmmsearch --domtblout /home/jj/Desktop/Bioinformatics/3rd_year/1term/Computational_genomics/Seminars/exercise_04/./busco/SRR7548448/SRR7548448_k63_contigs/run_saccharomycetes_odb10/hmmer_output/rerun_results/3060at4891.out --cpu 1 /home/jj/Desktop/Bioinformatics/3rd_year/1term/Computational_genomics/Seminars/exercise_04/busco_downloads/lineages/saccharomycetes_odb10/hmms/3060at4891.hmm /home/jj/Desktop/Bioinformatics/3rd_year/1term/Computational_genomics/Seminars/exercise_04/./busco/SRR7548448/SRR7548448_k63_contigs/run_saccharomycetes_odb10/metaeuk_output/rerun_results/SRR7548448_k63_graph.contig.fa.modified.fas 
# Current dir:     /home/jj/Desktop/Bioinformatics/3rd_year/1term/Computational_genomics/Seminars/exercise_04
# Date:            Tue Nov  5 18:54:39 2024
# [ok]
