#                                                                            --- full sequence --- -------------- this domain -------------   hmm coord   ali coord   env coord
# target name        accession   tlen query name           accession   qlen   E-value  score  bias   #  of  c-Evalue  i-Evalue  score  bias  from    to  from    to  from    to  acc description of target
#------------------- ---------- ----- -------------------- ---------- ----- --------- ------ ----- --- --- --------- --------- ------ ----- ----- ----- ----- ----- ----- ----- ---- ---------------------
142283:0-563         -            188 31279at4891          -            214   8.9e-54  177.3   3.0   1   1   3.1e-54   1.2e-52  173.6   3.0     2   151     3   188     2   188 0.79 -
144461:10-831        -            274 31279at4891          -            214   5.5e-27   89.8   1.2   1   4   5.7e-07   2.2e-05   19.2   0.0    86   113     2    29     1    49 0.66 -
144461:10-831        -            274 31279at4891          -            214   5.5e-27   89.8   1.2   2   4    0.0012     0.047    8.3   0.0   179   210    53    84    47    88 0.84 -
144461:10-831        -            274 31279at4891          -            214   5.5e-27   89.8   1.2   3   4   1.1e-15   4.3e-14   47.7   0.1     4   112   102   227    99   240 0.83 -
144461:10-831        -            274 31279at4891          -            214   5.5e-27   89.8   1.2   4   4   0.00033     0.013   10.1   0.0   179   204   246   271   242   274 0.82 -
143255:2-670         -            223 31279at4891          -            214   1.2e-18   62.6   2.7   1   3   0.00021    0.0081   10.8   0.1    81   115    37    71     1    87 0.55 -
143255:2-670         -            223 31279at4891          -            214   1.2e-18   62.6   2.7   2   3   1.5e-09   5.9e-08   27.6   0.1    38   113    85   171    80   180 0.74 -
143255:2-670         -            223 31279at4891          -            214   1.2e-18   62.6   2.7   3   3   3.5e-08   1.4e-06   23.1   0.0   178   214   186   222   175   222 0.81 -
144201:52-801        -            250 31279at4891          -            214   1.4e-18   62.3   1.4   1   3   2.4e-09   9.4e-08   26.9   0.1    36   119    27   120    22   131 0.77 -
144201:52-801        -            250 31279at4891          -            214   1.4e-18   62.3   1.4   2   3   2.5e-10   9.9e-09   30.1   0.1    37   114   131   215   127   222 0.85 -
144201:52-801        -            250 31279at4891          -            214   1.4e-18   62.3   1.4   3   3     0.073       2.9    2.5   0.0    36    54   225   243   217   249 0.77 -
142839:31-621        -            197 31279at4891          -            214   5.1e-18   60.5   4.5   1   3   9.5e-10   3.7e-08   28.2   0.1    73   155    16   112    11   115 0.70 -
142839:31-621        -            197 31279at4891          -            214   5.1e-18   60.5   4.5   2   3   8.1e-08   3.2e-06   21.9   0.1    34   114    65   154    58   156 0.72 -
142839:31-621        -            197 31279at4891          -            214   5.1e-18   60.5   4.5   3   3   1.8e-08   7.1e-07   24.1   0.1    10    73   126   196   119   197 0.84 -
142097:117-608       -            164 31279at4891          -            214   5.7e-17   57.1   0.4   1   2   5.7e-11   2.2e-09   32.2   0.1    45   111    23   100    13   106 0.79 -
142097:117-608       -            164 31279at4891          -            214   5.7e-17   57.1   0.4   2   2   8.4e-08   3.3e-06   21.9   0.0   180   213   122   155   114   156 0.92 -
143297:47-682        -            212 31279at4891          -            214   2.1e-16   55.2   0.2   1   3    0.0066      0.26    5.9   0.0    80   123    24    68    19    77 0.80 -
143297:47-682        -            212 31279at4891          -            214   2.1e-16   55.2   0.2   2   3   0.00089     0.035    8.7   0.0   177   213    76   112    71   113 0.86 -
143297:47-682        -            212 31279at4891          -            214   2.1e-16   55.2   0.2   3   3   4.8e-12   1.9e-10   35.8   0.1     8    74   134   210   128   212 0.89 -
145631:35-901        -            289 31279at4891          -            214     1e-14   49.7   2.5   1   3   3.8e-08   1.5e-06   23.0   0.1    10    81    12    93     6   149 0.73 -
145631:35-901        -            289 31279at4891          -            214     1e-14   49.7   2.5   2   3   0.00013    0.0053   11.4   0.0   181   213   151   183   113   184 0.95 -
145631:35-901        -            289 31279at4891          -            214     1e-14   49.7   2.5   3   3   2.6e-05     0.001   13.7   0.1    77   152   200   287   192   289 0.76 -
141067:1-555         -            185 31279at4891          -            214   2.8e-13   45.0   0.6   1   2   7.5e-05    0.0029   12.2   0.0    85   127    36    78    29    84 0.82 -
141067:1-555         -            185 31279at4891          -            214   2.8e-13   45.0   0.6   2   2   6.4e-11   2.5e-09   32.1   0.1    36   116    80   167    75   177 0.85 -
138685:10-465        -            152 31279at4891          -            214   7.3e-13   43.6   1.2   1   2   3.7e-05    0.0014   13.3   0.1    89   122     1    34     1    50 0.75 -
138685:10-465        -            152 31279at4891          -            214   7.3e-13   43.6   1.2   2   2     6e-10   2.3e-08   28.9   0.2    38   114    43   126    38   133 0.83 -
140361:20-523        -            168 31279at4891          -            214   3.2e-12   41.5   0.3   1   1   2.6e-12     1e-10   36.6   0.3    11   131    11   161     4   167 0.72 -
144901:425-925       -            167 31279at4891          -            214   3.6e-10   34.8   0.0   1   2   1.1e-10   4.1e-09   31.4   0.0    13    81    19    96     9   106 0.85 -
144901:425-925       -            167 31279at4891          -            214   3.6e-10   34.8   0.0   2   2      0.25       9.8    0.7   0.0     9    43   111   141   107   156 0.67 -
138951:2-475         -            158 31279at4891          -            214   4.6e-10   34.5   2.6   1   3     0.039       1.5    3.4   0.0   189   213     2    26     1    30 0.81 -
138951:2-475         -            158 31279at4891          -            214   4.6e-10   34.5   2.6   2   3   5.2e-05     0.002   12.8   0.1     9    39    45    76    39    84 0.83 -
138951:2-475         -            158 31279at4891          -            214   4.6e-10   34.5   2.6   3   3   3.2e-06   0.00012   16.7   0.1    35    86    90   141    85   152 0.90 -
137551:4-429         -            142 31279at4891          -            214   5.4e-10   34.3   0.2   1   2   2.8e-08   1.1e-06   23.4   0.1    39   112    20   105    14   115 0.76 -
137551:4-429         -            142 31279at4891          -            214   5.4e-10   34.3   0.2   2   2    0.0028      0.11    7.1   0.0   178   200   119   141   111   142 0.89 -
139317:1-486         -            162 31279at4891          -            214   5.5e-10   34.2   0.2   1   3   2.8e-05    0.0011   13.6   0.0   179   213    25    59    18    60 0.92 -
139317:1-486         -            162 31279at4891          -            214   5.5e-10   34.2   0.2   2   3    0.0092      0.36    5.4   0.0    86   117    79   110    68   116 0.72 -
139317:1-486         -            162 31279at4891          -            214   5.5e-10   34.2   0.2   3   3   9.3e-05    0.0036   11.9   0.0   181   213   121   153   113   154 0.85 -
138411:3-458         -            152 31279at4891          -            214   9.1e-08   27.0   0.3   1   2     0.035       1.4    3.5   0.0    50    81    25    56    22    60 0.82 -
138411:3-458         -            152 31279at4891          -            214   9.1e-08   27.0   0.3   2   2   2.4e-07   9.2e-06   20.4   0.1    82   113    87   118    79   152 0.74 -
139299:2-484         -            161 31279at4891          -            214   9.6e-06   20.4   0.0   1   1     8e-05    0.0031   12.2   0.0    12   107    42   160    38   161 0.50 -
#
# Program:         hmmsearch
# Version:         3.1b2 (February 2015)
# Pipeline mode:   SEARCH
# Query file:      /home/jj/Desktop/Bioinformatics/3rd_year/1term/Computational_genomics/Seminars/exercise_04/busco_downloads/lineages/saccharomycetes_odb10/hmms/31279at4891.hmm
# Target file:     /home/jj/Desktop/Bioinformatics/3rd_year/1term/Computational_genomics/Seminars/exercise_04/./busco/SRR7548448/SRR7548448_k63_contigs/run_saccharomycetes_odb10/metaeuk_output/rerun_results/SRR7548448_k63_graph.contig.fa.modified.fas
# Option settings: hmmsearch --domtblout /home/jj/Desktop/Bioinformatics/3rd_year/1term/Computational_genomics/Seminars/exercise_04/./busco/SRR7548448/SRR7548448_k63_contigs/run_saccharomycetes_odb10/hmmer_output/rerun_results/31279at4891.out --cpu 1 /home/jj/Desktop/Bioinformatics/3rd_year/1term/Computational_genomics/Seminars/exercise_04/busco_downloads/lineages/saccharomycetes_odb10/hmms/31279at4891.hmm /home/jj/Desktop/Bioinformatics/3rd_year/1term/Computational_genomics/Seminars/exercise_04/./busco/SRR7548448/SRR7548448_k63_contigs/run_saccharomycetes_odb10/metaeuk_output/rerun_results/SRR7548448_k63_graph.contig.fa.modified.fas 
# Current dir:     /home/jj/Desktop/Bioinformatics/3rd_year/1term/Computational_genomics/Seminars/exercise_04
# Date:            Tue Nov  5 18:54:44 2024
# [ok]
