#                                                                            --- full sequence --- -------------- this domain -------------   hmm coord   ali coord   env coord
# target name        accession   tlen query name           accession   qlen   E-value  score  bias   #  of  c-Evalue  i-Evalue  score  bias  from    to  from    to  from    to  acc description of target
#------------------- ---------- ----- -------------------- ---------- ----- --------- ------ ----- --- --- --------- --------- ------ ----- ----- ----- ----- ----- ----- ----- ---- ---------------------
136199:103-405       -            101 31320at4891          -            169   1.5e-34  114.5   0.3   1   1   3.2e-36   1.8e-34  114.3   0.3    17   105    14   101    11   101 0.97 -
135769:30-395        -            122 31320at4891          -            169   3.1e-33  110.2   0.8   1   1   2.9e-32   1.6e-30  101.4   0.8    81   161     1   104     1   122 0.82 -
140231:4-357         -            118 31320at4891          -            169   1.1e-30  102.0   0.1   1   1   2.1e-32   1.2e-30  101.8   0.1    17   121     1   104     1   116 0.92 -
121715:8-232         -             75 31320at4891          -            169     1e-29   98.8   3.6   1   2   1.9e-06   0.00011   17.4   0.1     1    26     1    26     1    28 0.92 -
121715:8-232         -             75 31320at4891          -            169     1e-29   98.8   3.6   2   2   6.6e-27   3.7e-25   84.0   1.0    11    62    24    75    23    75 0.96 -
135105:2-304         -            101 31320at4891          -            169   4.5e-26   86.9   0.1   1   1   8.9e-28   4.9e-26   86.8   0.1    13    89    22    98     8   101 0.92 -
113363:2-193         -             64 31320at4891          -            169   2.8e-22   74.6   0.7   1   1   5.4e-24     3e-22   74.5   0.7    28    90     1    62     1    64 0.95 -
114641:32-199        -             56 31320at4891          -            169   1.8e-20   68.7   0.0   1   1   3.6e-22     2e-20   68.6   0.0    28    84     1    56     1    56 0.97 -
118539:10-204        -             65 31320at4891          -            169   7.3e-20   66.7   0.1   1   1   1.4e-21   7.9e-20   66.6   0.1    72   135     1    65     1    65 0.94 -
126155:1-261         -             87 31320at4891          -            169     2e-14   49.0   0.0   1   1     4e-16   2.2e-14   48.9   0.0    49   115     1    69     1    77 0.93 -
134611:93-374        -             94 31320at4891          -            169   2.2e-13   45.7   0.2   1   1   3.5e-14   1.9e-12   42.6   0.2    53   122     1    81     1    91 0.82 -
134435:0-371         -            124 31320at4891          -            169     8e-05   17.8   0.0   1   1   1.6e-06   8.9e-05   17.6   0.0    43   125     6    95     1   120 0.67 -
128737:45-290        -             82 31320at4891          -            169    0.0043   12.2   0.0   1   1   9.6e-05    0.0053   11.8   0.0    78   109    23    54    17    76 0.80 -
#
# Program:         hmmsearch
# Version:         3.1b2 (February 2015)
# Pipeline mode:   SEARCH
# Query file:      /home/jj/Desktop/Bioinformatics/3rd_year/1term/Computational_genomics/Seminars/exercise_04/busco_downloads/lineages/saccharomycetes_odb10/hmms/31320at4891.hmm
# Target file:     /home/jj/Desktop/Bioinformatics/3rd_year/1term/Computational_genomics/Seminars/exercise_04/./busco/SRR7548448/SRR7548448_k63_contigs/run_saccharomycetes_odb10/metaeuk_output/rerun_results/SRR7548448_k63_graph.contig.fa.modified.fas
# Option settings: hmmsearch --domtblout /home/jj/Desktop/Bioinformatics/3rd_year/1term/Computational_genomics/Seminars/exercise_04/./busco/SRR7548448/SRR7548448_k63_contigs/run_saccharomycetes_odb10/hmmer_output/rerun_results/31320at4891.out --cpu 1 /home/jj/Desktop/Bioinformatics/3rd_year/1term/Computational_genomics/Seminars/exercise_04/busco_downloads/lineages/saccharomycetes_odb10/hmms/31320at4891.hmm /home/jj/Desktop/Bioinformatics/3rd_year/1term/Computational_genomics/Seminars/exercise_04/./busco/SRR7548448/SRR7548448_k63_contigs/run_saccharomycetes_odb10/metaeuk_output/rerun_results/SRR7548448_k63_graph.contig.fa.modified.fas 
# Current dir:     /home/jj/Desktop/Bioinformatics/3rd_year/1term/Computational_genomics/Seminars/exercise_04
# Date:            Tue Nov  5 18:54:02 2024
# [ok]
