#                                                                            --- full sequence --- -------------- this domain -------------   hmm coord   ali coord   env coord
# target name        accession   tlen query name           accession   qlen   E-value  score  bias   #  of  c-Evalue  i-Evalue  score  bias  from    to  from    to  from    to  acc description of target
#------------------- ---------- ----- -------------------- ---------- ----- --------- ------ ----- --- --- --------- --------- ------ ----- ----- ----- ----- ----- ----- ----- ---- ---------------------
145301:241-942       -            234 3223at4891           -            462   4.8e-15   50.4   0.1   1   3   3.9e-07     2e-05   18.7   0.0   121   157     3    39     1    43 0.91 -
145301:241-942       -            234 3223at4891           -            462   4.8e-15   50.4   0.1   2   3   4.6e-05    0.0023   11.9   0.0   115   158    81   124    64   131 0.89 -
145301:241-942       -            234 3223at4891           -            462   4.8e-15   50.4   0.1   3   3   2.3e-06   0.00012   16.2   0.0    92   157   133   208   125   212 0.78 -
140847:1-537         -            179 3223at4891           -            462   6.2e-09   30.2   0.5   1   3      0.54        28   -1.6   0.0   293   322     4    35     2    42 0.52 -
140847:1-537         -            179 3223at4891           -            462   6.2e-09   30.2   0.5   2   3   8.2e-06   0.00042   14.3   0.1   124   158    50    84    48    87 0.92 -
140847:1-537         -            179 3223at4891           -            462   6.2e-09   30.2   0.5   3   3   1.6e-05    0.0008   13.4   0.0   124   156   104   136    94   156 0.92 -
143663:88-690        -            201 3223at4891           -            462   3.5e-08   27.8   0.0   1   2   2.3e-09   1.2e-07   26.0   0.0    71   157    30   123    17   129 0.82 -
143663:88-690        -            201 3223at4891           -            462   3.5e-08   27.8   0.0   2   2      0.65        33   -1.8   0.0   395   415   149   169   137   181 0.63 -
145543:193-1188      -            332 3223at4891           -            462   3.5e-07   24.5   0.1   1   3      0.78        40   -2.1   0.0   299   320    11    32     4    38 0.60 -
145543:193-1188      -            332 3223at4891           -            462   3.5e-07   24.5   0.1   2   3     3e-07   1.5e-05   19.0   0.0   124   158    62    96    56   100 0.91 -
145543:193-1188      -            332 3223at4891           -            462   3.5e-07   24.5   0.1   3   3     0.045       2.3    2.0   0.1   126   348   122   154   111   171 0.60 -
143313:52-507        -            152 3223at4891           -            462   1.5e-06   22.4   0.1   1   3      0.04       2.1    2.1   0.0   140   161     2    23     1    26 0.94 -
143313:52-507        -            152 3223at4891           -            462   1.5e-06   22.4   0.1   2   3   7.7e-06    0.0004   14.4   0.0   118   158    27    67    25    74 0.91 -
143313:52-507        -            152 3223at4891           -            462   1.5e-06   22.4   0.1   3   3     0.024       1.2    2.9   0.0   124   157    75   108    67   126 0.82 -
141623:9-581         -            191 3223at4891           -            462   4.9e-06   20.7   0.3   1   2   4.3e-07   2.2e-05   18.5   0.1   103   161    87   154    25   157 0.80 -
141623:9-581         -            191 3223at4891           -            462   4.9e-06   20.7   0.3   2   2      0.71        36   -2.0   0.0   122   153   157   191   155   191 0.75 -
143977:73-726        -            218 3223at4891           -            462   0.00014   15.9   0.4   1   3   0.00021     0.011    9.6   0.1    86   143    18    81     4    89 0.70 -
143977:73-726        -            218 3223at4891           -            462   0.00014   15.9   0.4   2   3     0.013      0.68    3.7   0.0   122   151   103   132    98   139 0.87 -
143977:73-726        -            218 3223at4891           -            462   0.00014   15.9   0.4   3   3      0.97        50   -2.4   0.0   124   158   147   184   144   187 0.70 -
144137:68-793        -            242 3223at4891           -            462   0.00017   15.6   0.8   1   2    0.0013     0.067    7.0   0.1   120   153   115   148   107   157 0.89 -
144137:68-793        -            242 3223at4891           -            462   0.00017   15.6   0.8   2   2    0.0019     0.099    6.5   0.1   124   160   161   197   152   211 0.93 -
145583:484-1188      -            235 3223at4891           -            462   0.00017   15.6   0.6   1   3   0.00026     0.013    9.3   0.0   114   180    31   101     5   112 0.73 -
145583:484-1188      -            235 3223at4891           -            462   0.00017   15.6   0.6   2   3      0.37        19   -1.0   0.0   125   158    94   128    93   133 0.81 -
145583:484-1188      -            235 3223at4891           -            462   0.00017   15.6   0.6   3   3    0.0076      0.39    4.5   0.2   122   158   188   225   119   235 0.72 -
140077:5-511         -            169 3223at4891           -            462   0.00047   14.1   0.2   1   3       0.8        41   -2.1   0.0   127   148     8    29     3    40 0.63 -
140077:5-511         -            169 3223at4891           -            462   0.00047   14.1   0.2   2   3    0.0085      0.43    4.4   0.1   124   155    48    79    41    85 0.71 -
140077:5-511         -            169 3223at4891           -            462   0.00047   14.1   0.2   3   3   0.00042     0.022    8.7   0.1   257   324    59   125    58   167 0.67 -
144149:4-795         -            264 3223at4891           -            462    0.0019   12.2   0.2   1   3       0.3        15   -0.7   0.0    92   119    25    53     6    96 0.68 -
144149:4-795         -            264 3223at4891           -            462    0.0019   12.2   0.2   2   3   0.00046     0.023    8.6   0.0   124   158   156   190   151   194 0.90 -
144149:4-795         -            264 3223at4891           -            462    0.0019   12.2   0.2   3   3      0.19       9.8   -0.1   0.0   121   155   195   229   190   241 0.67 -
145821:41-862        -            274 3223at4891           -            462    0.0028   11.6   5.1   1   4     0.001     0.052    7.4   0.0   116   156    17    55    14    58 0.90 -
145821:41-862        -            274 3223at4891           -            462    0.0028   11.6   5.1   2   4     0.062       3.2    1.5   0.1   120   157    61    96    56   102 0.81 -
145821:41-862        -            274 3223at4891           -            462    0.0028   11.6   5.1   3   4      0.26        13   -0.5   0.0    26    53   127   154   112   169 0.72 -
145821:41-862        -            274 3223at4891           -            462    0.0028   11.6   5.1   4   4     0.093       4.8    0.9   0.2   284   320   230   265   212   272 0.51 -
145769:0-1415        -            472 3223at4891           -            462    0.0084   10.0   4.2   1   5     0.033       1.7    2.4   0.0    30    71    49    90    34   108 0.69 -
145769:0-1415        -            472 3223at4891           -            462    0.0084   10.0   4.2   2   5     0.056       2.8    1.7   0.1   124   160   145   181   139   185 0.84 -
145769:0-1415        -            472 3223at4891           -            462    0.0084   10.0   4.2   3   5      0.55        28   -1.6   0.0    82   118   250   287   235   332 0.74 -
145769:0-1415        -            472 3223at4891           -            462    0.0084   10.0   4.2   4   5     0.033       1.7    2.4   0.1   300   320   356   376   304   391 0.79 -
145769:0-1415        -            472 3223at4891           -            462    0.0084   10.0   4.2   5   5      0.41        21   -1.2   0.0   124   154   386   416   379   422 0.84 -
#
# Program:         hmmsearch
# Version:         3.1b2 (February 2015)
# Pipeline mode:   SEARCH
# Query file:      /home/jj/Desktop/Bioinformatics/3rd_year/1term/Computational_genomics/Seminars/exercise_04/busco_downloads/lineages/saccharomycetes_odb10/hmms/3223at4891.hmm
# Target file:     /home/jj/Desktop/Bioinformatics/3rd_year/1term/Computational_genomics/Seminars/exercise_04/./busco/SRR7548448/SRR7548448_k63_contigs/run_saccharomycetes_odb10/metaeuk_output/rerun_results/SRR7548448_k63_graph.contig.fa.modified.fas
# Option settings: hmmsearch --domtblout /home/jj/Desktop/Bioinformatics/3rd_year/1term/Computational_genomics/Seminars/exercise_04/./busco/SRR7548448/SRR7548448_k63_contigs/run_saccharomycetes_odb10/hmmer_output/rerun_results/3223at4891.out --cpu 1 /home/jj/Desktop/Bioinformatics/3rd_year/1term/Computational_genomics/Seminars/exercise_04/busco_downloads/lineages/saccharomycetes_odb10/hmms/3223at4891.hmm /home/jj/Desktop/Bioinformatics/3rd_year/1term/Computational_genomics/Seminars/exercise_04/./busco/SRR7548448/SRR7548448_k63_contigs/run_saccharomycetes_odb10/metaeuk_output/rerun_results/SRR7548448_k63_graph.contig.fa.modified.fas 
# Current dir:     /home/jj/Desktop/Bioinformatics/3rd_year/1term/Computational_genomics/Seminars/exercise_04
# Date:            Tue Nov  5 18:54:12 2024
# [ok]
