#                                                                            --- full sequence --- -------------- this domain -------------   hmm coord   ali coord   env coord
# target name        accession   tlen query name           accession   qlen   E-value  score  bias   #  of  c-Evalue  i-Evalue  score  bias  from    to  from    to  from    to  acc description of target
#------------------- ---------- ----- -------------------- ---------- ----- --------- ------ ----- --- --- --------- --------- ------ ----- ----- ----- ----- ----- ----- ----- ---- ---------------------
145301:241-942       -            234 33087at4891          -            218   5.4e-25   83.6   2.5   1   4   3.5e-07   7.8e-06   20.9   0.0   143   179     5    41     2    46 0.91 -
145301:241-942       -            234 33087at4891          -            218   5.4e-25   83.6   2.5   2   4   0.00015    0.0033   12.4   0.0   142   175    46    79    38    85 0.88 -
145301:241-942       -            234 33087at4891          -            218   5.4e-25   83.6   2.5   3   4   0.00045      0.01   10.8   0.0   145   179    91   125    85   130 0.85 -
145301:241-942       -            234 33087at4891          -            218   5.4e-25   83.6   2.5   4   4     5e-12   1.1e-10   36.8   0.1   113   179   144   210   130   215 0.88 -
145769:0-1415        -            472 33087at4891          -            218   4.8e-22   73.9   9.9   1   7    0.0034     0.076    7.9   0.0   126   184    37    94    19   112 0.76 -
145769:0-1415        -            472 33087at4891          -            218   4.8e-22   73.9   9.9   2   7   5.5e-05    0.0012   13.8   0.3   141   181   142   182    80   188 0.67 -
145769:0-1415        -            472 33087at4891          -            218   4.8e-22   73.9   9.9   3   7   0.00067     0.015   10.2   0.1   142   177   188   223   182   230 0.89 -
145769:0-1415        -            472 33087at4891          -            218   4.8e-22   73.9   9.9   4   7    0.0035     0.078    7.9   0.0   103   163   260   320   247   327 0.81 -
145769:0-1415        -            472 33087at4891          -            218   4.8e-22   73.9   9.9   5   7   1.5e-06   3.3e-05   18.9   0.0   121   182   322   382   312   385 0.81 -
145769:0-1415        -            472 33087at4891          -            218   4.8e-22   73.9   9.9   6   7     2e-05   0.00043   15.2   0.0   144   177   386   419   381   433 0.87 -
145769:0-1415        -            472 33087at4891          -            218   4.8e-22   73.9   9.9   7   7      0.17       3.8    2.3   0.0   151   177   436   463   422   469 0.85 -
145821:41-862        -            274 33087at4891          -            218   3.7e-19   64.5  11.2   1   5   4.5e-06    0.0001   17.3   0.1   125   183     7    62     1    66 0.86 -
145821:41-862        -            274 33087at4891          -            218   3.7e-19   64.5  11.2   2   5   2.1e-05   0.00048   15.1   0.1   144   180    65    99    62   102 0.83 -
145821:41-862        -            274 33087at4891          -            218   3.7e-19   64.5  11.2   3   5   0.00017    0.0038   12.1   0.1   143   180   103   140    99   151 0.90 -
145821:41-862        -            274 33087at4891          -            218   3.7e-19   64.5  11.2   4   5   3.5e-05   0.00077   14.4   0.0   159   183   208   232   204   236 0.91 -
145821:41-862        -            274 33087at4891          -            218   3.7e-19   64.5  11.2   5   5   0.00091      0.02    9.8   0.0   158   182   247   271   232   273 0.67 -
144149:4-795         -            264 33087at4891          -            218   9.5e-18   59.9   0.8   1   5      0.12       2.7    2.8   0.0   104   175    26    99    15   107 0.69 -
144149:4-795         -            264 33087at4891          -            218   9.5e-18   59.9   0.8   2   5   6.5e-05    0.0014   13.5   0.0   137   178   107   148    80   154 0.74 -
144149:4-795         -            264 33087at4891          -            218   9.5e-18   59.9   0.8   3   5   2.1e-07   4.8e-06   21.6   0.0   143   183   155   195   149   197 0.92 -
144149:4-795         -            264 33087at4891          -            218   9.5e-18   59.9   0.8   4   5   2.3e-08   5.1e-07   24.8   0.0   128   187   183   241   182   250 0.89 -
144149:4-795         -            264 33087at4891          -            218   9.5e-18   59.9   0.8   5   5       0.9        20   -0.0   0.0   142   164   240   264   233   264 0.82 -
145543:193-1188      -            332 33087at4891          -            218   1.6e-17   59.2   0.5   1   4   8.9e-06    0.0002   16.3   0.0   148   178     4    34     1    43 0.85 -
145543:193-1188      -            332 33087at4891          -            218   1.6e-17   59.2   0.5   2   4   0.00014    0.0031   12.4   0.0   143   178    61    96    55   103 0.89 -
145543:193-1188      -            332 33087at4891          -            218   1.6e-17   59.2   0.5   3   4   2.4e-07   5.3e-06   21.5   0.1   142   213   118   191   109   198 0.90 -
145543:193-1188      -            332 33087at4891          -            218   1.6e-17   59.2   0.5   4   4     0.067       1.5    3.7   0.0   157   175   309   327   298   330 0.82 -
144541:4-777         -            258 33087at4891          -            218   3.9e-17   57.9  12.2   1   5   3.1e-06   6.9e-05   17.8   0.0   126   177     7    61     2    74 0.77 -
144541:4-777         -            258 33087at4891          -            218   3.9e-17   57.9  12.2   2   5   1.7e-06   3.9e-05   18.7   0.3   143   178    76   111    69   122 0.84 -
144541:4-777         -            258 33087at4891          -            218   3.9e-17   57.9  12.2   3   5   2.3e-05   0.00051   15.0   0.2   143   174   122   153   109   165 0.79 -
144541:4-777         -            258 33087at4891          -            218   3.9e-17   57.9  12.2   4   5   0.00024    0.0054   11.6   0.4   140   175   164   200   154   213 0.80 -
144541:4-777         -            258 33087at4891          -            218   3.9e-17   57.9  12.2   5   5      0.48        11    0.9   0.0   144   173   220   248   211   255 0.61 -
145583:484-1188      -            235 33087at4891          -            218   3.1e-16   54.9   1.1   1   3   2.3e-08     5e-07   24.8   0.1   113   177     7    75     2    83 0.81 -
145583:484-1188      -            235 33087at4891          -            218   3.1e-16   54.9   1.1   2   3     0.004     0.088    7.7   0.1   146   183    95   133    87   139 0.82 -
145583:484-1188      -            235 33087at4891          -            218   3.1e-16   54.9   1.1   3   3   9.1e-07     2e-05   19.6   0.0   120   182   164   229   149   233 0.78 -
140077:5-511         -            169 33087at4891          -            218   6.7e-15   50.6   0.1   1   3   1.6e-10   3.4e-09   31.9   0.0   109   176    12    80     3    85 0.83 -
140077:5-511         -            169 33087at4891          -            218   6.7e-15   50.6   0.1   2   3   0.00013     0.003   12.5   0.0   141   182    86   127    82   132 0.85 -
140077:5-511         -            169 33087at4891          -            218   6.7e-15   50.6   0.1   3   3     0.097       2.1    3.2   0.0   147   177   135   165   129   169 0.81 -
141623:9-581         -            191 33087at4891          -            218   1.4e-14   49.5   5.1   1   3   1.7e-06   3.7e-05   18.7   0.5   112   183     3    72     1    81 0.89 -
141623:9-581         -            191 33087at4891          -            218   1.4e-14   49.5   5.1   2   3   1.1e-10   2.5e-09   32.4   0.2   115   177    88   150    77   170 0.89 -
141623:9-581         -            191 33087at4891          -            218   1.4e-14   49.5   5.1   3   3         1        23   -0.2   0.0   142   173   157   191   153   191 0.76 -
142977:29-619        -            197 33087at4891          -            218     1e-13   46.7   1.0   1   3   1.6e-07   3.6e-06   22.0   0.0   106   184     5    85     3    98 0.81 -
142977:29-619        -            197 33087at4891          -            218     1e-13   46.7   1.0   2   3   0.00035    0.0079   11.1   0.1   159   184   105   130   100   140 0.78 -
142977:29-619        -            197 33087at4891          -            218     1e-13   46.7   1.0   3   3   0.00064     0.014   10.3   0.0   144   185   132   173   126   180 0.74 -
140847:1-537         -            179 33087at4891          -            218   1.1e-13   46.6   1.5   1   3   0.00091      0.02    9.8   0.0   156   176    13    33     6    43 0.89 -
140847:1-537         -            179 33087at4891          -            218   1.1e-13   46.6   1.5   2   3   9.2e-08     2e-06   22.8   0.1   140   182    46    88    35   102 0.87 -
140847:1-537         -            179 33087at4891          -            218   1.1e-13   46.6   1.5   3   3   0.00013    0.0029   12.6   0.0   139   176    99   136    90   154 0.89 -
145907:260-880       -            207 33087at4891          -            218   4.3e-13   44.7   0.6   1   3    0.0042     0.093    7.6   0.0   158   179     2    23     1    38 0.81 -
145907:260-880       -            207 33087at4891          -            218   4.3e-13   44.7   0.6   2   3   3.1e-06   6.9e-05   17.8   0.0   143   178    43    78    28    91 0.81 -
145907:260-880       -            207 33087at4891          -            218   4.3e-13   44.7   0.6   3   3   8.1e-06   0.00018   16.5   0.1   110   175   126   191   116   200 0.85 -
144489:26-847        -            274 33087at4891          -            218   7.3e-13   43.9   0.1   1   2   8.6e-08   1.9e-06   22.9   0.2   118   177    13    72     4    79 0.81 -
144489:26-847        -            274 33087at4891          -            218   7.3e-13   43.9   0.1   2   2   2.6e-06   5.9e-05   18.1   0.0   113   177   114   179   105   188 0.89 -
143663:88-690        -            201 33087at4891          -            218   1.1e-12   43.4   2.3   1   3    0.0037     0.082    7.8   0.0   159   187     1    29     1    46 0.86 -
143663:88-690        -            201 33087at4891          -            218   1.1e-12   43.4   2.3   2   3   2.8e-09   6.2e-08   27.8   0.0   115   176    64   122    56   133 0.90 -
143663:88-690        -            201 33087at4891          -            218   1.1e-12   43.4   2.3   3   3    0.0073      0.16    6.8   0.1   115   174   144   201   124   201 0.85 -
144137:68-793        -            242 33087at4891          -            218   1.7e-12   42.7   5.6   1   3   1.5e-06   3.4e-05   18.8   0.3   114   173    90   148    77   156 0.88 -
144137:68-793        -            242 33087at4891          -            218   1.7e-12   42.7   5.6   2   3   6.8e-06   0.00015   16.7   0.2   141   179   158   196   150   202 0.87 -
144137:68-793        -            242 33087at4891          -            218   1.7e-12   42.7   5.6   3   3    0.0017     0.038    8.9   0.0   144   182   203   241   194   242 0.87 -
143819:146-751       -            202 33087at4891          -            218   1.2e-11   39.9   1.8   1   3   4.5e-06    0.0001   17.3   0.0   141   183     6    48     2    49 0.88 -
143819:146-751       -            202 33087at4891          -            218   1.2e-11   39.9   1.8   2   3   1.5e-06   3.4e-05   18.8   0.2   134   184    42    91    38    97 0.93 -
143819:146-751       -            202 33087at4891          -            218   1.2e-11   39.9   1.8   3   3     0.061       1.3    3.8   0.1   121   176   117   184    90   196 0.58 -
143505:234-713       -            160 33087at4891          -            218     2e-11   39.2   0.3   1   3   1.2e-05   0.00026   16.0   0.0   142   173    16    47     1    56 0.83 -
143505:234-713       -            160 33087at4891          -            218     2e-11   39.2   0.3   2   3   1.5e-06   3.4e-05   18.8   0.1   142   183    58    98    50   114 0.83 -
143505:234-713       -            160 33087at4891          -            218     2e-11   39.2   0.3   3   3      0.25       5.6    1.8   0.0   152   179   109   136    98   142 0.74 -
143313:52-507        -            152 33087at4891          -            218   3.1e-11   38.6   3.3   1   3     1e-05   0.00023   16.1   0.1   142   179    31    68     1    73 0.73 -
143313:52-507        -            152 33087at4891          -            218   3.1e-11   38.6   3.3   2   3   5.1e-07   1.1e-05   20.4   0.1   142   177    73   108    65   115 0.86 -
143313:52-507        -            152 33087at4891          -            218   3.1e-11   38.6   3.3   3   3      0.13       2.9    2.7   0.1   144   174   116   152   109   152 0.65 -
141381:50-520        -            157 33087at4891          -            218   5.9e-11   37.7   0.1   1   2    0.0013     0.029    9.3   0.0   141   183    60   103    46   105 0.78 -
141381:50-520        -            157 33087at4891          -            218   5.9e-11   37.7   0.1   2   2   4.3e-09   9.6e-08   27.2   0.0   143   183   105   145   100   156 0.85 -
143977:73-726        -            218 33087at4891          -            218   1.2e-10   36.7   1.9   1   3     7e-05    0.0015   13.4   0.0   112   170    33    88     7    98 0.82 -
143977:73-726        -            218 33087at4891          -            218   1.2e-10   36.7   1.9   2   3   3.1e-05   0.00069   14.6   0.0   142   178   103   139    86   145 0.84 -
143977:73-726        -            218 33087at4891          -            218   1.2e-10   36.7   1.9   3   3    0.0048      0.11    7.4   0.1   144   183   147   189   140   213 0.72 -
145365:0-995         -            332 33087at4891          -            218   1.2e-08   30.1   0.8   1   2       1.8        41   -1.0   0.1   149   175    68    96    56   113 0.62 -
145365:0-995         -            332 33087at4891          -            218   1.2e-08   30.1   0.8   2   2   1.6e-09   3.6e-08   28.6   0.1   104   185   207   292   175   325 0.77 -
144947:189-947       -            253 33087at4891          -            218   1.2e-08   30.1   2.9   1   3      0.45       9.9    1.0   0.0     3    35     5    37     3    84 0.58 -
144947:189-947       -            253 33087at4891          -            218   1.2e-08   30.1   2.9   2   3   1.4e-07   3.1e-06   22.3   0.1   115   200   106   192    86   197 0.73 -
144947:189-947       -            253 33087at4891          -            218   1.2e-08   30.1   2.9   3   3    0.0098      0.22    6.4   0.4   114   166   202   253   173   253 0.77 -
143253:125-688       -            188 33087at4891          -            218   2.8e-06   22.4   0.1   1   2     0.009       0.2    6.5   0.0   147   181    26    60    20    89 0.82 -
143253:125-688       -            188 33087at4891          -            218   2.8e-06   22.4   0.1   2   2   4.5e-05   0.00099   14.1   0.0   143   177   108   142    84   152 0.85 -
145363:1-1098        -            366 33087at4891          -            218     4e-05   18.6   0.0   1   2      0.22       4.8    2.0   0.0   105   173    35   103     9   113 0.78 -
145363:1-1098        -            366 33087at4891          -            218     4e-05   18.6   0.0   2   2   1.1e-05   0.00025   16.0   0.0   117   182    90   154    86   188 0.81 -
145853:101-1837      -            579 33087at4891          -            218   0.00016   16.6   0.0   1   1   1.7e-05   0.00037   15.4   0.0   108   177   308   382   288   390 0.84 -
144833:0-911         -            304 33087at4891          -            218   0.00016   16.6   0.1   1   2      0.31       6.8    1.5   0.0   155   176   200   221   192   232 0.81 -
144833:0-911         -            304 33087at4891          -            218   0.00016   16.6   0.1   2   2   9.8e-05    0.0022   12.9   0.1   135   178   251   295   227   303 0.76 -
144067:217-762       -            182 33087at4891          -            218   0.00021   16.2   3.7   1   3      0.22         5    2.0   0.0   107   179     5    87     2    94 0.49 -
144067:217-762       -            182 33087at4891          -            218   0.00021   16.2   3.7   2   3   0.00035    0.0077   11.1   0.3   148   176   104   132    86   140 0.72 -
144067:217-762       -            182 33087at4891          -            218   0.00021   16.2   3.7   3   3     0.095       2.1    3.2   0.1   143   171   141   167   132   174 0.82 -
144047:63-782        -            240 33087at4891          -            218   0.00071   14.5   0.7   1   3     0.012      0.26    6.2   0.0   114   173    27    86     5   100 0.75 -
144047:63-782        -            240 33087at4891          -            218   0.00071   14.5   0.7   2   3    0.0096      0.21    6.4   0.0   146   175   150   179   107   197 0.77 -
144047:63-782        -            240 33087at4891          -            218   0.00071   14.5   0.7   3   3       6.8   1.5e+02   -2.9   0.0   147   172   212   237   206   239 0.73 -
144353:2-823         -            274 33087at4891          -            218    0.0029   12.5   0.2   1   3     0.017      0.38    5.6   0.0   142   181    16    55     8    63 0.86 -
144353:2-823         -            274 33087at4891          -            218    0.0029   12.5   0.2   2   3      0.25       5.6    1.8   0.0   156   177   140   161   131   168 0.77 -
144353:2-823         -            274 33087at4891          -            218    0.0029   12.5   0.2   3   3      0.51        11    0.8   0.0   147   178   177   208   165   254 0.66 -
140267:2-520         -            173 33087at4891          -            218    0.0065   11.4   0.0   1   1   0.00049     0.011   10.7   0.0    18    62   102   145    90   157 0.81 -
#
# Program:         hmmsearch
# Version:         3.1b2 (February 2015)
# Pipeline mode:   SEARCH
# Query file:      /home/jj/Desktop/Bioinformatics/3rd_year/1term/Computational_genomics/Seminars/exercise_04/busco_downloads/lineages/saccharomycetes_odb10/hmms/33087at4891.hmm
# Target file:     /home/jj/Desktop/Bioinformatics/3rd_year/1term/Computational_genomics/Seminars/exercise_04/./busco/SRR7548448/SRR7548448_k63_contigs/run_saccharomycetes_odb10/metaeuk_output/rerun_results/SRR7548448_k63_graph.contig.fa.modified.fas
# Option settings: hmmsearch --domtblout /home/jj/Desktop/Bioinformatics/3rd_year/1term/Computational_genomics/Seminars/exercise_04/./busco/SRR7548448/SRR7548448_k63_contigs/run_saccharomycetes_odb10/hmmer_output/rerun_results/33087at4891.out --cpu 1 /home/jj/Desktop/Bioinformatics/3rd_year/1term/Computational_genomics/Seminars/exercise_04/busco_downloads/lineages/saccharomycetes_odb10/hmms/33087at4891.hmm /home/jj/Desktop/Bioinformatics/3rd_year/1term/Computational_genomics/Seminars/exercise_04/./busco/SRR7548448/SRR7548448_k63_contigs/run_saccharomycetes_odb10/metaeuk_output/rerun_results/SRR7548448_k63_graph.contig.fa.modified.fas 
# Current dir:     /home/jj/Desktop/Bioinformatics/3rd_year/1term/Computational_genomics/Seminars/exercise_04
# Date:            Tue Nov  5 18:54:01 2024
# [ok]
