#                                                                            --- full sequence --- -------------- this domain -------------   hmm coord   ali coord   env coord
# target name        accession   tlen query name           accession   qlen   E-value  score  bias   #  of  c-Evalue  i-Evalue  score  bias  from    to  from    to  from    to  acc description of target
#------------------- ---------- ----- -------------------- ---------- ----- --------- ------ ----- --- --- --------- --------- ------ ----- ----- ----- ----- ----- ----- ----- ---- ---------------------
144493:24-539        -            172 33397at4891          -            259   2.7e-05   19.0   0.1   1   2   2.8e-06   0.00037   15.3   0.0    87   111     7    31     3    39 0.86 -
144493:24-539        -            172 33397at4891          -            259   2.7e-05   19.0   0.1   2   2     0.033       4.4    1.9   0.0   193   214   107   132    82   172 0.64 -
145559:7-1119        -            371 33397at4891          -            259    0.0011   13.7   0.0   1   2   2.7e-05    0.0036   12.0   0.0    85   150    50   122    32   137 0.79 -
145559:7-1119        -            371 33397at4891          -            259    0.0011   13.7   0.0   2   2      0.84   1.1e+02   -2.7   0.0   187   214   180   213   162   223 0.62 -
137007:69-422        -            118 33397at4891          -            259    0.0022   12.7   0.0   1   1   2.2e-05    0.0029   12.3   0.0    81   106    11    36     5    51 0.82 -
145567:4-1041        -            346 33397at4891          -            259    0.0022   12.7   0.0   1   1   3.4e-05    0.0045   11.7   0.0    83   144    61   118    55   167 0.76 -
145673:1-975         -            325 33397at4891          -            259    0.0041   11.8   0.0   1   2      0.36        48   -1.5   0.0    93   104    37    48    23    61 0.83 -
145673:1-975         -            325 33397at4891          -            259    0.0041   11.8   0.0   2   2    0.0001     0.014   10.1   0.0    84   109   266   291   229   311 0.79 -
#
# Program:         hmmsearch
# Version:         3.1b2 (February 2015)
# Pipeline mode:   SEARCH
# Query file:      /home/jj/Desktop/Bioinformatics/3rd_year/1term/Computational_genomics/Seminars/exercise_04/busco_downloads/lineages/saccharomycetes_odb10/hmms/33397at4891.hmm
# Target file:     /home/jj/Desktop/Bioinformatics/3rd_year/1term/Computational_genomics/Seminars/exercise_04/./busco/SRR7548448/SRR7548448_k63_contigs/run_saccharomycetes_odb10/metaeuk_output/rerun_results/SRR7548448_k63_graph.contig.fa.modified.fas
# Option settings: hmmsearch --domtblout /home/jj/Desktop/Bioinformatics/3rd_year/1term/Computational_genomics/Seminars/exercise_04/./busco/SRR7548448/SRR7548448_k63_contigs/run_saccharomycetes_odb10/hmmer_output/rerun_results/33397at4891.out --cpu 1 /home/jj/Desktop/Bioinformatics/3rd_year/1term/Computational_genomics/Seminars/exercise_04/busco_downloads/lineages/saccharomycetes_odb10/hmms/33397at4891.hmm /home/jj/Desktop/Bioinformatics/3rd_year/1term/Computational_genomics/Seminars/exercise_04/./busco/SRR7548448/SRR7548448_k63_contigs/run_saccharomycetes_odb10/metaeuk_output/rerun_results/SRR7548448_k63_graph.contig.fa.modified.fas 
# Current dir:     /home/jj/Desktop/Bioinformatics/3rd_year/1term/Computational_genomics/Seminars/exercise_04
# Date:            Tue Nov  5 18:54:18 2024
# [ok]
