#                                                                            --- full sequence --- -------------- this domain -------------   hmm coord   ali coord   env coord
# target name        accession   tlen query name           accession   qlen   E-value  score  bias   #  of  c-Evalue  i-Evalue  score  bias  from    to  from    to  from    to  acc description of target
#------------------- ---------- ----- -------------------- ---------- ----- --------- ------ ----- --- --- --------- --------- ------ ----- ----- ----- ----- ----- ----- ----- ---- ---------------------
145821:41-862        -            274 3395at4891           -            441   7.1e-11   36.6  12.7   1   4      0.15       6.2    0.5   0.0   123   158     1    36     1    38 0.69 -
145821:41-862        -            274 3395at4891           -            441   7.1e-11   36.6  12.7   2   4   8.4e-07   3.5e-05   17.8   1.4    60   142    22   100    17   107 0.71 -
145821:41-862        -            274 3395at4891           -            441   7.1e-11   36.6  12.7   3   4    0.0028      0.11    6.2   0.1   121   140   120   139    97   144 0.64 -
145821:41-862        -            274 3395at4891           -            441   7.1e-11   36.6  12.7   4   4   1.4e-06   5.7e-05   17.1   0.4    72   140   209   268   205   273 0.76 -
142977:29-619        -            197 3395at4891           -            441   2.9e-10   34.6   0.6   1   3    0.0051      0.21    5.4   0.1   118   138    14    34     4    40 0.85 -
142977:29-619        -            197 3395at4891           -            441   2.9e-10   34.6   0.6   2   3   9.1e-07   3.8e-05   17.7   0.0    71   139    60   124    35   134 0.79 -
142977:29-619        -            197 3395at4891           -            441   2.9e-10   34.6   0.6   3   3   0.00043     0.018    8.9   0.1   120   146   147   173   126   185 0.80 -
145301:241-942       -            234 3395at4891           -            441   2.5e-08   28.2   1.3   1   4    0.0026      0.11    6.3   0.1   121   139    22    40    18    60 0.75 -
145301:241-942       -            234 3395at4891           -            441   2.5e-08   28.2   1.3   2   4   0.00061     0.025    8.4   0.0    72   138    64   123    61   140 0.75 -
145301:241-942       -            234 3395at4891           -            441   2.5e-08   28.2   1.3   3   4     0.036       1.5    2.6   0.0   185   218   137   170   122   179 0.62 -
145301:241-942       -            234 3395at4891           -            441   2.5e-08   28.2   1.3   4   4   0.00039     0.016    9.0   0.1    74   139   150   209   147   213 0.63 -
145583:484-1188      -            235 3395at4891           -            441   8.3e-07   23.2   1.8   1   2   0.00033     0.014    9.3   0.5    53   138    43   127     8   137 0.61 -
145583:484-1188      -            235 3395at4891           -            441   8.3e-07   23.2   1.8   2   2   2.7e-05    0.0011   12.8   0.1    57   137   146   223   121   231 0.80 -
143663:88-690        -            201 3395at4891           -            441   3.6e-06   21.1   0.3   1   2    0.0014     0.057    7.2   0.1    73   140     3    85     1   101 0.52 -
143663:88-690        -            201 3395at4891           -            441   3.6e-06   21.1   0.3   2   2   0.00037     0.015    9.1   0.0   120   143   105   128    86   142 0.59 -
144489:26-847        -            274 3395at4891           -            441   1.9e-05   18.7   0.8   1   2     9e-06   0.00038   14.4   0.3    71   140    10    74     5    81 0.87 -
144489:26-847        -            274 3395at4891           -            441   1.9e-05   18.7   0.8   2   2     0.038       1.6    2.5   0.0    69    92   159   182   152   195 0.79 -
144833:0-911         -            304 3395at4891           -            441   3.4e-05   17.9   0.2   1   2       0.4        17   -0.9   0.0    75   113   208   247   204   266 0.68 -
144833:0-911         -            304 3395at4891           -            441   3.4e-05   17.9   0.2   2   2   2.5e-06   0.00011   16.2   0.1   110   140   266   296   256   304 0.85 -
145769:0-1415        -            472 3395at4891           -            441     8e-05   16.6   0.4   1   2      0.34        14   -0.7   0.0   123   139   163   179   154   222 0.56 -
145769:0-1415        -            472 3395at4891           -            441     8e-05   16.6   0.4   2   2   1.1e-05   0.00045   14.1   0.1    72   178   360   459   357   468 0.77 -
140077:5-511         -            169 3395at4891           -            441   0.00012   16.1   0.0   1   1   7.5e-06   0.00031   14.7   0.0   121   210    64   162    42   167 0.76 -
143313:52-507        -            152 3395at4891           -            441   0.00052   14.0   6.0   1   3     0.011      0.46    4.3   0.3   121   140    49    68     2    74 0.79 -
143313:52-507        -            152 3395at4891           -            441   0.00052   14.0   6.0   2   3   0.00019    0.0078   10.1   1.0    74   141    51   111    49   115 0.66 -
143313:52-507        -            152 3395at4891           -            441   0.00052   14.0   6.0   3   3   0.00012    0.0049   10.7   1.0    68   134    87   151    71   152 0.69 -
145543:193-1188      -            332 3395at4891           -            441   0.00059   13.8   0.2   1   3   0.00052     0.022    8.6   0.0    72   137    16    94    13   100 0.61 -
145543:193-1188      -            332 3395at4891           -            441   0.00059   13.8   0.2   2   3       0.1       4.3    1.1   0.0    72    85   136   149   130   153 0.89 -
145543:193-1188      -            332 3395at4891           -            441   0.00059   13.8   0.2   3   3      0.34        14   -0.7   0.0    71    86   311   326   291   329 0.63 -
140847:1-537         -            179 3395at4891           -            441   0.00092   13.1   0.5   1   2   9.6e-05     0.004   11.0   0.2    72   141    17    86    15   106 0.72 -
140847:1-537         -            179 3395at4891           -            441   0.00092   13.1   0.5   2   2   0.00043     0.018    8.9   0.2    71    95    65    89    49   142 0.62 -
144137:68-793        -            242 3395at4891           -            441    0.0018   12.2   1.8   1   2   0.00035     0.014    9.2   0.4   121   182   135   196    93   204 0.85 -
144137:68-793        -            242 3395at4891           -            441    0.0018   12.2   1.8   2   2     0.023      0.94    3.2   0.2   119   138   217   236   176   241 0.64 -
143505:234-713       -            160 3395at4891           -            441    0.0018   12.2   0.6   1   2     0.016      0.67    3.7   0.0   119   138    32    51    23    66 0.83 -
143505:234-713       -            160 3395at4891           -            441    0.0018   12.2   0.6   2   2    0.0017     0.071    6.9   0.2   121   142    75    96    68   141 0.67 -
144313:136-771       -            212 3395at4891           -            441    0.0027   11.6   0.3   1   2    0.0055      0.23    5.2   0.1   120   164     1    46     1    55 0.71 -
144313:136-771       -            212 3395at4891           -            441    0.0027   11.6   0.3   2   2     0.014      0.56    4.0   0.0   121   138   149   166   100   182 0.84 -
143819:146-751       -            202 3395at4891           -            441    0.0051   10.7   1.5   1   3      0.21       8.5    0.1   0.1   120   154    24    63    15    66 0.80 -
143819:146-751       -            202 3395at4891           -            441    0.0051   10.7   1.5   2   3    0.0014     0.059    7.2   0.1   121   144    67    91    63   106 0.81 -
143819:146-751       -            202 3395at4891           -            441    0.0051   10.7   1.5   3   3      0.15       6.4    0.5   0.0   147   169   161   183   136   195 0.83 -
#
# Program:         hmmsearch
# Version:         3.1b2 (February 2015)
# Pipeline mode:   SEARCH
# Query file:      /home/jj/Desktop/Bioinformatics/3rd_year/1term/Computational_genomics/Seminars/exercise_04/busco_downloads/lineages/saccharomycetes_odb10/hmms/3395at4891.hmm
# Target file:     /home/jj/Desktop/Bioinformatics/3rd_year/1term/Computational_genomics/Seminars/exercise_04/./busco/SRR7548448/SRR7548448_k63_contigs/run_saccharomycetes_odb10/metaeuk_output/rerun_results/SRR7548448_k63_graph.contig.fa.modified.fas
# Option settings: hmmsearch --domtblout /home/jj/Desktop/Bioinformatics/3rd_year/1term/Computational_genomics/Seminars/exercise_04/./busco/SRR7548448/SRR7548448_k63_contigs/run_saccharomycetes_odb10/hmmer_output/rerun_results/3395at4891.out --cpu 1 /home/jj/Desktop/Bioinformatics/3rd_year/1term/Computational_genomics/Seminars/exercise_04/busco_downloads/lineages/saccharomycetes_odb10/hmms/3395at4891.hmm /home/jj/Desktop/Bioinformatics/3rd_year/1term/Computational_genomics/Seminars/exercise_04/./busco/SRR7548448/SRR7548448_k63_contigs/run_saccharomycetes_odb10/metaeuk_output/rerun_results/SRR7548448_k63_graph.contig.fa.modified.fas 
# Current dir:     /home/jj/Desktop/Bioinformatics/3rd_year/1term/Computational_genomics/Seminars/exercise_04
# Date:            Tue Nov  5 18:54:21 2024
# [ok]
