#                                                                            --- full sequence --- -------------- this domain -------------   hmm coord   ali coord   env coord
# target name        accession   tlen query name           accession   qlen   E-value  score  bias   #  of  c-Evalue  i-Evalue  score  bias  from    to  from    to  from    to  acc description of target
#------------------- ---------- ----- -------------------- ---------- ----- --------- ------ ----- --- --- --------- --------- ------ ----- ----- ----- ----- ----- ----- ----- ---- ---------------------
145801:769-1527      -            253 36258at4891          -            105   3.8e-26   86.4   0.1   1   3   2.1e-09     2e-07   26.2   0.0    29    94     2    68     1    73 0.92 -
145801:769-1527      -            253 36258at4891          -            105   3.8e-26   86.4   0.1   2   3   8.1e-10   7.7e-08   27.5   0.0    27    93    88   154    82   167 0.89 -
145801:769-1527      -            253 36258at4891          -            105   3.8e-26   86.4   0.1   3   3     2e-10   1.9e-08   29.5   0.0    26    93   180   247   161   252 0.82 -
144805:169-702       -            178 36258at4891          -            105   1.7e-12   42.5   0.0   1   2     6e-06   0.00057   15.1   0.0    28    93     2    68     1    80 0.82 -
144805:169-702       -            178 36258at4891          -            105   1.7e-12   42.5   0.0   2   2   3.2e-09   3.1e-07   25.6   0.0    26    92    99   166    93   175 0.88 -
145491:90-752        -            221 36258at4891          -            105   1.8e-11   39.2   0.0   1   2   1.2e-09   1.1e-07   27.0   0.0    28    93     1    68     1    79 0.88 -
145491:90-752        -            221 36258at4891          -            105   1.8e-11   39.2   0.0   2   2   0.00028     0.026    9.7   0.0    24    92   147   210   134   216 0.75 -
144043:2-781         -            260 36258at4891          -            105   2.1e-09   32.6   0.1   1   2   7.2e-07   6.8e-05   18.1   0.0    20    98    23   103     5   110 0.83 -
144043:2-781         -            260 36258at4891          -            105   2.1e-09   32.6   0.1   2   2   4.6e-05    0.0044   12.3   0.0    27    79   209   256   206   260 0.80 -
145801:1051-1386     -            112 36258at4891          -            105     1e-08   30.3   0.0   1   1   1.6e-10   1.5e-08   29.8   0.0    27    93    41   107    34   111 0.90 -
145645:191-784       -            198 36258at4891          -            105   0.00039   15.6   0.1   1   2   0.00024     0.023    9.9   0.0    28    88     2    61     1    70 0.80 -
145645:191-784       -            198 36258at4891          -            105   0.00039   15.6   0.1   2   2     0.018       1.8    3.9   0.0    36    94   111   168    81   177 0.78 -
145161:165-899       -            245 36258at4891          -            105   0.00048   15.3   0.4   1   3    0.0022       0.2    6.9   0.1    66    94     1    29     1    45 0.71 -
145161:165-899       -            245 36258at4891          -            105   0.00048   15.3   0.4   2   3      0.29        28    0.0   0.0    29    58   163   193   155   206 0.74 -
145161:165-899       -            245 36258at4891          -            105   0.00048   15.3   0.4   3   3     0.017       1.6    4.0   0.0    61    91   215   245   207   245 0.86 -
#
# Program:         hmmsearch
# Version:         3.1b2 (February 2015)
# Pipeline mode:   SEARCH
# Query file:      /home/jj/Desktop/Bioinformatics/3rd_year/1term/Computational_genomics/Seminars/exercise_04/busco_downloads/lineages/saccharomycetes_odb10/hmms/36258at4891.hmm
# Target file:     /home/jj/Desktop/Bioinformatics/3rd_year/1term/Computational_genomics/Seminars/exercise_04/./busco/SRR7548448/SRR7548448_k63_contigs/run_saccharomycetes_odb10/metaeuk_output/rerun_results/SRR7548448_k63_graph.contig.fa.modified.fas
# Option settings: hmmsearch --domtblout /home/jj/Desktop/Bioinformatics/3rd_year/1term/Computational_genomics/Seminars/exercise_04/./busco/SRR7548448/SRR7548448_k63_contigs/run_saccharomycetes_odb10/hmmer_output/rerun_results/36258at4891.out --cpu 1 /home/jj/Desktop/Bioinformatics/3rd_year/1term/Computational_genomics/Seminars/exercise_04/busco_downloads/lineages/saccharomycetes_odb10/hmms/36258at4891.hmm /home/jj/Desktop/Bioinformatics/3rd_year/1term/Computational_genomics/Seminars/exercise_04/./busco/SRR7548448/SRR7548448_k63_contigs/run_saccharomycetes_odb10/metaeuk_output/rerun_results/SRR7548448_k63_graph.contig.fa.modified.fas 
# Current dir:     /home/jj/Desktop/Bioinformatics/3rd_year/1term/Computational_genomics/Seminars/exercise_04
# Date:            Tue Nov  5 18:54:21 2024
# [ok]
