#                                                                            --- full sequence --- -------------- this domain -------------   hmm coord   ali coord   env coord
# target name        accession   tlen query name           accession   qlen   E-value  score  bias   #  of  c-Evalue  i-Evalue  score  bias  from    to  from    to  from    to  acc description of target
#------------------- ---------- ----- -------------------- ---------- ----- --------- ------ ----- --- --- --------- --------- ------ ----- ----- ----- ----- ----- ----- ----- ---- ---------------------
143129:1-615         -            205 3680at4891           -            535  1.4e-101  336.2   0.2   1   1  3.2e-103  1.6e-101  336.0   0.2   338   525     1   205     1   205 0.92 -
145219:1-639         -            213 3680at4891           -            535     2e-75  249.9   0.0   1   1   4.3e-77   2.2e-75  249.8   0.0   269   475     3   211     1   213 0.90 -
144757:0-659         -            220 3680at4891           -            535   9.4e-73  241.1   0.0   1   1   1.9e-74   9.9e-73  241.0   0.0   252   440     1   186     1   220 0.88 -
140201:39-518        -            160 3680at4891           -            535   1.5e-45  151.4   0.0   1   1   3.1e-47   1.6e-45  151.2   0.0   264   417     6   160     1   160 0.93 -
142381:156-611       -            152 3680at4891           -            535   5.4e-39  129.7   0.2   1   1   1.2e-40   6.4e-39  129.4   0.2   329   475     6   150     2   152 0.89 -
141713:28-582        -            185 3680at4891           -            535     6e-31  103.1   0.2   1   1   1.3e-32   6.7e-31  103.0   0.2   316   479     3   168     1   183 0.86 -
137839:5-403         -            133 3680at4891           -            535   5.5e-30  100.0   0.1   1   1   1.2e-31     6e-30   99.8   0.1   347   475     1   132     1   133 0.82 -
136991:2-403         -            134 3680at4891           -            535   1.9e-29   98.2   0.1   1   1     4e-31     2e-29   98.1   0.1   264   393     1   133     1   134 0.93 -
139339:2-487         -            162 3680at4891           -            535     3e-29   97.5   0.1   1   1   6.6e-31   3.4e-29   97.4   0.1   303   446     1   143     1   161 0.90 -
141755:252-584       -            111 3680at4891           -            535   4.1e-29   97.1   0.0   1   1   8.7e-31   4.4e-29   97.0   0.0   304   412     1   111     1   111 0.90 -
132471:0-341         -            114 3680at4891           -            535   2.5e-25   84.6   0.1   1   1   5.7e-27   2.9e-25   84.4   0.1   323   419     2    98     1   101 0.93 -
140107:3-434         -            144 3680at4891           -            535   7.7e-25   83.0   0.0   1   1   1.6e-26   8.3e-25   82.9   0.0   336   474     3   142     1   144 0.90 -
145413:151-1119      -            323 3680at4891           -            535   3.8e-13   44.4   0.0   1   1   1.2e-14     6e-13   43.7   0.0   397   486     1    91     1   102 0.88 -
#
# Program:         hmmsearch
# Version:         3.1b2 (February 2015)
# Pipeline mode:   SEARCH
# Query file:      /home/jj/Desktop/Bioinformatics/3rd_year/1term/Computational_genomics/Seminars/exercise_04/busco_downloads/lineages/saccharomycetes_odb10/hmms/3680at4891.hmm
# Target file:     /home/jj/Desktop/Bioinformatics/3rd_year/1term/Computational_genomics/Seminars/exercise_04/./busco/SRR7548448/SRR7548448_k63_contigs/run_saccharomycetes_odb10/metaeuk_output/rerun_results/SRR7548448_k63_graph.contig.fa.modified.fas
# Option settings: hmmsearch --domtblout /home/jj/Desktop/Bioinformatics/3rd_year/1term/Computational_genomics/Seminars/exercise_04/./busco/SRR7548448/SRR7548448_k63_contigs/run_saccharomycetes_odb10/hmmer_output/rerun_results/3680at4891.out --cpu 1 /home/jj/Desktop/Bioinformatics/3rd_year/1term/Computational_genomics/Seminars/exercise_04/busco_downloads/lineages/saccharomycetes_odb10/hmms/3680at4891.hmm /home/jj/Desktop/Bioinformatics/3rd_year/1term/Computational_genomics/Seminars/exercise_04/./busco/SRR7548448/SRR7548448_k63_contigs/run_saccharomycetes_odb10/metaeuk_output/rerun_results/SRR7548448_k63_graph.contig.fa.modified.fas 
# Current dir:     /home/jj/Desktop/Bioinformatics/3rd_year/1term/Computational_genomics/Seminars/exercise_04
# Date:            Tue Nov  5 18:54:16 2024
# [ok]
