#                                                                            --- full sequence --- -------------- this domain -------------   hmm coord   ali coord   env coord
# target name        accession   tlen query name           accession   qlen   E-value  score  bias   #  of  c-Evalue  i-Evalue  score  bias  from    to  from    to  from    to  acc description of target
#------------------- ---------- ----- -------------------- ---------- ----- --------- ------ ----- --- --- --------- --------- ------ ----- ----- ----- ----- ----- ----- ----- ---- ---------------------
145769:0-1415        -            472 4082at4891           -            696   5.6e-05   16.6   0.0   1   2      0.29        24   -2.0   0.0   139   195   160   218    59   224 0.47 -
145769:0-1415        -            472 4082at4891           -            696   5.6e-05   16.6   0.0   2   2   3.1e-06   0.00026   14.5   0.0    75   204   257   381   246   394 0.72 -
144733:1-888         -            296 4082at4891           -            696   0.00011   15.7   0.0   1   1   2.8e-06   0.00023   14.6   0.0   376   508   105   241    67   261 0.77 -
145301:241-942       -            234 4082at4891           -            696   0.00013   15.4   1.0   1   3   3.1e-05    0.0026   11.1   0.1   170   202    93   125     1   128 0.66 -
145301:241-942       -            234 4082at4891           -            696   0.00013   15.4   1.0   2   3     0.059       4.9    0.3   0.0   350   367   148   165   142   172 0.75 -
145301:241-942       -            234 4082at4891           -            696   0.00013   15.4   1.0   3   3     0.077       6.4   -0.1   0.0   347   368   188   209   181   214 0.85 -
144149:4-795         -            264 4082at4891           -            696   0.00035   14.0   0.0   1   2   0.00015     0.012    8.9   0.0   119   205    63   152    48   174 0.74 -
144149:4-795         -            264 4082at4891           -            696   0.00035   14.0   0.0   2   2    0.0072       0.6    3.3   0.0   170   199   201   230   176   252 0.80 -
145821:41-862        -            274 4082at4891           -            696   0.00055   13.4   0.6   1   3    0.0037      0.31    4.3   0.0   171   204   108   141    74   170 0.81 -
145821:41-862        -            274 4082at4891           -            696   0.00055   13.4   0.6   2   3    0.0033      0.27    4.5   0.0   179   205   205   231   196   236 0.90 -
145821:41-862        -            274 4082at4891           -            696   0.00055   13.4   0.6   3   3     0.042       3.5    0.8   0.0   183   203   249   269   244   273 0.61 -
140077:5-511         -            169 4082at4891           -            696    0.0012   12.3   0.0   1   3    0.0044      0.36    4.0   0.0   352   405    24    75    12    84 0.72 -
140077:5-511         -            169 4082at4891           -            696    0.0012   12.3   0.0   2   3    0.0015      0.12    5.6   0.0   169   202    91   124    85   141 0.83 -
140077:5-511         -            169 4082at4891           -            696    0.0012   12.3   0.0   3   3    0.0027      0.22    4.7   0.0   350   405   105   159   100   164 0.81 -
144137:68-793        -            242 4082at4891           -            696    0.0023   11.3   0.1   1   1   3.6e-05     0.003   10.9   0.1    77   204   119   240    89   241 0.84 -
144489:26-847        -            274 4082at4891           -            696    0.0036   10.7   0.0   1   1   8.3e-05    0.0069    9.7   0.0   117   151   139   173   128   194 0.89 -
#
# Program:         hmmsearch
# Version:         3.1b2 (February 2015)
# Pipeline mode:   SEARCH
# Query file:      /home/jj/Desktop/Bioinformatics/3rd_year/1term/Computational_genomics/Seminars/exercise_04/busco_downloads/lineages/saccharomycetes_odb10/hmms/4082at4891.hmm
# Target file:     /home/jj/Desktop/Bioinformatics/3rd_year/1term/Computational_genomics/Seminars/exercise_04/./busco/SRR7548448/SRR7548448_k63_contigs/run_saccharomycetes_odb10/metaeuk_output/rerun_results/SRR7548448_k63_graph.contig.fa.modified.fas
# Option settings: hmmsearch --domtblout /home/jj/Desktop/Bioinformatics/3rd_year/1term/Computational_genomics/Seminars/exercise_04/./busco/SRR7548448/SRR7548448_k63_contigs/run_saccharomycetes_odb10/hmmer_output/rerun_results/4082at4891.out --cpu 1 /home/jj/Desktop/Bioinformatics/3rd_year/1term/Computational_genomics/Seminars/exercise_04/busco_downloads/lineages/saccharomycetes_odb10/hmms/4082at4891.hmm /home/jj/Desktop/Bioinformatics/3rd_year/1term/Computational_genomics/Seminars/exercise_04/./busco/SRR7548448/SRR7548448_k63_contigs/run_saccharomycetes_odb10/metaeuk_output/rerun_results/SRR7548448_k63_graph.contig.fa.modified.fas 
# Current dir:     /home/jj/Desktop/Bioinformatics/3rd_year/1term/Computational_genomics/Seminars/exercise_04
# Date:            Tue Nov  5 18:54:23 2024
# [ok]
