#                                                                            --- full sequence --- -------------- this domain -------------   hmm coord   ali coord   env coord
# target name        accession   tlen query name           accession   qlen   E-value  score  bias   #  of  c-Evalue  i-Evalue  score  bias  from    to  from    to  from    to  acc description of target
#------------------- ---------- ----- -------------------- ---------- ----- --------- ------ ----- --- --- --------- --------- ------ ----- ----- ----- ----- ----- ----- ----- ---- ---------------------
145769:0-1415        -            472 4206at4891           -            742  4.1e-242  800.7  12.2   1   2  4.9e-117  1.2e-115  382.5   3.2     1   212     1   222     1   228 0.96 -
145769:0-1415        -            472 4206at4891           -            742  4.1e-242  800.7  12.2   2   2  1.7e-129  4.4e-128  423.7   1.7   211   427   246   472   239   472 0.97 -
145301:241-942       -            234 4206at4891           -            742     4e-27   89.9   2.5   1   2   3.3e-07   8.3e-06   19.4   0.1   133   184     3    52     1    57 0.79 -
145301:241-942       -            234 4206at4891           -            742     4e-27   89.9   2.5   2   2   5.9e-23   1.5e-21   71.5   0.5   306   458    52   207    42   218 0.91 -
145821:41-862        -            274 4206at4891           -            742   5.5e-24   79.5   8.7   1   4   1.8e-09   4.5e-08   26.9   0.1   409   457     7    54     1    72 0.86 -
145821:41-862        -            274 4206at4891           -            742   5.5e-24   79.5   8.7   2   4   2.4e-09   6.1e-08   26.5   0.7   302   383    64   143    57   153 0.78 -
145821:41-862        -            274 4206at4891           -            742   5.5e-24   79.5   8.7   3   4    0.0011     0.027    7.8   0.1   317   351   208   242   201   246 0.83 -
145821:41-862        -            274 4206at4891           -            742   5.5e-24   79.5   8.7   4   4   7.9e-08     2e-06   21.4   0.1   313   342   244   273   240   274 0.93 -
142977:29-619        -            197 4206at4891           -            742   8.9e-20   65.6   0.1   1   2   1.8e-08   4.6e-07   23.6   0.0   392   456     6    75     4    83 0.81 -
142977:29-619        -            197 4206at4891           -            742   8.9e-20   65.6   0.1   2   2   1.9e-13   4.8e-12   40.0   0.0   313   400   101   187    87   195 0.86 -
144149:4-795         -            264 4206at4891           -            742   5.2e-15   49.8   0.4   1   2   2.4e-11     6e-10   33.1   0.3   259   436    23   207    10   208 0.82 -
144149:4-795         -            264 4206at4891           -            742   5.2e-15   49.8   0.4   2   2   2.2e-06   5.5e-05   16.7   0.0   309   356   205   254   203   263 0.86 -
144137:68-793        -            242 4206at4891           -            742   8.2e-15   49.2   2.5   1   1   5.4e-16   1.4e-14   48.4   2.5   309   455    84   232    75   240 0.85 -
143663:88-690        -            201 4206at4891           -            742     1e-14   48.8   0.6   1   2   0.00061     0.016    8.6   0.0   318   348     2    32     1    48 0.78 -
143663:88-690        -            201 4206at4891           -            742     1e-14   48.8   0.6   2   2   2.6e-13   6.6e-12   39.6   0.2   293   455    42   200    39   201 0.79 -
140077:5-511         -            169 4206at4891           -            742   7.5e-14   46.0   0.0   1   2    0.0012      0.03    7.6   0.0   143   193    12    61     3    64 0.64 -
140077:5-511         -            169 4206at4891           -            742   7.5e-14   46.0   0.0   2   2   2.3e-13   5.8e-12   39.8   0.0   309   415    55   162    53   166 0.87 -
140847:1-537         -            179 4206at4891           -            742     1e-12   42.3   0.3   1   2   5.3e-10   1.3e-08   28.6   0.1   309   376     7    82     3    91 0.83 -
140847:1-537         -            179 4206at4891           -            742     1e-12   42.3   0.3   2   2   6.7e-05    0.0017   11.7   0.0   132   186   100   152    96   159 0.76 -
143505:234-713       -            160 4206at4891           -            742   8.6e-12   39.2   0.3   1   2   3.3e-08   8.4e-07   22.7   0.0   410   455     1    47     1    56 0.84 -
143505:234-713       -            160 4206at4891           -            742   8.6e-12   39.2   0.3   2   2     9e-06   0.00023   14.6   0.2   424   494    57   127    50   145 0.56 -
144541:4-777         -            258 4206at4891           -            742     1e-11   38.9   6.3   1   2   1.4e-07   3.7e-06   20.6   3.6   344   455    28   152     1   159 0.42 -
144541:4-777         -            258 4206at4891           -            742     1e-11   38.9   6.3   2   2   8.2e-05    0.0021   11.5   0.0   421   461   161   204   157   228 0.82 -
145543:193-1188      -            332 4206at4891           -            742   5.8e-11   36.5   2.2   1   4   0.00011    0.0027   11.1   0.0   305   338     3    36     1    46 0.82 -
145543:193-1188      -            332 4206at4891           -            742   5.8e-11   36.5   2.2   2   4   0.00054     0.014    8.7   0.0   423   457    58    93    50   107 0.71 -
145543:193-1188      -            332 4206at4891           -            742   5.8e-11   36.5   2.2   3   4     1e-05   0.00026   14.5   0.2   304   372   122   190   105   204 0.80 -
145543:193-1188      -            332 4206at4891           -            742   5.8e-11   36.5   2.2   4   4       1.8        47   -2.9   0.0   431   455   301   325   284   328 0.64 -
143313:52-507        -            152 4206at4891           -            742   1.5e-10   35.1   2.8   1   2     3e-07   7.7e-06   19.5   0.4   422   477    28    84     1    88 0.57 -
143313:52-507        -            152 4206at4891           -            742   1.5e-10   35.1   2.8   2   2   2.2e-07   5.7e-06   19.9   0.2   130   186    69   122    64   142 0.83 -
143819:146-751       -            202 4206at4891           -            742   3.8e-10   33.8   0.3   1   3   0.00028    0.0071    9.7   0.0   341   372     6    37     2    41 0.86 -
143819:146-751       -            202 4206at4891           -            742   3.8e-10   33.8   0.3   2   3   3.3e-06   8.5e-05   16.1   0.0   318   369    67   116    62   137 0.84 -
143819:146-751       -            202 4206at4891           -            742   3.8e-10   33.8   0.3   3   3     0.013      0.33    4.2   0.1   309   337   159   187   138   202 0.65 -
145907:260-880       -            207 4206at4891           -            742   6.8e-10   32.9   0.3   1   2   0.00014    0.0037   10.7   0.0   336   372    36    72     2    75 0.76 -
145907:260-880       -            207 4206at4891           -            742   6.8e-10   32.9   0.3   2   2   1.9e-07   4.9e-06   20.2   0.0   307   375   123   191   117   194 0.95 -
143253:125-688       -            188 4206at4891           -            742   1.1e-09   32.3   0.0   1   1   5.3e-11   1.3e-09   31.9   0.0   344   457    23   140    14   169 0.88 -
144067:217-762       -            182 4206at4891           -            742   1.7e-09   31.6   1.8   1   1   1.1e-10   2.8e-09   30.9   1.8   223   370     4   166     1   170 0.73 -
141381:50-520        -            157 4206at4891           -            742   4.2e-09   30.3   0.1   1   1     2e-10   5.1e-09   30.0   0.1   314   373    76   135    56   156 0.91 -
144489:26-847        -            274 4206at4891           -            742   3.4e-08   27.3   0.1   1   2   7.7e-07     2e-05   18.2   0.5   314   374     7    69     3    77 0.85 -
144489:26-847        -            274 4206at4891           -            742   3.4e-08   27.3   0.1   2   2    0.0022     0.055    6.8   0.0   321   374   121   176   104   193 0.63 -
145583:484-1188      -            235 4206at4891           -            742   1.7e-07   25.0   0.5   1   3   1.5e-05   0.00039   13.9   0.0   312   375     5    73     1    80 0.77 -
145583:484-1188      -            235 4206at4891           -            742   1.7e-07   25.0   0.5   2   3      0.53        13   -1.1   0.0   137   173    94   131    80   161 0.76 -
145583:484-1188      -            235 4206at4891           -            742   1.7e-07   25.0   0.5   3   3     0.001     0.025    7.9   0.0   132   171   186   226   168   234 0.78 -
141623:9-581         -            191 4206at4891           -            742   2.7e-07   24.3   2.0   1   2    0.0014     0.036    7.4   0.2   306   341    37    72    14    80 0.79 -
141623:9-581         -            191 4206at4891           -            742   2.7e-07   24.3   2.0   2   2     3e-06   7.8e-05   16.2   0.1   318   374    90   147    83   183 0.74 -
143977:73-726        -            218 4206at4891           -            742     5e-07   23.4   0.4   1   1   1.8e-07   4.6e-06   20.3   0.4   307   486    27   209    20   211 0.79 -
145365:0-995         -            332 4206at4891           -            742   2.5e-05   17.8   3.0   1   3      0.35       8.9   -0.5   0.0   316   372    40    93    22   121 0.63 -
145365:0-995         -            332 4206at4891           -            742   2.5e-05   17.8   3.0   2   3    0.0064      0.16    5.2   0.0   299   349   203   253   151   261 0.85 -
145365:0-995         -            332 4206at4891           -            742   2.5e-05   17.8   3.0   3   3   6.9e-05    0.0018   11.7   0.3   314   374   263   326   256   328 0.83 -
145363:1-1098        -            366 4206at4891           -            742   0.00014   15.4   0.0   1   1   8.2e-06   0.00021   14.8   0.0   300   444    30   175     7   190 0.84 -
144353:2-823         -            274 4206at4891           -            742   0.00016   15.1   0.0   1   3   3.5e-05   0.00089   12.7   0.0   424   504    15    93     6   113 0.80 -
144353:2-823         -            274 4206at4891           -            742   0.00016   15.1   0.0   2   3      0.59        15   -1.3   0.0   305   332   133   158   126   174 0.72 -
144353:2-823         -            274 4206at4891           -            742   0.00016   15.1   0.0   3   3      0.88        22   -1.9   0.0   427   456   219   248   182   260 0.77 -
144947:189-947       -            253 4206at4891           -            742   0.00038   13.9   1.2   1   2     0.026      0.66    3.2   0.0   139   175   141   176   131   188 0.80 -
144947:189-947       -            253 4206at4891           -            742   0.00038   13.9   1.2   2   2   0.00063     0.016    8.5   0.2   308   366   195   253   187   253 0.92 -
#
# Program:         hmmsearch
# Version:         3.1b2 (February 2015)
# Pipeline mode:   SEARCH
# Query file:      /home/jj/Desktop/Bioinformatics/3rd_year/1term/Computational_genomics/Seminars/exercise_04/busco_downloads/lineages/saccharomycetes_odb10/hmms/4206at4891.hmm
# Target file:     /home/jj/Desktop/Bioinformatics/3rd_year/1term/Computational_genomics/Seminars/exercise_04/./busco/SRR7548448/SRR7548448_k63_contigs/run_saccharomycetes_odb10/metaeuk_output/rerun_results/SRR7548448_k63_graph.contig.fa.modified.fas
# Option settings: hmmsearch --domtblout /home/jj/Desktop/Bioinformatics/3rd_year/1term/Computational_genomics/Seminars/exercise_04/./busco/SRR7548448/SRR7548448_k63_contigs/run_saccharomycetes_odb10/hmmer_output/rerun_results/4206at4891.out --cpu 1 /home/jj/Desktop/Bioinformatics/3rd_year/1term/Computational_genomics/Seminars/exercise_04/busco_downloads/lineages/saccharomycetes_odb10/hmms/4206at4891.hmm /home/jj/Desktop/Bioinformatics/3rd_year/1term/Computational_genomics/Seminars/exercise_04/./busco/SRR7548448/SRR7548448_k63_contigs/run_saccharomycetes_odb10/metaeuk_output/rerun_results/SRR7548448_k63_graph.contig.fa.modified.fas 
# Current dir:     /home/jj/Desktop/Bioinformatics/3rd_year/1term/Computational_genomics/Seminars/exercise_04
# Date:            Tue Nov  5 18:54:45 2024
# [ok]
