#                                                                            --- full sequence --- -------------- this domain -------------   hmm coord   ali coord   env coord
# target name        accession   tlen query name           accession   qlen   E-value  score  bias   #  of  c-Evalue  i-Evalue  score  bias  from    to  from    to  from    to  acc description of target
#------------------- ---------- ----- -------------------- ---------- ----- --------- ------ ----- --- --- --------- --------- ------ ----- ----- ----- ----- ----- ----- ----- ---- ---------------------
145301:241-942       -            234 4263at4891           -            571   1.2e-27   92.2   6.4   1   3   4.5e-16   1.2e-14   49.3   0.2   108   188     2    86     1    93 0.90 -
145301:241-942       -            234 4263at4891           -            571   1.2e-27   92.2   6.4   2   3   5.2e-06   0.00014   16.1   0.0   110   160    88   138    83   143 0.89 -
145301:241-942       -            234 4263at4891           -            571   1.2e-27   92.2   6.4   3   3   5.4e-14   1.4e-12   42.4   0.6    85   182   105   207   102   210 0.93 -
145821:41-862        -            274 4263at4891           -            571   1.6e-27   91.8  16.0   1   3   1.9e-12     5e-11   37.3   2.3    93   181     6    94     1   100 0.90 -
145821:41-862        -            274 4263at4891           -            571   1.6e-27   91.8  16.0   2   3   3.7e-11   9.8e-10   33.1   2.1    85   158    78   150    76   163 0.91 -
145821:41-862        -            274 4263at4891           -            571   1.6e-27   91.8  16.0   3   3   9.8e-13   2.6e-11   38.3   1.0   127   182   208   265   202   273 0.90 -
140847:1-537         -            179 4263at4891           -            571   3.8e-18   60.9   0.1   1   3   0.00018    0.0047   11.0   0.0   123   148    12    37     2    41 0.84 -
140847:1-537         -            179 4263at4891           -            571   3.8e-18   60.9   0.1   2   3   5.1e-11   1.4e-09   32.6   0.1    85   147    16    85    16    90 0.83 -
140847:1-537         -            179 4263at4891           -            571   3.8e-18   60.9   0.1   3   3   2.1e-07   5.7e-06   20.7   0.0   106   160    98   152    91   162 0.89 -
145543:193-1188      -            332 4263at4891           -            571   6.7e-17   56.8   4.0   1   3     0.081       2.2    2.2   0.0   116   143     4    31     2    37 0.81 -
145543:193-1188      -            332 4263at4891           -            571   6.7e-17   56.8   4.0   2   3   2.1e-10   5.7e-09   30.6   0.3   107   178    57   129    51   141 0.85 -
145543:193-1188      -            332 4263at4891           -            571   6.7e-17   56.8   4.0   3   3   2.3e-08   6.2e-07   23.8   0.1    93   151   143   201   132   206 0.88 -
145769:0-1415        -            472 4263at4891           -            571   1.2e-16   55.9   6.4   1   4     0.022      0.58    4.1   0.0    91   148    33    90    27   106 0.88 -
145769:0-1415        -            472 4263at4891           -            571   1.2e-16   55.9   6.4   2   4   0.00017    0.0044   11.1   0.3   110   179   143   219   113   225 0.76 -
145769:0-1415        -            472 4263at4891           -            571   1.2e-16   55.9   6.4   3   4   1.2e-12   3.3e-11   38.0   0.2    92   179   324   415   315   426 0.93 -
145769:0-1415        -            472 4263at4891           -            571   1.2e-16   55.9   6.4   4   4   0.00055     0.015    9.4   0.1    91   154   407   472   401   472 0.87 -
142977:29-619        -            197 4263at4891           -            571   1.5e-15   52.3   0.0   1   2   6.1e-05    0.0016   12.5   0.0   116   156     5    46     1    55 0.82 -
142977:29-619        -            197 4263at4891           -            571   1.5e-15   52.3   0.0   2   2   1.6e-12   4.3e-11   37.6   0.0    87   180    62   162    56   167 0.80 -
144149:4-795         -            264 4263at4891           -            571   1.8e-15   52.0   4.3   1   3   3.2e-05   0.00085   13.5   0.1    83   163    37   123    23   124 0.79 -
144149:4-795         -            264 4263at4891           -            571   1.8e-15   52.0   4.3   2   3   8.3e-07   2.2e-05   18.7   0.2   108   163   110   165   105   168 0.95 -
144149:4-795         -            264 4263at4891           -            571   1.8e-15   52.0   4.3   3   3   5.9e-09   1.6e-07   25.8   0.1    85   164   171   252   167   254 0.88 -
143819:146-751       -            202 4263at4891           -            571   2.1e-15   51.8   2.5   1   3   1.2e-09   3.3e-08   28.0   0.0   107   162     4    59     1    60 0.95 -
143819:146-751       -            202 4263at4891           -            571   2.1e-15   51.8   2.5   2   3   2.5e-10   6.7e-09   30.3   0.7    97   150    36    89    35    94 0.95 -
143819:146-751       -            202 4263at4891           -            571   2.1e-15   51.8   2.5   3   3       0.2       5.2    1.0   0.1   103   145   141   185   136   193 0.74 -
143663:88-690        -            201 4263at4891           -            571   4.6e-13   44.1   0.9   1   2   0.00017    0.0044   11.1   0.1   127   150     1    24     1    30 0.94 -
143663:88-690        -            201 4263at4891           -            571   4.6e-13   44.1   0.9   2   2   1.1e-10     3e-09   31.5   0.1    84   164    64   141    42   174 0.85 -
143505:234-713       -            160 4263at4891           -            571   6.1e-13   43.7   0.3   1   2     7e-14   1.8e-12   42.1   0.2    95   182     1    91     1   104 0.93 -
143505:234-713       -            160 4263at4891           -            571   6.1e-13   43.7   0.3   2   2      0.63        17   -0.7   0.0   116   145   105   134    91   145 0.80 -
143313:52-507        -            152 4263at4891           -            571   1.7e-11   38.9   5.1   1   2   1.2e-07   3.3e-06   21.5   0.2   106   158    27    79     9    82 0.89 -
143313:52-507        -            152 4263at4891           -            571   1.7e-11   38.9   5.1   2   2   8.4e-09   2.2e-07   25.3   1.6   106   162    69   124    67   152 0.85 -
144489:26-847        -            274 4263at4891           -            571     2e-11   38.7   1.8   1   2   1.1e-08     3e-07   24.9   0.6    85   144    10    71     5    80 0.84 -
144489:26-847        -            274 4263at4891           -            571     2e-11   38.7   1.8   2   2   4.5e-05    0.0012   13.0   0.0    93   145   125   179   116   190 0.83 -
140077:5-511         -            169 4263at4891           -            571   2.2e-11   38.6   0.2   1   2     0.013      0.34    4.9   0.0   525   551    12    38     1    41 0.85 -
140077:5-511         -            169 4263at4891           -            571   2.2e-11   38.6   0.2   2   2   2.8e-10   7.3e-09   30.2   0.2   106   180    42   119    37   129 0.88 -
141381:50-520        -            157 4263at4891           -            571   6.4e-11   37.0   0.3   1   1   2.7e-12   7.1e-11   36.8   0.3    92   158    86   153    64   157 0.87 -
144541:4-777         -            258 4263at4891           -            571   2.3e-10   35.2  13.7   1   3   2.9e-09   7.8e-08   26.8   3.6    84   179    42   152    18   153 0.78 -
144541:4-777         -            258 4263at4891           -            571   2.3e-10   35.2  13.7   2   3   1.7e-07   4.6e-06   21.0   3.6   105   179   116   198   109   201 0.86 -
144541:4-777         -            258 4263at4891           -            571   2.3e-10   35.2  13.7   3   3       2.3        61   -2.6   0.1   183   202   228   247   224   250 0.85 -
144137:68-793        -            242 4263at4891           -            571   2.8e-10   34.9   8.4   1   2     0.001     0.027    8.5   0.3    92   141    99   148    91   156 0.90 -
144137:68-793        -            242 4263at4891           -            571   2.8e-10   34.9   8.4   2   2   2.3e-11   6.2e-10   33.7   4.4    93   182   142   235   136   242 0.87 -
144067:217-762       -            182 4263at4891           -            571   1.9e-07   25.6   8.2   1   1   1.9e-08     5e-07   24.1   8.0    98   177    82   167    37   179 0.76 -
145907:260-880       -            207 4263at4891           -            571   2.7e-07   25.0   0.3   1   4       1.2        33   -1.7   0.0   191   205     5    19     3    25 0.56 -
145907:260-880       -            207 4263at4891           -            571   2.7e-07   25.0   0.3   2   4   0.00051     0.013    9.5   0.0   104   145    36    77    28    89 0.86 -
145907:260-880       -            207 4263at4891           -            571   2.7e-07   25.0   0.3   3   4   0.00027    0.0072   10.4   0.1   115   175   121   185   106   190 0.69 -
145907:260-880       -            207 4263at4891           -            571   2.7e-07   25.0   0.3   4   4     0.028      0.74    3.8   0.0   111   142   159   190   157   200 0.87 -
145583:484-1188      -            235 4263at4891           -            571   1.5e-05   19.3   0.6   1   2     0.006      0.16    6.0   0.0   396   436    31    75    19    83 0.73 -
145583:484-1188      -            235 4263at4891           -            571   1.5e-05   19.3   0.6   2   2   0.00018    0.0047   11.0   0.2   128   179   161   220    83   228 0.53 -
141623:9-581         -            191 4263at4891           -            571   4.1e-05   17.8   5.8   1   2    0.0077       0.2    5.6   1.1    93   165    14    87     3    92 0.83 -
141623:9-581         -            191 4263at4891           -            571   4.1e-05   17.8   5.8   2   2     7e-06   0.00019   15.7   0.5    83   162    87   167    81   171 0.86 -
145363:1-1098        -            366 4263at4891           -            571   5.8e-05   17.3   0.0   1   1   3.2e-06   8.6e-05   16.8   0.0    93   149    97   153    87   156 0.91 -
144047:63-782        -            240 4263at4891           -            571   9.8e-05   16.6   0.4   1   2   5.4e-06   0.00014   16.0   0.1    65   141     8    86     3    95 0.86 -
144047:63-782        -            240 4263at4891           -            571   9.8e-05   16.6   0.4   2   2       6.6   1.8e+02   -4.1   0.0   188   202   162   176   156   181 0.68 -
143253:125-688       -            188 4263at4891           -            571   0.00017   15.8   0.0   1   2     0.066       1.8    2.5   0.0   110   151    21    62     8    85 0.78 -
143253:125-688       -            188 4263at4891           -            571   0.00017   15.8   0.0   2   2   0.00012    0.0033   11.5   0.0    98   145    95   142    77   147 0.86 -
144947:189-947       -            253 4263at4891           -            571    0.0002   15.5   5.3   1   4      0.81        22   -1.1   0.0   172   196    25    48     2    60 0.60 -
144947:189-947       -            253 4263at4891           -            571    0.0002   15.5   5.3   2   4    0.0034     0.091    6.8   0.8    95   180    75   167    68   170 0.81 -
144947:189-947       -            253 4263at4891           -            571    0.0002   15.5   5.3   3   4     0.058       1.5    2.7   0.1   183   211   146   174   137   188 0.74 -
144947:189-947       -            253 4263at4891           -            571    0.0002   15.5   5.3   4   4     0.001     0.027    8.5   0.0    68   131   186   250   177   253 0.82 -
144833:0-911         -            304 4263at4891           -            571    0.0034   11.5   0.1   1   1   0.00019    0.0049   11.0   0.1   102   147   250   296   245   301 0.84 -
#
# Program:         hmmsearch
# Version:         3.1b2 (February 2015)
# Pipeline mode:   SEARCH
# Query file:      /home/jj/Desktop/Bioinformatics/3rd_year/1term/Computational_genomics/Seminars/exercise_04/busco_downloads/lineages/saccharomycetes_odb10/hmms/4263at4891.hmm
# Target file:     /home/jj/Desktop/Bioinformatics/3rd_year/1term/Computational_genomics/Seminars/exercise_04/./busco/SRR7548448/SRR7548448_k63_contigs/run_saccharomycetes_odb10/metaeuk_output/rerun_results/SRR7548448_k63_graph.contig.fa.modified.fas
# Option settings: hmmsearch --domtblout /home/jj/Desktop/Bioinformatics/3rd_year/1term/Computational_genomics/Seminars/exercise_04/./busco/SRR7548448/SRR7548448_k63_contigs/run_saccharomycetes_odb10/hmmer_output/rerun_results/4263at4891.out --cpu 1 /home/jj/Desktop/Bioinformatics/3rd_year/1term/Computational_genomics/Seminars/exercise_04/busco_downloads/lineages/saccharomycetes_odb10/hmms/4263at4891.hmm /home/jj/Desktop/Bioinformatics/3rd_year/1term/Computational_genomics/Seminars/exercise_04/./busco/SRR7548448/SRR7548448_k63_contigs/run_saccharomycetes_odb10/metaeuk_output/rerun_results/SRR7548448_k63_graph.contig.fa.modified.fas 
# Current dir:     /home/jj/Desktop/Bioinformatics/3rd_year/1term/Computational_genomics/Seminars/exercise_04
# Date:            Tue Nov  5 18:54:20 2024
# [ok]
