#                                                                            --- full sequence --- -------------- this domain -------------   hmm coord   ali coord   env coord
# target name        accession   tlen query name           accession   qlen   E-value  score  bias   #  of  c-Evalue  i-Evalue  score  bias  from    to  from    to  from    to  acc description of target
#------------------- ---------- ----- -------------------- ---------- ----- --------- ------ ----- --- --- --------- --------- ------ ----- ----- ----- ----- ----- ----- ----- ---- ---------------------
144839:7-642         -            212 4279at4891           -            387   2.6e-38  127.4   0.0   1   1   1.6e-39   2.9e-38  127.2   0.0   183   383     2   203     1   207 0.86 -
145175:14-847        -            278 4279at4891           -            387   5.4e-37  123.0   0.2   1   1   1.5e-37   2.7e-36  120.7   0.2   145   375     7   273     1   277 0.80 -
143795:67-747        -            227 4279at4891           -            387   1.2e-34  115.3   0.1   1   2   1.2e-16   2.2e-15   51.9   0.0   204   282     2    84     1    87 0.85 -
143795:67-747        -            227 4279at4891           -            387   1.2e-34  115.3   0.1   2   2   1.3e-19   2.5e-18   61.6   0.0   276   378   110   216    95   224 0.88 -
143033:187-669       -            161 4279at4891           -            387   6.6e-31  103.0   0.2   1   1   3.9e-32   7.1e-31  102.9   0.2   145   290     3   161     1   161 0.85 -
141797:1-591         -            197 4279at4891           -            387   2.6e-28   94.5   0.0   1   1   1.6e-29     3e-28   94.2   0.0   201   377     5   195     3   197 0.81 -
141063:9-554         -            182 4279at4891           -            387   3.9e-25   84.0   0.0   1   1   2.3e-26   4.2e-25   83.9   0.0   158   326     5   180     1   182 0.79 -
145155:2-835         -            278 4279at4891           -            387     4e-25   84.0   0.0   1   1   2.5e-26   4.5e-25   83.8   0.0   171   323    56   220    10   276 0.75 -
140939:17-526        -            170 4279at4891           -            387   4.3e-25   83.9   0.0   1   1   4.2e-25   7.8e-24   79.7   0.0   227   367     6   169     1   170 0.87 -
138573:6-455         -            150 4279at4891           -            387   2.7e-24   81.2   0.0   1   1   1.5e-25   2.7e-24   81.2   0.0   232   326     6   103     2   149 0.88 -
137919:7-429         -            141 4279at4891           -            387   4.9e-22   73.8   0.0   1   1   2.7e-23     5e-22   73.8   0.0   239   330     1    93     1   130 0.92 -
143027:172-651       -            160 4279at4891           -            387   3.8e-20   67.6   0.2   1   1   2.7e-21   4.9e-20   67.2   0.2   144   271     6   153     2   159 0.76 -
137929:9-443         -            145 4279at4891           -            387   6.7e-20   66.8   0.0   1   1   4.4e-21   8.1e-20   66.5   0.0   221   342    12   134     4   141 0.84 -
144797:1-714         -            238 4279at4891           -            387   7.4e-20   66.6   0.0   1   1   4.6e-21   8.5e-20   66.4   0.0   201   380     4   193     1   200 0.85 -
144479:2-847         -            282 4279at4891           -            387     3e-19   64.6   0.0   1   2      0.15       2.7    2.2   0.0   242   258    36    52    22    62 0.85 -
144479:2-847         -            282 4279at4891           -            387     3e-19   64.6   0.0   2   2   3.3e-19   6.1e-18   60.3   0.0   259   379    93   211    74   219 0.90 -
139915:3-470         -            156 4279at4891           -            387   5.2e-19   63.8   0.0   1   1   2.2e-19     4e-18   60.9   0.0   205   331     2   149     1   155 0.75 -
142899:7-642         -            212 4279at4891           -            387   6.5e-19   63.5   0.0   1   1   4.2e-20   7.7e-19   63.3   0.0   232   340    44   155     8   164 0.89 -
139911:55-507        -            151 4279at4891           -            387     1e-18   62.9   0.0   1   1   6.5e-20   1.2e-18   62.7   0.0   235   368     5   148     1   151 0.81 -
144977:40-684        -            215 4279at4891           -            387   3.7e-18   61.0   0.1   1   2     2e-05   0.00037   15.0   0.0   202   257    10    68     3    71 0.81 -
144977:40-684        -            215 4279at4891           -            387   3.7e-18   61.0   0.1   2   2   2.6e-14   4.8e-13   44.2   0.0   259   377    95   212    91   215 0.89 -
144279:254-808       -            185 4279at4891           -            387   2.5e-16   55.0   0.0   1   1   1.9e-17   3.4e-16   54.6   0.0   230   340     6   119     3   123 0.87 -
143351:5-469         -            155 4279at4891           -            387   3.5e-15   51.3   0.1   1   1   1.9e-16   3.5e-15   51.3   0.1   176   270    55   155     7   155 0.89 -
138137:12-449        -            146 4279at4891           -            387     5e-15   50.7   0.0   1   1   2.9e-16   5.3e-15   50.6   0.0   200   293    49   146    20   146 0.87 -
143305:7-633         -            209 4279at4891           -            387   1.6e-14   49.1   0.0   1   2   2.1e-15     4e-14   47.8   0.0   229   341     5   130     2   140 0.79 -
143305:7-633         -            209 4279at4891           -            387   1.6e-14   49.1   0.0   2   2       3.1        56   -2.1   0.0   355   380   172   197   164   200 0.85 -
138105:16-444        -            143 4279at4891           -            387   2.1e-14   48.7   0.1   1   1   1.2e-15   2.3e-14   48.6   0.1   145   268     3   141     1   143 0.74 -
144109:7-732         -            242 4279at4891           -            387   2.5e-14   48.5   0.0   1   1   1.9e-15   3.5e-14   48.0   0.0   225   314     7   110     2   123 0.77 -
145735:713-1261      -            183 4279at4891           -            387   2.6e-12   41.8   0.0   1   1     2e-13   3.7e-12   41.3   0.0   226   324    26   144    18   150 0.76 -
139477:0-491         -            164 4279at4891           -            387   1.6e-11   39.2   0.0   1   2   3.2e-12   5.9e-11   37.3   0.0   262   354     1   103     1   108 0.84 -
139477:0-491         -            164 4279at4891           -            387   1.6e-11   39.2   0.0   2   2       1.2        22   -0.7   0.0   349   381   126   158   119   160 0.84 -
143975:1-471         -            157 4279at4891           -            387   2.9e-11   38.4   0.0   1   1   1.9e-12   3.5e-11   38.1   0.0   126   254    14   157     3   157 0.73 -
141463:27-569        -            181 4279at4891           -            387   8.4e-11   36.8   0.0   1   1   5.6e-12     1e-10   36.5   0.0   233   324    50   143    38   164 0.80 -
136623:8-412         -            135 4279at4891           -            387   1.9e-09   32.4   0.0   1   1   1.4e-10   2.5e-09   32.0   0.0   252   324     2    86     1   108 0.76 -
142181:21-614        -            198 4279at4891           -            387   2.9e-09   31.8   0.2   1   1   1.9e-10   3.5e-09   31.5   0.2   149   269    25   163    11   197 0.73 -
136307:2-403         -            134 4279at4891           -            387   8.1e-09   30.3   0.2   1   1   4.7e-10   8.8e-09   30.2   0.2   149   259    16   130     3   134 0.82 -
143007:66-662        -            199 4279at4891           -            387   2.2e-07   25.6   0.1   1   2       3.4        63   -2.3   0.0   139   158     3    22     2    39 0.73 -
143007:66-662        -            199 4279at4891           -            387   2.2e-07   25.6   0.1   2   2   2.3e-08   4.3e-07   24.6   0.0   235   279   109   157    80   175 0.86 -
144845:209-790       -            194 4279at4891           -            387   3.6e-07   24.9   0.3   1   1   3.2e-08   5.9e-07   24.2   0.3   168   268    69   190    57   194 0.69 -
142343:154-603       -            150 4279at4891           -            387   2.1e-06   22.3   0.0   1   1   1.2e-07   2.1e-06   22.3   0.0   232   318    46   145    11   150 0.73 -
138777:77-469        -            131 4279at4891           -            387   0.00056   14.4   0.0   1   2   7.8e-05    0.0014   13.0   0.1   229   256     1    28     1    33 0.92 -
138777:77-469        -            131 4279at4891           -            387   0.00056   14.4   0.0   2   2         2        38   -1.5   0.0   297   320   107   130   104   131 0.82 -
141491:53-568        -            172 4279at4891           -            387   0.00057   14.3   0.0   1   1   4.1e-05   0.00076   13.9   0.0   253   324     1    92     1   100 0.72 -
#
# Program:         hmmsearch
# Version:         3.1b2 (February 2015)
# Pipeline mode:   SEARCH
# Query file:      /home/jj/Desktop/Bioinformatics/3rd_year/1term/Computational_genomics/Seminars/exercise_04/busco_downloads/lineages/saccharomycetes_odb10/hmms/4279at4891.hmm
# Target file:     /home/jj/Desktop/Bioinformatics/3rd_year/1term/Computational_genomics/Seminars/exercise_04/./busco/SRR7548448/SRR7548448_k63_contigs/run_saccharomycetes_odb10/metaeuk_output/rerun_results/SRR7548448_k63_graph.contig.fa.modified.fas
# Option settings: hmmsearch --domtblout /home/jj/Desktop/Bioinformatics/3rd_year/1term/Computational_genomics/Seminars/exercise_04/./busco/SRR7548448/SRR7548448_k63_contigs/run_saccharomycetes_odb10/hmmer_output/rerun_results/4279at4891.out --cpu 1 /home/jj/Desktop/Bioinformatics/3rd_year/1term/Computational_genomics/Seminars/exercise_04/busco_downloads/lineages/saccharomycetes_odb10/hmms/4279at4891.hmm /home/jj/Desktop/Bioinformatics/3rd_year/1term/Computational_genomics/Seminars/exercise_04/./busco/SRR7548448/SRR7548448_k63_contigs/run_saccharomycetes_odb10/metaeuk_output/rerun_results/SRR7548448_k63_graph.contig.fa.modified.fas 
# Current dir:     /home/jj/Desktop/Bioinformatics/3rd_year/1term/Computational_genomics/Seminars/exercise_04
# Date:            Tue Nov  5 18:54:28 2024
# [ok]
