#                                                                            --- full sequence --- -------------- this domain -------------   hmm coord   ali coord   env coord
# target name        accession   tlen query name           accession   qlen   E-value  score  bias   #  of  c-Evalue  i-Evalue  score  bias  from    to  from    to  from    to  acc description of target
#------------------- ---------- ----- -------------------- ---------- ----- --------- ------ ----- --- --- --------- --------- ------ ----- ----- ----- ----- ----- ----- ----- ---- ---------------------
145413:151-1119      -            323 4361at4891           -            509  5.1e-161  531.7   0.6   1   1  1.3e-162  5.8e-161  531.5   0.6   230   509     1   293     1   293 0.96 -
145219:1-639         -            213 4361at4891           -            509     5e-54  178.7   0.0   1   1   1.2e-55   5.4e-54  178.6   0.0   104   309     2   212     1   213 0.93 -
136991:2-403         -            134 4361at4891           -            509   8.5e-54  178.0   0.2   1   1   2.1e-55   9.3e-54  177.8   0.2   101   227     2   133     1   134 0.90 -
140201:39-518        -            160 4361at4891           -            509   4.4e-45  149.2   0.1   1   1   1.1e-46   4.8e-45  149.1   0.1    96   250     2   160     1   160 0.94 -
142695:2-619         -            206 4361at4891           -            509   7.8e-43  141.8   0.0   1   1     2e-44   8.9e-43  141.6   0.0   285   471     2   192     1   205 0.89 -
144757:0-659         -            220 4361at4891           -            509   8.5e-43  141.7   0.0   1   1   2.2e-44   9.6e-43  141.5   0.0    99   296    12   220     1   220 0.85 -
139339:2-487         -            162 4361at4891           -            509   2.5e-38  126.9   0.1   1   1   6.4e-40   2.8e-38  126.8   0.1   139   296     1   162     1   162 0.93 -
142381:156-611       -            152 4361at4891           -            509   1.5e-37  124.4   0.3   1   1   3.8e-39   1.7e-37  124.2   0.3   171   306    12   148     5   152 0.96 -
141553:14-577        -            188 4361at4891           -            509   4.2e-34  113.0   0.0   1   1   1.1e-35   4.8e-34  112.8   0.0   304   473     2   175     1   185 0.89 -
141713:28-582        -            185 4361at4891           -            509   3.4e-31  103.4   0.3   1   1   8.8e-33   3.9e-31  103.2   0.3   152   314     3   170     1   181 0.82 -
140107:3-434         -            144 4361at4891           -            509     5e-31  102.9   0.0   1   1   1.2e-32   5.5e-31  102.7   0.0   171   307     2   142     1   144 0.92 -
132471:0-341         -            114 4361at4891           -            509   7.1e-28   92.5   0.0   1   1   1.7e-29   7.7e-28   92.4   0.0   160   268     3   114     1   114 0.92 -
143129:1-615         -            205 4361at4891           -            509   3.6e-27   90.1   0.0   1   1   9.7e-29   4.3e-27   89.9   0.0   175   310     2   143     1   166 0.86 -
137839:5-403         -            133 4361at4891           -            509   3.9e-27   90.0   0.1   1   1   9.2e-29   4.1e-27   90.0   0.1   184   303     2   127     1   133 0.87 -
141755:252-584       -            111 4361at4891           -            509   6.7e-22   72.8   0.0   1   1   1.7e-23   7.3e-22   72.6   0.0   140   245     1   111     1   111 0.90 -
#
# Program:         hmmsearch
# Version:         3.1b2 (February 2015)
# Pipeline mode:   SEARCH
# Query file:      /home/jj/Desktop/Bioinformatics/3rd_year/1term/Computational_genomics/Seminars/exercise_04/busco_downloads/lineages/saccharomycetes_odb10/hmms/4361at4891.hmm
# Target file:     /home/jj/Desktop/Bioinformatics/3rd_year/1term/Computational_genomics/Seminars/exercise_04/./busco/SRR7548448/SRR7548448_k63_contigs/run_saccharomycetes_odb10/metaeuk_output/rerun_results/SRR7548448_k63_graph.contig.fa.modified.fas
# Option settings: hmmsearch --domtblout /home/jj/Desktop/Bioinformatics/3rd_year/1term/Computational_genomics/Seminars/exercise_04/./busco/SRR7548448/SRR7548448_k63_contigs/run_saccharomycetes_odb10/hmmer_output/rerun_results/4361at4891.out --cpu 1 /home/jj/Desktop/Bioinformatics/3rd_year/1term/Computational_genomics/Seminars/exercise_04/busco_downloads/lineages/saccharomycetes_odb10/hmms/4361at4891.hmm /home/jj/Desktop/Bioinformatics/3rd_year/1term/Computational_genomics/Seminars/exercise_04/./busco/SRR7548448/SRR7548448_k63_contigs/run_saccharomycetes_odb10/metaeuk_output/rerun_results/SRR7548448_k63_graph.contig.fa.modified.fas 
# Current dir:     /home/jj/Desktop/Bioinformatics/3rd_year/1term/Computational_genomics/Seminars/exercise_04
# Date:            Tue Nov  5 18:54:45 2024
# [ok]
