#                                                                            --- full sequence --- -------------- this domain -------------   hmm coord   ali coord   env coord
# target name        accession   tlen query name           accession   qlen   E-value  score  bias   #  of  c-Evalue  i-Evalue  score  bias  from    to  from    to  from    to  acc description of target
#------------------- ---------- ----- -------------------- ---------- ----- --------- ------ ----- --- --- --------- --------- ------ ----- ----- ----- ----- ----- ----- ----- ---- ---------------------
144977:40-684        -            215 4598at4891           -            484   3.2e-29   97.3   0.0   1   1   6.9e-30   1.3e-28   95.3   0.0    92   262    20   213    10   215 0.82 -
144479:2-847         -            282 4598at4891           -            484   2.7e-26   87.7   0.1   1   2      0.02      0.39    4.7   0.0   126   141    37    52    31    60 0.80 -
144479:2-847         -            282 4598at4891           -            484   2.7e-26   87.7   0.1   2   2   1.5e-25   2.9e-24   81.0   0.0   152   303    93   256    86   278 0.79 -
137929:9-443         -            145 4598at4891           -            484     2e-24   81.5   0.0   1   1   1.3e-25   2.5e-24   81.2   0.0   104   227    13   128     1   137 0.91 -
138573:6-455         -            150 4598at4891           -            484   1.3e-23   78.9   0.0   1   1   8.1e-25   1.5e-23   78.6   0.0   111   256     2   148     1   150 0.82 -
139911:55-507        -            151 4598at4891           -            484     5e-22   73.6   0.0   1   1   3.4e-23   6.4e-22   73.3   0.0   115   252     2   148     1   151 0.81 -
144839:7-642         -            212 4598at4891           -            484   1.1e-21   72.5   0.1   1   2   0.00011     0.002   12.2   0.0    41    80     1    41     1    49 0.86 -
144839:7-642         -            212 4598at4891           -            484   1.1e-21   72.5   0.1   2   2   5.5e-19     1e-17   59.4   0.0    99   226    41   157    39   170 0.90 -
141063:9-554         -            182 4598at4891           -            484   1.5e-21   72.1   0.0   1   2    0.0014     0.027    8.6   0.0    28    84    15    75     2    81 0.67 -
141063:9-554         -            182 4598at4891           -            484   1.5e-21   72.1   0.0   2   2   9.9e-20   1.9e-18   61.8   0.0   110   218    81   180    74   182 0.87 -
145155:2-835         -            278 4598at4891           -            484   4.5e-21   70.5   0.1   1   2     0.007      0.13    6.3   0.1    15    73    39   100    16   102 0.62 -
145155:2-835         -            278 4598at4891           -            484   4.5e-21   70.5   0.1   2   2   2.7e-20   5.1e-19   63.7   0.0    93   255   100   270    98   276 0.74 -
145175:14-847        -            278 4598at4891           -            484   3.8e-20   67.4   0.4   1   2   3.1e-07   5.9e-06   20.6   0.1     3    77     7    91     5    97 0.76 -
145175:14-847        -            278 4598at4891           -            484   3.8e-20   67.4   0.4   2   2   3.4e-14   6.5e-13   43.6   0.0   106   215   100   220    93   232 0.68 -
144797:1-714         -            238 4598at4891           -            484   5.5e-20   66.9   0.0   1   1   4.1e-21   7.8e-20   66.4   0.0   109   266    32   195     6   205 0.80 -
142899:7-642         -            212 4598at4891           -            484   2.3e-19   64.9   0.0   1   1   1.6e-20   3.1e-19   64.4   0.0    99   226    28   148    12   171 0.87 -
137919:7-429         -            141 4598at4891           -            484   3.5e-19   64.3   0.0   1   1   2.2e-20   4.2e-19   64.0   0.0   125   255     4   131     1   138 0.85 -
139915:3-470         -            156 4598at4891           -            484   4.9e-19   63.8   0.0   1   1   2.1e-19     4e-18   60.8   0.0   102   226    19   152     9   156 0.75 -
140939:17-526        -            170 4598at4891           -            484   9.7e-17   56.2   0.0   1   1   3.8e-17   7.2e-16   53.3   0.0   112   217     8   125     3   170 0.72 -
144279:254-808       -            185 4598at4891           -            484   1.8e-16   55.3   0.0   1   2   1.7e-17   3.3e-16   54.5   0.0   108   226     1   112     1   123 0.87 -
144279:254-808       -            185 4598at4891           -            484   1.8e-16   55.3   0.0   2   2       7.9   1.5e+02   -3.8   0.0   239   253   159   173   157   175 0.86 -
138105:16-444        -            143 4598at4891           -            484   2.1e-16   55.1   0.1   1   2   1.8e-12   3.5e-11   37.9   0.0     3    78     3    85     1    94 0.79 -
138105:16-444        -            143 4598at4891           -            484   2.1e-16   55.1   0.1   2   2   9.9e-06   0.00019   15.7   0.0   113   163   100   143    91   143 0.83 -
141797:1-591         -            197 4598at4891           -            484   9.5e-15   49.6   0.0   1   1   6.1e-16   1.2e-14   49.3   0.0   119   224    46   148    20   156 0.81 -
143795:67-747        -            227 4598at4891           -            484     1e-14   49.5   0.0   1   2   2.6e-07   4.9e-06   20.9   0.0   105   162    23    71     2    83 0.81 -
143795:67-747        -            227 4598at4891           -            484     1e-14   49.5   0.0   2   2   4.3e-09   8.1e-08   26.8   0.0   174   262   116   216   109   224 0.66 -
143033:187-669       -            161 4598at4891           -            484     2e-14   48.5   0.0   1   1   9.3e-12   1.8e-10   35.5   0.0     3   182     3   161     1   161 0.81 -
143027:172-651       -            160 4598at4891           -            484   5.4e-14   47.1   0.6   1   2   3.2e-09   6.1e-08   27.2   0.1     2    78     6    96     5   101 0.78 -
143027:172-651       -            160 4598at4891           -            484   5.4e-14   47.1   0.6   2   2   1.3e-06   2.4e-05   18.6   0.1   104   142   102   140    98   154 0.82 -
136623:8-412         -            135 4598at4891           -            484     2e-13   45.2   0.0   1   1   1.4e-14   2.6e-13   44.9   0.0   154   254    12   129     9   135 0.74 -
143305:7-633         -            209 4598at4891           -            484   3.1e-13   44.6   0.0   1   2   1.2e-13   2.3e-12   41.7   0.0   109   218     2   114     1   122 0.75 -
143305:7-633         -            209 4598at4891           -            484   3.1e-13   44.6   0.0   2   2      0.43       8.2    0.4   0.0   238   265   171   198   165   205 0.85 -
139477:0-491         -            164 4598at4891           -            484   1.2e-12   42.7   0.0   1   2   3.1e-13   5.9e-12   40.4   0.0   155   218     1    73     1    84 0.83 -
139477:0-491         -            164 4598at4891           -            484   1.2e-12   42.7   0.0   2   2      0.57        11   -0.0   0.0   238   261   131   154   122   161 0.84 -
141463:27-569        -            181 4598at4891           -            484   5.2e-12   40.6   0.0   1   1   3.8e-13   7.3e-12   40.1   0.0   108   217    42   145    35   159 0.87 -
138137:12-449        -            146 4598at4891           -            484   9.1e-12   39.8   0.1   1   2    0.0011     0.022    8.9   0.0    15    80     3    69     1    79 0.89 -
138137:12-449        -            146 4598at4891           -            484   9.1e-12   39.8   0.1   2   2   6.5e-10   1.2e-08   29.5   0.0   111   185    80   146    73   146 0.90 -
144109:7-732         -            242 4598at4891           -            484     1e-11   39.6   0.0   1   1   7.9e-13   1.5e-11   39.1   0.0   109   203     8   107     3   113 0.81 -
143351:5-469         -            155 4598at4891           -            484   3.9e-11   37.7   0.5   1   2   1.4e-07   2.6e-06   21.8   0.1    30    77    50    98    25   111 0.77 -
143351:5-469         -            155 4598at4891           -            484   3.9e-11   37.7   0.5   2   2   1.9e-05   0.00036   14.7   0.0   109   162   110   154   101   155 0.81 -
136307:2-403         -            134 4598at4891           -            484   4.9e-10   34.1   0.7   1   2   2.1e-05    0.0004   14.6   0.2    13    85    19    93     1    96 0.84 -
136307:2-403         -            134 4598at4891           -            484   4.9e-10   34.1   0.7   2   2     3e-07   5.7e-06   20.7   0.0   102   143    90   131    88   134 0.93 -
143975:1-471         -            157 4598at4891           -            484   1.9e-09   32.1   0.7   1   2   7.7e-09   1.5e-07   25.9   0.6    14    80    51   118    32   128 0.84 -
143975:1-471         -            157 4598at4891           -            484   1.9e-09   32.1   0.7   2   2     0.019      0.35    4.9   0.0   111   137   131   157   119   157 0.89 -
145735:713-1261      -            183 4598at4891           -            484   3.6e-07   24.6   0.0   1   1   2.2e-08   4.2e-07   24.4   0.0   112   190    29   106    13   142 0.81 -
144845:209-790       -            194 4598at4891           -            484   6.8e-07   23.7   0.7   1   1   4.3e-07   8.3e-06   20.1   0.7    29   141    71   174    38   189 0.70 -
138777:77-469        -            131 4598at4891           -            484   1.7e-05   19.1   0.1   1   2   2.9e-05   0.00056   14.1   0.0   114   144     3    33     1    39 0.88 -
138777:77-469        -            131 4598at4891           -            484   1.7e-05   19.1   0.1   2   2     0.057       1.1    3.3   0.0   187   213   105   131   100   131 0.91 -
142343:154-603       -            150 4598at4891           -            484   3.4e-05   18.1   0.0   1   1   1.9e-06   3.7e-05   18.0   0.0   108   213    39   148    23   150 0.71 -
143007:66-662        -            199 4598at4891           -            484   6.4e-05   17.2   0.1   1   2      0.79        15   -0.5   0.0     2    18     8    24     7    38 0.80 -
143007:66-662        -            199 4598at4891           -            484   6.4e-05   17.2   0.1   2   2     1e-05    0.0002   15.6   0.0   108   142    99   133    81   197 0.79 -
142181:21-614        -            198 4598at4891           -            484   0.00043   14.5   0.6   1   1   0.00014    0.0026   11.9   0.6    25   145    42   155    29   162 0.75 -
#
# Program:         hmmsearch
# Version:         3.1b2 (February 2015)
# Pipeline mode:   SEARCH
# Query file:      /home/jj/Desktop/Bioinformatics/3rd_year/1term/Computational_genomics/Seminars/exercise_04/busco_downloads/lineages/saccharomycetes_odb10/hmms/4598at4891.hmm
# Target file:     /home/jj/Desktop/Bioinformatics/3rd_year/1term/Computational_genomics/Seminars/exercise_04/./busco/SRR7548448/SRR7548448_k63_contigs/run_saccharomycetes_odb10/metaeuk_output/rerun_results/SRR7548448_k63_graph.contig.fa.modified.fas
# Option settings: hmmsearch --domtblout /home/jj/Desktop/Bioinformatics/3rd_year/1term/Computational_genomics/Seminars/exercise_04/./busco/SRR7548448/SRR7548448_k63_contigs/run_saccharomycetes_odb10/hmmer_output/rerun_results/4598at4891.out --cpu 1 /home/jj/Desktop/Bioinformatics/3rd_year/1term/Computational_genomics/Seminars/exercise_04/busco_downloads/lineages/saccharomycetes_odb10/hmms/4598at4891.hmm /home/jj/Desktop/Bioinformatics/3rd_year/1term/Computational_genomics/Seminars/exercise_04/./busco/SRR7548448/SRR7548448_k63_contigs/run_saccharomycetes_odb10/metaeuk_output/rerun_results/SRR7548448_k63_graph.contig.fa.modified.fas 
# Current dir:     /home/jj/Desktop/Bioinformatics/3rd_year/1term/Computational_genomics/Seminars/exercise_04
# Date:            Tue Nov  5 18:54:10 2024
# [ok]
