#                                                                            --- full sequence --- -------------- this domain -------------   hmm coord   ali coord   env coord
# target name        accession   tlen query name           accession   qlen   E-value  score  bias   #  of  c-Evalue  i-Evalue  score  bias  from    to  from    to  from    to  acc description of target
#------------------- ---------- ----- -------------------- ---------- ----- --------- ------ ----- --- --- --------- --------- ------ ----- ----- ----- ----- ----- ----- ----- ---- ---------------------
144947:189-947       -            253 5443at4891           -            420     2e-96  318.7   4.9   1   1   5.2e-98   2.5e-96  318.4   4.9    20   228     2   253     1   253 0.88 -
145821:41-862        -            274 5443at4891           -            420     2e-09   32.1   5.3   1   3   1.8e-07   8.7e-06   20.1   1.4   193   280     7   100     1   141 0.63 -
145821:41-862        -            274 5443at4891           -            420     2e-09   32.1   5.3   2   3      0.28        13   -0.2   0.0    61    87   120   146   117   154 0.80 -
145821:41-862        -            274 5443at4891           -            420     2e-09   32.1   5.3   3   3   2.9e-05    0.0014   12.9   0.1    61   123   209   269   192   273 0.83 -
145301:241-942       -            234 5443at4891           -            420   5.6e-08   27.4   0.5   1   2       0.3        14   -0.3   0.0    67   107    28    68    18    79 0.66 -
145301:241-942       -            234 5443at4891           -            420   5.6e-08   27.4   0.5   2   2   8.4e-09     4e-07   24.6   0.3    62   159   107   207   104   211 0.86 -
143977:73-726        -            218 5443at4891           -            420   3.4e-07   24.8   1.0   1   2    0.0006     0.028    8.6   0.0    99   152    34    87    18    95 0.75 -
143977:73-726        -            218 5443at4891           -            420   3.4e-07   24.8   1.0   2   2   5.9e-06   0.00028   15.2   0.2    93   178   111   202    98   214 0.78 -
143663:88-690        -            201 5443at4891           -            420   2.8e-06   21.8   1.8   1   2       0.2       9.4    0.3   0.0    67    89     8    30     1    52 0.57 -
143663:88-690        -            201 5443at4891           -            420   2.8e-06   21.8   1.8   2   2   2.2e-05    0.0011   13.3   0.1    69   156   114   200   106   201 0.82 -
143505:234-713       -            160 5443at4891           -            420   4.5e-06   21.1   0.2   1   2   2.6e-06   0.00012   16.3   0.2    73   159     4    91     1   101 0.89 -
143505:234-713       -            160 5443at4891           -            420   4.5e-06   21.1   0.2   2   2      0.02      0.96    3.5   0.0    91   119   105   133    89   147 0.80 -
142977:29-619        -            197 5443at4891           -            420   5.8e-06   20.7   0.0   1   2   0.00015     0.007   10.6   0.0   184   236    16    75     7    87 0.77 -
142977:29-619        -            197 5443at4891           -            420   5.8e-06   20.7   0.0   2   2   0.00069     0.033    8.4   0.0   105   167   108   174   101   195 0.69 -
141623:9-581         -            191 5443at4891           -            420    0.0001   16.6   5.8   1   1   3.4e-06   0.00016   16.0   5.8    63   213     9   165     6   190 0.79 -
140077:5-511         -            169 5443at4891           -            420   0.00021   15.6   0.0   1   1   5.7e-06   0.00027   15.2   0.0    61   159    20   121    11   163 0.66 -
144137:68-793        -            242 5443at4891           -            420   0.00023   15.5   0.6   1   2   1.7e-05   0.00083   13.6   0.2    89   157    79   149    64   191 0.80 -
144137:68-793        -            242 5443at4891           -            420   0.00023   15.5   0.6   2   2       0.2       9.3    0.3   0.1    96   128   170   200   152   234 0.57 -
145543:193-1188      -            332 5443at4891           -            420   0.00027   15.3   0.3   1   3    0.0023      0.11    6.6   0.0   142   166    15    39     8    45 0.88 -
145543:193-1188      -            332 5443at4891           -            420   0.00027   15.3   0.3   2   3      0.11       5.1    1.1   0.1    80   124    55    99    50   148 0.68 -
145543:193-1188      -            332 5443at4891           -            420   0.00027   15.3   0.3   3   3      0.01      0.48    4.5   0.1    49   114   119   189   102   207 0.58 -
143819:146-751       -            202 5443at4891           -            420   0.00077   13.7   0.5   1   2   4.5e-05    0.0022   12.3   0.2    61   125    25    89    24    99 0.85 -
143819:146-751       -            202 5443at4891           -            420   0.00077   13.7   0.5   2   2      0.56        27   -1.2   0.0    99   120   164   185   153   197 0.65 -
144313:136-771       -            212 5443at4891           -            420    0.0015   12.8   1.4   1   2     0.034       1.6    2.8   0.0   143   166     2    25     1    55 0.91 -
144313:136-771       -            212 5443at4891           -            420    0.0015   12.8   1.4   2   2   0.00091     0.043    8.0   0.4   141   199    97   163    55   167 0.67 -
145907:260-880       -            207 5443at4891           -            420    0.0028   11.9   0.8   1   2     0.094       4.5    1.3   0.0   219   241     1    23     1    60 0.65 -
145907:260-880       -            207 5443at4891           -            420    0.0028   11.9   0.8   2   2   0.00074     0.035    8.3   0.2    87   140   118   169    60   191 0.78 -
#
# Program:         hmmsearch
# Version:         3.1b2 (February 2015)
# Pipeline mode:   SEARCH
# Query file:      /home/jj/Desktop/Bioinformatics/3rd_year/1term/Computational_genomics/Seminars/exercise_04/busco_downloads/lineages/saccharomycetes_odb10/hmms/5443at4891.hmm
# Target file:     /home/jj/Desktop/Bioinformatics/3rd_year/1term/Computational_genomics/Seminars/exercise_04/./busco/SRR7548448/SRR7548448_k63_contigs/run_saccharomycetes_odb10/metaeuk_output/rerun_results/SRR7548448_k63_graph.contig.fa.modified.fas
# Option settings: hmmsearch --domtblout /home/jj/Desktop/Bioinformatics/3rd_year/1term/Computational_genomics/Seminars/exercise_04/./busco/SRR7548448/SRR7548448_k63_contigs/run_saccharomycetes_odb10/hmmer_output/rerun_results/5443at4891.out --cpu 1 /home/jj/Desktop/Bioinformatics/3rd_year/1term/Computational_genomics/Seminars/exercise_04/busco_downloads/lineages/saccharomycetes_odb10/hmms/5443at4891.hmm /home/jj/Desktop/Bioinformatics/3rd_year/1term/Computational_genomics/Seminars/exercise_04/./busco/SRR7548448/SRR7548448_k63_contigs/run_saccharomycetes_odb10/metaeuk_output/rerun_results/SRR7548448_k63_graph.contig.fa.modified.fas 
# Current dir:     /home/jj/Desktop/Bioinformatics/3rd_year/1term/Computational_genomics/Seminars/exercise_04
# Date:            Tue Nov  5 18:54:46 2024
# [ok]
