#                                                                            --- full sequence --- -------------- this domain -------------   hmm coord   ali coord   env coord
# target name        accession   tlen query name           accession   qlen   E-value  score  bias   #  of  c-Evalue  i-Evalue  score  bias  from    to  from    to  from    to  acc description of target
#------------------- ---------- ----- -------------------- ---------- ----- --------- ------ ----- --- --- --------- --------- ------ ----- ----- ----- ----- ----- ----- ----- ---- ---------------------
142977:29-619        -            197 665at4891            -            989   1.6e-40  134.0   0.1   1   1     1e-41   2.5e-40  133.4   0.1    92   288     1   186     1   197 0.90 -
145821:41-862        -            274 665at4891            -            989   3.3e-33  109.8  16.3   1   3   3.3e-17     8e-16   52.2   1.0    69   164     2    93     1    95 0.93 -
145821:41-862        -            274 665at4891            -            989   3.3e-33  109.8  16.3   2   3   4.9e-18   1.2e-16   55.0   2.4    38   135    53   147    53   153 0.93 -
145821:41-862        -            274 665at4891            -            989   3.3e-33  109.8  16.3   3   3   3.6e-09     9e-08   25.6   0.4    68   127   211   268   204   274 0.47 -
145301:241-942       -            234 665at4891            -            989   8.3e-29   95.2   3.9   1   1   2.1e-29   5.1e-28   92.6   3.9    49   268     5   209     1   213 0.93 -
145769:0-1415        -            472 665at4891            -            989   9.7e-27   88.4   6.3   1   4     0.053       1.3    1.9   0.0   317   361    43    87     9   111 0.84 -
145769:0-1415        -            472 665at4891            -            989   9.7e-27   88.4   6.3   2   4   7.3e-09   1.8e-07   24.6   0.4    56   125   151   223   134   227 0.73 -
145769:0-1415        -            472 665at4891            -            989   9.7e-27   88.4   6.3   3   4   2.7e-19   6.6e-18   59.1   0.0     5   168   256   420   251   431 0.94 -
145769:0-1415        -            472 665at4891            -            989   9.7e-27   88.4   6.3   4   4     0.024      0.58    3.1   0.0    64    92   443   472   432   472 0.77 -
144137:68-793        -            242 665at4891            -            989   8.1e-21   68.8   2.7   1   1     4e-22   9.9e-21   68.5   2.7    14   163    83   232    67   237 0.93 -
143313:52-507        -            152 665at4891            -            989   1.2e-17   58.3   3.7   1   2   3.3e-06   8.1e-05   15.8   0.1   109   164     3    63     1    68 0.47 -
143313:52-507        -            152 665at4891            -            989   1.2e-17   58.3   3.7   2   2   1.7e-16   4.1e-15   49.9   0.7     8   119    33   149    27   152 0.82 -
144541:4-777         -            258 665at4891            -            989   1.4e-17   58.0   6.8   1   1     4e-18   9.9e-17   55.2   6.8    42   261    18   246     6   248 0.77 -
144149:4-795         -            264 665at4891            -            989   2.9e-17   57.0   0.1   1   1   8.3e-18   2.1e-16   54.2   0.1    68   268    42   232    25   239 0.83 -
140077:5-511         -            169 665at4891            -            989   2.8e-14   47.2   0.1   1   2   4.2e-09     1e-07   25.4   0.1   206   266    21    80     4    89 0.83 -
140077:5-511         -            169 665at4891            -            989   2.8e-14   47.2   0.1   2   2   9.7e-08   2.4e-06   20.9   0.0    46    92    85   131    81   167 0.74 -
140847:1-537         -            179 665at4891            -            989     8e-12   39.0   0.1   1   2   2.2e-10   5.3e-09   29.7   0.1    56   163     6   133     1   134 0.55 -
140847:1-537         -            179 665at4891            -            989     8e-12   39.0   0.1   2   2   1.2e-05   0.00029   14.0   0.0    84   141    96   153    89   161 0.91 -
143505:234-713       -            160 665at4891            -            989   2.2e-11   37.6   0.0   1   1   8.9e-13   2.2e-11   37.6   0.0    88   164    14    89     1   144 0.82 -
141381:50-520        -            157 665at4891            -            989   2.3e-11   37.5   0.1   1   1   1.1e-12   2.8e-11   37.2   0.1    50   140    63   155    58   157 0.82 -
143663:88-690        -            201 665at4891            -            989   9.1e-11   35.5   0.5   1   2   0.00091     0.023    7.7   0.0    66    98     2    34     1    43 0.79 -
143663:88-690        -            201 665at4891            -            989   9.1e-11   35.5   0.5   2   2   2.2e-09   5.3e-08   26.3   0.1    68   148    68   145    59   200 0.67 -
145543:193-1188      -            332 665at4891            -            989   1.1e-10   35.2   1.7   1   3      0.73        18   -1.9   0.0    66    82    16    32     4    41 0.71 -
145543:193-1188      -            332 665at4891            -            989   1.1e-10   35.2   1.7   2   3   0.00011    0.0028   10.7   0.0    48    83    60    95    52   100 0.81 -
145543:193-1188      -            332 665at4891            -            989   1.1e-10   35.2   1.7   3   3   8.7e-08   2.1e-06   21.0   1.0    44   134   114   204   109   207 0.92 -
144067:217-762       -            182 665at4891            -            989   1.1e-09   31.9   7.1   1   1   9.4e-11   2.3e-09   30.9   7.1    12   161     4   167     1   177 0.78 -
143253:125-688       -            188 665at4891            -            989     2e-09   31.1   0.0   1   1   9.8e-11   2.4e-09   30.8   0.0    48   166    21   141     8   155 0.82 -
144489:26-847        -            274 665at4891            -            989   3.2e-09   30.4   0.2   1   1   4.6e-10   1.1e-08   28.6   0.2   106   266     9   178     4   184 0.75 -
145907:260-880       -            207 665at4891            -            989   1.1e-07   25.4   0.1   1   2   0.00012    0.0031   10.6   0.0   151   222     5    76     1    89 0.73 -
145907:260-880       -            207 665at4891            -            989   1.1e-07   25.4   0.1   2   2   2.8e-05   0.00068   12.8   0.1    19   162   129   188   117   195 0.55 -
145583:484-1188      -            235 665at4891            -            989   1.6e-07   24.8   0.3   1   2   4.8e-05    0.0012   11.9   0.0    44   130    35   132    30   137 0.65 -
145583:484-1188      -            235 665at4891            -            989   1.6e-07   24.8   0.3   2   2   4.3e-05    0.0011   12.1   0.2    65   163   109   220    88   233 0.58 -
141623:9-581         -            191 665at4891            -            989   3.2e-07   23.8   0.5   1   2      0.31       7.6   -0.6   0.1   235   273    33    72    11    77 0.62 -
141623:9-581         -            191 665at4891            -            989   3.2e-07   23.8   0.5   2   2   4.5e-08   1.1e-06   22.0   0.1    30   121    96   191    85   191 0.88 -
143977:73-726        -            218 665at4891            -            989   1.8e-06   21.3   0.2   1   2   0.00072     0.018    8.1   0.1    71   104    43    76     4    89 0.81 -
143977:73-726        -            218 665at4891            -            989   1.8e-06   21.3   0.2   2   2   5.2e-05    0.0013   11.8   0.0    37   128    91   186    84   213 0.81 -
143819:146-751       -            202 665at4891            -            989   2.1e-06   21.1   0.0   1   1   8.8e-08   2.2e-06   21.0   0.0    48   127     7    86     2   191 0.74 -
145365:0-995         -            332 665at4891            -            989   0.00018   14.6   0.0   1   1     1e-05   0.00025   14.2   0.0    15    88   212   289   201   325 0.76 -
144947:189-947       -            253 665at4891            -            989   0.00024   14.2   0.3   1   2     0.036      0.89    2.4   0.0   251   302    67   118    62   127 0.85 -
144947:189-947       -            253 665at4891            -            989   0.00024   14.2   0.3   2   2   0.00096     0.024    7.7   0.1     8    70   189   251   181   253 0.71 -
145363:1-1098        -            366 665at4891            -            989    0.0013   11.8   0.0   1   2      0.29       7.1   -0.6   0.0    41    87    24    69    16    76 0.84 -
145363:1-1098        -            366 665at4891            -            989    0.0013   11.8   0.0   2   2    0.0002    0.0048    9.9   0.0    19    89    82   155    67   158 0.80 -
140267:2-520         -            173 665at4891            -            989    0.0025   10.9   0.0   1   1   0.00013    0.0032   10.5   0.0   238   272    89   123    82   134 0.73 -
144353:2-823         -            274 665at4891            -            989    0.0096    8.9   0.0   1   1   0.00055     0.014    8.5   0.0   231   281    15    65     3    82 0.87 -
#
# Program:         hmmsearch
# Version:         3.1b2 (February 2015)
# Pipeline mode:   SEARCH
# Query file:      /home/jj/Desktop/Bioinformatics/3rd_year/1term/Computational_genomics/Seminars/exercise_04/busco_downloads/lineages/saccharomycetes_odb10/hmms/665at4891.hmm
# Target file:     /home/jj/Desktop/Bioinformatics/3rd_year/1term/Computational_genomics/Seminars/exercise_04/./busco/SRR7548448/SRR7548448_k63_contigs/run_saccharomycetes_odb10/metaeuk_output/rerun_results/SRR7548448_k63_graph.contig.fa.modified.fas
# Option settings: hmmsearch --domtblout /home/jj/Desktop/Bioinformatics/3rd_year/1term/Computational_genomics/Seminars/exercise_04/./busco/SRR7548448/SRR7548448_k63_contigs/run_saccharomycetes_odb10/hmmer_output/rerun_results/665at4891.out --cpu 1 /home/jj/Desktop/Bioinformatics/3rd_year/1term/Computational_genomics/Seminars/exercise_04/busco_downloads/lineages/saccharomycetes_odb10/hmms/665at4891.hmm /home/jj/Desktop/Bioinformatics/3rd_year/1term/Computational_genomics/Seminars/exercise_04/./busco/SRR7548448/SRR7548448_k63_contigs/run_saccharomycetes_odb10/metaeuk_output/rerun_results/SRR7548448_k63_graph.contig.fa.modified.fas 
# Current dir:     /home/jj/Desktop/Bioinformatics/3rd_year/1term/Computational_genomics/Seminars/exercise_04
# Date:            Tue Nov  5 18:54:33 2024
# [ok]
