#                                                                            --- full sequence --- -------------- this domain -------------   hmm coord   ali coord   env coord
# target name        accession   tlen query name           accession   qlen   E-value  score  bias   #  of  c-Evalue  i-Evalue  score  bias  from    to  from    to  from    to  acc description of target
#------------------- ---------- ----- -------------------- ---------- ----- --------- ------ ----- --- --- --------- --------- ------ ----- ----- ----- ----- ----- ----- ----- ---- ---------------------
145301:241-942       -            234 6917at4891           -            422   2.7e-12   41.3   0.0   1   5   0.00017     0.011    9.6   0.0   391   420     8    37     2    39 0.91 -
145301:241-942       -            234 6917at4891           -            422   2.7e-12   41.3   0.0   2   5     0.031       2.1    2.1   0.0   395   421    54    80    50    82 0.90 -
145301:241-942       -            234 6917at4891           -            422   2.7e-12   41.3   0.0   3   5    0.0078      0.52    4.1   0.0   149   175    94   122    88   134 0.82 -
145301:241-942       -            234 6917at4891           -            422   2.7e-12   41.3   0.0   4   5   1.4e-05   0.00092   13.2   0.0   306   358   138   191   131   191 0.76 -
145301:241-942       -            234 6917at4891           -            422   2.7e-12   41.3   0.0   5   5   0.00014    0.0091    9.9   0.0   144   174   174   206   165   212 0.81 -
145769:0-1415        -            472 6917at4891           -            422   6.9e-11   36.7   1.8   1   4    0.0022      0.14    5.9   0.0   333   419    86   175    53   178 0.75 -
145769:0-1415        -            472 6917at4891           -            422   6.9e-11   36.7   1.8   2   4       0.1       6.6    0.5   0.3   156   214   158   219   136   241 0.70 -
145769:0-1415        -            472 6917at4891           -            422   6.9e-11   36.7   1.8   3   4     0.003       0.2    5.5   0.0   392   420   262   290   256   292 0.91 -
145769:0-1415        -            472 6917at4891           -            422   6.9e-11   36.7   1.8   4   4     3e-08     2e-06   21.9   0.1   309   422   310   419   295   419 0.83 -
143663:88-690        -            201 6917at4891           -            422     4e-07   24.2   1.4   1   4      0.42        28   -1.6   0.0   159   183     2    24     1    45 0.67 -
143663:88-690        -            201 6917at4891           -            422     4e-07   24.2   1.4   2   4     0.066       4.4    1.1   0.0   404   419    65    80    52    83 0.76 -
143663:88-690        -            201 6917at4891           -            422     4e-07   24.2   1.4   3   4   1.4e-06   9.2e-05   16.5   0.0   146   174    93   121    87   135 0.86 -
143663:88-690        -            201 6917at4891           -            422     4e-07   24.2   1.4   4   4     0.022       1.5    2.6   0.2   271   329   141   199   122   201 0.81 -
145821:41-862        -            274 6917at4891           -            422   6.5e-07   23.5   0.1   1   3   0.00055     0.036    7.9   0.0   147   172    27    52    19    61 0.87 -
145821:41-862        -            274 6917at4891           -            422   6.5e-07   23.5   0.1   2   3    0.0005     0.033    8.0   0.0   148   222    68   141    59   155 0.66 -
145821:41-862        -            274 6917at4891           -            422   6.5e-07   23.5   0.1   3   3    0.0088      0.58    3.9   0.0   156   217   206   265   197   274 0.81 -
140077:5-511         -            169 6917at4891           -            422   2.9e-06   21.4   0.2   1   2     0.002      0.13    6.1   0.0   145   198     5    59     1    60 0.79 -
140077:5-511         -            169 6917at4891           -            422   2.9e-06   21.4   0.2   2   2     2e-06   0.00013   16.0   0.1   304   420    52   163    46   165 0.83 -
143977:73-726        -            218 6917at4891           -            422   8.5e-06   19.9   0.0   1   2   2.3e-05    0.0016   12.4   0.0   314   374    35    94    18    99 0.75 -
143977:73-726        -            218 6917at4891           -            422   8.5e-06   19.9   0.0   2   2    0.0029      0.19    5.5   0.0   314   356   118   161   100   210 0.73 -
144149:4-795         -            264 6917at4891           -            422   3.1e-05   18.0   0.1   1   3     0.077       5.1    0.8   0.0   309   358    33    85    19    92 0.73 -
144149:4-795         -            264 6917at4891           -            422   3.1e-05   18.0   0.1   2   3   3.1e-05    0.0021   12.0   0.0   149   251   118   226   113   230 0.86 -
144149:4-795         -            264 6917at4891           -            422   3.1e-05   18.0   0.1   3   3    0.0031       0.2    5.4   0.0   315   353   212   253   201   260 0.79 -
145543:193-1188      -            332 6917at4891           -            422   8.5e-05   16.6   0.0   1   3    0.0054      0.36    4.6   0.0   395   420     6    31     3    33 0.83 -
145543:193-1188      -            332 6917at4891           -            422   8.5e-05   16.6   0.0   2   3   0.00087     0.058    7.3   0.0   390   420    63    93    55    95 0.87 -
145543:193-1188      -            332 6917at4891           -            422   8.5e-05   16.6   0.0   3   3      0.15       9.9   -0.1   0.0   157   191   134   166   118   205 0.60 -
145365:0-995         -            332 6917at4891           -            422   0.00099   13.1   0.0   1   2   0.00049     0.033    8.1   0.0   392   417    66    93    57   139 0.86 -
145365:0-995         -            332 6917at4891           -            422   0.00099   13.1   0.0   2   2     0.051       3.4    1.4   0.0   144   185   251   291   245   315 0.69 -
144313:136-771       -            212 6917at4891           -            422    0.0022   11.9   0.4   1   2     0.075         5    0.9   0.0    60   171    68   111    38   118 0.46 -
144313:136-771       -            212 6917at4891           -            422    0.0022   11.9   0.4   2   2   0.00033     0.022    8.6   0.2   292   345   121   179   115   196 0.82 -
#
# Program:         hmmsearch
# Version:         3.1b2 (February 2015)
# Pipeline mode:   SEARCH
# Query file:      /home/jj/Desktop/Bioinformatics/3rd_year/1term/Computational_genomics/Seminars/exercise_04/busco_downloads/lineages/saccharomycetes_odb10/hmms/6917at4891.hmm
# Target file:     /home/jj/Desktop/Bioinformatics/3rd_year/1term/Computational_genomics/Seminars/exercise_04/./busco/SRR7548448/SRR7548448_k63_contigs/run_saccharomycetes_odb10/metaeuk_output/rerun_results/SRR7548448_k63_graph.contig.fa.modified.fas
# Option settings: hmmsearch --domtblout /home/jj/Desktop/Bioinformatics/3rd_year/1term/Computational_genomics/Seminars/exercise_04/./busco/SRR7548448/SRR7548448_k63_contigs/run_saccharomycetes_odb10/hmmer_output/rerun_results/6917at4891.out --cpu 1 /home/jj/Desktop/Bioinformatics/3rd_year/1term/Computational_genomics/Seminars/exercise_04/busco_downloads/lineages/saccharomycetes_odb10/hmms/6917at4891.hmm /home/jj/Desktop/Bioinformatics/3rd_year/1term/Computational_genomics/Seminars/exercise_04/./busco/SRR7548448/SRR7548448_k63_contigs/run_saccharomycetes_odb10/metaeuk_output/rerun_results/SRR7548448_k63_graph.contig.fa.modified.fas 
# Current dir:     /home/jj/Desktop/Bioinformatics/3rd_year/1term/Computational_genomics/Seminars/exercise_04
# Date:            Tue Nov  5 18:54:16 2024
# [ok]
