#                                                                            --- full sequence --- -------------- this domain -------------   hmm coord   ali coord   env coord
# target name        accession   tlen query name           accession   qlen   E-value  score  bias   #  of  c-Evalue  i-Evalue  score  bias  from    to  from    to  from    to  acc description of target
#------------------- ---------- ----- -------------------- ---------- ----- --------- ------ ----- --- --- --------- --------- ------ ----- ----- ----- ----- ----- ----- ----- ---- ---------------------
145175:14-847        -            278 8274at4891           -            412   4.4e-59  195.6   1.0   1   2   2.2e-42     4e-41  136.4   1.5   172   314     1   150     1   158 0.89 -
145175:14-847        -            278 8274at4891           -            412   4.4e-59  195.6   1.0   2   2     3e-18   5.4e-17   56.9   0.0   305   412   163   277   157   277 0.85 -
143027:172-651       -            160 8274at4891           -            412   1.1e-58  194.3   0.9   1   1   6.7e-60   1.2e-58  194.1   0.9   172   315     1   155     1   159 0.89 -
144839:7-642         -            212 8274at4891           -            412   2.9e-49  163.2   0.0   1   1   1.7e-50   3.2e-49  163.1   0.0   223   412     1   199     1   199 0.90 -
143795:67-747        -            227 8274at4891           -            412   2.4e-40  133.8   0.1   1   2   5.8e-24   1.1e-22   75.7   0.0   241   317     1    77     1    85 0.92 -
143795:67-747        -            227 8274at4891           -            412   2.4e-40  133.8   0.1   2   2   4.2e-18   7.7e-17   56.4   0.0   320   412   116   217    96   217 0.83 -
143033:187-669       -            161 8274at4891           -            412   3.4e-39  130.1   0.3   1   1     2e-40   3.7e-39  129.9   0.3   177   328     2   161     1   161 0.91 -
141797:1-591         -            197 8274at4891           -            412   1.6e-28   94.9   0.0   1   1     1e-29   1.9e-28   94.6   0.0   239   412     5   197     2   197 0.80 -
145155:2-835         -            278 8274at4891           -            412   4.1e-28   93.6   0.0   1   1   2.6e-29   4.8e-28   93.3   0.0   173   412    13   278     3   278 0.81 -
138105:16-444        -            143 8274at4891           -            412   1.2e-27   92.0   0.3   1   1   7.2e-29   1.3e-27   91.9   0.3   177   312     2   143     1   143 0.90 -
141063:9-554         -            182 8274at4891           -            412   3.3e-26   87.3   0.0   1   1   2.5e-27   4.5e-26   86.8   0.0   238   359    51   176    46   181 0.91 -
143351:5-469         -            155 8274at4891           -            412   3.4e-26   87.2   0.1   1   1   2.1e-27   3.9e-26   87.0   0.1   172   311     1   154     1   155 0.84 -
142899:7-642         -            212 8274at4891           -            412   7.4e-25   82.8   0.0   1   1   4.9e-26   9.1e-25   82.5   0.0   261   371    32   151    24   176 0.81 -
139915:3-470         -            156 8274at4891           -            412   9.1e-25   82.5   0.0   1   2   2.5e-20   4.7e-19   63.7   0.0   243   315     2    74     1    84 0.94 -
139915:3-470         -            156 8274at4891           -            412   9.1e-25   82.5   0.0   2   2   3.4e-06   6.3e-05   17.2   0.0   310   367    90   148    82   154 0.83 -
144797:1-714         -            238 8274at4891           -            412   3.8e-24   80.5   0.0   1   1   2.9e-25   5.4e-24   80.0   0.0   239   412     4   192     2   192 0.83 -
137929:9-443         -            145 8274at4891           -            412   1.1e-22   75.7   0.0   1   1     7e-24   1.3e-22   75.4   0.0   261   371    12   126     4   140 0.85 -
144279:254-808       -            185 8274at4891           -            412   8.1e-22   72.8   0.0   1   1   5.3e-23   9.7e-22   72.6   0.0   266   372     1   113     1   128 0.86 -
144977:40-684        -            215 8274at4891           -            412   8.9e-22   72.7   0.0   1   2   6.3e-10   1.2e-08   29.5   0.1   240   297    10    67     5    70 0.94 -
144977:40-684        -            215 8274at4891           -            412   8.9e-22   72.7   0.0   2   2   1.7e-13   3.2e-12   41.2   0.0   301   412    95   214    92   214 0.83 -
136307:2-403         -            134 8274at4891           -            412   3.1e-20   67.6   0.4   1   1   1.8e-21   3.4e-20   67.5   0.4   178   304     1   134     1   134 0.90 -
138573:6-455         -            150 8274at4891           -            412   4.8e-20   67.0   0.0   1   1   2.7e-21     5e-20   66.9   0.0   269   406     2   149     1   150 0.77 -
143305:7-633         -            209 8274at4891           -            412   1.8e-18   61.8   0.0   1   2   1.8e-18   3.3e-17   57.7   0.0   266   362     1   113     1   136 0.75 -
143305:7-633         -            209 8274at4891           -            412   1.8e-18   61.8   0.0   2   2      0.22       4.1    1.3   0.0   385   412   169   196   159   196 0.88 -
139911:55-507        -            151 8274at4891           -            412   5.2e-17   57.0   0.0   1   1   9.1e-18   1.7e-16   55.3   0.0   275   401     4   148     1   151 0.79 -
144479:2-847         -            282 8274at4891           -            412   6.3e-17   56.7   0.1   1   2      0.11       2.1    2.3   0.1   284   298    37    51    32    74 0.78 -
144479:2-847         -            282 8274at4891           -            412   6.3e-17   56.7   0.1   2   2   9.2e-17   1.7e-15   52.0   0.0   301   409    93   208    88   211 0.82 -
143007:66-662        -            199 8274at4891           -            412     7e-16   53.3   0.3   1   1   7.3e-17   1.4e-15   52.3   0.3   174   315     5   151     1   157 0.83 -
138137:12-449        -            146 8274at4891           -            412   7.2e-15   49.9   0.0   1   1   3.9e-16   7.2e-15   49.9   0.0   238   330    49   145    19   146 0.86 -
140939:17-526        -            170 8274at4891           -            412   7.8e-15   49.8   0.0   1   1   9.5e-15   1.8e-13   45.4   0.0   270   400     8   169     2   170 0.65 -
137919:7-429         -            141 8274at4891           -            412   8.4e-15   49.7   0.0   1   1   4.6e-16   8.4e-15   49.7   0.0   280   361     1    87     1   130 0.87 -
141463:27-569        -            181 8274at4891           -            412   2.3e-14   48.3   0.0   1   1   1.5e-15   2.8e-14   48.0   0.0   257   371    33   154    28   161 0.80 -
143975:1-471         -            157 8274at4891           -            412   6.7e-13   43.5   0.0   1   1   4.1e-14   7.6e-13   43.3   0.0   164   295    18   157     6   157 0.85 -
136623:8-412         -            135 8274at4891           -            412   1.6e-12   42.3   0.1   1   1   3.5e-13   6.5e-12   40.2   0.1   294   407     3   133     1   135 0.80 -
144845:209-790       -            194 8274at4891           -            412   2.1e-12   41.8   0.0   1   1   1.4e-13   2.7e-12   41.5   0.0   175   311    36   191    28   194 0.80 -
145735:713-1261      -            183 8274at4891           -            412   6.7e-12   40.2   0.0   1   1   4.3e-13     8e-12   39.9   0.0   253   312    10    71     7   101 0.89 -
144109:7-732         -            242 8274at4891           -            412   1.2e-11   39.3   0.0   1   1     1e-12   1.9e-11   38.6   0.0   268   347     9   106     5   116 0.63 -
142181:21-614        -            198 8274at4891           -            412   1.5e-10   35.7   0.2   1   1   1.7e-11   3.2e-10   34.6   0.2   195   310    32   162    27   167 0.79 -
139477:0-491         -            164 8274at4891           -            412   7.5e-08   26.8   0.0   1   2   1.7e-08   3.1e-07   24.8   0.0   324   362    32    72     1   106 0.71 -
139477:0-491         -            164 8274at4891           -            412   7.5e-08   26.8   0.0   2   2      0.57        11   -0.0   0.0   387   412   131   156   123   156 0.92 -
142343:154-603       -            150 8274at4891           -            412   1.3e-06   22.8   0.0   1   1   6.9e-08   1.3e-06   22.8   0.0   240   316    12    94     2   148 0.83 -
138777:77-469        -            131 8274at4891           -            412    0.0014   12.7   0.0   1   1   0.00011     0.002   12.3   0.0   270   297     1    28     1    31 0.92 -
141491:53-568        -            172 8274at4891           -            412    0.0057   10.7   0.1   1   2   0.00091     0.017    9.2   0.1   294   312     1    19     1    24 0.94 -
141491:53-568        -            172 8274at4891           -            412    0.0057   10.7   0.1   2   2       1.3        24   -1.2   0.0   340   370    71   101    59   105 0.85 -
#
# Program:         hmmsearch
# Version:         3.1b2 (February 2015)
# Pipeline mode:   SEARCH
# Query file:      /home/jj/Desktop/Bioinformatics/3rd_year/1term/Computational_genomics/Seminars/exercise_04/busco_downloads/lineages/saccharomycetes_odb10/hmms/8274at4891.hmm
# Target file:     /home/jj/Desktop/Bioinformatics/3rd_year/1term/Computational_genomics/Seminars/exercise_04/./busco/SRR7548448/SRR7548448_k63_contigs/run_saccharomycetes_odb10/metaeuk_output/rerun_results/SRR7548448_k63_graph.contig.fa.modified.fas
# Option settings: hmmsearch --domtblout /home/jj/Desktop/Bioinformatics/3rd_year/1term/Computational_genomics/Seminars/exercise_04/./busco/SRR7548448/SRR7548448_k63_contigs/run_saccharomycetes_odb10/hmmer_output/rerun_results/8274at4891.out --cpu 1 /home/jj/Desktop/Bioinformatics/3rd_year/1term/Computational_genomics/Seminars/exercise_04/busco_downloads/lineages/saccharomycetes_odb10/hmms/8274at4891.hmm /home/jj/Desktop/Bioinformatics/3rd_year/1term/Computational_genomics/Seminars/exercise_04/./busco/SRR7548448/SRR7548448_k63_contigs/run_saccharomycetes_odb10/metaeuk_output/rerun_results/SRR7548448_k63_graph.contig.fa.modified.fas 
# Current dir:     /home/jj/Desktop/Bioinformatics/3rd_year/1term/Computational_genomics/Seminars/exercise_04
# Date:            Tue Nov  5 18:54:18 2024
# [ok]
