#                                                                            --- full sequence --- -------------- this domain -------------   hmm coord   ali coord   env coord
# target name        accession   tlen query name           accession   qlen   E-value  score  bias   #  of  c-Evalue  i-Evalue  score  bias  from    to  from    to  from    to  acc description of target
#------------------- ---------- ----- -------------------- ---------- ----- --------- ------ ----- --- --- --------- --------- ------ ----- ----- ----- ----- ----- ----- ----- ---- ---------------------
144137:68-793        -            242 8998at4891           -            299  4.1e-104  343.2   3.2   1   1    2e-105  4.9e-104  342.9   3.2     6   196    40   242    36   242 0.97 -
145769:0-1415        -            472 8998at4891           -            299   1.5e-34  114.8   8.8   1   3   7.4e-12   1.8e-10   35.7   2.1    45   226    20   220    12   226 0.76 -
145769:0-1415        -            472 8998at4891           -            299   1.5e-34  114.8   8.8   2   3   5.1e-19   1.3e-17   59.2   0.1    38   188   259   417   229   427 0.85 -
145769:0-1415        -            472 8998at4891           -            299   1.5e-34  114.8   8.8   3   3     1e-12   2.5e-11   38.5   0.1    41   157   347   472   337   472 0.79 -
145821:41-862        -            274 8998at4891           -            299     5e-28   93.4  11.0   1   3   1.3e-13   3.2e-12   41.5   0.7   133   226     1    93     1    95 0.91 -
145821:41-862        -            274 8998at4891           -            299     5e-28   93.4  11.0   2   3   1.5e-11   3.8e-10   34.7   1.7   131   205    79   152    74   157 0.90 -
145821:41-862        -            274 8998at4891           -            299     5e-28   93.4  11.0   3   3   3.4e-11   8.4e-10   33.5   0.3   130   197   208   273   202   274 0.86 -
145301:241-942       -            234 8998at4891           -            299   3.7e-26   87.2   3.1   1   2   3.7e-20   9.2e-19   63.0   1.8    79   232     5   168     1   170 0.88 -
145301:241-942       -            234 8998at4891           -            299   3.7e-26   87.2   3.1   2   2   1.4e-06   3.4e-05   18.4   0.0   262   294   174   206   166   211 0.83 -
142977:29-619        -            197 8998at4891           -            299     1e-23   79.2   0.5   1   2   5.4e-10   1.3e-08   29.6   0.1   119   191     5    79     3   100 0.86 -
142977:29-619        -            197 8998at4891           -            299     1e-23   79.2   0.5   2   2   1.3e-15   3.3e-14   48.0   0.1   130   195   105   170    95   176 0.91 -
143663:88-690        -            201 8998at4891           -            299   6.8e-21   69.9   1.9   1   3   1.7e-06   4.2e-05   18.1   0.1   173   204     2    33     1    47 0.79 -
143663:88-690        -            201 8998at4891           -            299   6.8e-21   69.9   1.9   2   3   2.2e-14   5.4e-13   44.0   0.0   173   244    66   138    61   151 0.86 -
143663:88-690        -            201 8998at4891           -            299   6.8e-21   69.9   1.9   3   3    0.0055      0.13    6.6   0.1    70   108   163   199   137   201 0.81 -
144149:4-795         -            264 8998at4891           -            299   2.4e-19   64.9   2.2   1   2   2.7e-06   6.6e-05   17.5   0.1   262   295   113   146   107   150 0.91 -
144149:4-795         -            264 8998at4891           -            299   2.4e-19   64.9   2.2   2   2   8.7e-11   2.2e-09   32.2   0.0   121   210   162   253   160   256 0.92 -
144541:4-777         -            258 8998at4891           -            299   5.7e-19   63.6  11.5   1   3   1.4e-06   3.5e-05   18.4   0.0   261   298    26    63    10    64 0.89 -
144541:4-777         -            258 8998at4891           -            299   5.7e-19   63.6  11.5   2   3   1.4e-14   3.6e-13   44.6   6.7   119   224    81   197    75   198 0.87 -
144541:4-777         -            258 8998at4891           -            299   5.7e-19   63.6  11.5   3   3     0.022      0.53    4.6   0.2   130   149   184   203   176   252 0.59 -
141381:50-520        -            157 8998at4891           -            299   3.7e-17   57.7   0.3   1   1     2e-18   4.9e-17   57.3   0.3   126   195    75   144    65   156 0.88 -
145543:193-1188      -            332 8998at4891           -            299   5.2e-17   57.2   1.7   1   5     0.022      0.53    4.6   0.0    83   109     3    29     1    38 0.77 -
145543:193-1188      -            332 8998at4891           -            299   5.2e-17   57.2   1.7   2   5     6e-05    0.0015   13.0   0.0   262   293    61    92    54    99 0.88 -
145543:193-1188      -            332 8998at4891           -            299   5.2e-17   57.2   1.7   3   5   1.8e-05   0.00045   14.7   0.0   252   294   109   151   101   156 0.90 -
145543:193-1188      -            332 8998at4891           -            299   5.2e-17   57.2   1.7   4   5   1.6e-05    0.0004   14.9   0.0   112   148   159   195   154   204 0.90 -
145543:193-1188      -            332 8998at4891           -            299   5.2e-17   57.2   1.7   5   5     0.019      0.48    4.8   0.0   276   296   309   329   295   331 0.85 -
143313:52-507        -            152 8998at4891           -            299   5.3e-17   57.2   4.5   1   1     4e-18   9.9e-17   56.3   4.5   109   211    27   128     2   152 0.80 -
140077:5-511         -            169 8998at4891           -            299   8.8e-15   49.9   0.3   1   2   2.4e-13     6e-12   40.6   0.1    40   154     7   128     1   132 0.78 -
140077:5-511         -            169 8998at4891           -            299   8.8e-15   49.9   0.3   2   2   2.8e-05   0.00069   14.1   0.0    37   111    88   164    86   168 0.74 -
140847:1-537         -            179 8998at4891           -            299   2.1e-13   45.3   0.3   1   2   9.5e-08   2.3e-06   22.2   0.1   120   192     5    85     2    91 0.83 -
140847:1-537         -            179 8998at4891           -            299   2.1e-13   45.3   0.3   2   2   1.6e-07     4e-06   21.4   0.0   147   206    94   153    90   158 0.93 -
144489:26-847        -            274 8998at4891           -            299   6.9e-13   43.6   0.3   1   3   1.2e-09   2.9e-08   28.5   0.1   165   236     2    81     1    98 0.77 -
144489:26-847        -            274 8998at4891           -            299   6.9e-13   43.6   0.3   2   3   6.1e-05    0.0015   13.0   0.0   134   189   121   178   105   193 0.82 -
144489:26-847        -            274 8998at4891           -            299   6.9e-13   43.6   0.3   3   3       6.6   1.6e+02   -3.5   0.0    37    50   243   256   228   259 0.71 -
145583:484-1188      -            235 8998at4891           -            299   1.5e-12   42.5   7.8   1   4   4.8e-05    0.0012   13.3   0.2    46   111     3    73     1    78 0.78 -
145583:484-1188      -            235 8998at4891           -            299   1.5e-12   42.5   7.8   2   4      0.29       7.2    0.9   0.1   161   190    97   127    90   135 0.54 -
145583:484-1188      -            235 8998at4891           -            299   1.5e-12   42.5   7.8   3   4     0.075       1.8    2.9   0.2    36    59   140   164   115   167 0.61 -
145583:484-1188      -            235 8998at4891           -            299   1.5e-12   42.5   7.8   4   4   7.1e-10   1.8e-08   29.2   0.5   133   194   163   228   149   232 0.82 -
143819:146-751       -            202 8998at4891           -            299   5.8e-12   40.6   3.1   1   3   5.1e-12   1.3e-10   36.2   0.5   121   197    15    91    10   104 0.91 -
143819:146-751       -            202 8998at4891           -            299   5.8e-12   40.6   3.1   2   3      0.55        14    0.0   0.0   245   286   116   155    93   164 0.69 -
143819:146-751       -            202 8998at4891           -            299   5.8e-12   40.6   3.1   3   3     0.055       1.3    3.3   0.1    85   114   157   188   147   200 0.70 -
145907:260-880       -            207 8998at4891           -            299   2.5e-11   38.5   0.1   1   3      0.12       2.9    2.2   0.0   130   149     3    22     1    41 0.76 -
145907:260-880       -            207 8998at4891           -            299   2.5e-11   38.5   0.1   2   3   4.2e-06    0.0001   16.8   0.0   261   297    42    78    25    80 0.88 -
145907:260-880       -            207 8998at4891           -            299   2.5e-11   38.5   0.1   3   3   5.9e-06   0.00015   16.3   0.0   119   184   122   187   113   206 0.80 -
144067:217-762       -            182 8998at4891           -            299   6.5e-11   37.2   5.6   1   1   1.6e-11   3.9e-10   34.6   5.6    41   186     3   169     1   182 0.72 -
143505:234-713       -            160 8998at4891           -            299   5.8e-10   34.1   0.9   1   1   6.2e-11   1.5e-09   32.7   0.9   122   228    25   133    18   140 0.74 -
143977:73-726        -            218 8998at4891           -            299   2.2e-09   32.2   1.6   1   2   1.8e-06   4.5e-05   18.0   0.3   130   224    37   133    22   134 0.84 -
143977:73-726        -            218 8998at4891           -            299   2.2e-09   32.2   1.6   2   2   1.4e-06   3.5e-05   18.4   0.2   119   194   109   187    96   210 0.81 -
144947:189-947       -            253 8998at4891           -            299   4.9e-09   31.0   1.2   1   2    0.0024      0.06    7.7   0.0    43    92     8    59     2   125 0.65 -
144947:189-947       -            253 8998at4891           -            299   4.9e-09   31.0   1.2   2   2   3.4e-06   8.3e-05   17.1   0.5    71   174   129   248    88   253 0.63 -
141623:9-581         -            191 8998at4891           -            299   7.8e-09   30.3   5.3   1   2   1.2e-08     3e-07   25.1   2.0    54   190     7   150     2   155 0.86 -
141623:9-581         -            191 8998at4891           -            299   7.8e-09   30.3   5.3   2   2    0.0048      0.12    6.8   0.1   261   291   157   190   150   191 0.85 -
145365:0-995         -            332 8998at4891           -            299   1.1e-07   26.5   0.8   1   2    0.0066      0.16    6.3   0.1    82   113    65    98    55   110 0.77 -
145365:0-995         -            332 8998at4891           -            299   1.1e-07   26.5   0.8   2   2   1.8e-06   4.3e-05   18.1   0.1    41   196   118   290    99   311 0.72 -
144047:63-782        -            240 8998at4891           -            299   9.2e-07   23.5   0.9   1   4    0.0022     0.055    7.9   0.0   114   188    13    88     5    98 0.65 -
144047:63-782        -            240 8998at4891           -            299   9.2e-07   23.5   0.9   2   4      0.68        17   -0.3   0.0    37    59   101   123    91   129 0.77 -
144047:63-782        -            240 8998at4891           -            299   9.2e-07   23.5   0.9   3   4   6.3e-05    0.0016   12.9   0.1   240   292   125   177   104   179 0.89 -
144047:63-782        -            240 8998at4891           -            299   9.2e-07   23.5   0.9   4   4       7.5   1.8e+02   -3.7   0.0    45    63   216   234   212   239 0.43 -
145363:1-1098        -            366 8998at4891           -            299   8.7e-06   20.3   0.0   1   1   5.3e-07   1.3e-05   19.8   0.0   120   233    37   153    10   171 0.76 -
143253:125-688       -            188 8998at4891           -            299   1.2e-05   19.9   0.1   1   1   1.1e-06   2.7e-05   18.7   0.1    36   148    21   142     4   148 0.70 -
144313:136-771       -            212 8998at4891           -            299    0.0017   12.8   0.1   1   3      0.28       6.8    1.0   0.0   126   126    39    39     1    79 0.52 -
144313:136-771       -            212 8998at4891           -            299    0.0017   12.8   0.1   2   3      0.13       3.2    2.1   0.0   259   290    78   110    36   119 0.48 -
144313:136-771       -            212 8998at4891           -            299    0.0017   12.8   0.1   3   3    0.0054      0.13    6.6   0.0   173   202   149   178   133   212 0.87 -
#
# Program:         hmmsearch
# Version:         3.1b2 (February 2015)
# Pipeline mode:   SEARCH
# Query file:      /home/jj/Desktop/Bioinformatics/3rd_year/1term/Computational_genomics/Seminars/exercise_04/busco_downloads/lineages/saccharomycetes_odb10/hmms/8998at4891.hmm
# Target file:     /home/jj/Desktop/Bioinformatics/3rd_year/1term/Computational_genomics/Seminars/exercise_04/./busco/SRR7548448/SRR7548448_k63_contigs/run_saccharomycetes_odb10/metaeuk_output/rerun_results/SRR7548448_k63_graph.contig.fa.modified.fas
# Option settings: hmmsearch --domtblout /home/jj/Desktop/Bioinformatics/3rd_year/1term/Computational_genomics/Seminars/exercise_04/./busco/SRR7548448/SRR7548448_k63_contigs/run_saccharomycetes_odb10/hmmer_output/rerun_results/8998at4891.out --cpu 1 /home/jj/Desktop/Bioinformatics/3rd_year/1term/Computational_genomics/Seminars/exercise_04/busco_downloads/lineages/saccharomycetes_odb10/hmms/8998at4891.hmm /home/jj/Desktop/Bioinformatics/3rd_year/1term/Computational_genomics/Seminars/exercise_04/./busco/SRR7548448/SRR7548448_k63_contigs/run_saccharomycetes_odb10/metaeuk_output/rerun_results/SRR7548448_k63_graph.contig.fa.modified.fas 
# Current dir:     /home/jj/Desktop/Bioinformatics/3rd_year/1term/Computational_genomics/Seminars/exercise_04
# Date:            Tue Nov  5 18:54:47 2024
# [ok]
