#                                                                            --- full sequence --- -------------- this domain -------------   hmm coord   ali coord   env coord
# target name        accession   tlen query name           accession   qlen   E-value  score  bias   #  of  c-Evalue  i-Evalue  score  bias  from    to  from    to  from    to  acc description of target
#------------------- ---------- ----- -------------------- ---------- ----- --------- ------ ----- --- --- --------- --------- ------ ----- ----- ----- ----- ----- ----- ----- ---- ---------------------
141797:1-591         -            197 9903at4891           -            301   8.7e-97  319.3   0.0   1   1   7.1e-98   1.4e-96  318.6   0.0   123   298     1   197     1   197 0.92 -
145175:14-847        -            278 9903at4891           -            301   9.9e-32  105.7   0.1   1   1   3.7e-31   7.3e-30   99.5   0.1    62   298     7   277     2   278 0.80 -
144839:7-642         -            212 9903at4891           -            301     1e-29   99.1   0.0   1   1     6e-31   1.2e-29   98.9   0.0   107   299     2   200     1   202 0.81 -
143033:187-669       -            161 9903at4891           -            301   1.6e-23   78.8   0.2   1   1   8.5e-25   1.7e-23   78.7   0.2    60   203     1   152     1   161 0.85 -
141063:9-554         -            182 9903at4891           -            301   7.5e-23   76.5   0.0   1   1   4.1e-24     8e-23   76.4   0.0    88   250    10   180     1   182 0.83 -
143795:67-747        -            227 9903at4891           -            301   4.3e-22   74.0   0.0   1   2   1.8e-11   3.5e-10   34.9   0.0   130   196     2    75     1    88 0.79 -
143795:67-747        -            227 9903at4891           -            301   4.3e-22   74.0   0.0   2   2   3.3e-12   6.5e-11   37.3   0.0   204   300   117   219   106   220 0.87 -
145155:2-835         -            278 9903at4891           -            301   4.9e-17   57.4   0.0   1   1   3.2e-18   6.3e-17   57.1   0.0    58   251    14   224     7   258 0.80 -
143027:172-651       -            160 9903at4891           -            301   2.6e-16   55.1   0.3   1   1   1.7e-17   3.3e-16   54.7   0.3    60   193     5   152     2   156 0.79 -
143975:1-471         -            157 9903at4891           -            301   5.2e-16   54.0   0.2   1   1   3.3e-17   6.4e-16   53.8   0.2    50   178    20   157     7   157 0.80 -
144479:2-847         -            282 9903at4891           -            301   9.6e-16   53.2   0.1   1   2    0.0029     0.056    8.0   0.0   162   181    32    51     7    58 0.81 -
144479:2-847         -            282 9903at4891           -            301   9.6e-16   53.2   0.1   2   2   5.5e-14   1.1e-12   43.2   0.0   183   295    94   208    89   214 0.87 -
138105:16-444        -            143 9903at4891           -            301   3.8e-15   51.2   0.1   1   1   2.1e-16   4.2e-15   51.1   0.1    61   192     2   142     1   143 0.86 -
137929:9-443         -            145 9903at4891           -            301     6e-15   50.6   0.0   1   1   3.7e-16   7.3e-15   50.3   0.0   153   271    22   139     8   144 0.80 -
144977:40-684        -            215 9903at4891           -            301     4e-14   47.9   0.1   1   2   0.00018    0.0036   11.9   0.0   128   180    10    67     1    70 0.63 -
144977:40-684        -            215 9903at4891           -            301     4e-14   47.9   0.1   2   2     3e-11   5.9e-10   34.2   0.0   182   298    95   214    93   215 0.77 -
138573:6-455         -            150 9903at4891           -            301   1.7e-13   45.8   0.0   1   1   9.6e-15   1.9e-13   45.7   0.0   161   259    11   112     2   144 0.82 -
137919:7-429         -            141 9903at4891           -            301   4.9e-13   44.3   0.0   1   1   2.6e-14   5.1e-13   44.2   0.0   166   258     4    97     1   129 0.82 -
144797:1-714         -            238 9903at4891           -            301     1e-12   43.2   0.0   1   1   6.9e-14   1.3e-12   42.9   0.0   148   298    31   192     4   195 0.76 -
142899:7-642         -            212 9903at4891           -            301   1.1e-12   43.1   0.0   1   1     7e-14   1.4e-12   42.8   0.0   149   250    38   140    11   165 0.71 -
138137:12-449        -            146 9903at4891           -            301   2.7e-12   41.9   0.0   1   1   1.6e-13   3.1e-12   41.7   0.0    92   213    15   145     2   146 0.77 -
140939:17-526        -            170 9903at4891           -            301   5.7e-12   40.8   0.0   1   1   3.9e-12   7.7e-11   37.1   0.0   151   283     7   163     1   168 0.75 -
143305:7-633         -            209 9903at4891           -            301   3.2e-11   38.3   0.0   1   1   2.3e-12   4.6e-11   37.8   0.0   157   241     7   105     1   148 0.71 -
139915:3-470         -            156 9903at4891           -            301   4.9e-11   37.7   0.0   1   1   2.6e-11     5e-10   34.4   0.0   148   260    25   154    12   155 0.69 -
144279:254-808       -            185 9903at4891           -            301   6.4e-11   37.3   0.0   1   1     4e-12   7.9e-11   37.0   0.0   164   255    16   110     3   122 0.80 -
139911:55-507        -            151 9903at4891           -            301   1.8e-10   35.8   0.0   1   1     2e-11   3.9e-10   34.8   0.0   165   285    11   143     2   149 0.77 -
136307:2-403         -            134 9903at4891           -            301   7.5e-10   33.8   0.2   1   1   4.2e-11   8.3e-10   33.7   0.2    62   186     1   133     1   134 0.85 -
143351:5-469         -            155 9903at4891           -            301   5.8e-08   27.6   0.0   1   1   3.8e-09   7.5e-08   27.3   0.0    60   192     5   154     1   155 0.75 -
141463:27-569        -            181 9903at4891           -            301   3.8e-07   24.9   0.0   1   1   2.4e-08   4.7e-07   24.7   0.0   141   246    32   141    19   158 0.74 -
144109:7-732         -            242 9903at4891           -            301   4.9e-07   24.6   0.0   1   1   4.1e-08     8e-07   23.9   0.0   154   236    13   108     5   118 0.72 -
145735:713-1261      -            183 9903at4891           -            301   1.4e-06   23.1   0.0   1   1   8.3e-08   1.6e-06   22.9   0.0   151   194    28    72    19   154 0.67 -
136623:8-412         -            135 9903at4891           -            301   3.7e-06   21.7   0.0   1   1   3.3e-07   6.4e-06   20.9   0.0   175   267     1   105     1   135 0.66 -
142181:21-614        -            198 9903at4891           -            301   1.2e-05   20.1   0.3   1   1   1.4e-06   2.6e-05   18.9   0.3    90   192    42   163    20   173 0.64 -
139477:0-491         -            164 9903at4891           -            301     2e-05   19.3   0.0   1   1   1.3e-06   2.6e-05   18.9   0.0   185   256     1    79     1   112 0.65 -
143007:66-662        -            199 9903at4891           -            301   0.00013   16.7   0.0   1   1     8e-06   0.00016   16.4   0.0    61   194     8   149     2   161 0.69 -
142343:154-603       -            150 9903at4891           -            301   0.00022   15.9   0.0   1   1   1.1e-05   0.00022   15.9   0.0   147   195    38    92     3   149 0.71 -
138777:77-469        -            131 9903at4891           -            301   0.00033   15.3   0.1   1   2    0.0018     0.036    8.6   0.0   155   180     4    28     1    34 0.79 -
138777:77-469        -            131 9903at4891           -            301   0.00033   15.3   0.1   2   2     0.025       0.5    4.9   0.0   217   244   103   130    93   131 0.77 -
#
# Program:         hmmsearch
# Version:         3.1b2 (February 2015)
# Pipeline mode:   SEARCH
# Query file:      /home/jj/Desktop/Bioinformatics/3rd_year/1term/Computational_genomics/Seminars/exercise_04/busco_downloads/lineages/saccharomycetes_odb10/hmms/9903at4891.hmm
# Target file:     /home/jj/Desktop/Bioinformatics/3rd_year/1term/Computational_genomics/Seminars/exercise_04/./busco/SRR7548448/SRR7548448_k63_contigs/run_saccharomycetes_odb10/metaeuk_output/rerun_results/SRR7548448_k63_graph.contig.fa.modified.fas
# Option settings: hmmsearch --domtblout /home/jj/Desktop/Bioinformatics/3rd_year/1term/Computational_genomics/Seminars/exercise_04/./busco/SRR7548448/SRR7548448_k63_contigs/run_saccharomycetes_odb10/hmmer_output/rerun_results/9903at4891.out --cpu 1 /home/jj/Desktop/Bioinformatics/3rd_year/1term/Computational_genomics/Seminars/exercise_04/busco_downloads/lineages/saccharomycetes_odb10/hmms/9903at4891.hmm /home/jj/Desktop/Bioinformatics/3rd_year/1term/Computational_genomics/Seminars/exercise_04/./busco/SRR7548448/SRR7548448_k63_contigs/run_saccharomycetes_odb10/metaeuk_output/rerun_results/SRR7548448_k63_graph.contig.fa.modified.fas 
# Current dir:     /home/jj/Desktop/Bioinformatics/3rd_year/1term/Computational_genomics/Seminars/exercise_04
# Date:            Tue Nov  5 18:54:47 2024
# [ok]
