#                                                                            --- full sequence --- -------------- this domain -------------   hmm coord   ali coord   env coord
# target name        accession   tlen query name           accession   qlen   E-value  score  bias   #  of  c-Evalue  i-Evalue  score  bias  from    to  from    to  from    to  acc description of target
#------------------- ---------- ----- -------------------- ---------- ----- --------- ------ ----- --- --- --------- --------- ------ ----- ----- ----- ----- ----- ----- ----- ---- ---------------------
9208:2600-5119       -            840 10099at4891          -            404  2.7e-167  553.8  11.4   1   6       1.1        48   -0.2   0.0    10    35    22    47    14    54 0.66 -
9208:2600-5119       -            840 10099at4891          -            404  2.7e-167  553.8  11.4   2   6  1.9e-122  8.1e-121  400.8   0.9     1   205    75   293    75   303 0.93 -
9208:2600-5119       -            840 10099at4891          -            404  2.7e-167  553.8  11.4   3   6   1.2e-39   5.1e-38  128.1   0.0   205   311   325   435   297   481 0.86 -
9208:2600-5119       -            840 10099at4891          -            404  2.7e-167  553.8  11.4   4   6   0.00036     0.015   11.3   0.6   300   340   482   522   450   541 0.74 -
9208:2600-5119       -            840 10099at4891          -            404  2.7e-167  553.8  11.4   5   6   2.1e-05   0.00088   15.4   0.1   309   356   534   582   514   589 0.73 -
9208:2600-5119       -            840 10099at4891          -            404  2.7e-167  553.8  11.4   6   6       1.8        75   -0.8   0.0   364   380   716   732   711   742 0.87 -
9694:17340-18719     -            460 10099at4891          -            404   8.7e-29   97.7   0.1   1   4       1.2        51   -0.3   0.0     8    38    19    48    14    57 0.73 -
9694:17340-18719     -            460 10099at4891          -            404   8.7e-29   97.7   0.1   2   4   7.4e-06   0.00031   16.9   0.0     2    39    68   105    67   119 0.85 -
9694:17340-18719     -            460 10099at4891          -            404   8.7e-29   97.7   0.1   3   4   2.8e-11   1.2e-09   34.7   0.0    33   119   122   214   120   227 0.86 -
9694:17340-18719     -            460 10099at4891          -            404   8.7e-29   97.7   0.1   4   4     1e-12   4.2e-11   39.5   0.0   138   273   251   411   245   421 0.72 -
9078:8616-9581       -            322 10099at4891          -            404   1.3e-23   80.6  11.7   1   2   9.4e-06   0.00039   16.5   0.2    19    80    23    84    13   109 0.65 -
9078:8616-9581       -            322 10099at4891          -            404   1.3e-23   80.6  11.7   2   2   2.6e-21   1.1e-19   67.8   6.3     3   221   102   322   100   322 0.85 -
9674:12257-13606     -            450 10099at4891          -            404     6e-23   78.5  16.0   1   4   4.4e-13   1.8e-11   40.7   1.5     7   124    80   194    74   199 0.87 -
9674:12257-13606     -            450 10099at4891          -            404     6e-23   78.5  16.0   2   4   4.2e-15   1.8e-13   47.3   3.9     1   120   116   232   116   254 0.91 -
9674:12257-13606     -            450 10099at4891          -            404     6e-23   78.5  16.0   3   4   0.00012    0.0049   12.9   0.1    46   126   199   283   195   290 0.83 -
9674:12257-13606     -            450 10099at4891          -            404     6e-23   78.5  16.0   4   4    0.0023     0.095    8.7   0.0    90   119   333   362   326   367 0.86 -
9728:19013-20692     -            560 10099at4891          -            404   1.8e-22   76.9   0.1   1   1   8.5e-24   3.5e-22   76.0   0.1    73   286     9   238     1   266 0.79 -
9128:10043-12433     -            797 10099at4891          -            404     2e-22   76.8   3.3   1   3      0.22       9.2    2.1   0.0     7    36   468   497   462   509 0.88 -
9128:10043-12433     -            797 10099at4891          -            404     2e-22   76.8   3.3   2   3   2.5e-15   1.1e-13   48.0   0.3     3   120   523   637   521   644 0.90 -
9128:10043-12433     -            797 10099at4891          -            404     2e-22   76.8   3.3   3   3   2.5e-08     1e-06   25.0   0.1     4    79   650   722   647   728 0.89 -
9126:8755-11505      -            917 10099at4891          -            404   1.4e-21   74.0  12.6   1   5     0.013      0.56    6.2   0.0    12   111    21   115    17   115 0.79 -
9126:8755-11505      -            917 10099at4891          -            404   1.4e-21   74.0  12.6   2   5   2.6e-10   1.1e-08   31.6   0.9     9   123   100   222    94   226 0.80 -
9126:8755-11505      -            917 10099at4891          -            404   1.4e-21   74.0  12.6   3   5       3.7   1.5e+02   -1.9   0.1    90   108   258   276   242   280 0.75 -
9126:8755-11505      -            917 10099at4891          -            404   1.4e-21   74.0  12.6   4   5     2e-14   8.2e-13   45.1   0.7     7   294   304   573   298   594 0.82 -
9126:8755-11505      -            917 10099at4891          -            404   1.4e-21   74.0  12.6   5   5       3.2   1.3e+02   -1.7   0.0     8    27   681   700   676   709 0.68 -
8822:7585-8277       -            231 10099at4891          -            404   1.4e-20   70.7   1.6   1   3     1e-11   4.3e-10   36.2   0.0    10    79     3    68     1    76 0.90 -
8822:7585-8277       -            231 10099at4891          -            404   1.4e-20   70.7   1.6   2   3   8.7e-08   3.6e-06   23.2   0.1     7    81    83   161    76   169 0.84 -
8822:7585-8277       -            231 10099at4891          -            404   1.4e-20   70.7   1.6   3   3     0.002     0.085    8.8   0.0     4    36   184   216   182   224 0.88 -
8974:7891-10245      -            785 10099at4891          -            404   4.3e-19   65.8  13.9   1   7     9e-08   3.8e-06   23.2   0.1     2    84    56   135    55   155 0.77 -
8974:7891-10245      -            785 10099at4891          -            404   4.3e-19   65.8  13.9   2   7      0.73        30    0.4   0.0    91   121   201   235   178   246 0.55 -
8974:7891-10245      -            785 10099at4891          -            404   4.3e-19   65.8  13.9   3   7      0.13       5.5    2.9   0.2    47    79   277   309   265   322 0.88 -
8974:7891-10245      -            785 10099at4891          -            404   4.3e-19   65.8  13.9   4   7   0.00018    0.0074   12.3   0.1   235   259   384   408   352   412 0.73 -
8974:7891-10245      -            785 10099at4891          -            404   4.3e-19   65.8  13.9   5   7      0.15       6.5    2.6   0.0   201   257   410   466   407   472 0.85 -
8974:7891-10245      -            785 10099at4891          -            404   4.3e-19   65.8  13.9   6   7   1.3e-08   5.6e-07   25.9   0.6     4    80   605   684   602   687 0.91 -
8974:7891-10245      -            785 10099at4891          -            404   4.3e-19   65.8  13.9   7   7    0.0017      0.07    9.1   0.1    17    81   667   735   664   748 0.71 -
9676:28964-31411     -            816 10099at4891          -            404   9.5e-19   64.7   7.8   1   5      0.19         8    2.3   0.0     7    77    63   128    57   139 0.71 -
9676:28964-31411     -            816 10099at4891          -            404   9.5e-19   64.7   7.8   2   5      0.12       5.2    3.0   0.1     3    84   142   229   140   248 0.80 -
9676:28964-31411     -            816 10099at4891          -            404   9.5e-19   64.7   7.8   3   5   1.1e-08   4.7e-07   26.2   0.2     7   129   390   528   385   534 0.78 -
9676:28964-31411     -            816 10099at4891          -            404   9.5e-19   64.7   7.8   4   5     6e-09   2.5e-07   27.1   0.2    48   119   488   560   446   562 0.82 -
9676:28964-31411     -            816 10099at4891          -            404   9.5e-19   64.7   7.8   5   5   1.7e-10   6.9e-09   32.2   0.2     4   119   532   644   529   685 0.76 -
9346:13077-16673     -           1199 10099at4891          -            404     1e-18   64.5   6.5   1   4   6.8e-06   0.00029   17.0   0.0    57   129    17    90    10    96 0.82 -
9346:13077-16673     -           1199 10099at4891          -            404     1e-18   64.5   6.5   2   4   7.7e-06   0.00032   16.8   1.0     4    80    94   166    91   173 0.87 -
9346:13077-16673     -           1199 10099at4891          -            404     1e-18   64.5   6.5   3   4   6.4e-10   2.7e-08   30.2   0.3     2    81   206   283   205   334 0.81 -
9346:13077-16673     -           1199 10099at4891          -            404     1e-18   64.5   6.5   4   4       1.6        69   -0.7   0.0   147   162   495   510   477   535 0.76 -
9676:9212-10057      -            282 10099at4891          -            404   1.3e-18   64.3   6.4   1   4    0.0013     0.055    9.5   0.0    91   122     1    32     1    40 0.89 -
9676:9212-10057      -            282 10099at4891          -            404   1.3e-18   64.3   6.4   2   4   3.2e-07   1.4e-05   21.3   0.1   186   277    42   135    31   141 0.82 -
9676:9212-10057      -            282 10099at4891          -            404   1.3e-18   64.3   6.4   3   4   7.8e-06   0.00033   16.8   0.1    18    62   164   208   157   213 0.88 -
9676:9212-10057      -            282 10099at4891          -            404   1.3e-18   64.3   6.4   4   4     4e-06   0.00017   17.7   0.1    18    82   213   278   210   280 0.78 -
8436:656-1654        -            333 10099at4891          -            404   3.6e-18   62.8  15.4   1   4   8.3e-05    0.0035   13.4   0.4     4    62     3    58     1    91 0.75 -
8436:656-1654        -            333 10099at4891          -            404   3.6e-18   62.8  15.4   2   4   1.6e-05   0.00066   15.8   0.2     1    58    92   145    92   157 0.79 -
8436:656-1654        -            333 10099at4891          -            404   3.6e-18   62.8  15.4   3   4   6.4e-11   2.7e-09   33.5   0.9     1    84   216   295   179   300 0.71 -
8436:656-1654        -            333 10099at4891          -            404   3.6e-18   62.8  15.4   4   4    0.0083      0.35    6.8   0.1     4    33   303   332   300   333 0.92 -
9618:271-3099        -            943 10099at4891          -            404   5.1e-16   55.7  23.9   1   6    0.0001    0.0043   13.1   0.0     3    44   119   160   117   163 0.88 -
9618:271-3099        -            943 10099at4891          -            404   5.1e-16   55.7  23.9   2   6    0.0017     0.072    9.1   2.5     3    84   161   235   159   293 0.68 -
9618:271-3099        -            943 10099at4891          -            404   5.1e-16   55.7  23.9   3   6       4.1   1.7e+02   -2.0   0.0    52    87   392   426   386   431 0.67 -
9618:271-3099        -            943 10099at4891          -            404   5.1e-16   55.7  23.9   4   6     0.012      0.48    6.4   0.1     3    35   471   503   469   509 0.87 -
9618:271-3099        -            943 10099at4891          -            404   5.1e-16   55.7  23.9   5   6   2.7e-08   1.1e-06   24.9   1.6     8   117   534   640   529   643 0.90 -
9618:271-3099        -            943 10099at4891          -            404   5.1e-16   55.7  23.9   6   6   6.9e-09   2.9e-07   26.8   0.4     3    85   613   691   611   700 0.91 -
9636:17731-18642     -            304 10099at4891          -            404   7.5e-15   51.8   5.4   1   3      0.34        14    1.5   0.0    64   110     4    51     2    67 0.60 -
9636:17731-18642     -            304 10099at4891          -            404   7.5e-15   51.8   5.4   2   3   2.1e-07   8.9e-06   21.9   0.1     3    80    74   146    72   155 0.90 -
9636:17731-18642     -            304 10099at4891          -            404   7.5e-15   51.8   5.4   3   3   1.1e-09   4.7e-08   29.4   0.4     7   124   162   283   156   292 0.87 -
9670:4414-5802       -            463 10099at4891          -            404   4.7e-14   49.2   5.9   1   3    0.0028      0.12    8.4   0.0   205   269   186   251   163   258 0.89 -
9670:4414-5802       -            463 10099at4891          -            404   4.7e-14   49.2   5.9   2   3   3.2e-08   1.4e-06   24.6   0.2     4   123   263   379   260   382 0.88 -
9670:4414-5802       -            463 10099at4891          -            404   4.7e-14   49.2   5.9   3   3   2.2e-05   0.00092   15.3   0.6     3    78   390   463   388   463 0.91 -
9354:16449-16934     -            162 10099at4891          -            404     1e-12   44.8   0.5   1   1   2.9e-14   1.2e-12   44.6   0.5     2   120    15   136    14   155 0.91 -
9494:18928-19965     -            346 10099at4891          -            404   1.1e-12   44.7   0.9   1   3   1.8e-07   7.6e-06   22.2   0.0    46   120     5    80     2    89 0.92 -
9494:18928-19965     -            346 10099at4891          -            404   1.1e-12   44.7   0.9   2   3    0.0057      0.24    7.4   0.0    95   162    96   171    90   182 0.78 -
9494:18928-19965     -            346 10099at4891          -            404   1.1e-12   44.7   0.9   3   3      0.37        16    1.4   0.0    86   129   287   330   278   341 0.63 -
8240:671-1900        -            410 10099at4891          -            404   4.2e-12   42.8   0.1   1   3   7.2e-08     3e-06   23.5   0.0     7    89   119   199   114   232 0.81 -
8240:671-1900        -            410 10099at4891          -            404   4.2e-12   42.8   0.1   2   3   0.00011    0.0048   13.0   0.0     3    36   246   279   240   326 0.76 -
8240:671-1900        -            410 10099at4891          -            404   4.2e-12   42.8   0.1   3   3      0.16       6.9    2.6   0.0     9    37   342   370   334   408 0.72 -
9680:19363-20697     -            445 10099at4891          -            404   6.6e-12   42.1   4.9   1   3   6.9e-10   2.9e-08   30.2   0.7     2   119   130   245   129   253 0.91 -
9680:19363-20697     -            445 10099at4891          -            404   6.6e-12   42.1   4.9   2   3     0.018      0.75    5.7   0.1    47   110   256   320   245   328 0.78 -
9680:19363-20697     -            445 10099at4891          -            404   6.6e-12   42.1   4.9   3   3     0.011      0.47    6.4   0.0     7    38   395   426   391   430 0.90 -
9712:30400-31623     -            408 10099at4891          -            404   1.5e-11   40.9   8.9   1   4      0.04       1.7    4.6   0.0     4    39    45    78    42    99 0.79 -
9712:30400-31623     -            408 10099at4891          -            404   1.5e-11   40.9   8.9   2   4   3.5e-07   1.5e-05   21.2   2.7    10    80   106   172    82   177 0.88 -
9712:30400-31623     -            408 10099at4891          -            404   1.5e-11   40.9   8.9   3   4      0.46        19    1.1   0.0     4    33   186   215   181   238 0.76 -
9712:30400-31623     -            408 10099at4891          -            404   1.5e-11   40.9   8.9   4   4   5.5e-05    0.0023   14.0   0.0    34    89   277   335   274   366 0.84 -
9312:6422-7318       -            299 10099at4891          -            404   3.8e-11   39.6   0.2   1   2   2.2e-09   9.2e-08   28.5   0.1     9   121     2   110     1   141 0.87 -
9312:6422-7318       -            299 10099at4891          -            404   3.8e-11   39.6   0.2   2   2     0.003      0.12    8.3   0.0     3    33   170   202   168   267 0.83 -
8402:4018-5292       -            425 10099at4891          -            404   6.4e-10   35.6   0.1   1   3   5.5e-09   2.3e-07   27.2   0.0     9    79    30   100    26   114 0.94 -
8402:4018-5292       -            425 10099at4891          -            404   6.4e-10   35.6   0.1   2   3      0.43        18    1.2   0.0   233   276   211   254   200   270 0.58 -
8402:4018-5292       -            425 10099at4891          -            404   6.4e-10   35.6   0.1   3   3      0.12       5.2    3.0   0.1    11    78   272   340   268   345 0.55 -
9656:5267-6307       -            347 10099at4891          -            404     7e-10   35.5   5.8   1   4   0.00012    0.0049   12.9   0.6    91   130     8    47     3    52 0.91 -
9656:5267-6307       -            347 10099at4891          -            404     7e-10   35.5   5.8   2   4    0.0013     0.053    9.5   0.1     4    42    54    94    51   101 0.82 -
9656:5267-6307       -            347 10099at4891          -            404     7e-10   35.5   5.8   3   4     0.029       1.2    5.0   0.0    30    97   192   261   104   271 0.64 -
9656:5267-6307       -            347 10099at4891          -            404     7e-10   35.5   5.8   4   4    0.0052      0.22    7.5   0.1    50    83   303   336   292   344 0.73 -
9112:7248-8249       -            334 10099at4891          -            404   1.5e-09   34.4   2.0   1   3    0.0012     0.051    9.6   0.0    11    33     2    24     1    30 0.93 -
9112:7248-8249       -            334 10099at4891          -            404   1.5e-09   34.4   2.0   2   3   6.7e-08   2.8e-06   23.6   0.2    50   131   100   181    93   236 0.89 -
9112:7248-8249       -            334 10099at4891          -            404   1.5e-09   34.4   2.0   3   3       3.8   1.6e+02   -1.9   0.0   250   274   266   290   257   307 0.81 -
9656:28053-28895     -            281 10099at4891          -            404   2.7e-09   33.6   1.0   1   3     0.054       2.3    4.1   0.5   214   272     1    58     1    64 0.84 -
9656:28053-28895     -            281 10099at4891          -            404   2.7e-09   33.6   1.0   2   3   6.5e-08   2.7e-06   23.7   0.0     3    80   104   180   102   193 0.87 -
9656:28053-28895     -            281 10099at4891          -            404   2.7e-09   33.6   1.0   3   3      0.16       6.6    2.6   0.0    40    74   235   269   208   276 0.73 -
9460:9231-11075      -            615 10099at4891          -            404     3e-09   33.4   8.8   1   5   0.00024      0.01   11.9   0.2     5    71    64   136    60   149 0.76 -
9460:9231-11075      -            615 10099at4891          -            404     3e-09   33.4   8.8   2   5    0.0052      0.22    7.5   0.0    67   123   177   238   155   249 0.73 -
9460:9231-11075      -            615 10099at4891          -            404     3e-09   33.4   8.8   3   5    0.0078      0.33    6.9   0.2   198   327   257   387   245   441 0.69 -
9460:9231-11075      -            615 10099at4891          -            404     3e-09   33.4   8.8   4   5       2.5     1e+02   -1.3   0.0    75   105   512   544   492   546 0.47 -
9460:9231-11075      -            615 10099at4891          -            404     3e-09   33.4   8.8   5   5    0.0024       0.1    8.6   0.1    20    81   556   613   550   615 0.80 -
9508:19799-20617     -            273 10099at4891          -            404   1.2e-08   31.4   5.3   1   3     1e-06   4.3e-05   19.7   0.8    23   122     2    94     1   102 0.84 -
9508:19799-20617     -            273 10099at4891          -            404   1.2e-08   31.4   5.3   2   3     0.017       0.7    5.8   0.1     3    37   103   137   101   154 0.84 -
9508:19799-20617     -            273 10099at4891          -            404   1.2e-08   31.4   5.3   3   3     0.012      0.51    6.3   0.0    64   121   207   263   201   272 0.75 -
8478:1944-3398       -            485 10099at4891          -            404   4.5e-08   29.5   7.5   1   3      0.12       5.1    3.0   0.1    18    35   134   151   117   160 0.72 -
8478:1944-3398       -            485 10099at4891          -            404   4.5e-08   29.5   7.5   2   3   6.3e-06   0.00026   17.1   0.3     7   123   221   336   215   345 0.75 -
8478:1944-3398       -            485 10099at4891          -            404   4.5e-08   29.5   7.5   3   3   0.00028     0.012   11.7   0.1     7    35   350   378   344   390 0.84 -
9390:13413-15017     -            535 10099at4891          -            404   5.1e-08   29.3   4.1   1   3   0.00018    0.0077   12.3   0.5     4    80   219   290   216   304 0.88 -
9390:13413-15017     -            535 10099at4891          -            404   5.1e-08   29.3   4.1   2   3   5.6e-06   0.00023   17.3   0.1     4    83   358   432   349   474 0.76 -
9390:13413-15017     -            535 10099at4891          -            404   5.1e-08   29.3   4.1   3   3       4.4   1.9e+02   -2.2   0.0   144   253   506   523   495   534 0.56 -
8886:5013-7346       -            778 10099at4891          -            404   1.3e-07   28.0   0.6   1   3   2.3e-06   9.7e-05   18.5   0.0     3    77   406   485   404   490 0.78 -
8886:5013-7346       -            778 10099at4891          -            404   1.3e-07   28.0   0.6   2   3       1.4        57   -0.5   0.0   215   258   541   587   535   610 0.68 -
8886:5013-7346       -            778 10099at4891          -            404   1.3e-07   28.0   0.6   3   3     0.014       0.6    6.1   0.0    59   122   659   724   634   776 0.78 -
9068:1225-2790       -            522 10099at4891          -            404   1.3e-07   28.0   0.6   1   2   8.4e-06   0.00035   16.7   0.2    15    78   254   315   244   320 0.78 -
9068:1225-2790       -            522 10099at4891          -            404   1.3e-07   28.0   0.6   2   2    0.0014      0.06    9.3   0.0    47    86   390   432   363   450 0.81 -
9360:6122-9931       -           1270 10099at4891          -            404   3.6e-07   26.5   1.9   1   3     0.003      0.12    8.3   0.3   143   225    61   141    43   200 0.60 -
9360:6122-9931       -           1270 10099at4891          -            404   3.6e-07   26.5   1.9   2   3   1.2e-05   0.00052   16.1   0.0    20   120   227   329   208   358 0.79 -
9360:6122-9931       -           1270 10099at4891          -            404   3.6e-07   26.5   1.9   3   3       2.8   1.2e+02   -1.5   0.0    18    34   634   650   628   659 0.86 -
9712:23882-24859     -            326 10099at4891          -            404     5e-07   26.1   0.0   1   2   0.00013    0.0055   12.8   0.0     4   125    23   143    20   165 0.81 -
9712:23882-24859     -            326 10099at4891          -            404     5e-07   26.1   0.0   2   2   0.00053     0.022   10.8   0.0    11   121   204   324   199   326 0.72 -
9330:5451-8486       -           1012 10099at4891          -            404   5.1e-07   26.0   5.9   1   3   2.6e-08   1.1e-06   25.0   1.2     4    81   178   251   175   275 0.86 -
9330:5451-8486       -           1012 10099at4891          -            404   5.1e-07   26.0   5.9   2   3      0.22       9.4    2.1   0.0    63   127   779   802   710   818 0.63 -
9330:5451-8486       -           1012 10099at4891          -            404   5.1e-07   26.0   5.9   3   3       8.3   3.5e+02   -3.1   0.0     8    47   939   978   934   992 0.67 -
9456:1145-2410       -            422 10099at4891          -            404   6.2e-07   25.8   5.1   1   4   1.3e-05   0.00056   16.0   0.1    47   126    88   168    72   198 0.80 -
9456:1145-2410       -            422 10099at4891          -            404   6.2e-07   25.8   5.1   2   4         1        42   -0.0   0.0   209   262   244   296   235   308 0.55 -
9456:1145-2410       -            422 10099at4891          -            404   6.2e-07   25.8   5.1   3   4       2.3        97   -1.2   0.0     8    33   352   377   348   384 0.75 -
9456:1145-2410       -            422 10099at4891          -            404   6.2e-07   25.8   5.1   4   4    0.0043      0.18    7.8   0.1     2    33   388   419   387   421 0.94 -
9658:5110-5880       -            257 10099at4891          -            404   1.2e-06   24.9   0.1   1   1   5.2e-08   2.2e-06   24.0   0.1     3    89    70   153    68   167 0.87 -
9464:9138-11090      -            651 10099at4891          -            404   1.7e-06   24.3   2.0   1   3   1.1e-06   4.5e-05   19.6   0.6     4   124    80   214    77   219 0.78 -
9464:9138-11090      -            651 10099at4891          -            404   1.7e-06   24.3   2.0   2   3   0.00016    0.0066   12.5   0.0     3    39   180   216   178   264 0.68 -
9464:9138-11090      -            651 10099at4891          -            404   1.7e-06   24.3   2.0   3   3       4.3   1.8e+02   -2.1   0.0   250   298   289   338   273   361 0.74 -
7766:159-1877        -            573 10099at4891          -            404   2.4e-06   23.8   0.0   1   2   2.9e-07   1.2e-05   21.5   0.0   207   267   250   311   238   351 0.86 -
7766:159-1877        -            573 10099at4891          -            404   2.4e-06   23.8   0.0   2   2       2.5     1e+02   -1.3   0.0   209   229   414   434   399   444 0.62 -
9726:3865-6666       -            934 10099at4891          -            404   8.2e-06   22.1   2.2   1   3       1.3        56   -0.4   0.0    16    41   119   144   111   147 0.84 -
9726:3865-6666       -            934 10099at4891          -            404   8.2e-06   22.1   2.2   2   3    0.0074      0.31    7.0   0.0     4   115   454   561   452   572 0.74 -
9726:3865-6666       -            934 10099at4891          -            404   8.2e-06   22.1   2.2   3   3      0.31        13    1.7   0.0     7    38   623   655   618   668 0.77 -
9602:2166-4220       -            685 10099at4891          -            404   1.1e-05   21.7   0.0   1   1   6.7e-07   2.8e-05   20.3   0.0    10   128     2   121     1   135 0.81 -
9658:6665-7375       -            237 10099at4891          -            404   1.1e-05   21.7   5.4   1   4       4.1   1.7e+02   -2.0   0.0   150   177     3    29     2    32 0.79 -
9658:6665-7375       -            237 10099at4891          -            404   1.1e-05   21.7   5.4   2   4   4.9e-05    0.0021   14.2   0.1     4   103    38   133    35   135 0.77 -
9658:6665-7375       -            237 10099at4891          -            404   1.1e-05   21.7   5.4   3   4    0.0033      0.14    8.2   0.4   205   254   135   184   133   200 0.80 -
9658:6665-7375       -            237 10099at4891          -            404   1.1e-05   21.7   5.4   4   4       2.4     1e+02   -1.3   0.0     4    32   209   237   206   237 0.82 -
9542:4562-5380       -            273 10099at4891          -            404   4.1e-05   19.8   5.4   1   2     0.013      0.56    6.1   0.1   199   262    63   133    52   152 0.69 -
9542:4562-5380       -            273 10099at4891          -            404   4.1e-05   19.8   5.4   2   2   0.00019     0.008   12.2   1.8     4    79   195   269   192   271 0.69 -
9564:19094-20626     -            511 10099at4891          -            404   4.2e-05   19.7   3.1   1   3    0.0013     0.053    9.5   0.6    35    87   303   358   278   390 0.67 -
9564:19094-20626     -            511 10099at4891          -            404   4.2e-05   19.7   3.1   2   3         2        85   -1.0   0.1     5    33   366   395   360   400 0.70 -
9564:19094-20626     -            511 10099at4891          -            404   4.2e-05   19.7   3.1   3   3    0.0012     0.052    9.5   0.0     3    43   415   456   413   492 0.81 -
9222:5484-7061       -            526 10099at4891          -            404   4.7e-05   19.6   0.7   1   3     0.058       2.4    4.1   0.0     6    52    26    73    21    88 0.73 -
9222:5484-7061       -            526 10099at4891          -            404   4.7e-05   19.6   0.7   2   3      0.12       4.9    3.0   0.1   276   345   104   173    89   189 0.79 -
9222:5484-7061       -            526 10099at4891          -            404   4.7e-05   19.6   0.7   3   3    0.0032      0.13    8.2   0.0     5    39   292   325   288   377 0.83 -
9534:20058-21434     -            459 10099at4891          -            404   0.00011   18.3   6.3   1   4     0.002     0.083    8.9   0.1    18    84   116   176   102   185 0.58 -
9534:20058-21434     -            459 10099at4891          -            404   0.00011   18.3   6.3   2   4    0.0014     0.061    9.3   0.0     3    53   142   191   140   211 0.72 -
9534:20058-21434     -            459 10099at4891          -            404   0.00011   18.3   6.3   3   4      0.61        25    0.7   0.1    87   118   282   314   204   323 0.62 -
9534:20058-21434     -            459 10099at4891          -            404   0.00011   18.3   6.3   4   4     0.003      0.12    8.3   0.2     4    78   374   452   363   456 0.70 -
9130:8029-9168       -            380 10099at4891          -            404   0.00013   18.1   0.3   1   4      0.54        23    0.8   0.0     2    34    56    87    55    95 0.83 -
9130:8029-9168       -            380 10099at4891          -            404   0.00013   18.1   0.3   2   4    0.0002    0.0084   12.2   0.0     5    80   103   178    99   189 0.83 -
9130:8029-9168       -            380 10099at4891          -            404   0.00013   18.1   0.3   3   4       1.5        64   -0.6   0.0   238   267   212   241   200   250 0.85 -
9130:8029-9168       -            380 10099at4891          -            404   0.00013   18.1   0.3   4   4       5.2   2.2e+02   -2.4   0.0    49    78   345   378   343   379 0.57 -
9560:19431-20225     -            265 10099at4891          -            404   0.00015   17.9   0.3   1   3     0.011      0.46    6.4   0.1     7    36     4    34     1    68 0.64 -
9560:19431-20225     -            265 10099at4891          -            404   0.00015   17.9   0.3   2   3       7.1     3e+02   -2.8   0.0   195   221    99   123    91   130 0.75 -
9560:19431-20225     -            265 10099at4891          -            404   0.00015   17.9   0.3   3   3    0.0017     0.073    9.1   0.0    45    79   160   194   142   203 0.79 -
9362:15282-16085     -            268 10099at4891          -            404   0.00019   17.6   0.9   1   2     0.012      0.51    6.3   0.4    48   161    44   161     1   169 0.64 -
9362:15282-16085     -            268 10099at4891          -            404   0.00019   17.6   0.9   2   2    0.0028      0.12    8.4   0.0     2    35   185   218   184   228 0.92 -
9684:7222-9909       -            896 10099at4891          -            404   0.00028   17.0   6.9   1   4       1.8        74   -0.8   0.1   249   306    41    99    31   114 0.82 -
9684:7222-9909       -            896 10099at4891          -            404   0.00028   17.0   6.9   2   4   0.00013    0.0053   12.8   0.0     3    42   295   334   293   344 0.91 -
9684:7222-9909       -            896 10099at4891          -            404   0.00028   17.0   6.9   3   4         1        42   -0.0   0.1    20    48   520   548   489   555 0.71 -
9684:7222-9909       -            896 10099at4891          -            404   0.00028   17.0   6.9   4   4     0.036       1.5    4.7   0.3   241   291   612   659   537   682 0.68 -
8186:2118-4286       -            723 10099at4891          -            404   0.00031   16.9   0.1   1   2   0.00012    0.0049   12.9   0.0     8    80   306   379   299   393 0.79 -
8186:2118-4286       -            723 10099at4891          -            404   0.00031   16.9   0.1   2   2      0.74        31    0.4   0.1    19    34   652   667   635   722 0.53 -
9460:7157-8695       -            513 10099at4891          -            404   0.00034   16.7   0.2   1   1   7.1e-05     0.003   13.6   0.0   103   263   136   284   122   293 0.80 -
9046:295-1389        -            365 10099at4891          -            404   0.00056   16.0   1.3   1   4     0.016      0.66    5.9   0.1   229   265    29    66     9    80 0.80 -
9046:295-1389        -            365 10099at4891          -            404   0.00056   16.0   1.3   2   4      0.25        11    1.9   0.0     6    29    81   104    75   115 0.81 -
9046:295-1389        -            365 10099at4891          -            404   0.00056   16.0   1.3   3   4     0.023      0.96    5.4   0.2   187   229   117   161    86   192 0.74 -
9046:295-1389        -            365 10099at4891          -            404   0.00056   16.0   1.3   4   4       4.1   1.7e+02   -2.0   0.0    57   224   275   300   270   331 0.47 -
9728:43208-44209     -            334 10099at4891          -            404   0.00099   15.2   0.1   1   3      0.02      0.82    5.6   0.0   235   268     7    40     1    54 0.85 -
9728:43208-44209     -            334 10099at4891          -            404   0.00099   15.2   0.1   2   3       1.8        75   -0.9   0.0   237   268   191   223   184   230 0.81 -
9728:43208-44209     -            334 10099at4891          -            404   0.00099   15.2   0.1   3   3     0.016      0.67    5.9   0.0     8    38   251   281   244   314 0.66 -
9592:21328-23076     -            583 10099at4891          -            404    0.0012   15.0   0.0   1   3     0.042       1.7    4.5   0.0    92   126   237   271   225   328 0.71 -
9592:21328-23076     -            583 10099at4891          -            404    0.0012   15.0   0.0   2   3      0.38        16    1.3   0.0   233   255   501   523   480   533 0.65 -
9592:21328-23076     -            583 10099at4891          -            404    0.0012   15.0   0.0   3   3     0.034       1.4    4.8   0.0     6    34   552   580   548   583 0.90 -
9522:17732-18610     -            293 10099at4891          -            404    0.0014   14.7   0.3   1   2     0.063       2.7    3.9   0.1     4    79    75   102    10   115 0.48 -
9522:17732-18610     -            293 10099at4891          -            404    0.0014   14.7   0.3   2   2    0.0083      0.35    6.8   0.0   207   274   153   217   136   252 0.64 -
9724:2093-15713      -            205 10099at4891          -            404    0.0023   14.0   0.3   1   2       2.8   1.2e+02   -1.5   0.0    20    34     1    15     1    25 0.75 -
9724:2093-15713      -            205 10099at4891          -            404    0.0023   14.0   0.3   2   2   0.00012    0.0049   12.9   0.0    20    92    65   131    57   185 0.62 -
7530:231-1394        -            388 10099at4891          -            404    0.0046   13.0   0.4   1   3       3.7   1.5e+02   -1.9   0.0    82   138    48   104    38   108 0.76 -
7530:231-1394        -            388 10099at4891          -            404    0.0046   13.0   0.4   2   3    0.0021     0.088    8.8   0.0     2    40   144   183   143   201 0.85 -
7530:231-1394        -            388 10099at4891          -            404    0.0046   13.0   0.4   3   3      0.38        16    1.4   0.0    54   222   294   321   275   335 0.59 -
8898:157-1449        -            431 10099at4891          -            404    0.0061   12.6   0.0   1   3      0.73        31    0.4   0.0     3    78    63   136    61   156 0.61 -
8898:157-1449        -            431 10099at4891          -            404    0.0061   12.6   0.0   2   3     0.022      0.92    5.4   0.0    66    98   221   252   211   255 0.85 -
8898:157-1449        -            431 10099at4891          -            404    0.0061   12.6   0.0   3   3      0.17         7    2.5   0.1    51   110   311   369   309   387 0.79 -
9214:11957-12517     -            187 10099at4891          -            404    0.0061   12.6   0.0   1   1   0.00021    0.0088   12.1   0.0    50   131     1    82     1    99 0.85 -
9726:48234-52229     -           1332 10099at4891          -            404    0.0072   12.4   0.3   1   2     0.044       1.9    4.4   0.1    51    90   125   164   118   173 0.90 -
9726:48234-52229     -           1332 10099at4891          -            404    0.0072   12.4   0.3   2   2     0.022      0.94    5.4   0.0    13   121   293   407   281   417 0.76 -
9120:7323-8150       -            276 10099at4891          -            404    0.0078   12.2   1.4   1   2     0.011      0.47    6.4   0.2   208   254   127   177   110   204 0.66 -
9120:7323-8150       -            276 10099at4891          -            404    0.0078   12.2   1.4   2   2     0.047         2    4.4   0.1     1    32   242   274   242   276 0.75 -
9380:4481-6421       -            647 10099at4891          -            404     0.015   11.3   0.5   1   2    0.0033      0.14    8.2   0.4   289   360   268   339   258   367 0.86 -
9380:4481-6421       -            647 10099at4891          -            404     0.015   11.3   0.5   2   2      0.62        26    0.7   0.0   131   183   474   527   468   544 0.78 -
9396:13167-14828     -            554 10099at4891          -            404     0.018   11.1   1.6   1   2    0.0071       0.3    7.0   0.2    13   223   147   169   136   236 0.57 -
9396:13167-14828     -            554 10099at4891          -            404     0.018   11.1   1.6   2   2      0.28        12    1.8   0.1   229   276   337   384   321   392 0.88 -
#
# Program:         hmmsearch
# Version:         3.1b2 (February 2015)
# Pipeline mode:   SEARCH
# Query file:      /home/jj/Desktop/Bioinformatics/3rd_year/1term/Computational_genomics/Seminars/exercise_04/busco_downloads/lineages/saccharomycetes_odb10/hmms/10099at4891.hmm
# Target file:     /home/jj/Desktop/Bioinformatics/3rd_year/1term/Computational_genomics/Seminars/exercise_04/./busco/SRR6130428/SRR6130428_k63_contigs/run_saccharomycetes_odb10/metaeuk_output/initial_results/SRR6130428_k63_graph.contig.fa.modified.fas
# Option settings: hmmsearch --domtblout /home/jj/Desktop/Bioinformatics/3rd_year/1term/Computational_genomics/Seminars/exercise_04/./busco/SRR6130428/SRR6130428_k63_contigs/run_saccharomycetes_odb10/hmmer_output/initial_run_results/10099at4891.out --cpu 1 /home/jj/Desktop/Bioinformatics/3rd_year/1term/Computational_genomics/Seminars/exercise_04/busco_downloads/lineages/saccharomycetes_odb10/hmms/10099at4891.hmm /home/jj/Desktop/Bioinformatics/3rd_year/1term/Computational_genomics/Seminars/exercise_04/./busco/SRR6130428/SRR6130428_k63_contigs/run_saccharomycetes_odb10/metaeuk_output/initial_results/SRR6130428_k63_graph.contig.fa.modified.fas 
# Current dir:     /home/jj/Desktop/Bioinformatics/3rd_year/1term/Computational_genomics/Seminars/exercise_04
# Date:            Tue Nov  5 18:37:03 2024
# [ok]
