#                                                                            --- full sequence --- -------------- this domain -------------   hmm coord   ali coord   env coord
# target name        accession   tlen query name           accession   qlen   E-value  score  bias   #  of  c-Evalue  i-Evalue  score  bias  from    to  from    to  from    to  acc description of target
#------------------- ---------- ----- -------------------- ---------- ----- --------- ------ ----- --- --- --------- --------- ------ ----- ----- ----- ----- ----- ----- ----- ---- ---------------------
9050:5212-7047       -            612 10194at4891          -            362  2.1e-139  461.9  38.0   1   4     4e-08   1.3e-05   21.7   0.3     2    30     5    33     4    41 0.91 -
9050:5212-7047       -            612 10194at4891          -            362  2.1e-139  461.9  38.0   2   4      0.37   1.2e+02   -1.2   0.4    41    94   115   163    99   172 0.55 -
9050:5212-7047       -            612 10194at4891          -            362  2.1e-139  461.9  38.0   3   4      0.46   1.6e+02   -1.6   6.0    33    71   191   226   161   246 0.66 -
9050:5212-7047       -            612 10194at4891          -            362  2.1e-139  461.9  38.0   4   4  7.6e-137  2.5e-134  445.2  15.6    56   362   250   612   230   612 0.83 -
9306:5000-6028       -            343 10194at4891          -            362   2.3e-61  205.1  12.7   1   1   1.6e-63   5.3e-61  203.9  12.7    37   345     4   341     1   343 0.80 -
9670:24743-29038     -           1432 10194at4891          -            362   3.1e-17   59.9   8.4   1   6      0.17        56   -0.1   0.0   232   266    16    50    14    83 0.69 -
9670:24743-29038     -           1432 10194at4891          -            362   3.1e-17   59.9   8.4   2   6       2.8   9.2e+02   -4.1   0.1   233   271   200   238   196   242 0.82 -
9670:24743-29038     -           1432 10194at4891          -            362   3.1e-17   59.9   8.4   3   6     0.076        25    1.0   0.0   122   191   500   570   485   591 0.84 -
9670:24743-29038     -           1432 10194at4891          -            362   3.1e-17   59.9   8.4   4   6   1.9e-15   6.5e-13   45.7   0.0   224   335   706   818   653   836 0.78 -
9670:24743-29038     -           1432 10194at4891          -            362   3.1e-17   59.9   8.4   5   6    0.0073       2.5    4.3   0.0   237   296   969  1027   926  1046 0.77 -
9670:24743-29038     -           1432 10194at4891          -            362   3.1e-17   59.9   8.4   6   6   0.00054      0.18    8.1   0.0   217   253  1223  1259  1197  1267 0.78 -
8782:64-1173         -            370 10194at4891          -            362   3.3e-17   59.8   0.0   1   3   2.3e-12   7.6e-10   35.6   0.1   220   317   152   249    90   253 0.90 -
8782:64-1173         -            370 10194at4891          -            362   3.3e-17   59.8   0.0   2   3    0.0024      0.81    5.9   0.0   242   295   242   295   239   296 0.92 -
8782:64-1173         -            370 10194at4891          -            362   3.3e-17   59.8   0.0   3   3   4.7e-07   0.00016   18.1   0.0   225   286   293   354   290   357 0.96 -
9718:40228-42108     -            627 10194at4891          -            362   4.6e-10   36.4   3.7   1   4      0.77   2.6e+02   -2.3   0.0   216   233   205   222   165   260 0.58 -
9718:40228-42108     -            627 10194at4891          -            362   4.6e-10   36.4   3.7   2   4     4e-09   1.3e-06   25.0   0.6   193   297   369   475   300   486 0.73 -
9718:40228-42108     -            627 10194at4891          -            362   4.6e-10   36.4   3.7   3   4   6.6e-05     0.022   11.1   0.0   240   282   486   528   472   536 0.90 -
9718:40228-42108     -            627 10194at4891          -            362   4.6e-10   36.4   3.7   4   4       1.5   4.9e+02   -3.2   0.0   288   315   579   606   576   618 0.80 -
9520:14273-16186     -            638 10194at4891          -            362   1.2e-09   35.0   5.4   1   3   4.6e-09   1.5e-06   24.8   0.1   226   316   132   221   117   249 0.85 -
9520:14273-16186     -            638 10194at4891          -            362   1.2e-09   35.0   5.4   2   3   0.00012     0.041   10.2   0.6   169   317   279   440   274   448 0.75 -
9520:14273-16186     -            638 10194at4891          -            362   1.2e-09   35.0   5.4   3   3      0.12        42    0.3   0.0   268   312   543   587   538   616 0.74 -
9712:31836-34127     -            764 10194at4891          -            362   5.3e-08   29.6   8.1   1   5     0.015       5.2    3.3   0.1   168   244   174   249   153   283 0.66 -
9712:31836-34127     -            764 10194at4891          -            362   5.3e-08   29.6   8.1   2   5    0.0077       2.6    4.3   0.0   217   250   318   351   297   361 0.87 -
9712:31836-34127     -            764 10194at4891          -            362   5.3e-08   29.6   8.1   3   5      0.24        79   -0.6   0.0   249   290   488   529   464   537 0.86 -
9712:31836-34127     -            764 10194at4891          -            362   5.3e-08   29.6   8.1   4   5    0.0098       3.3    3.9   0.0   224   283   565   624   560   631 0.80 -
9712:31836-34127     -            764 10194at4891          -            362   5.3e-08   29.6   8.1   5   5   6.7e-07   0.00022   17.6   0.2   220   321   636   738   628   760 0.83 -
7842:314-1837        -            508 10194at4891          -            362    0.0018   14.7   0.2   1   1   8.3e-06    0.0028   14.1   0.2   227   317    14   104     3   126 0.85 -
#
# Program:         hmmsearch
# Version:         3.1b2 (February 2015)
# Pipeline mode:   SEARCH
# Query file:      /home/jj/Desktop/Bioinformatics/3rd_year/1term/Computational_genomics/Seminars/exercise_04/busco_downloads/lineages/saccharomycetes_odb10/hmms/10194at4891.hmm
# Target file:     /home/jj/Desktop/Bioinformatics/3rd_year/1term/Computational_genomics/Seminars/exercise_04/./busco/SRR6130428/SRR6130428_k63_contigs/run_saccharomycetes_odb10/metaeuk_output/initial_results/SRR6130428_k63_graph.contig.fa.modified.fas
# Option settings: hmmsearch --domtblout /home/jj/Desktop/Bioinformatics/3rd_year/1term/Computational_genomics/Seminars/exercise_04/./busco/SRR6130428/SRR6130428_k63_contigs/run_saccharomycetes_odb10/hmmer_output/initial_run_results/10194at4891.out --cpu 1 /home/jj/Desktop/Bioinformatics/3rd_year/1term/Computational_genomics/Seminars/exercise_04/busco_downloads/lineages/saccharomycetes_odb10/hmms/10194at4891.hmm /home/jj/Desktop/Bioinformatics/3rd_year/1term/Computational_genomics/Seminars/exercise_04/./busco/SRR6130428/SRR6130428_k63_contigs/run_saccharomycetes_odb10/metaeuk_output/initial_results/SRR6130428_k63_graph.contig.fa.modified.fas 
# Current dir:     /home/jj/Desktop/Bioinformatics/3rd_year/1term/Computational_genomics/Seminars/exercise_04
# Date:            Tue Nov  5 18:37:04 2024
# [ok]
