#                                                                            --- full sequence --- -------------- this domain -------------   hmm coord   ali coord   env coord
# target name        accession   tlen query name           accession   qlen   E-value  score  bias   #  of  c-Evalue  i-Evalue  score  bias  from    to  from    to  from    to  acc description of target
#------------------- ---------- ----- -------------------- ---------- ----- --------- ------ ----- --- --- --------- --------- ------ ----- ----- ----- ----- ----- ----- ----- ---- ---------------------
9660:28539-29873     -            445 10233at4891          -            281     9e-74  245.5   1.0   1   3   5.2e-15   2.8e-12   43.7   0.1     1    51    32    83    32    87 0.90 -
9660:28539-29873     -            445 10233at4891          -            281     9e-74  245.5   1.0   2   3   6.9e-54   3.7e-51  171.3   0.0    47   235   101   352    88   361 0.78 -
9660:28539-29873     -            445 10233at4891          -            281     9e-74  245.5   1.0   3   3   7.9e-10   4.2e-07   26.7   0.0   234   281   376   435   369   435 0.76 -
9238:3-14489         -           4829 10233at4891          -            281   1.3e-07   28.4   7.5   1   6      0.12        67   -0.2   0.0    65    86   229   250   209   253 0.86 -
9238:3-14489         -           4829 10233at4891          -            281   1.3e-07   28.4   7.5   2   6    0.0005      0.27    7.7   0.2    32    98   533   601   526   629 0.74 -
9238:3-14489         -           4829 10233at4891          -            281   1.3e-07   28.4   7.5   3   6   3.5e-05     0.019   11.5   0.0    39    84   972  1016   963  1031 0.83 -
9238:3-14489         -           4829 10233at4891          -            281   1.3e-07   28.4   7.5   4   6   0.00042      0.23    7.9   0.0    63    96  1281  1312  1221  1319 0.77 -
9238:3-14489         -           4829 10233at4891          -            281   1.3e-07   28.4   7.5   5   6       1.1   5.7e+02   -3.2   0.1    53    95  1648  1692  1634  1699 0.67 -
9238:3-14489         -           4829 10233at4891          -            281   1.3e-07   28.4   7.5   6   6      0.23   1.3e+02   -1.1   0.0    66    85  1969  1988  1943  1991 0.86 -
9376:16802-17530     -            243 10233at4891          -            281   1.9e-05   21.3   0.1   1   1   6.8e-08   3.6e-05   20.4   0.1    60    98    35    73    15    83 0.89 -
8896:4916-7267       -            784 10233at4891          -            281    0.0061   13.1   0.1   1   2      0.16        84   -0.5   0.1    78   148   179   249   170   255 0.74 -
8896:4916-7267       -            784 10233at4891          -            281    0.0061   13.1   0.1   2   2   7.5e-05      0.04   10.4   0.0    45    83   481   518   467   522 0.72 -
9452:16256-18052     -            599 10233at4891          -            281     0.013   12.0   0.0   1   1   6.7e-05     0.036   10.6   0.0    63   111   207   266   196   273 0.66 -
#
# Program:         hmmsearch
# Version:         3.1b2 (February 2015)
# Pipeline mode:   SEARCH
# Query file:      /home/jj/Desktop/Bioinformatics/3rd_year/1term/Computational_genomics/Seminars/exercise_04/busco_downloads/lineages/saccharomycetes_odb10/hmms/10233at4891.hmm
# Target file:     /home/jj/Desktop/Bioinformatics/3rd_year/1term/Computational_genomics/Seminars/exercise_04/./busco/SRR6130428/SRR6130428_k63_contigs/run_saccharomycetes_odb10/metaeuk_output/initial_results/SRR6130428_k63_graph.contig.fa.modified.fas
# Option settings: hmmsearch --domtblout /home/jj/Desktop/Bioinformatics/3rd_year/1term/Computational_genomics/Seminars/exercise_04/./busco/SRR6130428/SRR6130428_k63_contigs/run_saccharomycetes_odb10/hmmer_output/initial_run_results/10233at4891.out --cpu 1 /home/jj/Desktop/Bioinformatics/3rd_year/1term/Computational_genomics/Seminars/exercise_04/busco_downloads/lineages/saccharomycetes_odb10/hmms/10233at4891.hmm /home/jj/Desktop/Bioinformatics/3rd_year/1term/Computational_genomics/Seminars/exercise_04/./busco/SRR6130428/SRR6130428_k63_contigs/run_saccharomycetes_odb10/metaeuk_output/initial_results/SRR6130428_k63_graph.contig.fa.modified.fas 
# Current dir:     /home/jj/Desktop/Bioinformatics/3rd_year/1term/Computational_genomics/Seminars/exercise_04
# Date:            Tue Nov  5 18:37:04 2024
# [ok]
