#                                                                            --- full sequence --- -------------- this domain -------------   hmm coord   ali coord   env coord
# target name        accession   tlen query name           accession   qlen   E-value  score  bias   #  of  c-Evalue  i-Evalue  score  bias  from    to  from    to  from    to  acc description of target
#------------------- ---------- ----- -------------------- ---------- ----- --------- ------ ----- --- --- --------- --------- ------ ----- ----- ----- ----- ----- ----- ----- ---- ---------------------
9128:6045-7694       -            550 10684at4891          -            363  2.3e-134  445.2   9.4   1   4   2.8e-22   1.3e-19   67.7   0.5     7    80    62   138    58   143 0.89 -
9128:6045-7694       -            550 10684at4891          -            363  2.3e-134  445.2   9.4   2   4   3.6e-55   1.6e-52  175.9   0.0    75   182   153   263   139   272 0.92 -
9128:6045-7694       -            550 10684at4891          -            363  2.3e-134  445.2   9.4   3   4   1.1e-50   4.9e-48  161.2   0.1   170   300   273   416   265   428 0.85 -
9128:6045-7694       -            550 10684at4891          -            363  2.3e-134  445.2   9.4   4   4   6.3e-15   2.8e-12   43.5   0.5   299   344   471   516   451   548 0.75 -
9208:5582-9313       -           1244 10684at4891          -            363   2.7e-19   66.6   0.1   1   2   2.4e-09   1.1e-06   25.2   0.1    22   145     8   138     4   147 0.79 -
9208:5582-9313       -           1244 10684at4891          -            363   2.7e-19   66.6   0.1   2   2   1.5e-13   6.7e-11   39.0   0.0    72   155   348   432   325   452 0.85 -
9546:1624-2169       -            182 10684at4891          -            363   1.8e-09   34.3   0.1   1   1   4.2e-12   1.9e-09   34.2   0.1    82   148    61   126    26   177 0.91 -
9520:18560-20455     -            632 10684at4891          -            363   1.5e-08   31.2   0.0   1   3      0.54   2.4e+02   -2.3   0.9    22   314   167   214   147   229 0.51 -
9520:18560-20455     -            632 10684at4891          -            363   1.5e-08   31.2   0.0   2   3   6.7e-08     3e-05   20.4   0.0    82   145   498   561   468   569 0.84 -
9520:18560-20455     -            632 10684at4891          -            363   1.5e-08   31.2   0.0   3   3    0.0009       0.4    6.8   0.0    18    51   578   611   572   632 0.75 -
8822:1859-3634       -            592 10684at4891          -            363   8.6e-05   18.9   0.0   1   1   2.8e-07   0.00013   18.4   0.0    74   136   529   590   523   592 0.91 -
8004:512-1531        -            340 10684at4891          -            363     0.019   11.2   0.1   1   1   6.9e-05     0.031   10.5   0.1    82   138   285   340   272   340 0.77 -
#
# Program:         hmmsearch
# Version:         3.1b2 (February 2015)
# Pipeline mode:   SEARCH
# Query file:      /home/jj/Desktop/Bioinformatics/3rd_year/1term/Computational_genomics/Seminars/exercise_04/busco_downloads/lineages/saccharomycetes_odb10/hmms/10684at4891.hmm
# Target file:     /home/jj/Desktop/Bioinformatics/3rd_year/1term/Computational_genomics/Seminars/exercise_04/./busco/SRR6130428/SRR6130428_k63_contigs/run_saccharomycetes_odb10/metaeuk_output/initial_results/SRR6130428_k63_graph.contig.fa.modified.fas
# Option settings: hmmsearch --domtblout /home/jj/Desktop/Bioinformatics/3rd_year/1term/Computational_genomics/Seminars/exercise_04/./busco/SRR6130428/SRR6130428_k63_contigs/run_saccharomycetes_odb10/hmmer_output/initial_run_results/10684at4891.out --cpu 1 /home/jj/Desktop/Bioinformatics/3rd_year/1term/Computational_genomics/Seminars/exercise_04/busco_downloads/lineages/saccharomycetes_odb10/hmms/10684at4891.hmm /home/jj/Desktop/Bioinformatics/3rd_year/1term/Computational_genomics/Seminars/exercise_04/./busco/SRR6130428/SRR6130428_k63_contigs/run_saccharomycetes_odb10/metaeuk_output/initial_results/SRR6130428_k63_graph.contig.fa.modified.fas 
# Current dir:     /home/jj/Desktop/Bioinformatics/3rd_year/1term/Computational_genomics/Seminars/exercise_04
# Date:            Tue Nov  5 18:37:07 2024
# [ok]
