#                                                                            --- full sequence --- -------------- this domain -------------   hmm coord   ali coord   env coord
# target name        accession   tlen query name           accession   qlen   E-value  score  bias   #  of  c-Evalue  i-Evalue  score  bias  from    to  from    to  from    to  acc description of target
#------------------- ---------- ----- -------------------- ---------- ----- --------- ------ ----- --- --- --------- --------- ------ ----- ----- ----- ----- ----- ----- ----- ---- ---------------------
9648:180-2069        -            630 10800at4891          -            413  1.4e-230  762.4  17.2   1   3  1.5e-171  3.6e-170  563.3   0.8     1   255    49   306    49   313 0.99 -
9648:180-2069        -            630 10800at4891          -            413  1.4e-230  762.4  17.2   2   3    0.0017     0.041    9.8   0.2   259   289   349   393   337   406 0.74 -
9648:180-2069        -            630 10800at4891          -            413  1.4e-230  762.4  17.2   3   3   2.5e-59     6e-58  193.7   4.5   284   413   457   628   421   628 0.86 -
9582:21971-22969     -            333 10800at4891          -            413   3.2e-78  260.5   0.0   1   1   1.5e-79   3.7e-78  260.3   0.0     1   258     5   278     5   317 0.89 -
9284:13564-14592     -            343 10800at4891          -            413     5e-78  259.8   0.0   1   1   3.8e-79   9.2e-78  259.0   0.0     1   253    30   304    30   314 0.91 -
9082:7406-8569       -            388 10800at4891          -            413   1.2e-75  252.0   0.3   1   2    0.0014     0.033   10.1   0.0     2    36     2    39     1    57 0.78 -
9082:7406-8569       -            388 10800at4891          -            413   1.2e-75  252.0   0.3   2   2   1.7e-73   4.1e-72  240.4   0.1    45   263    83   304    60   357 0.90 -
9144:11649-12578     -            310 10800at4891          -            413   1.6e-69  231.8   2.4   1   1   2.3e-68   5.6e-67  223.4   2.4     2   252     2   282     1   285 0.88 -
9270:5360-6181       -            274 10800at4891          -            413   6.9e-69  229.7   0.1   1   1   3.2e-70   7.7e-69  229.6   0.1     5   256     2   272     1   274 0.90 -
9538:10065-10994     -            310 10800at4891          -            413   6.9e-69  229.7   2.7   1   2   0.00011    0.0026   13.7   0.1     2    36     2    39     1    50 0.79 -
9538:10065-10994     -            310 10800at4891          -            413   6.9e-69  229.7   2.7   2   2   3.3e-66     8e-65  216.3   0.3    35   253    63   283    53   291 0.94 -
9220:10894-11814     -            307 10800at4891          -            413   1.4e-65  218.9   0.0   1   1   8.4e-67     2e-65  218.3   0.0     3   259    11   291     9   300 0.88 -
9680:21437-22237     -            267 10800at4891          -            413   1.7e-54  182.4   0.0   1   1   8.1e-56   1.9e-54  182.1   0.0     1   252    15   264    15   266 0.89 -
9680:14913-17372     -            820 10800at4891          -            413   8.4e-50  166.9   0.0   1   1   5.4e-51   1.3e-49  166.2   0.0     6   255   199   469   194   497 0.88 -
8772:6932-7705       -            258 10800at4891          -            413   1.2e-49  166.3   0.0   1   1   6.1e-51   1.5e-49  166.1   0.0     3   241     4   243     2   250 0.93 -
8588:5598-6413       -            272 10800at4891          -            413   2.3e-49  165.4   0.0   1   1   1.1e-50   2.7e-49  165.2   0.0     3   241    11   250     9   269 0.91 -
8018:2579-3376       -            266 10800at4891          -            413   2.4e-48  162.1   0.0   1   1   1.2e-49   2.8e-48  161.8   0.0     3   253     6   262     4   264 0.91 -
8586:248-1081        -            278 10800at4891          -            413   9.8e-48  160.1   0.0   1   1   4.7e-49   1.1e-47  159.8   0.0     3   251    15   277    13   278 0.89 -
9168:5060-6598       -            513 10800at4891          -            413   4.9e-47  157.8   4.9   1   1   2.4e-47   5.8e-46  154.2   4.9     2   264   198   492   197   508 0.81 -
9576:4640-5464       -            275 10800at4891          -            413   4.9e-47  157.7   0.0   1   1   2.3e-48   5.6e-47  157.5   0.0     4   252    11   273     8   275 0.87 -
9652:9845-11956      -            704 10800at4891          -            413   1.7e-45  152.7   0.0   1   1     1e-46   2.5e-45  152.1   0.0     9   253    87   338    80   377 0.90 -
9026:3240-4322       -            361 10800at4891          -            413     3e-43  145.3   0.4   1   1   1.6e-44   3.8e-43  145.0   0.4     3   252   102   354   100   359 0.95 -
9214:3531-4694       -            388 10800at4891          -            413   7.3e-41  137.4   0.0   1   1   3.9e-42   9.4e-41  137.1   0.0     1   243    63   309    63   326 0.89 -
9112:9860-10915      -            352 10800at4891          -            413   3.5e-40  135.2   0.0   1   1   1.8e-41   4.4e-40  134.9   0.0     1   253    19   278    19   286 0.88 -
9344:12609-14093     -            495 10800at4891          -            413     1e-38  130.4   0.3   1   2   2.4e-23   5.7e-22   75.2   0.3     1   146     3   153     3   163 0.86 -
9344:12609-14093     -            495 10800at4891          -            413     1e-38  130.4   0.3   2   2   1.2e-16   2.9e-15   53.1   0.0   154   254   356   468   330   481 0.86 -
9648:20903-21709     -            269 10800at4891          -            413   4.5e-37  124.9   0.2   1   1   2.6e-38   6.2e-37  124.5   0.2     5   246     7   266     3   269 0.86 -
9236:8838-9737       -            300 10800at4891          -            413   1.2e-36  123.5   0.0   1   1   5.9e-38   1.4e-36  123.3   0.0     2   254     8   271     7   283 0.89 -
8710:5595-6479       -            295 10800at4891          -            413   2.5e-36  122.5   1.0   1   2   5.3e-16   1.3e-14   51.0   0.3     4   132     1   148     1   152 0.78 -
8710:5595-6479       -            295 10800at4891          -            413   2.5e-36  122.5   1.0   2   2   7.2e-22   1.7e-20   70.3   0.0   137   252   177   294   175   295 0.93 -
9516:8073-8876       -            268 10800at4891          -            413   3.7e-36  121.9   2.2   1   1   1.9e-37   4.5e-36  121.6   2.2     3   252     9   268     7   268 0.85 -
7984:778-3069        -            764 10800at4891          -            413   1.4e-35  120.1   0.0   1   1   8.4e-37     2e-35  119.5   0.0     4   242   352   597   350   613 0.88 -
9714:25935-26888     -            318 10800at4891          -            413   1.2e-34  116.9   0.0   1   1     7e-36   1.7e-34  116.5   0.0     8   252    16   278    10   285 0.81 -
9470:3000-4022       -            341 10800at4891          -            413   1.7e-34  116.5   0.6   1   1   2.8e-33   6.9e-32  107.9   0.6     4   244    24   293    22   315 0.80 -
9138:9482-10486      -            335 10800at4891          -            413   2.6e-34  115.9   0.0   1   1   2.1e-35     5e-34  114.9   0.0     2   247    39   330    38   335 0.75 -
9138:5514-8171       -            886 10800at4891          -            413   3.1e-34  115.6   2.3   1   3     3e-11   7.2e-10   35.3   0.2     2    94    13   109    12   124 0.85 -
9138:5514-8171       -            886 10800at4891          -            413   3.1e-34  115.6   2.3   2   3   1.3e-05   0.00031   16.8   0.0   102   133   142   173   131   181 0.90 -
9138:5514-8171       -            886 10800at4891          -            413   3.1e-34  115.6   2.3   3   3   3.1e-19   7.4e-18   61.6   0.0   137   253   198   317   190   348 0.88 -
9556:876-1871        -            332 10800at4891          -            413   3.3e-34  115.5   3.4   1   2   1.7e-09     4e-08   29.6   2.4    60   132    99   172    10   178 0.62 -
9556:876-1871        -            332 10800at4891          -            413   3.3e-34  115.5   3.4   2   2   3.6e-25   8.6e-24   81.2   0.0   137   253   211   329   209   332 0.92 -
9404:2234-3256       -            341 10800at4891          -            413   3.4e-34  115.4   0.6   1   1   5.9e-35   1.4e-33  113.4   0.6     4   242    41   305    39   325 0.82 -
9388:2420-3211       -            264 10800at4891          -            413   1.3e-33  113.5   1.1   1   1   6.2e-35   1.5e-33  113.3   1.1     7   252     8   263     2   264 0.83 -
9688:6201-6989       -            263 10800at4891          -            413   2.1e-33  112.9   0.1   1   1   1.2e-34     3e-33  112.4   0.1     9   248     7   262     2   263 0.86 -
8792:3540-5258       -            573 10800at4891          -            413   5.3e-32  108.2   0.0   1   1   2.9e-33     7e-32  107.8   0.0     3   253   301   554   299   562 0.92 -
9000:1272-2168       -            299 10800at4891          -            413   6.1e-32  108.0   1.3   1   2   2.7e-28   6.5e-27   91.5   0.6     9   211    10   222     2   241 0.83 -
9000:1272-2168       -            299 10800at4891          -            413   6.1e-32  108.0   1.3   2   2     3e-05   0.00073   15.5   0.0   217   253   262   298   250   299 0.86 -
8554:159-1031        -            291 10800at4891          -            413   3.9e-31  105.4   0.0   1   2   4.2e-31     1e-29  100.7   0.1     4   208     1   216     1   223 0.78 -
8554:159-1031        -            291 10800at4891          -            413   3.9e-31  105.4   0.0   2   2      0.23       5.5    2.8   0.0   221   253   257   289   241   291 0.83 -
9022:9769-10653      -            295 10800at4891          -            413   7.2e-31  104.5   0.0   1   2   9.8e-32   2.4e-30  102.8   0.0     3   198     2   205     1   230 0.80 -
9022:9769-10653      -            295 10800at4891          -            413   7.2e-31  104.5   0.0   2   2       2.8        68   -0.8   0.0   226   252   267   293   260   295 0.87 -
8274:2342-3058       -            239 10800at4891          -            413   1.1e-30  103.8   0.0   1   1   5.1e-32   1.2e-30  103.7   0.0     9   245     2   237     1   239 0.92 -
9666:20504-21955     -            484 10800at4891          -            413   3.5e-30  102.2   0.1   1   1   2.6e-31   6.2e-30  101.4   0.1     5   198   169   366   166   391 0.84 -
7822:341-1144        -            268 10800at4891          -            413   4.9e-30  101.7   0.0   1   1   2.4e-31   5.7e-30  101.5   0.0    11   251     2   268     1   268 0.77 -
7804:258-1562        -            435 10800at4891          -            413   7.3e-30  101.2   0.0   1   2   3.5e-28   8.5e-27   91.1   0.0     3   195    22   214    20   240 0.87 -
7804:258-1562        -            435 10800at4891          -            413   7.3e-30  101.2   0.0   2   2    0.0054      0.13    8.1   0.0   220   251   270   301   266   339 0.86 -
9050:611-1576        -            322 10800at4891          -            413   1.1e-29  100.6   3.4   1   2       1.7        41   -0.1   0.0     1    33     2    37     2    66 0.71 -
9050:611-1576        -            322 10800at4891          -            413   1.1e-29  100.6   3.4   2   2   7.6e-31   1.8e-29   99.9   1.1    48   248   100   321    80   322 0.81 -
8666:1918-2913       -            332 10800at4891          -            413   1.5e-29  100.1   4.3   1   1   6.9e-30   1.7e-28   96.7   4.3     2   257     2   324     1   329 0.72 -
9700:35509-36408     -            300 10800at4891          -            413   5.4e-29   98.3   0.0   1   2   3.4e-29   8.1e-28   94.4   0.0     8   198     5   198     2   216 0.85 -
9700:35509-36408     -            300 10800at4891          -            413   5.4e-29   98.3   0.0   2   2      0.49        12    1.7   0.0   222   253   254   285   249   288 0.90 -
9396:10785-11381     -            199 10800at4891          -            413   8.5e-29   97.7   0.4   1   1   3.9e-30   9.4e-29   97.5   0.4    10   198     1   198     1   199 0.90 -
9574:22194-23423     -            410 10800at4891          -            413   1.4e-28   97.0   0.2   1   2   3.1e-21   7.5e-20   68.2   0.4     3   147    17   165    15   181 0.88 -
9574:22194-23423     -            410 10800at4891          -            413   1.4e-28   97.0   0.2   2   2   1.3e-08   3.1e-07   26.6   0.0   157   235   237   318   230   363 0.81 -
8384:242-1183        -            314 10800at4891          -            413   2.4e-28   96.2   0.0   1   2   2.1e-25   5.2e-24   81.9   0.0     4   196     8   216     5   227 0.77 -
8384:242-1183        -            314 10800at4891          -            413   2.4e-28   96.2   0.0   2   2   0.00032    0.0078   12.2   0.0   221   254   273   306   245   311 0.87 -
9722:16235-17092     -            286 10800at4891          -            413   3.5e-28   95.6   0.6   1   1   4.3e-29     1e-27   94.1   0.6     9   253     7   285     2   286 0.74 -
9274:513-1736        -            408 10800at4891          -            413   6.7e-28   94.7   0.1   1   2      0.33       7.9    2.3   0.0     4    37    11    42     8    59 0.71 -
9274:513-1736        -            408 10800at4891          -            413   6.7e-28   94.7   0.1   2   2   5.6e-28   1.4e-26   90.4   0.0    45   244    78   293    67   303 0.85 -
9288:1887-2741       -            285 10800at4891          -            413   7.4e-28   94.6   0.0   1   1     4e-29   9.8e-28   94.2   0.0     8   252    13   282     5   284 0.81 -
8850:3013-4704       -            564 10800at4891          -            413   1.1e-27   94.0   0.0   1   2   1.1e-20   2.7e-19   66.4   0.0     3   145   168   314   166   321 0.90 -
8850:3013-4704       -            564 10800at4891          -            413   1.1e-27   94.0   0.0   2   2     4e-08   9.6e-07   25.0   0.0   149   244   359   460   353   478 0.79 -
9548:337-1380        -            348 10800at4891          -            413   1.7e-27   93.4   0.1   1   2   1.4e-24   3.4e-23   79.2   0.0     3   199    12   224    10   245 0.78 -
9548:337-1380        -            348 10800at4891          -            413   1.7e-27   93.4   0.1   2   2   0.00029    0.0071   12.3   0.0   222   261   278   317   268   346 0.71 -
9206:2109-6836       -           1576 10800at4891          -            413   2.3e-27   93.0   0.5   1   2   1.5e-19   3.5e-18   62.7   0.3     8   151  1270  1419  1264  1431 0.84 -
9206:2109-6836       -           1576 10800at4891          -            413   2.3e-27   93.0   0.5   2   2   4.8e-09   1.2e-07   28.1   0.0   150   253  1450  1559  1437  1568 0.79 -
9376:4767-5852       -            362 10800at4891          -            413   3.3e-27   92.4   0.7   1   2   8.1e-24   1.9e-22   76.7   0.1    26   200    38   223    10   251 0.80 -
9376:4767-5852       -            362 10800at4891          -            413   3.3e-27   92.4   0.7   2   2   7.5e-05    0.0018   14.2   0.0   222   272   276   331   260   346 0.81 -
9220:8467-9282       -            272 10800at4891          -            413     7e-27   91.4   0.0   1   1   3.9e-28   9.4e-27   90.9   0.0    10   205     9   211     3   229 0.84 -
9242:6452-8167       -            572 10800at4891          -            413     2e-26   89.8   0.0   1   2   9.9e-20   2.4e-18   63.2   0.0     4   145   177   322   173   329 0.90 -
9242:6452-8167       -            572 10800at4891          -            413     2e-26   89.8   0.0   2   2   8.8e-08   2.1e-06   23.9   0.0   152   243   370   467   362   485 0.80 -
9270:2604-3470       -            289 10800at4891          -            413   3.7e-26   89.0   0.0   1   1     2e-27   4.9e-26   88.6   0.0     9   203    18   219    11   229 0.83 -
9370:13593-17402     -           1270 10800at4891          -            413   3.8e-26   88.9   0.1   1   1   8.7e-27   2.1e-25   86.5   0.1     9   252   985  1256   978  1265 0.79 -
9352:14667-17009     -            781 10800at4891          -            413     9e-26   87.7   0.5   1   2      0.48        12    1.7   0.0   251   308     7    63     3    70 0.82 -
9352:14667-17009     -            781 10800at4891          -            413     9e-26   87.7   0.5   2   2   5.3e-26   1.3e-24   83.9   0.1    25   254   529   767   520   776 0.84 -
8068:741-1847        -            369 10800at4891          -            413   1.6e-25   86.9   0.2   1   2   4.3e-25     1e-23   80.9   0.1     3   195    17   228    15   240 0.80 -
8068:741-1847        -            369 10800at4891          -            413   1.6e-25   86.9   0.2   2   2     0.099       2.4    4.0   0.0   221   253   287   319   280   326 0.86 -
9022:791-1471        -            227 10800at4891          -            413   5.1e-25   85.2   2.1   1   1     8e-26   1.9e-24   83.3   2.1    48   240    14   227     5   227 0.82 -
9558:17836-18582     -            249 10800at4891          -            413   8.1e-25   84.6   0.1   1   1   3.5e-26   8.4e-25   84.5   0.1    10   247     3   245     1   249 0.80 -
8492:4616-5878       -            421 10800at4891          -            413   2.8e-24   82.8   1.0   1   2       3.1        74   -0.9   0.0   196   236    26    68    16    94 0.73 -
8492:4616-5878       -            421 10800at4891          -            413   2.8e-24   82.8   1.0   2   2   5.7e-25   1.4e-23   80.5   0.3     9   254   118   397   109   410 0.74 -
9696:23411-25501     -            697 10800at4891          -            413   4.8e-24   82.0   0.0   1   1   5.2e-25   1.3e-23   80.6   0.0    40   253   475   693   463   696 0.88 -
7948:472-1854        -            461 10800at4891          -            413   5.6e-24   81.8   0.6   1   1   7.5e-24   1.8e-22   76.8   0.6    41   200   195   391   167   460 0.70 -
9650:24829-29790     -           1654 10800at4891          -            413   8.9e-24   81.1   0.7   1   3       2.2        53   -0.5   0.0    86   143   351   403   336   416 0.77 -
9650:24829-29790     -           1654 10800at4891          -            413   8.9e-24   81.1   0.7   2   3       0.3       7.3    2.4   0.0     5    68   595   657   592   674 0.78 -
9650:24829-29790     -           1654 10800at4891          -            413   8.9e-24   81.1   0.7   3   3   6.1e-23   1.5e-21   73.8   0.1    55   264   760   990   737  1059 0.71 -
8386:2346-3074       -            243 10800at4891          -            413   4.1e-23   78.9   0.0   1   2      0.12       2.9    3.7   0.0    58    98     2    42     1    57 0.70 -
8386:2346-3074       -            243 10800at4891          -            413   4.1e-23   78.9   0.0   2   2   7.7e-23   1.9e-21   73.5   0.0    99   254    66   241    59   243 0.80 -
9724:42501-46928     -           1476 10800at4891          -            413   1.9e-22   76.8   0.0   1   1   1.3e-23     3e-22   76.1   0.0     9   257  1180  1445  1174  1457 0.83 -
9494:7698-8528       -            277 10800at4891          -            413   2.1e-22   76.6   0.1   1   1   1.1e-23   2.6e-22   76.3   0.1    11   201     2   199     1   219 0.85 -
9708:2183-3157       -            325 10800at4891          -            413   3.5e-22   75.9   0.1   1   1   2.7e-23   6.4e-22   75.0   0.1    59   253   106   325    96   325 0.76 -
9332:9525-11471      -            649 10800at4891          -            413   3.5e-22   75.9   0.2   1   1   3.2e-23   7.7e-22   74.7   0.2    25   253   396   635   385   645 0.79 -
8450:345-1649        -            435 10800at4891          -            413   7.5e-22   74.8   5.3   1   3   1.7e-06   4.1e-05   19.6   1.7     3   115    24   145    22   149 0.67 -
8450:345-1649        -            435 10800at4891          -            413   7.5e-22   74.8   5.3   2   3      0.12         3    3.6   0.0   118   132   169   183   164   219 0.80 -
8450:345-1649        -            435 10800at4891          -            413   7.5e-22   74.8   5.3   3   3   5.3e-16   1.3e-14   51.0   0.0   134   257   224   348   219   380 0.87 -
9568:2563-4101       -            513 10800at4891          -            413   4.1e-21   72.4   1.0   1   1   2.4e-22   5.9e-21   71.8   1.0     9   251   196   465   188   473 0.74 -
9468:11302-12276     -            325 10800at4891          -            413     8e-21   71.4   1.3   1   2   7.1e-22   1.7e-20   70.3   0.7     2   198     3   217     2   234 0.77 -
9468:11302-12276     -            325 10800at4891          -            413     8e-21   71.4   1.3   2   2       3.8        91   -1.3   0.0   217   251   269   303   249   312 0.77 -
9442:11388-12206     -            273 10800at4891          -            413   9.4e-21   71.2   0.0   1   1   4.5e-22   1.1e-20   71.0   0.0    10   253     1   250     1   268 0.81 -
9140:10766-11608     -            281 10800at4891          -            413   1.9e-20   70.1   0.1   1   1   8.7e-22   2.1e-20   70.0   0.1    11   210     2   209     1   265 0.74 -
9288:6241-7161       -            307 10800at4891          -            413   2.7e-20   69.7   0.2   1   1   2.4e-21   5.8e-20   68.6   0.2     4   253     1   278     1   306 0.75 -
8460:1970-2827       -            286 10800at4891          -            413   4.6e-20   68.9   0.6   1   1   2.7e-21   6.6e-20   68.4   0.5     3   210     2   209     1   229 0.85 -
8804:3362-4279       -            306 10800at4891          -            413   8.6e-20   68.0   0.1   1   1   5.2e-21   1.3e-19   67.5   0.1     3   189     3   196     2   223 0.84 -
9674:28087-29058     -            324 10800at4891          -            413   3.8e-19   65.9   0.0   1   2   4.8e-19   1.2e-17   61.0   0.0     8   200     3   206     2   218 0.80 -
9674:28087-29058     -            324 10800at4891          -            413   3.8e-19   65.9   0.0   2   2      0.24       5.7    2.7   0.0   225   253   264   292   253   304 0.86 -
9508:1626-2423       -            266 10800at4891          -            413   5.4e-19   65.4   1.5   1   2   1.9e-19   4.7e-18   62.3   0.9    58   199    24   166    20   191 0.88 -
9508:1626-2423       -            266 10800at4891          -            413   5.4e-19   65.4   1.5   2   2      0.56        13    1.5   0.0   224   253   229   258   196   266 0.83 -
9660:6627-7220       -            198 10800at4891          -            413   6.4e-19   65.1   0.0   1   1   2.9e-20   7.1e-19   65.0   0.0    41   190    41   197     2   198 0.78 -
9598:11083-11721     -            213 10800at4891          -            413   1.2e-18   64.3   0.0   1   1     1e-19   2.5e-18   63.2   0.0    12   173     5   176     1   213 0.82 -
9342:14110-15051     -            314 10800at4891          -            413   2.8e-18   63.0   0.6   1   2   4.3e-16     1e-14   51.3   1.8     9   187     6   213     1   223 0.70 -
9342:14110-15051     -            314 10800at4891          -            413   2.8e-18   63.0   0.6   2   2     0.009      0.22    7.4   0.0   218   255   273   310   269   312 0.94 -
8764:438-2084        -            549 10800at4891          -            413   3.5e-18   62.7   0.5   1   3       5.1   1.2e+02   -1.7   0.1     2    23    73    94    72   103 0.87 -
8764:438-2084        -            549 10800at4891          -            413   3.5e-18   62.7   0.5   2   3   5.5e-18   1.3e-16   57.5   0.1    47   189   205   356   191   372 0.82 -
8764:438-2084        -            549 10800at4891          -            413   3.5e-18   62.7   0.5   3   3       0.3       7.2    2.4   0.0   224   260   435   471   421   510 0.83 -
9526:4843-6750       -            636 10800at4891          -            413   5.7e-18   62.0   0.0   1   1   3.2e-19   7.6e-18   61.6   0.0     5   259   329   599   325   622 0.78 -
7674:805-1767        -            321 10800at4891          -            413   1.4e-17   60.7   7.3   1   2     1e-11   2.4e-10   36.9   4.7    51   134    74   159     5   168 0.66 -
7674:805-1767        -            321 10800at4891          -            413   1.4e-17   60.7   7.3   2   2   6.3e-07   1.5e-05   21.1   0.0   136   248   183   315   171   321 0.71 -
8798:2318-3331       -            338 10800at4891          -            413   1.5e-17   60.6   0.7   1   2     0.026      0.63    5.9   0.1     2    51     9    62     8    71 0.73 -
8798:2318-3331       -            338 10800at4891          -            413   1.5e-17   60.6   0.7   2   2   9.3e-17   2.3e-15   53.5   0.1    97   247   156   326    83   331 0.79 -
9724:16735-17796     -            354 10800at4891          -            413   7.1e-17   58.4   5.0   1   2    0.0025     0.061    9.2   0.0     2    24     3    25     2    44 0.89 -
9724:16735-17796     -            354 10800at4891          -            413   7.1e-17   58.4   5.0   2   2   3.1e-14   7.5e-13   45.1   4.3    25   190    59   244    48   267 0.76 -
9578:6054-6923       -            290 10800at4891          -            413   1.9e-16   57.0   0.0   1   1   9.4e-18   2.3e-16   56.7   0.0    11   227     2   232     1   284 0.78 -
9316:14764-15318     -            185 10800at4891          -            413   3.3e-16   56.2   0.2   1   1   1.6e-17   3.8e-16   56.0   0.2    54   198    30   179     2   183 0.81 -
8416:2551-3603       -            351 10800at4891          -            413   3.9e-16   56.0   0.0   1   2   3.3e-16   7.8e-15   51.7   0.0    12   201     8   227     2   243 0.73 -
8416:2551-3603       -            351 10800at4891          -            413   3.9e-16   56.0   0.0   2   2      0.38       9.2    2.0   0.0   219   260   271   312   262   320 0.82 -
9708:4262-6904       -            881 10800at4891          -            413   9.1e-16   54.7   0.4   1   2   1.9e-09   4.7e-08   29.4   0.2     9   148   420   576   414   593 0.69 -
9708:4262-6904       -            881 10800at4891          -            413   9.1e-16   54.7   0.4   2   2   1.4e-07   3.3e-06   23.2   0.0   176   213   790   827   768   837 0.88 -
9336:5762-6706       -            315 10800at4891          -            413   3.1e-15   53.0   1.2   1   1   1.6e-16   3.8e-15   52.7   1.2     5   247    35   313    31   315 0.68 -
8626:1051-1599       -            183 10800at4891          -            413   9.6e-15   51.4   0.0   1   1   4.6e-16   1.1e-14   51.2   0.0    79   199     2   143     1   157 0.75 -
9280:3099-4592       -            498 10800at4891          -            413     1e-14   51.3   0.1   1   2   4.5e-11   1.1e-09   34.7   0.1     3   165    24   199    22   207 0.73 -
9280:3099-4592       -            498 10800at4891          -            413     1e-14   51.3   0.1   2   2   9.1e-05    0.0022   14.0   0.0   158   198   271   311   265   322 0.88 -
9018:8533-10704      -            724 10800at4891          -            413     4e-13   46.0   0.2   1   3   5.4e-10   1.3e-08   31.2   0.0     3   136   304   445   302   451 0.75 -
9018:8533-10704      -            724 10800at4891          -            413     4e-13   46.0   0.2   2   3      0.26       6.3    2.6   0.0   136   192   477   530   466   554 0.78 -
9018:8533-10704      -            724 10800at4891          -            413     4e-13   46.0   0.2   3   3    0.0043       0.1    8.5   0.0   227   254   687   714   684   722 0.92 -
9502:2145-3251       -            369 10800at4891          -            413   8.3e-12   41.7   0.0   1   1   6.9e-13   1.7e-11   40.7   0.0   101   188   136   236   122   256 0.76 -
9316:2356-5388       -           1011 10800at4891          -            413   8.7e-12   41.6   0.0   1   2   2.8e-08   6.7e-07   25.5   0.0    57   168   623   759   577   777 0.70 -
9316:2356-5388       -           1011 10800at4891          -            413   8.7e-12   41.6   0.0   2   2   0.00012     0.003   13.5   0.0   178   274   799   902   792   913 0.77 -
8194:3006-3602       -            199 10800at4891          -            413   7.5e-11   38.6   0.0   1   1   3.9e-12   9.3e-11   38.2   0.0    76   249     3   191     1   197 0.77 -
9500:730-1611        -            294 10800at4891          -            413   1.7e-10   37.4   0.0   1   1   1.1e-11   2.8e-10   36.7   0.0     6   248    15   285    10   291 0.68 -
9572:16580-17233     -            218 10800at4891          -            413   3.1e-10   36.5   0.5   1   1   1.5e-11   3.7e-10   36.3   0.5    11   189     2   195     1   209 0.71 -
9390:2655-7010       -           1452 10800at4891          -            413   3.8e-09   32.9   0.3   1   1   1.6e-10   3.8e-09   32.9   0.3    53   248    77   293    49   311 0.81 -
8796:1455-1940       -            162 10800at4891          -            413   4.8e-09   32.6   0.6   1   1   2.7e-10   6.4e-09   32.2   0.6     3   131    17   162    16   162 0.76 -
8766:2416-3300       -            295 10800at4891          -            413   1.7e-08   30.8   0.0   1   1   1.6e-09   3.8e-08   29.6   0.0   120   245   151   293   144   295 0.73 -
7548:67-747          -            227 10800at4891          -            413   1.1e-07   28.1   0.0   1   1   8.1e-09     2e-07   27.3   0.0     3   152     2   154     1   175 0.71 -
9250:1334-1957       -            208 10800at4891          -            413   6.2e-07   25.7   0.0   1   1   3.5e-08   8.3e-07   25.2   0.0     4   150     1   152     1   159 0.75 -
9574:11971-12594     -            208 10800at4891          -            413   2.1e-06   23.9   0.0   1   1   1.2e-07     3e-06   23.4   0.0     4   150     1   152     1   160 0.74 -
8796:234-743         -            170 10800at4891          -            413    0.0022   14.0   0.0   1   2   0.00043      0.01   11.8   0.0   134   200     4    67     1   106 0.82 -
8796:234-743         -            170 10800at4891          -            413    0.0022   14.0   0.0   2   2       1.2        29    0.4   0.0   215   253   130   168   113   170 0.84 -
8836:7701-8510       -            270 10800at4891          -            413    0.0025   13.8   0.0   1   1   0.00016    0.0039   13.2   0.0    94   134   108   148    82   169 0.79 -
#
# Program:         hmmsearch
# Version:         3.1b2 (February 2015)
# Pipeline mode:   SEARCH
# Query file:      /home/jj/Desktop/Bioinformatics/3rd_year/1term/Computational_genomics/Seminars/exercise_04/busco_downloads/lineages/saccharomycetes_odb10/hmms/10800at4891.hmm
# Target file:     /home/jj/Desktop/Bioinformatics/3rd_year/1term/Computational_genomics/Seminars/exercise_04/./busco/SRR6130428/SRR6130428_k63_contigs/run_saccharomycetes_odb10/metaeuk_output/initial_results/SRR6130428_k63_graph.contig.fa.modified.fas
# Option settings: hmmsearch --domtblout /home/jj/Desktop/Bioinformatics/3rd_year/1term/Computational_genomics/Seminars/exercise_04/./busco/SRR6130428/SRR6130428_k63_contigs/run_saccharomycetes_odb10/hmmer_output/initial_run_results/10800at4891.out --cpu 1 /home/jj/Desktop/Bioinformatics/3rd_year/1term/Computational_genomics/Seminars/exercise_04/busco_downloads/lineages/saccharomycetes_odb10/hmms/10800at4891.hmm /home/jj/Desktop/Bioinformatics/3rd_year/1term/Computational_genomics/Seminars/exercise_04/./busco/SRR6130428/SRR6130428_k63_contigs/run_saccharomycetes_odb10/metaeuk_output/initial_results/SRR6130428_k63_graph.contig.fa.modified.fas 
# Current dir:     /home/jj/Desktop/Bioinformatics/3rd_year/1term/Computational_genomics/Seminars/exercise_04
# Date:            Tue Nov  5 18:37:07 2024
# [ok]
