#                                                                            --- full sequence --- -------------- this domain -------------   hmm coord   ali coord   env coord
# target name        accession   tlen query name           accession   qlen   E-value  score  bias   #  of  c-Evalue  i-Evalue  score  bias  from    to  from    to  from    to  acc description of target
#------------------- ---------- ----- -------------------- ---------- ----- --------- ------ ----- --- --- --------- --------- ------ ----- ----- ----- ----- ----- ----- ----- ---- ---------------------
9680:12897-14111     -            405 10849at4891          -            320  5.5e-174  575.0   0.7   1   2      0.62   3.3e+02   -2.7   0.1     2    27    22    47    21    52 0.78 -
9680:12897-14111     -            405 10849at4891          -            320  5.5e-174  575.0   0.7   2   2    1e-176  5.5e-174  575.0   0.7    17   320    82   404    77   404 0.96 -
9618:12540-13673     -            378 10849at4891          -            320   4.3e-33  112.0   4.8   1   1   8.1e-35   4.3e-32  108.7   4.8    23   320    42   378    25   378 0.75 -
8494:400-1680        -            427 10849at4891          -            320     3e-28   96.1  13.0   1   2   8.4e-12   4.5e-09   33.1   0.3    16    80    29    88    17   126 0.70 -
8494:400-1680        -            427 10849at4891          -            320     3e-28   96.1  13.0   2   2   1.3e-20   6.9e-18   62.0   8.3    58   320   126   427   104   427 0.75 -
8526:4317-5420       -            368 10849at4891          -            320   6.4e-20   68.7   5.3   1   3     1e-08   5.6e-06   22.9   0.1    23    55    15    47     5    72 0.72 -
8526:4317-5420       -            368 10849at4891          -            320   6.4e-20   68.7   5.3   2   3   2.3e-07   0.00012   18.5   0.4    58   179    73   203    57   218 0.70 -
8526:4317-5420       -            368 10849at4891          -            320   6.4e-20   68.7   5.3   3   3   1.5e-10   8.1e-08   28.9   0.1   206   320   255   368   246   368 0.82 -
9702:37840-38709     -            290 10849at4891          -            320   3.9e-11   39.8   8.2   1   2   6.2e-06    0.0033   13.8   1.8    62   119     1    59     1   169 0.73 -
9702:37840-38709     -            290 10849at4891          -            320   3.9e-11   39.8   8.2   2   2   6.3e-11   3.4e-08   30.2   0.5   208   320   183   290   173   290 0.80 -
#
# Program:         hmmsearch
# Version:         3.1b2 (February 2015)
# Pipeline mode:   SEARCH
# Query file:      /home/jj/Desktop/Bioinformatics/3rd_year/1term/Computational_genomics/Seminars/exercise_04/busco_downloads/lineages/saccharomycetes_odb10/hmms/10849at4891.hmm
# Target file:     /home/jj/Desktop/Bioinformatics/3rd_year/1term/Computational_genomics/Seminars/exercise_04/./busco/SRR6130428/SRR6130428_k63_contigs/run_saccharomycetes_odb10/metaeuk_output/initial_results/SRR6130428_k63_graph.contig.fa.modified.fas
# Option settings: hmmsearch --domtblout /home/jj/Desktop/Bioinformatics/3rd_year/1term/Computational_genomics/Seminars/exercise_04/./busco/SRR6130428/SRR6130428_k63_contigs/run_saccharomycetes_odb10/hmmer_output/initial_run_results/10849at4891.out --cpu 1 /home/jj/Desktop/Bioinformatics/3rd_year/1term/Computational_genomics/Seminars/exercise_04/busco_downloads/lineages/saccharomycetes_odb10/hmms/10849at4891.hmm /home/jj/Desktop/Bioinformatics/3rd_year/1term/Computational_genomics/Seminars/exercise_04/./busco/SRR6130428/SRR6130428_k63_contigs/run_saccharomycetes_odb10/metaeuk_output/initial_results/SRR6130428_k63_graph.contig.fa.modified.fas 
# Current dir:     /home/jj/Desktop/Bioinformatics/3rd_year/1term/Computational_genomics/Seminars/exercise_04
# Date:            Tue Nov  5 18:37:07 2024
# [ok]
