#                                                                            --- full sequence --- -------------- this domain -------------   hmm coord   ali coord   env coord
# target name        accession   tlen query name           accession   qlen   E-value  score  bias   #  of  c-Evalue  i-Evalue  score  bias  from    to  from    to  from    to  acc description of target
#------------------- ---------- ----- -------------------- ---------- ----- --------- ------ ----- --- --- --------- --------- ------ ----- ----- ----- ----- ----- ----- ----- ---- ---------------------
9650:11956-15135     -           1060 1088at4891           -            840         0 1209.0  10.1   1   2   5.9e-21   5.9e-19   64.7   6.3     2   113    24   153    23   242 0.76 -
9650:11956-15135     -           1060 1088at4891           -            840         0 1209.0  10.1   2   2         0         0 1144.6   0.4   125   839   259  1060   194  1060 0.88 -
9640:15160-16239     -            360 1088at4891           -            840   8.8e-23   77.4   0.1   1   2   2.3e-20   2.2e-18   62.8   0.1   165   309    15   171     4   181 0.82 -
9640:15160-16239     -            360 1088at4891           -            840   8.8e-23   77.4   0.1   2   2   3.1e-05    0.0031   12.7   0.0   383   451   284   360   262   360 0.74 -
9410:9342-10319      -            326 1088at4891           -            840   4.5e-17   58.5   0.0   1   1     2e-18   1.9e-16   56.4   0.0   163   459     3   319     1   323 0.73 -
7278:2-1102          -            367 1088at4891           -            840   1.3e-14   50.4   0.5   1   1   1.8e-16   1.8e-14   49.9   0.5   162   466    28   346    25   366 0.73 -
9560:4401-5513       -            371 1088at4891           -            840   4.4e-13   45.3   3.5   1   1   5.9e-15   5.9e-13   44.9   3.5   161   460    28   345    25   363 0.79 -
9514:10675-12261     -            529 1088at4891           -            840   5.6e-13   44.9   0.0   1   2   3.3e-10   3.3e-08   29.2   0.0   170   292    17   154     8   180 0.79 -
9514:10675-12261     -            529 1088at4891           -            840   5.6e-13   44.9   0.0   2   2   2.3e-05    0.0023   13.2   0.0   380   500   298   434   288   459 0.72 -
9726:22064-25924     -           1287 1088at4891           -            840     3e-11   39.2   0.2   1   2   2.5e-10   2.5e-08   29.6   0.1   129   315   304   486   219   500 0.78 -
9726:22064-25924     -           1287 1088at4891           -            840     3e-11   39.2   0.2   2   2    0.0011      0.11    7.6   0.0   388   520   695   840   681   862 0.64 -
8574:225-1685        -            487 1088at4891           -            840   3.6e-10   35.7   0.0   1   1   9.4e-12   9.3e-10   34.3   0.0   161   456    94   405    29   417 0.68 -
9568:558-1955        -            466 1088at4891           -            840   2.6e-09   32.8   1.0   1   1   4.6e-11   4.6e-09   32.0   0.9   171   459    66   365    53   386 0.63 -
9678:2313-3881       -            523 1088at4891           -            840   6.1e-09   31.6   2.6   1   2   0.00031      0.03    9.4   1.8   169   275   149   263    10   283 0.73 -
9678:2313-3881       -            523 1088at4891           -            840   6.1e-09   31.6   2.6   2   2   2.2e-07   2.2e-05   19.8   0.0   382   455   383   456   359   469 0.87 -
9198:4115-5575       -            487 1088at4891           -            840   6.6e-09   31.5   1.0   1   2   2.6e-08   2.6e-06   22.9   0.3   197   311    58   181    11   192 0.76 -
9198:4115-5575       -            487 1088at4891           -            840   6.6e-09   31.5   1.0   2   2    0.0019      0.19    6.8   0.0   390   470   310   403   295   418 0.73 -
9470:16576-18366     -            597 1088at4891           -            840   2.4e-08   29.6   1.5   1   2   4.1e-07   4.1e-05   18.9   0.4   171   276   229   343   179   362 0.84 -
9470:16576-18366     -            597 1088at4891           -            840   2.4e-08   29.6   1.5   2   2   0.00026     0.026    9.7   0.0   408   461   518   573   463   580 0.82 -
9104:201-3419        -           1073 1088at4891           -            840   2.1e-07   26.5   1.0   1   2   1.8e-08   1.8e-06   23.5   0.4    66   321    53   310    24   326 0.65 -
9104:201-3419        -           1073 1088at4891           -            840   2.1e-07   26.5   1.0   2   2      0.15        15    0.5   0.0   404   461   491   556   483   567 0.67 -
9398:14767-16434     -            556 1088at4891           -            840   2.6e-07   26.2   0.0   1   2    0.0026      0.26    6.4   0.0   169   210   159   207   150   218 0.81 -
9398:14767-16434     -            556 1088at4891           -            840   2.6e-07   26.2   0.0   2   2   1.1e-06    0.0001   17.6   0.0   397   459   411   473   404   530 0.87 -
9728:8092-9537       -            482 1088at4891           -            840   3.4e-07   25.8   0.2   1   1   4.6e-09   4.6e-07   25.4   0.2   170   460   132   438   119   456 0.77 -
9604:17339-18991     -            551 1088at4891           -            840   2.4e-06   23.0   4.0   1   3     0.014       1.3    4.0   0.2   169   218    57   115    44   181 0.66 -
9604:17339-18991     -            551 1088at4891           -            840   2.4e-06   23.0   4.0   2   3      0.14        14    0.7   1.1    53   145   173   269   134   282 0.58 -
9604:17339-18991     -            551 1088at4891           -            840   2.4e-06   23.0   4.0   3   3   8.7e-07   8.6e-05   17.9   0.0   356   465   285   396   271   429 0.90 -
9050:7326-9089       -            588 1088at4891           -            840   3.8e-05   19.1   0.0   1   2      0.29        29   -0.4   0.0   176   195   221   240   214   290 0.67 -
9050:7326-9089       -            588 1088at4891           -            840   3.8e-05   19.1   0.0   2   2     2e-06    0.0002   16.7   0.0   359   460   439   539   394   561 0.80 -
9106:7077-8840       -            588 1088at4891           -            840   4.8e-05   18.7   0.2   1   2   2.9e-06   0.00029   16.1   0.1   159   316    39   218    27   226 0.70 -
9106:7077-8840       -            588 1088at4891           -            840   4.8e-05   18.7   0.2   2   2      0.28        28   -0.4   0.0   421   459   380   418   377   436 0.86 -
9288:11014-13998     -            995 1088at4891           -            840   7.8e-05   18.0   0.0   1   2     0.002      0.19    6.8   0.0   170   311   175   326    61   335 0.85 -
9288:11014-13998     -            995 1088at4891           -            840   7.8e-05   18.0   0.0   2   2   0.00049     0.049    8.8   0.0   359   459   435   533   411   548 0.82 -
8934:2131-4440       -            770 1088at4891           -            840     8e-05   18.0   0.1   1   2     8e-07     8e-05   18.0   0.1   166   461    75   398     6   410 0.75 -
8934:2131-4440       -            770 1088at4891           -            840     8e-05   18.0   0.1   2   2       3.9   3.9e+02   -4.1   0.5    93   122   643   672   616   692 0.45 -
9570:2503-4722       -            740 1088at4891           -            840   0.00031   16.1   0.0   1   2   1.5e-05    0.0014   13.8   0.1   169   276   182   307   155   404 0.73 -
9570:2503-4722       -            740 1088at4891           -            840   0.00031   16.1   0.0   2   2      0.54        53   -1.3   0.0   412   467   515   572   504   596 0.79 -
9692:867-3095        -            743 1088at4891           -            840   0.00051   15.3   0.2   1   1   3.8e-05    0.0038   12.4   0.1   165   472   258   587   251   606 0.72 -
9118:1587-3833       -            749 1088at4891           -            840   0.00076   14.7   0.6   1   2   0.00026     0.026    9.7   0.1   169   220   188   248   174   255 0.72 -
9118:1587-3833       -            749 1088at4891           -            840   0.00076   14.7   0.6   2   2     0.039       3.8    2.5   0.0   412   465   513   566   506   596 0.84 -
9196:12113-13627     -            505 1088at4891           -            840    0.0016   13.7   0.0   1   2   4.3e-05    0.0043   12.3   0.0   131   275    38   197     8   214 0.73 -
9196:12113-13627     -            505 1088at4891           -            840    0.0016   13.7   0.0   2   2      0.83        82   -1.9   0.0   411   459   342   393   316   416 0.76 -
8224:1308-3125       -            606 1088at4891           -            840    0.0033   12.6   0.0   1   2     0.054       5.4    2.0   0.0   169   196    44    71    31    98 0.87 -
8224:1308-3125       -            606 1088at4891           -            840    0.0033   12.6   0.0   2   2   3.3e-05    0.0033   12.6   0.0   380   456   291   368   280   401 0.79 -
9140:2896-4233       -            446 1088at4891           -            840    0.0054   11.9   0.2   1   1   6.8e-05    0.0068   11.6   0.2   390   464   337   412    89   429 0.63 -
8198:2644-4164       -            507 1088at4891           -            840     0.011   11.0   0.0   1   1   0.00017     0.017   10.3   0.0   361   458   362   457   180   468 0.78 -
#
# Program:         hmmsearch
# Version:         3.1b2 (February 2015)
# Pipeline mode:   SEARCH
# Query file:      /home/jj/Desktop/Bioinformatics/3rd_year/1term/Computational_genomics/Seminars/exercise_04/busco_downloads/lineages/saccharomycetes_odb10/hmms/1088at4891.hmm
# Target file:     /home/jj/Desktop/Bioinformatics/3rd_year/1term/Computational_genomics/Seminars/exercise_04/./busco/SRR6130428/SRR6130428_k63_contigs/run_saccharomycetes_odb10/metaeuk_output/initial_results/SRR6130428_k63_graph.contig.fa.modified.fas
# Option settings: hmmsearch --domtblout /home/jj/Desktop/Bioinformatics/3rd_year/1term/Computational_genomics/Seminars/exercise_04/./busco/SRR6130428/SRR6130428_k63_contigs/run_saccharomycetes_odb10/hmmer_output/initial_run_results/1088at4891.out --cpu 1 /home/jj/Desktop/Bioinformatics/3rd_year/1term/Computational_genomics/Seminars/exercise_04/busco_downloads/lineages/saccharomycetes_odb10/hmms/1088at4891.hmm /home/jj/Desktop/Bioinformatics/3rd_year/1term/Computational_genomics/Seminars/exercise_04/./busco/SRR6130428/SRR6130428_k63_contigs/run_saccharomycetes_odb10/metaeuk_output/initial_results/SRR6130428_k63_graph.contig.fa.modified.fas 
# Current dir:     /home/jj/Desktop/Bioinformatics/3rd_year/1term/Computational_genomics/Seminars/exercise_04
# Date:            Tue Nov  5 18:37:08 2024
# [ok]
