#                                                                            --- full sequence --- -------------- this domain -------------   hmm coord   ali coord   env coord
# target name        accession   tlen query name           accession   qlen   E-value  score  bias   #  of  c-Evalue  i-Evalue  score  bias  from    to  from    to  from    to  acc description of target
#------------------- ---------- ----- -------------------- ---------- ----- --------- ------ ----- --- --- --------- --------- ------ ----- ----- ----- ----- ----- ----- ----- ---- ---------------------
9568:558-1955        -            466 11161at4891          -            363  3.3e-213  705.0   0.4   1   1  4.3e-215  4.3e-213  704.6   0.4     1   359     3   401     3   410 0.95 -
7278:2-1102          -            367 11161at4891          -            363   2.6e-84  280.9   0.3   1   1   3.1e-86     3e-84  280.7   0.3    26   350     1   366     1   367 0.86 -
9560:4401-5513       -            371 11161at4891          -            363   1.3e-80  268.7   1.5   1   1   1.6e-82   1.6e-80  268.4   1.5    26   350     2   371     1   371 0.85 -
9140:2896-4233       -            446 11161at4891          -            363   2.1e-61  205.5   0.1   1   1   2.9e-63   2.9e-61  205.0   0.1    22   357    59   443    46   445 0.82 -
9728:8092-9537       -            482 11161at4891          -            363   1.9e-58  195.8   0.1   1   1   2.7e-60   2.7e-58  195.3   0.1    23   350    90   466    70   478 0.81 -
9692:867-3095        -            743 11161at4891          -            363   1.1e-46  157.1   0.0   1   1   1.8e-48   1.7e-46  156.4   0.0    17   327   217   578   206   597 0.74 -
8574:225-1685        -            487 11161at4891          -            363   9.4e-45  150.7   0.1   1   1   1.5e-46   1.5e-44  150.1   0.1    15   346    54   431    41   443 0.78 -
8934:2131-4440       -            770 11161at4891          -            363   4.6e-44  148.4   0.2   1   1   1.1e-45   1.1e-43  147.3   0.2    13   332    29   403    18   426 0.78 -
9398:14767-16434     -            556 11161at4891          -            363   7.7e-44  147.7   0.3   1   1   1.4e-45   1.4e-43  146.8   0.3    28   339   125   489   117   509 0.77 -
8198:2644-4164       -            507 11161at4891          -            363   1.1e-43  147.2   0.0   1   2     1e-10   9.9e-09   32.2   0.0    27    85   102   160    89   163 0.90 -
8198:2644-4164       -            507 11161at4891          -            363   1.1e-43  147.2   0.0   2   2   3.1e-35   3.1e-33  112.8   0.0    87   356   185   491   176   497 0.77 -
9288:11014-13998     -            995 11161at4891          -            363   2.1e-43  146.3   0.1   1   2   3.9e-29   3.9e-27   92.8   0.1    17   185   127   331   118   340 0.76 -
9288:11014-13998     -            995 11161at4891          -            363   2.1e-43  146.3   0.1   2   2   1.6e-16   1.6e-14   51.2   0.0   226   349   434   559   413   569 0.86 -
9684:21606-22841     -            412 11161at4891          -            363   1.5e-41  140.2   0.0   1   2   5.3e-11   5.2e-09   33.1   0.0    35    84    18    68     9    71 0.88 -
9684:21606-22841     -            412 11161at4891          -            363   1.5e-41  140.2   0.0   2   2   7.4e-33   7.3e-31  105.0   0.0    87   348    94   392    81   402 0.76 -
9196:12113-13627     -            505 11161at4891          -            363   5.7e-41  138.3   0.0   1   1   9.2e-43   9.1e-41  137.6   0.0    20   315    37   382    20   397 0.77 -
9718:45233-46525     -            431 11161at4891          -            363   7.4e-41  137.9   0.0   1   1   1.7e-42   1.7e-40  136.7   0.0    26   349     4   382     1   398 0.80 -
9678:2313-3881       -            523 11161at4891          -            363   4.1e-40  135.5   0.0   1   1   5.9e-42   5.8e-40  135.0   0.0    43   333   130   470   103   491 0.73 -
9130:94-2607         -            838 11161at4891          -            363   2.7e-34  116.3   0.8   1   2   6.1e-22   6.1e-20   69.1   0.2    37   184   256   446   241   472 0.72 -
9130:94-2607         -            838 11161at4891          -            363   2.7e-34  116.3   0.8   2   2   1.1e-14   1.1e-12   45.2   0.0   226   348   516   641   510   655 0.90 -
8224:1308-3125       -            606 11161at4891          -            363     6e-34  115.2   0.6   1   1   2.4e-35   2.4e-33  113.2   0.6    42   347    24   395    10   411 0.74 -
9050:7326-9089       -            588 11161at4891          -            363   1.4e-31  107.4   1.1   1   1   1.1e-32   1.1e-30  104.4   1.1    25   334   172   549   141   580 0.71 -
9106:7077-8840       -            588 11161at4891          -            363   4.3e-30  102.5   9.2   1   2   3.9e-20   3.9e-18   63.1   8.6    24   280    10   325     3   330 0.68 -
9106:7077-8840       -            588 11161at4891          -            363   4.3e-30  102.5   9.2   2   2     6e-12   5.9e-10   36.2   0.0   282   326   377   421   364   433 0.93 -
9604:17339-18991     -            551 11161at4891          -            363   2.4e-27   93.5   2.6   1   1   2.9e-28   2.8e-26   89.9   2.6    25   331    18   397     3   417 0.72 -
9118:1587-3833       -            749 11161at4891          -            363   2.8e-24   83.4   1.9   1   2   2.5e-14   2.5e-12   44.1   0.3    17   159   142   322   131   415 0.74 -
9118:1587-3833       -            749 11161at4891          -            363   2.8e-24   83.4   1.9   2   2   4.3e-12   4.3e-10   36.7   0.1   226   341   445   579   431   590 0.78 -
7462:127-1389        -            421 11161at4891          -            363   1.5e-23   81.0   0.0   1   1   2.2e-25   2.2e-23   80.4   0.0    27   286   112   421    95   421 0.74 -
9570:2503-4722       -            740 11161at4891          -            363   5.9e-21   72.4   0.0   1   2   6.7e-14   6.7e-12   42.6   0.0    24   179   140   322   121   339 0.69 -
9570:2503-4722       -            740 11161at4891          -            363   5.9e-21   72.4   0.0   2   2   3.4e-09   3.4e-07   27.2   0.0   267   322   506   561   481   574 0.86 -
9470:16576-18366     -            597 11161at4891          -            363   1.7e-19   67.6   5.5   1   2   1.3e-08   1.3e-06   25.2   1.4    64   162   229   353   222   425 0.63 -
9470:16576-18366     -            597 11161at4891          -            363   1.7e-19   67.6   5.5   2   2   2.3e-14   2.3e-12   44.2   0.1   230   328   471   574   430   596 0.68 -
9428:2704-4236       -            511 11161at4891          -            363   9.7e-15   52.0   3.2   1   3     0.067       6.6    3.2   0.1    48    85    87   130    82   151 0.71 -
9428:2704-4236       -            511 11161at4891          -            363   9.7e-15   52.0   3.2   2   3   3.8e-07   3.8e-05   20.4   0.2    85   159   151   231   144   290 0.63 -
9428:2704-4236       -            511 11161at4891          -            363   9.7e-15   52.0   3.2   3   3   1.2e-08   1.1e-06   25.4   0.0   273   320   436   483   430   496 0.89 -
9410:9342-10319      -            326 11161at4891          -            363     1e-11   42.0   0.5   1   2      0.55        54    0.2   0.0    53   110     2    63     1    85 0.68 -
9410:9342-10319      -            326 11161at4891          -            363     1e-11   42.0   0.5   2   2   4.2e-13   4.1e-11   40.0   0.1   173   330   161   326   154   326 0.82 -
9650:11956-15135     -           1060 11161at4891          -            363    0.0005   16.7   0.1   1   1     1e-05     0.001   15.7   0.1   226   320   531   636   514   654 0.77 -
#
# Program:         hmmsearch
# Version:         3.1b2 (February 2015)
# Pipeline mode:   SEARCH
# Query file:      /home/jj/Desktop/Bioinformatics/3rd_year/1term/Computational_genomics/Seminars/exercise_04/busco_downloads/lineages/saccharomycetes_odb10/hmms/11161at4891.hmm
# Target file:     /home/jj/Desktop/Bioinformatics/3rd_year/1term/Computational_genomics/Seminars/exercise_04/./busco/SRR6130428/SRR6130428_k63_contigs/run_saccharomycetes_odb10/metaeuk_output/initial_results/SRR6130428_k63_graph.contig.fa.modified.fas
# Option settings: hmmsearch --domtblout /home/jj/Desktop/Bioinformatics/3rd_year/1term/Computational_genomics/Seminars/exercise_04/./busco/SRR6130428/SRR6130428_k63_contigs/run_saccharomycetes_odb10/hmmer_output/initial_run_results/11161at4891.out --cpu 1 /home/jj/Desktop/Bioinformatics/3rd_year/1term/Computational_genomics/Seminars/exercise_04/busco_downloads/lineages/saccharomycetes_odb10/hmms/11161at4891.hmm /home/jj/Desktop/Bioinformatics/3rd_year/1term/Computational_genomics/Seminars/exercise_04/./busco/SRR6130428/SRR6130428_k63_contigs/run_saccharomycetes_odb10/metaeuk_output/initial_results/SRR6130428_k63_graph.contig.fa.modified.fas 
# Current dir:     /home/jj/Desktop/Bioinformatics/3rd_year/1term/Computational_genomics/Seminars/exercise_04
# Date:            Tue Nov  5 18:37:09 2024
# [ok]
