#                                                                            --- full sequence --- -------------- this domain -------------   hmm coord   ali coord   env coord
# target name        accession   tlen query name           accession   qlen   E-value  score  bias   #  of  c-Evalue  i-Evalue  score  bias  from    to  from    to  from    to  acc description of target
#------------------- ---------- ----- -------------------- ---------- ----- --------- ------ ----- --- --- --------- --------- ------ ----- ----- ----- ----- ----- ----- ----- ---- ---------------------
9728:8092-9537       -            482 11266at4891          -            371  4.7e-203  671.3   1.3   1   1  6.2e-205  5.7e-203  671.0   1.3     1   371    64   481    64   481 0.94 -
7278:2-1102          -            367 11266at4891          -            371   4.6e-83  276.4   0.4   1   1   5.8e-85   5.4e-83  276.2   0.4    31   346     2   349     1   367 0.89 -
9560:4401-5513       -            371 11266at4891          -            371   1.1e-80  268.6   5.7   1   1   2.1e-82     2e-80  267.8   5.7    30   350     2   358     1   365 0.87 -
9568:558-1955        -            466 11266at4891          -            371   6.2e-67  223.4   0.1   1   1     1e-68   9.4e-67  222.8   0.1    29   342    27   371     9   396 0.86 -
8574:225-1685        -            487 11266at4891          -            371   3.2e-54  181.5   0.1   1   1   5.1e-56   4.7e-54  181.0   0.1    25   347    63   419    44   441 0.84 -
9140:2896-4233       -            446 11266at4891          -            371   2.3e-49  165.6   0.6   1   1   8.1e-51   7.5e-49  163.8   0.6    30   345    63   416    48   429 0.82 -
9718:45233-46525     -            431 11266at4891          -            371   2.3e-47  158.9   0.3   1   1   6.4e-49   5.9e-47  157.6   0.3    30   362     4   384     1   395 0.78 -
8198:2644-4164       -            507 11266at4891          -            371   6.3e-46  154.2   0.0   1   2   2.5e-05    0.0023   14.2   0.0    35    92   106   161    94   165 0.86 -
8198:2644-4164       -            507 11266at4891          -            371   6.3e-46  154.2   0.0   2   2   7.5e-43   6.9e-41  137.6   0.0    96   350   186   472   180   491 0.81 -
9692:867-3095        -            743 11266at4891          -            371   3.9e-45  151.6   0.3   1   1   7.1e-47   6.5e-45  150.9   0.3    29   343   225   581   214   600 0.81 -
9684:21606-22841     -            412 11266at4891          -            371   4.2e-45  151.5   0.3   1   2   0.00012     0.011   11.9   0.0    36    90    16    68     7    75 0.84 -
9684:21606-22841     -            412 11266at4891          -            371   4.2e-45  151.5   0.3   2   2     1e-42   9.6e-41  137.2   0.1    95   349    94   380    83   398 0.81 -
9398:14767-16434     -            556 11266at4891          -            371   2.7e-43  145.5   0.7   1   1   6.7e-44   6.2e-42  141.1   0.7    30   348   119   485   111   507 0.78 -
9678:2313-3881       -            523 11266at4891          -            371   3.4e-43  145.2   0.1   1   1   5.7e-45   5.3e-43  144.6   0.1    30   346   115   470    99   485 0.75 -
9288:11014-13998     -            995 11266at4891          -            371   6.1e-41  137.8   0.4   1   2     6e-23   5.5e-21   72.1   0.2    30   283   138   414   129   429 0.79 -
9288:11014-13998     -            995 11266at4891          -            371   6.1e-41  137.8   0.4   2   2   3.2e-20     3e-18   63.1   0.0   243   352   435   549   428   566 0.91 -
8934:2131-4440       -            770 11266at4891          -            371   8.8e-39  130.7   0.3   1   1   1.5e-40   1.4e-38  130.0   0.3    25   362    37   421    18   430 0.75 -
9050:7326-9089       -            588 11266at4891          -            371   1.9e-38  129.6   3.2   1   1   4.7e-39   4.4e-37  125.1   3.2    29   348   172   550   168   573 0.72 -
9106:7077-8840       -            588 11266at4891          -            371   2.2e-37  126.1   7.3   1   2   5.4e-25   4.9e-23   78.9   6.6    29   294    11   325     6   328 0.76 -
9106:7077-8840       -            588 11266at4891          -            371   2.2e-37  126.1   7.3   2   2   1.2e-14   1.1e-12   44.8   0.0   296   368   377   451   338   454 0.81 -
9196:12113-13627     -            505 11266at4891          -            371   2.4e-35  119.4   0.0   1   1   4.4e-37     4e-35  118.7   0.0    27   361    40   416    23   426 0.79 -
9130:94-2607         -            838 11266at4891          -            371   9.4e-34  114.2   0.5   1   2   6.3e-20   5.9e-18   62.2   0.1    28   228   243   478   218   496 0.73 -
9130:94-2607         -            838 11266at4891          -            371   9.4e-34  114.2   0.5   2   2   4.8e-16   4.4e-14   49.4   0.0   242   345   516   625   512   640 0.82 -
8224:1308-3125       -            606 11266at4891          -            371   2.6e-31  106.1   0.3   1   1   5.2e-32   4.8e-30  102.0   0.3    37   358    15   394     3   406 0.72 -
7462:127-1389        -            421 11266at4891          -            371   5.5e-29   98.5   0.0   1   1   9.6e-31   8.9e-29   97.8   0.0    28   300   109   421   104   421 0.79 -
9604:17339-18991     -            551 11266at4891          -            371   4.5e-28   95.5   2.1   1   1     3e-29   2.7e-27   92.9   2.2    23   350    11   403     1   418 0.68 -
9118:1587-3833       -            749 11266at4891          -            371   1.7e-21   73.9   9.3   1   3       1.9   1.8e+02   -1.9   0.3   336   364    41    69    37    70 0.91 -
9118:1587-3833       -            749 11266at4891          -            371   1.7e-21   73.9   9.3   2   3   6.5e-12   6.1e-10   35.8   0.5    16   175   138   332   128   401 0.71 -
9118:1587-3833       -            749 11266at4891          -            371   1.7e-21   73.9   9.3   3   3   1.8e-13   1.7e-11   41.0   0.1   287   342   510   566   410   573 0.88 -
9570:2503-4722       -            740 11266at4891          -            371   1.7e-21   73.8   0.0   1   2   2.1e-13     2e-11   40.7   0.1    22   192   135   340   114   362 0.70 -
9570:2503-4722       -            740 11266at4891          -            371   1.7e-21   73.8   0.0   2   2   3.5e-10   3.2e-08   30.1   0.0   281   349   506   576   460   581 0.82 -
9428:2704-4236       -            511 11266at4891          -            371   2.5e-17   60.1   1.5   1   3       1.6   1.5e+02   -1.7   0.0    91   152    48   109    43   130 0.55 -
9428:2704-4236       -            511 11266at4891          -            371   2.5e-17   60.1   1.5   2   3   6.3e-09   5.8e-07   26.0   0.0    95   203   153   286   145   295 0.72 -
9428:2704-4236       -            511 11266at4891          -            371   2.5e-17   60.1   1.5   3   3     1e-10   9.2e-09   31.9   0.0   288   347   437   496   428   507 0.83 -
9470:16576-18366     -            597 11266at4891          -            371   5.4e-16   55.7   5.6   1   1   2.7e-16   2.5e-14   50.3   5.6    72   350   231   584   182   596 0.65 -
9410:9342-10319      -            326 11266at4891          -            371   1.2e-06   24.9   0.0   1   1   1.9e-08   1.7e-06   24.4   0.0   241   338   219   321   162   325 0.83 -
9514:10675-12261     -            529 11266at4891          -            371    0.0018   14.5   0.0   1   2       4.6   4.2e+02   -3.2   0.0    69    91    17    39    13    43 0.84 -
9514:10675-12261     -            529 11266at4891          -            371    0.0018   14.5   0.0   2   2   5.4e-05     0.005   13.1   0.0   249   368   285   421   267   423 0.75 -
9640:15160-16239     -            360 11266at4891          -            371    0.0024   14.1   0.0   1   2   0.00052     0.048    9.8   0.0    51    95     3    46     1   177 0.77 -
9640:15160-16239     -            360 11266at4891          -            371    0.0024   14.1   0.0   2   2      0.11        11    2.1   0.0   274   309   297   332   261   360 0.76 -
9650:11956-15135     -           1060 11266at4891          -            371    0.0063   12.7   0.0   1   1   0.00013     0.012   11.8   0.0   272   336   574   639   534   654 0.82 -
#
# Program:         hmmsearch
# Version:         3.1b2 (February 2015)
# Pipeline mode:   SEARCH
# Query file:      /home/jj/Desktop/Bioinformatics/3rd_year/1term/Computational_genomics/Seminars/exercise_04/busco_downloads/lineages/saccharomycetes_odb10/hmms/11266at4891.hmm
# Target file:     /home/jj/Desktop/Bioinformatics/3rd_year/1term/Computational_genomics/Seminars/exercise_04/./busco/SRR6130428/SRR6130428_k63_contigs/run_saccharomycetes_odb10/metaeuk_output/initial_results/SRR6130428_k63_graph.contig.fa.modified.fas
# Option settings: hmmsearch --domtblout /home/jj/Desktop/Bioinformatics/3rd_year/1term/Computational_genomics/Seminars/exercise_04/./busco/SRR6130428/SRR6130428_k63_contigs/run_saccharomycetes_odb10/hmmer_output/initial_run_results/11266at4891.out --cpu 1 /home/jj/Desktop/Bioinformatics/3rd_year/1term/Computational_genomics/Seminars/exercise_04/busco_downloads/lineages/saccharomycetes_odb10/hmms/11266at4891.hmm /home/jj/Desktop/Bioinformatics/3rd_year/1term/Computational_genomics/Seminars/exercise_04/./busco/SRR6130428/SRR6130428_k63_contigs/run_saccharomycetes_odb10/metaeuk_output/initial_results/SRR6130428_k63_graph.contig.fa.modified.fas 
# Current dir:     /home/jj/Desktop/Bioinformatics/3rd_year/1term/Computational_genomics/Seminars/exercise_04
# Date:            Tue Nov  5 18:37:10 2024
# [ok]
