#                                                                            --- full sequence --- -------------- this domain -------------   hmm coord   ali coord   env coord
# target name        accession   tlen query name           accession   qlen   E-value  score  bias   #  of  c-Evalue  i-Evalue  score  bias  from    to  from    to  from    to  acc description of target
#------------------- ---------- ----- -------------------- ---------- ----- --------- ------ ----- --- --- --------- --------- ------ ----- ----- ----- ----- ----- ----- ----- ---- ---------------------
9660:17138-18448     -            437 11586at4891          -            343  1.1e-207  686.1   1.9   1   1  1.4e-209  1.3e-207  685.8   1.9     7   343    71   432    65   432 0.95 -
9700:3872-6376       -            835 11586at4891          -            343  2.3e-122  405.5   0.5   1   2   2.9e-65   2.8e-63  211.2   0.6    81   326   195   442   167   447 0.92 -
9700:3872-6376       -            835 11586at4891          -            343  2.3e-122  405.5   0.5   2   2   2.1e-59     2e-57  192.0   0.0    79   322   466   714   448   730 0.91 -
9452:13582-16065     -            828 11586at4891          -            343  1.4e-110  366.7   0.0   1   2   1.3e-56   1.2e-54  182.8   0.0    96   319   201   431   195   447 0.89 -
9452:13582-16065     -            828 11586at4891          -            343  1.4e-110  366.7   0.0   2   2   2.8e-56   2.7e-54  181.7   0.0    96   319   529   758   511   770 0.90 -
9726:26191-28521     -            777 11586at4891          -            343  2.3e-109  362.8   0.1   1   2   8.8e-53   8.4e-51  170.2   0.0    95   315   240   467   232   493 0.86 -
9726:26191-28521     -            777 11586at4891          -            343  2.3e-109  362.8   0.1   2   2   6.2e-59     6e-57  190.4   0.0    92   323   508   742   482   752 0.91 -
9666:11714-13114     -            467 11586at4891          -            343   5.6e-96  318.7   0.2   1   1   8.2e-98   7.8e-96  318.3   0.2    40   336   149   453   140   460 0.92 -
8622:4584-5795       -            404 11586at4891          -            343   4.7e-94  312.4   1.8   1   1     6e-96   5.7e-94  312.1   1.8    22   335    57   390    36   397 0.88 -
9088:3332-4615       -            428 11586at4891          -            343   7.7e-86  285.4   0.5   1   1   1.1e-87     1e-85  285.0   0.5    10   324    68   402    61   418 0.90 -
9278:249-1565        -            439 11586at4891          -            343   5.3e-85  282.7   0.3   1   1   7.2e-87   6.9e-85  282.3   0.3    42   337   120   429    82   434 0.88 -
9172:4263-5570       -            436 11586at4891          -            343   1.1e-83  278.3   0.1   1   1   1.7e-85   1.6e-83  277.8   0.1    57   337   140   425   115   431 0.92 -
9198:6736-10866      -           1377 11586at4891          -            343   1.1e-54  183.0   0.0   1   2   8.4e-56     8e-54  180.1   0.0    96   319   409   640   395   660 0.89 -
9198:6736-10866      -           1377 11586at4891          -            343   1.1e-54  183.0   0.0   2   2      0.81        77   -0.7   0.0   137   203   772   839   755   843 0.66 -
9460:15656-16984     -            443 11586at4891          -            343   1.8e-54  182.3   0.4   1   1   2.5e-56   2.4e-54  181.8   0.4    97   327     1   238     1   255 0.91 -
8672:233-1792        -            520 11586at4891          -            343   1.8e-52  175.7   0.1   1   1   2.8e-54   2.7e-52  175.1   0.1    95   327    69   313    60   330 0.88 -
8694:2670-4910       -            747 11586at4891          -            343   3.2e-50  168.3   0.1   1   1   5.2e-52     5e-50  167.6   0.1    93   326   274   508   265   518 0.92 -
7824:343-1428        -            362 11586at4891          -            343   4.4e-48  161.2   0.0   1   1   6.1e-50   5.9e-48  160.8   0.0    89   324    80   321    68   334 0.89 -
8626:2959-6072       -           1038 11586at4891          -            343   6.7e-46  154.1   0.0   1   2    0.0056      0.54    6.4   0.0   135   214   450   535   422   663 0.64 -
8626:2959-6072       -           1038 11586at4891          -            343   6.7e-46  154.1   0.0   2   2   3.2e-45     3e-43  145.3   0.0    93   283   685   872   675   921 0.86 -
7436:115-1425        -            437 11586at4891          -            343   2.4e-45  152.2   0.0   1   1   3.6e-47   3.4e-45  151.8   0.0    93   322   126   356   119   374 0.87 -
8906:738-3590        -            951 11586at4891          -            343   5.8e-45  151.0   0.0   1   2      0.19        18    1.4   0.0   193   283   462   552   391   573 0.76 -
8906:738-3590        -            951 11586at4891          -            343   5.8e-45  151.0   0.0   2   2     9e-46   8.6e-44  147.1   0.0    96   296   649   848   637   890 0.85 -
8480:3440-5710       -            757 11586at4891          -            343   2.2e-39  132.7   0.9   1   2   1.2e-38   1.1e-36  123.8   0.6   101   319   240   476   228   495 0.82 -
8480:3440-5710       -            757 11586at4891          -            343   2.2e-39  132.7   0.9   2   2    0.0047      0.45    6.7   0.0   136   166   559   591   527   642 0.69 -
9530:9826-10800      -            325 11586at4891          -            343   9.7e-39  130.5   0.0   1   1   1.3e-40   1.3e-38  130.1   0.0    84   323    27   278    11   293 0.82 -
7960:171-1106        -            312 11586at4891          -            343   3.2e-38  128.8   0.0   1   1   3.3e-39   3.1e-37  125.6   0.0    90   322    11   264     1   275 0.79 -
9596:14408-15766     -            453 11586at4891          -            343   4.7e-16   55.9   0.0   1   1   9.9e-18   9.5e-16   54.9   0.0   120   290   250   412   234   451 0.79 -
9542:14011-14553     -            181 11586at4891          -            343   4.7e-10   36.2   0.0   1   1   2.6e-10   2.5e-08   30.5   0.0   132   282     3   177     1   180 0.67 -
9488:17255-19456     -            734 11586at4891          -            343   7.6e-05   19.1   0.0   1   1   1.5e-06   0.00015   18.1   0.0   132   318   166   362   160   373 0.71 -
9216:2738-5320       -            861 11586at4891          -            343   0.00019   17.7   0.0   1   1   3.6e-06   0.00035   16.9   0.0   135   209   347   434   304   454 0.73 -
9318:2674-3339       -            222 11586at4891          -            343    0.0034   13.6   0.0   1   1   4.7e-05    0.0045   13.3   0.0   118   160    23    65     4   120 0.69 -
9368:11413-14397     -            995 11586at4891          -            343     0.005   13.1   0.1   1   1   0.00012     0.011   12.0   0.1   133   207   486   568   465   582 0.72 -
8636:1298-2713       -            472 11586at4891          -            343     0.014   11.6   0.0   1   1   0.00025     0.024   10.9   0.0   127   159    78   110    47   139 0.89 -
9646:14198-14803     -            202 11586at4891          -            343     0.019   11.2   0.0   1   1   0.00024     0.023   10.9   0.0   123   152    63    91    23   126 0.84 -
#
# Program:         hmmsearch
# Version:         3.1b2 (February 2015)
# Pipeline mode:   SEARCH
# Query file:      /home/jj/Desktop/Bioinformatics/3rd_year/1term/Computational_genomics/Seminars/exercise_04/busco_downloads/lineages/saccharomycetes_odb10/hmms/11586at4891.hmm
# Target file:     /home/jj/Desktop/Bioinformatics/3rd_year/1term/Computational_genomics/Seminars/exercise_04/./busco/SRR6130428/SRR6130428_k63_contigs/run_saccharomycetes_odb10/metaeuk_output/initial_results/SRR6130428_k63_graph.contig.fa.modified.fas
# Option settings: hmmsearch --domtblout /home/jj/Desktop/Bioinformatics/3rd_year/1term/Computational_genomics/Seminars/exercise_04/./busco/SRR6130428/SRR6130428_k63_contigs/run_saccharomycetes_odb10/hmmer_output/initial_run_results/11586at4891.out --cpu 1 /home/jj/Desktop/Bioinformatics/3rd_year/1term/Computational_genomics/Seminars/exercise_04/busco_downloads/lineages/saccharomycetes_odb10/hmms/11586at4891.hmm /home/jj/Desktop/Bioinformatics/3rd_year/1term/Computational_genomics/Seminars/exercise_04/./busco/SRR6130428/SRR6130428_k63_contigs/run_saccharomycetes_odb10/metaeuk_output/initial_results/SRR6130428_k63_graph.contig.fa.modified.fas 
# Current dir:     /home/jj/Desktop/Bioinformatics/3rd_year/1term/Computational_genomics/Seminars/exercise_04
# Date:            Tue Nov  5 18:37:11 2024
# [ok]
