#                                                                            --- full sequence --- -------------- this domain -------------   hmm coord   ali coord   env coord
# target name        accession   tlen query name           accession   qlen   E-value  score  bias   #  of  c-Evalue  i-Evalue  score  bias  from    to  from    to  from    to  acc description of target
#------------------- ---------- ----- -------------------- ---------- ----- --------- ------ ----- --- --- --------- --------- ------ ----- ----- ----- ----- ----- ----- ----- ---- ---------------------
9240:2070-4043       -            658 11940at4891          -            504  8.1e-208  688.2  42.0   1   4     1e-09   9.2e-07   25.0   0.0     1    29    13    42    13    49 0.88 -
9240:2070-4043       -            658 11940at4891          -            504  8.1e-208  688.2  42.0   2   4   1.3e-40   1.2e-37  126.9   0.2    28   128    61   176    51   180 0.86 -
9240:2070-4043       -            658 11940at4891          -            504  8.1e-208  688.2  42.0   3   4   7.2e-07   0.00064   15.6   0.2   121   144   208   235   193   240 0.85 -
9240:2070-4043       -            658 11940at4891          -            504  8.1e-208  688.2  42.0   4   4  2.5e-162  2.3e-159  528.4  28.9   144   504   261   658   258   658 0.91 -
8912:7047-9029       -            661 11940at4891          -            504    2e-197  653.9  44.4   1   4   1.8e-07   0.00016   17.6   0.0     2    29     8    36     7    42 0.90 -
8912:7047-9029       -            661 11940at4891          -            504    2e-197  653.9  44.4   2   4   5.3e-39   4.7e-36  121.6   0.2    28   123    55   165    48   169 0.87 -
8912:7047-9029       -            661 11940at4891          -            504    2e-197  653.9  44.4   3   4   6.1e-06    0.0055   12.5   0.5   121   144   211   238   204   242 0.84 -
8912:7047-9029       -            661 11940at4891          -            504    2e-197  653.9  44.4   4   4  3.2e-156  2.9e-153  508.3  32.5   144   504   264   661   258   661 0.91 -
8142:370-2322        -            651 11940at4891          -            504     2e-35  119.5  55.8   1   4   9.5e-18   8.5e-15   51.5   0.0    10   135     4   155     1   175 0.75 -
8142:370-2322        -            651 11940at4891          -            504     2e-35  119.5  55.8   2   4   1.6e-06    0.0014   14.4   0.9   135   198   186   265   180   281 0.69 -
8142:370-2322        -            651 11940at4891          -            504     2e-35  119.5  55.8   3   4     3e-06    0.0027   13.5  18.3   231   355   320   470   312   475 0.67 -
8142:370-2322        -            651 11940at4891          -            504     2e-35  119.5  55.8   4   4   3.4e-17     3e-14   49.6  18.9   370   500   504   651   494   651 0.79 -
#
# Program:         hmmsearch
# Version:         3.1b2 (February 2015)
# Pipeline mode:   SEARCH
# Query file:      /home/jj/Desktop/Bioinformatics/3rd_year/1term/Computational_genomics/Seminars/exercise_04/busco_downloads/lineages/saccharomycetes_odb10/hmms/11940at4891.hmm
# Target file:     /home/jj/Desktop/Bioinformatics/3rd_year/1term/Computational_genomics/Seminars/exercise_04/./busco/SRR6130428/SRR6130428_k63_contigs/run_saccharomycetes_odb10/metaeuk_output/initial_results/SRR6130428_k63_graph.contig.fa.modified.fas
# Option settings: hmmsearch --domtblout /home/jj/Desktop/Bioinformatics/3rd_year/1term/Computational_genomics/Seminars/exercise_04/./busco/SRR6130428/SRR6130428_k63_contigs/run_saccharomycetes_odb10/hmmer_output/initial_run_results/11940at4891.out --cpu 1 /home/jj/Desktop/Bioinformatics/3rd_year/1term/Computational_genomics/Seminars/exercise_04/busco_downloads/lineages/saccharomycetes_odb10/hmms/11940at4891.hmm /home/jj/Desktop/Bioinformatics/3rd_year/1term/Computational_genomics/Seminars/exercise_04/./busco/SRR6130428/SRR6130428_k63_contigs/run_saccharomycetes_odb10/metaeuk_output/initial_results/SRR6130428_k63_graph.contig.fa.modified.fas 
# Current dir:     /home/jj/Desktop/Bioinformatics/3rd_year/1term/Computational_genomics/Seminars/exercise_04
# Date:            Tue Nov  5 18:37:13 2024
# [ok]
