#                                                                            --- full sequence --- -------------- this domain -------------   hmm coord   ali coord   env coord
# target name        accession   tlen query name           accession   qlen   E-value  score  bias   #  of  c-Evalue  i-Evalue  score  bias  from    to  from    to  from    to  acc description of target
#------------------- ---------- ----- -------------------- ---------- ----- --------- ------ ----- --- --- --------- --------- ------ ----- ----- ----- ----- ----- ----- ----- ---- ---------------------
9626:7457-10594      -           1046 12194at4891          -            689  5.8e-204  676.4  71.2   1   2   1.5e-24     1e-21   74.1   0.2     2   122    11   151    10   168 0.78 -
9626:7457-10594      -           1046 12194at4891          -            689  5.8e-204  676.4  71.2   2   2  2.8e-183  1.9e-180  598.7  65.9    99   689   173   952   160   952 0.80 -
8782:64-1173         -            370 12194at4891          -            689   1.2e-08   30.9   2.0   1   5      0.03        20    0.3   0.1   114   412    97   134    53   150 0.71 -
8782:64-1173         -            370 12194at4891          -            689   1.2e-08   30.9   2.0   2   5    0.0033       2.2    3.5   0.2   148   168   164   184    86   193 0.54 -
8782:64-1173         -            370 12194at4891          -            689   1.2e-08   30.9   2.0   3   5    0.0014      0.95    4.7   0.0   148   186   164   202   144   206 0.77 -
8782:64-1173         -            370 12194at4891          -            689   1.2e-08   30.9   2.0   4   5   1.2e-05    0.0082   11.6   0.0   238   283   203   248   199   261 0.89 -
8782:64-1173         -            370 12194at4891          -            689   1.2e-08   30.9   2.0   5   5   1.6e-05     0.011   11.2   0.0   237   296   270   332   266   362 0.85 -
9520:14273-16186     -            638 12194at4891          -            689   8.2e-08   28.1   5.2   1   4   0.00028      0.19    7.1   0.0   106   188   131   212   121   222 0.82 -
9520:14273-16186     -            638 12194at4891          -            689   8.2e-08   28.1   5.2   2   4   2.9e-05      0.02   10.3   0.3   109   194   385   470   377   485 0.78 -
9520:14273-16186     -            638 12194at4891          -            689   8.2e-08   28.1   5.2   3   4     0.098        66   -1.3   0.0   510   531   486   507   479   535 0.79 -
9520:14273-16186     -            638 12194at4891          -            689   8.2e-08   28.1   5.2   4   4   3.4e-05     0.023   10.1   0.1   239   280   547   588   539   611 0.90 -
9358:12758-14626     -            623 12194at4891          -            689   3.5e-07   26.0   8.8   1   4    0.0046       3.1    3.1   0.1   101   176   105   179    93   254 0.70 -
9358:12758-14626     -            623 12194at4891          -            689   3.5e-07   26.0   8.8   2   4    0.0027       1.8    3.8   0.0   430   467   286   323   271   330 0.81 -
9358:12758-14626     -            623 12194at4891          -            689   3.5e-07   26.0   8.8   3   4   0.00099      0.66    5.3   0.0   453   531   417   499   404   506 0.81 -
9358:12758-14626     -            623 12194at4891          -            689   3.5e-07   26.0   8.8   4   4     1e-06   0.00067   15.2   0.2   239   283   532   576   523   622 0.83 -
#
# Program:         hmmsearch
# Version:         3.1b2 (February 2015)
# Pipeline mode:   SEARCH
# Query file:      /home/jj/Desktop/Bioinformatics/3rd_year/1term/Computational_genomics/Seminars/exercise_04/busco_downloads/lineages/saccharomycetes_odb10/hmms/12194at4891.hmm
# Target file:     /home/jj/Desktop/Bioinformatics/3rd_year/1term/Computational_genomics/Seminars/exercise_04/./busco/SRR6130428/SRR6130428_k63_contigs/run_saccharomycetes_odb10/metaeuk_output/initial_results/SRR6130428_k63_graph.contig.fa.modified.fas
# Option settings: hmmsearch --domtblout /home/jj/Desktop/Bioinformatics/3rd_year/1term/Computational_genomics/Seminars/exercise_04/./busco/SRR6130428/SRR6130428_k63_contigs/run_saccharomycetes_odb10/hmmer_output/initial_run_results/12194at4891.out --cpu 1 /home/jj/Desktop/Bioinformatics/3rd_year/1term/Computational_genomics/Seminars/exercise_04/busco_downloads/lineages/saccharomycetes_odb10/hmms/12194at4891.hmm /home/jj/Desktop/Bioinformatics/3rd_year/1term/Computational_genomics/Seminars/exercise_04/./busco/SRR6130428/SRR6130428_k63_contigs/run_saccharomycetes_odb10/metaeuk_output/initial_results/SRR6130428_k63_graph.contig.fa.modified.fas 
# Current dir:     /home/jj/Desktop/Bioinformatics/3rd_year/1term/Computational_genomics/Seminars/exercise_04
# Date:            Tue Nov  5 18:37:13 2024
# [ok]
