#                                                                            --- full sequence --- -------------- this domain -------------   hmm coord   ali coord   env coord
# target name        accession   tlen query name           accession   qlen   E-value  score  bias   #  of  c-Evalue  i-Evalue  score  bias  from    to  from    to  from    to  acc description of target
#------------------- ---------- ----- -------------------- ---------- ----- --------- ------ ----- --- --- --------- --------- ------ ----- ----- ----- ----- ----- ----- ----- ---- ---------------------
8624:103-2805        -            901 12347at4891          -            619  8.8e-249  824.6  20.6   1   1  2.5e-250  1.9e-248  823.5  20.6    16   615    63   895    58   899 0.88 -
8498:3398-4288       -            297 12347at4891          -            619   1.7e-48  163.0   0.8   1   1   5.4e-50     4e-48  161.8   0.8   290   552    12   292     9   295 0.87 -
9216:11770-12681     -            304 12347at4891          -            619     2e-48  162.8   1.5   1   1   5.5e-50   4.1e-48  161.8   1.5   290   547    12   285     8   301 0.86 -
8892:1238-2197       -            320 12347at4891          -            619   5.2e-41  138.3   1.5   1   1   1.4e-42     1e-40  137.3   1.5   292   563    11   304     6   315 0.83 -
9542:7230-8360       -            377 12347at4891          -            619   5.3e-41  138.3   0.3   1   4     6e-09   4.5e-07   26.2   0.0   463   505    41    83    28    99 0.84 -
9542:7230-8360       -            377 12347at4891          -            619   5.3e-41  138.3   0.3   2   4   6.3e-14   4.7e-12   42.7   0.0   323   416   115   211   108   214 0.84 -
9542:7230-8360       -            377 12347at4891          -            619   5.3e-41  138.3   0.3   3   4     1e-14   7.7e-13   45.3   0.0   298   353   184   245   183   248 0.89 -
9542:7230-8360       -            377 12347at4891          -            619   5.3e-41  138.3   0.3   4   4   2.6e-12   1.9e-10   37.3   0.0   466   557   279   372   263   377 0.80 -
8890:5745-6635       -            297 12347at4891          -            619   7.9e-39  131.1   0.3   1   3   3.4e-21   2.5e-19   66.7   0.0   296   412    12   137     9   141 0.89 -
8890:5745-6635       -            297 12347at4891          -            619   7.9e-39  131.1   0.3   2   3     3e-08   2.2e-06   23.9   0.0   319   354   141   176   134   179 0.88 -
8890:5745-6635       -            297 12347at4891          -            619   7.9e-39  131.1   0.3   3   3   2.9e-12   2.2e-10   37.2   0.1   445   560   180   296   178   297 0.89 -
8734:5869-6846       -            326 12347at4891          -            619   1.9e-37  126.5   0.1   1   2   6.7e-23     5e-21   72.3   0.0   382   506    24   154    11   168 0.86 -
8734:5869-6846       -            326 12347at4891          -            619   1.9e-37  126.5   0.1   2   2   1.4e-16     1e-14   51.5   0.0   425   557   187   319   183   325 0.87 -
9644:4938-5942       -            335 12347at4891          -            619   6.1e-37  124.9   0.1   1   3   8.2e-19   6.1e-17   58.8   0.0   289   413    44   176     6   182 0.83 -
9644:4938-5942       -            335 12347at4891          -            619   6.1e-37  124.9   0.1   2   3   4.2e-07   3.2e-05   20.1   0.0   322   354   182   214   178   217 0.94 -
9644:4938-5942       -            335 12347at4891          -            619   6.1e-37  124.9   0.1   3   3   5.3e-14   3.9e-12   42.9   0.1   445   561   218   332   214   335 0.94 -
9148:5152-6243       -            364 12347at4891          -            619     3e-36  122.6   0.2   1   1   6.9e-35   5.1e-33  111.9   0.2   267   547    31   344    25   353 0.76 -
9044:1245-2084       -            280 12347at4891          -            619   3.1e-36  122.5   0.8   1   2   5.3e-35   3.9e-33  112.3   0.1   293   508     5   235     1   244 0.84 -
9044:1245-2084       -            280 12347at4891          -            619   3.1e-36  122.5   0.8   2   2   0.00053     0.039    9.9   0.1   418   448   241   271   229   278 0.71 -
9260:13124-14104     -            327 12347at4891          -            619   4.1e-35  118.8   0.4   1   1   7.9e-37   5.9e-35  118.3   0.4   281   562    27   323     6   326 0.80 -
9468:18764-19579     -            272 12347at4891          -            619   2.5e-34  116.3   0.4   1   2   1.2e-07   8.9e-06   21.9   0.1   386   424     1    39     1    41 0.97 -
9468:18764-19579     -            272 12347at4891          -            619   2.5e-34  116.3   0.4   2   2   2.6e-30   1.9e-28   96.8   0.1   332   556    37   271    36   272 0.89 -
7848:245-1210        -            322 12347at4891          -            619   3.2e-33  112.6   4.2   1   2   3.8e-23   2.8e-21   73.1   0.9   374   561    14   217     8   232 0.80 -
7848:245-1210        -            322 12347at4891          -            619   3.2e-33  112.6   4.2   2   2   4.2e-13   3.1e-11   40.0   0.1   297   364   235   303   227   315 0.88 -
8602:3632-4684       -            351 12347at4891          -            619   1.6e-32  110.3   0.0   1   2     0.016       1.2    5.0   0.0   489   506    18    35     3    66 0.60 -
8602:3632-4684       -            351 12347at4891          -            619   1.6e-32  110.3   0.0   2   2   4.3e-32   3.2e-30  102.7   0.0   321   561    90   351    85   351 0.86 -
8618:204-1031        -            276 12347at4891          -            619   9.9e-32  107.7   0.4   1   1     2e-33   1.5e-31  107.0   0.4   296   543     3   264     1   276 0.81 -
9636:22681-23493     -            271 12347at4891          -            619   1.3e-30  104.0   0.2   1   1   3.9e-32   2.9e-30  102.8   0.2   294   560     8   270     2   271 0.83 -
9038:3856-4851       -            332 12347at4891          -            619     3e-29   99.5   0.1   1   2   8.5e-17   6.3e-15   52.1   0.0   296   423    15   152    13   207 0.83 -
9038:3856-4851       -            332 12347at4891          -            619     3e-29   99.5   0.1   2   2   2.2e-14   1.7e-12   44.2   0.0   462   558   227   327   192   332 0.83 -
7950:140-1054        -            305 12347at4891          -            619   2.2e-28   96.6   2.8   1   2   5.4e-19     4e-17   59.4   0.2   380   538     3   183     1   204 0.79 -
7950:140-1054        -            305 12347at4891          -            619   2.2e-28   96.6   2.8   2   2   1.3e-14   9.6e-13   44.9   0.2   323   457   157   304   154   305 0.77 -
7524:527-1453        -            309 12347at4891          -            619   1.5e-27   93.8   0.7   1   3   1.7e-14   1.3e-12   44.6   0.0   468   547     5    89     1   106 0.81 -
7524:527-1453        -            309 12347at4891          -            619   1.5e-27   93.8   0.7   2   3   4.8e-10   3.6e-08   29.8   0.0   478   539   111   169   103   172 0.90 -
7524:527-1453        -            309 12347at4891          -            619   1.5e-27   93.8   0.7   3   3   1.6e-05    0.0012   14.9   0.1   445   537   178   282   171   300 0.66 -
8722:6581-7432       -            284 12347at4891          -            619   2.1e-26   90.1   4.6   1   3   5.5e-09   4.1e-07   26.3   0.1   291   367     8    93     4    95 0.81 -
8722:6581-7432       -            284 12347at4891          -            619   2.1e-26   90.1   4.6   2   3   8.1e-09     6e-07   25.8   0.1   294   355   115   184   108   202 0.84 -
8722:6581-7432       -            284 12347at4891          -            619   2.1e-26   90.1   4.6   3   3   1.3e-11   9.8e-10   35.0   0.1   291   351   212   275   207   280 0.89 -
7420:226-1116        -            297 12347at4891          -            619   5.7e-26   88.6   0.1   1   1   9.8e-28   7.3e-26   88.3   0.1   291   555    27   297    15   297 0.85 -
9390:15488-16345     -            286 12347at4891          -            619   6.6e-26   88.4   0.9   1   1   1.4e-25   1.1e-23   81.1   0.9   296   558     2   284     1   286 0.83 -
9646:21723-22529     -            269 12347at4891          -            619   3.1e-25   86.2   0.1   1   1   5.2e-27   3.9e-25   85.9   0.1   295   555     3   269     1   269 0.84 -
9432:17155-18030     -            292 12347at4891          -            619   7.8e-25   84.9   4.8   1   3   6.5e-11   4.9e-09   32.7   0.1   290   413     7   143     4   146 0.83 -
9432:17155-18030     -            292 12347at4891          -            619   7.8e-25   84.9   4.8   2   3   1.7e-08   1.3e-06   24.7   0.1   294   355   115   184   106   203 0.84 -
9432:17155-18030     -            292 12347at4891          -            619   7.8e-25   84.9   4.8   3   3   6.4e-12   4.7e-10   36.0   0.2   291   355   212   280   208   287 0.87 -
9414:294-1106        -            271 12347at4891          -            619   9.1e-25   84.7   2.3   1   3   9.5e-09     7e-07   25.6   0.0   293   375     1    92     1   104 0.84 -
9414:294-1106        -            271 12347at4891          -            619   9.1e-25   84.7   2.3   2   3   2.6e-07   1.9e-05   20.8   0.0   293   354   106   175    98   190 0.84 -
9414:294-1106        -            271 12347at4891          -            619   9.1e-25   84.7   2.3   3   3   7.3e-12   5.5e-10   35.8   0.1   291   351   204   267   200   271 0.88 -
9700:14404-15303     -            300 12347at4891          -            619   5.7e-24   82.0   0.0   1   3    0.0013     0.096    8.6   0.0   298   507    12    36     3    51 0.60 -
9700:14404-15303     -            300 12347at4891          -            619   5.7e-24   82.0   0.0   2   3   3.7e-12   2.8e-10   36.8   0.1   467   565   103   197    95   227 0.84 -
9700:14404-15303     -            300 12347at4891          -            619   5.7e-24   82.0   0.0   3   3   5.3e-11   3.9e-09   33.0   0.0   302   351   229   278   223   287 0.92 -
9048:1902-2756       -            285 12347at4891          -            619   7.1e-23   78.4   0.4   1   1   1.2e-24   9.3e-23   78.0   0.4   305   541    24   264     7   283 0.88 -
9290:2994-3881       -            296 12347at4891          -            619   1.4e-20   70.8   7.3   1   2   2.6e-10   1.9e-08   30.7   3.4   381   510     4   134     2   226 0.77 -
9290:2994-3881       -            296 12347at4891          -            619   1.4e-20   70.8   7.3   2   2   1.7e-12   1.3e-10   37.9   2.1   431   555   180   292   176   295 0.83 -
9440:8613-9407       -            265 12347at4891          -            619   1.1e-18   64.6   0.1   1   1     2e-06   0.00015   17.9   0.0   298   352    95   157    83   180 0.82 -
9594:15511-16419     -            303 12347at4891          -            619   2.3e-18   63.5   4.6   1   3   4.9e-10   3.6e-08   29.8   0.7   294   351     6    79     2   110 0.82 -
9594:15511-16419     -            303 12347at4891          -            619   2.3e-18   63.5   4.6   2   3   9.6e-05    0.0071   12.3   0.1   471   536   119   183    86   214 0.70 -
9594:15511-16419     -            303 12347at4891          -            619   2.3e-18   63.5   4.6   3   3   3.6e-07   2.7e-05   20.3   0.1   289   352   220   283   201   287 0.94 -
9686:6478-6927       -            150 12347at4891          -            619   7.2e-18   61.9   0.3   1   2     0.022       1.6    4.5   0.0   335   370     6    41     1    59 0.69 -
9686:6478-6927       -            150 12347at4891          -            619   7.2e-18   61.9   0.3   2   2   5.8e-18   4.3e-16   56.0   0.1   294   360    67   138    56   149 0.88 -
7910:2109-3017       -            303 12347at4891          -            619   1.8e-17   60.5   0.8   1   1   3.1e-19   2.3e-17   60.2   0.8   296   511    12   243     4   285 0.77 -
9360:2566-3465       -            300 12347at4891          -            619   5.7e-14   49.0   0.0   1   2         1        75   -0.9   0.0   294   325    14    46     9    60 0.76 -
9360:2566-3465       -            300 12347at4891          -            619   5.7e-14   49.0   0.0   2   2   2.9e-15   2.2e-13   47.1   0.0   385   552   124   285   111   297 0.80 -
9686:6806-8086       -            427 12347at4891          -            619     3e-10   36.7   4.1   1   3     0.036       2.7    3.8   0.5    43   120    41   116     8   141 0.67 -
9686:6806-8086       -            427 12347at4891          -            619     3e-10   36.7   4.1   2   3       1.4     1e+02   -1.4   0.0   477   500   224   247   208   255 0.74 -
9686:6806-8086       -            427 12347at4891          -            619     3e-10   36.7   4.1   3   3   5.3e-11     4e-09   33.0   0.1   419   528   288   396   277   407 0.88 -
8334:78-1001         -            308 12347at4891          -            619   2.6e-09   33.6   0.0   1   1   7.7e-11   5.7e-09   32.5   0.0   305   540    30   275    13   278 0.82 -
9596:17628-18197     -            190 12347at4891          -            619    0.0054   12.7   1.6   1   2     0.038       2.8    3.8   0.2    45    71    60    86    28    92 0.77 -
9596:17628-18197     -            190 12347at4891          -            619    0.0054   12.7   1.6   2   2    0.0017      0.12    8.3   0.1    16    70   112   169    96   175 0.78 -
#
# Program:         hmmsearch
# Version:         3.1b2 (February 2015)
# Pipeline mode:   SEARCH
# Query file:      /home/jj/Desktop/Bioinformatics/3rd_year/1term/Computational_genomics/Seminars/exercise_04/busco_downloads/lineages/saccharomycetes_odb10/hmms/12347at4891.hmm
# Target file:     /home/jj/Desktop/Bioinformatics/3rd_year/1term/Computational_genomics/Seminars/exercise_04/./busco/SRR6130428/SRR6130428_k63_contigs/run_saccharomycetes_odb10/metaeuk_output/initial_results/SRR6130428_k63_graph.contig.fa.modified.fas
# Option settings: hmmsearch --domtblout /home/jj/Desktop/Bioinformatics/3rd_year/1term/Computational_genomics/Seminars/exercise_04/./busco/SRR6130428/SRR6130428_k63_contigs/run_saccharomycetes_odb10/hmmer_output/initial_run_results/12347at4891.out --cpu 1 /home/jj/Desktop/Bioinformatics/3rd_year/1term/Computational_genomics/Seminars/exercise_04/busco_downloads/lineages/saccharomycetes_odb10/hmms/12347at4891.hmm /home/jj/Desktop/Bioinformatics/3rd_year/1term/Computational_genomics/Seminars/exercise_04/./busco/SRR6130428/SRR6130428_k63_contigs/run_saccharomycetes_odb10/metaeuk_output/initial_results/SRR6130428_k63_graph.contig.fa.modified.fas 
# Current dir:     /home/jj/Desktop/Bioinformatics/3rd_year/1term/Computational_genomics/Seminars/exercise_04
# Date:            Tue Nov  5 18:37:16 2024
# [ok]
