#                                                                            --- full sequence --- -------------- this domain -------------   hmm coord   ali coord   env coord
# target name        accession   tlen query name           accession   qlen   E-value  score  bias   #  of  c-Evalue  i-Evalue  score  bias  from    to  from    to  from    to  acc description of target
#------------------- ---------- ----- -------------------- ---------- ----- --------- ------ ----- --- --- --------- --------- ------ ----- ----- ----- ----- ----- ----- ----- ---- ---------------------
9712:23882-24859     -            326 12680at4891          -            242   1.3e-84  280.5   0.4   1   3   3.3e-70   1.4e-68  227.9   0.1     5   194    12   232     2   237 0.86 -
9712:23882-24859     -            326 12680at4891          -            242   1.3e-84  280.5   0.4   2   3   9.7e-10   4.2e-08   29.9   0.0   179   222   236   279   231   291 0.88 -
9712:23882-24859     -            326 12680at4891          -            242   1.3e-84  280.5   0.4   3   3   1.1e-06   4.6e-05   20.0   0.0   217   242   296   321   281   321 0.90 -
8822:7585-8277       -            231 12680at4891          -            242   1.2e-23   80.8   0.3   1   5   5.5e-06   0.00024   17.6   0.0   195   225     3    33     1    35 0.92 -
8822:7585-8277       -            231 12680at4891          -            242   1.2e-23   80.8   0.3   2   5   1.9e-08     8e-07   25.7   0.0    90   133    36    80    33    90 0.88 -
8822:7585-8277       -            231 12680at4891          -            242   1.2e-23   80.8   0.3   3   5    0.0056      0.24    7.8   0.0   194   221    85   113    81   118 0.68 -
8822:7585-8277       -            231 12680at4891          -            242   1.2e-23   80.8   0.3   4   5   0.00028     0.012   12.1   0.1    92   126   129   164   127   172 0.60 -
8822:7585-8277       -            231 12680at4891          -            242   1.2e-23   80.8   0.3   5   5   0.00031     0.013   11.9   0.0    90   128   181   220   179   224 0.88 -
9680:19363-20697     -            445 12680at4891          -            242     6e-20   68.7   5.6   1   5   0.00043     0.019   11.4   0.0    88   130   127   171   124   173 0.80 -
9680:19363-20697     -            445 12680at4891          -            242     6e-20   68.7   5.6   2   5   0.00019     0.008   12.6   0.2    91   124   173   207   171   209 0.87 -
9680:19363-20697     -            445 12680at4891          -            242     6e-20   68.7   5.6   3   5     1e-07   4.4e-06   23.3   0.0    80   128   204   253   204   257 0.89 -
9680:19363-20697     -            445 12680at4891          -            242     6e-20   68.7   5.6   4   5   7.6e-06   0.00033   17.2   0.0    92   128   258   295   253   300 0.83 -
9680:19363-20697     -            445 12680at4891          -            242     6e-20   68.7   5.6   5   5     0.097       4.2    3.7   0.0    22    49   398   425   379   434 0.81 -
9128:10043-12433     -            797 12680at4891          -            242   8.6e-20   68.2   5.0   1   6      0.15       6.3    3.1   0.0   192   224   468   500   449   513 0.82 -
9128:10043-12433     -            797 12680at4891          -            242   8.6e-20   68.2   5.0   2   6   0.00014    0.0061   13.0   0.0    97   222   528   557   519   562 0.60 -
9128:10043-12433     -            797 12680at4891          -            242   8.6e-20   68.2   5.0   3   6   0.00047      0.02   11.3   0.2    89   121   562   595   554   601 0.88 -
9128:10043-12433     -            797 12680at4891          -            242   8.6e-20   68.2   5.0   4   6     3e-05    0.0013   15.2   0.0    87   124   602   640   597   648 0.87 -
9128:10043-12433     -            797 12680at4891          -            242   8.6e-20   68.2   5.0   5   6     0.012      0.51    6.7   0.0   195   220   656   681   647   684 0.86 -
9128:10043-12433     -            797 12680at4891          -            242   8.6e-20   68.2   5.0   6   6   3.6e-05    0.0016   15.0   0.0    87   127   686   728   680   732 0.82 -
8436:656-1654        -            333 12680at4891          -            242   1.8e-19   67.2  13.6   1   6   0.00017    0.0072   12.8   0.0    91   129     1    40     1    43 0.88 -
8436:656-1654        -            333 12680at4891          -            242   1.8e-19   67.2  13.6   2   6    0.0065      0.28    7.6   0.1    91   131    44    92    42    93 0.63 -
8436:656-1654        -            333 12680at4891          -            242   1.8e-19   67.2  13.6   3   6   0.00064     0.028   10.9   0.1    91   125    93   127    89   137 0.86 -
8436:656-1654        -            333 12680at4891          -            242   1.8e-19   67.2  13.6   4   6   1.4e-06     6e-05   19.6   0.1    85   125   211   252   189   257 0.85 -
8436:656-1654        -            333 12680at4891          -            242   1.8e-19   67.2  13.6   5   6   3.1e-07   1.3e-05   21.7   0.2    83   127   251   296   250   301 0.90 -
8436:656-1654        -            333 12680at4891          -            242   1.8e-19   67.2  13.6   6   6      0.57        25    1.2   0.1    92   120   302   331   299   333 0.67 -
9346:13077-16673     -           1199 12680at4891          -            242   2.5e-19   66.7  10.8   1   7   1.1e-06   4.9e-05   19.9   0.0    73   142    32   102    25   106 0.86 -
9346:13077-16673     -           1199 12680at4891          -            242   2.5e-19   66.7  10.8   2   7   0.00014    0.0061   13.0   0.2    75   131    76   133    76   134 0.90 -
9346:13077-16673     -           1199 12680at4891          -            242   2.5e-19   66.7  10.8   3   7   7.9e-07   3.4e-05   20.4   0.2    75   122   118   166   103   175 0.89 -
9346:13077-16673     -           1199 12680at4891          -            242   2.5e-19   66.7  10.8   4   7      0.11       4.6    3.6   0.0    91   127   206   243   200   248 0.84 -
9346:13077-16673     -           1199 12680at4891          -            242   2.5e-19   66.7  10.8   5   7   2.6e-05    0.0011   15.4   0.0    91   129   250   289   246   352 0.82 -
9346:13077-16673     -           1199 12680at4891          -            242   2.5e-19   66.7  10.8   6   7    0.0057      0.25    7.8   0.1   132   189   460   518   448   553 0.79 -
9346:13077-16673     -           1199 12680at4891          -            242   2.5e-19   66.7  10.8   7   7       6.8   2.9e+02   -2.3   0.0   123   162   906   945   899   947 0.81 -
9618:271-3099        -            943 12680at4891          -            242   2.8e-18   63.3  17.6   1   8   0.00024      0.01   12.3   0.0    71   122    98   150    85   155 0.87 -
9618:271-3099        -            943 12680at4891          -            242   2.8e-18   63.3  17.6   2   8    0.0022     0.094    9.1   0.2    91   135   160   203   156   235 0.72 -
9618:271-3099        -            943 12680at4891          -            242   2.8e-18   63.3  17.6   3   8   0.00023    0.0098   12.3   0.0    91   134   388   431   386   440 0.90 -
9618:271-3099        -            943 12680at4891          -            242   2.8e-18   63.3  17.6   4   8       4.4   1.9e+02   -1.7   0.0   196   223   436   463   430   468 0.84 -
9618:271-3099        -            943 12680at4891          -            242   2.8e-18   63.3  17.6   5   8     0.002     0.085    9.3   0.1    92   126   471   506   454   510 0.76 -
9618:271-3099        -            943 12680at4891          -            242   2.8e-18   63.3  17.6   6   8    0.0013     0.057    9.8   0.1    84   130   563   610   529   613 0.76 -
9618:271-3099        -            943 12680at4891          -            242   2.8e-18   63.3  17.6   7   8    0.0021     0.089    9.2   0.0    92   128   613   650   609   655 0.85 -
9618:271-3099        -            943 12680at4891          -            242   2.8e-18   63.3  17.6   8   8     0.019      0.81    6.1   0.1    92   122   655   686   648   693 0.70 -
9508:19799-20617     -            273 12680at4891          -            242   3.4e-18   63.0   8.8   1   6   0.00093      0.04   10.3   0.0    76   127     8    58     3    61 0.84 -
9508:19799-20617     -            273 12680at4891          -            242   3.4e-18   63.0   8.8   2   6   9.2e-05     0.004   13.6   0.3    87   128    59    99    54   101 0.79 -
9508:19799-20617     -            273 12680at4891          -            242   3.4e-18   63.0   8.8   3   6   1.9e-07   8.4e-06   22.4   0.1    91   128   102   140    99   143 0.86 -
9508:19799-20617     -            273 12680at4891          -            242   3.4e-18   63.0   8.8   4   6     0.017      0.73    6.2   0.0    82   116   135   169   134   171 0.88 -
9508:19799-20617     -            273 12680at4891          -            242   3.4e-18   63.0   8.8   5   6    0.0067      0.29    7.5   0.0   108   128   208   229   195   233 0.76 -
9508:19799-20617     -            273 12680at4891          -            242   3.4e-18   63.0   8.8   6   6   9.7e-05    0.0042   13.5   0.1    76   129   218   270   217   273 0.86 -
9636:17731-18642     -            304 12680at4891          -            242   3.9e-18   62.8  10.1   1   6       1.1        48    0.3   0.0   109   128     6    26     2    32 0.73 -
9636:17731-18642     -            304 12680at4891          -            242   3.9e-18   62.8  10.1   2   6    0.0015     0.065    9.7   0.0    91   128    30    67    12    71 0.84 -
9636:17731-18642     -            304 12680at4891          -            242   3.9e-18   62.8  10.1   3   6   7.1e-07   3.1e-05   20.5   0.2    90   126    72   109    69   114 0.85 -
9636:17731-18642     -            304 12680at4891          -            242   3.9e-18   62.8  10.1   4   6   5.2e-05    0.0022   14.4   0.0    93   162   116   186   112   197 0.81 -
9636:17731-18642     -            304 12680at4891          -            242   3.9e-18   62.8  10.1   5   6     0.012      0.51    6.7   0.2    90   122   204   237   192   243 0.83 -
9636:17731-18642     -            304 12680at4891          -            242   3.9e-18   62.8  10.1   6   6   0.00024      0.01   12.3   0.2    92   126   249   284   245   301 0.67 -
9126:8755-11505      -            917 12680at4891          -            242   4.5e-18   62.6  11.8   1   9      0.62        27    1.1   0.0   187   220    11    43     6    63 0.70 -
9126:8755-11505      -            917 12680at4891          -            242   4.5e-18   62.6  11.8   2   9     0.014       0.6    6.5   0.1   190   221   146   177   115   188 0.73 -
9126:8755-11505      -            917 12680at4891          -            242   4.5e-18   62.6  11.8   3   9    0.0063      0.27    7.6   0.3    18    71   147   207   136   212 0.62 -
9126:8755-11505      -            917 12680at4891          -            242   4.5e-18   62.6  11.8   4   9       1.2        52    0.1   0.1    90   122   187   220   179   225 0.68 -
9126:8755-11505      -            917 12680at4891          -            242   4.5e-18   62.6  11.8   5   9   0.00016    0.0071   12.8   0.0   182   221   334   376   257   382 0.76 -
9126:8755-11505      -            917 12680at4891          -            242   4.5e-18   62.6  11.8   6   9     3e-06   0.00013   18.5   0.0    90   145   383   448   379   454 0.72 -
9126:8755-11505      -            917 12680at4891          -            242   4.5e-18   62.6  11.8   7   9   7.7e-05    0.0033   13.9   0.0    76   126   455   508   450   550 0.74 -
9126:8755-11505      -            917 12680at4891          -            242   4.5e-18   62.6  11.8   8   9      0.11       4.9    3.5   0.0    19    49   579   609   564   619 0.80 -
9126:8755-11505      -            917 12680at4891          -            242   4.5e-18   62.6  11.8   9   9       3.4   1.5e+02   -1.3   0.0    96   117   680   701   678   726 0.79 -
8240:671-1900        -            410 12680at4891          -            242   8.5e-17   58.4   0.2   1   3     0.002     0.085    9.3   0.0    84   122   107   147    98   153 0.82 -
8240:671-1900        -            410 12680at4891          -            242   8.5e-17   58.4   0.2   2   3   1.5e-07   6.3e-06   22.8   0.0    84   134   151   202   147   208 0.87 -
8240:671-1900        -            410 12680at4891          -            242   8.5e-17   58.4   0.2   3   3   1.1e-06   4.6e-05   20.0   0.3    86   228   240   376   222   379 0.81 -
9534:20058-21434     -            459 12680at4891          -            242   8.9e-15   51.8   5.3   1   5     0.066       2.8    4.3   0.1    94   123   103   133    90   139 0.62 -
9534:20058-21434     -            459 12680at4891          -            242   8.9e-15   51.8   5.3   2   5     0.065       2.8    4.3   0.0    90   125   140   175   134   180 0.84 -
9534:20058-21434     -            459 12680at4891          -            242   8.9e-15   51.8   5.3   3   5   0.00055     0.024   11.1   0.0    80   122   194   236   192   244 0.87 -
9534:20058-21434     -            459 12680at4891          -            242   8.9e-15   51.8   5.3   4   5   0.00087     0.037   10.4   0.0    90   129   283   324   273   346 0.83 -
9534:20058-21434     -            459 12680at4891          -            242   8.9e-15   51.8   5.3   5   5   1.3e-06   5.4e-05   19.7   0.1    92   131   373   414   367   435 0.86 -
9676:28964-31411     -            816 12680at4891          -            242   4.5e-13   46.2   8.0   1   6   4.3e-05    0.0019   14.7   0.2    17   131    61   186    51   192 0.73 -
9676:28964-31411     -            816 12680at4891          -            242   4.5e-13   46.2   8.0   2   6       8.9   3.9e+02   -2.7   0.0    32   125   211   228   203   234 0.54 -
9676:28964-31411     -            816 12680at4891          -            242   4.5e-13   46.2   8.0   3   6      0.34        15    2.0   0.0   195   227   393   425   381   442 0.62 -
9676:28964-31411     -            816 12680at4891          -            242   4.5e-13   46.2   8.0   4   6   8.9e-05    0.0038   13.7   0.0    91   131   488   529   472   533 0.86 -
9676:28964-31411     -            816 12680at4891          -            242   4.5e-13   46.2   8.0   5   6     4e-05    0.0017   14.8   0.1    53   129   531   611   525   614 0.81 -
9676:28964-31411     -            816 12680at4891          -            242   4.5e-13   46.2   8.0   6   6       2.2        95   -0.7   0.0    87   121   610   645   605   654 0.77 -
9522:17732-18610     -            293 12680at4891          -            242   1.3e-12   44.7   0.4   1   5    0.0029      0.12    8.7   0.0    92   125    12    47     9    51 0.77 -
9522:17732-18610     -            293 12680at4891          -            242   1.3e-12   44.7   0.4   2   5     0.014       0.6    6.5   0.0    89   135    71   116    66   123 0.67 -
9522:17732-18610     -            293 12680at4891          -            242   1.3e-12   44.7   0.4   3   5     0.095       4.1    3.8   0.0   112   128   158   174   148   178 0.81 -
9522:17732-18610     -            293 12680at4891          -            242   1.3e-12   44.7   0.4   4   5   1.4e-07   5.9e-06   22.9   0.1    76   136   163   220   158   248 0.82 -
9522:17732-18610     -            293 12680at4891          -            242   1.3e-12   44.7   0.4   5   5       2.3        98   -0.8   0.0   198   220   226   248   220   257 0.74 -
8974:7891-10245      -            785 12680at4891          -            242   1.3e-12   44.7   3.7   1   6   1.9e-05   0.00082   15.9   0.2    90   145    55   111    47   136 0.77 -
8974:7891-10245      -            785 12680at4891          -            242   1.3e-12   44.7   3.7   2   6      0.41        18    1.7   0.0    89   125   197   238   159   242 0.68 -
8974:7891-10245      -            785 12680at4891          -            242   1.3e-12   44.7   3.7   3   6      0.53        23    1.3   0.1    91   122   278   310   273   320 0.80 -
8974:7891-10245      -            785 12680at4891          -            242   1.3e-12   44.7   3.7   4   6    0.0074      0.32    7.4   0.0    18    90   386   465   380   475 0.77 -
8974:7891-10245      -            785 12680at4891          -            242   1.3e-12   44.7   3.7   5   6      0.01      0.44    6.9   0.0    10    47   598   636   590   643 0.75 -
8974:7891-10245      -            785 12680at4891          -            242   1.3e-12   44.7   3.7   6   6     0.034       1.5    5.2   0.1    81   131   637   693   635   715 0.68 -
9464:9138-11090      -            651 12680at4891          -            242     1e-11   41.7   0.1   1   3   0.00074     0.032   10.7   0.0    89   122    76   111    72   117 0.82 -
9464:9138-11090      -            651 12680at4891          -            242     1e-11   41.7   0.1   2   3   9.1e-05     0.004   13.6   0.0    87   126   133   174   129   181 0.81 -
9464:9138-11090      -            651 12680at4891          -            242     1e-11   41.7   0.1   3   3   9.8e-05    0.0042   13.5   0.0    18    54   183   219   174   231 0.89 -
9046:295-1389        -            365 12680at4891          -            242   3.2e-11   40.1   0.5   1   4   0.00017    0.0074   12.7   0.1    95   129    37    73    33    77 0.88 -
9046:295-1389        -            365 12680at4891          -            242   3.2e-11   40.1   0.5   2   4     0.057       2.5    4.5   0.0    18    61    81   122    72   127 0.81 -
9046:295-1389        -            365 12680at4891          -            242   3.2e-11   40.1   0.5   3   4   0.00025     0.011   12.2   0.0   109   163   141   200   125   241 0.71 -
9046:295-1389        -            365 12680at4891          -            242   3.2e-11   40.1   0.5   4   4     0.019      0.81    6.1   0.0    97   143   272   327   268   336 0.71 -
9354:16449-16934     -            162 12680at4891          -            242   4.4e-11   39.7   3.3   1   3     0.059       2.6    4.4   0.0    91   123    15    49    10    57 0.83 -
9354:16449-16934     -            162 12680at4891          -            242   4.4e-11   39.7   3.3   2   3   7.9e-06   0.00034   17.1   0.1    87   124    59    97    51   102 0.90 -
9354:16449-16934     -            162 12680at4891          -            242   4.4e-11   39.7   3.3   3   3   3.5e-06   0.00015   18.3   0.2    90   130   104   144    97   161 0.80 -
9674:12257-13606     -            450 12680at4891          -            242   4.6e-11   39.6   8.1   1   5       3.6   1.6e+02   -1.4   0.0   197   221    85   109    75   117 0.76 -
9674:12257-13606     -            450 12680at4891          -            242   4.6e-11   39.6   8.1   2   5    0.0075      0.32    7.4   0.3    90   123   116   150   105   157 0.75 -
9674:12257-13606     -            450 12680at4891          -            242   4.6e-11   39.6   8.1   3   5     0.012      0.51    6.7   0.2    92   125   160   194   157   201 0.84 -
9674:12257-13606     -            450 12680at4891          -            242   4.6e-11   39.6   8.1   4   5     3e-05    0.0013   15.2   0.1    88   131   198   242   190   247 0.90 -
9674:12257-13606     -            450 12680at4891          -            242   4.6e-11   39.6   8.1   5   5    0.0012     0.053   10.0   0.0    92   121   333   363   244   371 0.90 -
9712:30400-31623     -            408 12680at4891          -            242   5.8e-11   39.3   1.3   1   4    0.0087      0.37    7.2   0.0    26    49    53    76    31   100 0.60 -
9712:30400-31623     -            408 12680at4891          -            242   5.8e-11   39.3   1.3   2   4       0.2       8.8    2.7   0.0   199   220   110   131    98   135 0.83 -
9712:30400-31623     -            408 12680at4891          -            242   5.8e-11   39.3   1.3   3   4   3.6e-07   1.5e-05   21.5   0.1    90   132   139   182   132   194 0.85 -
9712:30400-31623     -            408 12680at4891          -            242   5.8e-11   39.3   1.3   4   4      0.11       4.7    3.6   0.0    27    50   306   329   292   356 0.69 -
9312:6422-7318       -            299 12680at4891          -            242   1.2e-10   38.2   1.4   1   5     0.035       1.5    5.2   0.0   195   225     3    32     1    38 0.84 -
9312:6422-7318       -            299 12680at4891          -            242   1.2e-10   38.2   1.4   2   5   1.4e-06   6.1e-05   19.6   0.1    40   123    20   111    10   121 0.62 -
9312:6422-7318       -            299 12680at4891          -            242   1.2e-10   38.2   1.4   3   5     0.056       2.4    4.5   0.0    88   132   117   163   111   175 0.82 -
9312:6422-7318       -            299 12680at4891          -            242   1.2e-10   38.2   1.4   4   5      0.04       1.7    5.0   0.0   167   218   178   202   172   214 0.56 -
9312:6422-7318       -            299 12680at4891          -            242   1.2e-10   38.2   1.4   5   5       7.5   3.2e+02   -2.5   0.0   204   224   240   260   235   262 0.84 -
9724:2093-15713      -            205 12680at4891          -            242   1.7e-10   37.7   2.4   1   5   0.00048     0.021   11.3   0.0   112   136     5    29     1    50 0.79 -
9724:2093-15713      -            205 12680at4891          -            242   1.7e-10   37.7   2.4   2   5     0.063       2.7    4.3   0.0   112   126    69    83    59    85 0.82 -
9724:2093-15713      -            205 12680at4891          -            242   1.7e-10   37.7   2.4   3   5   1.7e-07   7.2e-06   22.6   0.2    76   125    74   122    65   161 0.83 -
9724:2093-15713      -            205 12680at4891          -            242   1.7e-10   37.7   2.4   4   5      0.52        23    1.3   0.0    15    50   129   163   123   186 0.58 -
9724:2093-15713      -            205 12680at4891          -            242   1.7e-10   37.7   2.4   5   5       3.1   1.3e+02   -1.2   0.0   194   219   175   200   165   202 0.80 -
9456:1145-2410       -            422 12680at4891          -            242   2.3e-10   37.3   6.1   1   6     0.011      0.46    6.9   0.1    91   129    89   128    77   173 0.69 -
9456:1145-2410       -            422 12680at4891          -            242   2.3e-10   37.3   6.1   2   6    0.0001    0.0044   13.5   0.0    89   125   176   212   169   229 0.90 -
9456:1145-2410       -            422 12680at4891          -            242   2.3e-10   37.3   6.1   3   6     0.028       1.2    5.5   0.0   103   133   237   268   215   272 0.82 -
9456:1145-2410       -            422 12680at4891          -            242   2.3e-10   37.3   6.1   4   6      0.26        11    2.3   0.0   197   221   277   301   271   309 0.64 -
9456:1145-2410       -            422 12680at4891          -            242   2.3e-10   37.3   6.1   5   6     0.026       1.1    5.6   0.0    14    56   346   388   334   396 0.81 -
9456:1145-2410       -            422 12680at4891          -            242   2.3e-10   37.3   6.1   6   6      0.73        32    0.9   0.0    91   120   388   418   384   420 0.69 -
9222:5484-7061       -            526 12680at4891          -            242   3.8e-10   36.6   5.9   1   6     0.045         2    4.8   0.0    19    48    27    56    21    81 0.84 -
9222:5484-7061       -            526 12680at4891          -            242   3.8e-10   36.6   5.9   2   6     0.041       1.8    4.9   0.0   103   125    96   118    75   129 0.79 -
9222:5484-7061       -            526 12680at4891          -            242   3.8e-10   36.6   5.9   3   6     9e-05    0.0039   13.7   0.1    89   127   179   217   177   229 0.88 -
9222:5484-7061       -            526 12680at4891          -            242   3.8e-10   36.6   5.9   4   6       0.2       8.8    2.7   0.0    18   126   234   267   224   276 0.54 -
9222:5484-7061       -            526 12680at4891          -            242   3.8e-10   36.6   5.9   5   6      0.02      0.88    5.9   0.0    89   126   287   324   279   334 0.83 -
9222:5484-7061       -            526 12680at4891          -            242   3.8e-10   36.6   5.9   6   6      0.52        22    1.3   0.0   188   217   347   376   339   382 0.84 -
9726:3865-6666       -            934 12680at4891          -            242   6.8e-10   35.8   5.4   1   4      0.27        12    2.3   0.0     8    49   234   276   229   309 0.74 -
9726:3865-6666       -            934 12680at4891          -            242   6.8e-10   35.8   5.4   2   4       1.9        83   -0.5   0.0    86   123   337   376   332   386 0.54 -
9726:3865-6666       -            934 12680at4891          -            242   6.8e-10   35.8   5.4   3   4    0.0039      0.17    8.3   0.1   194   224   459   489   449   496 0.87 -
9726:3865-6666       -            934 12680at4891          -            242   6.8e-10   35.8   5.4   4   4   1.2e-07   5.1e-06   23.1   0.0    12   132   492   619   490   642 0.85 -
9716:9893-12037      -            715 12680at4891          -            242   1.4e-09   34.7   6.1   1   4      0.02      0.86    6.0   0.2    91   121    10    40     7    60 0.87 -
9716:9893-12037      -            715 12680at4891          -            242   1.4e-09   34.7   6.1   2   4       7.1   3.1e+02   -2.4   0.0    92   121    97   125    95   130 0.69 -
9716:9893-12037      -            715 12680at4891          -            242   1.4e-09   34.7   6.1   3   4    0.0048      0.21    8.0   0.5    90   121   133   166   124   178 0.78 -
9716:9893-12037      -            715 12680at4891          -            242   1.4e-09   34.7   6.1   4   4   6.7e-07   2.9e-05   20.6   0.0    76   126   202   252   192   264 0.88 -
8478:1944-3398       -            485 12680at4891          -            242     2e-09   34.2   7.4   1   3    0.0042      0.18    8.2   0.1    75   124    91   152    74   160 0.75 -
8478:1944-3398       -            485 12680at4891          -            242     2e-09   34.2   7.4   2   3     3e-06   0.00013   18.5   1.4    18   123   220   335   204   345 0.73 -
8478:1944-3398       -            485 12680at4891          -            242     2e-09   34.2   7.4   3   3     0.012      0.54    6.7   0.0   194   220   352   378   342   383 0.80 -
9460:9231-11075      -            615 12680at4891          -            242   2.9e-09   33.7   5.0   1   6      0.13       5.5    3.3   0.0    90   137    59   110    56   118 0.67 -
9460:9231-11075      -            615 12680at4891          -            242   2.9e-09   33.7   5.0   2   6       0.3        13    2.1   0.0    27    47   217   237   203   245 0.77 -
9460:9231-11075      -            615 12680at4891          -            242   2.9e-09   33.7   5.0   3   6    0.0071      0.31    7.4   0.1    86   129   241   288   237   306 0.69 -
9460:9231-11075      -            615 12680at4891          -            242   2.9e-09   33.7   5.0   4   6     0.013      0.58    6.5   0.1    75   139   320   382   307   487 0.76 -
9460:9231-11075      -            615 12680at4891          -            242   2.9e-09   33.7   5.0   5   6     0.019      0.82    6.1   0.0   196   225   494   523   487   533 0.88 -
9460:9231-11075      -            615 12680at4891          -            242   2.9e-09   33.7   5.0   6   6     0.071       3.1    4.2   0.0    86   122   576   612   562   615 0.89 -
9112:7248-8249       -            334 12680at4891          -            242   3.3e-09   33.5   3.3   1   4    0.0024      0.11    9.0   0.0   196   219     2    25     1    31 0.90 -
9112:7248-8249       -            334 12680at4891          -            242   3.3e-09   33.5   3.3   2   4   6.3e-05    0.0027   14.2   0.2    87   124    94   131    80   139 0.84 -
9112:7248-8249       -            334 12680at4891          -            242   3.3e-09   33.5   3.3   3   4     0.006      0.26    7.7   0.0    93   223   140   285   131   291 0.62 -
9112:7248-8249       -            334 12680at4891          -            242   3.3e-09   33.5   3.3   4   4      0.65        28    1.0   0.1    74    90   274   290   256   332 0.52 -
9658:5110-5880       -            257 12680at4891          -            242   1.7e-08   31.2   0.5   1   2    0.0069       0.3    7.5   0.0    17    47    72   102    54   107 0.66 -
9658:5110-5880       -            257 12680at4891          -            242   1.7e-08   31.2   0.5   2   2     3e-06   0.00013   18.5   0.1    90   205   110   223   102   256 0.67 -
9390:13413-15017     -            535 12680at4891          -            242   2.6e-08   30.6   0.8   1   4      0.88        38    0.6   0.0    18    45   221   248   210   253 0.62 -
9390:13413-15017     -            535 12680at4891          -            242   2.6e-08   30.6   0.8   2   4     0.035       1.5    5.2   0.0    15    51   259   295   249   299 0.85 -
9390:13413-15017     -            535 12680at4891          -            242   2.6e-08   30.6   0.8   3   4     0.003      0.13    8.7   0.0    92   121   357   387   354   396 0.85 -
9390:13413-15017     -            535 12680at4891          -            242   2.6e-08   30.6   0.8   4   4    0.0015     0.067    9.6   0.4    90   130   397   437   395   477 0.78 -
9248:1987-5412       -           1142 12680at4891          -            242   3.6e-08   30.1   2.0   1   3    0.0014     0.059    9.8   0.1    90   126   106   144    79   148 0.86 -
9248:1987-5412       -           1142 12680at4891          -            242   3.6e-08   30.1   2.0   2   3   6.6e-05    0.0028   14.1   0.3    90   129   193   234   186   241 0.84 -
9248:1987-5412       -           1142 12680at4891          -            242   3.6e-08   30.1   2.0   3   3      0.17       7.3    2.9   0.0   142   173   531   562   526   566 0.91 -
9494:18928-19965     -            346 12680at4891          -            242     2e-07   27.7   5.3   1   5     0.082       3.5    4.0   0.0    92   120     8    37     4    49 0.66 -
9494:18928-19965     -            346 12680at4891          -            242     2e-07   27.7   5.3   2   5   0.00066     0.028   10.8   0.1    91   129    49    88    45    94 0.72 -
9494:18928-19965     -            346 12680at4891          -            242     2e-07   27.7   5.3   3   5       1.4        62   -0.1   0.0   196   208    99   111    90   134 0.62 -
9494:18928-19965     -            346 12680at4891          -            242     2e-07   27.7   5.3   4   5    0.0073      0.32    7.4   0.0   190   221   153   184   143   191 0.78 -
9494:18928-19965     -            346 12680at4891          -            242     2e-07   27.7   5.3   5   5     0.076       3.3    4.1   0.3     5    52   184   231   181   242 0.75 -
9068:1225-2790       -            522 12680at4891          -            242     3e-07   27.1   0.7   1   2   0.00038     0.017   11.6   0.6    70   130   259   325   253   334 0.72 -
9068:1225-2790       -            522 12680at4891          -            242     3e-07   27.1   0.7   2   2   0.00071     0.031   10.7   0.0    87   125   387   427   368   435 0.79 -
8402:4018-5292       -            425 12680at4891          -            242   3.1e-07   27.1   0.4   1   3     0.018      0.77    6.1   0.0   193   220    29    56    20    68 0.88 -
8402:4018-5292       -            425 12680at4891          -            242   3.1e-07   27.1   0.4   2   3   0.00018    0.0079   12.7   0.0    18    48    73   103    66   111 0.87 -
8402:4018-5292       -            425 12680at4891          -            242   3.1e-07   27.1   0.4   3   3      0.25        11    2.4   0.8   153   182   257   285   134   292 0.70 -
9208:2600-5119       -            840 12680at4891          -            242   4.8e-07   26.5   1.2   1   5       1.6        71   -0.3   0.0   196   221    23    48    19    55 0.88 -
9208:2600-5119       -            840 12680at4891          -            242   4.8e-07   26.5   1.2   2   5    0.0033      0.14    8.6   0.0   194   220    83   109    75   116 0.87 -
9208:2600-5119       -            840 12680at4891          -            242   4.8e-07   26.5   1.2   3   5       3.5   1.5e+02   -1.4   0.0    93   121   136   165   133   174 0.60 -
9208:2600-5119       -            840 12680at4891          -            242   4.8e-07   26.5   1.2   4   5     0.024         1    5.7   0.1    87   119   172   205   164   215 0.70 -
9208:2600-5119       -            840 12680at4891          -            242   4.8e-07   26.5   1.2   5   5     0.022      0.95    5.8   0.0    17    50   356   389   348   392 0.90 -
9694:17340-18719     -            460 12680at4891          -            242   2.6e-06   24.1   0.3   1   5      0.27        12    2.3   0.0   103   124    25    46     4    52 0.73 -
9694:17340-18719     -            460 12680at4891          -            242   2.6e-06   24.1   0.3   2   5      0.02      0.88    6.0   0.0    85   129    62   107    56   119 0.80 -
9694:17340-18719     -            460 12680at4891          -            242   2.6e-06   24.1   0.3   3   5       0.8        35    0.7   0.0   101   122   152   174   143   183 0.53 -
9694:17340-18719     -            460 12680at4891          -            242   2.6e-06   24.1   0.3   4   5     0.087       3.7    3.9   0.0    21    46   191   216   184   223 0.82 -
9694:17340-18719     -            460 12680at4891          -            242   2.6e-06   24.1   0.3   5   5     0.091       3.9    3.8   0.0   139   184   343   394   334   410 0.75 -
9564:19094-20626     -            511 12680at4891          -            242   2.6e-06   24.1   1.8   1   4         2        87   -0.6   0.0   206   227   230   251   210   262 0.78 -
9564:19094-20626     -            511 12680at4891          -            242   2.6e-06   24.1   1.8   2   4    0.0018     0.078    9.4   0.2    94   135   321   364   315   384 0.75 -
9564:19094-20626     -            511 12680at4891          -            242   2.6e-06   24.1   1.8   3   4       3.6   1.5e+02   -1.4   0.1    96   127   368   401   362   415 0.65 -
9564:19094-20626     -            511 12680at4891          -            242   2.6e-06   24.1   1.8   4   4   0.00034     0.015   11.8   0.0    90   125   413   450   406   457 0.84 -
8186:2118-4286       -            723 12680at4891          -            242   4.7e-06   23.2   4.1   1   5      0.14         6    3.2   0.1     6    47   292   337   285   344 0.71 -
8186:2118-4286       -            723 12680at4891          -            242   4.7e-06   23.2   4.1   2   5     0.037       1.6    5.1   0.0   196   222   356   382   347   387 0.85 -
8186:2118-4286       -            723 12680at4891          -            242   4.7e-06   23.2   4.1   3   5     0.071       3.1    4.2   0.0   166   194   524   552   513   563 0.85 -
8186:2118-4286       -            723 12680at4891          -            242   4.7e-06   23.2   4.1   4   5       1.1        48    0.3   0.0   105   124   606   625   592   632 0.67 -
8186:2118-4286       -            723 12680at4891          -            242   4.7e-06   23.2   4.1   5   5     0.043       1.8    4.9   0.0   196   219   644   667   638   684 0.88 -
9670:4414-5802       -            463 12680at4891          -            242   4.7e-06   23.2   4.4   1   3     0.002     0.085    9.3   0.1    92   125   262   296   257   307 0.88 -
9670:4414-5802       -            463 12680at4891          -            242   4.7e-06   23.2   4.4   2   3      0.02      0.85    6.0   0.1    91   187   303   418   294   430 0.59 -
9670:4414-5802       -            463 12680at4891          -            242   4.7e-06   23.2   4.4   3   3     0.019      0.83    6.0   0.2    91   120   433   463   421   463 0.71 -
9362:15282-16085     -            268 12680at4891          -            242     6e-06   22.9   0.3   1   5       7.9   3.4e+02   -2.5   0.1    22    44     3    25     1    37 0.62 -
9362:15282-16085     -            268 12680at4891          -            242     6e-06   22.9   0.3   2   5    0.0011     0.048   10.1   0.0    18    50    96   128    77   149 0.85 -
9362:15282-16085     -            268 12680at4891          -            242     6e-06   22.9   0.3   3   5       6.1   2.6e+02   -2.2   0.0   164   184   145   165   134   183 0.74 -
9362:15282-16085     -            268 12680at4891          -            242     6e-06   22.9   0.3   4   5    0.0074      0.32    7.4   0.0    91   128   185   223   181   228 0.84 -
9362:15282-16085     -            268 12680at4891          -            242     6e-06   22.9   0.3   5   5      0.73        31    0.9   0.0    15    50   228   263   224   268 0.84 -
9658:6665-7375       -            237 12680at4891          -            242     1e-05   22.1   0.1   1   3    0.0074      0.32    7.4   0.0    21   122     1   109     1   115 0.73 -
9658:6665-7375       -            237 12680at4891          -            242     1e-05   22.1   0.1   2   3     0.033       1.4    5.3   0.0    89   126   117   158   109   165 0.81 -
9658:6665-7375       -            237 12680at4891          -            242     1e-05   22.1   0.1   3   3     0.022      0.96    5.8   0.0    88   120   204   237   187   237 0.86 -
8856:366-1553        -            396 12680at4891          -            242   1.1e-05   22.0   0.4   1   3     0.098       4.2    3.7   0.0   196   220    20    44    10    54 0.80 -
8856:366-1553        -            396 12680at4891          -            242   1.1e-05   22.0   0.4   2   3      0.54        24    1.3   0.0   150   183   220   253   198   271 0.70 -
8856:366-1553        -            396 12680at4891          -            242   1.1e-05   22.0   0.4   3   3   0.00014     0.006   13.0   0.1    93   136   290   334   287   347 0.68 -
7766:159-1877        -            573 12680at4891          -            242   1.7e-05   21.4   1.3   1   4    0.0025      0.11    8.9   0.0   194   220   240   266   195   279 0.79 -
7766:159-1877        -            573 12680at4891          -            242   1.7e-05   21.4   1.3   2   4    0.0067      0.29    7.5   0.1    62   122   287   351   275   358 0.84 -
7766:159-1877        -            573 12680at4891          -            242   1.7e-05   21.4   1.3   3   4      0.84        36    0.7   0.0   203   227   411   435   397   440 0.71 -
7766:159-1877        -            573 12680at4891          -            242   1.7e-05   21.4   1.3   4   4       3.6   1.5e+02   -1.4   0.1    98   122   476   501   473   511 0.67 -
9602:2166-4220       -            685 12680at4891          -            242   1.9e-05   21.2   0.2   1   3      0.41        18    1.7   0.0   108   132    12    37     2    42 0.77 -
9602:2166-4220       -            685 12680at4891          -            242   1.9e-05   21.2   0.2   2   3    0.0036      0.16    8.4   0.0    96   131    43    81    36    82 0.70 -
9602:2166-4220       -            685 12680at4891          -            242   1.9e-05   21.2   0.2   3   3    0.0079      0.34    7.3   0.0    91   138    82   130    80   137 0.88 -
7600:86-1888         -            601 12680at4891          -            242   2.9e-05   20.6   0.0   1   4   0.00013    0.0056   13.1   0.0    76   124   289   338   284   345 0.88 -
7600:86-1888         -            601 12680at4891          -            242   2.9e-05   20.6   0.0   2   4      0.39        17    1.8   0.0   100   128   423   452   414   456 0.71 -
7600:86-1888         -            601 12680at4891          -            242   2.9e-05   20.6   0.0   3   4       2.6   1.1e+02   -0.9   0.0   195   220   468   493   466   503 0.89 -
7600:86-1888         -            601 12680at4891          -            242   2.9e-05   20.6   0.0   4   4       7.4   3.2e+02   -2.4   0.0    97   123   511   537   508   545 0.69 -
8204:164-2284        -            707 12680at4891          -            242     3e-05   20.6   0.0   1   2     0.014       0.6    6.5   0.0   192   228    58    95    39   100 0.82 -
8204:164-2284        -            707 12680at4891          -            242     3e-05   20.6   0.0   2   2   0.00039     0.017   11.6   0.0    76   133   162   220   121   258 0.88 -
8494:4772-5887       -            372 12680at4891          -            242   3.2e-05   20.5   0.7   1   3   0.00055     0.024   11.1   0.0    75   125    84   137    69   197 0.72 -
8494:4772-5887       -            372 12680at4891          -            242   3.2e-05   20.5   0.7   2   3      0.21       8.9    2.7   0.0   113   128   241   256   223   266 0.81 -
8494:4772-5887       -            372 12680at4891          -            242   3.2e-05   20.5   0.7   3   3      0.23       9.8    2.5   0.1    92   122   281   314   268   345 0.81 -
9542:4562-5380       -            273 12680at4891          -            242   6.3e-05   19.5   5.8   1   5      0.12         5    3.5   0.1    30   124    70    88    43    98 0.61 -
9542:4562-5380       -            273 12680at4891          -            242   6.3e-05   19.5   5.8   2   5      0.81        35    0.7   0.0    95   127   108   142   103   147 0.78 -
9542:4562-5380       -            273 12680at4891          -            242   6.3e-05   19.5   5.8   3   5     0.032       1.4    5.3   0.0    93   127   151   187   146   194 0.81 -
9542:4562-5380       -            273 12680at4891          -            242   6.3e-05   19.5   5.8   4   5    0.0048      0.21    8.0   0.0    93   125   195   230   192   236 0.84 -
9542:4562-5380       -            273 12680at4891          -            242   6.3e-05   19.5   5.8   5   5       1.1        48    0.3   0.2    92   121   238   269   233   271 0.77 -
9684:7222-9909       -            896 12680at4891          -            242   7.4e-05   19.3   1.1   1   4      0.13       5.6    3.3   0.1   134   240    38   141    26   143 0.77 -
9684:7222-9909       -            896 12680at4891          -            242   7.4e-05   19.3   1.1   2   4     0.001     0.045   10.2   0.0    14    50   294   330   258   340 0.81 -
9684:7222-9909       -            896 12680at4891          -            242   7.4e-05   19.3   1.1   3   4      0.56        24    1.2   0.0    15    36   489   511   476   515 0.71 -
9684:7222-9909       -            896 12680at4891          -            242   7.4e-05   19.3   1.1   4   4       6.8   2.9e+02   -2.3   0.1   190   222   607   640   592   661 0.54 -
9560:19431-20225     -            265 12680at4891          -            242   0.00014   18.4   0.0   1   3    0.0025      0.11    8.9   0.0    98   135     6    45     1    76 0.75 -
9560:19431-20225     -            265 12680at4891          -            242   0.00014   18.4   0.0   2   3     0.017      0.72    6.2   0.0    99   126    99   128    92   132 0.81 -
9560:19431-20225     -            265 12680at4891          -            242   0.00014   18.4   0.0   3   3       4.8   2.1e+02   -1.8   0.0    31    50   235   254   230   261 0.57 -
8886:5013-7346       -            778 12680at4891          -            242   0.00028   17.4   1.1   1   4    0.0018     0.077    9.4   0.0    90   122   404   437   401   449 0.86 -
8886:5013-7346       -            778 12680at4891          -            242   0.00028   17.4   1.1   2   4      0.11       4.9    3.5   0.0    17   122   565   680   555   690 0.74 -
8886:5013-7346       -            778 12680at4891          -            242   0.00028   17.4   1.1   3   4       0.8        35    0.7   0.0    91   118   691   719   680   730 0.69 -
8886:5013-7346       -            778 12680at4891          -            242   0.00028   17.4   1.1   4   4       8.4   3.6e+02   -2.6   0.0   103   121   758   777   742   778 0.72 -
9120:7323-8150       -            276 12680at4891          -            242   0.00035   17.1   0.9   1   2      0.59        25    1.2   0.0   106   122   124   141   106   147 0.61 -
9120:7323-8150       -            276 12680at4891          -            242   0.00035   17.1   0.9   2   2   0.00017    0.0073   12.8   0.5    83   122   235   276   177   276 0.71 -
9330:5451-8486       -           1012 12680at4891          -            242   0.00076   16.0   9.1   1   6      0.98        42    0.4   0.0   197   223   144   170   135   176 0.85 -
9330:5451-8486       -           1012 12680at4891          -            242   0.00076   16.0   9.1   2   6    0.0014     0.061    9.7   0.0    90   126   175   212   165   217 0.79 -
9330:5451-8486       -           1012 12680at4891          -            242   0.00076   16.0   9.1   3   6      0.93        40    0.5   0.1    93   122   220   250   214   265 0.64 -
9330:5451-8486       -           1012 12680at4891          -            242   0.00076   16.0   9.1   4   6       8.1   3.5e+02   -2.6   0.0   191   219   468   496   454   498 0.84 -
9330:5451-8486       -           1012 12680at4891          -            242   0.00076   16.0   9.1   5   6       0.2       8.5    2.7   0.0   111   133   785   807   770   854 0.63 -
9330:5451-8486       -           1012 12680at4891          -            242   0.00076   16.0   9.1   6   6      0.36        16    1.9   0.1   173   228   919   974   912   986 0.64 -
9656:28053-28895     -            281 12680at4891          -            242    0.0014   15.1   0.3   1   4      0.31        13    2.1   0.0   187   223    17    55     9    62 0.74 -
9656:28053-28895     -            281 12680at4891          -            242    0.0014   15.1   0.3   2   4    0.0062      0.27    7.6   0.0    90   128   102   141    83   144 0.72 -
9656:28053-28895     -            281 12680at4891          -            242    0.0014   15.1   0.3   3   4       2.1        89   -0.6   0.0    91   124   145   182   142   193 0.74 -
9656:28053-28895     -            281 12680at4891          -            242    0.0014   15.1   0.3   4   4       2.3        99   -0.8   0.0    10    45   239   274   219   279 0.66 -
8542:260-1981        -            574 12680at4891          -            242    0.0016   14.9   1.4   1   2   0.00026     0.011   12.2   1.0    92   131   284   325   280   408 0.89 -
8542:260-1981        -            574 12680at4891          -            242    0.0016   14.9   1.4   2   2       1.3        56    0.0   0.0    87   122   415   453   328   473 0.59 -
9592:21328-23076     -            583 12680at4891          -            242    0.0024   14.4   0.0   1   2      0.03       1.3    5.4   0.0    13    50   233   270   225   277 0.85 -
9592:21328-23076     -            583 12680at4891          -            242    0.0024   14.4   0.0   2   2     0.081       3.5    4.0   0.0   194   217   555   578   497   582 0.56 -
9070:9188-10162      -            325 12680at4891          -            242    0.0026   14.2   1.2   1   3      0.17       7.4    2.9   0.0   127   157    89   119    84   129 0.87 -
9070:9188-10162      -            325 12680at4891          -            242    0.0026   14.2   1.2   2   3      0.41        18    1.7   0.0    85   122   233   272   214   280 0.62 -
9070:9188-10162      -            325 12680at4891          -            242    0.0026   14.2   1.2   3   3     0.017      0.72    6.2   0.2    15    46   285   316   274   324 0.82 -
9662:27372-29006     -            545 12680at4891          -            242    0.0029   14.1   0.1   1   1   0.00021    0.0092   12.4   0.0    17    48   266   297   257   306 0.86 -
8466:2722-4644       -            641 12680at4891          -            242    0.0057   13.1   0.0   1   1   0.00034     0.015   11.8   0.0    68   134   161   228   157   235 0.85 -
9078:8616-9581       -            322 12680at4891          -            242     0.012   12.1  15.4   1   5       2.1        91   -0.6   0.1    10    47     4    39     1    45 0.75 -
9078:8616-9581       -            322 12680at4891          -            242     0.012   12.1  15.4   2   5      0.21       8.9    2.7   0.2    91   123    52    85    51    94 0.84 -
9078:8616-9581       -            322 12680at4891          -            242     0.012   12.1  15.4   3   5      0.06       2.6    4.4   0.1    92   122   102   133    94   146 0.61 -
9078:8616-9581       -            322 12680at4891          -            242     0.012   12.1  15.4   4   5     0.002     0.085    9.3   0.5    89   121   145   178   136   190 0.86 -
9078:8616-9581       -            322 12680at4891          -            242     0.012   12.1  15.4   5   5       0.1       4.4    3.7   0.2    90   121   190   224   182   233 0.80 -
9568:5000-6565       -            522 12680at4891          -            242      0.02   11.3   0.1   1   2       0.3        13    2.1   0.0    97   124   336   365   328   371 0.70 -
9568:5000-6565       -            522 12680at4891          -            242      0.02   11.3   0.1   2   2     0.037       1.6    5.1   0.0    19    55   392   428   380   445 0.67 -
#
# Program:         hmmsearch
# Version:         3.1b2 (February 2015)
# Pipeline mode:   SEARCH
# Query file:      /home/jj/Desktop/Bioinformatics/3rd_year/1term/Computational_genomics/Seminars/exercise_04/busco_downloads/lineages/saccharomycetes_odb10/hmms/12680at4891.hmm
# Target file:     /home/jj/Desktop/Bioinformatics/3rd_year/1term/Computational_genomics/Seminars/exercise_04/./busco/SRR6130428/SRR6130428_k63_contigs/run_saccharomycetes_odb10/metaeuk_output/initial_results/SRR6130428_k63_graph.contig.fa.modified.fas
# Option settings: hmmsearch --domtblout /home/jj/Desktop/Bioinformatics/3rd_year/1term/Computational_genomics/Seminars/exercise_04/./busco/SRR6130428/SRR6130428_k63_contigs/run_saccharomycetes_odb10/hmmer_output/initial_run_results/12680at4891.out --cpu 1 /home/jj/Desktop/Bioinformatics/3rd_year/1term/Computational_genomics/Seminars/exercise_04/busco_downloads/lineages/saccharomycetes_odb10/hmms/12680at4891.hmm /home/jj/Desktop/Bioinformatics/3rd_year/1term/Computational_genomics/Seminars/exercise_04/./busco/SRR6130428/SRR6130428_k63_contigs/run_saccharomycetes_odb10/metaeuk_output/initial_results/SRR6130428_k63_graph.contig.fa.modified.fas 
# Current dir:     /home/jj/Desktop/Bioinformatics/3rd_year/1term/Computational_genomics/Seminars/exercise_04
# Date:            Tue Nov  5 18:37:19 2024
# [ok]
