#                                                                            --- full sequence --- -------------- this domain -------------   hmm coord   ali coord   env coord
# target name        accession   tlen query name           accession   qlen   E-value  score  bias   #  of  c-Evalue  i-Evalue  score  bias  from    to  from    to  from    to  acc description of target
#------------------- ---------- ----- -------------------- ---------- ----- --------- ------ ----- --- --- --------- --------- ------ ----- ----- ----- ----- ----- ----- ----- ---- ---------------------
9254:10097-12187     -            697 12956at4891          -            351   9.1e-99  328.1  99.3   1   5   1.8e-13   4.1e-11   39.9   2.9     1   151    10   156    10   158 0.80 -
9254:10097-12187     -            697 12956at4891          -            351   9.1e-99  328.1  99.3   2   5   1.3e-06    0.0003   17.3  18.9    31   172   155   300   150   307 0.61 -
9254:10097-12187     -            697 12956at4891          -            351   9.1e-99  328.1  99.3   3   5   4.5e-47     1e-44  150.4  39.2    61   282   300   538   259   542 0.73 -
9254:10097-12187     -            697 12956at4891          -            351   9.1e-99  328.1  99.3   4   5     0.011       2.5    4.4  13.6    25   126   514   619   511   625 0.74 -
9254:10097-12187     -            697 12956at4891          -            351   9.1e-99  328.1  99.3   5   5   4.6e-42     1e-39  133.9  14.5   256   351   603   697   593   697 0.87 -
9556:3333-7874       -           1514 12956at4891          -            351   1.3e-09   35.0   3.7   1   2       4.1   9.2e+02   -4.1   0.7   117   117   910   910   853   974 0.50 -
9556:3333-7874       -           1514 12956at4891          -            351   1.3e-09   35.0   3.7   2   2   5.7e-12   1.3e-09   35.0   3.7   227   342  1131  1243  1091  1251 0.76 -
8458:4085-5296       -            404 12956at4891          -            351   1.5e-08   31.4   4.3   1   4   6.9e-11   1.5e-08   31.4   4.3   291   344    11    63     4    69 0.90 -
8458:4085-5296       -            404 12956at4891          -            351   1.5e-08   31.4   4.3   2   4      0.14        31    0.8   0.1   328   350   175   197   155   198 0.75 -
8458:4085-5296       -            404 12956at4891          -            351   1.5e-08   31.4   4.3   3   4       1.3   2.8e+02   -2.4   0.1   161   204   253   298   240   314 0.52 -
8458:4085-5296       -            404 12956at4891          -            351   1.5e-08   31.4   4.3   4   4       1.8     4e+02   -2.9   0.1   101   128   353   379   292   394 0.57 -
8724:646-1602        -            319 12956at4891          -            351   7.1e-05   19.3   8.4   1   1   5.2e-07   0.00012   18.6   8.4   296   344   266   313   231   318 0.79 -
9338:12070-13266     -            399 12956at4891          -            351   0.00024   17.6   0.2   1   1   1.6e-06   0.00036   17.0   0.2   264   341   299   376   292   378 0.91 -
8998:8116-10485      -            790 12956at4891          -            351    0.0005   16.6   5.5   1   4       8.7   1.9e+03   -5.1   6.9   116   197    80   163     7   168 0.59 -
8998:8116-10485      -            790 12956at4891          -            351    0.0005   16.6   5.5   2   4   2.2e-06    0.0005   16.6   5.5   296   342   534   585   522   593 0.88 -
8998:8116-10485      -            790 12956at4891          -            351    0.0005   16.6   5.5   3   4       0.1        23    1.2   0.2    12    56   595   641   587   688 0.76 -
8998:8116-10485      -            790 12956at4891          -            351    0.0005   16.6   5.5   4   4       2.6   5.9e+02   -3.4   0.1   168   194   750   776   745   781 0.57 -
9336:12582-12737     -             52 12956at4891          -            351     0.037   10.4   3.1   1   1   0.00017     0.039   10.3   3.1   294   338     3    52     1    52 0.79 -
9430:1899-2525       -            209 12956at4891          -            351      0.04   10.3   5.3   1   1   0.00023     0.052    9.9   5.3   223   292    36   102    13   109 0.72 -
9634:10956-11090     -             45 12956at4891          -            351      0.15    8.4   6.7   1   1   0.00062      0.14    8.5   6.7   311   338    17    45     1    45 0.82 -
8410:4712-5206       -            165 12956at4891          -            351      0.21    8.0   3.0   1   1    0.0012      0.27    7.6   3.0   310   344    65   101    51   128 0.91 -
8934:8184-9401       -            406 12956at4891          -            351      0.47    6.8  18.9   1   2   0.00044     0.098    9.0   7.7   169   268   135   239   130   255 0.82 -
8934:8184-9401       -            406 12956at4891          -            351      0.47    6.8  18.9   2   2     0.086        19    1.5   5.8   173   295   249   371   226   377 0.75 -
9294:14598-15275     -            226 12956at4891          -            351       3.1    4.1  18.9   1   1       0.1        22    1.3  17.6    64   189    20   145     9   209 0.73 -
#
# Program:         hmmsearch
# Version:         3.1b2 (February 2015)
# Pipeline mode:   SEARCH
# Query file:      /home/jj/Desktop/Bioinformatics/3rd_year/1term/Computational_genomics/Seminars/exercise_04/busco_downloads/lineages/saccharomycetes_odb10/hmms/12956at4891.hmm
# Target file:     /home/jj/Desktop/Bioinformatics/3rd_year/1term/Computational_genomics/Seminars/exercise_04/./busco/SRR6130428/SRR6130428_k63_contigs/run_saccharomycetes_odb10/metaeuk_output/initial_results/SRR6130428_k63_graph.contig.fa.modified.fas
# Option settings: hmmsearch --domtblout /home/jj/Desktop/Bioinformatics/3rd_year/1term/Computational_genomics/Seminars/exercise_04/./busco/SRR6130428/SRR6130428_k63_contigs/run_saccharomycetes_odb10/hmmer_output/initial_run_results/12956at4891.out --cpu 1 /home/jj/Desktop/Bioinformatics/3rd_year/1term/Computational_genomics/Seminars/exercise_04/busco_downloads/lineages/saccharomycetes_odb10/hmms/12956at4891.hmm /home/jj/Desktop/Bioinformatics/3rd_year/1term/Computational_genomics/Seminars/exercise_04/./busco/SRR6130428/SRR6130428_k63_contigs/run_saccharomycetes_odb10/metaeuk_output/initial_results/SRR6130428_k63_graph.contig.fa.modified.fas 
# Current dir:     /home/jj/Desktop/Bioinformatics/3rd_year/1term/Computational_genomics/Seminars/exercise_04
# Date:            Tue Nov  5 18:37:20 2024
# [ok]
