#                                                                            --- full sequence --- -------------- this domain -------------   hmm coord   ali coord   env coord
# target name        accession   tlen query name           accession   qlen   E-value  score  bias   #  of  c-Evalue  i-Evalue  score  bias  from    to  from    to  from    to  acc description of target
#------------------- ---------- ----- -------------------- ---------- ----- --------- ------ ----- --- --- --------- --------- ------ ----- ----- ----- ----- ----- ----- ----- ---- ---------------------
9326:9995-12589      -            865 13193at4891          -            537  6.4e-130  431.2  27.7   1   4    7e-125  1.7e-122  406.7   0.3     1   373    17   504    17   513 0.82 -
9326:9995-12589      -            865 13193at4891          -            537  6.4e-130  431.2  27.7   2   4   3.2e-05    0.0078   11.8   0.5   331   395   480   548   475   564 0.72 -
9326:9995-12589      -            865 13193at4891          -            537  6.4e-130  431.2  27.7   3   4   4.7e-10   1.2e-07   27.7   6.5   397   531   578   735   561   741 0.74 -
9326:9995-12589      -            865 13193at4891          -            537  6.4e-130  431.2  27.7   4   4       1.6   3.8e+02   -3.7   3.6   504   535   803   834   735   845 0.59 -
8934:4905-6950       -            682 13193at4891          -            537   4.8e-58  194.0   8.3   1   2   1.2e-57   2.9e-55  184.8   1.5     2   320    51   422    50   432 0.84 -
8934:4905-6950       -            682 13193at4891          -            537   4.8e-58  194.0   8.3   2   2   0.00018     0.045    9.3   0.8   407   474   573   650   516   658 0.74 -
9046:8407-10239      -            611 13193at4891          -            537   3.4e-57  191.2  10.8   1   2   3.3e-58     8e-56  186.7   0.1     4   323     1   374     1   384 0.83 -
9046:8407-10239      -            611 13193at4891          -            537   3.4e-57  191.2  10.8   2   2     0.015       3.6    3.0   6.6   395   466   508   593   464   605 0.66 -
8066:208-2040        -            611 13193at4891          -            537     7e-56  186.9   8.2   1   2   2.4e-56   5.9e-54  180.5   0.1     4   323     1   374     1   387 0.83 -
8066:208-2040        -            611 13193at4891          -            537     7e-56  186.9   8.2   2   2     0.004      0.97    4.9   4.2   412   465   529   592   465   605 0.70 -
7202:0-1001          -            334 13193at4891          -            537   4.4e-46  154.5   0.1   1   1   2.4e-48   5.9e-46  154.1   0.1    77   323    10   293     2   303 0.85 -
8268:2774-4669       -            632 13193at4891          -            537     3e-45  151.8   7.0   1   2   5.4e-45   1.3e-42  143.0   0.2     5   318     4   376     2   385 0.81 -
8268:2774-4669       -            632 13193at4891          -            537     3e-45  151.8   7.0   2   2   0.00038     0.092    8.2   2.2   380   458   536   619   518   631 0.67 -
9466:7236-9092       -            619 13193at4891          -            537   4.6e-44  147.9   4.6   1   2   1.1e-44   2.6e-42  142.1   0.2     5   318     4   376     2   387 0.80 -
9466:7236-9092       -            619 13193at4891          -            537   4.6e-44  147.9   4.6   2   2     0.003      0.74    5.3   0.8   408   452   561   613   514   618 0.68 -
8506:2332-4293       -            654 13193at4891          -            537     3e-36  122.1  12.3   1   2   1.4e-38   3.4e-36  121.9   0.3     1   325    30   407    30   418 0.82 -
8506:2332-4293       -            654 13193at4891          -            537     3e-36  122.1  12.3   2   2     0.055        13    1.1   6.3   401   486   551   636   494   653 0.63 -
9188:8052-9938       -            629 13193at4891          -            537   6.7e-34  114.3   9.7   1   3   4.3e-06     0.001   14.7   0.0     2    80    15    93    14   104 0.93 -
9188:8052-9938       -            629 13193at4891          -            537   6.7e-34  114.3   9.7   2   3   3.1e-32   7.5e-30  100.9   1.2   108   324   142   390   130   402 0.83 -
9188:8052-9938       -            629 13193at4891          -            537   6.7e-34  114.3   9.7   3   3     0.027       6.5    2.1   1.4   402   483   536   617   479   626 0.83 -
9696:13917-15803     -            629 13193at4891          -            537   5.1e-31  104.8   0.2   1   3      0.57   1.4e+02   -2.2   0.0    50    80    65    95     6    98 0.62 -
9696:13917-15803     -            629 13193at4891          -            537   5.1e-31  104.8   0.2   2   3   2.1e-33   5.1e-31  104.8   0.2   110   321   148   392   140   405 0.83 -
9696:13917-15803     -            629 13193at4891          -            537   5.1e-31  104.8   0.2   3   3      0.34        83   -1.5   1.3   428   517   526   619   481   629 0.59 -
8574:2079-3692       -            538 13193at4891          -            537   2.6e-26   89.3   0.4   1   1   8.1e-28     2e-25   86.4   0.4     3   306     5   357     3   359 0.79 -
#
# Program:         hmmsearch
# Version:         3.1b2 (February 2015)
# Pipeline mode:   SEARCH
# Query file:      /home/jj/Desktop/Bioinformatics/3rd_year/1term/Computational_genomics/Seminars/exercise_04/busco_downloads/lineages/saccharomycetes_odb10/hmms/13193at4891.hmm
# Target file:     /home/jj/Desktop/Bioinformatics/3rd_year/1term/Computational_genomics/Seminars/exercise_04/./busco/SRR6130428/SRR6130428_k63_contigs/run_saccharomycetes_odb10/metaeuk_output/initial_results/SRR6130428_k63_graph.contig.fa.modified.fas
# Option settings: hmmsearch --domtblout /home/jj/Desktop/Bioinformatics/3rd_year/1term/Computational_genomics/Seminars/exercise_04/./busco/SRR6130428/SRR6130428_k63_contigs/run_saccharomycetes_odb10/hmmer_output/initial_run_results/13193at4891.out --cpu 1 /home/jj/Desktop/Bioinformatics/3rd_year/1term/Computational_genomics/Seminars/exercise_04/busco_downloads/lineages/saccharomycetes_odb10/hmms/13193at4891.hmm /home/jj/Desktop/Bioinformatics/3rd_year/1term/Computational_genomics/Seminars/exercise_04/./busco/SRR6130428/SRR6130428_k63_contigs/run_saccharomycetes_odb10/metaeuk_output/initial_results/SRR6130428_k63_graph.contig.fa.modified.fas 
# Current dir:     /home/jj/Desktop/Bioinformatics/3rd_year/1term/Computational_genomics/Seminars/exercise_04
# Date:            Tue Nov  5 18:37:21 2024
# [ok]
