#                                                                            --- full sequence --- -------------- this domain -------------   hmm coord   ali coord   env coord
# target name        accession   tlen query name           accession   qlen   E-value  score  bias   #  of  c-Evalue  i-Evalue  score  bias  from    to  from    to  from    to  acc description of target
#------------------- ---------- ----- -------------------- ---------- ----- --------- ------ ----- --- --- --------- --------- ------ ----- ----- ----- ----- ----- ----- ----- ---- ---------------------
9280:3099-4592       -            498 13303at4891          -            299    2e-139  460.8   1.6   1   4   7.4e-78   1.8e-76  254.1   0.3     2   194     3   218     2   223 0.86 -
9280:3099-4592       -            498 13303at4891          -            299    2e-139  460.8   1.6   2   4   1.3e-53   3.2e-52  174.5   0.0   159   261   251   353   238   377 0.90 -
9280:3099-4592       -            498 13303at4891          -            299    2e-139  460.8   1.6   3   4       3.9        93   -1.1   0.0   256   270   376   390   368   405 0.78 -
9280:3099-4592       -            498 13303at4891          -            299    2e-139  460.8   1.6   4   4   1.1e-07   2.6e-06   23.7   0.0   268   298   433   463   415   464 0.89 -
8460:1970-2827       -            286 13303at4891          -            299   1.9e-42  142.4   0.1   1   1   6.3e-43   1.5e-41  139.4   0.1    20   295     2   286     1   286 0.82 -
9022:9769-10653      -            295 13303at4891          -            299   1.5e-35  119.8   0.0   1   1   1.3e-35     3e-34  115.4   0.0    20   298     2   295     1   295 0.80 -
9508:1626-2423       -            266 13303at4891          -            299   2.1e-34  115.9   1.3   1   2   3.7e-32   8.8e-31  104.1   1.9    86   243    43   189    24   201 0.90 -
9508:1626-2423       -            266 13303at4891          -            299   2.1e-34  115.9   1.3   2   2    0.0067      0.16    8.0   0.0   270   297   231   258   213   260 0.91 -
8068:741-1847        -            369 13303at4891          -            299   6.3e-33  111.1   0.0   1   1     5e-34   1.2e-32  110.2   0.0    12   297     9   319     2   321 0.79 -
8554:159-1031        -            291 13303at4891          -            299   6.9e-33  111.0   0.0   1   1   2.3e-33   5.5e-32  108.0   0.0    21   298     1   290     1   291 0.79 -
9548:337-1380        -            348 13303at4891          -            299   2.7e-31  105.7   0.0   1   1     2e-32   4.7e-31  104.9   0.0    17   296     9   308     3   310 0.80 -
7804:258-1562        -            435 13303at4891          -            299   6.5e-31  104.5   0.0   1   1   2.3e-31   5.4e-30  101.5   0.0     8   295    10   301     3   304 0.80 -
9494:7698-8528       -            277 13303at4891          -            299   1.5e-30  103.2   0.3   1   1   4.2e-31     1e-29  100.6   0.3    27   293     1   275     1   277 0.77 -
9342:14110-15051     -            314 13303at4891          -            299   1.7e-30  103.1   0.0   1   1   3.1e-31   7.3e-30  101.0   0.0    25   298     5   309     1   310 0.77 -
8384:242-1183        -            314 13303at4891          -            299   8.3e-30  100.9   0.0   1   1     9e-31   2.1e-29   99.5   0.0    16   297     3   305     1   307 0.79 -
9648:180-2069        -            630 13303at4891          -            299   8.7e-30  100.8   1.1   1   2   7.6e-30   1.8e-28   96.5   1.4    20   219    51   249    43   254 0.85 -
9648:180-2069        -            630 13303at4891          -            299   8.7e-30  100.8   1.1   2   2         3        71   -0.7   0.0   272   297   279   304   275   305 0.91 -
9700:35509-36408     -            300 13303at4891          -            299   2.6e-29   99.2   0.0   1   1   7.9e-30   1.9e-28   96.4   0.0    25   298     5   286     1   287 0.80 -
9666:20504-21955     -            484 13303at4891          -            299   4.7e-29   98.4   0.3   1   1   4.7e-30   1.1e-28   97.2   0.3    19   298   166   456   153   457 0.76 -
9468:11302-12276     -            325 13303at4891          -            299   2.6e-28   95.9   0.0   1   1   1.9e-29   4.4e-28   95.2   0.0    21   298     5   306     1   307 0.72 -
9376:4767-5852       -            362 13303at4891          -            299   3.1e-27   92.4   0.0   1   1   7.8e-28   1.8e-26   89.9   0.0    17   297     7   307     4   309 0.75 -
9578:6054-6923       -            290 13303at4891          -            299   1.8e-25   86.6   0.1   1   1   5.9e-26   1.4e-24   83.7   0.1    89   298    81   285     1   286 0.85 -
9558:17836-18582     -            249 13303at4891          -            299   5.1e-25   85.1   0.3   1   1   1.5e-23   3.7e-22   75.8   0.3    27   218     3   193     1   249 0.81 -
9140:10766-11608     -            281 13303at4891          -            299   1.3e-24   83.8   0.2   1   1   3.9e-25   9.2e-24   81.0   0.2    27   298     1   280     1   281 0.71 -
8586:248-1081        -            278 13303at4891          -            299   1.4e-23   80.4   0.1   1   2   1.8e-22   4.2e-21   72.3   0.2    18   214    13   213     5   232 0.78 -
8586:248-1081        -            278 13303at4891          -            299   1.4e-23   80.4   0.1   2   2     0.051       1.2    5.1   0.0   270   295   252   277   239   278 0.85 -
9650:24829-29790     -           1654 13303at4891          -            299   4.8e-23   78.6   1.6   1   4     0.006      0.14    8.1   0.0    96   214   352   471   341   478 0.62 -
9650:24829-29790     -           1654 13303at4891          -            299   4.8e-23   78.6   1.6   2   4      0.05       1.2    5.1   0.0   258   297   485   523   473   525 0.85 -
9650:24829-29790     -           1654 13303at4891          -            299   4.8e-23   78.6   1.6   3   4     0.021      0.51    6.3   0.0    19    71   592   648   583   663 0.79 -
9650:24829-29790     -           1654 13303at4891          -            299   4.8e-23   78.6   1.6   4   4   7.8e-17   1.9e-15   53.7   0.0    77   219   771   917   760   934 0.75 -
9352:14667-17009     -            781 13303at4891          -            299   1.5e-22   77.0   0.2   1   3      0.21       5.1    3.1   0.0     4    41   467   506   464   510 0.78 -
9352:14667-17009     -            781 13303at4891          -            299   1.5e-22   77.0   0.2   2   3   1.4e-20   3.3e-19   66.0   0.0    42   221   529   710   524   735 0.79 -
9352:14667-17009     -            781 13303at4891          -            299   1.5e-22   77.0   0.2   3   3       0.1       2.4    4.1   0.0   271   297   740   766   719   768 0.85 -
9576:4640-5464       -            275 13303at4891          -            299   1.8e-22   76.8   0.0   1   1   4.2e-22   9.9e-21   71.1   0.0    20   227    10   219     5   275 0.80 -
9688:6201-6989       -            263 13303at4891          -            299   1.8e-22   76.8   0.0   1   1     1e-23   2.4e-22   76.3   0.0    25   220     6   213     1   229 0.80 -
9724:16735-17796     -            354 13303at4891          -            299   7.6e-22   74.7   0.4   1   3     0.015      0.36    6.8   0.0    17    40     1    24     1    31 0.89 -
9724:16735-17796     -            354 13303at4891          -            299   7.6e-22   74.7   0.4   2   3   1.9e-16   4.5e-15   52.5   0.2   101   237   129   269    51   277 0.80 -
9724:16735-17796     -            354 13303at4891          -            299   7.6e-22   74.7   0.4   3   3   0.00039    0.0092   12.1   0.0   271   297   328   354   309   354 0.88 -
8792:3540-5258       -            573 13303at4891          -            299   8.1e-22   74.6   0.0   1   2   3.7e-21   8.9e-20   67.9   0.0    18   219   299   496   281   509 0.85 -
8792:3540-5258       -            573 13303at4891          -            299   8.1e-22   74.6   0.0   2   2      0.12       2.8    3.9   0.0   271   298   528   555   517   556 0.89 -
9674:28087-29058     -            324 13303at4891          -            299   1.4e-21   73.9   0.1   1   1     3e-21   7.1e-20   68.3   0.1   103   298    99   293     2   294 0.80 -
8764:438-2084        -            549 13303at4891          -            299   1.6e-21   73.6   0.8   1   3     0.014      0.33    7.0   0.0    16    40    70    94    62   100 0.86 -
8764:438-2084        -            549 13303at4891          -            299   1.6e-21   73.6   0.8   2   3   1.4e-17   3.4e-16   56.2   0.1    44   222   190   367   170   393 0.83 -
8764:438-2084        -            549 13303at4891          -            299   1.6e-21   73.6   0.8   3   3     0.012      0.28    7.2   0.0   265   298   432   465   420   466 0.89 -
9206:2109-6836       -           1576 13303at4891          -            299   1.9e-21   73.4   0.2   1   1   4.1e-20   9.8e-19   64.5   0.2    13   295  1258  1557  1248  1561 0.70 -
9168:5060-6598       -            513 13303at4891          -            299     3e-21   72.7   0.0   1   2   5.8e-20   1.4e-18   64.0   0.1    19   220   198   421   181   432 0.74 -
9168:5060-6598       -            513 13303at4891          -            299     3e-21   72.7   0.0   2   2     0.018      0.44    6.6   0.0   259   298   440   482   428   483 0.79 -
9680:21437-22237     -            267 13303at4891          -            299     3e-21   72.7   0.1   1   2   3.1e-21   7.3e-20   68.2   0.1    20   219    17   209     9   222 0.81 -
9680:21437-22237     -            267 13303at4891          -            299     3e-21   72.7   0.1   2   2       1.3        31    0.5   0.0   270   297   238   265   218   267 0.85 -
8274:2342-3058       -            239 13303at4891          -            299   4.7e-21   72.1   0.4   1   2   4.3e-20     1e-18   64.5   0.2    27   224     3   195     1   204 0.82 -
8274:2342-3058       -            239 13303at4891          -            299   4.7e-21   72.1   0.4   2   2      0.73        17    1.3   0.0   271   291   219   239   202   239 0.85 -
9722:16235-17092     -            286 13303at4891          -            299   1.4e-20   70.6   0.0   1   1   2.3e-20   5.4e-19   65.3   0.0    25   221     6   222     1   286 0.70 -
9082:7406-8569       -            388 13303at4891          -            299   2.1e-20   70.0   0.1   1   2   1.5e-18   3.6e-17   59.4   0.1    54   220    80   239    73   251 0.87 -
9082:7406-8569       -            388 13303at4891          -            299   2.1e-20   70.0   0.1   2   2      0.02      0.47    6.5   0.0   268   298   264   294   241   295 0.82 -
9370:13593-17402     -           1270 13303at4891          -            299   3.3e-20   69.3   0.0   1   2     1e-20   2.5e-19   66.5   0.0    15   220   974  1199   962  1213 0.76 -
9370:13593-17402     -           1270 13303at4891          -            299   3.3e-20   69.3   0.0   2   2       2.2        51   -0.2   0.0   271   296  1231  1256  1222  1259 0.88 -
9138:9482-10486      -            335 13303at4891          -            299   6.2e-20   68.4   0.0   1   1     3e-20   7.2e-19   64.9   0.0    16   221    36   269    25   335 0.68 -
9652:9845-11956      -            704 13303at4891          -            299   7.5e-20   68.2   0.0   1   2   1.7e-20     4e-19   65.8   0.0    17   228    78   288    69   300 0.80 -
9652:9845-11956      -            704 13303at4891          -            299   7.5e-20   68.2   0.0   2   2         3        70   -0.7   0.0   264   297   306   338   293   340 0.80 -
9220:10894-11814     -            307 13303at4891          -            299   1.3e-19   67.4   0.4   1   2   9.5e-20   2.2e-18   63.3   0.4    43   218    47   222    41   231 0.81 -
9220:10894-11814     -            307 13303at4891          -            299   1.3e-19   67.4   0.4   2   2       1.3        30    0.5   0.0   271   297   259   285   253   287 0.92 -
9556:876-1871        -            332 13303at4891          -            299   1.6e-19   67.1   0.3   1   3   2.6e-05   0.00063   15.9   0.0    20    41    12    33     3    57 0.87 -
9556:876-1871        -            332 13303at4891          -            299   1.6e-19   67.1   0.3   2   3   2.8e-08   6.7e-07   25.6   0.0   109   143   140   174    67   180 0.72 -
9556:876-1871        -            332 13303at4891          -            299   1.6e-19   67.1   0.3   3   3   5.7e-07   1.4e-05   21.4   0.0   179   225   231   276   214   283 0.84 -
9332:9525-11471      -            649 13303at4891          -            299   1.8e-19   66.9   0.6   1   3      0.54        13    1.7   0.0     3    42   335   376   333   379 0.81 -
9332:9525-11471      -            649 13303at4891          -            299   1.8e-19   66.9   0.6   2   3   1.7e-17   3.9e-16   56.0   0.1    42   220   396   578   388   591 0.75 -
9332:9525-11471      -            649 13303at4891          -            299   1.8e-19   66.9   0.6   3   3     0.064       1.5    4.8   0.1   268   297   606   635   594   637 0.86 -
9284:13564-14592     -            343 13303at4891          -            299   2.1e-19   66.7   0.2   1   2   6.5e-18   1.5e-16   57.3   0.1    56   229    90   255    80   261 0.84 -
9284:13564-14592     -            343 13303at4891          -            299   2.1e-19   66.7   0.2   2   2     0.061       1.4    4.9   0.0   269   298   276   305   261   306 0.87 -
8710:5595-6479       -            295 13303at4891          -            299   6.3e-19   65.1   0.6   1   2   2.5e-17     6e-16   55.3   0.9    21   223     1   240     1   246 0.66 -
8710:5595-6479       -            295 13303at4891          -            299   6.3e-19   65.1   0.6   2   2         3        71   -0.7   0.0   273   296   271   294   264   295 0.88 -
7984:778-3069        -            764 13303at4891          -            299   8.9e-19   64.6   0.1   1   1   1.5e-19   3.6e-18   62.6   0.1    19   222   350   555   346   561 0.78 -
9714:25935-26888     -            318 13303at4891          -            299   1.1e-18   64.3   0.0   1   2   1.3e-18   3.1e-17   59.6   0.0    22   218    13   218     6   234 0.78 -
9714:25935-26888     -            318 13303at4891          -            299   1.1e-18   64.3   0.0   2   2      0.29       6.9    2.6   0.0   265   295   247   277   241   281 0.84 -
9724:42501-46928     -           1476 13303at4891          -            299   1.6e-18   63.8   0.0   1   1   1.6e-17   3.9e-16   56.0   0.0    26   296  1180  1440  1170  1443 0.74 -
9648:20903-21709     -            269 13303at4891          -            299   3.2e-18   62.8   0.1   1   1   1.8e-19   4.3e-18   62.4   0.1    20   222     5   221     3   264 0.76 -
8798:2318-3331       -            338 13303at4891          -            299   3.3e-18   62.8   0.0   1   1   3.8e-19     9e-18   61.3   0.0   110   223   160   281   146   303 0.77 -
9696:23411-25501     -            697 13303at4891          -            299   3.4e-18   62.7   0.0   1   3       4.7   1.1e+02   -1.3   0.0    27    51   401   428   385   433 0.76 -
9696:23411-25501     -            697 13303at4891          -            299   3.4e-18   62.7   0.0   2   3     1e-16   2.5e-15   53.3   0.0    60   220   483   638   478   655 0.78 -
9696:23411-25501     -            697 13303at4891          -            299   3.4e-18   62.7   0.0   3   3     0.029      0.68    5.9   0.0   270   297   666   693   643   695 0.80 -
8018:2579-3376       -            266 13303at4891          -            299   4.7e-18   62.3   0.2   1   1   5.1e-18   1.2e-16   57.6   0.2    19   223     5   206     2   218 0.81 -
8588:5598-6413       -            272 13303at4891          -            299   4.7e-18   62.3   0.1   1   1   5.3e-18   1.3e-16   57.6   0.1    20   223    11   211     6   224 0.77 -
9582:21971-22969     -            333 13303at4891          -            299   5.5e-18   62.0   0.0   1   2   1.5e-17   3.5e-16   56.1   0.1    55   228    58   223    54   242 0.86 -
9582:21971-22969     -            333 13303at4891          -            299   5.5e-18   62.0   0.0   2   2      0.77        18    1.2   0.0   269   298   245   274   221   275 0.84 -
9270:5360-6181       -            274 13303at4891          -            299   6.7e-18   61.8   0.4   1   1     9e-19   2.1e-17   60.1   0.4    27   218     7   206     1   216 0.74 -
9680:14913-17372     -            820 13303at4891          -            299   1.3e-17   60.8   0.1   1   2   9.6e-17   2.3e-15   53.5   0.1    16   225   192   414   179   416 0.79 -
9680:14913-17372     -            820 13303at4891          -            299   1.3e-17   60.8   0.1   2   2       0.1       2.4    4.1   0.0   271   297   441   467   429   469 0.89 -
9344:12609-14093     -            495 13303at4891          -            299   2.1e-17   60.2   0.0   1   3   3.4e-15   8.1e-14   48.4   0.2    19   157     4   154     2   168 0.78 -
9344:12609-14093     -            495 13303at4891          -            299   2.1e-17   60.2   0.0   2   3     0.004     0.095    8.7   0.0   179   221   360   402   346   417 0.82 -
9344:12609-14093     -            495 13303at4891          -            299   2.1e-17   60.2   0.0   3   3       9.1   2.2e+02   -2.3   0.0   271   292   438   459   432   469 0.73 -
8666:1918-2913       -            332 13303at4891          -            299   4.7e-17   59.0   0.7   1   1   1.7e-15     4e-14   49.4   0.7    53   222    55   253     1   321 0.67 -
9442:11388-12206     -            273 13303at4891          -            299   5.8e-17   58.7   0.0   1   2   9.1e-17   2.2e-15   53.5   0.0    27   215     1   190     1   207 0.76 -
9442:11388-12206     -            273 13303at4891          -            299   5.8e-17   58.7   0.0   2   2      0.61        15    1.6   0.0   270   298   223   251   211   252 0.87 -
9050:611-1576        -            322 13303at4891          -            299   7.3e-17   58.4   4.0   1   3     0.003     0.072    9.1   0.1    19    49     3    36     2    96 0.83 -
9050:611-1576        -            322 13303at4891          -            299   7.3e-17   58.4   4.0   2   3   6.9e-15   1.6e-13   47.4   0.3    64   223   106   271    95   278 0.73 -
9050:611-1576        -            322 13303at4891          -            299   7.3e-17   58.4   4.0   3   3       1.2        28    0.6   0.0   271   292   300   321   292   322 0.90 -
8804:3362-4279       -            306 13303at4891          -            299   2.3e-16   56.7   0.3   1   1   1.2e-16   2.9e-15   53.1   0.3    19   238     2   223     1   275 0.76 -
9112:9860-10915      -            352 13303at4891          -            299     3e-16   56.4   0.0   1   1   2.6e-17   6.1e-16   55.3   0.0    19   216    20   217    13   225 0.79 -
9026:3240-4322       -            361 13303at4891          -            299   4.5e-16   55.8   0.5   1   1   1.5e-16   3.6e-15   52.8   0.5    14   226    95   307    81   316 0.78 -
9288:6241-7161       -            307 13303at4891          -            299   4.9e-16   55.6   0.0   1   2   2.4e-14   5.8e-13   45.6   0.0    21   218     1   214     1   230 0.71 -
9288:6241-7161       -            307 13303at4891          -            299   4.9e-16   55.6   0.0   2   2    0.0097      0.23    7.5   0.0   266   297   247   278   230   280 0.83 -
9220:8467-9282       -            272 13303at4891          -            299   5.6e-16   55.5   0.0   1   1   4.6e-15   1.1e-13   47.9   0.0    27   295     9   269     2   272 0.66 -
7674:805-1767        -            321 13303at4891          -            299   6.4e-16   55.3   1.6   1   3     0.098       2.3    4.2   0.1    25    74    11    66     3    77 0.73 -
7674:805-1767        -            321 13303at4891          -            299   6.4e-16   55.3   1.6   2   3   1.1e-09   2.6e-08   30.3   0.1    70   142    82   158    69   164 0.81 -
7674:805-1767        -            321 13303at4891          -            299   6.4e-16   55.3   1.6   3   3   0.00021    0.0049   13.0   0.0   137   229   174   269   171   321 0.67 -
9214:3531-4694       -            388 13303at4891          -            299   6.5e-16   55.2   0.0   1   1   5.9e-17   1.4e-15   54.1   0.0    19   218    64   263    58   270 0.79 -
9000:1272-2168       -            299 13303at4891          -            299   8.8e-16   54.8   0.1   1   2   1.1e-16   2.5e-15   53.3   0.1    57   219    51   208     3   218 0.84 -
9000:1272-2168       -            299 13303at4891          -            299   8.8e-16   54.8   0.1   2   2         9   2.1e+02   -2.3   0.0   271   297   272   298   268   299 0.87 -
8772:6932-7705       -            258 13303at4891          -            299   9.3e-16   54.7   0.3   1   1   1.3e-15     3e-14   49.8   0.3    20   222     4   203     2   213 0.74 -
9396:10785-11381     -            199 13303at4891          -            299   9.5e-16   54.7   0.1   1   1   6.3e-17   1.5e-15   54.0   0.1    57   218    41   197    33   199 0.85 -
9288:1887-2741       -            285 13303at4891          -            299   1.4e-15   54.1   0.0   1   1   9.8e-17   2.3e-15   53.4   0.0    55   219    58   217    26   228 0.83 -
9242:6452-8167       -            572 13303at4891          -            299   1.4e-15   54.1   0.0   1   2   2.4e-15   5.7e-14   48.9   0.1    18   159   174   326   160   338 0.82 -
9242:6452-8167       -            572 13303at4891          -            299   1.4e-15   54.1   0.0   2   2      0.25       5.9    2.8   0.0   163   222   359   418   348   426 0.73 -
8850:3013-4704       -            564 13303at4891          -            299   1.5e-15   54.0   0.0   1   2   1.6e-15   3.7e-14   49.5   0.1    18   160   166   319   152   330 0.81 -
8850:3013-4704       -            564 13303at4891          -            299   1.5e-15   54.0   0.0   2   2      0.42        10    2.1   0.0   179   222   368   410   341   417 0.73 -
9404:2234-3256       -            341 13303at4891          -            299   1.7e-15   53.9   0.1   1   1   1.2e-16   2.8e-15   53.2   0.1    20   219    40   259    29   322 0.75 -
9274:513-1736        -            408 13303at4891          -            299   2.1e-15   53.6   0.0   1   1   1.6e-16   3.7e-15   52.7   0.0    57   221    81   247    76   253 0.81 -
9018:8533-10704      -            724 13303at4891          -            299   2.6e-15   53.3   0.1   1   3   2.1e-08   5.1e-07   26.0   0.0    21   140   305   440   298   448 0.77 -
9018:8533-10704      -            724 13303at4891          -            299   2.6e-15   53.3   0.1   2   3    0.0096      0.23    7.5   0.0   180   223   498   542   496   555 0.77 -
9018:8533-10704      -            724 13303at4891          -            299   2.6e-15   53.3   0.1   3   3     3e-05   0.00072   15.7   0.0   246   297   662   713   652   714 0.89 -
9598:11083-11721     -            213 13303at4891          -            299     3e-15   53.1   0.0   1   1     2e-16   4.7e-15   52.4   0.0    27   162     3   157     1   212 0.67 -
9236:8838-9737       -            300 13303at4891          -            299   5.9e-15   52.1   0.2   1   2   2.2e-15   5.2e-14   49.0   0.3    19   228     8   217     3   225 0.76 -
9236:8838-9737       -            300 13303at4891          -            299   5.9e-15   52.1   0.2   2   2       7.3   1.7e+02   -2.0   0.0   270   298   238   271   218   272 0.76 -
9022:791-1471        -            227 13303at4891          -            299   6.2e-15   52.0   0.2   1   1   5.6e-16   1.3e-14   50.9   0.2    67   227    23   189    12   196 0.78 -
9270:2604-3470       -            289 13303at4891          -            299   8.1e-15   51.6   0.0   1   1   8.6e-14     2e-12   43.8   0.0    16   220     8   215     5   283 0.70 -
7548:67-747          -            227 13303at4891          -            299   9.7e-15   51.4   0.0   1   1   4.8e-16   1.1e-14   51.2   0.0    20   163     2   155     1   209 0.75 -
9516:8073-8876       -            268 13303at4891          -            299   2.4e-14   50.1   1.4   1   2   2.2e-13   5.2e-12   42.4   1.1    20   222     9   221     2   230 0.69 -
9516:8073-8876       -            268 13303at4891          -            299   2.4e-14   50.1   1.4   2   2       6.4   1.5e+02   -1.8   0.0   262   295   234   267   224   268 0.81 -
9316:14764-15318     -            185 13303at4891          -            299   4.1e-14   49.3   0.1   1   2   2.6e-12   6.2e-11   38.9   0.0    88   160    49   125    10   137 0.79 -
9316:14764-15318     -            185 13303at4891          -            299   4.1e-14   49.3   0.1   2   2    0.0041     0.096    8.7   0.0   197   219   157   179   151   184 0.88 -
9572:16580-17233     -            218 13303at4891          -            299   9.6e-14   48.1   0.3   1   2   4.2e-05     0.001   15.2   0.1    27    73     1    52     1    81 0.86 -
9572:16580-17233     -            218 13303at4891          -            299   9.6e-14   48.1   0.3   2   2   1.6e-09   3.7e-08   29.8   0.0   108   212   105   197    92   202 0.84 -
9144:11649-12578     -            310 13303at4891          -            299   1.5e-13   47.5   0.7   1   2   9.9e-13   2.3e-11   40.3   0.3    56   220    73   229    63   240 0.78 -
9144:11649-12578     -            310 13303at4891          -            299   1.5e-13   47.5   0.7   2   2      0.12       2.8    3.9   0.0   261   296   247   282   232   284 0.82 -
8492:4616-5878       -            421 13303at4891          -            299   1.7e-13   47.3   0.0   1   1   2.5e-14   5.9e-13   45.5   0.0   113   220   222   337   211   398 0.80 -
9502:2145-3251       -            369 13303at4891          -            299   1.8e-13   47.2   0.0   1   1   1.3e-14   3.1e-13   46.4   0.0   111   214   137   241   113   249 0.76 -
9538:10065-10994     -            310 13303at4891          -            299     2e-13   47.1   0.3   1   2     5e-13   1.2e-11   41.2   0.2    59   220    76   229    69   240 0.77 -
9538:10065-10994     -            310 13303at4891          -            299     2e-13   47.1   0.3   2   2      0.66        16    1.5   0.0   265   297   251   283   236   285 0.84 -
9470:3000-4022       -            341 13303at4891          -            299   3.3e-13   46.3   0.1   1   2   3.9e-14   9.2e-13   44.9   0.0    22   218    25   244     9   259 0.68 -
9470:3000-4022       -            341 13303at4891          -            299   3.3e-13   46.3   0.1   2   2       5.6   1.3e+02   -1.6   0.0   254   298   260   307   238   308 0.69 -
8386:2346-3074       -            243 13303at4891          -            299   4.4e-13   45.9   0.0   1   1   1.2e-13   2.8e-12   43.3   0.0   111   298    69   241    61   242 0.81 -
9138:5514-8171       -            886 13303at4891          -            299   4.8e-13   45.8   0.2   1   3   0.00062     0.015   11.4   0.0    19    96    13   100     3   113 0.72 -
9138:5514-8171       -            886 13303at4891          -            299   4.8e-13   45.8   0.2   2   3   1.2e-07   2.9e-06   23.6   0.0   110   141   141   172   131   177 0.90 -
9138:5514-8171       -            886 13303at4891          -            299   4.8e-13   45.8   0.2   3   3     0.016      0.38    6.8   0.0   184   221   224   260   213   267 0.82 -
9388:2420-3211       -            264 13303at4891          -            299   5.2e-13   45.7   0.7   1   1   2.7e-12   6.5e-11   38.8   0.7    58   223    55   217     2   227 0.66 -
9568:2563-4101       -            513 13303at4891          -            299   6.3e-13   45.4   1.9   1   1     7e-12   1.7e-10   37.5   1.9    23   233   193   418   184   469 0.76 -
7948:472-1854        -            461 13303at4891          -            299   2.9e-12   43.2   0.0   1   2      0.83        20    1.1   0.0    24    52   139   169   134   212 0.60 -
7948:472-1854        -            461 13303at4891          -            299   2.9e-12   43.2   0.0   2   2   2.1e-12   4.9e-11   39.2   0.0   108   219   274   389   249   395 0.84 -
9708:2183-3157       -            325 13303at4891          -            299   1.3e-11   41.1   0.0   1   1   3.5e-12   8.3e-11   38.5   0.0   110   296   153   324   107   325 0.72 -
9574:22194-23423     -            410 13303at4891          -            299   3.9e-11   39.6   0.3   1   2   7.3e-10   1.7e-08   30.9   0.3   107   163   116   171    11   194 0.66 -
9574:22194-23423     -            410 13303at4891          -            299   3.9e-11   39.6   0.3   2   2     0.021       0.5    6.4   0.0   158   215   219   273   195   290 0.68 -
8796:1455-1940       -            162 13303at4891          -            299     7e-11   38.7   0.2   1   1   1.2e-10   2.8e-09   33.5   0.2    19   139    16   161    11   162 0.68 -
7822:341-1144        -            268 13303at4891          -            299   1.4e-10   37.7   0.0   1   1   9.7e-12   2.3e-10   37.0   0.0   104   214   100   203    41   217 0.77 -
9574:11971-12594     -            208 13303at4891          -            299   6.3e-10   35.6   0.1   1   1   1.1e-10   2.7e-09   33.5   0.1    21   164     1   156     1   207 0.68 -
9250:1334-1957       -            208 13303at4891          -            299   9.7e-10   35.0   0.0   1   1   9.6e-11   2.3e-09   33.8   0.0    21   163     1   155     1   206 0.72 -
9526:4843-6750       -            636 13303at4891          -            299   1.5e-09   34.3   0.0   1   1   4.9e-10   1.2e-08   31.4   0.0    20   218   327   531   321   545 0.72 -
9660:6627-7220       -            198 13303at4891          -            299   1.7e-09   34.2   0.0   1   1   1.2e-10   2.9e-09   33.4   0.0    87   211    78   197    43   198 0.76 -
9316:2356-5388       -           1011 13303at4891          -            299   1.8e-09   34.1   0.0   1   2   1.5e-08   3.5e-07   26.6   0.0   113   200   677   770   665   775 0.71 -
9316:2356-5388       -           1011 13303at4891          -            299   1.8e-09   34.1   0.0   2   2      0.14       3.3    3.7   0.0   245   296   829   879   791   882 0.62 -
8416:2551-3603       -            351 13303at4891          -            299   1.9e-09   34.0   0.0   1   1   5.1e-10   1.2e-08   31.4   0.0    98   263    96   268    91   307 0.64 -
9336:5762-6706       -            315 13303at4891          -            299     4e-09   33.0   0.3   1   1   3.4e-10   8.1e-09   31.9   0.3    46   219    76   267    26   273 0.75 -
8626:1051-1599       -            183 13303at4891          -            299   5.8e-09   32.4   0.0   1   1   5.3e-10   1.3e-08   31.3   0.0   110   223    26   146    13   152 0.73 -
9708:4262-6904       -            881 13303at4891          -            299   1.2e-08   31.4   0.1   1   2   1.1e-07   2.7e-06   23.7   0.0   114   156   528   574   455   598 0.80 -
9708:4262-6904       -            881 13303at4891          -            299   1.2e-08   31.4   0.1   2   2      0.04      0.96    5.4   0.0   201   221   794   814   790   838 0.88 -
8766:2416-3300       -            295 13303at4891          -            299   6.8e-08   28.9   0.0   1   2   6.6e-06   0.00016   17.9   0.0   129   214   151   236   142   243 0.82 -
8766:2416-3300       -            295 13303at4891          -            299   6.8e-08   28.9   0.0   2   2   0.00071     0.017   11.2   0.0   233   291   233   295   229   295 0.80 -
9500:730-1611        -            294 13303at4891          -            299   1.2e-06   24.9   0.0   1   1   8.2e-08   1.9e-06   24.1   0.0    21   219    13   237     4   244 0.65 -
8836:7701-8510       -            270 13303at4891          -            299   1.5e-06   24.5   0.1   1   3      0.85        20    1.1   0.0    23    41     3    21     1    29 0.83 -
8836:7701-8510       -            270 13303at4891          -            299   1.5e-06   24.5   0.1   2   3   2.5e-06     6e-05   19.2   0.0   102   143   107   148    90   159 0.86 -
8836:7701-8510       -            270 13303at4891          -            299   1.5e-06   24.5   0.1   3   3       1.7        40    0.1   0.0   149   213   174   234   165   242 0.61 -
8450:345-1649        -            435 13303at4891          -            299   6.9e-06   22.3   0.2   1   3     0.019      0.45    6.5   0.1    19    77    23    89    18   147 0.55 -
8450:345-1649        -            435 13303at4891          -            299   6.9e-06   22.3   0.2   2   3     0.099       2.3    4.2   0.0   126   139   168   181   163   193 0.78 -
8450:345-1649        -            435 13303at4891          -            299   6.9e-06   22.3   0.2   3   3    0.0084       0.2    7.7   0.0   179   222   249   290   228   301 0.80 -
8796:234-743         -            170 13303at4891          -            299   1.8e-05   21.0   0.0   1   2   0.00011    0.0026   13.9   0.0   176   218    23    64    18    92 0.82 -
8796:234-743         -            170 13303at4891          -            299   1.8e-05   21.0   0.0   2   2     0.037      0.88    5.6   0.0   270   298   141   169   103   170 0.85 -
8194:3006-3602       -            199 13303at4891          -            299     2e-05   20.8   0.0   1   1   1.2e-06   2.8e-05   20.3   0.0   104   222    25   145     2   149 0.80 -
9390:2655-7010       -           1452 13303at4891          -            299   8.2e-05   18.8   1.1   1   2   2.1e-05    0.0005   16.2   0.2    99   152   117   166    99   175 0.80 -
9390:2655-7010       -           1452 13303at4891          -            299   8.2e-05   18.8   1.1   2   2       4.4   1.1e+02   -1.3   0.0   197   222   218   243   212   291 0.82 -
9532:12469-14466     -            666 13303at4891          -            299   0.00012   18.3   0.0   1   2      0.37       8.8    2.3   0.0    18    77   170   238   162   243 0.74 -
9532:12469-14466     -            666 13303at4891          -            299   0.00012   18.3   0.0   2   2   0.00023    0.0054   12.8   0.0   108   140   326   358   320   365 0.84 -
9418:1089-4097       -           1003 13303at4891          -            299   0.00014   18.1   0.1   1   1   1.9e-05   0.00044   16.4   0.1    19   140   690   828   675   834 0.65 -
#
# Program:         hmmsearch
# Version:         3.1b2 (February 2015)
# Pipeline mode:   SEARCH
# Query file:      /home/jj/Desktop/Bioinformatics/3rd_year/1term/Computational_genomics/Seminars/exercise_04/busco_downloads/lineages/saccharomycetes_odb10/hmms/13303at4891.hmm
# Target file:     /home/jj/Desktop/Bioinformatics/3rd_year/1term/Computational_genomics/Seminars/exercise_04/./busco/SRR6130428/SRR6130428_k63_contigs/run_saccharomycetes_odb10/metaeuk_output/initial_results/SRR6130428_k63_graph.contig.fa.modified.fas
# Option settings: hmmsearch --domtblout /home/jj/Desktop/Bioinformatics/3rd_year/1term/Computational_genomics/Seminars/exercise_04/./busco/SRR6130428/SRR6130428_k63_contigs/run_saccharomycetes_odb10/hmmer_output/initial_run_results/13303at4891.out --cpu 1 /home/jj/Desktop/Bioinformatics/3rd_year/1term/Computational_genomics/Seminars/exercise_04/busco_downloads/lineages/saccharomycetes_odb10/hmms/13303at4891.hmm /home/jj/Desktop/Bioinformatics/3rd_year/1term/Computational_genomics/Seminars/exercise_04/./busco/SRR6130428/SRR6130428_k63_contigs/run_saccharomycetes_odb10/metaeuk_output/initial_results/SRR6130428_k63_graph.contig.fa.modified.fas 
# Current dir:     /home/jj/Desktop/Bioinformatics/3rd_year/1term/Computational_genomics/Seminars/exercise_04
# Date:            Tue Nov  5 18:37:22 2024
# [ok]
