#                                                                            --- full sequence --- -------------- this domain -------------   hmm coord   ali coord   env coord
# target name        accession   tlen query name           accession   qlen   E-value  score  bias   #  of  c-Evalue  i-Evalue  score  bias  from    to  from    to  from    to  acc description of target
#------------------- ---------- ----- -------------------- ---------- ----- --------- ------ ----- --- --- --------- --------- ------ ----- ----- ----- ----- ----- ----- ----- ---- ---------------------
8086:2080-3465       -            462 13326at4891          -            365  2.7e-186  616.0   4.0   1   2  2.7e-111  1.2e-108  360.5   0.4     1   195    28   235    28   240 0.95 -
8086:2080-3465       -            462 13326at4891          -            365  2.7e-186  616.0   4.0   2   2   7.7e-80   3.4e-77  257.0   0.3   194   365   257   446   251   446 0.90 -
8948:2167-3537       -            457 13326at4891          -            365   6.7e-47  157.3   1.1   1   1   3.7e-47   1.7e-44  149.5   1.1     1   365    29   438    29   438 0.75 -
9548:11459-12856     -            466 13326at4891          -            365     9e-41  137.2   0.0   1   2   7.1e-26   3.2e-23   79.4   0.0     2   193    22   224    21   234 0.86 -
9548:11459-12856     -            466 13326at4891          -            365     9e-41  137.2   0.0   2   2   1.1e-18     5e-16   55.8   0.0   248   352   312   427   252   435 0.72 -
9670:31469-32563     -            365 13326at4891          -            365   2.5e-10   37.0   0.0   1   1   9.4e-13   4.2e-10   36.3   0.0     8   182    14   193    11   208 0.84 -
9726:38585-41473     -            963 13326at4891          -            365   1.5e-06   24.5   0.1   1   3   1.9e-08   8.5e-06   22.1   0.0     6    83    27   108    23   239 0.67 -
9726:38585-41473     -            963 13326at4891          -            365   1.5e-06   24.5   0.1   2   3      0.51   2.3e+02   -2.4   0.0   151   185   661   695   657   709 0.86 -
9726:38585-41473     -            963 13326at4891          -            365   1.5e-06   24.5   0.1   3   3      0.69   3.1e+02   -2.8   0.0   289   353   834   899   786   906 0.64 -
9688:9164-12271      -           1036 13326at4891          -            365   4.5e-05   19.7   0.0   1   1   2.2e-06   0.00097   15.3   0.0    34   186    54   227    44   242 0.78 -
#
# Program:         hmmsearch
# Version:         3.1b2 (February 2015)
# Pipeline mode:   SEARCH
# Query file:      /home/jj/Desktop/Bioinformatics/3rd_year/1term/Computational_genomics/Seminars/exercise_04/busco_downloads/lineages/saccharomycetes_odb10/hmms/13326at4891.hmm
# Target file:     /home/jj/Desktop/Bioinformatics/3rd_year/1term/Computational_genomics/Seminars/exercise_04/./busco/SRR6130428/SRR6130428_k63_contigs/run_saccharomycetes_odb10/metaeuk_output/initial_results/SRR6130428_k63_graph.contig.fa.modified.fas
# Option settings: hmmsearch --domtblout /home/jj/Desktop/Bioinformatics/3rd_year/1term/Computational_genomics/Seminars/exercise_04/./busco/SRR6130428/SRR6130428_k63_contigs/run_saccharomycetes_odb10/hmmer_output/initial_run_results/13326at4891.out --cpu 1 /home/jj/Desktop/Bioinformatics/3rd_year/1term/Computational_genomics/Seminars/exercise_04/busco_downloads/lineages/saccharomycetes_odb10/hmms/13326at4891.hmm /home/jj/Desktop/Bioinformatics/3rd_year/1term/Computational_genomics/Seminars/exercise_04/./busco/SRR6130428/SRR6130428_k63_contigs/run_saccharomycetes_odb10/metaeuk_output/initial_results/SRR6130428_k63_graph.contig.fa.modified.fas 
# Current dir:     /home/jj/Desktop/Bioinformatics/3rd_year/1term/Computational_genomics/Seminars/exercise_04
# Date:            Tue Nov  5 18:37:22 2024
# [ok]
