#                                                                            --- full sequence --- -------------- this domain -------------   hmm coord   ali coord   env coord
# target name        accession   tlen query name           accession   qlen   E-value  score  bias   #  of  c-Evalue  i-Evalue  score  bias  from    to  from    to  from    to  acc description of target
#------------------- ---------- ----- -------------------- ---------- ----- --------- ------ ----- --- --- --------- --------- ------ ----- ----- ----- ----- ----- ----- ----- ---- ---------------------
9316:2356-5388       -           1011 1341at4891           -            616  1.3e-227  754.3  13.7   1   4   7.5e-28   1.8e-26   89.8   0.2     1   104    11   147    11   153 0.87 -
9316:2356-5388       -           1011 1341at4891           -            616  1.3e-227  754.3  13.7   2   4   5.2e-20   1.3e-18   63.9   0.1   105   227   177   336   169   355 0.78 -
9316:2356-5388       -           1011 1341at4891           -            616  1.3e-227  754.3  13.7   3   4   2.5e-86     6e-85  283.0   0.2   236   417   538   762   533   768 0.83 -
9316:2356-5388       -           1011 1341at4891           -            616  1.3e-227  754.3  13.7   4   4   2.8e-98   6.7e-97  322.5   1.3   389   615   770  1011   763  1011 0.90 -
9696:23411-25501     -            697 1341at4891           -            616   3.1e-25   85.7   0.0   1   1   2.8e-26   6.6e-25   84.7   0.0   292   491   477   692   469   695 0.76 -
9680:21437-22237     -            267 1341at4891           -            616     5e-24   81.7   0.0   1   1   2.5e-25     6e-24   81.5   0.0   318   491    78   264    16   267 0.77 -
9284:13564-14592     -            343 1341at4891           -            616   9.2e-24   80.9   0.0   1   1   5.4e-25   1.3e-23   80.4   0.0   307   492   102   304    92   309 0.78 -
9650:24829-29790     -           1654 1341at4891           -            616   1.4e-23   80.3   1.3   1   3   0.00021    0.0049   12.4   0.0   347   488   369   519   337   541 0.68 -
9650:24829-29790     -           1654 1341at4891           -            616   1.4e-23   80.3   1.3   2   3     0.018      0.43    6.0   0.0   262   318   598   656   585   662 0.81 -
9650:24829-29790     -           1654 1341at4891           -            616   1.4e-23   80.3   1.3   3   3   1.8e-18   4.3e-17   58.9   0.1   298   488   752   973   745   986 0.70 -
9576:4640-5464       -            275 1341at4891           -            616   1.7e-23   80.0   0.0   1   1   9.1e-25   2.2e-23   79.7   0.0   260   490    13   272     5   275 0.72 -
9548:337-1380        -            348 1341at4891           -            616   1.8e-23   79.9   0.3   1   2   2.7e-21   6.5e-20   68.2   0.2   264   451    19   233     8   240 0.77 -
9548:337-1380        -            348 1341at4891           -            616   1.8e-23   79.9   0.3   2   2    0.0012     0.028    9.9   0.0   463   491   280   308   272   333 0.89 -
9680:14913-17372     -            820 1341at4891           -            616   7.1e-23   78.0   0.0   1   1   6.1e-24   1.5e-22   76.9   0.0   254   491   194   466   181   470 0.73 -
8586:248-1081        -            278 1341at4891           -            616   9.2e-23   77.6   0.0   1   1   5.5e-24   1.3e-22   77.1   0.0   258   490    16   277     8   278 0.69 -
9082:7406-8569       -            388 1341at4891           -            616   1.3e-22   77.0   0.1   1   1     8e-24   1.9e-22   76.5   0.1   308   493    95   294    83   330 0.78 -
9468:11302-12276     -            325 1341at4891           -            616   2.9e-22   75.9   1.8   1   2   2.6e-21   6.3e-20   68.2   0.4   263   431    10   207     7   225 0.78 -
9468:11302-12276     -            325 1341at4891           -            616   2.9e-22   75.9   1.8   2   2    0.0087      0.21    7.0   0.0   460   496   273   309   266   312 0.87 -
9688:6201-6989       -            263 1341at4891           -            616   2.9e-22   75.9   0.0   1   1   1.5e-23   3.6e-22   75.6   0.0   262   488     6   263     4   263 0.74 -
9558:17836-18582     -            249 1341at4891           -            616   3.8e-22   75.6   0.0   1   1   1.7e-23   4.2e-22   75.4   0.0   263   488     2   247     1   249 0.77 -
9582:21971-22969     -            333 1341at4891           -            616   4.6e-22   75.3   0.0   1   1   2.8e-23   6.6e-22   74.7   0.0   308   493    72   274    56   281 0.79 -
9376:4767-5852       -            362 1341at4891           -            616   2.8e-21   72.7   1.6   1   2   1.8e-18   4.3e-17   58.9   0.2   264   451    17   231     7   255 0.74 -
9376:4767-5852       -            362 1341at4891           -            616   2.8e-21   72.7   1.6   2   2   0.00012    0.0029   13.2   0.1   463   519   278   335   274   350 0.82 -
8068:741-1847        -            369 1341at4891           -            616   6.9e-21   71.4   0.6   1   2   2.9e-19     7e-18   61.5   0.1   263   436    23   226    16   253 0.74 -
8068:741-1847        -            369 1341at4891           -            616   6.9e-21   71.4   0.6   2   2    0.0036     0.085    8.3   0.0   465   491   292   318   282   324 0.90 -
9538:10065-10994     -            310 1341at4891           -            616   7.3e-21   71.3   0.3   1   1     4e-22   9.5e-21   70.9   0.3   309   491    87   282    76   288 0.76 -
9674:28087-29058     -            324 1341at4891           -            616   8.5e-21   71.1   0.0   1   2   6.2e-21   1.5e-19   67.0   0.0   264   431     5   194     2   208 0.74 -
9674:28087-29058     -            324 1341at4891           -            616   8.5e-21   71.1   0.0   2   2      0.31       7.3    1.9   0.0   465   497   265   297   256   303 0.86 -
9352:14667-17009     -            781 1341at4891           -            616   1.4e-20   70.4   0.1   1   1   9.4e-22   2.2e-20   69.7   0.1   282   492   530   766   526   779 0.72 -
7804:258-1562        -            435 1341at4891           -            616   1.7e-20   70.1   0.1   1   2     9e-19   2.1e-17   59.9   0.0   264   454    29   230    24   255 0.74 -
7804:258-1562        -            435 1341at4891           -            616   1.7e-20   70.1   0.1   2   2    0.0037     0.089    8.3   0.0   462   490   273   301   259   307 0.87 -
8274:2342-3058       -            239 1341at4891           -            616   2.4e-20   69.6   0.0   1   1   1.1e-21   2.6e-20   69.5   0.0   262   445     1   196     1   239 0.67 -
9648:20903-21709     -            269 1341at4891           -            616   4.1e-20   68.8   0.0   1   1   2.1e-21     5e-20   68.6   0.0   264   488    12   269     7   269 0.69 -
9138:9482-10486      -            335 1341at4891           -            616   4.6e-20   68.7   0.8   1   1   4.4e-20   1.1e-18   64.2   0.8   297   490    93   334    58   335 0.65 -
8384:242-1183        -            314 1341at4891           -            616   8.8e-20   67.7   0.1   1   2   2.7e-18   6.4e-17   58.3   0.0   263   431    13   208     7   222 0.69 -
8384:242-1183        -            314 1341at4891           -            616   8.8e-20   67.7   0.1   2   2    0.0064      0.15    7.5   0.0   465   492   278   305   272   310 0.90 -
8492:4616-5878       -            421 1341at4891           -            616   1.3e-19   67.1   0.3   1   1   3.5e-20   8.4e-19   64.5   0.3   256   499   111   403   101   409 0.69 -
9236:8838-9737       -            300 1341at4891           -            616   1.9e-19   66.7   0.0   1   1     9e-21   2.2e-19   66.4   0.0   259   494    11   272     1   283 0.78 -
8554:159-1031        -            291 1341at4891           -            616   2.6e-19   66.2   0.0   1   2   1.4e-19   3.3e-18   62.5   0.0   279   432    26   196     5   210 0.76 -
8554:159-1031        -            291 1341at4891           -            616   2.6e-19   66.2   0.0   2   2      0.39       9.2    1.6   0.0   465   492   262   289   255   291 0.92 -
9404:2234-3256       -            341 1341at4891           -            616   2.9e-19   66.0   0.1   1   1   1.6e-20   3.8e-19   65.6   0.1   298   494    88   322    16   329 0.69 -
9470:3000-4022       -            341 1341at4891           -            616   3.5e-19   65.8   0.7   1   1   5.6e-20   1.3e-18   63.8   0.7   263   495    29   309    23   315 0.64 -
9652:9845-11956      -            704 1341at4891           -            616   4.7e-19   65.3   0.0   1   1   3.9e-20   9.3e-19   64.4   0.0   303   491   132   337   125   340 0.74 -
9648:180-2069        -            630 1341at4891           -            616   5.2e-19   65.2   0.2   1   1   3.2e-20   7.7e-19   64.6   0.2   262   491    56   303    47   311 0.71 -
9022:9769-10653      -            295 1341at4891           -            616   6.6e-19   64.9   0.0   1   2   7.5e-19   1.8e-17   60.1   0.0   264   435     9   199     4   208 0.79 -
9022:9769-10653      -            295 1341at4891           -            616   6.6e-19   64.9   0.0   2   2       0.2       4.7    2.6   0.0   466   491   268   293   259   295 0.90 -
9168:5060-6598       -            513 1341at4891           -            616   7.1e-19   64.7   0.2   1   2   1.3e-09     3e-08   29.6   0.2   341   376   303   338   241   341 0.79 -
9168:5060-6598       -            513 1341at4891           -            616   7.1e-19   64.7   0.2   2   2   1.2e-10     3e-09   33.0   0.0   376   503   359   492   355   507 0.79 -
9714:25935-26888     -            318 1341at4891           -            616   1.8e-18   63.4   0.0   1   1   9.5e-20   2.3e-18   63.1   0.0   285   491    49   278    36   283 0.74 -
9724:42501-46928     -           1476 1341at4891           -            616   1.8e-18   63.4   0.0   1   1   1.3e-19     3e-18   62.7   0.0   258   508  1175  1463  1140  1473 0.64 -
9026:3240-4322       -            361 1341at4891           -            616   3.3e-18   62.5   0.1   1   1   1.9e-19   4.5e-18   62.1   0.1   298   492   150   355   114   359 0.77 -
9556:876-1871        -            332 1341at4891           -            616   3.3e-18   62.5   0.2   1   2   2.2e-09   5.3e-08   28.8   0.1   318   374   107   171    81   174 0.72 -
9556:876-1871        -            332 1341at4891           -            616   3.3e-18   62.5   0.2   2   2   3.1e-10   7.5e-09   31.6   0.0   380   491   213   328   209   331 0.81 -
9666:20504-21955     -            484 1341at4891           -            616   4.5e-18   62.1   0.1   1   1   2.7e-19   6.5e-18   61.6   0.1   262   432   172   357   149   378 0.76 -
9144:11649-12578     -            310 1341at4891           -            616   5.3e-18   61.9   0.3   1   1   2.9e-19   6.8e-18   61.5   0.3   338   490   125   281    77   285 0.73 -
9214:3531-4694       -            388 1341at4891           -            616   1.3e-17   60.6   0.0   1   1   7.4e-19   1.8e-17   60.1   0.0   350   495   173   325    52   332 0.82 -
8792:3540-5258       -            573 1341at4891           -            616   1.8e-17   60.1   0.0   1   1   9.4e-19   2.2e-17   59.8   0.0   264   442   308   496   273   559 0.74 -
9700:35509-36408     -            300 1341at4891           -            616   3.2e-17   59.3   0.0   1   2   4.4e-18     1e-16   57.6   0.0   260   432     3   190     1   198 0.76 -
9700:35509-36408     -            300 1341at4891           -            616   3.2e-17   59.3   0.0   2   2       2.3        55   -1.0   0.0   464   492   257   285   246   288 0.85 -
9220:10894-11814     -            307 1341at4891           -            616   5.3e-17   58.6   0.1   1   1   3.1e-18   7.4e-17   58.1   0.1   298   493    70   286    40   303 0.74 -
9342:14110-15051     -            314 1341at4891           -            616   5.4e-17   58.5   0.1   1   2   1.9e-17   4.5e-16   55.5   0.1   261   432     4   215     2   236 0.71 -
9342:14110-15051     -            314 1341at4891           -            616   5.4e-17   58.5   0.1   2   2       2.4        57   -1.0   0.0   466   492   282   308   276   311 0.89 -
9722:16235-17092     -            286 1341at4891           -            616   7.5e-17   58.1   0.0   1   1   5.2e-18   1.2e-16   57.3   0.0   282   491    37   284     3   286 0.68 -
9112:9860-10915      -            352 1341at4891           -            616   1.3e-16   57.2   0.0   1   1   7.4e-18   1.8e-16   56.8   0.0   349   497   128   283    10   288 0.80 -
9332:9525-11471      -            649 1341at4891           -            616   1.5e-16   57.0   0.0   1   1   1.1e-17   2.5e-16   56.3   0.0   340   439   476   574   470   634 0.82 -
8764:438-2084        -            549 1341at4891           -            616   3.1e-16   56.0   0.1   1   2   7.9e-17   1.9e-15   53.4   0.0   344   431   264   355   250   362 0.87 -
8764:438-2084        -            549 1341at4891           -            616   3.1e-16   56.0   0.1   2   2       1.3        32   -0.2   0.0   464   493   436   465   432   469 0.89 -
9494:7698-8528       -            277 1341at4891           -            616   6.6e-16   54.9   0.1   1   1   3.7e-17   8.8e-16   54.5   0.1   264   432     1   187     1   210 0.73 -
8710:5595-6479       -            295 1341at4891           -            616   9.2e-16   54.5   0.3   1   2     2e-08   4.7e-07   25.7   0.2   335   374   108   147    59   150 0.71 -
8710:5595-6479       -            295 1341at4891           -            616   9.2e-16   54.5   0.3   2   2     8e-09   1.9e-07   27.0   0.0   380   490   179   293   175   295 0.83 -
9270:2604-3470       -            289 1341at4891           -            616   4.9e-15   52.1   0.1   1   2   5.7e-15   1.4e-13   47.3   0.0   306   442    66   214    18   233 0.75 -
9270:2604-3470       -            289 1341at4891           -            616   4.9e-15   52.1   0.1   2   2      0.14       3.3    3.1   0.1   465   497   254   286   240   288 0.89 -
9140:10766-11608     -            281 1341at4891           -            616   6.1e-15   51.7   0.1   1   1   3.4e-16   8.1e-15   51.3   0.1   264   431     1   186     1   200 0.72 -
9270:5360-6181       -            274 1341at4891           -            616   6.6e-15   51.6   0.0   1   1   3.4e-16   8.2e-15   51.3   0.0   282   490    31   267     7   272 0.73 -
8588:5598-6413       -            272 1341at4891           -            616   8.4e-15   51.3   0.0   1   1     9e-16   2.2e-14   49.9   0.0   348   491   117   266    14   270 0.69 -
9220:8467-9282       -            272 1341at4891           -            616   1.1e-14   50.9   0.0   1   1   1.2e-15   2.9e-14   49.5   0.0   308   490    58   269     7   271 0.67 -
9274:513-1736        -            408 1341at4891           -            616   1.5e-14   50.5   0.0   1   1   9.8e-16   2.3e-14   49.8   0.0   308   454    93   258    82   296 0.67 -
8018:2579-3376       -            266 1341at4891           -            616   2.2e-14   49.9   0.0   1   1   1.2e-15   2.8e-14   49.6   0.0   264   492    13   262     5   265 0.67 -
8798:2318-3331       -            338 1341at4891           -            616   3.7e-14   49.1   0.0   1   1   2.3e-15   5.4e-14   48.6   0.0   342   487   158   327   149   330 0.72 -
9574:22194-23423     -            410 1341at4891           -            616   5.3e-14   48.7   0.1   1   2   2.7e-12   6.6e-11   38.4   0.0   262   412    22   191     8   201 0.67 -
9574:22194-23423     -            410 1341at4891           -            616   5.3e-14   48.7   0.1   2   2    0.0038     0.092    8.2   0.0   396   492   230   343   219   360 0.73 -
9206:2109-6836       -           1576 1341at4891           -            616     6e-14   48.5   0.0   1   2     2e-14   4.8e-13   45.5   0.0   295   396  1311  1422  1269  1435 0.76 -
9206:2109-6836       -           1576 1341at4891           -            616     6e-14   48.5   0.0   2   2         1        25    0.2   0.0   403   444  1457  1502  1442  1564 0.57 -
8666:1918-2913       -            332 1341at4891           -            616   1.1e-13   47.6   0.2   1   2     1e-11   2.4e-10   36.6   0.0   342   414   124   204    48   250 0.85 -
8666:1918-2913       -            332 1341at4891           -            616   1.1e-13   47.6   0.2   2   2    0.0023     0.054    9.0   0.1   454   492   282   321   271   326 0.80 -
8772:6932-7705       -            258 1341at4891           -            616   1.5e-13   47.2   0.0   1   1   8.3e-15     2e-13   46.8   0.0   263   479    10   242     4   257 0.70 -
9516:8073-8876       -            268 1341at4891           -            616   2.4e-13   46.5   0.4   1   2       2.3        56   -1.0   0.1   113   185    25    96    12    99 0.73 -
9516:8073-8876       -            268 1341at4891           -            616   2.4e-13   46.5   0.4   2   2   2.4e-14   5.8e-13   45.2   0.0   336   486   114   263   104   268 0.83 -
7984:778-3069        -            764 1341at4891           -            616   3.5e-13   45.9   0.0   1   1   2.4e-14   5.7e-13   45.3   0.0   347   492   459   612   365   623 0.79 -
9000:1272-2168       -            299 1341at4891           -            616   6.1e-13   45.1   0.1   1   1   3.9e-14   9.4e-13   44.5   0.1   324   437    80   204    63   218 0.83 -
9370:13593-17402     -           1270 1341at4891           -            616     8e-13   44.8   0.0   1   1     7e-14   1.7e-12   43.7   0.0   294   490  1024  1255   981  1263 0.62 -
9578:6054-6923       -            290 1341at4891           -            616   1.3e-12   44.0   0.0   1   2   2.1e-13   5.1e-12   42.1   0.0   346   431   107   193     1   201 0.68 -
9578:6054-6923       -            290 1341at4891           -            616   1.3e-12   44.0   0.0   2   2       5.5   1.3e+02   -2.2   0.0   467   491   259   283   251   287 0.83 -
9288:1887-2741       -            285 1341at4891           -            616     2e-12   43.5   0.0   1   1   1.1e-13   2.6e-12   43.0   0.0   329   489    99   280    67   285 0.73 -
9280:3099-4592       -            498 1341at4891           -            616   2.6e-12   43.1   0.0   1   3   1.9e-06   4.5e-05   19.2   0.0   347   388   136   180   126   202 0.79 -
9280:3099-4592       -            498 1341at4891           -            616   2.6e-12   43.1   0.0   2   3   2.1e-05   0.00051   15.7   0.0   397   435   264   305   253   314 0.81 -
9280:3099-4592       -            498 1341at4891           -            616   2.6e-12   43.1   0.0   3   3     0.052       1.3    4.5   0.0   466   497   436   467   423   484 0.87 -
9502:2145-3251       -            369 1341at4891           -            616   2.8e-12   42.9   0.0   1   1   1.7e-13   4.2e-12   42.4   0.0   340   428   132   233   124   243 0.76 -
9390:2655-7010       -           1452 1341at4891           -            616   5.2e-12   42.1   0.1   1   1   8.9e-13   2.1e-11   40.0   0.1   346   487   127   293   113   302 0.79 -
9568:2563-4101       -            513 1341at4891           -            616   5.7e-12   41.9   0.9   1   1   2.4e-12   5.8e-11   38.6   0.9   343   445   307   407   172   471 0.65 -
9660:6627-7220       -            198 1341at4891           -            616   6.6e-12   41.7   0.1   1   1   3.3e-13   7.9e-12   41.5   0.1   308   431    57   195    48   198 0.76 -
9572:16580-17233     -            218 1341at4891           -            616   6.8e-12   41.7   0.1   1   1   3.5e-13   8.3e-12   41.4   0.1   283   432    32   195     6   209 0.78 -
9724:16735-17796     -            354 1341at4891           -            616   1.6e-11   40.4   2.5   1   2   3.5e-11   8.3e-10   34.8   2.1   283   431    61   242    53   249 0.68 -
9724:16735-17796     -            354 1341at4891           -            616   1.6e-11   40.4   2.5   2   2      0.97        23    0.3   0.0   465   491   327   353   314   354 0.87 -
9388:2420-3211       -            264 1341at4891           -            616   1.9e-11   40.2   0.1   1   1   9.8e-13   2.3e-11   39.9   0.1   308   485    69   257     6   263 0.70 -
9344:12609-14093     -            495 1341at4891           -            616     2e-11   40.1   0.0   1   2   2.3e-08   5.5e-07   25.5   0.0   301   387    56   153    28   162 0.76 -
9344:12609-14093     -            495 1341at4891           -            616     2e-11   40.1   0.0   2   2   0.00029    0.0068   11.9   0.0   402   493   358   468   351   474 0.65 -
9500:730-1611        -            294 1341at4891           -            616   2.5e-11   39.8   0.0   1   1   1.3e-12   3.1e-11   39.5   0.0   338   488   120   286    91   292 0.77 -
8194:3006-3602       -            199 1341at4891           -            616   2.6e-11   39.7   0.0   1   1   1.4e-12   3.4e-11   39.4   0.0   337   487    24   190    12   194 0.77 -
9442:11388-12206     -            273 1341at4891           -            616   3.1e-11   39.5   0.0   1   1   1.4e-12   3.4e-11   39.4   0.0   297   443    39   195     1   255 0.62 -
9288:6241-7161       -            307 1341at4891           -            616     6e-11   38.6   0.0   1   1   1.2e-11   2.8e-10   36.3   0.0   263   444     6   217     3   282 0.68 -
7822:341-1144        -            268 1341at4891           -            616   7.5e-11   38.2   0.0   1   1   3.5e-12   8.3e-11   38.1   0.0   346   487   108   265    54   268 0.74 -
9336:5762-6706       -            315 1341at4891           -            616   7.6e-11   38.2   0.4   1   1   4.4e-12     1e-10   37.8   0.4   295   488    89   315    71   315 0.69 -
9396:10785-11381     -            199 1341at4891           -            616   8.1e-11   38.1   0.1   1   1   3.4e-12   8.1e-11   38.1   0.1   306   434    51   191     1   198 0.71 -
9598:11083-11721     -            213 1341at4891           -            616   1.1e-10   37.7   0.2   1   1     1e-11   2.4e-10   36.6   0.2   317   413    79   170     8   179 0.75 -
8450:345-1649        -            435 1341at4891           -            616   2.2e-10   36.7   0.4   1   3     0.037      0.89    5.0   0.1   308   345    80   121    31   141 0.82 -
8450:345-1649        -            435 1341at4891           -            616   2.2e-10   36.7   0.4   2   3     0.041      0.97    4.8   0.0   362   376   170   184   166   217 0.78 -
8450:345-1649        -            435 1341at4891           -            616   2.2e-10   36.7   0.4   3   3   8.4e-08     2e-06   23.6   0.0   379   499   228   351   223   392 0.74 -
8460:1970-2827       -            286 1341at4891           -            616   9.4e-10   34.6   0.1   1   2   7.6e-10   1.8e-08   30.4   0.0   346   442   100   196    10   217 0.72 -
8460:1970-2827       -            286 1341at4891           -            616   9.4e-10   34.6   0.1   2   2      0.22       5.2    2.4   0.0   452   489   248   285   238   286 0.90 -
9316:14764-15318     -            185 1341at4891           -            616     3e-09   33.0   0.0   1   1   1.4e-10   3.5e-09   32.7   0.0   325   416    47   143     8   180 0.62 -
8386:2346-3074       -            243 1341at4891           -            616   6.2e-09   31.9   0.0   1   2   1.1e-09   2.6e-08   29.9   0.0   347   433    71   163    65   171 0.82 -
8386:2346-3074       -            243 1341at4891           -            616   6.2e-09   31.9   0.0   2   2       1.3        30   -0.1   0.0    29    68   167   211   164   223 0.71 -
8766:2416-3300       -            295 1341at4891           -            616   8.6e-09   31.4   0.0   1   1   4.9e-10   1.2e-08   31.0   0.0   359   486   147   295   142   295 0.68 -
8626:1051-1599       -            183 1341at4891           -            616   2.1e-08   30.1   0.0   1   1   1.2e-09   2.9e-08   29.7   0.0   341   408    23    92    13   108 0.83 -
9138:5514-8171       -            886 1341at4891           -            616   2.3e-08   30.0   0.5   1   3       1.1        26    0.1   0.0   261   333    18    98    11   113 0.66 -
9138:5514-8171       -            886 1341at4891           -            616   2.3e-08   30.0   0.5   2   3   1.1e-07   2.5e-06   23.3   0.1   345   378   142   175   135   181 0.91 -
9138:5514-8171       -            886 1341at4891           -            616   2.3e-08   30.0   0.5   3   3      0.19       4.6    2.6   0.0   381   481   201   306   192   317 0.66 -
9508:1626-2423       -            266 1341at4891           -            616   3.5e-08   29.4   0.2   1   2     1e-06   2.4e-05   20.0   0.0   348   387    71   113    59   183 0.71 -
9508:1626-2423       -            266 1341at4891           -            616   3.5e-08   29.4   0.2   2   2    0.0051      0.12    7.8   0.0   463   499   229   265   200   266 0.80 -
9574:11971-12594     -            208 1341at4891           -            616   8.5e-08   28.2   0.0   1   1   4.5e-09   1.1e-07   27.8   0.0   341   436    95   202    59   207 0.74 -
8416:2551-3603       -            351 1341at4891           -            616   8.5e-08   28.2   0.0   1   2   1.5e-08   3.5e-07   26.1   0.0   342   386   106   152    95   185 0.78 -
8416:2551-3603       -            351 1341at4891           -            616   8.5e-08   28.2   0.0   2   2       2.2        52   -0.9   0.0   459   495   272   308   267   313 0.86 -
9250:1334-1957       -            208 1341at4891           -            616   1.1e-07   27.8   0.0   1   1   4.9e-09   1.2e-07   27.7   0.0   315   436    61   202     4   207 0.74 -
7674:805-1767        -            321 1341at4891           -            616   1.3e-07   27.5   1.4   1   2   7.5e-07   1.8e-05   20.5   1.5   309   378    81   160    42   164 0.72 -
7674:805-1767        -            321 1341at4891           -            616   1.3e-07   27.5   1.4   2   2     0.053       1.3    4.4   0.0   373   416   179   219   171   321 0.56 -
8804:3362-4279       -            306 1341at4891           -            616   1.4e-07   27.4   0.3   1   1   8.5e-09     2e-07   26.9   0.3   262   431     8   195     2   218 0.67 -
9532:12469-14466     -            666 1341at4891           -            616   2.3e-07   26.8   0.1   1   2   1.8e-07   4.2e-06   22.5   0.0   342   374   326   358   321   362 0.89 -
9532:12469-14466     -            666 1341at4891           -            616   2.3e-07   26.8   0.1   2   2      0.35       8.5    1.7   0.0   415   443   436   463   423   523 0.78 -
9022:791-1471        -            227 1341at4891           -            616   4.3e-07   25.8   0.5   1   1   1.9e-08   4.6e-07   25.7   0.5   344   449    70   188    12   224 0.62 -
9526:4843-6750       -            636 1341at4891           -            616   5.5e-07   25.5   0.0   1   1   3.5e-08   8.4e-07   24.9   0.0   346   495   432   595   382   616 0.72 -
7948:472-1854        -            461 1341at4891           -            616     6e-07   25.3   0.2   1   1   2.1e-07     5e-06   22.3   0.2   345   433   277   381   271   391 0.70 -
7548:67-747          -            227 1341at4891           -            616   8.2e-07   24.9   0.0   1   1   4.1e-08   9.7e-07   24.7   0.0   345   434   101   200    60   216 0.67 -
9708:2183-3157       -            325 1341at4891           -            616   8.4e-07   24.9   0.0   1   1   5.7e-08   1.4e-06   24.2   0.0   346   497   155   312   140   319 0.69 -
9018:8533-10704      -            724 1341at4891           -            616   1.8e-06   23.8   4.0   1   3   7.1e-07   1.7e-05   20.6   0.7   330   375   396   441   302   449 0.69 -
9018:8533-10704      -            724 1341at4891           -            616   1.8e-06   23.8   4.0   2   3      0.82        20    0.5   0.0   405   437   498   533   478   550 0.75 -
9018:8533-10704      -            724 1341at4891           -            616   1.8e-06   23.8   4.0   3   3      0.98        24    0.3   0.0   466   491   687   712   683   714 0.93 -
9050:611-1576        -            322 1341at4891           -            616     2e-06   23.6   3.7   1   2   3.6e-07   8.7e-06   21.5   2.0   298   386   100   200    91   205 0.79 -
9050:611-1576        -            322 1341at4891           -            616     2e-06   23.6   3.7   2   2      0.38       9.1    1.6   0.0   446   487   281   321   262   322 0.89 -
8796:1455-1940       -            162 1341at4891           -            616   1.7e-05   20.6   0.5   1   2     0.024      0.58    5.6   0.0   262   311    22    74     9    77 0.82 -
8796:1455-1940       -            162 1341at4891           -            616   1.7e-05   20.6   0.5   2   2    0.0001    0.0024   13.4   0.2   345   374   132   162   125   162 0.88 -
8850:3013-4704       -            564 1341at4891           -            616   2.3e-05   20.1   0.3   1   2   5.1e-06   0.00012   17.7   0.2   247   386   159   314    93   325 0.59 -
8850:3013-4704       -            564 1341at4891           -            616   2.3e-05   20.1   0.3   2   2       1.2        30   -0.1   0.0   403   442   367   407   355   419 0.76 -
8836:7701-8510       -            270 1341at4891           -            616   5.2e-05   18.9   0.0   1   2   5.6e-05    0.0013   14.3   0.0   316   381    79   152    76   166 0.71 -
8836:7701-8510       -            270 1341at4891           -            616   5.2e-05   18.9   0.0   2   2      0.18       4.2    2.7   0.0   380   438   174   236   170   255 0.70 -
9242:6452-8167       -            572 1341at4891           -            616     7e-05   18.5   0.1   1   2   1.6e-05   0.00038   16.1   0.0   347   386   281   322   158   332 0.74 -
9242:6452-8167       -            572 1341at4891           -            616     7e-05   18.5   0.1   2   2       1.4        33   -0.2   0.0   403   442   375   415   365   429 0.77 -
9708:4262-6904       -            881 1341at4891           -            616   0.00057   15.5   0.1   1   2   0.00018    0.0044   12.6   0.1   348   392   528   579   518   599 0.76 -
9708:4262-6904       -            881 1341at4891           -            616   0.00057   15.5   0.1   2   2       1.3        32   -0.2   0.0   403   446   775   816   756   830 0.76 -
8796:234-743         -            170 1341at4891           -            616    0.0037   12.8   0.0   1   2      0.34         8    1.8   0.0   399   452    21    79    12    94 0.70 -
8796:234-743         -            170 1341at4891           -            616    0.0037   12.8   0.0   2   2     0.002     0.049    9.1   0.0   451   491   124   167   118   170 0.83 -
#
# Program:         hmmsearch
# Version:         3.1b2 (February 2015)
# Pipeline mode:   SEARCH
# Query file:      /home/jj/Desktop/Bioinformatics/3rd_year/1term/Computational_genomics/Seminars/exercise_04/busco_downloads/lineages/saccharomycetes_odb10/hmms/1341at4891.hmm
# Target file:     /home/jj/Desktop/Bioinformatics/3rd_year/1term/Computational_genomics/Seminars/exercise_04/./busco/SRR6130428/SRR6130428_k63_contigs/run_saccharomycetes_odb10/metaeuk_output/initial_results/SRR6130428_k63_graph.contig.fa.modified.fas
# Option settings: hmmsearch --domtblout /home/jj/Desktop/Bioinformatics/3rd_year/1term/Computational_genomics/Seminars/exercise_04/./busco/SRR6130428/SRR6130428_k63_contigs/run_saccharomycetes_odb10/hmmer_output/initial_run_results/1341at4891.out --cpu 1 /home/jj/Desktop/Bioinformatics/3rd_year/1term/Computational_genomics/Seminars/exercise_04/busco_downloads/lineages/saccharomycetes_odb10/hmms/1341at4891.hmm /home/jj/Desktop/Bioinformatics/3rd_year/1term/Computational_genomics/Seminars/exercise_04/./busco/SRR6130428/SRR6130428_k63_contigs/run_saccharomycetes_odb10/metaeuk_output/initial_results/SRR6130428_k63_graph.contig.fa.modified.fas 
# Current dir:     /home/jj/Desktop/Bioinformatics/3rd_year/1term/Computational_genomics/Seminars/exercise_04
# Date:            Tue Nov  5 18:37:23 2024
# [ok]
