#                                                                            --- full sequence --- -------------- this domain -------------   hmm coord   ali coord   env coord
# target name        accession   tlen query name           accession   qlen   E-value  score  bias   #  of  c-Evalue  i-Evalue  score  bias  from    to  from    to  from    to  acc description of target
#------------------- ---------- ----- -------------------- ---------- ----- --------- ------ ----- --- --- --------- --------- ------ ----- ----- ----- ----- ----- ----- ----- ---- ---------------------
9678:29707-33039     -           1111 1344at4891           -            505  1.3e-145  483.2  17.3   1   7     3e-25   9.9e-23   77.9   0.0     6   117   172   319   169   345 0.81 -
9678:29707-33039     -           1111 1344at4891           -            505  1.3e-145  483.2  17.3   2   7   1.6e-05    0.0054   12.8   0.0   118   140   362   384   356   389 0.88 -
9678:29707-33039     -           1111 1344at4891           -            505  1.3e-145  483.2  17.3   3   7   4.7e-23   1.6e-20   70.7   0.0   137   242   472   598   451   607 0.78 -
9678:29707-33039     -           1111 1344at4891           -            505  1.3e-145  483.2  17.3   4   7      0.22        75   -0.9   0.0   217   238   616   637   601   657 0.74 -
9678:29707-33039     -           1111 1344at4891           -            505  1.3e-145  483.2  17.3   5   7     0.024       8.1    2.3   0.0   219   252   678   711   660   717 0.83 -
9678:29707-33039     -           1111 1344at4891           -            505  1.3e-145  483.2  17.3   6   7     3e-10     1e-07   28.4   1.0   275   310   818   856   777   871 0.81 -
9678:29707-33039     -           1111 1344at4891           -            505  1.3e-145  483.2  17.3   7   7   3.8e-91   1.3e-88  295.3   0.3   312   505   891  1109   884  1109 0.89 -
8978:3829-4302       -            158 1344at4891           -            505   1.3e-22   77.5   0.1   1   1   4.8e-25   1.6e-22   77.2   0.1   346   478    17   155    11   157 0.82 -
9630:20224-21087     -            288 1344at4891           -            505   1.4e-22   77.5   0.0   1   2      0.86   2.9e+02   -2.8   0.1   247   274    57    84    20    87 0.60 -
9630:20224-21087     -            288 1344at4891           -            505   1.4e-22   77.5   0.0   2   2   7.2e-25   2.4e-22   76.6   0.0   312   489   107   282    89   288 0.83 -
8516:687-1880        -            398 1344at4891           -            505   1.2e-15   54.5   0.6   1   1   6.6e-18   2.2e-15   53.7   0.6   354   477   257   384   251   392 0.79 -
9724:2093-15713      -            205 1344at4891           -            505     5e-06   22.8   0.0   1   1   4.4e-08   1.5e-05   21.3   0.0     4    83    63   145    61   183 0.80 -
9636:17731-18642     -            304 1344at4891           -            505   0.00029   17.0   0.0   1   3    0.0004      0.13    8.2   0.0    28    69    30    73    12    75 0.78 -
9636:17731-18642     -            304 1344at4891           -            505   0.00029   17.0   0.0   2   3   0.00037      0.12    8.3   0.0    24   100    69   153    66   178 0.75 -
9636:17731-18642     -            304 1344at4891           -            505   0.00029   17.0   0.0   3   3      0.14        46   -0.2   0.0    17    61   237   284   201   302 0.74 -
8466:2722-4644       -            641 1344at4891           -            505    0.0017   14.4   0.7   1   2      0.23        78   -0.9   0.0     5    65    74   138    72   150 0.71 -
8466:2722-4644       -            641 1344at4891           -            505    0.0017   14.4   0.7   2   2   2.1e-05     0.007   12.4   0.2     5    60   161   219   158   341 0.86 -
8822:7585-8277       -            231 1344at4891           -            505    0.0072   12.4   0.0   1   1   2.9e-05    0.0097   12.0   0.0     8    89    15   103    11   116 0.77 -
#
# Program:         hmmsearch
# Version:         3.1b2 (February 2015)
# Pipeline mode:   SEARCH
# Query file:      /home/jj/Desktop/Bioinformatics/3rd_year/1term/Computational_genomics/Seminars/exercise_04/busco_downloads/lineages/saccharomycetes_odb10/hmms/1344at4891.hmm
# Target file:     /home/jj/Desktop/Bioinformatics/3rd_year/1term/Computational_genomics/Seminars/exercise_04/./busco/SRR6130428/SRR6130428_k63_contigs/run_saccharomycetes_odb10/metaeuk_output/initial_results/SRR6130428_k63_graph.contig.fa.modified.fas
# Option settings: hmmsearch --domtblout /home/jj/Desktop/Bioinformatics/3rd_year/1term/Computational_genomics/Seminars/exercise_04/./busco/SRR6130428/SRR6130428_k63_contigs/run_saccharomycetes_odb10/hmmer_output/initial_run_results/1344at4891.out --cpu 1 /home/jj/Desktop/Bioinformatics/3rd_year/1term/Computational_genomics/Seminars/exercise_04/busco_downloads/lineages/saccharomycetes_odb10/hmms/1344at4891.hmm /home/jj/Desktop/Bioinformatics/3rd_year/1term/Computational_genomics/Seminars/exercise_04/./busco/SRR6130428/SRR6130428_k63_contigs/run_saccharomycetes_odb10/metaeuk_output/initial_results/SRR6130428_k63_graph.contig.fa.modified.fas 
# Current dir:     /home/jj/Desktop/Bioinformatics/3rd_year/1term/Computational_genomics/Seminars/exercise_04
# Date:            Tue Nov  5 18:37:23 2024
# [ok]
