#                                                                            --- full sequence --- -------------- this domain -------------   hmm coord   ali coord   env coord
# target name        accession   tlen query name           accession   qlen   E-value  score  bias   #  of  c-Evalue  i-Evalue  score  bias  from    to  from    to  from    to  acc description of target
#------------------- ---------- ----- -------------------- ---------- ----- --------- ------ ----- --- --- --------- --------- ------ ----- ----- ----- ----- ----- ----- ----- ---- ---------------------
9580:17734-20790     -           1019 13501at4891          -            487     3e-54  181.7  54.9   1  11   1.3e-17   3.5e-14   49.6   0.0     9    63    29    85    26    88 0.88 -
9580:17734-20790     -           1019 13501at4891          -            487     3e-54  181.7  54.9   2  11   1.2e-07   0.00033   16.7   0.1    61    84   109   132   107   144 0.87 -
9580:17734-20790     -           1019 13501at4891          -            487     3e-54  181.7  54.9   3  11     9e-06     0.024   10.6   0.1    94   118   200   224   194   234 0.86 -
9580:17734-20790     -           1019 13501at4891          -            487     3e-54  181.7  54.9   4  11       0.1   2.7e+02   -2.8   0.2   186   220   275   304   261   353 0.48 -
9580:17734-20790     -           1019 13501at4891          -            487     3e-54  181.7  54.9   5  11     0.029        77   -1.0   0.0   163   179   380   396   374   406 0.82 -
9580:17734-20790     -           1019 13501at4891          -            487     3e-54  181.7  54.9   6  11    0.0004       1.1    5.1   8.2   174   284   466   607   461   618 0.70 -
9580:17734-20790     -           1019 13501at4891          -            487     3e-54  181.7  54.9   7  11    0.0082        22    0.8   0.4   272   325   631   688   627   697 0.72 -
9580:17734-20790     -           1019 13501at4891          -            487     3e-54  181.7  54.9   8  11    0.0037        10    1.9   0.3   287   336   683   744   675   747 0.68 -
9580:17734-20790     -           1019 13501at4891          -            487     3e-54  181.7  54.9   9  11   4.4e-11   1.2e-07   28.1   1.6   348   394   788   840   783   848 0.83 -
9580:17734-20790     -           1019 13501at4891          -            487     3e-54  181.7  54.9  10  11   1.5e-24     4e-21   72.5   0.2   398   451   867   923   861   925 0.92 -
9580:17734-20790     -           1019 13501at4891          -            487     3e-54  181.7  54.9  11  11   1.8e-09   4.7e-06   22.8   0.2   447   487   958  1009   956  1009 0.78 -
#
# Program:         hmmsearch
# Version:         3.1b2 (February 2015)
# Pipeline mode:   SEARCH
# Query file:      /home/jj/Desktop/Bioinformatics/3rd_year/1term/Computational_genomics/Seminars/exercise_04/busco_downloads/lineages/saccharomycetes_odb10/hmms/13501at4891.hmm
# Target file:     /home/jj/Desktop/Bioinformatics/3rd_year/1term/Computational_genomics/Seminars/exercise_04/./busco/SRR6130428/SRR6130428_k63_contigs/run_saccharomycetes_odb10/metaeuk_output/initial_results/SRR6130428_k63_graph.contig.fa.modified.fas
# Option settings: hmmsearch --domtblout /home/jj/Desktop/Bioinformatics/3rd_year/1term/Computational_genomics/Seminars/exercise_04/./busco/SRR6130428/SRR6130428_k63_contigs/run_saccharomycetes_odb10/hmmer_output/initial_run_results/13501at4891.out --cpu 1 /home/jj/Desktop/Bioinformatics/3rd_year/1term/Computational_genomics/Seminars/exercise_04/busco_downloads/lineages/saccharomycetes_odb10/hmms/13501at4891.hmm /home/jj/Desktop/Bioinformatics/3rd_year/1term/Computational_genomics/Seminars/exercise_04/./busco/SRR6130428/SRR6130428_k63_contigs/run_saccharomycetes_odb10/metaeuk_output/initial_results/SRR6130428_k63_graph.contig.fa.modified.fas 
# Current dir:     /home/jj/Desktop/Bioinformatics/3rd_year/1term/Computational_genomics/Seminars/exercise_04
# Date:            Tue Nov  5 18:37:23 2024
# [ok]
