#                                                                            --- full sequence --- -------------- this domain -------------   hmm coord   ali coord   env coord
# target name        accession   tlen query name           accession   qlen   E-value  score  bias   #  of  c-Evalue  i-Evalue  score  bias  from    to  from    to  from    to  acc description of target
#------------------- ---------- ----- -------------------- ---------- ----- --------- ------ ----- --- --- --------- --------- ------ ----- ----- ----- ----- ----- ----- ----- ---- ---------------------
8654:3251-4642       -            464 13634at4891          -            342  2.1e-155  513.9  21.2   1   2   4.3e-30   1.4e-27   93.5   0.0     1    69    32   100    32   106 0.96 -
8654:3251-4642       -            464 13634at4891          -            342  2.1e-155  513.9  21.2   2   2  1.9e-129  6.4e-127  420.2  18.9    54   336   122   440   107   443 0.89 -
9156:8209-9414       -            402 13634at4891          -            342   2.6e-71  237.4  11.4   1   2   4.3e-51   1.5e-48  162.6   1.4    13   185    14   212     9   225 0.84 -
9156:8209-9414       -            402 13634at4891          -            342   2.6e-71  237.4  11.4   2   2   3.4e-25   1.2e-22   77.4   2.9   186   338   238   401   231   402 0.79 -
9518:15538-16467     -            310 13634at4891          -            342   4.9e-65  216.8   5.9   1   1     4e-65   1.3e-62  208.8   5.9    10   255     7   301     3   307 0.80 -
7602:477-1319        -            281 13634at4891          -            342   6.6e-58  193.3   2.4   1   1   8.6e-58   2.9e-55  184.6   2.4    28   251     2   280     1   281 0.78 -
9598:25266-26498     -            411 13634at4891          -            342     1e-56  189.4  13.4   1   1   6.3e-59   2.1e-56  188.4  13.4    13   321    13   362     4   403 0.77 -
8578:1916-2884       -            323 13634at4891          -            342   7.6e-44  147.1   2.1   1   2    0.0023      0.76    5.7   0.0    25    57     2    34     1    54 0.91 -
8578:1916-2884       -            323 13634at4891          -            342   7.6e-44  147.1   2.1   2   2   1.2e-43     4e-41  138.1   1.9    73   251   115   323   104   323 0.83 -
9136:9042-9998       -            319 13634at4891          -            342     1e-40  136.8   3.5   1   3   2.5e-06   0.00084   15.4   0.0    24    58     1    35     1    67 0.80 -
9136:9042-9998       -            319 13634at4891          -            342     1e-40  136.8   3.5   2   3   2.1e-24   7.2e-22   74.8   0.3    67   177    87   203    77   217 0.86 -
9136:9042-9998       -            319 13634at4891          -            342     1e-40  136.8   3.5   3   3   8.2e-16   2.7e-13   46.6   0.3   185   251   244   318   203   319 0.76 -
9306:13782-15263     -            494 13634at4891          -            342    0.0003   16.9   1.8   1   1   1.7e-06   0.00056   16.0   1.2    29   174   241   381   227   387 0.75 -
#
# Program:         hmmsearch
# Version:         3.1b2 (February 2015)
# Pipeline mode:   SEARCH
# Query file:      /home/jj/Desktop/Bioinformatics/3rd_year/1term/Computational_genomics/Seminars/exercise_04/busco_downloads/lineages/saccharomycetes_odb10/hmms/13634at4891.hmm
# Target file:     /home/jj/Desktop/Bioinformatics/3rd_year/1term/Computational_genomics/Seminars/exercise_04/./busco/SRR6130428/SRR6130428_k63_contigs/run_saccharomycetes_odb10/metaeuk_output/initial_results/SRR6130428_k63_graph.contig.fa.modified.fas
# Option settings: hmmsearch --domtblout /home/jj/Desktop/Bioinformatics/3rd_year/1term/Computational_genomics/Seminars/exercise_04/./busco/SRR6130428/SRR6130428_k63_contigs/run_saccharomycetes_odb10/hmmer_output/initial_run_results/13634at4891.out --cpu 1 /home/jj/Desktop/Bioinformatics/3rd_year/1term/Computational_genomics/Seminars/exercise_04/busco_downloads/lineages/saccharomycetes_odb10/hmms/13634at4891.hmm /home/jj/Desktop/Bioinformatics/3rd_year/1term/Computational_genomics/Seminars/exercise_04/./busco/SRR6130428/SRR6130428_k63_contigs/run_saccharomycetes_odb10/metaeuk_output/initial_results/SRR6130428_k63_graph.contig.fa.modified.fas 
# Current dir:     /home/jj/Desktop/Bioinformatics/3rd_year/1term/Computational_genomics/Seminars/exercise_04
# Date:            Tue Nov  5 18:37:24 2024
# [ok]
