#                                                                            --- full sequence --- -------------- this domain -------------   hmm coord   ali coord   env coord
# target name        accession   tlen query name           accession   qlen   E-value  score  bias   #  of  c-Evalue  i-Evalue  score  bias  from    to  from    to  from    to  acc description of target
#------------------- ---------- ----- -------------------- ---------- ----- --------- ------ ----- --- --- --------- --------- ------ ----- ----- ----- ----- ----- ----- ----- ---- ---------------------
9130:94-2607         -            838 13757at4891          -            575  8.3e-205  678.9  51.1   1   4      0.33        29    0.2   2.2    25    55   109   139    79   150 0.68 -
9130:94-2607         -            838 13757at4891          -            575  8.3e-205  678.9  51.1   2   4  6.4e-142  5.7e-140  464.8   1.4    50   355   184   504   160   509 0.92 -
9130:94-2607         -            838 13757at4891          -            575  8.3e-205  678.9  51.1   3   4   2.7e-41   2.4e-39  132.6   8.2   338   476   511   694   506   704 0.80 -
9130:94-2607         -            838 13757at4891          -            575  8.3e-205  678.9  51.1   4   4   1.9e-31   1.7e-29  100.1   0.1   478   573   739   838   726   838 0.91 -
7462:127-1389        -            421 13757at4891          -            575   2.7e-97  323.9   0.0   1   1   4.2e-99   3.8e-97  323.4   0.0    64   387    66   421    55   421 0.89 -
9684:21606-22841     -            412 13757at4891          -            575   1.7e-92  308.0   0.0   1   1   2.8e-94   2.5e-92  307.5   0.0   102   438     6   382     3   393 0.86 -
8198:2644-4164       -            507 13757at4891          -            575   3.4e-89  297.1   0.0   1   1   5.4e-91   4.8e-89  296.6   0.0   102   429    97   464    84   483 0.85 -
9678:2313-3881       -            523 13757at4891          -            575   6.3e-89  296.3   3.8   1   1   1.3e-90   1.2e-88  295.4   3.8    10   427    18   464     2   470 0.78 -
9050:7326-9089       -            588 13757at4891          -            575   1.2e-84  282.2   0.7   1   2       9.6   8.6e+02   -4.7   3.2    33    80    35    82    12    98 0.55 -
9050:7326-9089       -            588 13757at4891          -            575   1.2e-84  282.2   0.7   2   2   1.3e-86   1.2e-84  282.2   0.7    77   428   141   543   123   559 0.84 -
8574:225-1685        -            487 13757at4891          -            575   1.1e-83  278.9   0.1   1   1   1.9e-85   1.7e-83  278.4   0.1    50   429    14   414     5   435 0.80 -
9196:12113-13627     -            505 13757at4891          -            575   2.8e-75  251.2   0.0   1   1   4.8e-77   4.3e-75  250.6   0.0   102   428    39   394    10   400 0.86 -
9692:867-3095        -            743 13757at4891          -            575   9.7e-75  249.4  10.4   1   2   1.1e-76   9.7e-75  249.4  10.4    95   426   215   577   121   681 0.83 -
9692:867-3095        -            743 13757at4891          -            575   9.7e-75  249.4  10.4   2   2       2.5   2.2e+02   -2.7   0.5    13    42   677   706   665   737 0.61 -
9288:11014-13998     -            995 13757at4891          -            575   9.1e-73  242.9   9.8   1   3   2.8e-62   2.5e-60  201.8   0.6    44   328    79   356    55   391 0.84 -
9288:11014-13998     -            995 13757at4891          -            575   9.1e-73  242.9   9.8   2   3         3   2.7e+02   -3.0   2.1     5    41   387   423   381   433 0.68 -
9288:11014-13998     -            995 13757at4891          -            575   9.1e-73  242.9   9.8   3   3   3.7e-15   3.3e-13   46.3   0.0   360   427   469   537   462   547 0.88 -
9560:4401-5513       -            371 13757at4891          -            575   8.8e-71  236.3   4.5   1   1   1.5e-72   1.3e-70  235.8   4.5   107   442     3   363     1   368 0.87 -
9398:14767-16434     -            556 13757at4891          -            575   7.4e-70  233.3   6.0   1   1   1.7e-71   1.5e-69  232.3   5.9   108   478   125   533    34   547 0.80 -
9568:558-1955        -            466 13757at4891          -            575   1.5e-68  229.0   0.5   1   1   2.5e-70   2.2e-68  228.4   0.5   105   443    27   385    12   389 0.85 -
7278:2-1102          -            367 13757at4891          -            575   3.2e-65  218.0   1.2   1   1   5.1e-67   4.6e-65  217.5   1.2   107   443     2   359     1   364 0.85 -
8934:2131-4440       -            770 13757at4891          -            575   4.9e-65  217.4   1.1   1   2   5.5e-67   4.9e-65  217.4   1.1    74   427    10   398     1   427 0.80 -
8934:2131-4440       -            770 13757at4891          -            575   4.9e-65  217.4   1.1   2   2       1.9   1.7e+02   -2.3   2.5    13    41   661   689   633   700 0.68 -
9718:45233-46525     -            431 13757at4891          -            575   8.2e-65  216.6   4.2   1   1   1.9e-66   1.7e-64  215.6   2.4   105   449     3   382     1   413 0.82 -
9140:2896-4233       -            446 13757at4891          -            575   1.3e-60  202.8   0.1   1   1     2e-62   1.8e-60  202.3   0.1   105   446    62   431    53   439 0.84 -
9728:8092-9537       -            482 13757at4891          -            575   1.5e-59  199.3   1.4   1   1   2.4e-61   2.1e-59  198.8   1.4    44   440    38   454     5   463 0.77 -
9118:1587-3833       -            749 13757at4891          -            575   2.1e-58  195.5   2.1   1   2   2.9e-46   2.6e-44  149.0   1.1    70   297   112   364    40   412 0.75 -
9118:1587-3833       -            749 13757at4891          -            575   2.1e-58  195.5   2.1   2   2   9.6e-15   8.6e-13   44.9   0.0   374   426   510   563   490   585 0.88 -
9570:2503-4722       -            740 13757at4891          -            575   7.4e-58  193.7   0.1   1   2   8.1e-45   7.2e-43  144.2   0.1    66   283   103   328    42   377 0.80 -
9570:2503-4722       -            740 13757at4891          -            575   7.4e-58  193.7   0.1   2   2   1.8e-15   1.6e-13   47.3   0.0   373   426   511   565   490   568 0.92 -
8224:1308-3125       -            606 13757at4891          -            575     3e-57  191.6   0.2   1   1   3.4e-59     3e-57  191.6   0.2   106   427     6   375     2   381 0.79 -
9604:17339-18991     -            551 13757at4891          -            575   8.5e-57  190.2   0.8   1   2     3e-44   2.6e-42  142.3   0.5   112   334    25   265    20   279 0.80 -
9604:17339-18991     -            551 13757at4891          -            575   8.5e-57  190.2   0.8   2   2   5.5e-15   4.9e-13   45.7   0.0   366   426   331   392   304   414 0.82 -
9106:7077-8840       -            588 13757at4891          -            575   6.1e-53  177.4   6.9   1   2   8.3e-43   7.4e-41  137.5   1.7   105   350    11   276     2   285 0.82 -
9106:7077-8840       -            588 13757at4891          -            575   6.1e-53  177.4   6.9   2   2     7e-14   6.3e-12   42.0   0.0   383   430   377   425   375   439 0.93 -
9470:16576-18366     -            597 13757at4891          -            575   8.9e-39  130.7   5.3   1   2   1.4e-23   1.3e-21   74.0   1.4   145   306   229   395   181   407 0.86 -
9470:16576-18366     -            597 13757at4891          -            575   8.9e-39  130.7   5.3   2   2   1.1e-18   9.9e-17   57.9   0.0   375   426   520   572   507   575 0.94 -
9428:2704-4236       -            511 13757at4891          -            575   7.5e-38  127.6   1.6   1   2   9.3e-26   8.3e-24   81.2   0.5   128   312    86   289    66   296 0.81 -
9428:2704-4236       -            511 13757at4891          -            575   7.5e-38  127.6   1.6   2   2   7.2e-15   6.5e-13   45.3   0.0   375   427   437   489   432   506 0.91 -
9640:15160-16239     -            360 13757at4891          -            575   1.3e-13   47.6   0.0   1   2   4.3e-15   3.9e-13   46.0   0.0   126   266     1   139     1   183 0.73 -
9640:15160-16239     -            360 13757at4891          -            575   1.3e-13   47.6   0.0   2   2      0.99        88   -1.4   0.0   360   396   290   332   283   358 0.76 -
9410:9342-10319      -            326 13757at4891          -            575   2.3e-09   33.5   0.0   1   1   9.7e-11   8.6e-09   31.7   0.0   133   424     1   320     1   325 0.74 -
9514:10675-12261     -            529 13757at4891          -            575   1.1e-08   31.4   0.0   1   2   5.6e-10     5e-08   29.1   0.0   130   267     2   143     1   177 0.84 -
9514:10675-12261     -            529 13757at4891          -            575   1.1e-08   31.4   0.0   2   2      0.61        54   -0.7   0.0   375   396   328   349   305   359 0.74 -
9650:11956-15135     -           1060 13757at4891          -            575   4.1e-06   22.8   0.6   1   2   8.3e-06   0.00075   15.4   0.1    35   234   206   396   171   426 0.66 -
9650:11956-15135     -           1060 13757at4891          -            575   4.1e-06   22.8   0.6   2   2    0.0069      0.61    5.7   0.1   354   425   563   639   522   644 0.74 -
9198:4115-5575       -            487 13757at4891          -            575   1.6e-05   20.9   1.8   1   2   6.9e-07   6.2e-05   18.9   1.0   132   299     1   182     1   195 0.75 -
9198:4115-5575       -            487 13757at4891          -            575   1.6e-05   20.9   1.8   2   2      0.35        31    0.1   0.0   360   422   309   387   307   394 0.66 -
#
# Program:         hmmsearch
# Version:         3.1b2 (February 2015)
# Pipeline mode:   SEARCH
# Query file:      /home/jj/Desktop/Bioinformatics/3rd_year/1term/Computational_genomics/Seminars/exercise_04/busco_downloads/lineages/saccharomycetes_odb10/hmms/13757at4891.hmm
# Target file:     /home/jj/Desktop/Bioinformatics/3rd_year/1term/Computational_genomics/Seminars/exercise_04/./busco/SRR6130428/SRR6130428_k63_contigs/run_saccharomycetes_odb10/metaeuk_output/initial_results/SRR6130428_k63_graph.contig.fa.modified.fas
# Option settings: hmmsearch --domtblout /home/jj/Desktop/Bioinformatics/3rd_year/1term/Computational_genomics/Seminars/exercise_04/./busco/SRR6130428/SRR6130428_k63_contigs/run_saccharomycetes_odb10/hmmer_output/initial_run_results/13757at4891.out --cpu 1 /home/jj/Desktop/Bioinformatics/3rd_year/1term/Computational_genomics/Seminars/exercise_04/busco_downloads/lineages/saccharomycetes_odb10/hmms/13757at4891.hmm /home/jj/Desktop/Bioinformatics/3rd_year/1term/Computational_genomics/Seminars/exercise_04/./busco/SRR6130428/SRR6130428_k63_contigs/run_saccharomycetes_odb10/metaeuk_output/initial_results/SRR6130428_k63_graph.contig.fa.modified.fas 
# Current dir:     /home/jj/Desktop/Bioinformatics/3rd_year/1term/Computational_genomics/Seminars/exercise_04
# Date:            Tue Nov  5 18:37:24 2024
# [ok]
