#                                                                            --- full sequence --- -------------- this domain -------------   hmm coord   ali coord   env coord
# target name        accession   tlen query name           accession   qlen   E-value  score  bias   #  of  c-Evalue  i-Evalue  score  bias  from    to  from    to  from    to  acc description of target
#------------------- ---------- ----- -------------------- ---------- ----- --------- ------ ----- --- --- --------- --------- ------ ----- ----- ----- ----- ----- ----- ----- ---- ---------------------
8622:4584-5795       -            404 13867at4891          -            327  4.6e-206  680.5   6.6   1   1    1e-207    1e-205  679.4   6.6     1   327    39   394    39   394 0.95 -
9700:3872-6376       -            835 13867at4891          -            327  1.2e-123  409.6   0.1   1   2   1.1e-65   1.2e-63  212.5   0.2    77   306   208   437   171   454 0.92 -
9700:3872-6376       -            835 13867at4891          -            327  1.2e-123  409.6   0.1   2   2   2.6e-60   2.7e-58  194.9   0.0    74   306   479   713   466   733 0.92 -
9726:26191-28521     -            777 13867at4891          -            327  3.2e-121  401.7   0.1   1   2   2.8e-58   2.9e-56  188.2   0.0    81   302   243   469   237   487 0.93 -
9726:26191-28521     -            777 13867at4891          -            327  3.2e-121  401.7   0.1   2   2   2.2e-65   2.3e-63  211.5   0.0    52   305   483   739   478   756 0.92 -
9278:249-1565        -            439 13867at4891          -            327  1.2e-106  353.8   0.7   1   1  1.6e-108  1.6e-106  353.4   0.4    59   324   160   428   143   432 0.96 -
9666:11714-13114     -            467 13867at4891          -            327  5.6e-106  351.6   0.0   1   1  6.8e-108    7e-106  351.3   0.0    60   323   186   452   143   456 0.96 -
9452:13582-16065     -            828 13867at4891          -            327  6.9e-103  341.4   0.0   1   2   3.3e-49   3.4e-47  158.4   0.0    78   306   200   431   193   443 0.93 -
9452:13582-16065     -            828 13867at4891          -            327  6.9e-103  341.4   0.0   2   2   6.7e-56   6.9e-54  180.4   0.0    76   305   526   759   514   775 0.94 -
9172:4263-5570       -            436 13867at4891          -            327   1.1e-93  311.2   0.0   1   2       1.4   1.4e+02   -1.4   0.6     8    47    35    75    28    98 0.57 -
9172:4263-5570       -            436 13867at4891          -            327   1.1e-93  311.2   0.0   2   2   1.1e-95   1.1e-93  311.2   0.0    59   324   159   427   139   430 0.95 -
9660:17138-18448     -            437 13867at4891          -            327   4.2e-92  306.0   0.9   1   1   1.3e-92   1.3e-90  301.1   0.9    59   323   157   424    72   427 0.89 -
9088:3332-4615       -            428 13867at4891          -            327   8.2e-86  285.3   0.1   1   1   1.2e-87   1.2e-85  284.7   0.1    61   322   150   415   117   420 0.93 -
8672:233-1792        -            520 13867at4891          -            327   2.8e-57  191.5   0.0   1   1   4.6e-59   4.7e-57  190.8   0.0    81   323    72   324    61   328 0.91 -
9460:15656-16984     -            443 13867at4891          -            327   2.4e-56  188.5   0.0   1   2   5.2e-58   5.4e-56  187.3   0.0    84   322     5   248     2   253 0.93 -
9460:15656-16984     -            443 13867at4891          -            327   2.4e-56  188.5   0.0   2   2       3.7   3.8e+02   -2.8   0.0   239   268   326   355   320   364 0.81 -
8694:2670-4910       -            747 13867at4891          -            327   3.8e-56  187.8   0.0   1   1   5.3e-58   5.5e-56  187.3   0.0    79   323   277   520   242   524 0.95 -
9198:6736-10866      -           1377 13867at4891          -            327   6.3e-55  183.8   0.0   1   2   7.7e-55   7.9e-53  176.9   0.0    80   303   410   639   388   663 0.90 -
9198:6736-10866      -           1377 13867at4891          -            327   6.3e-55  183.8   0.0   2   2     0.022       2.3    4.5   0.0   106   186   756   839   751   847 0.76 -
8906:738-3590        -            951 13867at4891          -            327   3.3e-51  171.6   0.0   1   2      0.71        73   -0.5   0.0   176   285   462   574   443   595 0.73 -
8906:738-3590        -            951 13867at4891          -            327   3.3e-51  171.6   0.0   2   2   1.9e-52   1.9e-50  169.1   0.0    75   303   645   877   618   893 0.90 -
8626:2959-6072       -           1038 13867at4891          -            327     3e-49  165.1   0.0   1   2   6.5e-06   0.00067   16.1   0.0    98   306   428   655   401   673 0.73 -
8626:2959-6072       -           1038 13867at4891          -            327     3e-49  165.1   0.0   2   2   1.3e-45   1.4e-43  146.6   0.0    84   299   693   917   681   928 0.91 -
7436:115-1425        -            437 13867at4891          -            327   1.1e-45  153.4   0.0   1   1   1.6e-47   1.6e-45  152.8   0.0    68   305   119   354   109   368 0.88 -
8480:3440-5710       -            757 13867at4891          -            327   6.6e-40  134.4   0.1   1   2   6.3e-39   6.5e-37  124.6   0.2    85   304   241   476   228   501 0.85 -
8480:3440-5710       -            757 13867at4891          -            327   6.6e-40  134.4   0.1   2   2    0.0033      0.34    7.2   0.0   120   153   560   594   551   629 0.84 -
7824:343-1428        -            362 13867at4891          -            327   1.8e-39  133.0   0.0   1   1   2.4e-41   2.4e-39  132.6   0.0    79   304    87   312    65   322 0.92 -
9530:9826-10800      -            325 13867at4891          -            327     3e-37  125.7   0.0   1   1   4.5e-39   4.7e-37  125.1   0.0    82   313    42   283    23   290 0.85 -
7960:171-1106        -            312 13867at4891          -            327   9.7e-33  110.9   0.0   1   1   1.9e-33     2e-31  106.6   0.0    80   217    18   155     7   275 0.80 -
9596:14408-15766     -            453 13867at4891          -            327   3.4e-16   56.5   0.0   1   1   6.9e-18   7.2e-16   55.4   0.0   103   248   250   390   232   403 0.82 -
9542:14011-14553     -            181 13867at4891          -            327   1.8e-09   34.4   0.4   1   1   2.3e-10   2.4e-08   30.7   0.4   114   262     2   177     1   180 0.69 -
9368:11413-14397     -            995 13867at4891          -            327   3.1e-05   20.5   0.0   1   1   5.9e-07   6.1e-05   19.5   0.0   112   199   482   577   465   626 0.75 -
9238:3-14489         -           4829 13867at4891          -            327   0.00027   17.4   0.2   1   4       3.4   3.5e+02   -2.7   0.0   114   144   224   254   217   260 0.84 -
9238:3-14489         -           4829 13867at4891          -            327   0.00027   17.4   0.2   2   4       0.3        31    0.7   0.0   111   144   559   592   542   609 0.80 -
9238:3-14489         -           4829 13867at4891          -            327   0.00027   17.4   0.2   3   4     0.019         2    4.7   0.0   119   159   997  1039   961  1044 0.82 -
9238:3-14489         -           4829 13867at4891          -            327   0.00027   17.4   0.2   4   4    0.0068       0.7    6.2   0.0   115   152  1657  1694  1641  1704 0.85 -
9646:14198-14803     -            202 13867at4891          -            327    0.0027   14.1   0.0   1   1   3.8e-05    0.0039   13.6   0.0   103   135    60    91    46   111 0.85 -
9318:2674-3339       -            222 13867at4891          -            327    0.0092   12.3   0.0   1   1   0.00014     0.014   11.7   0.0   117   139    39    61    20    82 0.81 -
#
# Program:         hmmsearch
# Version:         3.1b2 (February 2015)
# Pipeline mode:   SEARCH
# Query file:      /home/jj/Desktop/Bioinformatics/3rd_year/1term/Computational_genomics/Seminars/exercise_04/busco_downloads/lineages/saccharomycetes_odb10/hmms/13867at4891.hmm
# Target file:     /home/jj/Desktop/Bioinformatics/3rd_year/1term/Computational_genomics/Seminars/exercise_04/./busco/SRR6130428/SRR6130428_k63_contigs/run_saccharomycetes_odb10/metaeuk_output/initial_results/SRR6130428_k63_graph.contig.fa.modified.fas
# Option settings: hmmsearch --domtblout /home/jj/Desktop/Bioinformatics/3rd_year/1term/Computational_genomics/Seminars/exercise_04/./busco/SRR6130428/SRR6130428_k63_contigs/run_saccharomycetes_odb10/hmmer_output/initial_run_results/13867at4891.out --cpu 1 /home/jj/Desktop/Bioinformatics/3rd_year/1term/Computational_genomics/Seminars/exercise_04/busco_downloads/lineages/saccharomycetes_odb10/hmms/13867at4891.hmm /home/jj/Desktop/Bioinformatics/3rd_year/1term/Computational_genomics/Seminars/exercise_04/./busco/SRR6130428/SRR6130428_k63_contigs/run_saccharomycetes_odb10/metaeuk_output/initial_results/SRR6130428_k63_graph.contig.fa.modified.fas 
# Current dir:     /home/jj/Desktop/Bioinformatics/3rd_year/1term/Computational_genomics/Seminars/exercise_04
# Date:            Tue Nov  5 18:37:25 2024
# [ok]
