#                                                                            --- full sequence --- -------------- this domain -------------   hmm coord   ali coord   env coord
# target name        accession   tlen query name           accession   qlen   E-value  score  bias   #  of  c-Evalue  i-Evalue  score  bias  from    to  from    to  from    to  acc description of target
#------------------- ---------- ----- -------------------- ---------- ----- --------- ------ ----- --- --- --------- --------- ------ ----- ----- ----- ----- ----- ----- ----- ---- ---------------------
9216:2738-5320       -            861 14486at4891          -            631  9.1e-301  996.1  12.1   1   2   7.8e-59   8.1e-57  190.2   1.2    17   152   144   279   131   287 0.95 -
9216:2738-5320       -            861 14486at4891          -            631  9.1e-301  996.1  12.1   2   2  4.7e-246  4.8e-244  808.7   3.8   141   629   290   843   283   845 0.88 -
9488:17255-19456     -            734 14486at4891          -            631   9.6e-32  107.4   4.1   1   2   5.7e-22   5.9e-20   68.4   0.1   142   266   102   238    80   244 0.76 -
9488:17255-19456     -            734 14486at4891          -            631   9.6e-32  107.4   4.1   2   2   5.9e-13   6.1e-11   38.7   0.8   286   399   283   403   276   422 0.78 -
9688:18032-18985     -            318 14486at4891          -            631   1.8e-25   86.7   0.5   1   1   2.5e-27   2.6e-25   86.1   0.5   149   437    10   288     2   292 0.77 -
9458:17491-18546     -            352 14486at4891          -            631   2.1e-21   73.2   0.3   1   2   6.1e-22   6.2e-20   68.4   0.0   139   412    17   288     8   294 0.78 -
9458:17491-18546     -            352 14486at4891          -            631   2.1e-21   73.2   0.3   2   2     0.034       3.5    3.1   0.1   544   569   296   321   283   334 0.78 -
8962:129-1130        -            334 14486at4891          -            631   2.2e-20   69.9   0.0   1   1   3.7e-22   3.8e-20   69.1   0.0   139   366     5   219     1   234 0.81 -
9726:26191-28521     -            777 14486at4891          -            631   1.3e-08   31.0   0.0   1   2   4.3e-06   0.00045   16.0   0.0   185   236   272   323   228   360 0.73 -
9726:26191-28521     -            777 14486at4891          -            631   1.3e-08   31.0   0.0   2   2   4.1e-05    0.0042   12.8   0.0   186   269   544   623   514   639 0.68 -
9452:13582-16065     -            828 14486at4891          -            631   5.2e-08   29.0   0.0   1   2   1.4e-06   0.00014   17.6   0.0   108   225   154   272   130   319 0.70 -
9452:13582-16065     -            828 14486at4891          -            631   5.2e-08   29.0   0.0   2   2   0.00052     0.054    9.1   0.0   193   220   568   595   556   639 0.68 -
9700:3872-6376       -            835 14486at4891          -            631     6e-08   28.8   0.0   1   2   4.4e-06   0.00045   16.0   0.0   188   232   244   288   211   321 0.75 -
9700:3872-6376       -            835 14486at4891          -            631     6e-08   28.8   0.0   2   2    0.0002     0.021   10.5   0.0   189   221   518   550   509   612 0.68 -
9318:2674-3339       -            222 14486at4891          -            631     5e-07   25.7   0.1   1   2   4.5e-08   4.7e-06   22.5   0.0   189   256    36   100     7   117 0.86 -
9318:2674-3339       -            222 14486at4891          -            631     5e-07   25.7   0.1   2   2      0.13        13    1.3   0.0   331   359   193   221   179   222 0.89 -
9660:17138-18448     -            437 14486at4891          -            631   7.5e-07   25.2   0.0   1   3       9.5   9.8e+02   -5.0   1.8   117   167    33    83    13    97 0.59 -
9660:17138-18448     -            437 14486at4891          -            631   7.5e-07   25.2   0.0   2   3   7.3e-09   7.5e-07   25.2   0.0   188   268   211   287   179   298 0.81 -
9660:17138-18448     -            437 14486at4891          -            631   7.5e-07   25.2   0.0   3   3       4.5   4.6e+02   -3.9   0.0    75   104   352   381   349   391 0.79 -
8036:2214-3275       -            354 14486at4891          -            631   1.4e-05   20.9   2.5   1   2    0.0012      0.12    8.0   0.0   147   208     2    52     1    62 0.78 -
8036:2214-3275       -            354 14486at4891          -            631   1.4e-05   20.9   2.5   2   2   0.00012     0.012   11.2   1.9   286   376   164   254   132   281 0.84 -
7436:115-1425        -            437 14486at4891          -            631   1.7e-05   20.7   0.1   1   1   3.1e-07   3.2e-05   19.8   0.1   190   276   164   246    83   266 0.79 -
9666:11714-13114     -            467 14486at4891          -            631   2.2e-05   20.3   0.0   1   1   3.2e-07   3.3e-05   19.7   0.0   152   267   201   314   192   332 0.69 -
9530:9826-10800      -            325 14486at4891          -            631   8.8e-05   18.3   0.0   1   1   1.2e-06   0.00013   17.8   0.0   191   267    75   147    52   154 0.79 -
8694:2670-4910       -            747 14486at4891          -            631   0.00012   17.8   0.0   1   1   2.5e-06   0.00026   16.7   0.0   156   221   278   343   254   352 0.88 -
9596:14408-15766     -            453 14486at4891          -            631   0.00019   17.2   0.0   1   1   2.7e-06   0.00027   16.7   0.0   183   236   255   313   242   333 0.77 -
8480:3440-5710       -            757 14486at4891          -            631    0.0002   17.1   0.0   1   2    0.0013      0.14    7.8   0.0   188   216   270   298   265   373 0.70 -
8480:3440-5710       -            757 14486at4891          -            631    0.0002   17.1   0.0   2   2    0.0022      0.23    7.0   0.0   187   221   552   586   531   593 0.76 -
7824:343-1428        -            362 14486at4891          -            631   0.00021   17.1   0.0   1   1     3e-06   0.00031   16.5   0.0   194   266   128   196   116   217 0.69 -
8906:738-3590        -            951 14486at4891          -            631   0.00037   16.3   0.0   1   2       1.6   1.7e+02   -2.4   0.0   179   225   383   430   375   447 0.73 -
8906:738-3590        -            951 14486at4891          -            631   0.00037   16.3   0.0   2   2   9.5e-06   0.00098   14.9   0.0   189   275   683   770   674   779 0.78 -
9088:3332-4615       -            428 14486at4891          -            631   0.00048   15.9   0.0   1   1   8.7e-06   0.00089   15.0   0.0   189   233   203   247   194   280 0.74 -
7960:171-1106        -            312 14486at4891          -            631   0.00048   15.9   0.0   1   1   7.1e-06   0.00073   15.3   0.0   192   265    54   123    47   131 0.74 -
8622:4584-5795       -            404 14486at4891          -            631   0.00061   15.5   0.0   1   1   8.4e-06   0.00087   15.0   0.0   165   270   153   255    98   272 0.67 -
8766:291-1703        -            471 14486at4891          -            631   0.00065   15.4   2.4   1   2   1.4e-05    0.0015   14.3   0.1   184   220    60    96    53   124 0.91 -
8766:291-1703        -            471 14486at4891          -            631   0.00065   15.4   2.4   2   2       0.2        20    0.6   0.4   312   378   355   422   344   430 0.77 -
8672:233-1792        -            520 14486at4891          -            631   0.00099   14.8   0.0   1   1   1.3e-05    0.0014   14.4   0.0   157   216    72   131    57   186 0.88 -
9460:15656-16984     -            443 14486at4891          -            631    0.0013   14.5   0.0   1   1   1.8e-05    0.0018   14.0   0.0   158   217     3    62     1    67 0.85 -
9646:14198-14803     -            202 14486at4891          -            631    0.0036   13.0   0.0   1   1   5.3e-05    0.0055   12.4   0.0   189   264    70   151    60   172 0.65 -
#
# Program:         hmmsearch
# Version:         3.1b2 (February 2015)
# Pipeline mode:   SEARCH
# Query file:      /home/jj/Desktop/Bioinformatics/3rd_year/1term/Computational_genomics/Seminars/exercise_04/busco_downloads/lineages/saccharomycetes_odb10/hmms/14486at4891.hmm
# Target file:     /home/jj/Desktop/Bioinformatics/3rd_year/1term/Computational_genomics/Seminars/exercise_04/./busco/SRR6130428/SRR6130428_k63_contigs/run_saccharomycetes_odb10/metaeuk_output/initial_results/SRR6130428_k63_graph.contig.fa.modified.fas
# Option settings: hmmsearch --domtblout /home/jj/Desktop/Bioinformatics/3rd_year/1term/Computational_genomics/Seminars/exercise_04/./busco/SRR6130428/SRR6130428_k63_contigs/run_saccharomycetes_odb10/hmmer_output/initial_run_results/14486at4891.out --cpu 1 /home/jj/Desktop/Bioinformatics/3rd_year/1term/Computational_genomics/Seminars/exercise_04/busco_downloads/lineages/saccharomycetes_odb10/hmms/14486at4891.hmm /home/jj/Desktop/Bioinformatics/3rd_year/1term/Computational_genomics/Seminars/exercise_04/./busco/SRR6130428/SRR6130428_k63_contigs/run_saccharomycetes_odb10/metaeuk_output/initial_results/SRR6130428_k63_graph.contig.fa.modified.fas 
# Current dir:     /home/jj/Desktop/Bioinformatics/3rd_year/1term/Computational_genomics/Seminars/exercise_04
# Date:            Tue Nov  5 18:37:28 2024
# [ok]
