#                                                                            --- full sequence --- -------------- this domain -------------   hmm coord   ali coord   env coord
# target name        accession   tlen query name           accession   qlen   E-value  score  bias   #  of  c-Evalue  i-Evalue  score  bias  from    to  from    to  from    to  acc description of target
#------------------- ---------- ----- -------------------- ---------- ----- --------- ------ ----- --- --- --------- --------- ------ ----- ----- ----- ----- ----- ----- ----- ---- ---------------------
9394:3041-4234       -            398 14521at4891          -            349  2.3e-206  681.9   6.8   1   1  8.6e-208  1.9e-205  678.9   6.8     1   349     5   398     5   398 0.95 -
9496:16670-18709     -            680 14521at4891          -            349   4.8e-35  118.5   4.5   1   2   4.7e-36     1e-33  114.1   2.0     3   291   253   584   251   603 0.74 -
9496:16670-18709     -            680 14521at4891          -            349   4.8e-35  118.5   4.5   2   2      0.12        26    1.0   0.0   328   348   659   679   590   680 0.69 -
7064:5-754           -            250 14521at4891          -            349   8.7e-33  111.1   0.5   1   1   3.9e-33   8.7e-31  104.5   0.5     2   206     2   250     1   250 0.72 -
9654:15122-16945     -            608 14521at4891          -            349   9.1e-25   84.7   0.0   1   1   2.1e-25   4.6e-23   79.1   0.0     4   279   165   495   162   511 0.68 -
9006:8637-10217      -            527 14521at4891          -            349     8e-21   71.7   1.1   1   2   2.3e-06   0.00052   16.5   0.1     4    28    99   123    96   135 0.85 -
9006:8637-10217      -            527 14521at4891          -            349     8e-21   71.7   1.1   2   2   1.1e-17   2.4e-15   53.7   0.1    63   232   187   355   182   364 0.78 -
9350:7151-9382       -            744 14521at4891          -            349   7.9e-15   52.0   0.6   1   2   2.1e-14   4.7e-12   42.9   0.1     6   131    54   192    49   205 0.78 -
9350:7151-9382       -            744 14521at4891          -            349   7.9e-15   52.0   0.6   2   2    0.0018       0.4    7.0   0.0   143   197   291   338   262   348 0.77 -
9282:2593-4464       -            624 14521at4891          -            349   8.4e-15   51.9   0.1   1   1   1.6e-16   3.6e-14   49.8   0.1     7   128    27   157    23   304 0.71 -
9724:26646-28994     -            783 14521at4891          -            349   9.6e-13   45.2   0.8   1   2     7e-14   1.6e-11   41.2   0.3     7   130    10   138     6   159 0.84 -
9724:26646-28994     -            783 14521at4891          -            349   9.6e-13   45.2   0.8   2   2     0.066        15    1.8   0.0   172   191   275   294   263   301 0.86 -
8696:2142-4049       -            636 14521at4891          -            349     4e-10   36.5   3.9   1   2   1.8e-12     4e-10   36.5   3.9     8   234   108   324   102   333 0.74 -
8696:2142-4049       -            636 14521at4891          -            349     4e-10   36.5   3.9   2   2       1.8     4e+02   -2.9   0.1   204   233   543   575   501   610 0.56 -
7772:9-2519          -            837 14521at4891          -            349   5.6e-10   36.1   3.4   1   3   2.3e-11   5.1e-09   32.9   1.5     7   128    18   159    13   189 0.70 -
7772:9-2519          -            837 14521at4891          -            349   5.6e-10   36.1   3.4   2   3       1.3   2.8e+02   -2.4   0.0   149   191   286   329   279   338 0.77 -
7772:9-2519          -            837 14521at4891          -            349   5.6e-10   36.1   3.4   3   3      0.12        27    0.9   0.0   193   241   370   419   359   434 0.78 -
8940:1835-5164       -           1110 14521at4891          -            349   1.3e-07   28.3   0.0   1   2   3.1e-09     7e-07   25.9   0.0     7   129    21   161    16   172 0.67 -
8940:1835-5164       -           1110 14521at4891          -            349   1.3e-07   28.3   0.0   2   2      0.62   1.4e+02   -1.4   0.0   201   234   570   603   560   606 0.89 -
9372:1417-4422       -           1002 14521at4891          -            349   0.00055   16.4   0.2   1   2   5.8e-06    0.0013   15.2   0.0    10   131   410   537   405   543 0.77 -
9372:1417-4422       -           1002 14521at4891          -            349   0.00055   16.4   0.2   2   2       2.4   5.4e+02   -3.3   0.2   203   235   635   667   629   676 0.82 -
#
# Program:         hmmsearch
# Version:         3.1b2 (February 2015)
# Pipeline mode:   SEARCH
# Query file:      /home/jj/Desktop/Bioinformatics/3rd_year/1term/Computational_genomics/Seminars/exercise_04/busco_downloads/lineages/saccharomycetes_odb10/hmms/14521at4891.hmm
# Target file:     /home/jj/Desktop/Bioinformatics/3rd_year/1term/Computational_genomics/Seminars/exercise_04/./busco/SRR6130428/SRR6130428_k63_contigs/run_saccharomycetes_odb10/metaeuk_output/initial_results/SRR6130428_k63_graph.contig.fa.modified.fas
# Option settings: hmmsearch --domtblout /home/jj/Desktop/Bioinformatics/3rd_year/1term/Computational_genomics/Seminars/exercise_04/./busco/SRR6130428/SRR6130428_k63_contigs/run_saccharomycetes_odb10/hmmer_output/initial_run_results/14521at4891.out --cpu 1 /home/jj/Desktop/Bioinformatics/3rd_year/1term/Computational_genomics/Seminars/exercise_04/busco_downloads/lineages/saccharomycetes_odb10/hmms/14521at4891.hmm /home/jj/Desktop/Bioinformatics/3rd_year/1term/Computational_genomics/Seminars/exercise_04/./busco/SRR6130428/SRR6130428_k63_contigs/run_saccharomycetes_odb10/metaeuk_output/initial_results/SRR6130428_k63_graph.contig.fa.modified.fas 
# Current dir:     /home/jj/Desktop/Bioinformatics/3rd_year/1term/Computational_genomics/Seminars/exercise_04
# Date:            Tue Nov  5 18:37:28 2024
# [ok]
