#                                                                            --- full sequence --- -------------- this domain -------------   hmm coord   ali coord   env coord
# target name        accession   tlen query name           accession   qlen   E-value  score  bias   #  of  c-Evalue  i-Evalue  score  bias  from    to  from    to  from    to  acc description of target
#------------------- ---------- ----- -------------------- ---------- ----- --------- ------ ----- --- --- --------- --------- ------ ----- ----- ----- ----- ----- ----- ----- ---- ---------------------
9476:18705-20861     -            719 15018at4891          -            326   3.4e-87  290.0  97.3   1   6   1.9e-05     0.017   11.6   0.1    10    30    28    48    25    74 0.93 -
9476:18705-20861     -            719 15018at4891          -            326   3.4e-87  290.0  97.3   2   6   1.2e-09   1.1e-06   25.4   0.0    29    84    87   146    80   154 0.87 -
9476:18705-20861     -            719 15018at4891          -            326   3.4e-87  290.0  97.3   3   6   1.2e-21   1.1e-18   64.9  25.9    66   204   155   294   152   301 0.79 -
9476:18705-20861     -            719 15018at4891          -            326   3.4e-87  290.0  97.3   4   6   3.8e-07   0.00034   17.2  27.2    81   218   296   428   291   432 0.72 -
9476:18705-20861     -            719 15018at4891          -            326   3.4e-87  290.0  97.3   5   6   1.8e-05     0.016   11.7   8.3   133   201   431   499   427   505 0.87 -
9476:18705-20861     -            719 15018at4891          -            326   3.4e-87  290.0  97.3   6   6   2.7e-56   2.4e-53  178.7  16.2    91   326   484   717   481   717 0.80 -
9444:195-776         -            194 15018at4891          -            326   2.3e-21   73.7   2.1   1   1   4.1e-24   3.6e-21   73.0   2.1   183   325    45   189     8   190 0.76 -
8310:2836-3195       -            120 15018at4891          -            326   1.8e-20   70.7   2.0   1   1   2.3e-23     2e-20   70.6   2.0   209   317     7   120     2   120 0.88 -
#
# Program:         hmmsearch
# Version:         3.1b2 (February 2015)
# Pipeline mode:   SEARCH
# Query file:      /home/jj/Desktop/Bioinformatics/3rd_year/1term/Computational_genomics/Seminars/exercise_04/busco_downloads/lineages/saccharomycetes_odb10/hmms/15018at4891.hmm
# Target file:     /home/jj/Desktop/Bioinformatics/3rd_year/1term/Computational_genomics/Seminars/exercise_04/./busco/SRR6130428/SRR6130428_k63_contigs/run_saccharomycetes_odb10/metaeuk_output/initial_results/SRR6130428_k63_graph.contig.fa.modified.fas
# Option settings: hmmsearch --domtblout /home/jj/Desktop/Bioinformatics/3rd_year/1term/Computational_genomics/Seminars/exercise_04/./busco/SRR6130428/SRR6130428_k63_contigs/run_saccharomycetes_odb10/hmmer_output/initial_run_results/15018at4891.out --cpu 1 /home/jj/Desktop/Bioinformatics/3rd_year/1term/Computational_genomics/Seminars/exercise_04/busco_downloads/lineages/saccharomycetes_odb10/hmms/15018at4891.hmm /home/jj/Desktop/Bioinformatics/3rd_year/1term/Computational_genomics/Seminars/exercise_04/./busco/SRR6130428/SRR6130428_k63_contigs/run_saccharomycetes_odb10/metaeuk_output/initial_results/SRR6130428_k63_graph.contig.fa.modified.fas 
# Current dir:     /home/jj/Desktop/Bioinformatics/3rd_year/1term/Computational_genomics/Seminars/exercise_04
# Date:            Tue Nov  5 18:37:31 2024
# [ok]
