#                                                                            --- full sequence --- -------------- this domain -------------   hmm coord   ali coord   env coord
# target name        accession   tlen query name           accession   qlen   E-value  score  bias   #  of  c-Evalue  i-Evalue  score  bias  from    to  from    to  from    to  acc description of target
#------------------- ---------- ----- -------------------- ---------- ----- --------- ------ ----- --- --- --------- --------- ------ ----- ----- ----- ----- ----- ----- ----- ---- ---------------------
7824:343-1428        -            362 15588at4891          -            261  1.7e-123  408.5   0.2   1   3    0.0076      0.62    6.8   0.0     2    21    15    34    14    46 0.85 -
7824:343-1428        -            362 15588at4891          -            261  1.7e-123  408.5   0.2   2   3  1.8e-122  1.4e-120  398.9   0.0    24   254    67   317    55   323 0.93 -
7824:343-1428        -            362 15588at4891          -            261  1.7e-123  408.5   0.2   3   3       2.9   2.4e+02   -1.7   0.0   250   261   333   344   328   344 0.88 -
9700:3872-6376       -            835 15588at4891          -            261   2.1e-94  313.1   0.0   1   2   1.1e-48     9e-47  157.0   0.0    46   257   213   443   204   447 0.87 -
9700:3872-6376       -            835 15588at4891          -            261   2.1e-94  313.1   0.0   2   2   1.3e-47     1e-45  153.6   0.0    36   252   476   714   461   722 0.84 -
9726:26191-28521     -            777 15588at4891          -            261     3e-88  293.0   0.0   1   2   1.1e-44   8.9e-43  143.9   0.0    46   248   244   470   236   477 0.83 -
9726:26191-28521     -            777 15588at4891          -            261     3e-88  293.0   0.0   2   2   5.1e-45   4.2e-43  145.0   0.0    33   259   502   748   473   750 0.86 -
9452:13582-16065     -            828 15588at4891          -            261   3.4e-85  283.0   0.0   1   2   1.9e-40   1.6e-38  130.0   0.0    45   251   203   433   174   442 0.83 -
9452:13582-16065     -            828 15588at4891          -            261   3.4e-85  283.0   0.0   2   2   1.4e-46   1.1e-44  150.2   0.0    46   248   532   757   525   769 0.84 -
9530:9826-10800      -            325 15588at4891          -            261   1.7e-57  192.2   0.0   1   1     5e-59   4.1e-57  190.9   0.0    31   250    27   275    14   295 0.83 -
7960:171-1106        -            312 15588at4891          -            261   9.3e-53  176.6   0.0   1   2   2.8e-46   2.3e-44  149.1   0.0    31   178     5   155     1   165 0.93 -
7960:171-1106        -            312 15588at4891          -            261   9.3e-53  176.6   0.0   2   2   1.6e-08   1.3e-06   25.4   0.0   173   249   170   261   158   269 0.72 -
9198:6736-10866      -           1377 15588at4891          -            261     5e-49  164.4   0.0   1   2   7.1e-48   5.8e-46  154.4   0.0    42   248   407   639   379   648 0.81 -
9198:6736-10866      -           1377 15588at4891          -            261     5e-49  164.4   0.0   2   2    0.0056      0.45    7.2   0.0    81   151   772   843   764   883 0.77 -
7436:115-1425        -            437 15588at4891          -            261   1.2e-48  163.2   0.0   1   1   2.9e-50   2.4e-48  162.2   0.0    32   250   117   354    99   367 0.86 -
9660:17138-18448     -            437 15588at4891          -            261   1.9e-45  152.7   0.0   1   1   5.4e-47   4.4e-45  151.5   0.0    45   249   179   405   163   414 0.85 -
9278:249-1565        -            439 15588at4891          -            261   8.4e-44  147.3   0.1   1   2       1.6   1.3e+02   -0.9   0.0    48    71   107   129    80   157 0.77 -
9278:249-1565        -            439 15588at4891          -            261   8.4e-44  147.3   0.1   2   2   3.8e-45     3e-43  145.5   0.0    43   250   180   409   164   418 0.84 -
9172:4263-5570       -            436 15588at4891          -            261   1.2e-43  146.8   0.0   1   1   2.4e-45     2e-43  146.1   0.0    29   249   165   407   157   417 0.84 -
8622:4584-5795       -            404 15588at4891          -            261   4.5e-42  141.6   0.0   1   1   8.8e-44   7.1e-42  141.0   0.0    42   250   142   372   116   381 0.83 -
9088:3332-4615       -            428 15588at4891          -            261   1.3e-41  140.1   0.0   1   1   2.4e-43     2e-41  139.5   0.0    45   205   170   338   157   403 0.85 -
9666:11714-13114     -            467 15588at4891          -            261   5.9e-41  138.0   0.0   1   1   1.6e-42   1.3e-40  136.9   0.0    44   254   206   438   193   443 0.82 -
8906:738-3590        -            951 15588at4891          -            261   6.5e-40  134.5   0.0   1   2       0.1       8.3    3.1   0.0   137   201   462   531   392   574 0.65 -
8906:738-3590        -            951 15588at4891          -            261   6.5e-40  134.5   0.0   2   2     5e-40     4e-38  128.7   0.0    45   255   651   884   618   890 0.80 -
8626:2959-6072       -           1038 15588at4891          -            261   7.2e-38  127.8   0.0   1   2     0.025       2.1    5.1   0.0    77   157   448   533   394   539 0.79 -
8626:2959-6072       -           1038 15588at4891          -            261   7.2e-38  127.8   0.0   2   2   1.1e-36   8.8e-35  117.7   0.0    23   250   667   923   657   928 0.83 -
8672:233-1792        -            520 15588at4891          -            261   4.1e-31  105.7   0.0   1   1   4.1e-32   3.4e-30  102.7   0.0    42   249    68   305    60   317 0.78 -
8694:2670-4910       -            747 15588at4891          -            261   8.5e-30  101.4   0.0   1   1   1.9e-31   1.5e-29  100.5   0.0    39   248   273   500   242   509 0.83 -
9460:15656-16984     -            443 15588at4891          -            261   1.1e-29  101.0   0.0   1   1   2.4e-31   1.9e-29  100.2   0.0    46   249     3   230     1   242 0.82 -
8480:3440-5710       -            757 15588at4891          -            261   2.2e-26   90.2   0.2   1   2   7.9e-23   6.4e-21   72.3   0.1    49   210   241   415   226   491 0.73 -
8480:3440-5710       -            757 15588at4891          -            261   2.2e-26   90.2   0.2   2   2   4.4e-05    0.0035   14.1   0.0    81   149   560   629   554   633 0.82 -
9542:14011-14553     -            181 15588at4891          -            261   1.1e-11   42.1   2.0   1   1   2.3e-12   1.9e-10   38.0   2.0    75   207     2   163     1   180 0.70 -
9596:14408-15766     -            453 15588at4891          -            261   1.6e-10   38.2   0.0   1   1   5.1e-12   4.1e-10   36.9   0.0    79   199   265   380   259   393 0.83 -
9238:3-14489         -           4829 15588at4891          -            261   6.6e-10   36.2   2.2   1   5       1.6   1.3e+02   -0.8   0.0    37   103   173   252   164   266 0.60 -
9238:3-14489         -           4829 15588at4891          -            261   6.6e-10   36.2   2.2   2   5     0.067       5.4    3.7   0.0    70   112   557   599   547   604 0.79 -
9238:3-14489         -           4829 15588at4891          -            261   6.6e-10   36.2   2.2   3   5   0.00043     0.035   10.9   0.0    55   110   967  1027   964  1040 0.85 -
9238:3-14489         -           4829 15588at4891          -            261   6.6e-10   36.2   2.2   4   5     0.026       2.1    5.0   0.0    75   109  1277  1311  1265  1317 0.85 -
9238:3-14489         -           4829 15588at4891          -            261   6.6e-10   36.2   2.2   5   5     0.001     0.084    9.6   0.0    74   113  1655  1694  1640  1704 0.87 -
9488:17255-19456     -            734 15588at4891          -            261   3.7e-06   23.9   0.0   1   1     1e-07   8.4e-06   22.7   0.0    77   149   167   239   155   247 0.80 -
9646:14198-14803     -            202 15588at4891          -            261   5.5e-06   23.3   0.0   1   1     7e-08   5.6e-06   23.3   0.0    73   113    68   109    11   202 0.75 -
9318:2674-3339       -            222 15588at4891          -            261    0.0006   16.7   0.2   1   2   4.7e-05    0.0038   14.0   0.1    81   149    42   119    32   130 0.60 -
9318:2674-3339       -            222 15588at4891          -            261    0.0006   16.7   0.2   2   2       1.2        97   -0.4   0.0   177   200   132   157   123   175 0.73 -
9368:11413-14397     -            995 15588at4891          -            261    0.0013   15.5   0.0   1   1   4.6e-05    0.0038   14.0   0.0    80   148   489   565   466   578 0.75 -
8962:129-1130        -            334 15588at4891          -            261    0.0018   15.1   0.0   1   1   5.7e-05    0.0046   13.8   0.0    81   102    49    70    41    83 0.87 -
8636:1298-2713       -            472 15588at4891          -            261    0.0024   14.7   0.0   1   1   5.1e-05    0.0042   13.9   0.0    77    96    84   103    55   136 0.87 -
9216:2738-5320       -            861 15588at4891          -            261    0.0034   14.2   0.0   1   1   7.7e-05    0.0063   13.3   0.0    81   115   349   383   344   396 0.85 -
9458:17491-18546     -            352 15588at4891          -            261    0.0057   13.5   0.0   1   2   0.00018     0.014   12.1   0.0    81   101    61    81    36    95 0.86 -
9458:17491-18546     -            352 15588at4891          -            261    0.0057   13.5   0.0   2   2       7.6   6.2e+02   -3.1   0.0   140   155   136   151   133   164 0.79 -
9132:5293-7725       -            811 15588at4891          -            261    0.0079   13.0   0.0   1   2         1        83   -0.2   0.0   106   150   174   221   134   237 0.58 -
9132:5293-7725       -            811 15588at4891          -            261    0.0079   13.0   0.0   2   2   0.00081     0.066   10.0   0.0    51   117   508   576   495   581 0.70 -
9604:23026-24414     -            463 15588at4891          -            261     0.017   11.9   0.6   1   2    0.0072      0.59    6.9   0.1    77   103    71    97    55   105 0.84 -
9604:23026-24414     -            463 15588at4891          -            261     0.017   11.9   0.6   2   2      0.11       8.9    3.0   0.0   112   148   278   315   268   321 0.79 -
#
# Program:         hmmsearch
# Version:         3.1b2 (February 2015)
# Pipeline mode:   SEARCH
# Query file:      /home/jj/Desktop/Bioinformatics/3rd_year/1term/Computational_genomics/Seminars/exercise_04/busco_downloads/lineages/saccharomycetes_odb10/hmms/15588at4891.hmm
# Target file:     /home/jj/Desktop/Bioinformatics/3rd_year/1term/Computational_genomics/Seminars/exercise_04/./busco/SRR6130428/SRR6130428_k63_contigs/run_saccharomycetes_odb10/metaeuk_output/initial_results/SRR6130428_k63_graph.contig.fa.modified.fas
# Option settings: hmmsearch --domtblout /home/jj/Desktop/Bioinformatics/3rd_year/1term/Computational_genomics/Seminars/exercise_04/./busco/SRR6130428/SRR6130428_k63_contigs/run_saccharomycetes_odb10/hmmer_output/initial_run_results/15588at4891.out --cpu 1 /home/jj/Desktop/Bioinformatics/3rd_year/1term/Computational_genomics/Seminars/exercise_04/busco_downloads/lineages/saccharomycetes_odb10/hmms/15588at4891.hmm /home/jj/Desktop/Bioinformatics/3rd_year/1term/Computational_genomics/Seminars/exercise_04/./busco/SRR6130428/SRR6130428_k63_contigs/run_saccharomycetes_odb10/metaeuk_output/initial_results/SRR6130428_k63_graph.contig.fa.modified.fas 
# Current dir:     /home/jj/Desktop/Bioinformatics/3rd_year/1term/Computational_genomics/Seminars/exercise_04
# Date:            Tue Nov  5 18:37:33 2024
# [ok]
