#                                                                            --- full sequence --- -------------- this domain -------------   hmm coord   ali coord   env coord
# target name        accession   tlen query name           accession   qlen   E-value  score  bias   #  of  c-Evalue  i-Evalue  score  bias  from    to  from    to  from    to  acc description of target
#------------------- ---------- ----- -------------------- ---------- ----- --------- ------ ----- --- --- --------- --------- ------ ----- ----- ----- ----- ----- ----- ----- ---- ---------------------
9102:3316-5193       -            626 15581at4891          -            268  2.4e-104  345.8  20.6   1   4     2e-18   5.8e-16   55.9   0.1    32    97    63   131     3   147 0.80 -
9102:3316-5193       -            626 15581at4891          -            268  2.4e-104  345.8  20.6   2   4   1.3e-29   3.8e-27   92.6   0.1    94   152   205   263   164   278 0.89 -
9102:3316-5193       -            626 15581at4891          -            268  2.4e-104  345.8  20.6   3   4   4.2e-47   1.3e-44  149.9   2.0   149   240   284   388   268   406 0.88 -
9102:3316-5193       -            626 15581at4891          -            268  2.4e-104  345.8  20.6   4   4   9.2e-17   2.7e-14   50.5   3.6   238   268   576   608   562   608 0.93 -
7566:96-1814         -            573 15581at4891          -            268   9.4e-10   35.6   0.1   1   4      0.22        67    0.0   0.0   110   168    33    96    10   106 0.75 -
7566:96-1814         -            573 15581at4891          -            268   9.4e-10   35.6   0.1   2   4      0.01         3    4.4   0.0   113   176   124   192   115   205 0.74 -
7566:96-1814         -            573 15581at4891          -            268   9.4e-10   35.6   0.1   3   4   1.9e-05    0.0058   13.3   0.0   113   171   217   280   191   289 0.71 -
7566:96-1814         -            573 15581at4891          -            268   9.4e-10   35.6   0.1   4   4   3.4e-05      0.01   12.5   0.0    92   171   300   382   291   418 0.81 -
8660:5537-6670       -            378 15581at4891          -            268   1.5e-07   28.3   0.4   1   3    0.0029      0.87    6.2   0.0   117   187     3    80     1    93 0.75 -
8660:5537-6670       -            378 15581at4891          -            268   1.5e-07   28.3   0.4   2   3       1.1   3.4e+02   -2.3   0.0   109   162    83   138    77   145 0.62 -
8660:5537-6670       -            378 15581at4891          -            268   1.5e-07   28.3   0.4   3   3   2.7e-07   7.9e-05   19.4   0.0   111   169   199   260   188   280 0.80 -
9636:601-1929        -            443 15581at4891          -            268   1.8e-07   28.1   0.0   1   3   2.8e-05    0.0085   12.8   0.0   113   179    64   135    55   145 0.74 -
9636:601-1929        -            443 15581at4891          -            268   1.8e-07   28.1   0.0   2   3    0.0024      0.73    6.4   0.0   116   176   154   220   136   232 0.78 -
9636:601-1929        -            443 15581at4891          -            268   1.8e-07   28.1   0.0   3   3     0.006       1.8    5.2   0.0   115   168   332   384   320   396 0.89 -
9070:3727-4833       -            369 15581at4891          -            268   9.2e-07   25.8   2.2   1   4     0.012       3.5    4.2   0.0   117   184     1    75     1    84 0.70 -
9070:3727-4833       -            369 15581at4891          -            268   9.2e-07   25.8   2.2   2   4      0.86   2.6e+02   -1.9   0.0   112   170    84   144    74   148 0.55 -
9070:3727-4833       -            369 15581at4891          -            268   9.2e-07   25.8   2.2   3   4    0.0008      0.24    8.0   0.1   106   164   202   260   184   269 0.72 -
9070:3727-4833       -            369 15581at4891          -            268   9.2e-07   25.8   2.2   4   4     7e-05     0.021   11.5   0.2    83   169   268   360   252   368 0.74 -
8512:1867-2946       -            360 15581at4891          -            268   4.2e-05   20.3   0.0   1   2   0.00085      0.25    7.9   0.0    91   185    88   191    55   201 0.75 -
8512:1867-2946       -            360 15581at4891          -            268   4.2e-05   20.3   0.0   2   2   0.00016     0.047   10.4   0.0    88   165   236   312   206   326 0.79 -
9616:24705-25226     -            174 15581at4891          -            268   0.00012   18.9   0.0   1   1   4.9e-07   0.00015   18.6   0.0   105   171    35   107    17   139 0.77 -
8764:3152-5158       -            669 15581at4891          -            268   0.00068   16.4   0.0   1   3   0.00012     0.036   10.7   0.0   115   169    10    68     7    99 0.77 -
8764:3152-5158       -            669 15581at4891          -            268   0.00068   16.4   0.0   2   3     0.043        13    2.3   0.0   117   151   276   310   253   333 0.80 -
8764:3152-5158       -            669 15581at4891          -            268   0.00068   16.4   0.0   3   3       1.7   5.1e+02   -2.9   0.0   152   169   538   555   534   564 0.79 -
9262:13434-14585     -            384 15581at4891          -            268    0.0069   13.1   0.0   1   2      0.14        42    0.7   0.0   116   137   108   129    93   138 0.83 -
9262:13434-14585     -            384 15581at4891          -            268    0.0069   13.1   0.0   2   2   0.00024     0.072    9.7   0.0   111   169   217   280   200   344 0.76 -
#
# Program:         hmmsearch
# Version:         3.1b2 (February 2015)
# Pipeline mode:   SEARCH
# Query file:      /home/jj/Desktop/Bioinformatics/3rd_year/1term/Computational_genomics/Seminars/exercise_04/busco_downloads/lineages/saccharomycetes_odb10/hmms/15581at4891.hmm
# Target file:     /home/jj/Desktop/Bioinformatics/3rd_year/1term/Computational_genomics/Seminars/exercise_04/./busco/SRR6130428/SRR6130428_k63_contigs/run_saccharomycetes_odb10/metaeuk_output/initial_results/SRR6130428_k63_graph.contig.fa.modified.fas
# Option settings: hmmsearch --domtblout /home/jj/Desktop/Bioinformatics/3rd_year/1term/Computational_genomics/Seminars/exercise_04/./busco/SRR6130428/SRR6130428_k63_contigs/run_saccharomycetes_odb10/hmmer_output/initial_run_results/15581at4891.out --cpu 1 /home/jj/Desktop/Bioinformatics/3rd_year/1term/Computational_genomics/Seminars/exercise_04/busco_downloads/lineages/saccharomycetes_odb10/hmms/15581at4891.hmm /home/jj/Desktop/Bioinformatics/3rd_year/1term/Computational_genomics/Seminars/exercise_04/./busco/SRR6130428/SRR6130428_k63_contigs/run_saccharomycetes_odb10/metaeuk_output/initial_results/SRR6130428_k63_graph.contig.fa.modified.fas 
# Current dir:     /home/jj/Desktop/Bioinformatics/3rd_year/1term/Computational_genomics/Seminars/exercise_04
# Date:            Tue Nov  5 18:37:33 2024
# [ok]
