#                                                                            --- full sequence --- -------------- this domain -------------   hmm coord   ali coord   env coord
# target name        accession   tlen query name           accession   qlen   E-value  score  bias   #  of  c-Evalue  i-Evalue  score  bias  from    to  from    to  from    to  acc description of target
#------------------- ---------- ----- -------------------- ---------- ----- --------- ------ ----- --- --- --------- --------- ------ ----- ----- ----- ----- ----- ----- ----- ---- ---------------------
9372:36-1142         -            369 15784at4891          -            328  3.7e-185  611.8   0.2   1   1  1.3e-187  4.4e-185  611.6   0.2     1   328     3   369     3   369 0.94 -
8346:3270-4373       -            368 15784at4891          -            328  9.4e-103  341.0   0.6   1   1  3.2e-105  1.1e-102  340.8   0.6     2   327     3   367     2   368 0.90 -
9718:43474-44961     -            496 15784at4891          -            328   2.5e-10   37.2   0.0   1   1   1.3e-12   4.2e-10   36.4   0.0    53   151   326   431   316   452 0.78 -
9012:6199-7428       -            410 15784at4891          -            328   2.1e-07   27.6   0.3   1   3   2.9e-05    0.0097   12.3   0.0    55    86     7    40     3    50 0.83 -
9012:6199-7428       -            410 15784at4891          -            328   2.1e-07   27.6   0.3   2   3   2.3e-05    0.0076   12.6   0.0    98   137    79   118    68   125 0.91 -
9012:6199-7428       -            410 15784at4891          -            328   2.1e-07   27.6   0.3   3   3       1.4   4.8e+02   -3.2   0.0   214   227   220   233   208   258 0.70 -
9380:4481-6421       -            647 15784at4891          -            328   8.8e-06   22.2   0.0   1   1   4.2e-08   1.4e-05   21.6   0.0    50   134   165   256   137   362 0.84 -
9384:4587-5429       -            281 15784at4891          -            328   0.00017   18.0   0.1   1   2     2e-06   0.00068   16.1   0.0    54   134     6   107     2   119 0.81 -
9384:4587-5429       -            281 15784at4891          -            328   0.00017   18.0   0.1   2   2      0.46   1.5e+02   -1.6   0.0   275   310   131   167   110   179 0.74 -
9146:11455-12855     -            467 15784at4891          -            328    0.0013   15.1   0.1   1   2      0.89     3e+02   -2.5   0.0   116   157   112   155    98   158 0.71 -
9146:11455-12855     -            467 15784at4891          -            328    0.0013   15.1   0.1   2   2   1.2e-05    0.0039   13.6   0.0    53   108   228   289   196   303 0.71 -
9656:3033-4910       -            626 15784at4891          -            328    0.0024   14.3   0.0   1   2       0.8   2.7e+02   -2.4   0.0    31    84    36    90    19   100 0.66 -
9656:3033-4910       -            626 15784at4891          -            328    0.0024   14.3   0.0   2   2   2.5e-05    0.0084   12.5   0.0    54   107   338   392   336   405 0.81 -
#
# Program:         hmmsearch
# Version:         3.1b2 (February 2015)
# Pipeline mode:   SEARCH
# Query file:      /home/jj/Desktop/Bioinformatics/3rd_year/1term/Computational_genomics/Seminars/exercise_04/busco_downloads/lineages/saccharomycetes_odb10/hmms/15784at4891.hmm
# Target file:     /home/jj/Desktop/Bioinformatics/3rd_year/1term/Computational_genomics/Seminars/exercise_04/./busco/SRR6130428/SRR6130428_k63_contigs/run_saccharomycetes_odb10/metaeuk_output/initial_results/SRR6130428_k63_graph.contig.fa.modified.fas
# Option settings: hmmsearch --domtblout /home/jj/Desktop/Bioinformatics/3rd_year/1term/Computational_genomics/Seminars/exercise_04/./busco/SRR6130428/SRR6130428_k63_contigs/run_saccharomycetes_odb10/hmmer_output/initial_run_results/15784at4891.out --cpu 1 /home/jj/Desktop/Bioinformatics/3rd_year/1term/Computational_genomics/Seminars/exercise_04/busco_downloads/lineages/saccharomycetes_odb10/hmms/15784at4891.hmm /home/jj/Desktop/Bioinformatics/3rd_year/1term/Computational_genomics/Seminars/exercise_04/./busco/SRR6130428/SRR6130428_k63_contigs/run_saccharomycetes_odb10/metaeuk_output/initial_results/SRR6130428_k63_graph.contig.fa.modified.fas 
# Current dir:     /home/jj/Desktop/Bioinformatics/3rd_year/1term/Computational_genomics/Seminars/exercise_04
# Date:            Tue Nov  5 18:37:34 2024
# [ok]
