#                                                                            --- full sequence --- -------------- this domain -------------   hmm coord   ali coord   env coord
# target name        accession   tlen query name           accession   qlen   E-value  score  bias   #  of  c-Evalue  i-Evalue  score  bias  from    to  from    to  from    to  acc description of target
#------------------- ---------- ----- -------------------- ---------- ----- --------- ------ ----- --- --- --------- --------- ------ ----- ----- ----- ----- ----- ----- ----- ---- ---------------------
9694:24799-28059     -           1087 15997at4891          -            432    7e-109  361.7  50.1   1   7   7.9e-11     7e-08   28.9   2.5     3    77    50   144    48   163 0.75 -
9694:24799-28059     -           1087 15997at4891          -            432    7e-109  361.7  50.1   2   7   6.7e-20     6e-17   58.8   0.8    58   150   176   272   151   303 0.83 -
9694:24799-28059     -           1087 15997at4891          -            432    7e-109  361.7  50.1   3   7   5.7e-06    0.0051   12.9   0.4   139   209   384   470   379   482 0.67 -
9694:24799-28059     -           1087 15997at4891          -            432    7e-109  361.7  50.1   4   7     0.079        71   -0.8   0.0   178   200   489   511   476   544 0.72 -
9694:24799-28059     -           1087 15997at4891          -            432    7e-109  361.7  50.1   5   7      0.21   1.9e+02   -2.2   0.0   156   184   540   568   520   574 0.68 -
9694:24799-28059     -           1087 15997at4891          -            432    7e-109  361.7  50.1   6   7   3.7e-61   3.3e-58  194.7  19.2   209   380   666   866   659   870 0.86 -
9694:24799-28059     -           1087 15997at4891          -            432    7e-109  361.7  50.1   7   7     3e-22   2.7e-19   66.5   0.1   376   425   931   985   923   995 0.88 -
9700:24357-26075     -            573 15997at4891          -            432   0.00012   18.2  10.8   1   4   0.00062      0.55    6.1   0.0   300   337   112   145   102   150 0.81 -
9700:24357-26075     -            573 15997at4891          -            432   0.00012   18.2  10.8   2   4   5.3e-05     0.047    9.7   0.0   335   377   189   231   182   235 0.90 -
9700:24357-26075     -            573 15997at4891          -            432   0.00012   18.2  10.8   3   4      0.34     3e+02   -2.9   0.5   332   349   407   424   381   453 0.51 -
9700:24357-26075     -            573 15997at4891          -            432   0.00012   18.2  10.8   4   4   0.00022       0.2    7.6   0.7   202   250   490   538   473   563 0.79 -
9652:15272-15526     -             85 15997at4891          -            432     0.013   11.5   0.4   1   1   2.1e-05     0.018   11.0   0.4   316   338    23    45    13    85 0.65 -
#
# Program:         hmmsearch
# Version:         3.1b2 (February 2015)
# Pipeline mode:   SEARCH
# Query file:      /home/jj/Desktop/Bioinformatics/3rd_year/1term/Computational_genomics/Seminars/exercise_04/busco_downloads/lineages/saccharomycetes_odb10/hmms/15997at4891.hmm
# Target file:     /home/jj/Desktop/Bioinformatics/3rd_year/1term/Computational_genomics/Seminars/exercise_04/./busco/SRR6130428/SRR6130428_k63_contigs/run_saccharomycetes_odb10/metaeuk_output/initial_results/SRR6130428_k63_graph.contig.fa.modified.fas
# Option settings: hmmsearch --domtblout /home/jj/Desktop/Bioinformatics/3rd_year/1term/Computational_genomics/Seminars/exercise_04/./busco/SRR6130428/SRR6130428_k63_contigs/run_saccharomycetes_odb10/hmmer_output/initial_run_results/15997at4891.out --cpu 1 /home/jj/Desktop/Bioinformatics/3rd_year/1term/Computational_genomics/Seminars/exercise_04/busco_downloads/lineages/saccharomycetes_odb10/hmms/15997at4891.hmm /home/jj/Desktop/Bioinformatics/3rd_year/1term/Computational_genomics/Seminars/exercise_04/./busco/SRR6130428/SRR6130428_k63_contigs/run_saccharomycetes_odb10/metaeuk_output/initial_results/SRR6130428_k63_graph.contig.fa.modified.fas 
# Current dir:     /home/jj/Desktop/Bioinformatics/3rd_year/1term/Computational_genomics/Seminars/exercise_04
# Date:            Tue Nov  5 18:37:34 2024
# [ok]
