#                                                                            --- full sequence --- -------------- this domain -------------   hmm coord   ali coord   env coord
# target name        accession   tlen query name           accession   qlen   E-value  score  bias   #  of  c-Evalue  i-Evalue  score  bias  from    to  from    to  from    to  acc description of target
#------------------- ---------- ----- -------------------- ---------- ----- --------- ------ ----- --- --- --------- --------- ------ ----- ----- ----- ----- ----- ----- ----- ---- ---------------------
7904:1421-2323       -            301 16010at4891          -            251  2.4e-124  410.8   0.4   1   1  1.4e-126  2.9e-124  410.6   0.4     1   249    41   294    41   296 0.98 -
9710:25770-26672     -            301 16010at4891          -            251  6.1e-124  409.5   0.5   1   1  3.5e-126  7.3e-124  409.3   0.5     1   249    41   294    41   296 0.98 -
9330:14821-15729     -            303 16010at4891          -            251  3.9e-117  387.2   0.3   1   1  2.4e-119  4.9e-117  386.9   0.3     1   249    45   298    45   300 0.96 -
7292:637-1131        -            165 16010at4891          -            251  3.6e-101  334.9   0.4   1   1    2e-103  4.1e-101  334.8   0.4   104   251     1   153     1   153 0.98 -
7668:1370-2146       -            259 16010at4891          -            251   3.1e-84  279.5   0.2   1   1   1.7e-86   3.4e-84  279.3   0.2    13   243     1   236     1   244 0.96 -
7124:76-852          -            259 16010at4891          -            251   1.2e-83  277.5   0.2   1   1   6.6e-86   1.4e-83  277.4   0.2    13   243     1   236     1   244 0.96 -
7532:743-1762        -            165 16010at4891          -            251   2.6e-83  276.5   3.1   1   1   1.5e-85   3.1e-83  276.2   3.1     1   121    45   165    45   165 1.00 -
9308:14210-15133     -            308 16010at4891          -            251   3.4e-75  249.9   0.1   1   1     2e-77   4.2e-75  249.6   0.1     8   247    39   285    32   289 0.94 -
8788:4212-5126       -            305 16010at4891          -            251   5.5e-74  245.9   0.5   1   1   3.2e-76   6.7e-74  245.6   0.5     7   247    36   281    30   285 0.95 -
9206:7422-8297       -            292 16010at4891          -            251     3e-66  220.6   0.7   1   1   2.5e-68   5.2e-66  219.8   0.7     2   233    30   279    29   291 0.89 -
8700:5688-6476       -            263 16010at4891          -            251   1.8e-62  208.2   1.3   1   1   1.5e-64   3.2e-62  207.4   1.3     4   238     2   261     1   263 0.88 -
8072:1436-2293       -            286 16010at4891          -            251   1.6e-60  201.8   0.6   1   2     5e-56     1e-53  179.5   0.5     2   167     6   171     5   195 0.95 -
8072:1436-2293       -            286 16010at4891          -            251   1.6e-60  201.8   0.6   2   2   1.5e-07   3.2e-05   20.7   0.0   174   237   209   283   197   286 0.79 -
7842:314-1837        -            508 16010at4891          -            251   2.7e-58  194.5   0.0   1   1   1.9e-60   3.9e-58  194.0   0.0    11   235   236   466   220   471 0.91 -
#
# Program:         hmmsearch
# Version:         3.1b2 (February 2015)
# Pipeline mode:   SEARCH
# Query file:      /home/jj/Desktop/Bioinformatics/3rd_year/1term/Computational_genomics/Seminars/exercise_04/busco_downloads/lineages/saccharomycetes_odb10/hmms/16010at4891.hmm
# Target file:     /home/jj/Desktop/Bioinformatics/3rd_year/1term/Computational_genomics/Seminars/exercise_04/./busco/SRR6130428/SRR6130428_k63_contigs/run_saccharomycetes_odb10/metaeuk_output/initial_results/SRR6130428_k63_graph.contig.fa.modified.fas
# Option settings: hmmsearch --domtblout /home/jj/Desktop/Bioinformatics/3rd_year/1term/Computational_genomics/Seminars/exercise_04/./busco/SRR6130428/SRR6130428_k63_contigs/run_saccharomycetes_odb10/hmmer_output/initial_run_results/16010at4891.out --cpu 1 /home/jj/Desktop/Bioinformatics/3rd_year/1term/Computational_genomics/Seminars/exercise_04/busco_downloads/lineages/saccharomycetes_odb10/hmms/16010at4891.hmm /home/jj/Desktop/Bioinformatics/3rd_year/1term/Computational_genomics/Seminars/exercise_04/./busco/SRR6130428/SRR6130428_k63_contigs/run_saccharomycetes_odb10/metaeuk_output/initial_results/SRR6130428_k63_graph.contig.fa.modified.fas 
# Current dir:     /home/jj/Desktop/Bioinformatics/3rd_year/1term/Computational_genomics/Seminars/exercise_04
# Date:            Tue Nov  5 18:37:35 2024
# [ok]
