#                                                                            --- full sequence --- -------------- this domain -------------   hmm coord   ali coord   env coord
# target name        accession   tlen query name           accession   qlen   E-value  score  bias   #  of  c-Evalue  i-Evalue  score  bias  from    to  from    to  from    to  acc description of target
#------------------- ---------- ----- -------------------- ---------- ----- --------- ------ ----- --- --- --------- --------- ------ ----- ----- ----- ----- ----- ----- ----- ---- ---------------------
9686:3472-6090       -            873 16151at4891          -            441  4.9e-181  599.5  17.9   1   3   5.9e-67     4e-64  214.2   4.0     1   179    11   221    11   228 0.88 -
9686:3472-6090       -            873 16151at4891          -            441  4.9e-181  599.5  17.9   2   3   3.2e-32   2.1e-29   99.8   0.2   177   264   258   355   249   362 0.87 -
9686:3472-6090       -            873 16151at4891          -            441  4.9e-181  599.5  17.9   3   3   7.8e-91   5.2e-88  292.9   1.5   250   441   649   861   639   861 0.89 -
9148:2424-4730       -            769 16151at4891          -            441   7.7e-38  127.6   4.1   1   1   1.9e-39   1.3e-36  123.6   4.1     2   266    13   335    12   348 0.74 -
8944:5359-7503       -            715 16151at4891          -            441   6.8e-34  114.6  12.0   1   5   2.1e-20   1.4e-17   60.8   0.1     4    99    15   116    11   140 0.88 -
8944:5359-7503       -            715 16151at4891          -            441   6.8e-34  114.6  12.0   2   5   0.00017      0.11    8.4   0.1   108   150   154   197   146   230 0.70 -
8944:5359-7503       -            715 16151at4891          -            441   6.8e-34  114.6  12.0   3   5     0.013       8.4    2.3   0.0   175   208   257   286   244   303 0.79 -
8944:5359-7503       -            715 16151at4891          -            441   6.8e-34  114.6  12.0   4   5   1.6e-05     0.011   11.8   0.1   264   311   482   538   473   555 0.78 -
8944:5359-7503       -            715 16151at4891          -            441   6.8e-34  114.6  12.0   5   5   1.5e-12   9.9e-10   35.0   0.1   386   441   659   714   620   714 0.88 -
9020:9251-10399      -            383 16151at4891          -            441   1.9e-23   80.2   7.0   1   2   1.9e-20   1.2e-17   61.0   1.4     4   151    13   192    11   220 0.67 -
9020:9251-10399      -            383 16151at4891          -            441   1.9e-23   80.2   7.0   2   2   1.6e-07   0.00011   18.4   0.4   210   265   295   357   271   364 0.74 -
#
# Program:         hmmsearch
# Version:         3.1b2 (February 2015)
# Pipeline mode:   SEARCH
# Query file:      /home/jj/Desktop/Bioinformatics/3rd_year/1term/Computational_genomics/Seminars/exercise_04/busco_downloads/lineages/saccharomycetes_odb10/hmms/16151at4891.hmm
# Target file:     /home/jj/Desktop/Bioinformatics/3rd_year/1term/Computational_genomics/Seminars/exercise_04/./busco/SRR6130428/SRR6130428_k63_contigs/run_saccharomycetes_odb10/metaeuk_output/initial_results/SRR6130428_k63_graph.contig.fa.modified.fas
# Option settings: hmmsearch --domtblout /home/jj/Desktop/Bioinformatics/3rd_year/1term/Computational_genomics/Seminars/exercise_04/./busco/SRR6130428/SRR6130428_k63_contigs/run_saccharomycetes_odb10/hmmer_output/initial_run_results/16151at4891.out --cpu 1 /home/jj/Desktop/Bioinformatics/3rd_year/1term/Computational_genomics/Seminars/exercise_04/busco_downloads/lineages/saccharomycetes_odb10/hmms/16151at4891.hmm /home/jj/Desktop/Bioinformatics/3rd_year/1term/Computational_genomics/Seminars/exercise_04/./busco/SRR6130428/SRR6130428_k63_contigs/run_saccharomycetes_odb10/metaeuk_output/initial_results/SRR6130428_k63_graph.contig.fa.modified.fas 
# Current dir:     /home/jj/Desktop/Bioinformatics/3rd_year/1term/Computational_genomics/Seminars/exercise_04
# Date:            Tue Nov  5 18:37:35 2024
# [ok]
