#                                                                            --- full sequence --- -------------- this domain -------------   hmm coord   ali coord   env coord
# target name        accession   tlen query name           accession   qlen   E-value  score  bias   #  of  c-Evalue  i-Evalue  score  bias  from    to  from    to  from    to  acc description of target
#------------------- ---------- ----- -------------------- ---------- ----- --------- ------ ----- --- --- --------- --------- ------ ----- ----- ----- ----- ----- ----- ----- ---- ---------------------
9670:5924-7843       -            640 16464at4891          -            497  6.9e-158  523.5  42.7   1   2  2.4e-145  7.1e-143  474.0   2.2     1   307     1   334     1   368 0.90 -
9670:5924-7843       -            640 16464at4891          -            497  6.9e-158  523.5  42.7   2   2   4.5e-16   1.3e-13   47.6  32.6   298   477   367   609   355   640 0.76 -
9290:14028-15248     -            407 16464at4891          -            497   6.2e-13   45.4   3.1   1   2     0.021       6.2    2.5   0.3   429   474    85   130    24   136 0.85 -
9290:14028-15248     -            407 16464at4891          -            497   6.2e-13   45.4   3.1   2   2     1e-14     3e-12   43.1   0.0   100   233   150   301   139   309 0.81 -
9478:9393-10808      -            472 16464at4891          -            497     7e-12   41.9   0.1   1   1   6.6e-14     2e-11   40.4   0.1    27   223   239   448   227   464 0.76 -
9524:2031-3488       -            486 16464at4891          -            497   1.1e-11   41.3   0.2   1   1   5.7e-14   1.7e-11   40.6   0.2    62   225   286   467   253   478 0.77 -
8522:2428-3828       -            467 16464at4891          -            497   9.2e-11   38.2   0.0   1   2      0.46   1.4e+02   -2.0   0.0   288   323   228   261   226   280 0.72 -
8522:2428-3828       -            467 16464at4891          -            497   9.2e-11   38.2   0.0   2   2   8.6e-13   2.6e-10   36.7   0.0    70   221   280   447   271   463 0.80 -
8266:1277-2740       -            488 16464at4891          -            497   1.8e-10   37.2   0.0   1   1   1.1e-12   3.3e-10   36.4   0.0    67   225   292   468   282   480 0.81 -
8868:6377-9133       -            919 16464at4891          -            497   2.2e-08   30.4   0.9   1   2   1.7e-10   5.1e-08   29.1   0.0    92   238   615   779   589   782 0.79 -
8868:6377-9133       -            919 16464at4891          -            497   2.2e-08   30.4   0.9   2   2      0.41   1.2e+02   -1.8   0.6   330   389   807   866   772   884 0.40 -
8468:228-2921        -            898 16464at4891          -            497   1.1e-07   28.0   1.7   1   2      0.55   1.6e+02   -2.2   0.6   452   477   192   217   181   250 0.56 -
8468:228-2921        -            898 16464at4891          -            497   1.1e-07   28.0   1.7   2   2   5.5e-10   1.6e-07   27.5   0.0   103   222   651   789   638   806 0.80 -
8216:3070-3378       -            103 16464at4891          -            497   0.00042   16.2   6.0   1   1   1.6e-06   0.00048   16.0   6.0   342   440     9   100     2   103 0.71 -
#
# Program:         hmmsearch
# Version:         3.1b2 (February 2015)
# Pipeline mode:   SEARCH
# Query file:      /home/jj/Desktop/Bioinformatics/3rd_year/1term/Computational_genomics/Seminars/exercise_04/busco_downloads/lineages/saccharomycetes_odb10/hmms/16464at4891.hmm
# Target file:     /home/jj/Desktop/Bioinformatics/3rd_year/1term/Computational_genomics/Seminars/exercise_04/./busco/SRR6130428/SRR6130428_k63_contigs/run_saccharomycetes_odb10/metaeuk_output/initial_results/SRR6130428_k63_graph.contig.fa.modified.fas
# Option settings: hmmsearch --domtblout /home/jj/Desktop/Bioinformatics/3rd_year/1term/Computational_genomics/Seminars/exercise_04/./busco/SRR6130428/SRR6130428_k63_contigs/run_saccharomycetes_odb10/hmmer_output/initial_run_results/16464at4891.out --cpu 1 /home/jj/Desktop/Bioinformatics/3rd_year/1term/Computational_genomics/Seminars/exercise_04/busco_downloads/lineages/saccharomycetes_odb10/hmms/16464at4891.hmm /home/jj/Desktop/Bioinformatics/3rd_year/1term/Computational_genomics/Seminars/exercise_04/./busco/SRR6130428/SRR6130428_k63_contigs/run_saccharomycetes_odb10/metaeuk_output/initial_results/SRR6130428_k63_graph.contig.fa.modified.fas 
# Current dir:     /home/jj/Desktop/Bioinformatics/3rd_year/1term/Computational_genomics/Seminars/exercise_04
# Date:            Tue Nov  5 18:37:37 2024
# [ok]
