#                                                                            --- full sequence --- -------------- this domain -------------   hmm coord   ali coord   env coord
# target name        accession   tlen query name           accession   qlen   E-value  score  bias   #  of  c-Evalue  i-Evalue  score  bias  from    to  from    to  from    to  acc description of target
#------------------- ---------- ----- -------------------- ---------- ----- --------- ------ ----- --- --- --------- --------- ------ ----- ----- ----- ----- ----- ----- ----- ---- ---------------------
9602:2166-4220       -            685 1653at4891           -            641  9.2e-206  682.6   6.1   1   1  8.9e-207  3.8e-205  680.6   6.1   141   633     1   634     1   643 0.84 -
9346:13077-16673     -           1199 1653at4891           -            641   1.9e-69  232.2   5.2   1   3   1.3e-50   5.6e-49  164.6   0.7     6   254     4   241     1   246 0.91 -
9346:13077-16673     -           1199 1653at4891           -            641   1.9e-69  232.2   5.2   2   3   3.9e-13   1.7e-11   40.8   0.0   215   302   246   338   240   354 0.90 -
9346:13077-16673     -           1199 1653at4891           -            641   1.9e-69  232.2   5.2   3   3   1.4e-08   5.9e-07   25.8   0.4   324   524   403   596   384   663 0.78 -
9680:19363-20697     -            445 1653at4891           -            641   4.1e-34  115.5   0.4   1   2   1.2e-23   5.1e-22   75.6   0.3   122   253   118   249   101   254 0.90 -
9680:19363-20697     -            445 1653at4891           -            641   4.1e-34  115.5   0.4   2   2   2.5e-12   1.1e-10   38.1   0.0    89   252   255   423   248   432 0.85 -
9508:19799-20617     -            273 1653at4891           -            641   2.7e-32  109.5   5.5   1   2   5.9e-21   2.5e-19   66.7   1.3    70   226     2   151     1   163 0.89 -
9508:19799-20617     -            273 1653at4891           -            641   2.7e-32  109.5   5.5   2   2   1.5e-16   6.5e-15   52.1   0.2    90   259   101   271    95   273 0.80 -
9126:8755-11505      -            917 1653at4891           -            641   7.6e-32  108.0   1.9   1   2   1.1e-07   4.9e-06   22.8   0.4    93   168   145   221   136   225 0.84 -
9126:8755-11505      -            917 1653at4891           -            641   7.6e-32  108.0   1.9   2   2   3.4e-26   1.5e-24   84.0   0.0     6   250   253   501   248   511 0.88 -
9618:271-3099        -            943 1653at4891           -            641   3.4e-30  102.6  15.0   1   4   5.3e-07   2.3e-05   20.6   0.0   189   251    88   150    71   174 0.84 -
9618:271-3099        -            943 1653at4891           -            641   3.4e-30  102.6  15.0   2   4   1.7e-05   0.00074   15.6   0.2   192   250   174   230   166   237 0.81 -
9618:271-3099        -            943 1653at4891           -            641   3.4e-30  102.6  15.0   3   4   2.5e-19   1.1e-17   61.3   0.3    14   271   392   664   383   664 0.83 -
9618:271-3099        -            943 1653at4891           -            641   3.4e-30  102.6  15.0   4   4   1.5e-12   6.4e-11   38.9   1.6    95   252   532   687   525   705 0.83 -
8436:656-1654        -            333 1653at4891           -            641   3.5e-30  102.5   3.9   1   2   3.4e-15   1.5e-13   47.6   0.2   134   253     1   126     1   145 0.81 -
8436:656-1654        -            333 1653at4891           -            641   3.5e-30  102.5   3.9   2   2   1.2e-17   5.1e-16   55.8   0.5   105   250   188   332   148   333 0.88 -
9676:28964-31411     -            816 1653at4891           -            641   4.2e-30  102.3   5.5   1   3   3.4e-06   0.00015   17.9   0.0    74   219    83   235    60   308 0.72 -
9676:28964-31411     -            816 1653at4891           -            641   4.2e-30  102.3   5.5   2   3   2.8e-23   1.2e-21   74.3   5.5    66   272   402   625   402   629 0.75 -
9676:28964-31411     -            816 1653at4891           -            641   4.2e-30  102.3   5.5   3   3   5.6e-08   2.4e-06   23.8   0.0   194   297   589   696   584   702 0.85 -
9128:10043-12433     -            797 1653at4891           -            641   1.4e-25   87.3   1.4   1   3       1.1        49   -0.3   0.0   140   168   469   496   445   513 0.60 -
9128:10043-12433     -            797 1653at4891           -            641   1.4e-25   87.3   1.4   2   3   4.1e-19   1.8e-17   60.6   0.5    91   228   522   658   504   662 0.88 -
9128:10043-12433     -            797 1653at4891           -            641   1.4e-25   87.3   1.4   3   3   6.5e-08   2.8e-06   23.6   0.0   191   252   662   724   659   733 0.89 -
9636:17731-18642     -            304 1653at4891           -            641   5.2e-25   85.5   5.6   1   3   1.2e-10   5.4e-09   32.6   0.1   153   252     6   106     3   112 0.80 -
9636:17731-18642     -            304 1653at4891           -            641   5.2e-25   85.5   5.6   2   3    0.0008     0.034   10.1   0.0    93   172   116   193   110   200 0.85 -
9636:17731-18642     -            304 1653at4891           -            641   5.2e-25   85.5   5.6   3   3   2.1e-13   9.2e-12   41.7   1.5    87   169   201   282   194   299 0.86 -
8822:7585-8277       -            231 1653at4891           -            641   1.4e-21   74.1   0.0   1   2   2.7e-19   1.2e-17   61.2   0.0    97   252     1   161     1   171 0.89 -
8822:7585-8277       -            231 1653at4891           -            641   1.4e-21   74.1   0.0   2   2   0.00039     0.017   11.1   0.0    87   125   178   216   170   231 0.79 -
8240:671-1900        -            410 1653at4891           -            641     2e-21   73.6   1.8   1   2   6.5e-18   2.8e-16   56.6   0.1    85   251   108   277    92   280 0.86 -
8240:671-1900        -            410 1653at4891           -            641     2e-21   73.6   1.8   2   2     4e-08   1.7e-06   24.3   0.3    68   177   219   330   213   404 0.77 -
9674:12257-13606     -            450 1653at4891           -            641   3.2e-19   66.4   4.7   1   2   4.1e-18   1.8e-16   57.3   2.2    16   209    81   276    65   287 0.79 -
9674:12257-13606     -            450 1653at4891           -            641   3.2e-19   66.4   4.7   2   2   0.00011    0.0046   13.0   0.0    54   167   248   364   234   379 0.76 -
9712:30400-31623     -            408 1653at4891           -            641   2.5e-17   60.1   0.6   1   3   0.00025     0.011   11.7   0.0    98   227    50    91    36   111 0.53 -
9712:30400-31623     -            408 1653at4891           -            641   2.5e-17   60.1   0.6   2   3   7.6e-11   3.3e-09   33.3   0.2   192   262   113   183   107   223 0.87 -
9712:30400-31623     -            408 1653at4891           -            641   2.5e-17   60.1   0.6   3   3   0.00023    0.0099   11.9   0.0   167   218   284   334   282   342 0.88 -
9078:8616-9581       -            322 1653at4891           -            641   1.8e-16   57.2   6.3   1   1   1.4e-17   6.1e-16   55.5   4.6    68   250    25   224    16   228 0.81 -
9716:9893-12037      -            715 1653at4891           -            641   2.7e-16   56.7   3.9   1   2   1.7e-06   7.3e-05   18.9   0.1   127   252     3   127     1   147 0.75 -
9716:9893-12037      -            715 1653at4891           -            641   2.7e-16   56.7   3.9   2   2   1.5e-12   6.3e-11   38.9   1.3   133   302   133   304   125   331 0.77 -
9354:16449-16934     -            162 1653at4891           -            641   1.6e-15   54.1   0.0   1   1     5e-17   2.2e-15   53.7   0.0   130   252    11   138     4   154 0.90 -
8974:7891-10245      -            785 1653at4891           -            641   3.4e-15   53.1   5.6   1   5   1.5e-08   6.3e-07   25.7   0.2   201   282    35   125    24   136 0.72 -
8974:7891-10245      -            785 1653at4891           -            641   3.4e-15   53.1   5.6   2   5    0.0029      0.12    8.2   0.0    87   122   195   234   164   252 0.68 -
8974:7891-10245      -            785 1653at4891           -            641   3.4e-15   53.1   5.6   3   5     0.094       4.1    3.2   0.1    92   125   279   312   259   319 0.88 -
8974:7891-10245      -            785 1653at4891           -            641   3.4e-15   53.1   5.6   4   5       4.1   1.8e+02   -2.2   0.0   421   436   387   402   355   420 0.75 -
8974:7891-10245      -            785 1653at4891           -            641   3.4e-15   53.1   5.6   5   5   5.4e-05    0.0023   13.9   0.1    95   251   559   734   549   756 0.67 -
9312:6422-7318       -            299 1653at4891           -            641   5.4e-15   52.4   0.1   1   2   2.5e-11   1.1e-09   34.9   0.1    97   219    43   163    14   168 0.75 -
9312:6422-7318       -            299 1653at4891           -            641   5.4e-15   52.4   0.1   2   2   3.6e-05    0.0015   14.5   0.0   191   262   185   266   168   280 0.72 -
9670:4414-5802       -            463 1653at4891           -            641   7.5e-15   51.9   0.0   1   2   1.2e-12   5.2e-11   39.2   0.0    49   289   171   414   151   416 0.83 -
9670:4414-5802       -            463 1653at4891           -            641   7.5e-15   51.9   0.0   2   2   0.00021    0.0092   12.0   0.0    67   121   410   463   393   463 0.87 -
9112:7248-8249       -            334 1653at4891           -            641   2.7e-14   50.1   1.8   1   3       1.7        74   -0.9   0.0   237   251    11    25     4    36 0.71 -
9112:7248-8249       -            334 1653at4891           -            641   2.7e-14   50.1   1.8   2   3   4.8e-12   2.1e-10   37.2   0.3   105   167   111   171    97   201 0.88 -
9112:7248-8249       -            334 1653at4891           -            641   2.7e-14   50.1   1.8   3   3    0.0004     0.017   11.0   0.0   185   250   256   326   182   333 0.67 -
9676:9212-10057      -            282 1653at4891           -            641   3.8e-14   49.6   3.1   1   2   4.9e-10   2.1e-08   30.6   0.1   109   228    17   144     1   152 0.82 -
9676:9212-10057      -            282 1653at4891           -            641   3.8e-14   49.6   3.1   2   2   8.1e-07   3.5e-05   20.0   0.4   108   167   166   229   157   275 0.72 -
9248:1987-5412       -           1142 1653at4891           -            641   9.9e-14   48.2   3.7   1   1   3.5e-15   1.5e-13   47.6   3.7   103   254    74   230    69   286 0.79 -
8478:1944-3398       -            485 1653at4891           -            641   1.6e-13   47.5   8.4   1   2   1.4e-06   6.1e-05   19.2   0.1    65   125    81   152    67   165 0.79 -
8478:1944-3398       -            485 1653at4891           -            641   1.6e-13   47.5   8.4   2   2   9.2e-10     4e-08   29.7   4.7    74   256   199   382   188   392 0.83 -
9534:20058-21434     -            459 1653at4891           -            641     5e-13   45.9   3.5   1   3   5.2e-05    0.0022   14.0   0.2    93   169   102   174    97   257 0.80 -
9534:20058-21434     -            459 1653at4891           -            641     5e-13   45.9   3.5   2   3   2.5e-07   1.1e-05   21.6   0.1   133   250   283   404   276   406 0.83 -
9534:20058-21434     -            459 1653at4891           -            641     5e-13   45.9   3.5   3   3   5.2e-07   2.2e-05   20.6   0.0   128   206   366   451   332   455 0.79 -
9460:7157-8695       -            513 1653at4891           -            641   3.1e-12   43.2   1.1   1   2     0.014      0.58    6.0   0.1   175   251    36   110    25   115 0.84 -
9460:7157-8695       -            513 1653at4891           -            641   3.1e-12   43.2   1.1   2   2   1.2e-11   5.1e-10   35.9   0.1    46   208   118   285   110   294 0.82 -
9456:1145-2410       -            422 1653at4891           -            641   7.5e-12   42.0   1.1   1   3     0.043       1.9    4.3   0.0   217   274    87   142    77   170 0.70 -
9456:1145-2410       -            422 1653at4891           -            641   7.5e-12   42.0   1.1   2   3   1.3e-08   5.8e-07   25.8   0.1    88   218   175   308   156   314 0.78 -
9456:1145-2410       -            422 1653at4891           -            641   7.5e-12   42.0   1.1   3   3    0.0016     0.069    9.1   0.0   196   250   365   419   345   421 0.87 -
8886:5013-7346       -            778 1653at4891           -            641   2.2e-11   40.5   0.3   1   3   0.00094      0.04    9.8   0.0    90   152   404   471   400   485 0.73 -
8886:5013-7346       -            778 1653at4891           -            641   2.2e-11   40.5   0.3   2   3   3.1e-09   1.4e-07   27.9   0.1   126   255   599   727   564   738 0.80 -
8886:5013-7346       -            778 1653at4891           -            641   2.2e-11   40.5   0.3   3   3       3.8   1.6e+02   -2.1   0.0   228   250   755   777   737   778 0.64 -
9660:3304-3999       -            232 1653at4891           -            641   1.1e-10   38.2   7.7   1   2   3.5e-09   1.5e-07   27.8   3.3   106   175    63   138    15   140 0.69 -
9660:3304-3999       -            232 1653at4891           -            641   1.1e-10   38.2   7.7   2   2   0.00044     0.019   10.9   0.3    84   138   133   184   129   232 0.75 -
9658:6665-7375       -            237 1653at4891           -            641   1.6e-10   37.6   0.7   1   2     0.011      0.48    6.3   0.0   203   246    20    61    11    66 0.83 -
9658:6665-7375       -            237 1653at4891           -            641   1.6e-10   37.6   0.7   2   2     1e-09   4.3e-08   29.6   0.3    91   249    77   237    72   237 0.83 -
9656:5267-6307       -            347 1653at4891           -            641   4.9e-10   36.0   1.7   1   2   1.4e-08     6e-07   25.8   0.8    92   169     7    88     2    93 0.87 -
9656:5267-6307       -            347 1653at4891           -            641   4.9e-10   36.0   1.7   2   2    0.0017     0.075    8.9   0.0   128   254   203   335   182   345 0.76 -
9522:17732-18610     -            293 1653at4891           -            641   6.4e-10   35.6   0.0   1   3    0.0027      0.12    8.3   0.0   215   252     7    45     3    55 0.75 -
9522:17732-18610     -            293 1653at4891           -            641   6.4e-10   35.6   0.0   2   3      0.22       9.3    2.0   0.0   214   264    68   116    62   144 0.62 -
9522:17732-18610     -            293 1653at4891           -            641   6.4e-10   35.6   0.0   3   3   2.3e-07   9.8e-06   21.8   0.0   195   291   154   251   147   293 0.85 -
9724:2093-15713      -            205 1653at4891           -            641   1.1e-09   34.9   0.9   1   2     0.014       0.6    6.0   0.0   196   225     2    31     1    46 0.63 -
9724:2093-15713      -            205 1653at4891           -            641   1.1e-09   34.9   0.9   2   2     5e-09   2.1e-07   27.3   0.2   109   250    65   199    54   202 0.78 -
9658:5110-5880       -            257 1653at4891           -            641   1.8e-09   34.1   0.0   1   1   5.1e-11   2.2e-09   33.8   0.0    67   193    45   174    22   219 0.77 -
9330:5451-8486       -           1012 1653at4891           -            641   3.1e-09   33.3   4.5   1   2   1.3e-08   5.4e-07   25.9   0.2   157   253   156   252    79   301 0.76 -
9330:5451-8486       -           1012 1653at4891           -            641   3.1e-09   33.3   4.5   2   2     0.004      0.17    7.7   0.7   111   254   682   847   671   850 0.58 -
9208:2600-5119       -            840 1653at4891           -            641   3.7e-09   33.1   0.7   1   4       1.9        81   -1.1   0.0   148   169    27    48    10    55 0.78 -
9208:2600-5119       -            840 1653at4891           -            641   3.7e-09   33.1   0.7   2   4     0.052       2.2    4.1   0.0    92   135    77   120    71   139 0.81 -
9208:2600-5119       -            840 1653at4891           -            641   3.7e-09   33.1   0.7   3   4   1.2e-07     5e-06   22.8   0.1    69   128   155   213   147   222 0.87 -
9208:2600-5119       -            840 1653at4891           -            641   3.7e-09   33.1   0.7   4   4      0.56        24    0.7   0.1   151   209   326   385   310   390 0.68 -
9464:9138-11090      -            651 1653at4891           -            641   4.4e-09   32.8   0.3   1   2   0.00056     0.024   10.6   0.0   132   178    76   122    67   134 0.89 -
9464:9138-11090      -            651 1653at4891           -            641   4.4e-09   32.8   0.3   2   2   8.9e-07   3.8e-05   19.8   0.1    92   169   138   213   128   259 0.67 -
9390:13413-15017     -            535 1653at4891           -            641   7.1e-09   32.2   0.1   1   2      0.59        26    0.6   0.1   236   253   234   251   208   303 0.56 -
9390:13413-15017     -            535 1653at4891           -            641   7.1e-09   32.2   0.1   2   2   1.4e-09   6.1e-08   29.1   0.0    78   210   341   472   327   486 0.79 -
9360:6122-9931       -           1270 1653at4891           -            641   1.1e-08   31.6   3.1   1   3      0.62        27    0.5   0.0   223   250     9    36     2    57 0.82 -
9360:6122-9931       -           1270 1653at4891           -            641   1.1e-08   31.6   3.1   2   3    0.0014     0.063    9.2   0.7   125   169    96   140    70   255 0.44 -
9360:6122-9931       -           1270 1653at4891           -            641   1.1e-08   31.6   3.1   3   3   2.3e-06    0.0001   18.5   0.0   102   172   266   334   244   346 0.84 -
9046:295-1389        -            365 1653at4891           -            641   1.5e-08   31.1   0.1   1   2     8e-09   3.5e-07   26.6   0.1    94   219    36   164    25   229 0.82 -
9046:295-1389        -            365 1653at4891           -            641   1.5e-08   31.1   0.1   2   2      0.16       6.8    2.5   0.0    97   146   272   320   268   333 0.72 -
9460:9231-11075      -            615 1653at4891           -            641   3.6e-08   29.8   3.0   1   3    0.0001    0.0045   13.0   0.0    66   249   131   324    56   325 0.75 -
9460:9231-11075      -            615 1653at4891           -            641   3.6e-08   29.8   3.0   2   3   1.4e-06   5.9e-05   19.2   1.1   107   322   220   433   198   461 0.73 -
9460:9231-11075      -            615 1653at4891           -            641   3.6e-08   29.8   3.0   3   3    0.0056      0.24    7.3   0.0    40   122   527   611   512   614 0.76 -
9214:11957-12517     -            187 1653at4891           -            641   3.6e-08   29.8   0.5   1   2   2.2e-09   9.5e-08   28.4   0.2   106   172    13    77     7    87 0.88 -
9214:11957-12517     -            187 1653at4891           -            641   3.6e-08   29.8   0.5   2   2       2.1        89   -1.2   0.0   190   211   163   185   155   187 0.62 -
9656:28053-28895     -            281 1653at4891           -            641   4.8e-08   29.4   1.0   1   3     0.014      0.59    6.0   0.1   237   283    37    87     1    93 0.71 -
9656:28053-28895     -            281 1653at4891           -            641   4.8e-08   29.4   1.0   2   3   0.00015    0.0065   12.5   0.1   193   263   119   192   100   209 0.83 -
9656:28053-28895     -            281 1653at4891           -            641   4.8e-08   29.4   1.0   3   3    0.0022     0.096    8.6   0.0   114   165   223   273   185   278 0.63 -
9494:18928-19965     -            346 1653at4891           -            641   2.3e-07   27.2   0.6   1   2   4.4e-07   1.9e-05   20.8   1.0    52   256    10   230     1   235 0.72 -
9494:18928-19965     -            346 1653at4891           -            641   2.3e-07   27.2   0.6   2   2      0.63        27    0.5   0.0    74   127   273   326   236   343 0.84 -
9542:4562-5380       -            273 1653at4891           -            641   3.5e-07   26.6   0.6   1   2       2.8   1.2e+02   -1.7   0.0   233   258    68    93    56   101 0.71 -
9542:4562-5380       -            273 1653at4891           -            641   3.5e-07   26.6   0.6   2   2   1.7e-08   7.4e-07   25.5   0.3   114   250   128   269   100   272 0.80 -
9068:1225-2790       -            522 1653at4891           -            641   3.6e-07   26.5   0.1   1   2   1.2e-05   0.00051   16.1   0.1   107   168   257   318   252   326 0.93 -
9068:1225-2790       -            522 1653at4891           -            641   3.6e-07   26.5   0.1   2   2    0.0029      0.13    8.2   0.0    71   127   370   428   361   441 0.76 -
9712:23882-24859     -            326 1653at4891           -            641   4.6e-07   26.2   0.0   1   2   1.1e-06     5e-05   19.5   0.0    42   167    11   139     4   146 0.61 -
9712:23882-24859     -            326 1653at4891           -            641   4.6e-07   26.2   0.0   2   2     0.068       2.9    3.7   0.0    21    44   255   278   249   292 0.85 -
8494:4772-5887       -            372 1653at4891           -            641   2.3e-06   23.9   0.7   1   3   7.9e-05    0.0034   13.4   0.0   107   167    74   134    45   149 0.88 -
8494:4772-5887       -            372 1653at4891           -            641   2.3e-06   23.9   0.7   2   3      0.23        10    1.9   0.0   130   167   212   250   178   264 0.62 -
8494:4772-5887       -            372 1653at4891           -            641   2.3e-06   23.9   0.7   3   3     0.025       1.1    5.1   0.1   134   166   280   312   268   330 0.74 -
9726:3865-6666       -            934 1653at4891           -            641   3.3e-06   23.4   0.0   1   2       9.4   4.1e+02   -3.4   0.0   207   247   271   315   263   317 0.69 -
9726:3865-6666       -            934 1653at4891           -            641   3.3e-06   23.4   0.0   2   2   2.5e-07   1.1e-05   21.6   0.0    90   250   450   608   408   613 0.84 -
8186:2118-4286       -            723 1653at4891           -            641   5.6e-06   22.6   0.9   1   4       3.6   1.6e+02   -2.0   0.1   113   150   326   363   294   384 0.58 -
8186:2118-4286       -            723 1653at4891           -            641   5.6e-06   22.6   0.9   2   4       2.9   1.2e+02   -1.7   0.0    63    87   449   473   442   479 0.84 -
8186:2118-4286       -            723 1653at4891           -            641   5.6e-06   22.6   0.9   3   4   0.00078     0.034   10.1   0.1   195   250   609   666   602   677 0.68 -
8186:2118-4286       -            723 1653at4891           -            641   5.6e-06   22.6   0.9   4   4    0.0011     0.048    9.6   0.0   109   168   653   722   651   723 0.60 -
9564:19094-20626     -            511 1653at4891           -            641   7.3e-06   22.2   0.9   1   1   8.1e-05    0.0035   13.4   0.0   132   169   412   449   403   454 0.90 -
7530:231-1394        -            388 1653at4891           -            641     2e-05   20.8   0.1   1   2   4.4e-06   0.00019   17.5   0.0    28   170    28   180    16   224 0.75 -
7530:231-1394        -            388 1653at4891           -            641     2e-05   20.8   0.1   2   2      0.48        21    0.9   0.0   221   251   289   321   276   329 0.59 -
9560:19431-20225     -            265 1653at4891           -            641   4.7e-05   19.5   0.2   1   2   4.8e-06   0.00021   17.4   0.0   140   252     5   125     1   149 0.69 -
9560:19431-20225     -            265 1653at4891           -            641   4.7e-05   19.5   0.2   2   2       3.6   1.6e+02   -2.0   0.0   383   420   222   259   214   263 0.66 -
9120:7323-8150       -            276 1653at4891           -            641     5e-05   19.4   0.4   1   1   0.00085     0.037   10.0   0.0   134   208    67   140    57   145 0.82 -
9728:43208-44209     -            334 1653at4891           -            641   5.3e-05   19.4   0.1   1   3   0.00059     0.025   10.5   0.1    92   211     6   128     1   173 0.70 -
9728:43208-44209     -            334 1653at4891           -            641   5.3e-05   19.4   0.1   2   3       7.2   3.1e+02   -3.0   0.0   138   164   191   217   185   219 0.83 -
9728:43208-44209     -            334 1653at4891           -            641   5.3e-05   19.4   0.1   3   3     0.011      0.46    6.3   0.0    53   116   249   312   239   327 0.69 -
9694:17340-18719     -            460 1653at4891           -            641   0.00018   17.6   0.0   1   2      0.49        21    0.8   0.0   133   166    67    99     6   110 0.55 -
9694:17340-18719     -            460 1653at4891           -            641   0.00018   17.6   0.0   2   2   5.5e-05    0.0024   13.9   0.0    66   121   159   214   153   216 0.93 -
8402:4018-5292       -            425 1653at4891           -            641   0.00025   17.2   0.2   1   2   0.00023    0.0097   11.9   0.0    52   125    24   103    17   113 0.81 -
8402:4018-5292       -            425 1653at4891           -            641   0.00025   17.2   0.2   2   2      0.21       9.1    2.1   1.3    96   250   170   341   140   369 0.57 -
7766:159-1877        -            573 1653at4891           -            641   0.00029   16.9   0.3   1   2   3.1e-05    0.0014   14.7   0.0    14   126   237   354   224   364 0.83 -
7766:159-1877        -            573 1653at4891           -            641   0.00029   16.9   0.3   2   2       2.4     1e+02   -1.4   0.0   151   170   485   504   475   511 0.63 -
8542:260-1981        -            574 1653at4891           -            641   0.00033   16.7   0.8   1   2   0.00017    0.0072   12.3   0.3   127   170   276   319   254   371 0.72 -
8542:260-1981        -            574 1653at4891           -            641   0.00033   16.7   0.8   2   2      0.18       7.7    2.3   0.0    62   124   387   454   374   529 0.64 -
9568:5000-6565       -            522 1653at4891           -            641   0.00054   16.0   0.0   1   3      0.16       7.1    2.4   0.0   223   252   186   217   162   231 0.82 -
9568:5000-6565       -            522 1653at4891           -            641   0.00054   16.0   0.0   2   3       5.6   2.4e+02   -2.7   0.0   318   334   237   253   233   280 0.58 -
9568:5000-6565       -            522 1653at4891           -            641   0.00054   16.0   0.0   3   3    0.0018     0.079    8.9   0.0   140   166   336   362   330   368 0.88 -
9070:9188-10162      -            325 1653at4891           -            641    0.0012   14.9   0.0   1   1   4.5e-05    0.0019   14.2   0.0    76   170   224   319   216   324 0.85 -
8898:157-1449        -            431 1653at4891           -            641    0.0016   14.5   0.0   1   1   0.00012    0.0052   12.8   0.0    86   269    57   257    45   283 0.64 -
#
# Program:         hmmsearch
# Version:         3.1b2 (February 2015)
# Pipeline mode:   SEARCH
# Query file:      /home/jj/Desktop/Bioinformatics/3rd_year/1term/Computational_genomics/Seminars/exercise_04/busco_downloads/lineages/saccharomycetes_odb10/hmms/1653at4891.hmm
# Target file:     /home/jj/Desktop/Bioinformatics/3rd_year/1term/Computational_genomics/Seminars/exercise_04/./busco/SRR6130428/SRR6130428_k63_contigs/run_saccharomycetes_odb10/metaeuk_output/initial_results/SRR6130428_k63_graph.contig.fa.modified.fas
# Option settings: hmmsearch --domtblout /home/jj/Desktop/Bioinformatics/3rd_year/1term/Computational_genomics/Seminars/exercise_04/./busco/SRR6130428/SRR6130428_k63_contigs/run_saccharomycetes_odb10/hmmer_output/initial_run_results/1653at4891.out --cpu 1 /home/jj/Desktop/Bioinformatics/3rd_year/1term/Computational_genomics/Seminars/exercise_04/busco_downloads/lineages/saccharomycetes_odb10/hmms/1653at4891.hmm /home/jj/Desktop/Bioinformatics/3rd_year/1term/Computational_genomics/Seminars/exercise_04/./busco/SRR6130428/SRR6130428_k63_contigs/run_saccharomycetes_odb10/metaeuk_output/initial_results/SRR6130428_k63_graph.contig.fa.modified.fas 
# Current dir:     /home/jj/Desktop/Bioinformatics/3rd_year/1term/Computational_genomics/Seminars/exercise_04
# Date:            Tue Nov  5 18:37:38 2024
# [ok]
