#                                                                            --- full sequence --- -------------- this domain -------------   hmm coord   ali coord   env coord
# target name        accession   tlen query name           accession   qlen   E-value  score  bias   #  of  c-Evalue  i-Evalue  score  bias  from    to  from    to  from    to  acc description of target
#------------------- ---------- ----- -------------------- ---------- ----- --------- ------ ----- --- --- --------- --------- ------ ----- ----- ----- ----- ----- ----- ----- ---- ---------------------
9440:5422-8004       -            861 1655at4891           -            716  6.9e-303 1003.6  11.7   1   1  1.3e-305  8.8e-303 1003.3  11.7     1   716     5   859     5   859 0.88 -
8698:3950-7288       -           1113 1655at4891           -            716   1.5e-09   34.0  12.6   1   5   2.1e-06    0.0014   14.2   0.2    73   147    97   172    46   280 0.76 -
8698:3950-7288       -           1113 1655at4891           -            716   1.5e-09   34.0  12.6   2   5   1.4e-06   0.00095   14.8   0.1    78   162   336   422   329   440 0.77 -
8698:3950-7288       -           1113 1655at4891           -            716   1.5e-09   34.0  12.6   3   5   7.9e-05     0.053    9.0   0.0   567   616   475   525   467   543 0.79 -
8698:3950-7288       -           1113 1655at4891           -            716   1.5e-09   34.0  12.6   4   5      0.23   1.5e+02   -2.4   0.0   537   634   608   711   547   721 0.52 -
8698:3950-7288       -           1113 1655at4891           -            716   1.5e-09   34.0  12.6   5   5     0.058        39   -0.4   0.7   460   579   771   902   739   936 0.52 -
9396:1467-3086       -            540 1655at4891           -            716   1.8e-06   23.8   2.3   1   2   2.8e-06    0.0018   13.8   0.0   314   424   129   241   123   262 0.82 -
9396:1467-3086       -            540 1655at4891           -            716   1.8e-06   23.8   2.3   2   2     5e-05     0.034    9.7   0.6   332   423   315   408   245   426 0.70 -
9196:7652-10519      -            956 1655at4891           -            716     0.001   14.7   0.4   1   2      0.46   3.1e+02   -3.4   0.0   357   403   259   306   239   320 0.69 -
9196:7652-10519      -            956 1655at4891           -            716     0.001   14.7   0.4   2   2   2.9e-06     0.002   13.8   0.2   508   686   635   820   530   842 0.67 -
#
# Program:         hmmsearch
# Version:         3.1b2 (February 2015)
# Pipeline mode:   SEARCH
# Query file:      /home/jj/Desktop/Bioinformatics/3rd_year/1term/Computational_genomics/Seminars/exercise_04/busco_downloads/lineages/saccharomycetes_odb10/hmms/1655at4891.hmm
# Target file:     /home/jj/Desktop/Bioinformatics/3rd_year/1term/Computational_genomics/Seminars/exercise_04/./busco/SRR6130428/SRR6130428_k63_contigs/run_saccharomycetes_odb10/metaeuk_output/initial_results/SRR6130428_k63_graph.contig.fa.modified.fas
# Option settings: hmmsearch --domtblout /home/jj/Desktop/Bioinformatics/3rd_year/1term/Computational_genomics/Seminars/exercise_04/./busco/SRR6130428/SRR6130428_k63_contigs/run_saccharomycetes_odb10/hmmer_output/initial_run_results/1655at4891.out --cpu 1 /home/jj/Desktop/Bioinformatics/3rd_year/1term/Computational_genomics/Seminars/exercise_04/busco_downloads/lineages/saccharomycetes_odb10/hmms/1655at4891.hmm /home/jj/Desktop/Bioinformatics/3rd_year/1term/Computational_genomics/Seminars/exercise_04/./busco/SRR6130428/SRR6130428_k63_contigs/run_saccharomycetes_odb10/metaeuk_output/initial_results/SRR6130428_k63_graph.contig.fa.modified.fas 
# Current dir:     /home/jj/Desktop/Bioinformatics/3rd_year/1term/Computational_genomics/Seminars/exercise_04
# Date:            Tue Nov  5 18:37:38 2024
# [ok]
