#                                                                            --- full sequence --- -------------- this domain -------------   hmm coord   ali coord   env coord
# target name        accession   tlen query name           accession   qlen   E-value  score  bias   #  of  c-Evalue  i-Evalue  score  bias  from    to  from    to  from    to  acc description of target
#------------------- ---------- ----- -------------------- ---------- ----- --------- ------ ----- --- --- --------- --------- ------ ----- ----- ----- ----- ----- ----- ----- ---- ---------------------
9694:1227-3923       -            899 16688at4891          -            603  1.8e-211  701.2 139.6   1   7    0.0083        22    0.7   0.2     1    27     9    36     9    46 0.72 -
9694:1227-3923       -            899 16688at4891          -            603  1.8e-211  701.2 139.6   2   7   1.2e-25   3.3e-22   76.1  17.2    22    99    67   151    58   159 0.83 -
9694:1227-3923       -            899 16688at4891          -            603  1.8e-211  701.2 139.6   3   7     1e-23   2.8e-20   69.8  19.0    86   198   163   317   154   324 0.70 -
9694:1227-3923       -            899 16688at4891          -            603  1.8e-211  701.2 139.6   4   7   3.7e-85   9.9e-82  272.7  44.3   194   397   333   554   321   574 0.87 -
9694:1227-3923       -            899 16688at4891          -            603  1.8e-211  701.2 139.6   5   7     8e-05      0.21    7.4   2.5   394   440   573   618   558   640 0.76 -
9694:1227-3923       -            899 16688at4891          -            603  1.8e-211  701.2 139.6   6   7   9.9e-07    0.0026   13.7   5.2   410   447   667   704   645   723 0.86 -
9694:1227-3923       -            899 16688at4891          -            603  1.8e-211  701.2 139.6   7   7   3.3e-89   8.7e-86  286.1   8.8   456   603   747   899   738   899 0.96 -
#
# Program:         hmmsearch
# Version:         3.1b2 (February 2015)
# Pipeline mode:   SEARCH
# Query file:      /home/jj/Desktop/Bioinformatics/3rd_year/1term/Computational_genomics/Seminars/exercise_04/busco_downloads/lineages/saccharomycetes_odb10/hmms/16688at4891.hmm
# Target file:     /home/jj/Desktop/Bioinformatics/3rd_year/1term/Computational_genomics/Seminars/exercise_04/./busco/SRR6130428/SRR6130428_k63_contigs/run_saccharomycetes_odb10/metaeuk_output/initial_results/SRR6130428_k63_graph.contig.fa.modified.fas
# Option settings: hmmsearch --domtblout /home/jj/Desktop/Bioinformatics/3rd_year/1term/Computational_genomics/Seminars/exercise_04/./busco/SRR6130428/SRR6130428_k63_contigs/run_saccharomycetes_odb10/hmmer_output/initial_run_results/16688at4891.out --cpu 1 /home/jj/Desktop/Bioinformatics/3rd_year/1term/Computational_genomics/Seminars/exercise_04/busco_downloads/lineages/saccharomycetes_odb10/hmms/16688at4891.hmm /home/jj/Desktop/Bioinformatics/3rd_year/1term/Computational_genomics/Seminars/exercise_04/./busco/SRR6130428/SRR6130428_k63_contigs/run_saccharomycetes_odb10/metaeuk_output/initial_results/SRR6130428_k63_graph.contig.fa.modified.fas 
# Current dir:     /home/jj/Desktop/Bioinformatics/3rd_year/1term/Computational_genomics/Seminars/exercise_04
# Date:            Tue Nov  5 18:37:39 2024
# [ok]
