#                                                                            --- full sequence --- -------------- this domain -------------   hmm coord   ali coord   env coord
# target name        accession   tlen query name           accession   qlen   E-value  score  bias   #  of  c-Evalue  i-Evalue  score  bias  from    to  from    to  from    to  acc description of target
#------------------- ---------- ----- -------------------- ---------- ----- --------- ------ ----- --- --- --------- --------- ------ ----- ----- ----- ----- ----- ----- ----- ---- ---------------------
8534:4251-6152       -            634 17189at4891          -            384  8.9e-170  561.7  44.0   1   3   7.1e-14   3.8e-11   39.6  17.1     1    53    15    67    15    69 0.94 -
8534:4251-6152       -            634 17189at4891          -            384  8.9e-170  561.7  44.0   2   3  4.9e-137  2.6e-134  445.0  17.8    32   336    64   545    62   553 0.90 -
8534:4251-6152       -            634 17189at4891          -            384  8.9e-170  561.7  44.0   3   3   5.2e-28   2.8e-25   86.1   0.1   332   383   582   633   573   634 0.94 -
9570:214-1128        -            305 17189at4891          -            384   3.9e-15   52.7   0.5   1   2   4.1e-15   2.2e-12   43.6   0.1   175   302   103   239    51   248 0.86 -
9570:214-1128        -            305 17189at4891          -            384   3.9e-15   52.7   0.5   2   2   0.00039      0.21    7.5   0.0   351   373   273   295   268   301 0.93 -
9320:271-1503        -            411 17189at4891          -            384   7.1e-07   25.5   0.1   1   3    0.0055       2.9    3.7   0.0   124   157    90   123    44   158 0.72 -
9320:271-1503        -            411 17189at4891          -            384   7.1e-07   25.5   0.1   2   3   2.3e-05     0.012   11.5   0.0   223   293   231   311   223   341 0.79 -
9320:271-1503        -            411 17189at4891          -            384   7.1e-07   25.5   0.1   3   3   0.00071      0.38    6.7   0.0   342   368   371   397   363   402 0.88 -
9282:187-1284        -            366 17189at4891          -            384   7.1e-06   22.2   1.3   1   2      0.17        92   -1.2   0.0   134   153    61    80    25   101 0.80 -
9282:187-1284        -            366 17189at4891          -            384   7.1e-06   22.2   1.3   2   2     3e-07   0.00016   17.7   0.5   169   374   147   351   135   361 0.76 -
9658:18777-19889     -            371 17189at4891          -            384     0.019   10.9   6.9   1   1   5.8e-05     0.031   10.2   6.9     5   157   108   270   105   282 0.57 -
#
# Program:         hmmsearch
# Version:         3.1b2 (February 2015)
# Pipeline mode:   SEARCH
# Query file:      /home/jj/Desktop/Bioinformatics/3rd_year/1term/Computational_genomics/Seminars/exercise_04/busco_downloads/lineages/saccharomycetes_odb10/hmms/17189at4891.hmm
# Target file:     /home/jj/Desktop/Bioinformatics/3rd_year/1term/Computational_genomics/Seminars/exercise_04/./busco/SRR6130428/SRR6130428_k63_contigs/run_saccharomycetes_odb10/metaeuk_output/initial_results/SRR6130428_k63_graph.contig.fa.modified.fas
# Option settings: hmmsearch --domtblout /home/jj/Desktop/Bioinformatics/3rd_year/1term/Computational_genomics/Seminars/exercise_04/./busco/SRR6130428/SRR6130428_k63_contigs/run_saccharomycetes_odb10/hmmer_output/initial_run_results/17189at4891.out --cpu 1 /home/jj/Desktop/Bioinformatics/3rd_year/1term/Computational_genomics/Seminars/exercise_04/busco_downloads/lineages/saccharomycetes_odb10/hmms/17189at4891.hmm /home/jj/Desktop/Bioinformatics/3rd_year/1term/Computational_genomics/Seminars/exercise_04/./busco/SRR6130428/SRR6130428_k63_contigs/run_saccharomycetes_odb10/metaeuk_output/initial_results/SRR6130428_k63_graph.contig.fa.modified.fas 
# Current dir:     /home/jj/Desktop/Bioinformatics/3rd_year/1term/Computational_genomics/Seminars/exercise_04
# Date:            Tue Nov  5 18:37:42 2024
# [ok]
