#                                                                            --- full sequence --- -------------- this domain -------------   hmm coord   ali coord   env coord
# target name        accession   tlen query name           accession   qlen   E-value  score  bias   #  of  c-Evalue  i-Evalue  score  bias  from    to  from    to  from    to  acc description of target
#------------------- ---------- ----- -------------------- ---------- ----- --------- ------ ----- --- --- --------- --------- ------ ----- ----- ----- ----- ----- ----- ----- ---- ---------------------
9532:12469-14466     -            666 17239at4891          -            225   9.4e-73  241.7   7.5   1   5   2.2e-31   5.2e-30  101.9   0.1    10    94   159   253   151   257 0.87 -
9532:12469-14466     -            666 17239at4891          -            225   9.4e-73  241.7   7.5   2   5   2.8e-09   6.5e-08   29.6   0.0    88   113   264   289   261   299 0.89 -
9532:12469-14466     -            666 17239at4891          -            225   9.4e-73  241.7   7.5   3   5   2.4e-14   5.7e-13   46.1   0.1   104   150   315   361   310   366 0.90 -
9532:12469-14466     -            666 17239at4891          -            225   9.4e-73  241.7   7.5   4   5   1.9e-10   4.6e-09   33.3   0.0   149   185   379   416   374   422 0.89 -
9532:12469-14466     -            666 17239at4891          -            225   9.4e-73  241.7   7.5   5   5   1.3e-09     3e-08   30.7   0.1   186   211   438   463   432   475 0.90 -
9650:24829-29790     -           1654 17239at4891          -            225   1.7e-26   90.4   5.2   1   3    0.0032     0.076    9.7   0.0    93   206   337   472   299   489 0.69 -
9650:24829-29790     -           1654 17239at4891          -            225   1.7e-26   90.4   5.2   2   3   5.3e-10   1.3e-08   31.9   0.0    18    94   589   667   581   671 0.85 -
9650:24829-29790     -           1654 17239at4891          -            225   1.7e-26   90.4   5.2   3   3   1.4e-14   3.3e-13   46.9   0.6    89   204   774   914   763   927 0.75 -
8274:2342-3058       -            239 17239at4891          -            225   1.6e-24   83.9   0.3   1   1   8.9e-26   2.1e-24   83.5   0.3    28   213     2   193     1   201 0.85 -
9576:4640-5464       -            275 17239at4891          -            225     4e-23   79.3   0.1   1   1   2.2e-24   5.1e-23   79.0   0.1    28   210    16   213     4   228 0.77 -
9558:17836-18582     -            249 17239at4891          -            225   3.3e-22   76.3   0.1   1   1   1.7e-23   4.1e-22   76.0   0.1    28   215     2   199     1   207 0.81 -
9538:10065-10994     -            310 17239at4891          -            225   7.3e-22   75.2   0.7   1   2       7.6   1.8e+02   -1.3   0.0    28    43     9    24     6    36 0.83 -
9538:10065-10994     -            310 17239at4891          -            225   7.3e-22   75.2   0.7   2   2   7.1e-23   1.7e-21   74.0   0.1    84   211    93   229    65   242 0.81 -
9220:8467-9282       -            272 17239at4891          -            225   9.9e-22   74.8   0.0   1   1     6e-23   1.4e-21   74.3   0.0    28   211     8   205     3   215 0.82 -
9652:9845-11956      -            704 17239at4891          -            225   1.5e-21   74.1   0.0   1   1   9.8e-23   2.3e-21   73.6   0.0    22   220    81   293    65   298 0.76 -
8586:248-1081        -            278 17239at4891          -            225   2.2e-21   73.6   0.0   1   1   1.2e-22   2.9e-21   73.2   0.0    24   210    17   218     6   232 0.76 -
9270:2604-3470       -            289 17239at4891          -            225   3.4e-21   73.0   0.0   1   1   2.1e-22   4.9e-21   72.5   0.0    28   210    18   214     9   224 0.80 -
9724:42501-46928     -           1476 17239at4891          -            225   6.1e-21   72.2   0.2   1   1   4.7e-22   1.1e-20   71.3   0.2    15   216  1165  1386  1155  1395 0.73 -
9442:11388-12206     -            273 17239at4891          -            225   6.7e-21   72.1   0.0   1   1   3.6e-22   8.6e-21   71.7   0.0    29   208     1   192     1   210 0.80 -
9144:11649-12578     -            310 17239at4891          -            225   7.5e-21   71.9   0.8   1   1   3.9e-22   9.3e-21   71.6   0.1    85   211    94   229    65   242 0.82 -
9680:14913-17372     -            820 17239at4891          -            225   1.1e-20   71.4   0.5   1   1   8.8e-21   2.1e-19   67.2   0.5    17   211   191   409   180   416 0.81 -
7984:778-3069        -            764 17239at4891          -            225   1.3e-20   71.1   0.1   1   1   9.3e-22   2.2e-20   70.4   0.1    26   210   355   552   338   566 0.82 -
9082:7406-8569       -            388 17239at4891          -            225     2e-20   70.5   0.0   1   1   1.8e-21   4.3e-20   69.4   0.0    72   218    94   248    83   254 0.76 -
8792:3540-5258       -            573 17239at4891          -            225   2.8e-20   70.1   0.1   1   1   1.9e-21   4.5e-20   69.4   0.1    22   210   301   496   284   502 0.83 -
9220:10894-11814     -            307 17239at4891          -            225   3.1e-20   69.9   0.0   1   1   1.9e-21   4.5e-20   69.4   0.0    51   211    52   224    44   225 0.83 -
9284:13564-14592     -            343 17239at4891          -            225   4.7e-20   69.3   0.0   1   1   2.8e-21   6.7e-20   68.8   0.0    75   211   105   246    77   259 0.81 -
9572:16580-17233     -            218 17239at4891          -            225   8.4e-20   68.5   0.4   1   1   5.5e-21   1.3e-19   67.8   0.4    29   203     1   197     1   204 0.78 -
9568:2563-4101       -            513 17239at4891          -            225   1.3e-19   67.8   0.8   1   1   7.3e-19   1.7e-17   60.9   0.8    26   209   194   403   181   405 0.77 -
9270:5360-6181       -            274 17239at4891          -            225   1.5e-19   67.6   0.0   1   1   8.8e-21   2.1e-19   67.2   0.0    52   211    37   208     6   210 0.83 -
8772:6932-7705       -            258 17239at4891          -            225   1.6e-19   67.5   0.1   1   1   9.3e-21   2.2e-19   67.1   0.1    24   211     6   201     2   211 0.73 -
8492:4616-5878       -            421 17239at4891          -            225   3.1e-19   66.6   0.1   1   2   1.5e-18   3.5e-17   59.9   0.0    49   194   146   299   112   303 0.75 -
8492:4616-5878       -            421 17239at4891          -            225   3.1e-19   66.6   0.1   2   2      0.16       3.9    4.1   0.0   187   210   313   336   305   338 0.89 -
9274:513-1736        -            408 17239at4891          -            225   3.8e-19   66.3   0.1   1   2       0.2       4.6    3.9   0.0    24    56    12    43     6    52 0.78 -
9274:513-1736        -            408 17239at4891          -            225   3.8e-19   66.3   0.1   2   2   1.6e-18   3.8e-17   59.8   0.0    60   211    78   246    74   261 0.75 -
9582:21971-22969     -            333 17239at4891          -            225     6e-19   65.7   0.0   1   1   3.8e-20     9e-19   65.1   0.0    67   211    64   215    12   226 0.80 -
9026:3240-4322       -            361 17239at4891          -            225   1.5e-18   64.4   0.1   1   1   8.6e-20     2e-18   63.9   0.1    26   211   106   301    93   317 0.74 -
9138:9482-10486      -            335 17239at4891          -            225   1.7e-18   64.2   0.7   1   1   7.2e-19   1.7e-17   60.9   0.7    91   211   119   268    26   275 0.65 -
9352:14667-17009     -            781 17239at4891          -            225   1.8e-18   64.1   0.0   1   2       9.7   2.3e+02   -1.6   0.0    25    41   488   504   469   511 0.74 -
9352:14667-17009     -            781 17239at4891          -            225   1.8e-18   64.1   0.0   2   2   3.1e-19   7.4e-18   62.1   0.0    51   210   532   708   524   714 0.82 -
8588:5598-6413       -            272 17239at4891          -            225   1.9e-18   64.0   0.1   1   1   1.2e-19   2.7e-18   63.5   0.1    26   211    15   208     4   219 0.75 -
9648:180-2069        -            630 17239at4891          -            225   3.2e-18   63.3   0.1   1   1   2.1e-19     5e-18   62.7   0.1    26   211    55   250    35   263 0.73 -
9666:20504-21955     -            484 17239at4891          -            225   3.4e-18   63.2   0.5   1   1   2.1e-19     5e-18   62.7   0.5     9   204   153   360   149   375 0.81 -
8018:2579-3376       -            266 17239at4891          -            225   3.6e-18   63.1   0.1   1   1   2.2e-19   5.2e-18   62.6   0.1    26   211    10   203     2   215 0.74 -
9680:21437-22237     -            267 17239at4891          -            225   4.4e-18   62.9   0.4   1   1   4.8e-19   1.1e-17   61.5   0.4    84   211    74   210     5   216 0.74 -
9388:2420-3211       -            264 17239at4891          -            225   7.2e-18   62.1   0.3   1   2       1.8        43    0.7   0.1    20    44     2    26     1    43 0.86 -
9388:2420-3211       -            264 17239at4891          -            225   7.2e-18   62.1   0.3   2   2   2.2e-18   5.2e-17   59.3   0.0   111   218   111   221   102   228 0.89 -
9332:9525-11471      -            649 17239at4891          -            225   7.4e-18   62.1   0.3   1   1   1.2e-18   2.7e-17   60.2   0.3    50   210   398   577   352   584 0.77 -
8384:242-1183        -            314 17239at4891          -            225     2e-17   60.7   0.0   1   1   1.3e-18     3e-17   60.1   0.0    23   204     8   212     3   219 0.74 -
7804:258-1562        -            435 17239at4891          -            225   2.2e-17   60.5   0.0   1   1   1.4e-18   3.4e-17   59.9   0.0    23   206    23   213     8   218 0.83 -
9722:16235-17092     -            286 17239at4891          -            225   5.3e-17   59.3   1.2   1   1   1.5e-16   3.6e-15   53.3   1.2    23   211     2   222     1   232 0.71 -
9470:3000-4022       -            341 17239at4891          -            225   6.9e-17   58.9   0.8   1   2   3.4e-14     8e-13   45.7   0.2    22   166    23   174    14   191 0.70 -
9470:3000-4022       -            341 17239at4891          -            225   6.9e-17   58.9   0.8   2   2   0.00077     0.018   11.8   0.0   171   211   202   246   179   251 0.85 -
9526:4843-6750       -            636 17239at4891          -            225   8.5e-17   58.6   0.0   1   1     6e-18   1.4e-16   57.9   0.0    28   210   333   532   328   545 0.81 -
9000:1272-2168       -            299 17239at4891          -            225   8.6e-17   58.6   0.2   1   1   5.7e-18   1.3e-16   58.0   0.2    27   211     9   209     3   217 0.77 -
9404:2234-3256       -            341 17239at4891          -            225   1.9e-16   57.5   0.9   1   1     1e-15   2.4e-14   50.6   0.9    23   211    41   260    36   271 0.68 -
9556:876-1871        -            332 17239at4891          -            225   3.1e-16   56.8   0.5   1   2   6.6e-10   1.6e-08   31.6   0.1    62   150    81   174    23   198 0.83 -
9556:876-1871        -            332 17239at4891          -            225   3.1e-16   56.8   0.5   2   2   1.9e-07   4.5e-06   23.6   0.0   155   210   211   270   207   286 0.86 -
9696:23411-25501     -            697 17239at4891          -            225   3.2e-16   56.8   0.2   1   2       1.4        33    1.1   0.0    22    60   394   431   384   435 0.79 -
9696:23411-25501     -            697 17239at4891          -            225   3.2e-16   56.8   0.2   2   2     2e-16   4.8e-15   52.9   0.1    66   216   483   643   455   650 0.76 -
9648:20903-21709     -            269 17239at4891          -            225   3.6e-16   56.6   0.1   1   1   1.8e-16   4.2e-15   53.1   0.1    64   218    51   226     4   233 0.66 -
9168:5060-6598       -            513 17239at4891          -            225   5.5e-16   56.0   2.3   1   1   4.7e-16   1.1e-14   51.7   2.3    19   210   196   421   188   425 0.68 -
8554:159-1031        -            291 17239at4891          -            225   7.2e-16   55.6   0.0   1   1   4.1e-17   9.8e-16   55.2   0.0    27   205     5   200     1   206 0.82 -
9214:3531-4694       -            388 17239at4891          -            225   7.6e-16   55.5   0.1   1   2       4.1        98   -0.4   0.0    79   100    32    53    23    59 0.81 -
9214:3531-4694       -            388 17239at4891          -            225   7.6e-16   55.5   0.1   2   2     2e-16   4.7e-15   52.9   0.1    27   210    70   264    63   279 0.73 -
9516:8073-8876       -            268 17239at4891          -            225   1.2e-15   54.8   0.2   1   1   1.4e-16   3.4e-15   53.4   0.2   114   218   119   226     4   231 0.84 -
8710:5595-6479       -            295 17239at4891          -            225   1.3e-15   54.7   1.0   1   2   1.7e-09   4.1e-08   30.2   0.5    58   148    53   148     2   153 0.76 -
8710:5595-6479       -            295 17239at4891          -            225   1.3e-15   54.7   1.0   2   2   3.8e-07   8.9e-06   22.6   0.0   155   211   177   237   173   250 0.87 -
9688:6201-6989       -            263 17239at4891          -            225   1.5e-15   54.6   0.0   1   1   1.7e-16   4.1e-15   53.1   0.0    69   218    52   220     2   227 0.68 -
9112:9860-10915      -            352 17239at4891          -            225   1.6e-15   54.5   0.1   1   1   1.2e-16   2.9e-15   53.6   0.1    27   210    26   220    19   234 0.72 -
9316:14764-15318     -            185 17239at4891          -            225   1.6e-15   54.4   0.0   1   1   3.3e-16   7.8e-15   52.2   0.0    95   214    47   183    42   185 0.79 -
9022:9769-10653      -            295 17239at4891          -            225   1.8e-15   54.3   0.0   1   1     1e-16   2.4e-15   53.9   0.0    22   207     2   202     1   206 0.79 -
8804:3362-4279       -            306 17239at4891          -            225   8.6e-15   52.1   1.1   1   1   7.4e-16   1.8e-14   51.1   1.1    22   206     3   201     1   206 0.77 -
9370:13593-17402     -           1270 17239at4891          -            225   9.4e-15   52.0   0.4   1   1   1.3e-15     3e-14   50.3   0.4    22   171   979  1135   964  1204 0.79 -
7948:472-1854        -            461 17239at4891          -            225   1.2e-14   51.6   0.0   1   1   2.2e-15   5.3e-14   49.5   0.0    91   211   244   390   235   403 0.74 -
9674:28087-29058     -            324 17239at4891          -            225   1.2e-14   51.6   0.0   1   1   8.3e-16     2e-14   50.9   0.0    28   211     4   205     1   218 0.74 -
8798:2318-3331       -            338 17239at4891          -            225   1.4e-14   51.4   0.2   1   1   8.7e-15   2.1e-13   47.6   0.2   117   210   160   277    84   282 0.77 -
9206:2109-6836       -           1576 17239at4891          -            225   2.3e-14   50.7   0.4   1   2   7.4e-15   1.8e-13   47.8   0.5    22   165  1265  1414  1250  1443 0.74 -
9206:2109-6836       -           1576 17239at4891          -            225   2.3e-14   50.7   0.4   2   2       2.9        69    0.1   0.0   174   211  1457  1501  1434  1509 0.67 -
9714:25935-26888     -            318 17239at4891          -            225   2.5e-14   50.6   0.0   1   1   1.5e-15   3.6e-14   50.0   0.0    30   212    19   221    12   226 0.66 -
9138:5514-8171       -            886 17239at4891          -            225     3e-14   50.3   0.8   1   2   0.00031    0.0073   13.1   0.1    25   117    17   112     7   124 0.83 -
9138:5514-8171       -            886 17239at4891          -            225     3e-14   50.3   0.8   2   2   1.7e-09   3.9e-08   30.3   0.1   113   213   137   261   130   274 0.77 -
8068:741-1847        -            369 17239at4891          -            225   3.7e-14   50.0   0.1   1   1     3e-15   7.1e-14   49.1   0.1    28   207    23   228    15   232 0.72 -
9396:10785-11381     -            199 17239at4891          -            225   4.7e-14   49.7   0.1   1   1   3.2e-15   7.5e-14   49.0   0.1    29   211     1   199     1   199 0.69 -
9500:730-1611        -            294 17239at4891          -            225   1.5e-13   48.0   0.4   1   1   2.8e-14   6.6e-13   45.9   0.4    50   211    44   238    16   243 0.69 -
7822:341-1144        -            268 17239at4891          -            225   1.8e-13   47.8   0.0   1   1   1.1e-14   2.5e-13   47.3   0.0    97   205    81   203    49   210 0.76 -
9236:8838-9737       -            300 17239at4891          -            225   2.6e-13   47.3   0.1   1   1   1.7e-14   4.1e-13   46.6   0.1    23   211    10   211     5   213 0.65 -
9344:12609-14093     -            495 17239at4891          -            225   3.4e-13   46.8   0.0   1   2   1.4e-12   3.3e-11   40.4   0.0    29   164    12   153     6   185 0.80 -
9344:12609-14093     -            495 17239at4891          -            225   3.4e-13   46.8   0.0   2   2      0.16       3.8    4.2   0.0   167   211   352   401   329   410 0.85 -
9288:1887-2741       -            285 17239at4891          -            225   3.7e-13   46.7   0.1   1   1   4.9e-14   1.1e-12   45.1   0.1   109   212   107   219    12   228 0.80 -
9700:35509-36408     -            300 17239at4891          -            225   5.4e-13   46.2   0.0   1   1     3e-14   7.1e-13   45.8   0.0    23   205     1   194     1   208 0.78 -
9468:11302-12276     -            325 17239at4891          -            225   8.6e-13   45.5   0.2   1   1   6.5e-14   1.5e-12   44.7   0.2    27   201     9   208     1   226 0.68 -
9574:22194-23423     -            410 17239at4891          -            225   9.2e-13   45.4   0.2   1   2   5.6e-11   1.3e-09   35.1   0.2    21   165    16   165    11   176 0.75 -
9574:22194-23423     -            410 17239at4891          -            225   9.2e-13   45.4   0.2   2   2     0.012      0.28    7.9   0.0   172   210   235   277   220   281 0.84 -
9660:6627-7220       -            198 17239at4891          -            225   1.2e-12   45.0   0.0   1   1   6.8e-14   1.6e-12   44.6   0.0    28   202     4   197     2   198 0.76 -
8450:345-1649        -            435 17239at4891          -            225   1.6e-12   44.7   2.2   1   3   1.7e-06     4e-05   20.5   0.4    28   120    30   125    22   142 0.73 -
8450:345-1649        -            435 17239at4891          -            225   1.6e-12   44.7   2.2   2   3     0.013      0.32    7.7   0.0   133   149   168   184   162   214 0.89 -
8450:345-1649        -            435 17239at4891          -            225   1.6e-12   44.7   2.2   3   3   0.00011    0.0026   14.5   0.0   155   212   227   290   219   302 0.78 -
9578:6054-6923       -            290 17239at4891          -            225   2.3e-12   44.2   0.0   1   1   1.9e-12   4.5e-11   39.9   0.0    31   206     3   199     1   204 0.64 -
8666:1918-2913       -            332 17239at4891          -            225   2.6e-12   44.0   3.0   1   2   1.6e-11   3.8e-10   36.9   0.3    90   172    86   179     7   208 0.73 -
8666:1918-2913       -            332 17239at4891          -            225   2.6e-12   44.0   3.0   2   2      0.03      0.71    6.6   0.1   188   210   228   250   222   266 0.87 -
9376:4767-5852       -            362 17239at4891          -            225   7.3e-12   42.5   0.2   1   1   5.3e-13   1.3e-11   41.7   0.2    21   203     9   214     1   222 0.71 -
9316:2356-5388       -           1011 17239at4891          -            225   1.3e-11   41.7   0.1   1   2   6.7e-11   1.6e-09   34.9   0.0    95   185   649   759   561   765 0.56 -
9316:2356-5388       -           1011 17239at4891          -            225   1.3e-11   41.7   0.1   2   2      0.25       5.9    3.5   0.0   187   210   796   820   768   824 0.77 -
8416:2551-3603       -            351 17239at4891          -            225   1.4e-11   41.6   0.2   1   2      0.05       1.2    5.8   0.0    29    57     3    31     1    66 0.82 -
8416:2551-3603       -            351 17239at4891          -            225   1.4e-11   41.6   0.2   2   2   4.4e-10     1e-08   32.2   0.1   117   190   108   188   102   229 0.76 -
8194:3006-3602       -            199 17239at4891          -            225   1.4e-11   41.6   0.5   1   1   2.4e-12   5.6e-11   39.6   0.5    94   211     1   143     1   147 0.73 -
9336:5762-6706       -            315 17239at4891          -            225   2.3e-11   40.9   2.1   1   1   7.5e-12   1.8e-10   38.0   2.1    51   214    75   271    36   279 0.74 -
9548:337-1380        -            348 17239at4891          -            225   2.7e-11   40.6   0.1   1   1   2.6e-12   6.3e-11   39.4   0.1    15   201     3   214     1   225 0.69 -
8386:2346-3074       -            243 17239at4891          -            225   3.2e-11   40.4   0.0   1   2       8.7   2.1e+02   -1.5   0.0    97   109    21    33    11    45 0.68 -
8386:2346-3074       -            243 17239at4891          -            225   3.2e-11   40.4   0.0   2   2   4.5e-12   1.1e-10   38.7   0.0   118   212    69   173    60   179 0.78 -
7548:67-747          -            227 17239at4891          -            225   3.5e-11   40.3   0.0   1   1   3.1e-12   7.4e-11   39.2   0.0   115   221    98   218    83   222 0.78 -
7674:805-1767        -            321 17239at4891          -            225   4.2e-11   40.0   8.7   1   2   1.2e-07   2.8e-06   24.3   4.6    28   149    12   158     3   163 0.61 -
7674:805-1767        -            321 17239at4891          -            225   4.2e-11   40.0   8.7   2   2    0.0018     0.044   10.5   0.1   186   212   236   262   176   268 0.75 -
9494:7698-8528       -            277 17239at4891          -            225   7.1e-11   39.3   0.1   1   1   4.3e-12     1e-10   38.8   0.1    29   207     1   193     1   206 0.75 -
9280:3099-4592       -            498 17239at4891          -            225   8.8e-11   39.0   0.0   1   2   6.6e-09   1.6e-07   28.3   0.1    49   165    64   182    22   193 0.71 -
9280:3099-4592       -            498 17239at4891          -            225   8.8e-11   39.0   0.0   2   2     0.031      0.74    6.5   0.0   170   209   266   310   248   317 0.76 -
9050:611-1576        -            322 17239at4891          -            225     9e-11   38.9   0.4   1   3       1.6        37    0.9   0.0    23    55     5    36     2    70 0.82 -
9050:611-1576        -            322 17239at4891          -            225     9e-11   38.9   0.4   2   3   3.7e-10   8.9e-09   32.4   0.2    86   184   119   221    91   232 0.79 -
9050:611-1576        -            322 17239at4891          -            225     9e-11   38.9   0.4   3   3      0.85        20    1.8   0.0   189   210   246   267   237   273 0.85 -
9288:6241-7161       -            307 17239at4891          -            225   1.1e-10   38.7   0.4   1   1   4.1e-10   9.8e-09   32.3   0.4    26   210     4   215     1   222 0.67 -
9502:2145-3251       -            369 17239at4891          -            225   1.3e-10   38.4   0.0   1   1     1e-11   2.4e-10   37.5   0.0   117   199   136   235   126   244 0.68 -
9598:11083-11721     -            213 17239at4891          -            225   1.7e-10   38.0   0.6   1   2   4.9e-10   1.2e-08   32.0   0.1    96   185    72   171    60   180 0.79 -
9598:11083-11721     -            213 17239at4891          -            225   1.7e-10   38.0   0.6   2   2      0.33       7.8    3.2   0.0   186   206   193   213   184   213 0.87 -
8764:438-2084        -            549 17239at4891          -            225   2.4e-10   37.5   0.0   1   1     2e-11   4.8e-10   36.5   0.0   107   203   254   358   180   366 0.82 -
8626:1051-1599       -            183 17239at4891          -            225   2.8e-10   37.3   0.0   1   1   2.5e-10     6e-09   33.0   0.0   117   210    26   142    19   147 0.68 -
9342:14110-15051     -            314 17239at4891          -            225     6e-10   36.2   3.0   1   1   1.5e-10   3.5e-09   33.8   3.0    27   163     5   158     1   222 0.74 -
9708:2183-3157       -            325 17239at4891          -            225   1.3e-09   35.1   0.0   1   1     1e-10   2.4e-09   34.3   0.0    97   212   124   258   113   265 0.71 -
9018:8533-10704      -            724 17239at4891          -            225   1.5e-09   34.9   0.4   1   3      0.23       5.4    3.7   0.0    22    75   304   358   294   362 0.84 -
9018:8533-10704      -            724 17239at4891          -            225   1.5e-09   34.9   0.4   2   3   3.8e-06   8.9e-05   19.3   0.2   115   150   408   443   402   451 0.89 -
9018:8533-10704      -            724 17239at4891          -            225   1.5e-09   34.9   0.4   3   3     0.013       0.3    7.8   0.0   152   216   475   542   466   551 0.80 -
9242:6452-8167       -            572 17239at4891          -            225   2.6e-09   34.2   0.4   1   2   1.5e-09   3.7e-08   30.4   0.1    23   161   177   320   163   335 0.69 -
9242:6452-8167       -            572 17239at4891          -            225   2.6e-09   34.2   0.4   2   2       1.5        36    1.0   0.0   172   211   373   416   361   419 0.78 -
8460:1970-2827       -            286 17239at4891          -            225   4.5e-09   33.4   0.1   1   1   4.3e-10     1e-08   32.2   0.1    28   210     8   196     3   200 0.77 -
9508:1626-2423       -            266 17239at4891          -            225   7.4e-09   32.7   0.1   1   1   5.6e-10   1.3e-08   31.8   0.1   111   210    61   165    40   176 0.83 -
9708:4262-6904       -            881 17239at4891          -            225   8.3e-09   32.5   0.1   1   2   1.3e-06   3.2e-05   20.8   0.0   121   169   528   579   444   586 0.84 -
9708:4262-6904       -            881 17239at4891          -            225   8.3e-09   32.5   0.1   2   2    0.0049      0.12    9.1   0.0   190   211   792   813   783   820 0.94 -
8850:3013-4704       -            564 17239at4891          -            225   1.5e-08   31.7   0.3   1   2   7.8e-09   1.8e-07   28.1   0.0    23   162   169   313   156   327 0.67 -
8850:3013-4704       -            564 17239at4891          -            225   1.5e-08   31.7   0.3   2   2       1.7        39    0.9   0.0   172   211   365   408   354   411 0.79 -
9724:16735-17796     -            354 17239at4891          -            225   2.1e-08   31.2   0.6   1   1   2.7e-09   6.5e-08   29.6   0.6    64   185    78   222    51   253 0.58 -
9022:791-1471        -            227 17239at4891          -            225   2.4e-08   31.0   0.0   1   2   4.2e-08   9.9e-07   25.7   0.1   109   184    62   135    18   150 0.82 -
9022:791-1471        -            227 17239at4891          -            225   2.4e-08   31.0   0.0   2   2      0.39       9.1    2.9   0.0   190   210   161   181   153   188 0.86 -
9140:10766-11608     -            281 17239at4891          -            225   4.7e-08   30.0   0.0   1   1   2.6e-09   6.2e-08   29.7   0.0   111   207    91   193     1   202 0.73 -
9574:11971-12594     -            208 17239at4891          -            225     6e-08   29.7   0.0   1   1   5.1e-09   1.2e-07   28.7   0.0   114   211    95   208    86   208 0.78 -
9250:1334-1957       -            208 17239at4891          -            225   9.8e-08   29.0   0.0   1   1   7.4e-09   1.8e-07   28.2   0.0   114   211    95   208    84   208 0.78 -
8766:2416-3300       -            295 17239at4891          -            225   1.3e-07   28.6   0.0   1   2      0.21       4.9    3.8   0.0    50   132     5   101     3   105 0.62 -
8766:2416-3300       -            295 17239at4891          -            225   1.3e-07   28.6   0.0   2   2   7.1e-07   1.7e-05   21.7   0.0   136   211   151   242   143   252 0.72 -
8836:7701-8510       -            270 17239at4891          -            225   4.7e-07   26.8   0.0   1   2   3.3e-05   0.00078   16.2   0.0   117   149   115   147   104   167 0.87 -
8836:7701-8510       -            270 17239at4891          -            225   4.7e-07   26.8   0.0   2   2    0.0076      0.18    8.5   0.0   167   216   193   246   170   255 0.80 -
9418:1089-4097       -           1003 17239at4891          -            225   7.6e-05   19.6   0.0   1   1   7.6e-06   0.00018   18.3   0.0   111   149   792   830   696   836 0.87 -
8796:1455-1940       -            162 17239at4891          -            225   0.00033   17.5   0.2   1   2       1.2        28    1.3   0.0    22    75    17    70     8    75 0.72 -
8796:1455-1940       -            162 17239at4891          -            225   0.00033   17.5   0.2   2   2   0.00013     0.003   14.3   0.1   116   147   130   162   102   162 0.90 -
9678:8748-11114      -            789 17239at4891          -            225    0.0015   15.3   0.1   1   1    0.0002    0.0047   13.7   0.1   178   207   224   257   221   265 0.85 -
9390:2655-7010       -           1452 17239at4891          -            225    0.0023   14.7   0.2   1   2   0.00048     0.011   12.4   0.1   111   150   119   158   103   169 0.86 -
9390:2655-7010       -           1452 17239at4891          -            225    0.0023   14.7   0.2   2   2         9   2.1e+02   -1.5   0.0   188   211   218   241   215   253 0.74 -
#
# Program:         hmmsearch
# Version:         3.1b2 (February 2015)
# Pipeline mode:   SEARCH
# Query file:      /home/jj/Desktop/Bioinformatics/3rd_year/1term/Computational_genomics/Seminars/exercise_04/busco_downloads/lineages/saccharomycetes_odb10/hmms/17239at4891.hmm
# Target file:     /home/jj/Desktop/Bioinformatics/3rd_year/1term/Computational_genomics/Seminars/exercise_04/./busco/SRR6130428/SRR6130428_k63_contigs/run_saccharomycetes_odb10/metaeuk_output/initial_results/SRR6130428_k63_graph.contig.fa.modified.fas
# Option settings: hmmsearch --domtblout /home/jj/Desktop/Bioinformatics/3rd_year/1term/Computational_genomics/Seminars/exercise_04/./busco/SRR6130428/SRR6130428_k63_contigs/run_saccharomycetes_odb10/hmmer_output/initial_run_results/17239at4891.out --cpu 1 /home/jj/Desktop/Bioinformatics/3rd_year/1term/Computational_genomics/Seminars/exercise_04/busco_downloads/lineages/saccharomycetes_odb10/hmms/17239at4891.hmm /home/jj/Desktop/Bioinformatics/3rd_year/1term/Computational_genomics/Seminars/exercise_04/./busco/SRR6130428/SRR6130428_k63_contigs/run_saccharomycetes_odb10/metaeuk_output/initial_results/SRR6130428_k63_graph.contig.fa.modified.fas 
# Current dir:     /home/jj/Desktop/Bioinformatics/3rd_year/1term/Computational_genomics/Seminars/exercise_04
# Date:            Tue Nov  5 18:37:42 2024
# [ok]
