#                                                                            --- full sequence --- -------------- this domain -------------   hmm coord   ali coord   env coord
# target name        accession   tlen query name           accession   qlen   E-value  score  bias   #  of  c-Evalue  i-Evalue  score  bias  from    to  from    to  from    to  acc description of target
#------------------- ---------- ----- -------------------- ---------- ----- --------- ------ ----- --- --- --------- --------- ------ ----- ----- ----- ----- ----- ----- ----- ---- ---------------------
9666:20504-21955     -            484 17265at4891          -            265    2e-123  408.0   4.9   1   2  1.9e-113  4.5e-112  370.8   2.3     1   221   167   412   167   426 0.92 -
9666:20504-21955     -            484 17265at4891          -            265    2e-123  408.0   4.9   2   2   8.1e-12   1.9e-10   37.6   0.0   214   263   429   484   420   484 0.89 -
8554:159-1031        -            291 17265at4891          -            265   2.6e-70  233.8   0.0   1   2   5.2e-68   1.2e-66  221.8   0.0     2   209     1   236     1   248 0.87 -
8554:159-1031        -            291 17265at4891          -            265   2.6e-70  233.8   0.0   2   2    0.0068      0.16    8.3   0.0   214   241   263   290   252   291 0.93 -
9022:9769-10653      -            295 17265at4891          -            265   3.7e-66  220.2   0.5   1   2     1e-62   2.4e-61  204.5   0.4     2   207     3   234     2   245 0.86 -
9022:9769-10653      -            295 17265at4891          -            265   3.7e-66  220.2   0.5   2   2    0.0019     0.046   10.1   0.0   214   241   268   295   264   295 0.90 -
9342:14110-15051     -            314 17265at4891          -            265   9.6e-61  202.5   8.4   1   2   1.4e-56   3.2e-55  184.4   8.5     5   204     4   250     1   270 0.83 -
9342:14110-15051     -            314 17265at4891          -            265   9.6e-61  202.5   8.4   2   2    0.0014     0.032   10.6   0.0   216   245   284   313   275   314 0.91 -
9700:35509-36408     -            300 17265at4891          -            265   1.5e-53  178.9   0.0   1   2   8.1e-50   1.9e-48  162.2   0.0     6   209     5   230     1   238 0.85 -
9700:35509-36408     -            300 17265at4891          -            265   1.5e-53  178.9   0.0   2   2   8.4e-05     0.002   14.6   0.0   214   246   259   291   244   297 0.89 -
8384:242-1183        -            314 17265at4891          -            265     1e-47  159.7   0.2   1   2   7.7e-44   1.8e-42  142.6   0.1     7   201    13   241     8   246 0.80 -
8384:242-1183        -            314 17265at4891          -            265     1e-47  159.7   0.2   2   2   0.00015    0.0036   13.7   0.0   214   244   279   309   260   314 0.85 -
8764:438-2084        -            549 17265at4891          -            265   3.5e-47  158.0   8.3   1   3    0.0028     0.067    9.6   0.7     2    23    75    96    74    99 0.88 -
8764:438-2084        -            549 17265at4891          -            265   3.5e-47  158.0   8.3   2   3   1.6e-41   3.8e-40  134.9   0.7    35   207   197   405   172   415 0.78 -
8764:438-2084        -            549 17265at4891          -            265   3.5e-47  158.0   8.3   3   3   0.00019    0.0044   13.4   0.0   215   251   439   475   433   489 0.85 -
7804:258-1562        -            435 17265at4891          -            265   1.4e-46  156.1   0.0   1   1   1.8e-45   4.3e-44  147.9   0.0     2   249    23   314    22   324 0.79 -
8068:741-1847        -            369 17265at4891          -            265     8e-45  150.3   0.7   1   2   6.4e-41   1.5e-39  133.0   0.4     2   205    18   258    17   263 0.79 -
8068:741-1847        -            369 17265at4891          -            265     8e-45  150.3   0.7   2   2   0.00021    0.0048   13.3   0.0   213   242   292   321   268   336 0.80 -
9468:11302-12276     -            325 17265at4891          -            265     1e-44  150.0   0.7   1   1   2.1e-43   4.9e-42  141.1   0.7     2   245     5   310     4   317 0.74 -
9548:337-1380        -            348 17265at4891          -            265   7.8e-44  147.0   0.1   1   1   1.2e-42   2.8e-41  138.7   0.1     2   255    13   326    12   335 0.77 -
9674:28087-29058     -            324 17265at4891          -            265   2.8e-37  125.6   0.0   1   2     2e-35   4.7e-34  115.0   0.0    70   199    89   225     2   234 0.88 -
9674:28087-29058     -            324 17265at4891          -            265   2.8e-37  125.6   0.0   2   2     0.025      0.59    6.4   0.0   214   242   266   294   264   304 0.90 -
9376:4767-5852       -            362 17265at4891          -            265   6.7e-35  117.7   0.3   1   2   4.3e-32     1e-30  104.0   0.1    41   205    56   248    25   258 0.78 -
9376:4767-5852       -            362 17265at4891          -            265   6.7e-35  117.7   0.3   2   2   0.00064     0.015   11.7   0.0   214   240   281   307   255   329 0.85 -
9494:7698-8528       -            277 17265at4891          -            265   9.7e-35  117.2   0.8   1   2   3.2e-34   7.5e-33  111.0   0.8     8   206     1   224     1   237 0.74 -
9494:7698-8528       -            277 17265at4891          -            265   9.7e-35  117.2   0.8   2   2       4.4     1e+02   -0.9   0.0   215   238   254   277   248   277 0.86 -
9724:16735-17796     -            354 17265at4891          -            265   1.2e-32  110.4   7.3   1   2   5.1e-31   1.2e-29  100.5   6.4    57   199    95   273    48   282 0.71 -
9724:16735-17796     -            354 17265at4891          -            265   1.2e-32  110.4   7.3   2   2      0.38         9    2.6   0.0   213   239   327   353   322   354 0.91 -
9724:42501-46928     -           1476 17265at4891          -            265   1.6e-31  106.7   0.0   1   1   1.5e-32   3.6e-31  105.5   0.0     6   240  1179  1441  1174  1455 0.79 -
9140:10766-11608     -            281 17265at4891          -            265   1.9e-31  106.4   0.1   1   1     1e-31   2.4e-30  102.8   0.1    83   205    96   223     1   281 0.83 -
8460:1970-2827       -            286 17265at4891          -            265   3.5e-30  102.3   0.7   1   2     4e-28   9.3e-27   91.0   0.1     2   199     3   218     2   225 0.79 -
8460:1970-2827       -            286 17265at4891          -            265   3.5e-30  102.3   0.7   2   2    0.0028     0.065    9.6   0.1   213   238   261   286   232   286 0.82 -
9696:23411-25501     -            697 17265at4891          -            265   8.3e-30  101.1   0.1   1   3         5   1.2e+02   -1.1   0.0   171   214    54    97    51   128 0.73 -
9696:23411-25501     -            697 17265at4891          -            265   8.3e-30  101.1   0.1   2   3      0.78        18    1.6   0.0     7    41   400   438   395   446 0.82 -
9696:23411-25501     -            697 17265at4891          -            265   8.3e-30  101.1   0.1   3   3   3.1e-29   7.4e-28   94.7   0.0    80   240   533   693   476   696 0.77 -
9578:6054-6923       -            290 17265at4891          -            265   9.9e-30  100.8   0.1   1   2      0.13         3    4.1   0.0    39    67    34    62     1    66 0.73 -
9578:6054-6923       -            290 17265at4891          -            265   9.9e-30  100.8   0.1   2   2   2.3e-28   5.4e-27   91.8   0.1    71   241    89   285    70   290 0.76 -
9508:1626-2423       -            266 17265at4891          -            265   2.7e-29   99.4   1.1   1   2   1.5e-26   3.4e-25   85.9   0.8    64   202    38   190    20   210 0.80 -
9508:1626-2423       -            266 17265at4891          -            265   2.7e-29   99.4   1.1   2   2   0.00053     0.012   11.9   0.0   214   240   232   258   202   265 0.90 -
8792:3540-5258       -            573 17265at4891          -            265   5.4e-29   98.4   0.0   1   1   3.6e-30   8.5e-29   97.7   0.0     2   244   302   558   301   564 0.81 -
8804:3362-4279       -            306 17265at4891          -            265   7.3e-28   94.7   0.2   1   1   1.7e-28   3.9e-27   92.3   0.2     7   201     9   228     3   284 0.72 -
9648:180-2069        -            630 17265at4891          -            265   1.1e-27   94.0   0.2   1   1   1.1e-28   2.7e-27   92.8   0.2     2   242    52   306    51   331 0.78 -
9680:21437-22237     -            267 17265at4891          -            265   1.2e-27   93.9   0.0   1   1   8.7e-29     2e-27   93.2   0.0     2   239    18   264    17   266 0.82 -
8274:2342-3058       -            239 17265at4891          -            265   1.8e-26   90.1   1.0   1   1   1.9e-27   4.4e-26   88.8   1.0     7   181     2   193     1   208 0.82 -
9558:17836-18582     -            249 17265at4891          -            265   8.6e-26   87.9   0.1   1   1   7.4e-27   1.7e-25   86.9   0.1     8   237     3   248     1   249 0.81 -
9650:24829-29790     -           1654 17265at4891          -            265   2.5e-25   86.4   3.8   1   3     0.083         2    4.7   0.2    87   176   369   474   362   529 0.67 -
9650:24829-29790     -           1654 17265at4891          -            265   2.5e-25   86.4   3.8   2   3   0.00013    0.0031   13.9   0.0     2    58   594   651   593   675 0.86 -
9650:24829-29790     -           1654 17265at4891          -            265   2.5e-25   86.4   3.8   3   3   3.1e-19   7.2e-18   61.9   0.1    85   243   809   980   790   988 0.80 -
9332:9525-11471      -            649 17265at4891          -            265   6.2e-25   85.1   0.4   1   2       0.1       2.5    4.4   0.1    20    86   394   462   387   468 0.74 -
9332:9525-11471      -            649 17265at4891          -            265   6.2e-25   85.1   0.4   2   2   3.7e-24   8.7e-23   78.0   0.0    84   249   480   644   474   646 0.83 -
9280:3099-4592       -            498 17265at4891          -            265     7e-25   84.9   1.0   1   4    0.0066      0.16    8.4   0.1     2    22    25    45    24    56 0.87 -
9280:3099-4592       -            498 17265at4891          -            265     7e-25   84.9   1.0   2   4   4.2e-11   9.8e-10   35.2   0.0    74   136   124   186   115   190 0.87 -
9280:3099-4592       -            498 17265at4891          -            265     7e-25   84.9   1.0   3   4   3.5e-09   8.3e-08   28.9   0.0   134   204   267   338   259   345 0.89 -
9280:3099-4592       -            498 17265at4891          -            265     7e-25   84.9   1.0   4   4    0.0097      0.23    7.8   0.0   201   245   427   467   380   474 0.79 -
9206:2109-6836       -           1576 17265at4891          -            265   4.4e-24   82.3   0.5   1   2   5.5e-21   1.3e-19   67.6   0.3     3   138  1267  1422  1265  1427 0.78 -
9206:2109-6836       -           1576 17265at4891          -            265   4.4e-24   82.3   0.5   2   2   0.00048     0.011   12.1   0.0   140   239  1460  1558  1431  1565 0.74 -
9722:16235-17092     -            286 17265at4891          -            265   5.1e-24   82.1   0.5   1   2     7e-15   1.6e-13   47.6   0.7     8   131     8   154     3   158 0.66 -
9722:16235-17092     -            286 17265at4891          -            265   5.1e-24   82.1   0.5   2   2   4.8e-10   1.1e-08   31.8   0.0   134   240   178   285   167   286 0.81 -
9388:2420-3211       -            264 17265at4891          -            265     6e-24   81.8   0.8   1   1   1.8e-23   4.3e-22   75.8   0.8    79   184   111   219     4   229 0.64 -
8588:5598-6413       -            272 17265at4891          -            265   7.1e-24   81.6   0.0   1   1   5.5e-25   1.3e-23   80.7   0.0     3   193    13   222    11   269 0.74 -
9680:14913-17372     -            820 17265at4891          -            265   1.6e-23   80.5   0.0   1   1   1.9e-24   4.5e-23   79.0   0.0     8   244   204   471   198   483 0.74 -
9344:12609-14093     -            495 17265at4891          -            265   2.8e-23   79.6   0.1   1   2   3.7e-17   8.6e-16   55.1   0.2     2   130     6   154     5   159 0.76 -
9344:12609-14093     -            495 17265at4891          -            265   2.8e-23   79.6   0.1   2   2   3.8e-07     9e-06   22.2   0.0   143   241   365   468   324   478 0.84 -
9220:8467-9282       -            272 17265at4891          -            265   3.6e-23   79.3   0.0   1   1   1.5e-23   3.6e-22   76.0   0.0     8   238     9   269     4   271 0.71 -
9688:6201-6989       -            263 17265at4891          -            265   4.1e-23   79.1   0.2   1   1   1.7e-23   3.9e-22   75.9   0.2    84   233   104   260     8   263 0.82 -
9270:5360-6181       -            274 17265at4891          -            265   4.5e-23   79.0   0.1   1   1   5.9e-24   1.4e-22   77.4   0.1     8   240     7   269     3   273 0.72 -
9138:9482-10486      -            335 17265at4891          -            265   5.6e-23   78.7   0.1   1   2   9.5e-06   0.00022   17.7   0.1     2    76    41   130    40   134 0.78 -
9138:9482-10486      -            335 17265at4891          -            265   5.6e-23   78.7   0.1   2   2   8.1e-18   1.9e-16   57.2   0.0    85   234   159   330   153   335 0.75 -
8018:2579-3376       -            266 17265at4891          -            265   5.7e-23   78.6   0.1   1   1   4.3e-24     1e-22   77.8   0.1     5   193    10   217     6   264 0.72 -
9352:14667-17009     -            781 17265at4891          -            265   6.1e-23   78.5   0.2   1   2       3.8        90   -0.7   0.2     3    28   487   512   485   593 0.54 -
9352:14667-17009     -            781 17265at4891          -            265   6.1e-23   78.5   0.2   2   2   1.4e-23   3.3e-22   76.1   0.0    84   248   611   774   601   780 0.84 -
9220:10894-11814     -            307 17265at4891          -            265   6.2e-23   78.5   0.1   1   1   7.2e-24   1.7e-22   77.1   0.1    24   253    48   298    17   306 0.75 -
9082:7406-8569       -            388 17265at4891          -            265   8.4e-23   78.1   0.0   1   1   1.1e-23   2.6e-22   76.5   0.0    39   241    81   294    70   303 0.76 -
8772:6932-7705       -            258 17265at4891          -            265     9e-23   78.0   0.4   1   1   6.5e-24   1.5e-22   77.2   0.4     3   192     6   214     4   251 0.77 -
9652:9845-11956      -            704 17265at4891          -            265   9.7e-23   77.9   0.1   1   2       8.6     2e+02   -1.9   0.3   224   263    24    63    13    65 0.75 -
9652:9845-11956      -            704 17265at4891          -            265   9.7e-23   77.9   0.1   2   2   1.6e-23   3.7e-22   76.0   0.0     3   240    83   338    81   354 0.73 -
9370:13593-17402     -           1270 17265at4891          -            265     1e-22   77.8   1.0   1   2   1.4e-20   3.3e-19   66.3   0.5     3   135   981  1133   979  1140 0.78 -
9370:13593-17402     -           1270 17265at4891          -            265     1e-22   77.8   1.0   2   2    0.0033     0.078    9.3   0.0   122   238  1142  1255  1136  1263 0.70 -
9284:13564-14592     -            343 17265at4891          -            265   1.3e-22   77.5   0.0   1   1   1.1e-23   2.6e-22   76.5   0.0    36   245    86   309    79   315 0.79 -
9018:8533-10704      -            724 17265at4891          -            265   1.3e-22   77.5   3.4   1   3   5.6e-07   1.3e-05   21.7   0.5     8   119   311   445   306   450 0.58 -
9018:8533-10704      -            724 17265at4891          -            265   1.3e-22   77.5   3.4   2   3     1e-11   2.4e-10   37.3   0.0   116   204   474   562   463   575 0.89 -
9018:8533-10704      -            724 17265at4891          -            265   1.3e-22   77.5   3.4   3   3   0.00015    0.0035   13.8   0.1   201   240   676   713   667   718 0.83 -
9026:3240-4322       -            361 17265at4891          -            265   1.4e-22   77.3   0.6   1   1   1.3e-23     3e-22   76.3   0.6     6   238   107   353   102   359 0.73 -
9538:10065-10994     -            310 17265at4891          -            265   1.9e-22   76.9   0.4   1   1   1.9e-23   4.5e-22   75.7   0.1    30   240    64   283    51   292 0.72 -
9442:11388-12206     -            273 17265at4891          -            265   2.2e-22   76.7   0.1   1   1   2.7e-23   6.4e-22   75.2   0.1     8   174     1   190     1   258 0.80 -
9568:2563-4101       -            513 17265at4891          -            265   2.5e-22   76.5   0.5   1   2     0.013      0.29    7.4   0.1     6    77   195   276   191   295 0.77 -
9568:2563-4101       -            513 17265at4891          -            265   2.5e-22   76.5   0.5   2   2   7.3e-21   1.7e-19   67.2   0.0    85   259   309   486   303   494 0.79 -
9516:8073-8876       -            268 17265at4891          -            265   3.1e-22   76.2   0.8   1   1   4.4e-22     1e-20   71.2   0.8    71   184   109   224     9   240 0.86 -
9144:11649-12578     -            310 17265at4891          -            265   3.5e-22   76.0   0.6   1   2       2.4        56   -0.0   0.0     3    23     5    25     4    39 0.74 -
9144:11649-12578     -            310 17265at4891          -            265   3.5e-22   76.0   0.6   2   2   9.8e-23   2.3e-21   73.4   0.1    41   239    74   282    53   292 0.74 -
9270:2604-3470       -            289 17265at4891          -            265   5.2e-22   75.5   0.0   1   1   4.1e-22   9.7e-21   71.3   0.0     7   243    18   284    12   288 0.70 -
7984:778-3069        -            764 17265at4891          -            265   6.4e-22   75.2   0.6   1   1   2.7e-22   6.4e-21   71.9   0.6     5   190   355   564   351   613 0.69 -
9236:8838-9737       -            300 17265at4891          -            265   2.5e-21   73.2   0.1   1   1   2.8e-22   6.5e-21   71.9   0.1     6   192    14   224    10   279 0.69 -
9582:21971-22969     -            333 17265at4891          -            265   2.6e-21   73.2   0.0   1   1   2.5e-22   5.9e-21   72.0   0.0    37   243    56   276    49   286 0.79 -
9168:5060-6598       -            513 17265at4891          -            265   8.4e-21   71.5   4.6   1   2   6.5e-12   1.5e-10   37.9   3.1     7   115   205   337   200   342 0.71 -
9168:5060-6598       -            513 17265at4891          -            265   8.4e-21   71.5   4.6   2   2   1.1e-09   2.6e-08   30.6   0.0   119   248   360   489   355   502 0.76 -
9714:25935-26888     -            318 17265at4891          -            265   3.5e-20   69.5   0.0   1   1     2e-21   4.7e-20   69.1   0.0    81   233   113   272    61   284 0.79 -
9556:876-1871        -            332 17265at4891          -            265   1.3e-19   67.6   0.5   1   3      0.12       2.9    4.2   0.0     2    20    13    31    12    46 0.88 -
9556:876-1871        -            332 17265at4891          -            265   1.3e-19   67.6   0.5   2   3   2.1e-07   4.8e-06   23.1   0.1    57   115   114   172    98   178 0.79 -
9556:876-1871        -            332 17265at4891          -            265   1.3e-19   67.6   0.5   3   3   1.3e-11     3e-10   36.9   0.0   118   239   209   328   206   331 0.76 -
9648:20903-21709     -            269 17265at4891          -            265   1.6e-19   67.3   0.6   1   2   6.5e-13   1.5e-11   41.2   0.4    84   131   108   155     6   164 0.74 -
9648:20903-21709     -            269 17265at4891          -            265   1.6e-19   67.3   0.6   2   2     9e-08   2.1e-06   24.3   0.0   140   233   181   266   167   269 0.83 -
8710:5595-6479       -            295 17265at4891          -            265   2.1e-19   67.0   0.1   1   3      0.31       7.3    2.9   0.0     2    20     1    19     1    34 0.87 -
8710:5595-6479       -            295 17265at4891          -            265   2.1e-19   67.0   0.1   2   3   1.5e-05   0.00036   17.0   0.0    81   115   114   148    82   154 0.88 -
8710:5595-6479       -            295 17265at4891          -            265   2.1e-19   67.0   0.1   3   3   1.3e-13     3e-12   43.5   0.0   118   238   175   293   172   295 0.84 -
9288:6241-7161       -            307 17265at4891          -            265   2.7e-19   66.6   0.1   1   1   2.2e-19   5.2e-18   62.4   0.1     2   239     1   277     1   283 0.72 -
8666:1918-2913       -            332 17265at4891          -            265   5.6e-19   65.5   4.1   1   3    0.0035     0.083    9.3   1.5     2    76     4    98     3   103 0.68 -
8666:1918-2913       -            332 17265at4891          -            265   5.6e-19   65.5   4.1   2   3   4.7e-14   1.1e-12   44.9   0.0    84   129   126   171   116   179 0.90 -
8666:1918-2913       -            332 17265at4891          -            265   5.6e-19   65.5   4.1   3   3    0.0022     0.052    9.9   0.0   156   240   228   320   212   331 0.70 -
9000:1272-2168       -            299 17265at4891          -            265   6.6e-18   62.0   0.0   1   1   6.5e-19   1.5e-17   60.8   0.1     8   175    11   205     4   223 0.77 -
9274:513-1736        -            408 17265at4891          -            265   6.9e-18   62.0   0.3   1   2      0.12       2.9    4.2   0.1     2    30    11    43    10    49 0.77 -
9274:513-1736        -            408 17265at4891          -            265   6.9e-18   62.0   0.3   2   2   4.4e-17     1e-15   54.8   0.0    88   245   142   307    81   314 0.74 -
8586:248-1081        -            278 17265at4891          -            265   9.3e-18   61.5   0.0   1   1   1.2e-18   2.8e-17   59.9   0.0     7   238    21   277    16   278 0.72 -
9138:5514-8171       -            886 17265at4891          -            265     1e-17   61.4   0.6   1   3     0.006      0.14    8.5   0.1     4    91    17   112    14   121 0.73 -
9138:5514-8171       -            886 17265at4891          -            265     1e-17   61.4   0.6   2   3   2.5e-05   0.00059   16.3   0.1    86   115   143   172   131   176 0.89 -
9138:5514-8171       -            886 17265at4891          -            265     1e-17   61.4   0.6   3   3   2.2e-10   5.2e-09   32.9   0.0   117   249   195   326   188   341 0.79 -
9112:9860-10915      -            352 17265at4891          -            265   1.2e-17   61.2   0.6   1   1   2.3e-18   5.3e-17   59.1   0.6     3   175    23   217    21   285 0.77 -
9576:4640-5464       -            275 17265at4891          -            265   2.5e-17   60.2   0.0   1   1   5.1e-18   1.2e-16   57.9   0.0     8   239    17   273    12   275 0.68 -
9502:2145-3251       -            369 17265at4891          -            265   3.8e-17   59.5   0.1   1   1   7.6e-18   1.8e-16   57.3   0.1    84   204   136   288   122   297 0.69 -
9214:3531-4694       -            388 17265at4891          -            265   5.1e-17   59.1   0.8   1   1   1.7e-17     4e-16   56.2   0.8     5   177    69   263    65   325 0.72 -
9242:6452-8167       -            572 17265at4891          -            265   8.5e-17   58.4   1.1   1   2     4e-13   9.4e-12   41.9   0.8     2   129   177   323   176   338 0.64 -
9242:6452-8167       -            572 17265at4891          -            265   8.5e-17   58.4   1.1   2   2   0.00038     0.009   12.4   0.0   142   184   380   421   358   479 0.78 -
9050:611-1576        -            322 17265at4891          -            265   1.7e-16   57.4   2.5   1   2      0.02      0.46    6.8   0.0     5    20     8    23     4    37 0.84 -
9050:611-1576        -            322 17265at4891          -            265   1.7e-16   57.4   2.5   2   2   8.2e-15   1.9e-13   47.4   0.8    15   184    66   273    60   322 0.61 -
9396:10785-11381     -            199 17265at4891          -            265   1.8e-16   57.3   0.0   1   1     1e-17   2.4e-16   56.9   0.0    19   167    16   187     1   198 0.69 -
8798:2318-3331       -            338 17265at4891          -            265   1.5e-15   54.3   0.0   1   2   2.4e-13   5.6e-12   42.6   0.0    79   127   155   204   148   210 0.90 -
8798:2318-3331       -            338 17265at4891          -            265   1.5e-15   54.3   0.0   2   2    0.0031     0.074    9.4   0.0   156   218   255   319   229   336 0.78 -
8850:3013-4704       -            564 17265at4891          -            265   1.6e-15   54.3   4.7   1   2   1.1e-12   2.6e-11   40.4   0.5     2   130   169   316   168   334 0.63 -
8850:3013-4704       -            564 17265at4891          -            265   1.6e-15   54.3   4.7   2   2   0.00025    0.0059   13.0   0.0   142   186   372   415   353   476 0.68 -
9526:4843-6750       -            636 17265at4891          -            265   1.7e-15   54.1   0.0   1   1   2.1e-16   4.9e-15   52.6   0.0     6   198   332   548   328   615 0.67 -
9470:3000-4022       -            341 17265at4891          -            265   2.8e-15   53.4   2.3   1   2     1e-09   2.4e-08   30.7   1.6     2   134    24   177    23   183 0.73 -
9470:3000-4022       -            341 17265at4891          -            265   2.8e-15   53.4   2.3   2   2   3.4e-06   8.1e-05   19.1   0.0   141   241   209   307   199   315 0.81 -
9316:14764-15318     -            185 17265at4891          -            265   7.1e-15   52.1   0.1   1   1   3.9e-16   9.2e-15   51.7   0.1    83   179    74   180    15   184 0.82 -
7822:341-1144        -            268 17265at4891          -            265   9.4e-15   51.7   0.0   1   1   5.7e-16   1.3e-14   51.2   0.0    85   182   107   212    25   268 0.84 -
9404:2234-3256       -            341 17265at4891          -            265   9.9e-15   51.6   1.6   1   2   1.4e-09   3.2e-08   30.3   1.9     2   129    41   189    40   196 0.73 -
9404:2234-3256       -            341 17265at4891          -            265   9.9e-15   51.6   1.6   2   2     2e-05   0.00047   16.6   0.0   141   240   223   320   213   326 0.77 -
9288:1887-2741       -            285 17265at4891          -            265   1.3e-14   51.2   0.2   1   1   9.6e-16   2.2e-14   50.4   0.2    45   174    64   213    14   284 0.76 -
9598:11083-11721     -            213 17265at4891          -            265   3.7e-14   49.7   0.0   1   2     0.014      0.33    7.3   0.0     8    83     3    86     1    92 0.80 -
9598:11083-11721     -            213 17265at4891          -            265   3.7e-14   49.7   0.0   2   2   9.9e-13   2.3e-11   40.6   0.0    83   152   105   175    99   185 0.87 -
8492:4616-5878       -            421 17265at4891          -            265   8.7e-14   48.5   0.4   1   2   4.2e-12   9.8e-11   38.5   0.1    85   142   220   280   113   296 0.69 -
8492:4616-5878       -            421 17265at4891          -            265   8.7e-14   48.5   0.4   2   2     0.023      0.54    6.6   0.0   154   242   312   398   304   410 0.73 -
8386:2346-3074       -            243 17265at4891          -            265   8.9e-14   48.5   0.0   1   1   1.1e-14   2.5e-13   47.0   0.0    86   179    70   172    62   243 0.64 -
7948:472-1854        -            461 17265at4891          -            265     3e-13   46.7   1.5   1   2       4.3     1e+02   -0.9   0.0    43    58   201   216   183   231 0.78 -
7948:472-1854        -            461 17265at4891          -            265     3e-13   46.7   1.5   2   2   1.6e-13   3.7e-12   43.2   0.4    82   178   274   389   267   452 0.85 -
9660:6627-7220       -            198 17265at4891          -            265   4.9e-13   46.1   0.0   1   1   2.6e-14   6.1e-13   45.8   0.0    82   168   100   195    19   198 0.76 -
9574:22194-23423     -            410 17265at4891          -            265   7.7e-13   45.4   1.9   1   2   4.6e-11   1.1e-09   35.1   0.9    84   130   119   165    17   174 0.79 -
9574:22194-23423     -            410 17265at4891          -            265   7.7e-13   45.4   1.9   2   2    0.0045      0.11    8.9   0.0   128   226   229   322   210   348 0.73 -
9022:791-1471        -            227 17265at4891          -            265   7.8e-13   45.4   1.2   1   1   1.9e-13   4.4e-12   42.9   1.1    42   160    12   151     3   196 0.73 -
9708:2183-3157       -            325 17265at4891          -            265   8.3e-13   45.3   0.0   1   1   6.1e-14   1.4e-12   44.5   0.0    86   195   155   275   145   325 0.66 -
8450:345-1649        -            435 17265at4891          -            265   1.8e-12   44.2   2.2   1   3     0.016      0.37    7.1   0.4     2    87    25   119    24   131 0.64 -
8450:345-1649        -            435 17265at4891          -            265   1.8e-12   44.2   2.2   2   3      0.17         4    3.7   0.0    99   115   167   183   163   194 0.85 -
8450:345-1649        -            435 17265at4891          -            265   1.8e-12   44.2   2.2   3   3   7.4e-10   1.7e-08   31.1   0.0   118   245   225   349   216   376 0.74 -
8416:2551-3603       -            351 17265at4891          -            265   2.1e-12   44.0   0.0   1   2   3.7e-13   8.6e-12   42.0   0.0    86   138   110   166   106   225 0.85 -
8416:2551-3603       -            351 17265at4891          -            265   2.1e-12   44.0   0.0   2   2       6.6   1.5e+02   -1.5   0.0   215   242   280   307   275   318 0.84 -
8626:1051-1599       -            183 17265at4891          -            265   1.2e-11   41.5   0.0   1   1   2.7e-12   6.3e-11   39.1   0.0    86   130    28    72    19   149 0.69 -
7548:67-747          -            227 17265at4891          -            265     2e-11   40.8   0.1   1   2       2.8        65   -0.2   0.0     6    24     7    25     3    43 0.71 -
7548:67-747          -            227 17265at4891          -            265     2e-11   40.8   0.1   2   2     4e-12   9.5e-11   38.6   0.1    72   157    87   175    72   183 0.79 -
8796:234-743         -            170 17265at4891          -            265   2.1e-10   37.5   0.0   1   2   3.7e-11   8.7e-10   35.4   0.0   119   182     6    69     2   142 0.83 -
8796:234-743         -            170 17265at4891          -            265   2.1e-10   37.5   0.0   2   2       1.9        44    0.3   0.0   214   241   142   169   137   170 0.86 -
8194:3006-3602       -            199 17265at4891          -            265   2.1e-10   37.4   0.0   1   1   1.9e-11   4.5e-10   36.4   0.0    84   198    31   162    13   196 0.73 -
9316:2356-5388       -           1011 17265at4891          -            265   3.5e-10   36.7   0.0   1   2   8.6e-08     2e-06   24.4   0.1    85   132   675   735   606   772 0.74 -
9316:2356-5388       -           1011 17265at4891          -            265   3.5e-10   36.7   0.0   2   2    0.0062      0.15    8.5   0.0   156   245   797   885   792   894 0.71 -
8796:1455-1940       -            162 17265at4891          -            265   3.8e-10   36.6   1.9   1   2     0.014      0.33    7.3   0.1     5    77    21    94    17    96 0.77 -
8796:1455-1940       -            162 17265at4891          -            265   3.8e-10   36.6   1.9   2   2     1e-09   2.4e-08   30.7   0.9    46   114    86   162    80   162 0.83 -
9572:16580-17233     -            218 17265at4891          -            265   5.8e-10   36.0   0.0   1   1   5.2e-11   1.2e-09   34.9   0.0    86   175   109   201   102   215 0.81 -
8766:2416-3300       -            295 17265at4891          -            265     8e-10   35.5   0.0   1   2       4.2        99   -0.8   0.0    43    93    22    77    11    86 0.66 -
8766:2416-3300       -            295 17265at4891          -            265     8e-10   35.5   0.0   2   2   2.6e-10   6.2e-09   32.6   0.0   103   232   151   293   145   295 0.77 -
7674:805-1767        -            321 17265at4891          -            265   2.8e-09   33.7   0.4   1   2   6.4e-07   1.5e-05   21.5   0.2    49   114    88   156    63   162 0.81 -
7674:805-1767        -            321 17265at4891          -            265   2.8e-09   33.7   0.4   2   2    0.0029     0.067    9.5   0.0   121   240   185   320   179   321 0.70 -
9336:5762-6706       -            315 17265at4891          -            265     1e-08   31.9   0.4   1   1   1.5e-09   3.5e-08   30.1   0.4    72   191   139   280   125   301 0.67 -
9500:730-1611        -            294 17265at4891          -            265   1.2e-08   31.7   0.0   1   1   1.4e-09   3.3e-08   30.2   0.0    85   191   127   250    97   292 0.72 -
9250:1334-1957       -            208 17265at4891          -            265   7.2e-08   29.1   0.2   1   2       2.8        65   -0.2   0.0     6    23     5    22     1    39 0.80 -
9250:1334-1957       -            208 17265at4891          -            265   7.2e-08   29.1   0.2   2   2   1.2e-08   2.9e-07   27.1   0.0    85   156    99   174    69   180 0.83 -
9574:11971-12594     -            208 17265at4891          -            265   8.3e-08   28.9   0.1   1   2       2.1        49    0.2   0.0     6    25     5    24     1    42 0.79 -
9574:11971-12594     -            208 17265at4891          -            265   8.3e-08   28.9   0.1   2   2   1.8e-08   4.1e-07   26.6   0.0    85   156    99   174    69   180 0.84 -
9390:2655-7010       -           1452 17265at4891          -            265   1.2e-07   28.4   0.2   1   2   1.8e-06   4.3e-05   20.0   0.2    83   126   124   167   104   171 0.93 -
9390:2655-7010       -           1452 17265at4891          -            265   1.2e-07   28.4   0.2   2   2     0.053       1.3    5.4   0.0   156   236   218   294   213   301 0.71 -
9532:12469-14466     -            666 17265at4891          -            265   2.2e-07   27.5   0.1   1   3    0.0044       0.1    8.9   0.0     3    59   174   236   172   248 0.78 -
9532:12469-14466     -            666 17265at4891          -            265   2.2e-07   27.5   0.1   2   3   7.9e-05    0.0019   14.7   0.0    83   114   327   358   321   362 0.91 -
9532:12469-14466     -            666 17265at4891          -            265   2.2e-07   27.5   0.1   3   3       3.4        80   -0.5   0.0   155   233   439   522   435   542 0.69 -
9708:4262-6904       -            881 17265at4891          -            265   8.8e-07   25.6   0.0   1   1   9.5e-08   2.2e-06   24.2   0.0    85   130   525   575   518   584 0.81 -
8836:7701-8510       -            270 17265at4891          -            265   4.5e-05   19.9   0.2   1   2       5.4   1.3e+02   -1.2   0.0     7    23     6    22     3    42 0.84 -
8836:7701-8510       -            270 17265at4891          -            265   4.5e-05   19.9   0.2   2   2   4.6e-05    0.0011   15.4   0.2    85   118   116   149    85   214 0.90 -
9418:1089-4097       -           1003 17265at4891          -            265    0.0064   12.9   0.3   1   1    0.0053      0.12    8.7   0.3     9   114   699   828   692   835 0.55 -
8956:4228-5010       -            261 17265at4891          -            265     0.018   11.4   0.0   1   1     0.001     0.024   11.0   0.0    79   158   134   216   123   249 0.75 -
#
# Program:         hmmsearch
# Version:         3.1b2 (February 2015)
# Pipeline mode:   SEARCH
# Query file:      /home/jj/Desktop/Bioinformatics/3rd_year/1term/Computational_genomics/Seminars/exercise_04/busco_downloads/lineages/saccharomycetes_odb10/hmms/17265at4891.hmm
# Target file:     /home/jj/Desktop/Bioinformatics/3rd_year/1term/Computational_genomics/Seminars/exercise_04/./busco/SRR6130428/SRR6130428_k63_contigs/run_saccharomycetes_odb10/metaeuk_output/initial_results/SRR6130428_k63_graph.contig.fa.modified.fas
# Option settings: hmmsearch --domtblout /home/jj/Desktop/Bioinformatics/3rd_year/1term/Computational_genomics/Seminars/exercise_04/./busco/SRR6130428/SRR6130428_k63_contigs/run_saccharomycetes_odb10/hmmer_output/initial_run_results/17265at4891.out --cpu 1 /home/jj/Desktop/Bioinformatics/3rd_year/1term/Computational_genomics/Seminars/exercise_04/busco_downloads/lineages/saccharomycetes_odb10/hmms/17265at4891.hmm /home/jj/Desktop/Bioinformatics/3rd_year/1term/Computational_genomics/Seminars/exercise_04/./busco/SRR6130428/SRR6130428_k63_contigs/run_saccharomycetes_odb10/metaeuk_output/initial_results/SRR6130428_k63_graph.contig.fa.modified.fas 
# Current dir:     /home/jj/Desktop/Bioinformatics/3rd_year/1term/Computational_genomics/Seminars/exercise_04
# Date:            Tue Nov  5 18:37:43 2024
# [ok]
