#                                                                            --- full sequence --- -------------- this domain -------------   hmm coord   ali coord   env coord
# target name        accession   tlen query name           accession   qlen   E-value  score  bias   #  of  c-Evalue  i-Evalue  score  bias  from    to  from    to  from    to  acc description of target
#------------------- ---------- ----- -------------------- ---------- ----- --------- ------ ----- --- --- --------- --------- ------ ----- ----- ----- ----- ----- ----- ----- ---- ---------------------
9568:2563-4101       -            513 17309at4891          -            209   5.2e-88  291.3   3.0   1   2   1.3e-25   3.1e-24   83.0   0.6     2    82   189   287   188   298 0.86 -
9568:2563-4101       -            513 17309at4891          -            209   5.2e-88  291.3   3.0   2   2   5.7e-64   1.4e-62  208.3   0.1    78   204   305   452   295   457 0.90 -
9270:2604-3470       -            289 17309at4891          -            209   2.1e-52  175.0   0.0   1   1   3.7e-53   8.7e-52  173.0   0.0     3   171    12   211    10   221 0.85 -
9526:4843-6750       -            636 17309at4891          -            209   2.3e-51  171.6   0.0   1   1   2.2e-52   5.1e-51  170.4   0.0     2   193   326   558   325   578 0.82 -
9220:8467-9282       -            272 17309at4891          -            209   8.1e-51  169.8   0.1   1   1   1.4e-51   3.4e-50  167.8   0.0     3   171     2   201     1   214 0.84 -
8792:3540-5258       -            573 17309at4891          -            209   1.6e-33  113.3   0.2   1   1     1e-34   2.4e-33  112.7   0.2     5   175   303   497   299   536 0.77 -
9558:17836-18582     -            249 17309at4891          -            209   1.5e-32  110.1   0.1   1   1     9e-34   2.1e-32  109.6   0.1    10   192     3   216     1   237 0.77 -
9442:11388-12206     -            273 17309at4891          -            209   1.3e-30  103.7   0.0   1   1   9.6e-32   2.3e-30  103.0   0.0    10   191     1   215     1   235 0.70 -
9332:9525-11471      -            649 17309at4891          -            209     4e-29   98.9   2.6   1   1   2.6e-29   6.2e-28   95.0   1.3    29   191   397   598   356   619 0.76 -
9696:23411-25501     -            697 17309at4891          -            209   1.2e-27   94.1   0.3   1   2       1.5        36    1.1   0.0     9    40   400   431   393   434 0.89 -
9696:23411-25501     -            697 17309at4891          -            209   1.2e-27   94.1   0.3   2   2     6e-28   1.4e-26   90.6   0.1    18   172   461   635   455   657 0.81 -
8274:2342-3058       -            239 17309at4891          -            209   2.1e-27   93.3   0.4   1   1   1.4e-28   3.2e-27   92.7   0.4    10   172     3   188     1   231 0.79 -
9352:14667-17009     -            781 17309at4891          -            209   3.9e-27   92.4   0.1   1   1   8.1e-27   1.9e-25   86.9   0.1    39   173   545   707   483   731 0.76 -
9680:21437-22237     -            267 17309at4891          -            209   2.8e-26   89.6   0.0   1   1   1.6e-27   3.9e-26   89.2   0.0     5   171    19   206    15   235 0.77 -
8450:345-1649        -            435 17309at4891          -            209   4.7e-26   88.9   1.1   1   3   4.1e-10   9.6e-09   32.3   0.1     3    79    24   116    22   143 0.77 -
8450:345-1649        -            435 17309at4891          -            209   4.7e-26   88.9   1.1   2   3      0.06       1.4    5.7   0.0    97   110   170   183   163   191 0.88 -
8450:345-1649        -            435 17309at4891          -            209   4.7e-26   88.9   1.1   3   3   7.6e-15   1.8e-13   47.8   0.0   112   184   224   302   220   314 0.83 -
8068:741-1847        -            369 17309at4891          -            209   6.7e-26   88.4   0.6   1   2   4.3e-06    0.0001   19.2   0.3     7    84    21    99    16   113 0.83 -
8068:741-1847        -            369 17309at4891          -            209   6.7e-26   88.4   0.6   2   2   7.7e-21   1.8e-19   67.4   0.0    81   172   126   229   117   231 0.82 -
8772:6932-7705       -            258 17309at4891          -            209   2.5e-25   86.5   0.0   1   1   2.7e-26   6.4e-25   85.2   0.0     3   171     4   197     2   201 0.73 -
9370:13593-17402     -           1270 17309at4891          -            209     2e-24   83.6   1.0   1   1   1.1e-23   2.6e-22   76.7   1.0    10   171   986  1195   980  1209 0.68 -
9112:9860-10915      -            352 17309at4891          -            209   2.5e-24   83.3   0.0   1   2    0.0067      0.16    8.8   0.0     2    36    20    54    19    75 0.85 -
9112:9860-10915      -            352 17309at4891          -            209   2.5e-24   83.3   0.0   2   2   2.1e-22     5e-21   72.5   0.0    87   172   129   218   109   235 0.88 -
9026:3240-4322       -            361 17309at4891          -            209   3.2e-24   82.9   0.0   1   1   2.3e-25   5.5e-24   82.1   0.0     3   172   102   298   100   321 0.80 -
9648:180-2069        -            630 17309at4891          -            209     7e-24   81.8   0.2   1   1   6.1e-25   1.5e-23   80.8   0.2     5   167    53   242    50   263 0.80 -
9214:3531-4694       -            388 17309at4891          -            209   8.1e-24   81.6   0.0   1   2    0.0032     0.076    9.8   0.1     2    37    64    99    63   116 0.86 -
9214:3531-4694       -            388 17309at4891          -            209   8.1e-24   81.6   0.0   2   2   1.6e-21   3.7e-20   69.6   0.0    86   172   172   262   162   282 0.84 -
9022:9769-10653      -            295 17309at4891          -            209   1.1e-23   81.2   0.0   1   1   2.7e-24   6.5e-23   78.6   0.0     4   172     3   203     1   207 0.76 -
8018:2579-3376       -            266 17309at4891          -            209   1.2e-23   81.1   0.0   1   1   8.1e-25   1.9e-23   80.4   0.0     2   171     5   199     4   234 0.76 -
9724:42501-46928     -           1476 17309at4891          -            209   1.3e-23   81.0   0.5   1   1   3.6e-24   8.5e-23   78.3   0.5     9   171  1180  1377  1173  1392 0.72 -
8588:5598-6413       -            272 17309at4891          -            209   2.2e-23   80.2   0.0   1   1   1.6e-24   3.9e-23   79.4   0.0     3   171    11   204     9   221 0.73 -
9206:2109-6836       -           1576 17309at4891          -            209   2.6e-23   79.9   3.0   1   2   3.7e-17   8.8e-16   55.3   0.1    11   129  1273  1418  1267  1424 0.67 -
9206:2109-6836       -           1576 17309at4891          -            209   2.6e-23   79.9   3.0   2   2   1.7e-07     4e-06   23.8   0.0   124   171  1448  1497  1432  1520 0.81 -
7984:778-3069        -            764 17309at4891          -            209   9.2e-23   78.1   0.0   1   2    0.0048      0.11    9.2   0.1     2    49   350   396   349   420 0.84 -
7984:778-3069        -            764 17309at4891          -            209   9.2e-23   78.1   0.0   2   2   1.3e-20     3e-19   66.7   0.0    90   171   465   549   454   565 0.86 -
8384:242-1183        -            314 17309at4891          -            209   9.5e-23   78.1   0.2   1   1   1.9e-23   4.4e-22   75.9   0.2     5   171     9   215     5   218 0.71 -
9388:2420-3211       -            264 17309at4891          -            209   1.8e-22   77.2   0.1   1   2     0.007      0.17    8.7   0.0     2    41     3    42     2    52 0.89 -
9388:2420-3211       -            264 17309at4891          -            209   1.8e-22   77.2   0.1   2   2   1.4e-20   3.4e-19   66.5   0.0    82   172   118   211    98   254 0.76 -
7804:258-1562        -            435 17309at4891          -            209   5.8e-21   72.3   0.0   1   1   6.7e-22   1.6e-20   70.8   0.0    55   172    89   215    21   219 0.64 -
9082:7406-8569       -            388 17309at4891          -            209   1.1e-20   71.4   0.3   1   3       1.2        29    1.4   0.1     8    40     8    40     5    45 0.87 -
9082:7406-8569       -            388 17309at4891          -            209   1.1e-20   71.4   0.3   2   3   1.6e-20   3.9e-19   66.3   0.0    51   171   101   235    67   264 0.75 -
9082:7406-8569       -            388 17309at4891          -            209   1.1e-20   71.4   0.3   3   3       6.3   1.5e+02   -0.9   0.0   101   127   326   360   314   367 0.61 -
9666:20504-21955     -            484 17309at4891          -            209   1.3e-20   71.1   0.2   1   1   1.4e-21   3.2e-20   69.8   0.2     6   169   170   361   166   374 0.76 -
9516:8073-8876       -            268 17309at4891          -            209   1.9e-20   70.6   0.2   1   2      0.13         3    4.6   0.0     3    41     9    47     7    83 0.88 -
9516:8073-8876       -            268 17309at4891          -            209   1.9e-20   70.6   0.2   2   2   6.5e-20   1.5e-18   64.4   0.0    83   169   124   213   105   252 0.87 -
9688:6201-6989       -            263 17309at4891          -            209   2.4e-20   70.3   0.1   1   1   8.7e-21   2.1e-19   67.2   0.1    61   173    75   211     1   255 0.68 -
9538:10065-10994     -            310 17309at4891          -            209     3e-20   70.0   0.4   1   2     0.066       1.6    5.5   0.1     5    36     5    36     1    46 0.87 -
9538:10065-10994     -            310 17309at4891          -            209     3e-20   70.0   0.4   2   2     2e-19   4.7e-18   62.8   0.0    65   171   115   225    58   247 0.78 -
9138:9482-10486      -            335 17309at4891          -            209     7e-20   68.7   0.6   1   1   8.1e-20   1.9e-18   64.0   0.6    78   186   155   283    38   290 0.72 -
9404:2234-3256       -            341 17309at4891          -            209   9.7e-20   68.3   1.2   1   1   6.3e-19   1.5e-17   61.1   1.2     4   170    41   255    38   261 0.72 -
9680:14913-17372     -            820 17309at4891          -            209   1.6e-19   67.5   0.7   1   1   6.3e-20   1.5e-18   64.4   0.7     9   170   203   404   195   410 0.73 -
9494:7698-8528       -            277 17309at4891          -            209   1.9e-19   67.4   0.1   1   1     6e-20   1.4e-18   64.5   0.1    10   173     1   195     1   211 0.69 -
8804:3362-4279       -            306 17309at4891          -            209   2.5e-19   66.9   0.2   1   2    0.0096      0.23    8.3   0.1     5    40     5    40     1    61 0.79 -
8804:3362-4279       -            306 17309at4891          -            209   2.5e-19   66.9   0.2   2   2   1.4e-17   3.4e-16   56.7   0.0    77   184   105   219    89   245 0.83 -
9674:28087-29058     -            324 17309at4891          -            209   2.5e-19   66.9   0.0   1   2       1.5        36    1.1   0.0     8    49     3    49     1    61 0.72 -
9674:28087-29058     -            324 17309at4891          -            209   2.5e-19   66.9   0.0   2   2   1.1e-19   2.7e-18   63.5   0.0    81   172   106   202    88   215 0.86 -
9652:9845-11956      -            704 17309at4891          -            209   2.6e-19   66.9   0.0   1   1     2e-20   4.7e-19   66.0   0.0    27   172   109   279    97   289 0.76 -
9470:3000-4022       -            341 17309at4891          -            209   3.3e-19   66.5   1.1   1   1   9.7e-18   2.3e-16   57.3   1.1     4   170    24   241    21   245 0.74 -
8554:159-1031        -            291 17309at4891          -            209     4e-19   66.3   0.0   1   1   6.1e-20   1.5e-18   64.4   0.0     6   172     3   203     1   217 0.76 -
9548:337-1380        -            348 17309at4891          -            209   6.4e-19   65.6   0.0   1   1   9.8e-20   2.3e-18   63.8   0.0    19   172    44   221    10   244 0.70 -
9722:16235-17092     -            286 17309at4891          -            209   7.2e-19   65.4   0.1   1   1     2e-17   4.7e-16   56.2   0.1    33   172    46   219     1   248 0.66 -
9582:21971-22969     -            333 17309at4891          -            209     1e-18   64.9   0.0   1   1   2.1e-19   4.9e-18   62.7   0.0    40   171    60   211     9   230 0.77 -
9468:11302-12276     -            325 17309at4891          -            209   1.1e-18   64.8   0.1   1   2     0.013      0.32    7.8   0.1     7    75     8    82     5   107 0.74 -
9468:11302-12276     -            325 17309at4891          -            209   1.1e-18   64.8   0.1   2   2     6e-17   1.4e-15   54.7   0.0    80   172   110   215   104   228 0.81 -
9648:20903-21709     -            269 17309at4891          -            209   1.5e-18   64.4   0.1   1   1   4.6e-19   1.1e-17   61.6   0.1    32   172    48   216    18   263 0.70 -
9140:10766-11608     -            281 17309at4891          -            209   1.9e-18   64.1   0.1   1   1   1.7e-18     4e-17   59.7   0.1    11   172     2   194     1   213 0.66 -
9144:11649-12578     -            310 17309at4891          -            209   1.9e-18   64.1   0.3   1   2      0.11       2.6    4.8   0.0     6    37     6    37     2    48 0.86 -
9144:11649-12578     -            310 17309at4891          -            209   1.9e-18   64.1   0.3   2   2   8.6e-18     2e-16   57.4   0.1    59   171   100   225    57   259 0.78 -
9578:6054-6923       -            290 17309at4891          -            209   2.4e-18   63.7   0.0   1   1     2e-19   4.8e-18   62.7   0.0    65   173    89   202    73   232 0.88 -
9284:13564-14592     -            343 17309at4891          -            209   2.5e-18   63.6   0.0   1   1   2.2e-19   5.2e-18   62.6   0.0    57   171   115   242    83   251 0.77 -
9572:16580-17233     -            218 17309at4891          -            209   3.1e-18   63.4   0.6   1   1     1e-17   2.4e-16   57.2   0.6    11   169     2   199     1   203 0.60 -
9236:8838-9737       -            300 17309at4891          -            209   3.9e-18   63.0   0.1   1   1   3.2e-18   7.6e-17   58.8   0.1     2   169     8   205     7   211 0.72 -
9050:611-1576        -            322 17309at4891          -            209   4.2e-18   62.9   2.9   1   2     0.086         2    5.2   0.0     6    46     7    47     2    67 0.84 -
9050:611-1576        -            322 17309at4891          -            209   4.2e-18   62.9   2.9   2   2   8.9e-17   2.1e-15   54.1   0.9    75   168   150   261    93   266 0.72 -
9342:14110-15051     -            314 17309at4891          -            209     1e-17   61.6   3.8   1   2   0.00025     0.006   13.4   0.4     8    49     5    53     2    90 0.71 -
9342:14110-15051     -            314 17309at4891          -            209     1e-17   61.6   3.8   2   2   1.6e-14   3.7e-13   46.8   0.2    79   172   112   222   105   235 0.79 -
9650:24829-29790     -           1654 17309at4891          -            209   1.7e-17   60.9   0.4   1   3       0.3       7.2    3.4   0.0   138   172   438   474   430   507 0.82 -
9650:24829-29790     -           1654 17309at4891          -            209   1.7e-17   60.9   0.4   2   3     0.044       1.1    6.1   0.0     2    58   592   656   591   664 0.70 -
9650:24829-29790     -           1654 17309at4891          -            209   1.7e-17   60.9   0.4   3   3   2.8e-14   6.6e-13   46.0   0.1    62   188   779   939   770   951 0.68 -
9274:513-1736        -            408 17309at4891          -            209   3.3e-17   60.0   0.0   1   2     0.087       2.1    5.1   0.0     3    37    10    44     8    54 0.85 -
9274:513-1736        -            408 17309at4891          -            209   3.3e-17   60.0   0.0   2   2     3e-16   7.1e-15   52.4   0.0    72   173   130   244    91   266 0.82 -
9714:25935-26888     -            318 17309at4891          -            209     7e-17   58.9   0.0   1   1   5.2e-18   1.2e-16   58.1   0.0    19   172    41   217    11   225 0.73 -
9138:5514-8171       -            886 17309at4891          -            209   7.7e-17   58.8   0.1   1   3       1.8        43    0.8   0.1    23    75    46   102    15   112 0.58 -
9138:5514-8171       -            886 17309at4891          -            209   7.7e-17   58.8   0.1   2   3    0.0019     0.044   10.6   0.0    75   110   136   172   130   176 0.74 -
9138:5514-8171       -            886 17309at4891          -            209   7.7e-17   58.8   0.1   3   3   2.2e-13   5.2e-12   43.0   0.0   115   173   198   257   190   282 0.86 -
9574:22194-23423     -            410 17309at4891          -            209   1.2e-16   58.2   0.9   1   2   7.8e-12   1.8e-10   38.0   0.4     2   125    16   165    15   172 0.68 -
9574:22194-23423     -            410 17309at4891          -            209   1.2e-16   58.2   0.9   2   2   1.9e-05   0.00046   17.1   0.0   130   172   233   275   221   291 0.90 -
8666:1918-2913       -            332 17309at4891          -            209   1.9e-16   57.6   4.3   1   1   4.4e-13     1e-11   42.0   4.3    73   185   118   265     2   293 0.68 -
9022:791-1471        -            227 17309at4891          -            209   2.1e-16   57.4   3.2   1   1   9.3e-17   2.2e-15   54.0   1.8    46   168    38   175    15   182 0.70 -
9700:35509-36408     -            300 17309at4891          -            209   3.2e-16   56.8   0.0   1   1   1.9e-17   4.5e-16   56.3   0.0     8   169     5   194     1   200 0.70 -
8764:438-2084        -            549 17309at4891          -            209   3.6e-16   56.6   0.1   1   1     4e-17   9.4e-16   55.3   0.1    79   169   262   360   201   366 0.77 -
9000:1272-2168       -            299 17309at4891          -            209   6.6e-16   55.8   0.8   1   1   1.2e-15   2.8e-14   50.4   0.8    10   168    11   202     5   206 0.71 -
8710:5595-6479       -            295 17309at4891          -            209   7.3e-16   55.6   1.2   1   2   0.00074     0.017   11.9   0.1    79   109   119   147    59   150 0.77 -
8710:5595-6479       -            295 17309at4891          -            209   7.3e-16   55.6   1.2   2   2   5.5e-13   1.3e-11   41.7   0.0   113   172   175   234   172   249 0.95 -
9242:6452-8167       -            572 17309at4891          -            209   1.2e-15   54.9   0.1   1   2   2.4e-09   5.7e-08   29.8   0.0     2   126   175   325   174   335 0.61 -
9242:6452-8167       -            572 17309at4891          -            209   1.2e-15   54.9   0.1   2   2   6.9e-07   1.6e-05   21.8   0.0   130   171   371   412   361   416 0.90 -
8850:3013-4704       -            564 17309at4891          -            209   4.3e-15   53.1   0.1   1   2   9.2e-09   2.2e-07   27.9   0.0     2   125   167   316   166   327 0.64 -
8850:3013-4704       -            564 17309at4891          -            209   4.3e-15   53.1   0.1   2   2   6.2e-07   1.5e-05   21.9   0.0   130   170   363   403   353   407 0.89 -
9168:5060-6598       -            513 17309at4891          -            209   5.1e-15   52.9   1.2   1   2   7.8e-07   1.8e-05   21.6   0.4    83   111   308   338   201   343 0.88 -
9168:5060-6598       -            513 17309at4891          -            209   5.1e-15   52.9   1.2   2   2   3.5e-09   8.4e-08   29.3   0.0   114   171   360   418   355   423 0.91 -
9344:12609-14093     -            495 17309at4891          -            209   7.1e-15   52.4   0.0   1   2   5.7e-10   1.3e-08   31.9   0.0    56   125    74   154     4   159 0.71 -
9344:12609-14093     -            495 17309at4891          -            209   7.1e-15   52.4   0.0   2   2   9.8e-06   0.00023   18.0   0.0   132   172   357   398   344   403 0.88 -
9376:4767-5852       -            362 17309at4891          -            209   7.7e-15   52.3   0.0   1   1   4.7e-16   1.1e-14   51.7   0.0    57   172    87   219    34   251 0.74 -
9598:11083-11721     -            213 17309at4891          -            209   1.5e-14   51.3   0.3   1   1   3.2e-13   7.6e-12   42.5   0.3    52   150    60   176     1   213 0.65 -
9576:4640-5464       -            275 17309at4891          -            209     2e-14   50.9   0.1   1   1   1.5e-15   3.5e-14   50.1   0.1     9   177    16   216     9   230 0.74 -
9316:14764-15318     -            185 17309at4891          -            209     2e-14   50.9   0.2   1   1   1.3e-15   3.1e-14   50.3   0.2    54   169    42   174     6   183 0.71 -
9270:5360-6181       -            274 17309at4891          -            209   2.3e-14   50.7   0.0   1   1   1.5e-15   3.5e-14   50.1   0.0    27   170    42   203    11   206 0.71 -
9556:876-1871        -            332 17309at4891          -            209   5.9e-14   49.4   0.1   1   2    0.0068      0.16    8.7   0.0    81   110   145   172    94   176 0.79 -
9556:876-1871        -            332 17309at4891          -            209   5.9e-14   49.4   0.1   2   2   5.8e-12   1.4e-10   38.4   0.1   113   172   209   268   206   285 0.93 -
9396:10785-11381     -            199 17309at4891          -            209   1.3e-13   48.2   1.2   1   1   3.9e-14   9.3e-13   45.5   1.2    10   164     1   188     1   195 0.62 -
9500:730-1611        -            294 17309at4891          -            209   2.5e-13   47.3   0.0   1   1   3.8e-14   8.9e-13   45.5   0.0    61   168    95   231    83   237 0.65 -
8386:2346-3074       -            243 17309at4891          -            209   3.2e-13   47.0   0.0   1   2      0.85        20    1.9   0.0    52    94     8    50     4    57 0.80 -
8386:2346-3074       -            243 17309at4891          -            209   3.2e-13   47.0   0.0   2   2   2.4e-13   5.6e-12   42.9   0.0    85   171    72   168    63   176 0.85 -
8586:248-1081        -            278 17309at4891          -            209   4.3e-13   46.5   0.0   1   1   3.1e-14   7.4e-13   45.8   0.0     8   181    20   225    13   256 0.70 -
9220:10894-11814     -            307 17309at4891          -            209   1.2e-12   45.1   0.1   1   1   7.6e-14   1.8e-12   44.5   0.1    80   170   123   219    48   222 0.74 -
8194:3006-3602       -            199 17309at4891          -            209   1.4e-12   44.9   0.0   1   1   1.1e-13   2.5e-12   44.0   0.0    81   167    31   135     1   141 0.66 -
7822:341-1144        -            268 17309at4891          -            209   2.1e-12   44.3   0.0   1   1   1.3e-13     3e-12   43.8   0.0    57   171    73   205    40   208 0.74 -
9288:6241-7161       -            307 17309at4891          -            209   3.5e-12   43.6   0.1   1   1   6.8e-12   1.6e-10   38.2   0.0    96   172   119   213   101   268 0.75 -
7948:472-1854        -            461 17309at4891          -            209   5.4e-12   43.0   0.9   1   2      0.62        15    2.3   0.0    24    64   183   227   174   238 0.75 -
7948:472-1854        -            461 17309at4891          -            209   5.4e-12   43.0   0.9   2   2   3.3e-11   7.7e-10   35.9   0.3    78   168   273   383   231   387 0.79 -
9336:5762-6706       -            315 17309at4891          -            209   5.6e-12   42.9   0.1   1   1   4.4e-13     1e-11   42.0   0.1    80   168   155   261   125   293 0.73 -
9708:2183-3157       -            325 17309at4891          -            209   7.1e-12   42.6   0.0   1   1   5.4e-13   1.3e-11   41.8   0.0    86   171   158   253   145   256 0.84 -
9660:6627-7220       -            198 17309at4891          -            209   7.3e-12   42.5   0.4   1   2       5.6   1.3e+02   -0.8   0.0    10    33     5    28     2    69 0.78 -
9660:6627-7220       -            198 17309at4891          -            209   7.3e-12   42.5   0.4   2   2     8e-13   1.9e-11   41.2   0.1    84   163   105   194    53   198 0.72 -
8798:2318-3331       -            338 17309at4891          -            209   1.7e-11   41.3   0.0   1   2      0.92        22    1.8   0.0    10    37    17    44     9    89 0.79 -
8798:2318-3331       -            338 17309at4891          -            209   1.7e-11   41.3   0.0   2   2   3.3e-11   7.8e-10   35.9   0.0    80   168   159   271   148   277 0.71 -
9288:1887-2741       -            285 17309at4891          -            209   2.2e-11   41.0   0.5   1   1   5.2e-12   1.2e-10   38.5   0.5    57   167    84   210    11   215 0.71 -
9724:16735-17796     -            354 17309at4891          -            209   3.4e-11   40.4   1.4   1   1     6e-11   1.4e-09   35.1   0.4    76   168   133   246    47   280 0.75 -
9502:2145-3251       -            369 17309at4891          -            209   4.2e-11   40.1   0.1   1   1     3e-12   7.2e-11   39.3   0.1    85   165   140   237   125   250 0.76 -
8492:4616-5878       -            421 17309at4891          -            209   6.2e-11   39.5   0.0   1   1   6.3e-11   1.5e-09   35.0   0.0    83   166   221   328   207   336 0.70 -
8460:1970-2827       -            286 17309at4891          -            209   6.9e-10   36.1   0.2   1   1     6e-11   1.4e-09   35.1   0.2     6   168     5   190     1   196 0.72 -
9018:8533-10704      -            724 17309at4891          -            209   7.6e-10   36.0   0.0   1   3       2.7        64    0.3   0.0    10    53   311   359   305   386 0.64 -
9018:8533-10704      -            724 17309at4891          -            209   7.6e-10   36.0   0.0   2   3    0.0022     0.052   10.3   0.0    80   113   409   444   392   450 0.85 -
9018:8533-10704      -            724 17309at4891          -            209   7.6e-10   36.0   0.0   3   3   1.2e-06   2.8e-05   21.0   0.0   113   173   476   535   463   572 0.73 -
9508:1626-2423       -            266 17309at4891          -            209   8.5e-10   35.8   0.1   1   1   4.7e-11   1.1e-09   35.4   0.1    83   168    69   159    26   209 0.83 -
7674:805-1767        -            321 17309at4891          -            209   8.6e-09   32.5   4.6   1   3     0.061       1.4    5.6   0.3     7    58    10    59     5    86 0.68 -
7674:805-1767        -            321 17309at4891          -            209   8.6e-09   32.5   4.6   2   3   0.00016    0.0038   14.1   0.3    52   110    87   157    55   163 0.63 -
7674:805-1767        -            321 17309at4891          -            209   8.6e-09   32.5   4.6   3   3    0.0011     0.026   11.4   0.0   115   168   184   254   179   261 0.64 -
8416:2551-3603       -            351 17309at4891          -            209   1.9e-08   31.4   0.0   1   2   6.1e-09   1.4e-07   28.5   0.0    86   124   113   153    88   182 0.88 -
8416:2551-3603       -            351 17309at4891          -            209   1.9e-08   31.4   0.0   2   2       4.1        96   -0.3   0.0   143   168   193   218   187   223 0.86 -
9280:3099-4592       -            498 17309at4891          -            209   2.2e-08   31.2   0.0   1   2   2.7e-06   6.5e-05   19.8   0.0    79   126   131   181   108   194 0.84 -
9280:3099-4592       -            498 17309at4891          -            209   2.2e-08   31.2   0.0   2   2    0.0097      0.23    8.3   0.0   136   168   272   305   265   316 0.85 -
7548:67-747          -            227 17309at4891          -            209     3e-08   30.7   0.0   1   1   2.4e-09   5.6e-08   29.9   0.0    83   171   102   204    85   209 0.78 -
8626:1051-1599       -            183 17309at4891          -            209   2.1e-07   28.0   0.0   1   1   1.4e-08   3.4e-07   27.3   0.0    86   124    31    71    16    80 0.81 -
9574:11971-12594     -            208 17309at4891          -            209     3e-06   24.2   0.0   1   1     2e-07   4.7e-06   23.6   0.0    77   170    94   203    84   206 0.74 -
9708:4262-6904       -            881 17309at4891          -            209   3.2e-06   24.1   0.2   1   2   1.2e-05   0.00028   17.8   0.0    83   126   526   576   513   588 0.80 -
9708:4262-6904       -            881 17309at4891          -            209   3.2e-06   24.1   0.2   2   2      0.26       6.1    3.6   0.0   154   171   792   809   787   812 0.89 -
9532:12469-14466     -            666 17309at4891          -            209   3.6e-06   23.9   0.1   1   3     0.053       1.3    5.8   0.0     6    41   175   213   171   238 0.76 -
9532:12469-14466     -            666 17309at4891          -            209   3.6e-06   23.9   0.1   2   3    0.0031     0.074    9.9   0.0    82   109   329   358   322   363 0.82 -
9532:12469-14466     -            666 17309at4891          -            209   3.6e-06   23.9   0.1   3   3      0.18       4.3    4.1   0.0   139   182   427   475   418   482 0.69 -
9250:1334-1957       -            208 17309at4891          -            209   3.8e-06   23.9   0.0   1   1   2.7e-07   6.4e-06   23.1   0.0    77   169    94   202    84   205 0.74 -
8796:1455-1940       -            162 17309at4891          -            209   3.8e-06   23.9   0.4   1   2       1.2        27    1.5   0.0     7    39    21    53    16    73 0.83 -
8796:1455-1940       -            162 17309at4891          -            209   3.8e-06   23.9   0.4   2   2   1.5e-06   3.5e-05   20.7   0.2    77   109   127   162    83   162 0.86 -
8766:2416-3300       -            295 17309at4891          -            209   2.8e-05   21.1   0.1   1   1   6.7e-06   0.00016   18.6   0.0    98   170   151   237   145   241 0.71 -
8796:234-743         -            170 17309at4891          -            209   0.00021   18.2   0.0   1   1   1.3e-05   0.00031   17.6   0.0   115   171     7    62     3    65 0.82 -
9316:2356-5388       -           1011 17309at4891          -            209   0.00024   18.0   0.1   1   1   3.6e-05   0.00085   16.2   0.1    85   114   678   709   570   761 0.83 -
9390:2655-7010       -           1452 17309at4891          -            209   0.00041   17.2   0.0   1   1   8.2e-05    0.0019   15.0   0.0    80   172   124   239   118   252 0.70 -
8836:7701-8510       -            270 17309at4891          -            209    0.0041   14.0   0.0   1   2     0.022      0.53    7.1   0.0    95   111   131   147   101   163 0.76 -
8836:7701-8510       -            270 17309at4891          -            209    0.0041   14.0   0.0   2   2      0.12       2.8    4.7   0.0   133   170   199   236   167   240 0.81 -
9678:8748-11114      -            789 17309at4891          -            209    0.0097   12.7   0.0   1   1    0.0045      0.11    9.3   0.0    81   171   150   257   137   260 0.65 -
#
# Program:         hmmsearch
# Version:         3.1b2 (February 2015)
# Pipeline mode:   SEARCH
# Query file:      /home/jj/Desktop/Bioinformatics/3rd_year/1term/Computational_genomics/Seminars/exercise_04/busco_downloads/lineages/saccharomycetes_odb10/hmms/17309at4891.hmm
# Target file:     /home/jj/Desktop/Bioinformatics/3rd_year/1term/Computational_genomics/Seminars/exercise_04/./busco/SRR6130428/SRR6130428_k63_contigs/run_saccharomycetes_odb10/metaeuk_output/initial_results/SRR6130428_k63_graph.contig.fa.modified.fas
# Option settings: hmmsearch --domtblout /home/jj/Desktop/Bioinformatics/3rd_year/1term/Computational_genomics/Seminars/exercise_04/./busco/SRR6130428/SRR6130428_k63_contigs/run_saccharomycetes_odb10/hmmer_output/initial_run_results/17309at4891.out --cpu 1 /home/jj/Desktop/Bioinformatics/3rd_year/1term/Computational_genomics/Seminars/exercise_04/busco_downloads/lineages/saccharomycetes_odb10/hmms/17309at4891.hmm /home/jj/Desktop/Bioinformatics/3rd_year/1term/Computational_genomics/Seminars/exercise_04/./busco/SRR6130428/SRR6130428_k63_contigs/run_saccharomycetes_odb10/metaeuk_output/initial_results/SRR6130428_k63_graph.contig.fa.modified.fas 
# Current dir:     /home/jj/Desktop/Bioinformatics/3rd_year/1term/Computational_genomics/Seminars/exercise_04
# Date:            Tue Nov  5 18:37:43 2024
# [ok]
