#                                                                            --- full sequence --- -------------- this domain -------------   hmm coord   ali coord   env coord
# target name        accession   tlen query name           accession   qlen   E-value  score  bias   #  of  c-Evalue  i-Evalue  score  bias  from    to  from    to  from    to  acc description of target
#------------------- ---------- ----- -------------------- ---------- ----- --------- ------ ----- --- --- --------- --------- ------ ----- ----- ----- ----- ----- ----- ----- ---- ---------------------
8494:4772-5887       -            372 18416at4891          -            260  1.1e-109  363.4  16.5   1   4     9e-63   3.9e-61  204.3   0.9     1   128     1   143     1   148 0.93 -
8494:4772-5887       -            372 18416at4891          -            260  1.1e-109  363.4  16.5   2   4   2.6e-23   1.1e-21   75.0   0.1   127   196   174   260   161   273 0.81 -
8494:4772-5887       -            372 18416at4891          -            260  1.1e-109  363.4  16.5   3   4   4.5e-15   1.9e-13   48.0   0.1   189   229   273   315   268   325 0.88 -
8494:4772-5887       -            372 18416at4891          -            260  1.1e-109  363.4  16.5   4   4   1.4e-13     6e-12   43.1   1.7   227   259   339   372   320   372 0.85 -
8436:656-1654        -            333 18416at4891          -            260   1.2e-23   81.5  13.4   1   5   8.5e-05    0.0037   14.3   0.2   200   256     6    59     1    63 0.61 -
8436:656-1654        -            333 18416at4891          -            260   1.2e-23   81.5  13.4   2   5   1.8e-07   7.8e-06   23.1   0.3   172   228    69   125    65   148 0.88 -
8436:656-1654        -            333 18416at4891          -            260   1.2e-23   81.5  13.4   3   5   1.2e-07   5.3e-06   23.6   0.0   162   233   182   255   172   258 0.86 -
8436:656-1654        -            333 18416at4891          -            260   1.2e-23   81.5  13.4   4   5     3e-08   1.3e-06   25.6   0.2   178   231   241   295   241   300 0.88 -
8436:656-1654        -            333 18416at4891          -            260   1.2e-23   81.5  13.4   5   5    0.0016     0.068   10.1   0.1    89   119   302   332   297   333 0.93 -
9618:271-3099        -            943 18416at4891          -            260   2.6e-20   70.5  11.2   1   6     2e-05   0.00088   16.3   0.0   169   226    91   149    73   154 0.83 -
9618:271-3099        -            943 18416at4891          -            260   2.6e-20   70.5  11.2   2   6   0.00088     0.038   11.0   0.2    61   120   173   231   150   238 0.80 -
9618:271-3099        -            943 18416at4891          -            260   2.6e-20   70.5  11.2   3   6       0.9        39    1.1   0.0   198   229   391   421   380   440 0.48 -
9618:271-3099        -            943 18416at4891          -            260   2.6e-20   70.5  11.2   4   6    0.0027      0.12    9.4   0.0    66   122   446   504   442   512 0.81 -
9618:271-3099        -            943 18416at4891          -            260   2.6e-20   70.5  11.2   5   6   1.7e-08   7.5e-07   26.4   0.1   159   231   576   648   563   651 0.86 -
9618:271-3099        -            943 18416at4891          -            260   2.6e-20   70.5  11.2   6   6    0.0071      0.31    8.0   0.1    84   123   650   689   645   694 0.71 -
9674:12257-13606     -            450 18416at4891          -            260   3.5e-20   70.1   2.9   1   4       1.2        54    0.7   0.0   200   228    80   108    57   119 0.70 -
9674:12257-13606     -            450 18416at4891          -            260   3.5e-20   70.1   2.9   2   4   1.4e-07   5.9e-06   23.5   1.7   150   227   116   191    85   207 0.71 -
9674:12257-13606     -            450 18416at4891          -            260   3.5e-20   70.1   2.9   3   4   3.3e-07   1.4e-05   22.2   0.0   158   227   206   276   200   288 0.84 -
9674:12257-13606     -            450 18416at4891          -            260   3.5e-20   70.1   2.9   4   4   1.3e-06   5.6e-05   20.3   0.0    53   122   293   366   279   368 0.85 -
9078:8616-9581       -            322 18416at4891          -            260   1.1e-19   68.4  15.8   1   6   9.3e-11     4e-09   33.9   0.1   168   229    20    86    13    96 0.83 -
9078:8616-9581       -            322 18416at4891          -            260   1.1e-19   68.4  15.8   2   6   0.00084     0.036   11.1   0.0   192   228    98   134    90   142 0.84 -
9078:8616-9581       -            322 18416at4891          -            260   1.1e-19   68.4  15.8   3   6     2e-08   8.4e-07   26.2   1.6   190   254   142   204   138   209 0.88 -
9078:8616-9581       -            322 18416at4891          -            260   1.1e-19   68.4  15.8   4   6     0.045       1.9    5.4   0.2    84   120   187   225   180   230 0.83 -
9078:8616-9581       -            322 18416at4891          -            260   1.1e-19   68.4  15.8   5   6      0.29        13    2.7   0.2   229   256   246   270   210   275 0.50 -
9078:8616-9581       -            322 18416at4891          -            260   1.1e-19   68.4  15.8   6   6       5.8   2.5e+02   -1.5   0.0    55   181   298   318   288   322 0.60 -
9680:19363-20697     -            445 18416at4891          -            260   3.3e-19   66.9   3.1   1   3   6.8e-09   2.9e-07   27.7   0.2   172   232   149   210   136   224 0.88 -
9680:19363-20697     -            445 18416at4891          -            260   3.3e-19   66.9   3.1   2   3   5.2e-11   2.3e-09   34.7   0.1   171   226   232   288   225   328 0.94 -
9680:19363-20697     -            445 18416at4891          -            260   3.3e-19   66.9   3.1   3   3      0.22       9.5    3.1   0.0    89   122   391   424   329   430 0.68 -
9346:13077-16673     -           1199 18416at4891          -            260   4.4e-19   66.5   3.5   1   2   9.7e-07   4.2e-05   20.7   0.0   165   249    20   100     4   109 0.77 -
9346:13077-16673     -           1199 18416at4891          -            260   4.4e-19   66.5   3.5   2   2   1.5e-13   6.4e-12   43.0   1.7    65   227   110   282   104   293 0.83 -
9126:8755-11505      -            917 18416at4891          -            260   1.8e-18   64.5   7.9   1   4       1.6        70    0.3   0.0    73   126    36    91    21   124 0.73 -
9126:8755-11505      -            917 18416at4891          -            260   1.8e-18   64.5   7.9   2   4    0.0011     0.048   10.7   0.8   195   235   143   183   130   220 0.73 -
9126:8755-11505      -            917 18416at4891          -            260   1.8e-18   64.5   7.9   3   4   1.4e-10   5.8e-09   33.3   0.1    49   122   345   418   306   427 0.84 -
9126:8755-11505      -            917 18416at4891          -            260   1.8e-18   64.5   7.9   4   4     2e-06   8.6e-05   19.6   0.0   169   226   442   501   425   507 0.85 -
9670:4414-5802       -            463 18416at4891          -            260   4.9e-18   63.1   1.3   1   5       1.3        57    0.6   0.0    55    78   223   246   195   251 0.81 -
9670:4414-5802       -            463 18416at4891          -            260   4.9e-18   63.1   1.3   2   5   5.8e-05    0.0025   14.8   0.1   192   234   258   301   254   309 0.88 -
9670:4414-5802       -            463 18416at4891          -            260   4.9e-18   63.1   1.3   3   5   0.00019    0.0081   13.2   0.0   170   209   319   359   305   362 0.86 -
9670:4414-5802       -            463 18416at4891          -            260   4.9e-18   63.1   1.3   4   5     5e-07   2.1e-05   21.6   0.0   172   226   363   422   359   428 0.86 -
9670:4414-5802       -            463 18416at4891          -            260   4.9e-18   63.1   1.3   5   5     0.027       1.2    6.1   0.1    87   118   432   463   424   463 0.90 -
9636:17731-18642     -            304 18416at4891          -            260   7.8e-18   62.4   6.8   1   5      0.83        36    1.2   0.0   212   226     5    19     2    34 0.63 -
9636:17731-18642     -            304 18416at4891          -            260   7.8e-18   62.4   6.8   2   5   1.6e-10     7e-09   33.1   0.0    60   124    42   109    28   112 0.87 -
9636:17731-18642     -            304 18416at4891          -            260   7.8e-18   62.4   6.8   3   5   9.8e-07   4.2e-05   20.7   0.0   181   226   100   145    99   163 0.94 -
9636:17731-18642     -            304 18416at4891          -            260   7.8e-18   62.4   6.8   4   5   0.00042     0.018   12.0   1.0   188   232   198   241   169   260 0.73 -
9636:17731-18642     -            304 18416at4891          -            260   7.8e-18   62.4   6.8   5   5     0.019      0.84    6.6   0.1   195   233   248   286   237   292 0.62 -
9676:28964-31411     -            816 18416at4891          -            260   1.8e-17   61.2   7.2   1   4    0.0031      0.13    9.2   0.1    66   128   118   186   109   193 0.74 -
9676:28964-31411     -            816 18416at4891          -            260   1.8e-17   61.2   7.2   2   4       2.8   1.2e+02   -0.5   0.0   157   189   196   228   191   239 0.76 -
9676:28964-31411     -            816 18416at4891          -            260   1.8e-17   61.2   7.2   3   4     5e-07   2.2e-05   21.6   0.4   106   231   403   524   379   537 0.63 -
9676:28964-31411     -            816 18416at4891          -            260   1.8e-17   61.2   7.2   4   4   3.2e-09   1.4e-07   28.8   0.2    51   128   535   613   525   652 0.62 -
9508:19799-20617     -            273 18416at4891          -            260   1.5e-16   58.1   3.3   1   3   0.00025     0.011   12.8   0.0   174   228     1    54     1    62 0.85 -
9508:19799-20617     -            273 18416at4891          -            260   1.5e-16   58.1   3.3   2   3     3e-09   1.3e-07   28.9   0.8   152   226    62   133    53   143 0.86 -
9508:19799-20617     -            273 18416at4891          -            260   1.5e-16   58.1   3.3   3   3     4e-05    0.0017   15.4   0.0   143   226   181   262   161   271 0.77 -
9542:4562-5380       -            273 18416at4891          -            260   3.1e-16   57.2   2.5   1   3   9.8e-06   0.00042   17.4   0.1   109   217     4   126     1   140 0.68 -
9542:4562-5380       -            273 18416at4891          -            260   3.1e-16   57.2   2.5   2   3   2.6e-07   1.1e-05   22.6   0.0   159   217   155   215   142   218 0.89 -
9542:4562-5380       -            273 18416at4891          -            260   3.1e-16   57.2   2.5   3   3   2.7e-06   0.00012   19.2   0.1   170   226   210   269   207   272 0.84 -
9676:9212-10057      -            282 18416at4891          -            260   4.1e-16   56.8   2.9   1   3     1e-07   4.5e-06   23.9   0.0   167   229    12    79     3    86 0.81 -
9676:9212-10057      -            282 18416at4891          -            260   4.1e-16   56.8   2.9   2   3     0.057       2.5    5.0   0.1   191   224    85   120    79   128 0.74 -
9676:9212-10057      -            282 18416at4891          -            260   4.1e-16   56.8   2.9   3   3     2e-08   8.7e-07   26.2   0.1   171   228   165   230   154   234 0.78 -
8478:1944-3398       -            485 18416at4891          -            260   1.1e-15   55.4   7.0   1   4     0.032       1.4    5.9   0.1    48   121    66   151    58   207 0.73 -
8478:1944-3398       -            485 18416at4891          -            260   1.1e-15   55.4   7.0   2   4   3.1e-06   0.00013   19.0   0.0   150   211   213   274   199   280 0.88 -
8478:1944-3398       -            485 18416at4891          -            260   1.1e-15   55.4   7.0   3   4   5.2e-08   2.3e-06   24.8   0.1   157   229   262   336   259   341 0.90 -
8478:1944-3398       -            485 18416at4891          -            260   1.1e-15   55.4   7.0   4   4    0.0018     0.077   10.0   0.1    89   121   346   378   339   388 0.86 -
9128:10043-12433     -            797 18416at4891          -            260   2.8e-14   50.7   3.4   1   3     7e-08     3e-06   24.4   1.5    86   229   461   598   450   602 0.74 -
9128:10043-12433     -            797 18416at4891          -            260   2.8e-14   50.7   3.4   2   3   9.8e-05    0.0043   14.1   0.1   172   226   582   637   579   654 0.89 -
9128:10043-12433     -            797 18416at4891          -            260   2.8e-14   50.7   3.4   3   3   3.8e-05    0.0016   15.5   0.0   172   228   666   724   662   748 0.86 -
8822:7585-8277       -            231 18416at4891          -            260   5.3e-14   49.8   0.1   1   4     7e-09     3e-07   27.7   0.0   171   226    12    68     8    71 0.92 -
8822:7585-8277       -            231 18416at4891          -            260   5.3e-14   49.8   0.1   2   4   8.6e-07   3.7e-05   20.8   0.0   172   230    55   113    53   123 0.86 -
8822:7585-8277       -            231 18416at4891          -            260   5.3e-14   49.8   0.1   3   4    0.0044      0.19    8.7   0.0    89   122   129   162   123   168 0.88 -
8822:7585-8277       -            231 18416at4891          -            260   5.3e-14   49.8   0.1   4   4      0.68        30    1.5   0.0    87   121   181   215   174   227 0.70 -
9534:20058-21434     -            459 18416at4891          -            260   5.5e-13   46.5   1.8   1   4   5.1e-06   0.00022   18.3   0.0   171   232   117   177   107   184 0.89 -
9534:20058-21434     -            459 18416at4891          -            260   5.5e-13   46.5   1.8   2   4     0.002     0.087    9.8   0.0   177   233   189   242   178   248 0.82 -
9534:20058-21434     -            459 18416at4891          -            260   5.5e-13   46.5   1.8   3   4      0.75        32    1.4   0.0   187   226   276   316   247   318 0.68 -
9534:20058-21434     -            459 18416at4891          -            260   5.5e-13   46.5   1.8   4   4   0.00018    0.0079   13.2   0.2   148   228   321   406   304   435 0.78 -
9068:1225-2790       -            522 18416at4891          -            260   1.3e-12   45.3   0.0   1   1   9.6e-14   4.2e-12   43.6   0.0    52   226   246   423   236   435 0.79 -
8974:7891-10245      -            785 18416at4891          -            260   1.6e-12   45.0   8.3   1   7   0.00012    0.0053   13.8   0.1   170   226    27    87    12   110 0.61 -
8974:7891-10245      -            785 18416at4891          -            260   1.6e-12   45.0   8.3   2   7      0.38        16    2.4   0.0   169   209   114   154   100   162 0.83 -
8974:7891-10245      -            785 18416at4891          -            260   1.6e-12   45.0   8.3   3   7       1.7        75    0.2   0.0   170   188   219   237   177   248 0.73 -
8974:7891-10245      -            785 18416at4891          -            260   1.6e-12   45.0   8.3   4   7     0.057       2.5    5.0   0.2   194   234   277   317   255   339 0.78 -
8974:7891-10245      -            785 18416at4891          -            260   1.6e-12   45.0   8.3   5   7   0.00063     0.027   11.4   0.5    90   225   280   412   275   418 0.71 -
8974:7891-10245      -            785 18416at4891          -            260   1.6e-12   45.0   8.3   6   7      0.17       7.4    3.5   0.0   171   231   572   639   551   647 0.66 -
8974:7891-10245      -            785 18416at4891          -            260   1.6e-12   45.0   8.3   7   7    0.0054      0.23    8.4   0.1    87   125   649   689   640   717 0.78 -
9658:6665-7375       -            237 18416at4891          -            260   2.2e-12   44.6   1.2   1   3     0.074       3.2    4.7   0.0    64   112    11    58     2    68 0.68 -
9658:6665-7375       -            237 18416at4891          -            260   2.2e-12   44.6   1.2   2   3   7.4e-08   3.2e-06   24.3   0.1   154   226    78   153    71   165 0.80 -
9658:6665-7375       -            237 18416at4891          -            260   2.2e-12   44.6   1.2   3   3   0.00032     0.014   12.4   0.1   155   225   165   237   154   237 0.83 -
9208:2600-5119       -            840 18416at4891          -            260     4e-12   43.7   1.4   1   5     0.081       3.5    4.5   0.0    82   120     6    46     1    58 0.74 -
9208:2600-5119       -            840 18416at4891          -            260     4e-12   43.7   1.4   2   5      0.44        19    2.1   0.0   189   226    70   107    66   122 0.84 -
9208:2600-5119       -            840 18416at4891          -            260     4e-12   43.7   1.4   3   5   0.00068      0.03   11.3   0.1   192   228   131   167   125   172 0.89 -
9208:2600-5119       -            840 18416at4891          -            260     4e-12   43.7   1.4   4   5      0.02      0.86    6.5   0.0    84   130   172   218   168   233 0.74 -
9208:2600-5119       -            840 18416at4891          -            260     4e-12   43.7   1.4   5   5   0.00021    0.0093   13.0   0.0   163   230   319   388   312   392 0.78 -
9360:6122-9931       -           1270 18416at4891          -            260   5.1e-12   43.3   1.1   1   2   1.3e-06   5.4e-05   20.3   0.7    53   188    66   192    57   201 0.77 -
9360:6122-9931       -           1270 18416at4891          -            260   5.1e-12   43.3   1.1   2   2   2.8e-06   0.00012   19.2   0.0    53   148   213   321   207   343 0.62 -
9656:5267-6307       -            347 18416at4891          -            260   1.5e-11   41.8   4.2   1   4   1.8e-06   7.8e-05   19.8   1.1   167   228    20    87     5   103 0.70 -
9656:5267-6307       -            347 18416at4891          -            260   1.5e-11   41.8   4.2   2   4       5.7   2.5e+02   -1.5   0.0    47    79   106   139    94   196 0.69 -
9656:5267-6307       -            347 18416at4891          -            260   1.5e-11   41.8   4.2   3   4      0.46        20    2.1   0.0   185   211   199   225   165   246 0.61 -
9656:5267-6307       -            347 18416at4891          -            260   1.5e-11   41.8   4.2   4   4     7e-06    0.0003   17.9   0.1    84   122   297   335   286   346 0.86 -
9522:17732-18610     -            293 18416at4891          -            260   1.7e-11   41.6   0.0   1   3      0.17       7.3    3.5   0.0   159   187    19    45    12    56 0.69 -
9522:17732-18610     -            293 18416at4891          -            260   1.7e-11   41.6   0.0   2   3   1.1e-05   0.00049   17.2   0.0    83   206    68   189    59   193 0.79 -
9522:17732-18610     -            293 18416at4891          -            260   1.7e-11   41.6   0.0   3   3     6e-06   0.00026   18.1   0.0   166   206   188   228   183   252 0.89 -
8240:671-1900        -            410 18416at4891          -            260   1.7e-11   41.6   0.0   1   3   4.1e-09   1.8e-07   28.5   0.0   169   228   130   191   116   197 0.88 -
8240:671-1900        -            410 18416at4891          -            260   1.7e-11   41.6   0.0   2   3    0.0016     0.071   10.1   0.0    84   121   241   278   215   319 0.70 -
8240:671-1900        -            410 18416at4891          -            260   1.7e-11   41.6   0.0   3   3         9   3.9e+02   -2.2   0.0   172   216   353   399   348   405 0.63 -
9390:13413-15017     -            535 18416at4891          -            260   2.3e-11   41.2   2.9   1   3   2.5e-06   0.00011   19.3   0.2    48   226   219   387   215   388 0.87 -
9390:13413-15017     -            535 18416at4891          -            260   2.3e-11   41.2   2.9   2   3   4.5e-05    0.0019   15.2   0.1    86   132   396   441   390   448 0.88 -
9390:13413-15017     -            535 18416at4891          -            260   2.3e-11   41.2   2.9   3   3       9.6   4.1e+02   -2.2   0.0    48    66   505   522   499   532 0.68 -
9724:2093-15713      -            205 18416at4891          -            260   3.2e-11   40.7   0.7   1   3   9.7e-10   4.2e-08   30.5   0.1   107   226     2   118     1   121 0.84 -
9724:2093-15713      -            205 18416at4891          -            260   3.2e-11   40.7   0.7   2   3   3.4e-05    0.0015   15.6   0.1   166   206    99   139    96   166 0.83 -
9724:2093-15713      -            205 18416at4891          -            260   3.2e-11   40.7   0.7   3   3         1        44    1.0   0.1    61   119   141   199   134   202 0.68 -
9560:19431-20225     -            265 18416at4891          -            260   1.3e-10   38.7   0.3   1   3    0.0043      0.19    8.7   0.1   161   194     7    41     1    74 0.59 -
9560:19431-20225     -            265 18416at4891          -            260   1.3e-10   38.7   0.3   2   3   1.7e-06   7.4e-05   19.9   0.0   150   189    88   127    69   145 0.86 -
9560:19431-20225     -            265 18416at4891          -            260   1.3e-10   38.7   0.3   3   3     0.013      0.54    7.2   0.0    82   125   157   200   131   211 0.84 -
9312:6422-7318       -            299 18416at4891          -            260   1.8e-10   38.3   1.0   1   4      0.03       1.3    6.0   0.0   181   224    21    66    13    71 0.81 -
9312:6422-7318       -            299 18416at4891          -            260   1.8e-10   38.3   1.0   2   4   2.5e-07   1.1e-05   22.6   0.0    57   127    48   117    41   123 0.87 -
9312:6422-7318       -            299 18416at4891          -            260   1.8e-10   38.3   1.0   3   4    0.0026      0.11    9.4   0.0    86   134   118   167   115   180 0.77 -
9312:6422-7318       -            299 18416at4891          -            260   1.8e-10   38.3   1.0   4   4      0.01      0.45    7.5   0.0    69   121   143   204   134   215 0.58 -
9354:16449-16934     -            162 18416at4891          -            260   1.9e-10   38.2   0.5   1   3       0.9        39    1.1   0.0   194   226    14    47     6    57 0.76 -
9354:16449-16934     -            162 18416at4891          -            260   1.9e-10   38.2   0.5   2   3   0.00037     0.016   12.2   0.0    82   121    57    96    51   103 0.81 -
9354:16449-16934     -            162 18416at4891          -            260   1.9e-10   38.2   0.5   3   3   5.6e-07   2.4e-05   21.5   0.1    87   131   104   148    99   161 0.63 -
9120:7323-8150       -            276 18416at4891          -            260     4e-10   37.1   0.5   1   3     0.014      0.59    7.1   0.0    58   120    78   141    58   148 0.84 -
9120:7323-8150       -            276 18416at4891          -            260     4e-10   37.1   0.5   2   3       2.5   1.1e+02   -0.3   0.1   222   243   151   172   146   186 0.76 -
9120:7323-8150       -            276 18416at4891          -            260     4e-10   37.1   0.5   3   3   1.6e-08   7.1e-07   26.5   0.1   147   225   193   274   182   276 0.81 -
9716:9893-12037      -            715 18416at4891          -            260   6.4e-10   36.5   4.1   1   3     0.057       2.5    5.0   0.0   194   229     9    43     3    64 0.55 -
9716:9893-12037      -            715 18416at4891          -            260   6.4e-10   36.5   4.1   2   3   0.00012    0.0053   13.8   0.7   167   228   107   168   100   180 0.83 -
9716:9893-12037      -            715 18416at4891          -            260   6.4e-10   36.5   4.1   3   3   2.5e-05    0.0011   16.1   0.0    61   129   189   257   169   270 0.86 -
9656:28053-28895     -            281 18416at4891          -            260   1.1e-09   35.6   0.5   1   4      0.11       4.9    4.1   0.1    50   116    23    88     2    95 0.65 -
9656:28053-28895     -            281 18416at4891          -            260   1.1e-09   35.6   0.5   2   4      0.37        16    2.4   0.0    65    99    78   114    68   117 0.71 -
9656:28053-28895     -            281 18416at4891          -            260   1.1e-09   35.6   0.5   3   4   1.8e-07   7.7e-06   23.1   0.0   171   217   120   167   112   182 0.82 -
9656:28053-28895     -            281 18416at4891          -            260   1.1e-09   35.6   0.5   4   4      0.32        14    2.6   0.0   167   219   212   267   189   275 0.77 -
9694:17340-18719     -            460 18416at4891          -            260   1.7e-09   35.1   0.3   1   3      0.13       5.6    3.9   0.0   173   187    31    45     3   110 0.52 -
9694:17340-18719     -            460 18416at4891          -            260   1.7e-09   35.1   0.3   2   3   1.3e-07   5.7e-06   23.5   0.0    51   120   147   216   142   225 0.85 -
9694:17340-18719     -            460 18416at4891          -            260   1.7e-09   35.1   0.3   3   3      0.67        29    1.5   0.0   176   230   349   406   331   412 0.69 -
9456:1145-2410       -            422 18416at4891          -            260     2e-09   34.8   3.9   1   3    0.0032      0.14    9.2   0.1    78   227    79   121    36   139 0.60 -
9456:1145-2410       -            422 18416at4891          -            260     2e-09   34.8   3.9   2   3   0.00052     0.022   11.7   0.0   168   226   145   208   130   219 0.76 -
9456:1145-2410       -            422 18416at4891          -            260     2e-09   34.8   3.9   3   3   0.00091     0.039   10.9   0.2   159   226   352   419   235   422 0.63 -
9564:19094-20626     -            511 18416at4891          -            260   1.1e-08   32.4   1.4   1   2     5e-07   2.2e-05   21.6   0.2   160   225   325   394   281   405 0.81 -
9564:19094-20626     -            511 18416at4891          -            260   1.1e-08   32.4   1.4   2   2    0.0026      0.11    9.4   0.1   148   190   411   451   390   508 0.74 -
9046:295-1389        -            365 18416at4891          -            260   1.8e-08   31.7   1.6   1   3    0.0035      0.15    9.0   0.2   104   121    50    67    35    74 0.85 -
9046:295-1389        -            365 18416at4891          -            260   1.8e-08   31.7   1.6   2   3   1.6e-05   0.00067   16.7   0.0    64   143    94   178    86   190 0.58 -
9046:295-1389        -            365 18416at4891          -            260   1.8e-08   31.7   1.6   3   3      0.69        30    1.5   0.0    97   122   275   300   266   336 0.62 -
9112:7248-8249       -            334 18416at4891          -            260   1.8e-08   31.7   1.8   1   4      0.69        30    1.5   0.0   104   120     9    25     1    41 0.65 -
9112:7248-8249       -            334 18416at4891          -            260   1.8e-08   31.7   1.8   2   4   3.5e-08   1.5e-06   25.4   0.3    83   145    93   159    82   173 0.77 -
9112:7248-8249       -            334 18416at4891          -            260   1.8e-08   31.7   1.8   3   4       1.3        55    0.6   0.0   103   229   154   173   140   203 0.60 -
9112:7248-8249       -            334 18416at4891          -            260   1.8e-08   31.7   1.8   4   4         2        85    0.0   0.0    64    81   266   283   253   294 0.69 -
9602:2166-4220       -            685 18416at4891          -            260   1.9e-08   31.7   0.1   1   2     2e-06   8.5e-05   19.7   0.0   161   231     2    76     1    80 0.84 -
9602:2166-4220       -            685 18416at4891          -            260   1.9e-08   31.7   0.1   2   2   4.3e-06   0.00019   18.6   0.1   172   228    58   115    53   146 0.87 -
9248:1987-5412       -           1142 18416at4891          -            260     1e-07   29.3   7.5   1   4   0.00072     0.031   11.3   0.6   171   235    80   150    64   159 0.64 -
9248:1987-5412       -           1142 18416at4891          -            260     1e-07   29.3   7.5   2   4   5.6e-06   0.00024   18.2   0.3   159   226   113   182    93   185 0.87 -
9248:1987-5412       -           1142 18416at4891          -            260     1e-07   29.3   7.5   3   4   1.5e-06   6.4e-05   20.1   0.5   160   228   158   228   145   250 0.78 -
9248:1987-5412       -           1142 18416at4891          -            260     1e-07   29.3   7.5   4   4       7.6   3.3e+02   -1.9   0.0    79   101   285   307   272   340 0.63 -
9494:18928-19965     -            346 18416at4891          -            260   1.2e-07   29.0   0.4   1   3    0.0055      0.24    8.4   0.0   193   228     5    40     1    56 0.89 -
9494:18928-19965     -            346 18416at4891          -            260   1.2e-07   29.0   0.4   2   3    0.0018     0.078   10.0   0.0   161   215    57   110    47   118 0.71 -
9494:18928-19965     -            346 18416at4891          -            260   1.2e-07   29.0   0.4   3   3     0.011      0.46    7.4   0.1   153   222   149   220   120   232 0.77 -
9464:9138-11090      -            651 18416at4891          -            260   2.8e-07   27.8   0.1   1   4    0.0088      0.38    7.7   0.0   153   186    78   111    71   123 0.90 -
9464:9138-11090      -            651 18416at4891          -            260   2.8e-07   27.8   0.1   2   4    0.0099      0.43    7.5   0.0    81   121   130   171   124   180 0.64 -
9464:9138-11090      -            651 18416at4891          -            260   2.8e-07   27.8   0.1   3   4     0.014      0.63    7.0   0.0   165   218   190   245   174   262 0.77 -
9464:9138-11090      -            651 18416at4891          -            260   2.8e-07   27.8   0.1   4   4       2.6   1.1e+02   -0.4   0.0    59    88   285   317   269   340 0.70 -
9658:5110-5880       -            257 18416at4891          -            260   3.3e-07   27.6   0.0   1   2   8.8e-06   0.00038   17.5   0.0   160   227    33   101     5   106 0.88 -
9658:5110-5880       -            257 18416at4891          -            260   3.3e-07   27.6   0.0   2   2    0.0066      0.28    8.1   0.0   102   173   125   197   108   217 0.60 -
8886:5013-7346       -            778 18416at4891          -            260   7.9e-07   26.3   0.1   1   4      0.15       6.6    3.6   0.0   149   226   403   436   389   475 0.65 -
8886:5013-7346       -            778 18416at4891          -            260   7.9e-07   26.3   0.1   2   4      0.11       4.8    4.1   0.0   164   227   618   679   606   681 0.80 -
8886:5013-7346       -            778 18416at4891          -            260   7.9e-07   26.3   0.1   3   4     0.012      0.53    7.2   0.0    78   120   681   723   678   732 0.88 -
8886:5013-7346       -            778 18416at4891          -            260   7.9e-07   26.3   0.1   4   4     0.028       1.2    6.1   0.0   188   226   735   777   726   778 0.84 -
9726:3865-6666       -            934 18416at4891          -            260   9.9e-07   26.0   0.3   1   2    0.0002    0.0088   13.1   0.0    48   126   453   532   448   542 0.80 -
9726:3865-6666       -            934 18416at4891          -            260   9.9e-07   26.0   0.3   2   2    0.0028      0.12    9.3   0.1   172   226   553   608   534   618 0.82 -
9568:5000-6565       -            522 18416at4891          -            260   1.4e-06   25.5   0.0   1   1   2.1e-07     9e-06   22.9   0.0   153   230   330   422   237   428 0.71 -
9460:7157-8695       -            513 18416at4891          -            260   1.6e-06   25.4   0.2   1   2   4.3e-05    0.0018   15.3   0.0   156   226   124   197    30   203 0.63 -
9460:7157-8695       -            513 18416at4891          -            260   1.6e-06   25.4   0.2   2   2       0.2       8.8    3.2   0.0    72   121   232   287   218   296 0.52 -
8542:260-1981        -            574 18416at4891          -            260   3.7e-06   24.1   0.8   1   3   2.8e-06   0.00012   19.2   0.2   157   221   287   355   274   375 0.77 -
8542:260-1981        -            574 18416at4891          -            260   3.7e-06   24.1   0.8   2   3      0.82        35    1.3   0.0   157   194   332   369   318   398 0.80 -
8542:260-1981        -            574 18416at4891          -            260   3.7e-06   24.1   0.8   3   3       1.2        53    0.7   0.0   148   186   414   453   391   486 0.83 -
8856:366-1553        -            396 18416at4891          -            260   6.8e-06   23.3   0.2   1   3      0.15       6.3    3.7   0.0    88   120    13    43     3    55 0.80 -
8856:366-1553        -            396 18416at4891          -            260   6.8e-06   23.3   0.2   2   3       1.1        48    0.8   0.0   191   219   226   253   185   266 0.64 -
8856:366-1553        -            396 18416at4891          -            260   6.8e-06   23.3   0.2   3   3   6.6e-05    0.0029   14.7   0.1    89   131   289   332   280   349 0.85 -
9712:30400-31623     -            408 18416at4891          -            260   1.4e-05   22.2   2.4   1   2   6.1e-06   0.00027   18.0   1.3    82   226    37   171    33   180 0.79 -
9712:30400-31623     -            408 18416at4891          -            260   1.4e-05   22.2   2.4   2   2         3   1.3e+02   -0.6   0.0   171   187   310   326   289   337 0.63 -
9330:5451-8486       -           1012 18416at4891          -            260   1.6e-05   22.0   0.5   1   4    0.0034      0.15    9.0   0.0   172   226   152   207   148   210 0.86 -
9330:5451-8486       -           1012 18416at4891          -            260   1.6e-05   22.0   0.5   2   4   3.8e-07   1.6e-05   22.0   0.5   171   227   193   250   185   278 0.87 -
9330:5451-8486       -           1012 18416at4891          -            260   1.6e-05   22.0   0.5   3   4       5.2   2.2e+02   -1.4   0.0    66   119   681   738   660   746 0.61 -
9330:5451-8486       -           1012 18416at4891          -            260   1.6e-05   22.0   0.5   4   4       2.9   1.2e+02   -0.5   0.0    50    82   814   847   799   852 0.79 -
9578:20150-24055     -           1302 18416at4891          -            260   3.3e-05   21.0   0.2   1   1   4.3e-06   0.00018   18.6   0.5   126   201   191   268   174   288 0.68 -
9660:3304-3999       -            232 18416at4891          -            260   3.4e-05   21.0   5.8   1   2   4.5e-05    0.0019   15.2   3.7    65   223    16   166     4   172 0.60 -
9660:3304-3999       -            232 18416at4891          -            260   3.4e-05   21.0   5.8   2   2      0.81        35    1.3   0.0   105   118   218   231   199   232 0.73 -
8402:4018-5292       -            425 18416at4891          -            260     7e-05   19.9   0.3   1   2   0.00012     0.005   13.9   0.0   176   226    45   100    33   123 0.71 -
8402:4018-5292       -            425 18416at4891          -            260     7e-05   19.9   0.3   2   2      0.15       6.5    3.7   0.2    63   120   279   342   250   347 0.64 -
9712:23882-24859     -            326 18416at4891          -            260   8.2e-05   19.7   0.9   1   4      0.49        21    2.0   0.1    87   157    17    97     9   103 0.60 -
9712:23882-24859     -            326 18416at4891          -            260   8.2e-05   19.7   0.9   2   4   7.7e-05    0.0033   14.5   0.1   181   226    92   138    52   147 0.61 -
9712:23882-24859     -            326 18416at4891          -            260   8.2e-05   19.7   0.9   3   4       9.2     4e+02   -2.2   0.0    22    50   202   232   188   243 0.77 -
9712:23882-24859     -            326 18416at4891          -            260   8.2e-05   19.7   0.9   4   4       2.8   1.2e+02   -0.5   0.0   207   227   256   276   239   285 0.71 -
9606:18941-21196     -            752 18416at4891          -            260   0.00016   18.7   3.6   1   3    0.0035      0.15    9.0   0.3   168   219   225   277   110   290 0.70 -
9606:18941-21196     -            752 18416at4891          -            260   0.00016   18.7   3.6   2   3       0.8        34    1.3   0.0    92   125   351   385   303   412 0.66 -
9606:18941-21196     -            752 18416at4891          -            260   0.00016   18.7   3.6   3   3      0.91        39    1.1   0.0    56   119   508   571   489   579 0.84 -
9478:11439-12578     -            380 18416at4891          -            260   0.00025   18.2   0.1   1   3      0.25        11    2.9   0.0   162   205    65   108    53   124 0.73 -
9478:11439-12578     -            380 18416at4891          -            260   0.00025   18.2   0.1   2   3       1.7        75    0.2   0.0   152   188   188   226   173   229 0.78 -
9478:11439-12578     -            380 18416at4891          -            260   0.00025   18.2   0.1   3   3    0.0012     0.054   10.5   0.0   139   191   226   278   217   293 0.87 -
9362:15282-16085     -            268 18416at4891          -            260    0.0011   16.0   0.2   1   2      0.26        11    2.9   0.0    40    81    38    79     3   141 0.72 -
9362:15282-16085     -            268 18416at4891          -            260    0.0011   16.0   0.2   2   2   0.00075     0.033   11.2   0.0    47   122   142   219   131   234 0.77 -
9214:11957-12517     -            187 18416at4891          -            260    0.0014   15.7   0.1   1   2   0.00016     0.007   13.4   0.1   163   226     7    71     1    87 0.53 -
9214:11957-12517     -            187 18416at4891          -            260    0.0014   15.7   0.1   2   2       2.1        92   -0.1   0.0    62    79   165   183   151   186 0.62 -
7766:159-1877        -            573 18416at4891          -            260    0.0039   14.2   0.8   1   4       5.2   2.2e+02   -1.4   0.0    89   121   234   266   223   274 0.62 -
7766:159-1877        -            573 18416at4891          -            260    0.0039   14.2   0.8   2   4      0.06       2.6    5.0   0.1   149   226   273   350   256   360 0.82 -
7766:159-1877        -            573 18416at4891          -            260    0.0039   14.2   0.8   3   4       7.4   3.2e+02   -1.9   0.0   103   123   410   430   381   438 0.75 -
7766:159-1877        -            573 18416at4891          -            260    0.0039   14.2   0.8   4   4     0.045       1.9    5.4   0.1   104   121   485   502   476   510 0.86 -
9728:19013-20692     -            560 18416at4891          -            260      0.01   12.9   0.0   1   1   0.00051     0.022   11.7   0.0   169   225   156   215   149   225 0.79 -
#
# Program:         hmmsearch
# Version:         3.1b2 (February 2015)
# Pipeline mode:   SEARCH
# Query file:      /home/jj/Desktop/Bioinformatics/3rd_year/1term/Computational_genomics/Seminars/exercise_04/busco_downloads/lineages/saccharomycetes_odb10/hmms/18416at4891.hmm
# Target file:     /home/jj/Desktop/Bioinformatics/3rd_year/1term/Computational_genomics/Seminars/exercise_04/./busco/SRR6130428/SRR6130428_k63_contigs/run_saccharomycetes_odb10/metaeuk_output/initial_results/SRR6130428_k63_graph.contig.fa.modified.fas
# Option settings: hmmsearch --domtblout /home/jj/Desktop/Bioinformatics/3rd_year/1term/Computational_genomics/Seminars/exercise_04/./busco/SRR6130428/SRR6130428_k63_contigs/run_saccharomycetes_odb10/hmmer_output/initial_run_results/18416at4891.out --cpu 1 /home/jj/Desktop/Bioinformatics/3rd_year/1term/Computational_genomics/Seminars/exercise_04/busco_downloads/lineages/saccharomycetes_odb10/hmms/18416at4891.hmm /home/jj/Desktop/Bioinformatics/3rd_year/1term/Computational_genomics/Seminars/exercise_04/./busco/SRR6130428/SRR6130428_k63_contigs/run_saccharomycetes_odb10/metaeuk_output/initial_results/SRR6130428_k63_graph.contig.fa.modified.fas 
# Current dir:     /home/jj/Desktop/Bioinformatics/3rd_year/1term/Computational_genomics/Seminars/exercise_04
# Date:            Tue Nov  5 18:37:47 2024
# [ok]
