#                                                                            --- full sequence --- -------------- this domain -------------   hmm coord   ali coord   env coord
# target name        accession   tlen query name           accession   qlen   E-value  score  bias   #  of  c-Evalue  i-Evalue  score  bias  from    to  from    to  from    to  acc description of target
#------------------- ---------- ----- -------------------- ---------- ----- --------- ------ ----- --- --- --------- --------- ------ ----- ----- ----- ----- ----- ----- ----- ---- ---------------------
9038:3856-4851       -            332 18510at4891          -            246  1.6e-117  389.0  11.3   1   2   3.6e-69   2.9e-67  224.3   0.1     5   133     5   142     1   153 0.92 -
9038:3856-4851       -            332 18510at4891          -            246  1.6e-117  389.0  11.3   2   2   2.6e-47   2.1e-45  152.8   7.5   135   246   176   327   171   327 0.80 -
8734:5869-6846       -            326 18510at4891          -            246   1.8e-46  156.2   1.8   1   3   7.4e-30   5.8e-28   95.6   0.1    13   131    27   155    19   169 0.84 -
8734:5869-6846       -            326 18510at4891          -            246   1.8e-46  156.2   1.8   2   3   4.1e-13   3.2e-11   40.8   0.0    42   126   173   261   154   266 0.78 -
8734:5869-6846       -            326 18510at4891          -            246   1.8e-46  156.2   1.8   3   3   1.7e-09   1.3e-07   29.0   0.4   182   244   236   318   231   320 0.77 -
9260:13124-14104     -            327 18510at4891          -            246   1.9e-25   87.4   1.0   1   4     3e-06   0.00024   18.3   0.0    93   147    30    88    25    96 0.81 -
9260:13124-14104     -            327 18510at4891          -            246   1.9e-25   87.4   1.0   2   4   2.4e-05    0.0019   15.3   0.1   133   172    94   133    89   149 0.80 -
9260:13124-14104     -            327 18510at4891          -            246   1.9e-25   87.4   1.0   3   4   3.7e-08   2.9e-06   24.6   0.1    12    91   145   224   135   234 0.81 -
9260:13124-14104     -            327 18510at4891          -            246   1.9e-25   87.4   1.0   4   4   1.2e-08   9.7e-07   26.1   0.0     8    86   239   319   233   324 0.85 -
7524:527-1453        -            309 18510at4891          -            246   3.3e-25   86.6   1.8   1   3   2.1e-14   1.7e-12   45.0   0.1     9   129    12   138     5   153 0.83 -
7524:527-1453        -            309 18510at4891          -            246   3.3e-25   86.6   1.8   2   3   1.4e-10   1.1e-08   32.5   0.0    54   139   156   248   149   266 0.81 -
7524:527-1453        -            309 18510at4891          -            246   3.3e-25   86.6   1.8   3   3    0.0075      0.59    7.2   0.0   206   244   263   301   259   303 0.86 -
9414:294-1106        -            271 18510at4891          -            246   2.6e-24   83.7   0.8   1   2   6.1e-16   4.8e-14   50.0   0.0    13   129     2   133     1   147 0.82 -
9414:294-1106        -            271 18510at4891          -            246   2.6e-24   83.7   0.8   2   2   1.8e-10   1.4e-08   32.1   0.3   134   210   161   233   147   245 0.85 -
9044:1245-2084       -            280 18510at4891          -            246   3.6e-24   83.2   1.0   1   3   2.2e-13   1.7e-11   41.7   0.0    13   132     6   129     2   149 0.82 -
9044:1245-2084       -            280 18510at4891          -            246   3.6e-24   83.2   1.0   2   3   5.8e-08   4.5e-06   23.9   0.0    13    93   100   189    95   197 0.75 -
9044:1245-2084       -            280 18510at4891          -            246   3.6e-24   83.2   1.0   3   3   1.6e-09   1.3e-07   29.0   0.1   178   244   200   276   194   278 0.73 -
8624:103-2805        -            901 18510at4891          -            246   8.2e-24   82.0   0.1   1   2   2.3e-23   1.8e-21   74.3   0.0    15   209   537   757   531   763 0.83 -
8624:103-2805        -            901 18510at4891          -            246   8.2e-24   82.0   0.1   2   2      0.69        55    0.7   0.0    55    94   780   818   760   831 0.73 -
7420:226-1116        -            297 18510at4891          -            246   1.7e-23   81.0   0.1   1   3   2.6e-11   2.1e-09   34.9   0.0    11   136    28   160    22   168 0.86 -
7420:226-1116        -            297 18510at4891          -            246   1.7e-23   81.0   0.1   2   3   2.1e-16   1.6e-14   51.6   0.0     2   128   116   241   115   252 0.89 -
7420:226-1116        -            297 18510at4891          -            246   1.7e-23   81.0   0.1   3   3     0.058       4.6    4.3   0.0   210   243   263   297   239   297 0.52 -
9432:17155-18030     -            292 18510at4891          -            246   2.8e-23   80.3   1.2   1   3   1.2e-16   9.5e-15   52.4   0.0     4   129     3   141     1   159 0.80 -
9432:17155-18030     -            292 18510at4891          -            246   2.8e-23   80.3   1.2   2   3   1.1e-08   8.6e-07   26.3   0.1   134   210   169   241   155   256 0.80 -
9432:17155-18030     -            292 18510at4891          -            246   2.8e-23   80.3   1.2   3   3     0.006      0.48    7.5   0.0    19    50   221   252   213   291 0.53 -
8722:6581-7432       -            284 18510at4891          -            246   1.2e-22   78.2   1.2   1   2   3.2e-16   2.5e-14   50.9   0.0    12   129    10   141     1   153 0.79 -
8722:6581-7432       -            284 18510at4891          -            246   1.2e-22   78.2   1.2   2   2     2e-08   1.6e-06   25.4   0.2   134   210   169   241   159   251 0.83 -
9646:21723-22529     -            269 18510at4891          -            246   2.4e-21   74.0   0.1   1   3   2.6e-11     2e-09   34.9   0.0    13   139     2   135     1   139 0.89 -
9646:21723-22529     -            269 18510at4891          -            246   2.4e-21   74.0   0.1   2   3   3.3e-14   2.6e-12   44.4   0.0     9   127    95   212    90   221 0.88 -
9646:21723-22529     -            269 18510at4891          -            246   2.4e-21   74.0   0.1   3   3     0.037       2.9    4.9   0.0   213   243   239   269   222   269 0.80 -
9148:5152-6243       -            364 18510at4891          -            246     3e-21   73.7   0.9   1   2     8e-14   6.3e-12   43.1   0.1     8   129    50   176    43   190 0.87 -
9148:5152-6243       -            364 18510at4891          -            246     3e-21   73.7   0.9   2   2   1.6e-09   1.2e-07   29.1   0.0    39   127   186   282   178   294 0.79 -
8892:1238-2197       -            320 18510at4891          -            246   9.1e-21   72.1   1.8   1   4   0.00037     0.029   11.5   0.0   182   209    11    38     2    48 0.68 -
8892:1238-2197       -            320 18510at4891          -            246   9.1e-21   72.1   1.8   2   4   3.4e-10   2.7e-08   31.2   0.3    48   128    57   139    40   144 0.85 -
8892:1238-2197       -            320 18510at4891          -            246   9.1e-21   72.1   1.8   3   4   6.1e-05    0.0048   14.0   0.0    54   127   166   241   148   258 0.85 -
8892:1238-2197       -            320 18510at4891          -            246   9.1e-21   72.1   1.8   4   4   0.00028     0.022   11.9   0.0    55    87   268   300   251   309 0.70 -
9542:7230-8360       -            377 18510at4891          -            246   2.6e-19   67.3   1.1   1   4     1e-06   7.9e-05   19.9   0.0   172   227    45    99    28   109 0.84 -
9542:7230-8360       -            377 18510at4891          -            246   2.6e-19   67.3   1.1   2   4   7.2e-08   5.6e-06   23.6   0.1   136   219   134   215   126   260 0.78 -
9542:7230-8360       -            377 18510at4891          -            246   2.6e-19   67.3   1.1   3   4   0.00032     0.025   11.7   0.0   175   210   283   319   277   340 0.72 -
9542:7230-8360       -            377 18510at4891          -            246   2.6e-19   67.3   1.1   4   4      0.19        15    2.6   0.0    55    85   342   372   318   377 0.63 -
9644:4938-5942       -            335 18510at4891          -            246   4.4e-18   63.3   3.2   1   3   1.5e-07   1.2e-05   22.5   0.3    11   128    47   173    42   176 0.84 -
9644:4938-5942       -            335 18510at4891          -            246   4.4e-18   63.3   3.2   2   3   4.8e-10   3.8e-08   30.7   0.1     8   128   144   275   138   280 0.73 -
9644:4938-5942       -            335 18510at4891          -            246   4.4e-18   63.3   3.2   3   3     4e-05    0.0032   14.6   0.0    54    88   297   331   291   334 0.91 -
9216:11770-12681     -            304 18510at4891          -            246     7e-18   62.6   0.7   1   2   4.9e-11   3.9e-09   34.0   0.1    12   127    15   146    10   153 0.78 -
9216:11770-12681     -            304 18510at4891          -            246     7e-18   62.6   0.7   2   2   3.2e-11   2.5e-09   34.6   0.1    13   148   122   261   120   300 0.82 -
8890:5745-6635       -            297 18510at4891          -            246   8.2e-18   62.4   5.1   1   3   1.2e-11   9.5e-10   36.0   1.3    11   177     8   185     5   187 0.86 -
8890:5745-6635       -            297 18510at4891          -            246   8.2e-18   62.4   5.1   2   3     2e-06   0.00016   18.9   0.0   137   211   165   242   160   260 0.77 -
8890:5745-6635       -            297 18510at4891          -            246   8.2e-18   62.4   5.1   3   3   0.00075     0.059   10.4   0.1    54    86   262   294   256   297 0.88 -
8602:3632-4684       -            351 18510at4891          -            246   1.3e-16   58.5   0.4   1   4      0.06       4.7    4.2   0.0   100   128     6    33     2    38 0.71 -
8602:3632-4684       -            351 18510at4891          -            246   1.3e-16   58.5   0.4   2   4   1.2e-07   9.8e-06   22.8   0.0    45   126    92   177    79   183 0.83 -
8602:3632-4684       -            351 18510at4891          -            246   1.3e-16   58.5   0.4   3   4   4.7e-08   3.7e-06   24.2   0.0    14   126   155   287   154   294 0.67 -
8602:3632-4684       -            351 18510at4891          -            246   1.3e-16   58.5   0.4   4   4     0.011      0.86    6.6   0.0   214   244   316   346   303   351 0.62 -
8498:3398-4288       -            297 18510at4891          -            246     3e-16   57.3   1.1   1   3   6.3e-05     0.005   14.0   0.1   101   130    14    43    10    78 0.82 -
8498:3398-4288       -            297 18510at4891          -            246     3e-16   57.3   1.1   2   3   8.5e-06   0.00067   16.8   0.0    45   127    60   151    51   158 0.75 -
8498:3398-4288       -            297 18510at4891          -            246     3e-16   57.3   1.1   3   3     1e-11   8.1e-10   36.2   0.1    14   127   128   244   115   297 0.82 -
7848:245-1210        -            322 18510at4891          -            246   6.6e-16   56.2   1.4   1   2   3.2e-08   2.6e-06   24.7   0.2    11   127    23   155    10   164 0.78 -
7848:245-1210        -            322 18510at4891          -            246   6.6e-16   56.2   1.4   2   2   1.2e-09   9.8e-08   29.4   0.1    44   174   167   299   161   311 0.87 -
9440:8613-9407       -            265 18510at4891          -            246   2.4e-15   54.3   0.2   1   2   1.4e-11   1.1e-09   35.8   0.0    15   127     1   115     1   134 0.78 -
9440:8613-9407       -            265 18510at4891          -            246   2.4e-15   54.3   0.2   2   2   1.3e-06    0.0001   19.5   0.1    11   126    96   216    92   222 0.82 -
9636:22681-23493     -            271 18510at4891          -            246   2.9e-15   54.0   0.0   1   2   2.2e-07   1.8e-05   22.0   0.1   101   211     6   125     1   137 0.83 -
9636:22681-23493     -            271 18510at4891          -            246   2.9e-15   54.0   0.0   2   2   8.3e-10   6.6e-08   30.0   0.0    58   130   147   221   124   246 0.82 -
8618:204-1031        -            276 18510at4891          -            246     6e-14   49.7   0.1   1   2   4.4e-07   3.4e-05   21.0   0.0   103   205     1   119     1   126 0.73 -
8618:204-1031        -            276 18510at4891          -            246     6e-14   49.7   0.1   2   2   3.2e-07   2.5e-05   21.5   0.0    55   127   150   227   123   246 0.81 -
9468:18764-19579     -            272 18510at4891          -            246   3.7e-13   47.1   0.3   1   2   3.5e-08   2.8e-06   24.6   0.0    16   131     2   123     1   168 0.83 -
9468:18764-19579     -            272 18510at4891          -            246   3.7e-13   47.1   0.3   2   2   6.4e-07   5.1e-05   20.5   0.1    10    83   191   270   182   272 0.83 -
9686:6806-8086       -            427 18510at4891          -            246   4.6e-13   46.8   0.6   1   3   0.00018     0.014   12.5   0.0    13    36   226   249   216   259 0.88 -
9686:6806-8086       -            427 18510at4891          -            246   4.6e-13   46.8   0.6   2   3   1.2e-08   9.2e-07   26.2   0.1   137   210   298   372   298   381 0.83 -
9686:6806-8086       -            427 18510at4891          -            246   4.6e-13   46.8   0.6   3   3       5.1     4e+02   -2.1   0.0    33    64   382   411   371   419 0.66 -
9700:14404-15303     -            300 18510at4891          -            246   7.6e-13   46.1   0.3   1   3     0.047       3.7    4.6   0.0   101   128     6    33     2    50 0.72 -
9700:14404-15303     -            300 18510at4891          -            246   7.6e-13   46.1   0.3   2   3     3e-07   2.3e-05   21.6   0.1    15    89   117   193   107   202 0.81 -
9700:14404-15303     -            300 18510at4891          -            246   7.6e-13   46.1   0.3   3   3   1.1e-05   0.00085   16.5   0.0    15    86   223   296   212   300 0.87 -
7950:140-1054        -            305 18510at4891          -            246   7.8e-13   46.1   1.2   1   4    0.0015      0.12    9.5   0.0   100   141     5    46     2    54 0.81 -
7950:140-1054        -            305 18510at4891          -            246   7.8e-13   46.1   1.2   2   4     0.056       4.4    4.3   0.1   177   208   117   148    51   168 0.65 -
7950:140-1054        -            305 18510at4891          -            246   7.8e-13   46.1   1.2   3   4   8.6e-05    0.0068   13.5   0.1    14   126   125   248   114   262 0.67 -
7950:140-1054        -            305 18510at4891          -            246   7.8e-13   46.1   1.2   4   4   2.1e-06   0.00016   18.8   0.0    53    87   269   303   251   305 0.86 -
9686:6478-6927       -            150 18510at4891          -            246   1.1e-12   45.6   0.3   1   2   1.6e-09   1.3e-07   29.0   0.1    56   146    10   110     5   114 0.70 -
9686:6478-6927       -            150 18510at4891          -            246   1.1e-12   45.6   0.3   2   2   4.6e-05    0.0036   14.4   0.0   212   246   113   147   107   147 0.81 -
9290:2994-3881       -            296 18510at4891          -            246     2e-12   44.7   6.1   1   4   0.00088     0.069   10.2   0.0   180   224     4    54     2    55 0.75 -
9290:2994-3881       -            296 18510at4891          -            246     2e-12   44.7   6.1   2   4    0.0005     0.039   11.0   0.0    53   127    43   123    34   133 0.79 -
9290:2994-3881       -            296 18510at4891          -            246     2e-12   44.7   6.1   3   4   9.6e-08   7.5e-06   23.2   0.3    55   135   173   250   154   262 0.85 -
9290:2994-3881       -            296 18510at4891          -            246     2e-12   44.7   6.1   4   4      0.18        14    2.7   0.3   212   245   261   294   254   295 0.83 -
7910:2109-3017       -            303 18510at4891          -            246   5.3e-12   43.4   0.6   1   1   4.7e-12   3.7e-10   37.3   0.6     7   200     9   227     4   233 0.77 -
9048:1902-2756       -            285 18510at4891          -            246   2.2e-11   41.4   1.0   1   3     0.001     0.079   10.0   0.1     9    87     9    89     3    95 0.76 -
9048:1902-2756       -            285 18510at4891          -            246   2.2e-11   41.4   1.0   2   3   3.4e-09   2.7e-07   27.9   0.0    13   126   104   229    95   237 0.78 -
9048:1902-2756       -            285 18510at4891          -            246   2.2e-11   41.4   1.0   3   3      0.87        69    0.4   0.1   212   245   246   280   233   281 0.71 -
9390:15488-16345     -            286 18510at4891          -            246   2.3e-11   41.3   0.7   1   2    0.0034      0.27    8.3   0.1    15    88     2    76     1    91 0.55 -
9390:15488-16345     -            286 18510at4891          -            246   2.3e-11   41.3   0.7   2   2     1e-08   8.2e-07   26.4   0.1    11   162   109   283   101   286 0.69 -
9360:2566-3465       -            300 18510at4891          -            246   2.3e-08   31.5   0.0   1   2      0.11       8.6    3.4   0.0    93   128     5    40     1    48 0.81 -
9360:2566-3465       -            300 18510at4891          -            246   2.3e-08   31.5   0.0   2   2     3e-08   2.4e-06   24.9   0.0     8   127   119   239   113   284 0.84 -
9594:15511-16419     -            303 18510at4891          -            246   5.8e-05   20.3   5.2   1   3   0.00024     0.019   12.1   1.4    10    91     3   102     1   112 0.71 -
9594:15511-16419     -            303 18510at4891          -            246   5.8e-05   20.3   5.2   2   3         1        79    0.2   0.0   179   209   122   152    99   162 0.82 -
9594:15511-16419     -            303 18510at4891          -            246   5.8e-05   20.3   5.2   3   3    0.0077       0.6    7.1   0.1    18   126   132   248   121   280 0.69 -
#
# Program:         hmmsearch
# Version:         3.1b2 (February 2015)
# Pipeline mode:   SEARCH
# Query file:      /home/jj/Desktop/Bioinformatics/3rd_year/1term/Computational_genomics/Seminars/exercise_04/busco_downloads/lineages/saccharomycetes_odb10/hmms/18510at4891.hmm
# Target file:     /home/jj/Desktop/Bioinformatics/3rd_year/1term/Computational_genomics/Seminars/exercise_04/./busco/SRR6130428/SRR6130428_k63_contigs/run_saccharomycetes_odb10/metaeuk_output/initial_results/SRR6130428_k63_graph.contig.fa.modified.fas
# Option settings: hmmsearch --domtblout /home/jj/Desktop/Bioinformatics/3rd_year/1term/Computational_genomics/Seminars/exercise_04/./busco/SRR6130428/SRR6130428_k63_contigs/run_saccharomycetes_odb10/hmmer_output/initial_run_results/18510at4891.out --cpu 1 /home/jj/Desktop/Bioinformatics/3rd_year/1term/Computational_genomics/Seminars/exercise_04/busco_downloads/lineages/saccharomycetes_odb10/hmms/18510at4891.hmm /home/jj/Desktop/Bioinformatics/3rd_year/1term/Computational_genomics/Seminars/exercise_04/./busco/SRR6130428/SRR6130428_k63_contigs/run_saccharomycetes_odb10/metaeuk_output/initial_results/SRR6130428_k63_graph.contig.fa.modified.fas 
# Current dir:     /home/jj/Desktop/Bioinformatics/3rd_year/1term/Computational_genomics/Seminars/exercise_04
# Date:            Tue Nov  5 18:37:47 2024
# [ok]
