#                                                                            --- full sequence --- -------------- this domain -------------   hmm coord   ali coord   env coord
# target name        accession   tlen query name           accession   qlen   E-value  score  bias   #  of  c-Evalue  i-Evalue  score  bias  from    to  from    to  from    to  acc description of target
#------------------- ---------- ----- -------------------- ---------- ----- --------- ------ ----- --- --- --------- --------- ------ ----- ----- ----- ----- ----- ----- ----- ---- ---------------------
8574:225-1685        -            487 18663at4891          -            376  1.2e-211  699.2   0.1   1   1  2.1e-213  1.6e-211  698.7   0.1     7   368    63   437    57   456 0.96 -
9718:45233-46525     -            431 18663at4891          -            376  1.2e-107  357.0   0.7   1   1  1.8e-109  1.3e-107  356.7   0.7    11   371     3   386     1   392 0.87 -
9692:867-3095        -            743 18663at4891          -            376   3.1e-95  316.0   0.5   1   1     6e-97   4.6e-95  315.5   0.5     4   345   218   579   216   605 0.89 -
9196:12113-13627     -            505 18663at4891          -            376   9.9e-88  291.4   0.0   1   1   1.9e-89   1.4e-87  290.8   0.0     8   349    39   400    34   413 0.88 -
9678:2313-3881       -            523 18663at4891          -            376   2.6e-87  290.0   0.0   1   1   4.7e-89   3.6e-87  289.5   0.0    10   348   113   468   107   487 0.88 -
9288:11014-13998     -            995 18663at4891          -            376   8.2e-85  281.7   0.3   1   2     1e-56   7.9e-55  183.1   0.2     7   243   133   376   128   393 0.92 -
9288:11014-13998     -            995 18663at4891          -            376   8.2e-85  281.7   0.3   2   2     2e-30   1.5e-28   96.6   0.0   243   362   431   555   384   560 0.92 -
9684:21606-22841     -            412 18663at4891          -            376   1.1e-83  278.0   0.0   1   1   4.6e-85   3.6e-83  276.4   0.0    22   358    23   385    10   397 0.88 -
8198:2644-4164       -            507 18663at4891          -            376   3.6e-82  273.1   0.0   1   1   1.4e-83     1e-81  271.5   0.0    24   356   116   474   100   493 0.87 -
8934:2131-4440       -            770 18663at4891          -            376   1.1e-80  268.2   0.2   1   1   2.2e-82   1.7e-80  267.5   0.2     9   353    39   407    33   428 0.88 -
9560:4401-5513       -            371 18663at4891          -            376   1.9e-76  254.2   2.9   1   1   2.9e-78   2.2e-76  254.0   2.9    12   362     2   366     1   369 0.91 -
9568:558-1955        -            466 18663at4891          -            376   6.9e-76  252.4   0.2   1   1   1.2e-77   9.3e-76  251.9   0.2     8   362    24   387    18   401 0.92 -
7278:2-1102          -            367 18663at4891          -            376   1.2e-74  248.3   0.5   1   1   1.9e-76   1.5e-74  248.0   0.5    13   362     2   361     1   364 0.92 -
9140:2896-4233       -            446 18663at4891          -            376   6.2e-72  239.4   0.1   1   1   1.1e-73   8.5e-72  238.9   0.1    11   364    62   432    58   438 0.91 -
9130:94-2607         -            838 18663at4891          -            376   1.3e-70  235.0   0.4   1   2   7.9e-53   6.1e-51  170.3   0.1    21   242   258   492   241   500 0.88 -
9130:94-2607         -            838 18663at4891          -            376   1.3e-70  235.0   0.4   2   2   3.4e-20   2.6e-18   62.9   0.0   246   349   516   624   508   650 0.81 -
8224:1308-3125       -            606 18663at4891          -            376   2.1e-70  234.3   0.2   1   1   5.2e-72     4e-70  233.4   0.2    19   345    18   376     6   406 0.82 -
9050:7326-9089       -            588 18663at4891          -            376   2.9e-70  233.9   0.3   1   1   5.5e-72   4.2e-70  233.3   0.3    13   352   174   550   166   572 0.81 -
9398:14767-16434     -            556 18663at4891          -            376   6.6e-65  216.2   0.2   1   1   1.5e-66   1.1e-64  215.5   0.2    18   360   133   493   122   509 0.82 -
7462:127-1389        -            421 18663at4891          -            376   6.9e-65  216.2   0.0   1   1   1.1e-66   8.6e-65  215.9   0.0    23   303   125   421   106   421 0.85 -
9604:17339-18991     -            551 18663at4891          -            376   1.4e-62  208.6   0.5   1   1   2.5e-64   1.9e-62  208.1   0.5    21   364    31   413     9   425 0.79 -
9728:8092-9537       -            482 18663at4891          -            376     4e-62  207.1   0.6   1   1   7.2e-64   5.5e-62  206.6   0.6    10   346    91   443    87   465 0.88 -
9106:7077-8840       -            588 18663at4891          -            376   1.2e-60  202.2   2.7   1   2     8e-47   6.1e-45  150.5   1.9    10   297    10   325     5   329 0.84 -
9106:7077-8840       -            588 18663at4891          -            376   1.2e-60  202.2   2.7   2   2   2.1e-16   1.6e-14   50.4   0.0   289   343   364   421   352   426 0.84 -
9570:2503-4722       -            740 18663at4891          -            376   6.9e-56  186.6   0.3   1   2   4.7e-38   3.6e-36  121.7   0.6    18   245   152   414   138   434 0.79 -
9570:2503-4722       -            740 18663at4891          -            376   6.9e-56  186.6   0.3   2   2   6.5e-20   4.9e-18   62.0   0.0   267   341   483   563   475   574 0.88 -
9118:1587-3833       -            749 18663at4891          -            376   9.1e-56  186.1   1.0   1   2   3.6e-33   2.8e-31  105.6   0.1    22   178   165   334   153   396 0.84 -
9118:1587-3833       -            749 18663at4891          -            376   9.1e-56  186.1   1.0   2   2   8.2e-25   6.3e-23   78.1   0.1   202   361   402   582   386   594 0.79 -
9470:16576-18366     -            597 18663at4891          -            376   2.3e-46  155.2   6.8   1   1   8.7e-46   6.7e-44  147.1   6.7    47   342   229   571   206   590 0.75 -
9428:2704-4236       -            511 18663at4891          -            376   4.3e-28   95.1   1.9   1   2   5.3e-17   4.1e-15   52.4   0.2    12   196    68   278    60   296 0.76 -
9428:2704-4236       -            511 18663at4891          -            376   4.3e-28   95.1   1.9   2   2   1.3e-13     1e-11   41.2   0.1   271   342   419   488   404   506 0.84 -
9410:9342-10319      -            326 18663at4891          -            376   3.1e-11   39.6   0.0   1   2   0.00022     0.017   10.8   0.0    35    87     1    52     1    73 0.79 -
9410:9342-10319      -            326 18663at4891          -            376   3.1e-11   39.6   0.0   2   2   2.4e-09   1.9e-07   27.1   0.0   222   341   193   320   119   326 0.76 -
9514:10675-12261     -            529 18663at4891          -            376   1.8e-08   30.5   0.2   1   3   5.5e-07   4.2e-05   19.4   0.0    33   175     3   153     1   160 0.79 -
9514:10675-12261     -            529 18663at4891          -            376   1.8e-08   30.5   0.2   2   3      0.19        14    1.2   0.1   242   293   237   283   220   300 0.72 -
9514:10675-12261     -            529 18663at4891          -            376   1.8e-08   30.5   0.2   3   3    0.0058      0.45    6.1   0.0   269   313   306   350   294   428 0.78 -
9650:11956-15135     -           1060 18663at4891          -            376   4.9e-08   29.1   0.0   1   2   1.2e-07   9.2e-06   21.6   0.0    16   160   276   426   266   471 0.73 -
9650:11956-15135     -           1060 18663at4891          -            376   4.9e-08   29.1   0.0   2   2     0.014       1.1    4.9   0.0   259   344   558   641   518   653 0.77 -
9640:15160-16239     -            360 18663at4891          -            376   6.3e-07   25.4   0.0   1   3   3.6e-06   0.00028   16.7   0.0    29   135     2   109     1   182 0.73 -
9640:15160-16239     -            360 18663at4891          -            376   6.3e-07   25.4   0.0   2   3       1.8   1.3e+02   -2.0   0.0   229   258   220   250   209   263 0.76 -
9640:15160-16239     -            360 18663at4891          -            376   6.3e-07   25.4   0.0   3   3    0.0061      0.47    6.1   0.0   270   313   290   333   255   344 0.86 -
9484:14252-16780     -            843 18663at4891          -            376   1.1e-05   21.3   0.0   1   2       1.3     1e+02   -1.6   0.0   173   224   222   273   216   283 0.84 -
9484:14252-16780     -            843 18663at4891          -            376   1.1e-05   21.3   0.0   2   2   5.2e-07     4e-05   19.5   0.0   194   335   550   695   541   719 0.82 -
9198:4115-5575       -            487 18663at4891          -            376   0.00014   17.6   0.2   1   2   0.00081     0.062    9.0   0.1    35   176     2   155     1   166 0.69 -
9198:4115-5575       -            487 18663at4891          -            376   0.00014   17.6   0.2   2   2    0.0046      0.35    6.5   0.0   262   321   301   360   229   366 0.78 -
9478:9393-10808      -            472 18663at4891          -            376   0.00023   16.9   0.1   1   2       1.2        88   -1.4   0.0   151   178   130   155   122   174 0.69 -
9478:9393-10808      -            472 18663at4891          -            376   0.00023   16.9   0.1   2   2     1e-05   0.00079   15.2   0.1   263   350   354   446   310   471 0.79 -
9290:14028-15248     -            407 18663at4891          -            376   0.00027   16.7   0.0   1   2      0.37        28    0.2   0.0   179   207    22    50     9    78 0.82 -
9290:14028-15248     -            407 18663at4891          -            376   0.00027   16.7   0.0   2   2   2.6e-05     0.002   13.9   0.0   263   339   197   276   171   307 0.81 -
8522:2428-3828       -            467 18663at4891          -            376    0.0036   13.0   0.0   1   2       0.6        46   -0.5   0.0   151   177   131   155   121   173 0.71 -
8522:2428-3828       -            467 18663at4891          -            376    0.0036   13.0   0.0   2   2   0.00023     0.018   10.8   0.0   263   337   355   432   312   461 0.79 -
9726:22064-25924     -           1287 18663at4891          -            376    0.0061   12.3   0.1   1   2    0.0017      0.13    7.9   0.1    33   189   332   478   309   487 0.70 -
9726:22064-25924     -           1287 18663at4891          -            376    0.0061   12.3   0.1   2   2       2.1   1.6e+02   -2.3   0.0   285   311   711   737   706   768 0.81 -
#
# Program:         hmmsearch
# Version:         3.1b2 (February 2015)
# Pipeline mode:   SEARCH
# Query file:      /home/jj/Desktop/Bioinformatics/3rd_year/1term/Computational_genomics/Seminars/exercise_04/busco_downloads/lineages/saccharomycetes_odb10/hmms/18663at4891.hmm
# Target file:     /home/jj/Desktop/Bioinformatics/3rd_year/1term/Computational_genomics/Seminars/exercise_04/./busco/SRR6130428/SRR6130428_k63_contigs/run_saccharomycetes_odb10/metaeuk_output/initial_results/SRR6130428_k63_graph.contig.fa.modified.fas
# Option settings: hmmsearch --domtblout /home/jj/Desktop/Bioinformatics/3rd_year/1term/Computational_genomics/Seminars/exercise_04/./busco/SRR6130428/SRR6130428_k63_contigs/run_saccharomycetes_odb10/hmmer_output/initial_run_results/18663at4891.out --cpu 1 /home/jj/Desktop/Bioinformatics/3rd_year/1term/Computational_genomics/Seminars/exercise_04/busco_downloads/lineages/saccharomycetes_odb10/hmms/18663at4891.hmm /home/jj/Desktop/Bioinformatics/3rd_year/1term/Computational_genomics/Seminars/exercise_04/./busco/SRR6130428/SRR6130428_k63_contigs/run_saccharomycetes_odb10/metaeuk_output/initial_results/SRR6130428_k63_graph.contig.fa.modified.fas 
# Current dir:     /home/jj/Desktop/Bioinformatics/3rd_year/1term/Computational_genomics/Seminars/exercise_04
# Date:            Tue Nov  5 18:37:48 2024
# [ok]
