#                                                                            --- full sequence --- -------------- this domain -------------   hmm coord   ali coord   env coord
# target name        accession   tlen query name           accession   qlen   E-value  score  bias   #  of  c-Evalue  i-Evalue  score  bias  from    to  from    to  from    to  acc description of target
#------------------- ---------- ----- -------------------- ---------- ----- --------- ------ ----- --- --- --------- --------- ------ ----- ----- ----- ----- ----- ----- ----- ---- ---------------------
9148:5152-6243       -            364 18807at4891          -            264  7.5e-134  442.4   2.8   1   2  1.5e-116  1.1e-114  379.6   0.1     1   218    48   285    48   295 0.94 -
9148:5152-6243       -            364 18807at4891          -            264  7.5e-134  442.4   2.8   2   2   4.8e-20   3.7e-18   63.2   0.3   222   263   317   358   295   359 0.89 -
9636:22681-23493     -            271 18807at4891          -            264   1.1e-40  137.0   1.7   1   1   1.3e-41   9.7e-40  133.9   1.7     6   259     6   267     2   271 0.80 -
7420:226-1116        -            297 18807at4891          -            264   1.5e-36  123.4   1.1   1   2   4.1e-35   3.2e-33  112.6   1.3     2   232    24   259    23   271 0.79 -
7420:226-1116        -            297 18807at4891          -            264   1.5e-36  123.4   1.1   2   2    0.0092       0.7    6.5   0.0   140   176   261   297   255   297 0.50 -
8892:1238-2197       -            320 18807at4891          -            264     1e-35  120.7   0.3   1   2   4.5e-30   3.5e-28   96.1   0.2     6   220    11   246     7   259 0.79 -
8892:1238-2197       -            320 18807at4891          -            264     1e-35  120.7   0.3   2   2   5.3e-10     4e-08   30.3   0.0     5    83   214   301   211   307 0.75 -
9646:21723-22529     -            269 18807at4891          -            264   4.4e-35  118.7   0.7   1   2     1e-32   7.8e-31  104.7   1.1     7   224     1   221     1   234 0.78 -
9646:21723-22529     -            269 18807at4891          -            264   4.4e-35  118.7   0.7   2   2     0.017       1.3    5.7   0.0    43    78   235   269   224   269 0.76 -
8624:103-2805        -            901 18807at4891          -            264   4.5e-35  118.6   0.4   1   2   1.2e-31   8.8e-30  101.3   0.0     9   217   536   758   529   762 0.80 -
8624:103-2805        -            901 18807at4891          -            264   4.5e-35  118.6   0.4   2   2   3.8e-05    0.0029   14.3   0.1   132   180   764   812   757   816 0.93 -
9700:14404-15303     -            300 18807at4891          -            264   9.1e-34  114.3   1.8   1   3     7e-08   5.4e-06   23.3   0.0   191   256     7    74     2    82 0.82 -
9700:14404-15303     -            300 18807at4891          -            264   9.1e-34  114.3   1.8   2   3   2.6e-07     2e-05   21.4   0.0   174   215    98   139    95   142 0.93 -
9700:14404-15303     -            300 18807at4891          -            264   9.1e-34  114.3   1.8   3   3   1.6e-19   1.2e-17   61.5   0.5   127   262   138   298   136   300 0.78 -
9644:4938-5942       -            335 18807at4891          -            264   4.1e-32  108.9   3.9   1   3   1.7e-07   1.3e-05   22.1   0.1   187   235    45    93    33    97 0.73 -
9644:4938-5942       -            335 18807at4891          -            264   4.1e-32  108.9   3.9   2   3   1.6e-17   1.2e-15   55.0   0.3    42   179    93   228    77   229 0.88 -
9644:4938-5942       -            335 18807at4891          -            264   4.1e-32  108.9   3.9   3   3   1.1e-15   8.4e-14   48.9   0.4    41   180   190   330   183   334 0.85 -
8734:5869-6846       -            326 18807at4891          -            264   6.7e-32  108.2   0.8   1   2   6.7e-19   5.1e-17   59.4   0.1    80   222    14   158     6   181 0.80 -
8734:5869-6846       -            326 18807at4891          -            264   6.7e-32  108.2   0.8   2   2   3.2e-13   2.4e-11   40.8   0.1    44   177   180   318   159   324 0.80 -
8890:5745-6635       -            297 18807at4891          -            264   1.2e-30  104.1   6.7   1   3   5.5e-07   4.2e-05   20.4   0.0   191   236    10    56     5    58 0.81 -
8890:5745-6635       -            297 18807at4891          -            264   1.2e-30  104.1   6.7   2   3   3.9e-19     3e-17   60.2   0.5    41   180    54   191    41   209 0.82 -
8890:5745-6635       -            297 18807at4891          -            264   1.2e-30  104.1   6.7   3   3   5.3e-09   4.1e-07   27.0   0.6    91   177   212   292   191   297 0.83 -
9260:13124-14104     -            327 18807at4891          -            264   9.9e-30  101.1   1.8   1   2   2.4e-17   1.8e-15   54.3   0.5     5   180    37   220    33   225 0.76 -
9260:13124-14104     -            327 18807at4891          -            264   9.9e-30  101.1   1.8   2   2   3.2e-14   2.5e-12   44.1   0.0     2    81   238   319   237   324 0.92 -
8602:3632-4684       -            351 18807at4891          -            264   4.6e-28   95.6   0.1   1   3   0.00042     0.032   10.9   0.0   187   218     4    35     1    41 0.78 -
8602:3632-4684       -            351 18807at4891          -            264   4.6e-28   95.6   0.1   2   3   1.6e-20   1.2e-18   64.7   0.0    41   217    99   290    89   297 0.78 -
8602:3632-4684       -            351 18807at4891          -            264   4.6e-28   95.6   0.1   3   3   2.8e-08   2.2e-06   24.6   0.0    95   178   265   347   263   351 0.47 -
7848:245-1210        -            322 18807at4891          -            264   4.2e-26   89.2   0.5   1   2   5.1e-19   3.9e-17   59.8   0.1    91   257    22   211     8   212 0.79 -
7848:245-1210        -            322 18807at4891          -            264   4.2e-26   89.2   0.5   2   2   1.7e-11   1.3e-09   35.2   0.0    44   180   178   309   177   318 0.90 -
9216:11770-12681     -            304 18807at4891          -            264   1.3e-25   87.6   0.4   1   2   2.9e-17   2.3e-15   54.0   0.1    93   244    15   180    10   200 0.78 -
9216:11770-12681     -            304 18807at4891          -            264   1.3e-25   87.6   0.4   2   2   1.1e-12   8.5e-11   39.0   0.0   134   258   152   294   151   300 0.79 -
9542:7230-8360       -            377 18807at4891          -            264   2.7e-25   86.6   1.3   1   3   1.1e-05   0.00081   16.2   0.1     9   232    58    95    48   117 0.57 -
9542:7230-8360       -            377 18807at4891          -            264   2.7e-25   86.6   1.3   2   3   1.1e-13   8.8e-12   42.3   0.1    43   181   124   262   109   269 0.84 -
9542:7230-8360       -            377 18807at4891          -            264   2.7e-25   86.6   1.3   3   3   2.8e-10   2.2e-08   31.1   0.1    44   176   225   370   223   376 0.73 -
9440:8613-9407       -            265 18807at4891          -            264   3.3e-25   86.3   0.1   1   1   6.9e-27   5.3e-25   85.6   0.1    10   242     1   250     1   264 0.78 -
8498:3398-4288       -            297 18807at4891          -            264   4.2e-25   85.9   0.2   1   2   1.1e-16   8.8e-15   52.1   0.3    92   244    14   185     9   188 0.75 -
8498:3398-4288       -            297 18807at4891          -            264   4.2e-25   85.9   0.2   2   2   6.5e-12   4.9e-10   36.5   0.0   138   254   161   292   154   297 0.76 -
9044:1245-2084       -            280 18807at4891          -            264   4.3e-24   82.6   2.3   1   2   6.3e-17   4.8e-15   53.0   0.4     7   180     5   183     1   187 0.81 -
9044:1245-2084       -            280 18807at4891          -            264   4.3e-24   82.6   2.3   2   2   4.8e-09   3.7e-07   27.1   0.1     2    79   200   276   199   279 0.95 -
9038:3856-4851       -            332 18807at4891          -            264   9.9e-24   81.4   0.9   1   4     0.008      0.61    6.7   0.0   191   219    13    41     7    47 0.64 -
9038:3856-4851       -            332 18807at4891          -            264   9.9e-24   81.4   0.9   2   4   4.3e-14   3.3e-12   43.7   0.0   127   219    43   140    38   164 0.77 -
9038:3856-4851       -            332 18807at4891          -            264   9.9e-24   81.4   0.9   3   4     0.033       2.5    4.7   0.1    55    79   178   202   153   210 0.86 -
9038:3856-4851       -            332 18807at4891          -            264   9.9e-24   81.4   0.9   4   4   9.9e-08   7.6e-06   22.8   0.0    85   179   235   327   226   330 0.89 -
7524:527-1453        -            309 18807at4891          -            264   7.6e-23   78.5   5.2   1   4     4e-06    0.0003   17.6   0.1   178   217     3    42     1    50 0.86 -
7524:527-1453        -            309 18807at4891          -            264   7.6e-23   78.5   5.2   2   4   2.3e-11   1.7e-09   34.8   0.2   137   258    54   186    50   192 0.81 -
7524:527-1453        -            309 18807at4891          -            264   7.6e-23   78.5   5.2   3   4   1.1e-05   0.00085   16.1   0.0   191   239   212   260   196   265 0.87 -
7524:527-1453        -            309 18807at4891          -            264   7.6e-23   78.5   5.2   4   4    0.0012     0.095    9.4   0.1    44    80   267   302   263   308 0.89 -
7950:140-1054        -            305 18807at4891          -            264   2.3e-19   67.1   4.3   1   3   1.6e-05    0.0012   15.6   0.5     3   225     3    42     1   102 0.50 -
7950:140-1054        -            305 18807at4891          -            264   2.3e-19   67.1   4.3   2   3   3.5e-05    0.0027   14.4   0.1   185   219   118   152   108   163 0.84 -
7950:140-1054        -            305 18807at4891          -            264   2.3e-19   67.1   4.3   3   3   1.4e-07   1.1e-05   22.3   0.0    11    83   228   304   220   305 0.76 -
9048:1902-2756       -            285 18807at4891          -            264   2.8e-18   63.6   1.1   1   1   9.3e-20   7.1e-18   62.2   1.1     5   257    10   278     6   283 0.76 -
7910:2109-3017       -            303 18807at4891          -            264   4.2e-17   59.7   2.4   1   1   1.3e-18     1e-16   58.4   2.4     4   257    10   284     7   290 0.78 -
9290:2994-3881       -            296 18807at4891          -            264   8.7e-17   58.7   7.7   1   1   1.5e-16   1.2e-14   51.7   7.7     3   257     3   292     1   296 0.73 -
8722:6581-7432       -            284 18807at4891          -            264   1.2e-16   58.2   1.5   1   2   2.1e-11   1.6e-09   34.9   0.1    87   223     5   147     1   161 0.83 -
8722:6581-7432       -            284 18807at4891          -            264   1.2e-16   58.2   1.5   2   2   1.1e-07   8.7e-06   22.6   0.2    41   164   159   278   145   282 0.78 -
8618:204-1031        -            276 18807at4891          -            264   1.4e-16   58.0   0.3   1   1   4.1e-18   3.1e-16   56.9   0.3     8   256     1   275     1   276 0.78 -
9390:15488-16345     -            286 18807at4891          -            264   9.8e-16   55.2   0.5   1   2   4.3e-08   3.3e-06   24.0   0.5     9   122     1   136     1   189 0.69 -
9390:15488-16345     -            286 18807at4891          -            264   9.8e-16   55.2   0.5   2   2     4e-08   3.1e-06   24.1   0.0     4    82   201   285   198   286 0.83 -
9432:17155-18030     -            292 18807at4891          -            264   1.1e-15   55.1   1.8   1   2   1.8e-10   1.4e-08   31.8   0.2    91   223     9   147     3   160 0.80 -
9432:17155-18030     -            292 18807at4891          -            264   1.1e-15   55.1   1.8   2   2     1e-07   7.7e-06   22.8   0.2    41   166   159   280   145   292 0.78 -
9468:18764-19579     -            272 18807at4891          -            264   1.3e-15   54.8   0.1   1   1   5.6e-17   4.3e-15   53.1   0.0     9   243     1   256     1   262 0.76 -
9414:294-1106        -            271 18807at4891          -            264   2.7e-15   53.8   1.5   1   2   3.2e-10   2.4e-08   31.0   0.1   108   221    16   137     1   153 0.75 -
9414:294-1106        -            271 18807at4891          -            264   2.7e-15   53.8   1.5   2   2   1.6e-07   1.3e-05   22.1   0.4    41   163   151   269   140   271 0.77 -
9686:6478-6927       -            150 18807at4891          -            264   1.3e-14   51.5   0.3   1   1   9.7e-16   7.4e-14   49.1   0.3    44   181     3   149     1   150 0.83 -
9594:15511-16419     -            303 18807at4891          -            264   1.1e-13   48.6   9.7   1   4   0.00073     0.056   10.1   0.0   190   219     5    34     1    46 0.88 -
9594:15511-16419     -            303 18807at4891          -            264   1.1e-13   48.6   9.7   2   4   0.00042     0.032   10.9   0.4    41    84    58   100    37   107 0.72 -
9594:15511-16419     -            303 18807at4891          -            264   1.1e-13   48.6   9.7   3   4   1.8e-05    0.0014   15.4   0.2   186   227   122   170   118   201 0.72 -
9594:15511-16419     -            303 18807at4891          -            264   1.1e-13   48.6   9.7   4   4   4.3e-06   0.00033   17.4   0.2   156   244   186   284   158   300 0.68 -
9360:2566-3465       -            300 18807at4891          -            264     2e-13   47.7   0.0   1   3      0.56        43    0.7   0.0   190   222    14    46     8    60 0.72 -
9360:2566-3465       -            300 18807at4891          -            264     2e-13   47.7   0.0   2   3   1.4e-06   0.00011   19.1   0.0     8   106   124   219   118   226 0.78 -
9360:2566-3465       -            300 18807at4891          -            264     2e-13   47.7   0.0   3   3   3.7e-10   2.8e-08   30.8   0.0   143   246   160   277   159   294 0.76 -
8334:78-1001         -            308 18807at4891          -            264   1.7e-09   34.7   0.2   1   3   0.00042     0.032   10.9   0.0   201   255    29    88    12    97 0.76 -
8334:78-1001         -            308 18807at4891          -            264   1.7e-09   34.7   0.2   2   3     0.015       1.2    5.8   0.0   218   241   149   172   102   181 0.87 -
8334:78-1001         -            308 18807at4891          -            264   1.7e-09   34.7   0.2   3   3   3.8e-05    0.0029   14.3   0.0   189   247   212   283   200   289 0.72 -
9686:6806-8086       -            427 18807at4891          -            264   1.2e-07   28.7   0.0   1   3      0.26        20    1.8   0.0     7    28   225   246   219   264 0.72 -
9686:6806-8086       -            427 18807at4891          -            264   1.2e-07   28.7   0.0   2   3   0.00092      0.07    9.8   0.0    41    85   285   328   270   335 0.70 -
9686:6806-8086       -            427 18807at4891          -            264   1.2e-07   28.7   0.0   3   3   8.4e-05    0.0064   13.2   0.0     5    45   343   383   339   395 0.84 -
#
# Program:         hmmsearch
# Version:         3.1b2 (February 2015)
# Pipeline mode:   SEARCH
# Query file:      /home/jj/Desktop/Bioinformatics/3rd_year/1term/Computational_genomics/Seminars/exercise_04/busco_downloads/lineages/saccharomycetes_odb10/hmms/18807at4891.hmm
# Target file:     /home/jj/Desktop/Bioinformatics/3rd_year/1term/Computational_genomics/Seminars/exercise_04/./busco/SRR6130428/SRR6130428_k63_contigs/run_saccharomycetes_odb10/metaeuk_output/initial_results/SRR6130428_k63_graph.contig.fa.modified.fas
# Option settings: hmmsearch --domtblout /home/jj/Desktop/Bioinformatics/3rd_year/1term/Computational_genomics/Seminars/exercise_04/./busco/SRR6130428/SRR6130428_k63_contigs/run_saccharomycetes_odb10/hmmer_output/initial_run_results/18807at4891.out --cpu 1 /home/jj/Desktop/Bioinformatics/3rd_year/1term/Computational_genomics/Seminars/exercise_04/busco_downloads/lineages/saccharomycetes_odb10/hmms/18807at4891.hmm /home/jj/Desktop/Bioinformatics/3rd_year/1term/Computational_genomics/Seminars/exercise_04/./busco/SRR6130428/SRR6130428_k63_contigs/run_saccharomycetes_odb10/metaeuk_output/initial_results/SRR6130428_k63_graph.contig.fa.modified.fas 
# Current dir:     /home/jj/Desktop/Bioinformatics/3rd_year/1term/Computational_genomics/Seminars/exercise_04
# Date:            Tue Nov  5 18:37:49 2024
# [ok]
