#                                                                            --- full sequence --- -------------- this domain -------------   hmm coord   ali coord   env coord
# target name        accession   tlen query name           accession   qlen   E-value  score  bias   #  of  c-Evalue  i-Evalue  score  bias  from    to  from    to  from    to  acc description of target
#------------------- ---------- ----- -------------------- ---------- ----- --------- ------ ----- --- --- --------- --------- ------ ----- ----- ----- ----- ----- ----- ----- ---- ---------------------
8498:1688-3007       -            440 18822at4891          -            278  4.5e-147  486.1  12.6   1   3   2.1e-18   1.1e-15   55.1   4.0     3    47     6    50     4    64 0.82 -
8498:1688-3007       -            440 18822at4891          -            278  4.5e-147  486.1  12.6   2   3     3e-11   1.6e-08   31.6   0.1    32    72   107   147    96   162 0.89 -
8498:1688-3007       -            440 18822at4891          -            278  4.5e-147  486.1  12.6   3   3  8.7e-125  4.7e-122  404.0   0.2    66   278   221   440   207   440 0.96 -
7656:310-1800        -            497 18822at4891          -            278     4e-35  118.9  10.7   1   3   5.4e-10   2.9e-07   27.5   4.3     1    41     1    41     1    50 0.92 -
7656:310-1800        -            497 18822at4891          -            278     4e-35  118.9  10.7   2   3      0.92   4.9e+02   -2.8   0.0    41    60   102   121    95   131 0.80 -
7656:310-1800        -            497 18822at4891          -            278     4e-35  118.9  10.7   3   3   1.4e-30   7.6e-28   95.0   0.2    80   278   290   496   274   496 0.86 -
9724:24286-26100     -            605 18822at4891          -            278   2.4e-27   93.3  19.9   1   3     9e-12   4.8e-09   33.3   5.6     2    43     4    45     3    77 0.87 -
9724:24286-26100     -            605 18822at4891          -            278   2.4e-27   93.3  19.9   2   3   1.7e-12   9.1e-10   35.7   2.3   134   259   425   559   352   561 0.81 -
9724:24286-26100     -            605 18822at4891          -            278   2.4e-27   93.3  19.9   3   3   6.3e-11   3.4e-08   30.5   0.2   230   278   556   605   538   605 0.88 -
9446:7760-10327      -            856 18822at4891          -            278    0.0039   13.9   2.6   1   1   1.6e-05    0.0087   12.8   2.6     3   108     1   111     1   127 0.67 -
7992:884-1501        -            206 18822at4891          -            278    0.0041   13.9   0.2   1   1   1.1e-05    0.0059   13.3   0.2    26   104   112   189   100   194 0.90 -
#
# Program:         hmmsearch
# Version:         3.1b2 (February 2015)
# Pipeline mode:   SEARCH
# Query file:      /home/jj/Desktop/Bioinformatics/3rd_year/1term/Computational_genomics/Seminars/exercise_04/busco_downloads/lineages/saccharomycetes_odb10/hmms/18822at4891.hmm
# Target file:     /home/jj/Desktop/Bioinformatics/3rd_year/1term/Computational_genomics/Seminars/exercise_04/./busco/SRR6130428/SRR6130428_k63_contigs/run_saccharomycetes_odb10/metaeuk_output/initial_results/SRR6130428_k63_graph.contig.fa.modified.fas
# Option settings: hmmsearch --domtblout /home/jj/Desktop/Bioinformatics/3rd_year/1term/Computational_genomics/Seminars/exercise_04/./busco/SRR6130428/SRR6130428_k63_contigs/run_saccharomycetes_odb10/hmmer_output/initial_run_results/18822at4891.out --cpu 1 /home/jj/Desktop/Bioinformatics/3rd_year/1term/Computational_genomics/Seminars/exercise_04/busco_downloads/lineages/saccharomycetes_odb10/hmms/18822at4891.hmm /home/jj/Desktop/Bioinformatics/3rd_year/1term/Computational_genomics/Seminars/exercise_04/./busco/SRR6130428/SRR6130428_k63_contigs/run_saccharomycetes_odb10/metaeuk_output/initial_results/SRR6130428_k63_graph.contig.fa.modified.fas 
# Current dir:     /home/jj/Desktop/Bioinformatics/3rd_year/1term/Computational_genomics/Seminars/exercise_04
# Date:            Tue Nov  5 18:37:49 2024
# [ok]
