#                                                                            --- full sequence --- -------------- this domain -------------   hmm coord   ali coord   env coord
# target name        accession   tlen query name           accession   qlen   E-value  score  bias   #  of  c-Evalue  i-Evalue  score  bias  from    to  from    to  from    to  acc description of target
#------------------- ---------- ----- -------------------- ---------- ----- --------- ------ ----- --- --- --------- --------- ------ ----- ----- ----- ----- ----- ----- ----- ---- ---------------------
9026:3240-4322       -            361 18893at4891          -            224  2.5e-103  341.7   0.7   1   1  1.3e-104  3.1e-103  341.4   0.7     1   224   103   357   103   357 0.93 -
8588:5598-6413       -            272 18893at4891          -            224   1.4e-53  179.0   0.0   1   1   7.2e-55   1.7e-53  178.7   0.0     1   221    12   266    12   269 0.82 -
8018:2579-3376       -            266 18893at4891          -            224     4e-53  177.5   0.1   1   1   2.1e-54     5e-53  177.2   0.1     1   221     7   261     7   264 0.83 -
8772:6932-7705       -            258 18893at4891          -            224   3.8e-52  174.3   0.1   1   1   1.8e-53   4.1e-52  174.2   0.1     1   207     5   235     5   258 0.83 -
9404:2234-3256       -            341 18893at4891          -            224   7.7e-43  143.9   1.7   1   1   1.9e-40   4.5e-39  131.6   1.7     1   213    41   302    41   321 0.79 -
9470:3000-4022       -            341 18893at4891          -            224   4.2e-42  141.4   1.0   1   2   1.1e-28   2.7e-27   93.0   0.9     1   138    24   174    24   178 0.87 -
9470:3000-4022       -            341 18893at4891          -            224   4.2e-42  141.4   1.0   2   2   1.9e-14   4.5e-13   46.5   0.0   137   222   201   306   188   308 0.73 -
7984:778-3069        -            764 18893at4891          -            224   4.6e-41  138.1   0.1   1   1   2.8e-42   6.6e-41  137.5   0.1     1   209   352   590   352   598 0.81 -
9648:180-2069        -            630 18893at4891          -            224   1.4e-40  136.4   0.4   1   1   1.4e-41   3.2e-40  135.3   0.4     1   221    52   303    52   306 0.83 -
9236:8838-9737       -            300 18893at4891          -            224   3.9e-40  135.0   0.2   1   1   2.1e-41   4.9e-40  134.7   0.2     3   187    12   216    10   240 0.84 -
9652:9845-11956      -            704 18893at4891          -            224   4.2e-40  134.9   0.0   1   1   3.1e-41   7.2e-40  134.2   0.0     4   194    85   298    82   337 0.82 -
9688:6201-6989       -            263 18893at4891          -            224   1.7e-39  133.0   0.5   1   1   1.5e-38   3.4e-37  125.4   0.5     1   217     2   253     2   263 0.80 -
9112:9860-10915      -            352 18893at4891          -            224   9.6e-39  130.5   0.0   1   2   2.1e-39     5e-38  128.1   0.0     1   209    22   257    22   280 0.81 -
9112:9860-10915      -            352 18893at4891          -            224   9.6e-39  130.5   0.0   2   2       3.1        72    0.1   0.0    23    59   288   324   282   337 0.84 -
9648:20903-21709     -            269 18893at4891          -            224   2.1e-38  129.4   1.6   1   2   6.2e-25   1.5e-23   80.8   1.2     1   134     6   151     6   154 0.85 -
9648:20903-21709     -            269 18893at4891          -            224   2.1e-38  129.4   1.6   2   2   1.2e-14   2.9e-13   47.1   0.0   136   218   173   269   167   269 0.76 -
9082:7406-8569       -            388 18893at4891          -            224   4.6e-38  128.3   0.6   1   2   1.4e-05   0.00032   17.6   0.1     2    36     5    39     4    48 0.90 -
9082:7406-8569       -            388 18893at4891          -            224   4.6e-38  128.3   0.6   2   2   1.4e-33   3.3e-32  109.1   0.0    46   223    84   294    68   295 0.83 -
9680:21437-22237     -            267 18893at4891          -            224   1.3e-37  126.8   0.1   1   1   7.2e-39   1.7e-37  126.4   0.1     2   222    19   265    18   267 0.81 -
9344:12609-14093     -            495 18893at4891          -            224   5.6e-37  124.7   0.3   1   2     7e-26   1.6e-24   83.9   0.2     2   135     7   152     6   163 0.87 -
9344:12609-14093     -            495 18893at4891          -            224   5.6e-37  124.7   0.3   2   2   1.2e-11   2.8e-10   37.4   0.0   137   192   355   411   351   469 0.76 -
9722:16235-17092     -            286 18893at4891          -            224   6.7e-37  124.4   2.0   1   2   3.4e-26     8e-25   85.0   0.4     5   135     6   151     2   159 0.81 -
9722:16235-17092     -            286 18893at4891          -            224   6.7e-37  124.4   2.0   2   2   2.4e-11   5.7e-10   36.4   0.1   140   221   180   284   175   286 0.68 -
9214:3531-4694       -            388 18893at4891          -            224   8.5e-37  124.1   0.0   1   1   5.1e-38   1.2e-36  123.6   0.0     1   210    66   302    66   323 0.82 -
9274:513-1736        -            408 18893at4891          -            224   1.7e-36  123.2   0.6   1   2   2.1e-05    0.0005   16.9   0.1     5    50    15    60    11    70 0.90 -
9274:513-1736        -            408 18893at4891          -            224   1.7e-36  123.2   0.6   2   2   7.9e-31   1.8e-29  100.1   0.0    39   195    76   259    67   284 0.83 -
9574:22194-23423     -            410 18893at4891          -            224   8.2e-36  120.9   0.4   1   2   6.7e-24   1.6e-22   77.4   0.5     2   136    19   164    18   171 0.89 -
9574:22194-23423     -            410 18893at4891          -            224   8.2e-36  120.9   0.4   2   2   7.4e-13   1.7e-11   41.3   0.0   141   209   237   318   218   339 0.76 -
9538:10065-10994     -            310 18893at4891          -            224   1.3e-35  120.3   3.8   1   2   0.00012    0.0028   14.5   0.6     4    39     7    42     4    71 0.77 -
9538:10065-10994     -            310 18893at4891          -            224   1.3e-35  120.3   3.8   2   2   5.3e-33   1.2e-31  107.2   0.3    43   223    72   284    53   285 0.76 -
9582:21971-22969     -            333 18893at4891          -            224   5.4e-35  118.2   0.0   1   1   4.7e-36   1.1e-34  117.2   0.0     2   223     9   274     8   275 0.80 -
9558:17836-18582     -            249 18893at4891          -            224   7.5e-35  117.7   0.1   1   1     4e-36   9.4e-35  117.4   0.1     6   196     2   209     1   216 0.84 -
9168:5060-6598       -            513 18893at4891          -            224   3.3e-34  115.6   3.4   1   2   2.2e-21   5.1e-20   69.2   2.5     3   126   202   338   200   343 0.84 -
9168:5060-6598       -            513 18893at4891          -            224   3.3e-34  115.6   3.4   2   2   7.2e-14   1.7e-12   44.6   0.0   126   185   360   425   353   483 0.73 -
9576:4640-5464       -            275 18893at4891          -            224   1.1e-33  113.9   0.0   1   1   6.2e-35   1.5e-33  113.5   0.0     3   185    13   217    11   229 0.85 -
9144:11649-12578     -            310 18893at4891          -            224   2.2e-33  113.0   3.8   1   2   0.00023    0.0054   13.6   0.4     2    36     5    39     4    71 0.78 -
9144:11649-12578     -            310 18893at4891          -            224   2.2e-33  113.0   3.8   2   2   4.1e-31   9.7e-30  101.0   0.5    36   223    63   284    54   285 0.76 -
8850:3013-4704       -            564 18893at4891          -            224   6.1e-33  111.5   0.1   1   2   3.6e-23   8.5e-22   75.0   0.0     1   135   169   314   169   320 0.87 -
8850:3013-4704       -            564 18893at4891          -            224   6.1e-33  111.5   0.1   2   2   1.2e-10   2.7e-09   34.1   0.0   139   185   365   411   350   441 0.86 -
9242:6452-8167       -            572 18893at4891          -            224   6.5e-33  111.4   0.2   1   2   2.9e-23   6.8e-22   75.4   0.1     1   135   177   322   177   327 0.87 -
9242:6452-8167       -            572 18893at4891          -            224   6.5e-33  111.4   0.2   2   2   1.6e-10   3.7e-09   33.7   0.0   139   185   373   419   368   440 0.87 -
8586:248-1081        -            278 18893at4891          -            224   7.5e-33  111.2   0.1   1   1   4.3e-34     1e-32  110.8   0.1     3   185    18   222    16   231 0.85 -
9284:13564-14592     -            343 18893at4891          -            224   9.3e-33  110.9   0.0   1   1   2.7e-33   6.3e-32  108.2   0.0     2   223    34   305    33   306 0.78 -
8274:2342-3058       -            239 18893at4891          -            224   9.3e-33  110.9   0.1   1   1   4.6e-34   1.1e-32  110.7   0.1     6   190     2   199     1   229 0.88 -
9680:14913-17372     -            820 18893at4891          -            224     3e-32  109.2   0.0   1   1   7.1e-33   1.7e-31  106.8   0.0     4   222   201   467   197   469 0.77 -
9138:9482-10486      -            335 18893at4891          -            224   2.3e-31  106.3   0.9   1   1   1.8e-28   4.3e-27   92.4   0.9     1   185    41   271    41   335 0.72 -
9388:2420-3211       -            264 18893at4891          -            224   3.9e-31  105.6   0.5   1   1     2e-32   4.7e-31  105.3   0.5     5   220     9   262     5   264 0.73 -
9270:2604-3470       -            289 18893at4891          -            224   1.9e-30  103.3   0.0   1   1   1.4e-31   3.3e-30  102.5   0.0     6   183    18   216    14   230 0.82 -
9220:8467-9282       -            272 18893at4891          -            224   2.3e-30  103.1   0.0   1   1   1.6e-31   3.8e-30  102.4   0.0     6   185     8   208     4   222 0.81 -
8792:3540-5258       -            573 18893at4891          -            224   6.7e-30  101.6   0.0   1   1   4.6e-31   1.1e-29  100.9   0.0     6   186   307   501   305   512 0.83 -
9724:42501-46928     -           1476 18893at4891          -            224   8.8e-30  101.2   0.1   1   1     7e-31   1.7e-29  100.3   0.1     4   184  1178  1383  1175  1397 0.82 -
9516:8073-8876       -            268 18893at4891          -            224   1.9e-29  100.1   2.4   1   1     1e-30   2.4e-29   99.8   2.4     1   221    10   259    10   267 0.74 -
9442:11388-12206     -            273 18893at4891          -            224     3e-29   99.4   0.0   1   1   1.8e-30   4.3e-29   98.9   0.0     7   185     1   198     1   211 0.82 -
9352:14667-17009     -            781 18893at4891          -            224   4.3e-29   98.9   0.1   1   1   4.5e-30   1.1e-28   97.6   0.1    31   183   527   710   486   722 0.73 -
9220:10894-11814     -            307 18893at4891          -            224   6.8e-29   98.3   1.1   1   1   2.1e-29     5e-28   95.4   1.1     3   222    14   285    12   287 0.75 -
9270:5360-6181       -            274 18893at4891          -            224   8.7e-29   97.9   0.5   1   1   7.1e-30   1.7e-28   97.0   0.5     3   222     3   269     1   271 0.75 -
9332:9525-11471      -            649 18893at4891          -            224   9.9e-29   97.7   1.1   1   1   3.5e-29   8.2e-28   94.7   1.1    54   183   423   579   355   588 0.73 -
9138:5514-8171       -            886 18893at4891          -            224   3.6e-28   95.9   1.4   1   3   4.5e-07   1.1e-05   22.4   0.4     4    82    18    98    15   113 0.86 -
9138:5514-8171       -            886 18893at4891          -            224   3.6e-28   95.9   1.4   2   3   1.2e-08   2.8e-07   27.6   0.0    93   126   140   173   132   180 0.90 -
9138:5514-8171       -            886 18893at4891          -            224   3.6e-28   95.9   1.4   3   3     4e-13   9.4e-12   42.2   0.0   126   191   197   268   192   280 0.80 -
8710:5595-6479       -            295 18893at4891          -            224   1.1e-27   94.3   1.5   1   2   4.1e-13   9.6e-12   42.2   0.4     6   127     6   150     1   158 0.66 -
8710:5595-6479       -            295 18893at4891          -            224   1.1e-27   94.3   1.5   2   2   7.4e-16   1.7e-14   51.1   0.0   125   191   175   246   173   294 0.86 -
9556:876-1871        -            332 18893at4891          -            224   3.3e-27   92.7   2.9   1   2   1.3e-12   3.1e-11   40.5   0.9    38   130    75   177    13   183 0.77 -
9556:876-1871        -            332 18893at4891          -            224   3.3e-27   92.7   2.9   2   2   1.7e-15   3.9e-14   50.0   0.0   125   187   209   276   207   328 0.87 -
9696:23411-25501     -            697 18893at4891          -            224   1.6e-26   90.6   0.1   1   2     0.048       1.1    6.0   0.0     4    36   398   430   396   447 0.89 -
9696:23411-25501     -            697 18893at4891          -            224   1.6e-26   90.6   0.1   2   2   2.8e-25   6.6e-24   82.0   0.0    34   186   469   642   451   656 0.83 -
7804:258-1562        -            435 18893at4891          -            224   3.7e-26   89.3   0.0   1   1   3.4e-27     8e-26   88.2   0.0     7   216    29   254    25   259 0.83 -
9568:2563-4101       -            513 18893at4891          -            224   4.3e-26   89.1   0.7   1   1   1.2e-25   2.8e-24   83.2   0.7     6   181   196   404   192   469 0.83 -
9714:25935-26888     -            318 18893at4891          -            224   1.5e-25   87.4   0.1   1   2   3.8e-26     9e-25   84.8   0.0     3   182    14   220    12   230 0.82 -
9714:25935-26888     -            318 18893at4891          -            224   1.5e-25   87.4   0.1   2   2       2.7        63    0.3   0.1   208   223   265   280   246   281 0.78 -
9370:13593-17402     -           1270 18893at4891          -            224   1.6e-25   87.2   0.7   1   2     6e-21   1.4e-19   67.8   0.6     7   135   986  1126   982  1134 0.85 -
9370:13593-17402     -           1270 18893at4891          -            224   1.6e-25   87.2   0.7   2   2   2.6e-05   0.00061   16.7   0.0   128   184  1141  1201  1134  1213 0.84 -
9316:14764-15318     -            185 18893at4891          -            224   5.3e-25   85.5   0.2   1   1     3e-26   7.1e-25   85.1   0.2    41   182    16   180     3   184 0.79 -
9666:20504-21955     -            484 18893at4891          -            224   2.8e-24   83.1   0.4   1   1   1.9e-25   4.4e-24   82.5   0.4     6   182   173   367   171   379 0.81 -
9022:9769-10653      -            295 18893at4891          -            224   3.8e-24   82.8   0.1   1   1     5e-25   1.2e-23   81.1   0.1     5   183     7   207     3   220 0.79 -
9206:2109-6836       -           1576 18893at4891          -            224   4.5e-24   82.5   0.3   1   2   4.7e-21   1.1e-19   68.2   0.2     7   137  1272  1414  1267  1425 0.85 -
9206:2109-6836       -           1576 18893at4891          -            224   4.5e-24   82.5   0.3   2   2   0.00099     0.023   11.5   0.0   141   184  1457  1503  1452  1517 0.84 -
8492:4616-5878       -            421 18893at4891          -            224   1.3e-23   81.0   0.2   1   1   5.2e-23   1.2e-21   74.5   0.2     5   223   117   397   112   398 0.70 -
8804:3362-4279       -            306 18893at4891          -            224   3.8e-23   79.5   0.2   1   1   2.4e-24   5.6e-23   78.9   0.2     6   184     9   208     5   220 0.76 -
8666:1918-2913       -            332 18893at4891          -            224   9.5e-23   78.2   9.2   1   4   5.8e-09   1.4e-07   28.6   2.6     1    80     4    97     4   106 0.78 -
8666:1918-2913       -            332 18893at4891          -            224   9.5e-23   78.2   9.2   2   4   3.9e-10   9.1e-09   32.4   0.0    97   137   129   172   117   180 0.84 -
8666:1918-2913       -            332 18893at4891          -            224   9.5e-23   78.2   9.2   3   4    0.0013     0.031   11.1   0.1   161   183   230   252   220   268 0.79 -
8666:1918-2913       -            332 18893at4891          -            224   9.5e-23   78.2   9.2   4   4     0.015      0.35    7.6   0.1   178   221   269   319   254   322 0.77 -
8384:242-1183        -            314 18893at4891          -            224   1.5e-22   77.5   0.5   1   2     5e-19   1.2e-17   61.5   0.3     1   134     8   153     8   159 0.83 -
8384:242-1183        -            314 18893at4891          -            224   1.5e-22   77.5   0.5   2   2   0.00029    0.0067   13.2   0.0   144   187   180   224   171   229 0.87 -
9526:4843-6750       -            636 18893at4891          -            224     1e-21   74.8   0.0   1   1   9.5e-23   2.2e-21   73.7   0.0     5   191   332   542   328   594 0.74 -
9494:7698-8528       -            277 18893at4891          -            224   1.5e-21   74.2   0.5   1   1     9e-23   2.1e-21   73.8   0.5     9   182     3   197     1   211 0.71 -
7822:341-1144        -            268 18893at4891          -            224   1.9e-21   73.9   0.0   1   1   1.5e-22   3.4e-21   73.1   0.0     7   178     1   205     1   214 0.78 -
8554:159-1031        -            291 18893at4891          -            224   2.6e-21   73.5   0.0   1   1   2.1e-22   4.8e-21   72.6   0.0     6   182     6   206     2   218 0.77 -
8068:741-1847        -            369 18893at4891          -            224   1.8e-20   70.7   0.3   1   1   1.8e-21   4.2e-20   69.5   0.1     6   187    23   237    18   270 0.75 -
9288:1887-2741       -            285 18893at4891          -            224   3.5e-20   69.8   0.1   1   1   3.3e-21   7.8e-20   68.6   0.1     4   182    12   218    10   242 0.78 -
7674:805-1767        -            321 18893at4891          -            224   3.6e-20   69.7   5.8   1   2     1e-10   2.4e-09   34.3   5.3    42   124    67   156     9   163 0.62 -
7674:805-1767        -            321 18893at4891          -            224   3.6e-20   69.7   5.8   2   2   1.3e-08     3e-07   27.5   0.0   114   188   172   267   159   285 0.69 -
9468:11302-12276     -            325 18893at4891          -            224   4.4e-20   69.4   3.0   1   2   1.3e-19   3.1e-18   63.4   2.4     1   183     5   219     5   244 0.73 -
9468:11302-12276     -            325 18893at4891          -            224   4.4e-20   69.4   3.0   2   2      0.85        20    1.9   0.0   186   222   261   305   251   307 0.73 -
8798:2318-3331       -            338 18893at4891          -            224   6.6e-20   68.9   0.2   1   3     0.024      0.56    7.0   0.0     2    52    12    63    11    83 0.78 -
8798:2318-3331       -            338 18893at4891          -            224   6.6e-20   68.9   0.2   2   3   1.2e-10   2.8e-09   34.1   0.0    92   135   158   205   145   209 0.83 -
8798:2318-3331       -            338 18893at4891          -            224   6.6e-20   68.9   0.2   3   3   1.2e-07   2.7e-06   24.3   0.0   140   216   229   317   216   325 0.72 -
9650:24829-29790     -           1654 18893at4891          -            224   1.3e-19   67.9  11.7   1   4   0.00045     0.011   12.6   0.1    45   138   300   408   292   429 0.72 -
9650:24829-29790     -           1654 18893at4891          -            224   1.3e-19   67.9  11.7   2   4     0.011      0.26    8.0   0.0   147   208   440   504   437   515 0.80 -
9650:24829-29790     -           1654 18893at4891          -            224   1.3e-19   67.9  11.7   3   4      0.83        20    1.9   0.0     5    69   598   659   594   668 0.70 -
9650:24829-29790     -           1654 18893at4891          -            224   1.3e-19   67.9  11.7   4   4   1.7e-13     4e-12   43.4   1.0    59   176   765   915   750   936 0.72 -
9548:337-1380        -            348 18893at4891          -            224   2.1e-19   67.3   0.2   1   2   4.9e-20   1.1e-18   64.8   0.1     1   188    13   230    13   256 0.74 -
9548:337-1380        -            348 18893at4891          -            224   2.1e-19   67.3   0.2   2   2       5.9   1.4e+02   -0.9   0.0   196   221   278   308   274   310 0.80 -
9000:1272-2168       -            299 18893at4891          -            224   3.5e-19   66.5   1.3   1   1   2.8e-20   6.6e-19   65.6   1.3     6   190    10   217     6   245 0.79 -
9700:35509-36408     -            300 18893at4891          -            224   7.8e-19   65.4   0.0   1   1   4.9e-20   1.1e-18   64.8   0.0     4   179     4   197     1   211 0.81 -
9140:10766-11608     -            281 18893at4891          -            224   2.3e-18   63.9   0.3   1   1   1.4e-19   3.2e-18   63.3   0.3    34   183    20   198     1   220 0.68 -
9598:11083-11721     -            213 18893at4891          -            224   4.9e-18   62.8   0.1   1   1   1.8e-18   4.3e-17   59.7   0.1     7   155     3   174     1   213 0.77 -
9674:28087-29058     -            324 18893at4891          -            224     1e-17   61.7   0.1   1   1   1.2e-18   2.8e-17   60.3   0.1    47   182    42   205     2   217 0.64 -
8450:345-1649        -            435 18893at4891          -            224   1.1e-17   61.6   4.1   1   3   1.4e-06   3.4e-05   20.8   1.5     4    88    28   117    25   137 0.81 -
8450:345-1649        -            435 18893at4891          -            224   1.1e-17   61.6   4.1   2   3      0.02      0.46    7.2   0.0   110   125   168   183   157   190 0.86 -
8450:345-1649        -            435 18893at4891          -            224   1.1e-17   61.6   4.1   3   3   4.1e-10   9.6e-09   32.4   0.0   126   189   226   296   220   316 0.82 -
8764:438-2084        -            549 18893at4891          -            224   1.1e-17   61.6   0.4   1   1   4.6e-19   1.1e-17   61.6   0.4    37   191   195   375   172   406 0.74 -
9376:4767-5852       -            362 18893at4891          -            224   2.3e-17   60.6   0.2   1   2   7.3e-18   1.7e-16   57.7   0.2    85   186   110   226    51   237 0.76 -
9376:4767-5852       -            362 18893at4891          -            224   2.3e-17   60.6   0.2   2   2       4.4     1e+02   -0.5   0.0   197   221   277   306   268   308 0.80 -
8460:1970-2827       -            286 18893at4891          -            224   2.3e-17   60.5   1.8   1   1   1.3e-18     3e-17   60.2   0.4     1   183     3   198     3   211 0.78 -
9288:6241-7161       -            307 18893at4891          -            224   2.6e-17   60.4   0.0   1   1   6.4e-18   1.5e-16   57.9   0.0     6   183     6   217     1   233 0.77 -
9572:16580-17233     -            218 18893at4891          -            224   4.3e-17   59.7   3.0   1   1   3.4e-18     8e-17   58.8   3.0     7   176     1   199     1   218 0.71 -
9660:6627-7220       -            198 18893at4891          -            224   1.2e-16   58.2   0.0   1   1   7.4e-18   1.7e-16   57.7   0.0     3   171     1   195     1   198 0.75 -
9342:14110-15051     -            314 18893at4891          -            224   1.8e-16   57.7   4.9   1   2   1.4e-12   3.3e-11   40.4   3.4     5   134     5   157     2   162 0.75 -
9342:14110-15051     -            314 18893at4891          -            224   1.8e-16   57.7   4.9   2   2   0.00021    0.0048   13.7   0.0   137   185   179   228   173   235 0.84 -
7948:472-1854        -            461 18893at4891          -            224   4.6e-16   56.3   1.8   1   2       5.7   1.3e+02   -0.8   0.0    40    64   194   219   149   224 0.72 -
7948:472-1854        -            461 18893at4891          -            224   4.6e-16   56.3   1.8   2   2   2.7e-15   6.4e-14   49.3   0.5    91   182   273   390   262   453 0.79 -
9396:10785-11381     -            199 18893at4891          -            224   1.5e-15   54.7   0.5   1   1   9.6e-17   2.2e-15   54.0   0.5     7   180     1   197     1   199 0.78 -
9508:1626-2423       -            266 18893at4891          -            224   1.5e-15   54.6   2.6   1   2   2.9e-16   6.8e-15   52.5   2.1    55   190    22   174    10   198 0.77 -
9508:1626-2423       -            266 18893at4891          -            224   1.5e-15   54.6   2.6   2   2       4.2        99   -0.4   0.0   197   221   228   257   216   259 0.78 -
9578:6054-6923       -            290 18893at4891          -            224   1.8e-15   54.4   0.0   1   1   1.4e-16   3.2e-15   53.5   0.0    87   184    98   206     2   233 0.82 -
9708:4262-6904       -            881 18893at4891          -            224     2e-15   54.2   0.6   1   2   5.3e-11   1.2e-09   35.3   0.4     3   126   417   556   415   577 0.74 -
9708:4262-6904       -            881 18893at4891          -            224     2e-15   54.2   0.6   2   2   4.3e-05     0.001   15.9   0.0   162   185   793   816   788   828 0.87 -
9336:5762-6706       -            315 18893at4891          -            224   1.2e-14   51.7   1.9   1   1   1.3e-14   3.1e-13   47.1   1.9    78   193   140   279    34   302 0.70 -
9500:730-1611        -            294 18893at4891          -            224   2.4e-14   50.7   0.1   1   1   1.9e-14   4.5e-13   46.5   0.1    68   186    91   242    13   281 0.67 -
9724:16735-17796     -            354 18893at4891          -            224   2.5e-13   47.3   3.7   1   2   1.7e-10   4.1e-09   33.6   2.0    22   125    56   169    42   172 0.75 -
9724:16735-17796     -            354 18893at4891          -            224   2.5e-13   47.3   3.7   2   2   0.00036    0.0084   12.9   0.0   126   181   190   252   187   265 0.75 -
9050:611-1576        -            322 18893at4891          -            224   3.4e-13   46.9   5.3   1   2      0.35       8.2    3.2   0.2     3    56     7    64     5    77 0.64 -
9050:611-1576        -            322 18893at4891          -            224   3.4e-13   46.9   5.3   2   2     2e-13   4.8e-12   43.2   1.5    48   155   100   225    69   279 0.70 -
9708:2183-3157       -            325 18893at4891          -            224     4e-13   46.7   0.0   1   1   3.9e-14   9.2e-13   45.5   0.0    58   182   106   257   101   288 0.78 -
8194:3006-3602       -            199 18893at4891          -            224   4.7e-13   46.5   0.0   1   1   3.1e-13   7.3e-12   42.6   0.0    87   206    24   167     1   187 0.67 -
9280:3099-4592       -            498 18893at4891          -            224     7e-13   45.9   0.1   1   2   1.3e-09     3e-08   30.8   0.0    79   126   120   165   112   194 0.79 -
9280:3099-4592       -            498 18893at4891          -            224     7e-13   45.9   0.1   2   2    0.0006     0.014   12.2   0.0   136   180   265   310   260   317 0.84 -
8386:2346-3074       -            243 18893at4891          -            224   8.8e-13   45.6   0.0   1   2       9.8   2.3e+02   -1.6   0.0    59    92     4    40     2    44 0.66 -
8386:2346-3074       -            243 18893at4891          -            224   8.8e-13   45.6   0.0   2   2   1.8e-13   4.2e-12   43.3   0.0    92   178    66   168    61   178 0.77 -
9022:791-1471        -            227 18893at4891          -            224     1e-12   45.4   1.8   1   1   5.8e-13   1.4e-11   41.7   1.8    47   186    13   186     1   208 0.67 -
9018:8533-10704      -            724 18893at4891          -            224   2.8e-12   43.9   0.1   1   2   5.3e-09   1.3e-07   28.7   0.1     4   124   308   440   305   448 0.76 -
9018:8533-10704      -            724 18893at4891          -            224   2.8e-12   43.9   0.1   2   2   0.00039    0.0092   12.8   0.0   126   184   477   541   465   571 0.73 -
8416:2551-3603       -            351 18893at4891          -            224     2e-10   37.9   0.1   1   1   6.3e-11   1.5e-09   35.0   0.1    75   136    81   153     9   245 0.60 -
9502:2145-3251       -            369 18893at4891          -            224   3.9e-10   36.9   0.3   1   1   2.1e-10     5e-09   33.3   0.3    93   173   135   238   124   290 0.72 -
8626:1051-1599       -            183 18893at4891          -            224   8.3e-10   35.8   0.0   1   1   2.7e-10   6.4e-09   32.9   0.0    98   183    30   144    17   151 0.66 -
7548:67-747          -            227 18893at4891          -            224   1.1e-09   35.5   0.0   1   2      0.01      0.24    8.2   0.0     1    32     3    34     3    53 0.89 -
7548:67-747          -            227 18893at4891          -            224   1.1e-09   35.5   0.0   2   2   5.6e-08   1.3e-06   25.4   0.0    85   138    91   150    83   225 0.84 -
8796:1455-1940       -            162 18893at4891          -            224   6.8e-09   32.8   0.8   1   1   3.9e-10   9.2e-09   32.4   0.8     4   124    21   162    18   162 0.67 -
9250:1334-1957       -            208 18893at4891          -            224   1.5e-08   31.7   0.1   1   1   6.9e-09   1.6e-07   28.3   0.1     1   181     1   207     1   208 0.72 -
9574:11971-12594     -            208 18893at4891          -            224   3.8e-08   30.4   0.1   1   1   5.8e-08   1.4e-06   25.3   0.1     1   181     1   207     1   208 0.72 -
9532:12469-14466     -            666 18893at4891          -            224   4.5e-08   30.2   0.1   1   3      0.69        16    2.2   0.0     1    68   173   241   173   247 0.77 -
9532:12469-14466     -            666 18893at4891          -            224   4.5e-08   30.2   0.1   2   3   0.00013    0.0032   14.3   0.0    95   124   329   358   320   366 0.87 -
9532:12469-14466     -            666 18893at4891          -            224   4.5e-08   30.2   0.1   3   3     0.004     0.095    9.5   0.0   156   185   437   466   429   501 0.80 -
9316:2356-5388       -           1011 18893at4891          -            224   6.7e-08   29.6   0.2   1   2   1.6e-07   3.8e-06   23.9   0.2    55   126   622   706   598   711 0.69 -
9316:2356-5388       -           1011 18893at4891          -            224   6.7e-08   29.6   0.2   2   2      0.54        13    2.5   0.0   154   187   792   826   772   877 0.74 -
9678:8748-11114      -            789 18893at4891          -            224   2.8e-07   27.6   0.1   1   2   0.00045      0.01   12.6   0.0    89   148   145   208   136   212 0.81 -
9678:8748-11114      -            789 18893at4891          -            224   2.8e-07   27.6   0.1   2   2   0.00066     0.015   12.1   0.0   145   190   224   269   219   288 0.85 -
8766:2416-3300       -            295 18893at4891          -            224     4e-07   27.1   0.0   1   2      0.96        22    1.7   0.0   113   125   151   163   143   177 0.86 -
8766:2416-3300       -            295 18893at4891          -            224     4e-07   27.1   0.0   2   2   3.5e-07   8.3e-06   22.8   0.0   144   184   201   244   194   255 0.85 -
8836:7701-8510       -            270 18893at4891          -            224   1.7e-06   25.1   0.0   1   2     2e-05   0.00048   17.0   0.0    88   127   109   148    88   178 0.83 -
8836:7701-8510       -            270 18893at4891          -            224   1.7e-06   25.1   0.0   2   2     0.059       1.4    5.7   0.0   137   183   196   242   194   263 0.90 -
9390:2655-7010       -           1452 18893at4891          -            224   1.2e-05   22.3   0.1   1   2   2.5e-06   5.9e-05   20.0   0.1    88   134   119   168    80   176 0.77 -
9390:2655-7010       -           1452 18893at4891          -            224   1.2e-05   22.3   0.1   2   2       8.7     2e+02   -1.4   0.0   159   182   218   242   192   281 0.68 -
9418:1089-4097       -           1003 18893at4891          -            224   1.9e-05   21.6   0.3   1   1   2.3e-06   5.3e-05   20.1   0.3     6   125   697   829   692   834 0.68 -
8796:234-743         -            170 18893at4891          -            224   4.1e-05   20.5   0.0   1   1   2.8e-06   6.5e-05   19.8   0.0   119   203     1    87     1   105 0.78 -
#
# Program:         hmmsearch
# Version:         3.1b2 (February 2015)
# Pipeline mode:   SEARCH
# Query file:      /home/jj/Desktop/Bioinformatics/3rd_year/1term/Computational_genomics/Seminars/exercise_04/busco_downloads/lineages/saccharomycetes_odb10/hmms/18893at4891.hmm
# Target file:     /home/jj/Desktop/Bioinformatics/3rd_year/1term/Computational_genomics/Seminars/exercise_04/./busco/SRR6130428/SRR6130428_k63_contigs/run_saccharomycetes_odb10/metaeuk_output/initial_results/SRR6130428_k63_graph.contig.fa.modified.fas
# Option settings: hmmsearch --domtblout /home/jj/Desktop/Bioinformatics/3rd_year/1term/Computational_genomics/Seminars/exercise_04/./busco/SRR6130428/SRR6130428_k63_contigs/run_saccharomycetes_odb10/hmmer_output/initial_run_results/18893at4891.out --cpu 1 /home/jj/Desktop/Bioinformatics/3rd_year/1term/Computational_genomics/Seminars/exercise_04/busco_downloads/lineages/saccharomycetes_odb10/hmms/18893at4891.hmm /home/jj/Desktop/Bioinformatics/3rd_year/1term/Computational_genomics/Seminars/exercise_04/./busco/SRR6130428/SRR6130428_k63_contigs/run_saccharomycetes_odb10/metaeuk_output/initial_results/SRR6130428_k63_graph.contig.fa.modified.fas 
# Current dir:     /home/jj/Desktop/Bioinformatics/3rd_year/1term/Computational_genomics/Seminars/exercise_04
# Date:            Tue Nov  5 18:37:49 2024
# [ok]
