#                                                                            --- full sequence --- -------------- this domain -------------   hmm coord   ali coord   env coord
# target name        accession   tlen query name           accession   qlen   E-value  score  bias   #  of  c-Evalue  i-Evalue  score  bias  from    to  from    to  from    to  acc description of target
#------------------- ---------- ----- -------------------- ---------- ----- --------- ------ ----- --- --- --------- --------- ------ ----- ----- ----- ----- ----- ----- ----- ---- ---------------------
9036:2706-3887       -            394 18913at4891          -            326  2.5e-176  582.4   8.1   1   1  7.6e-178  3.4e-175  578.7   8.1     1   326    11   389    11   389 0.92 -
9138:223-1413        -            397 18913at4891          -            326   1.3e-49  166.0   0.0   1   1   1.4e-50   6.5e-48  160.4   0.0     8   325    12   396     3   397 0.75 -
9156:561-1694        -            378 18913at4891          -            326   2.3e-30  102.7   0.1   1   1   1.9e-32   8.3e-30  100.9   0.1    35   326    57   377    15   377 0.73 -
9554:18255-19253     -            333 18913at4891          -            326   1.6e-20   70.3   0.0   1   1   9.9e-23   4.4e-20   68.9   0.0   102   225   133   268    46   276 0.84 -
9720:36114-36866     -            251 18913at4891          -            326     5e-11   39.2   0.0   1   2   1.9e-08   8.3e-06   22.0   0.0   113   180     1    77     1    97 0.81 -
9720:36114-36866     -            251 18913at4891          -            326     5e-11   39.2   0.0   2   2     2e-06   0.00091   15.3   0.0   226   325   140   246   130   247 0.73 -
8926:4461-5255       -            265 18913at4891          -            326     2e-07   27.3   0.0   1   2     3e-07   0.00013   18.0   0.0   111   176    17    90     6   105 0.75 -
8926:4461-5255       -            265 18913at4891          -            326     2e-07   27.3   0.0   2   2   0.00048      0.21    7.5   0.0   280   325   216   261   154   262 0.70 -
#
# Program:         hmmsearch
# Version:         3.1b2 (February 2015)
# Pipeline mode:   SEARCH
# Query file:      /home/jj/Desktop/Bioinformatics/3rd_year/1term/Computational_genomics/Seminars/exercise_04/busco_downloads/lineages/saccharomycetes_odb10/hmms/18913at4891.hmm
# Target file:     /home/jj/Desktop/Bioinformatics/3rd_year/1term/Computational_genomics/Seminars/exercise_04/./busco/SRR6130428/SRR6130428_k63_contigs/run_saccharomycetes_odb10/metaeuk_output/initial_results/SRR6130428_k63_graph.contig.fa.modified.fas
# Option settings: hmmsearch --domtblout /home/jj/Desktop/Bioinformatics/3rd_year/1term/Computational_genomics/Seminars/exercise_04/./busco/SRR6130428/SRR6130428_k63_contigs/run_saccharomycetes_odb10/hmmer_output/initial_run_results/18913at4891.out --cpu 1 /home/jj/Desktop/Bioinformatics/3rd_year/1term/Computational_genomics/Seminars/exercise_04/busco_downloads/lineages/saccharomycetes_odb10/hmms/18913at4891.hmm /home/jj/Desktop/Bioinformatics/3rd_year/1term/Computational_genomics/Seminars/exercise_04/./busco/SRR6130428/SRR6130428_k63_contigs/run_saccharomycetes_odb10/metaeuk_output/initial_results/SRR6130428_k63_graph.contig.fa.modified.fas 
# Current dir:     /home/jj/Desktop/Bioinformatics/3rd_year/1term/Computational_genomics/Seminars/exercise_04
# Date:            Tue Nov  5 18:37:49 2024
# [ok]
