#                                                                            --- full sequence --- -------------- this domain -------------   hmm coord   ali coord   env coord
# target name        accession   tlen query name           accession   qlen   E-value  score  bias   #  of  c-Evalue  i-Evalue  score  bias  from    to  from    to  from    to  acc description of target
#------------------- ---------- ----- -------------------- ---------- ----- --------- ------ ----- --- --- --------- --------- ------ ----- ----- ----- ----- ----- ----- ----- ---- ---------------------
7948:472-1854        -            461 19258at4891          -            251   1.8e-81  270.3   2.3   1   2   5.7e-08   1.4e-06   25.1   0.2    25    83   135   222   130   240 0.71 -
7948:472-1854        -            461 19258at4891          -            251   1.8e-81  270.3   2.3   2   2     6e-73   1.4e-71  237.9   0.2    82   250   247   449   236   450 0.83 -
9648:180-2069        -            630 19258at4891          -            251   1.3e-39  133.3   0.1   1   1   9.7e-41   2.3e-39  132.4   0.1    25   206    51   252    39   299 0.84 -
9220:10894-11814     -            307 19258at4891          -            251   6.7e-37  124.3   0.1   1   1   6.3e-38   1.5e-36  123.2   0.1    43   209    46   229     2   241 0.83 -
9680:21437-22237     -            267 19258at4891          -            251   7.8e-37  124.1   0.0   1   1     4e-38   9.5e-37  123.8   0.0    13   215     4   221     1   261 0.80 -
9082:7406-8569       -            388 19258at4891          -            251   7.4e-36  120.9   0.1   1   2   7.2e-36   1.7e-34  116.5   0.0    62   249    82   288    50   290 0.73 -
9082:7406-8569       -            388 19258at4891          -            251   7.4e-36  120.9   0.1   2   2       0.6        14    2.1   0.0    54   100   334   380   284   384 0.71 -
9270:5360-6181       -            274 19258at4891          -            251   1.9e-35  119.6   0.0   1   1   1.3e-36     3e-35  118.9   0.0    38   209    25   213     5   227 0.80 -
9284:13564-14592     -            343 19258at4891          -            251   2.7e-35  119.1   0.0   1   1   2.2e-36   5.1e-35  118.2   0.0    63   206    91   248    26   258 0.82 -
9582:21971-22969     -            333 19258at4891          -            251   8.1e-35  117.5   0.0   1   1   5.2e-36   1.2e-34  116.9   0.0    25   208     7   219     3   268 0.76 -
8772:6932-7705       -            258 19258at4891          -            251   4.9e-34  115.0   0.1   1   1   2.9e-35   6.8e-34  114.5   0.1    25   210     4   208     1   219 0.78 -
9144:11649-12578     -            310 19258at4891          -            251   2.8e-32  109.2   1.0   1   2       0.5        12    2.3   0.1    25    61     3    46     2    62 0.69 -
9144:11649-12578     -            310 19258at4891          -            251   2.8e-32  109.2   1.0   2   2   1.3e-32   3.1e-31  105.8   0.1    69   212    83   237    53   280 0.76 -
8586:248-1081        -            278 19258at4891          -            251     4e-32  108.7   0.0   1   1   2.5e-33     6e-32  108.1   0.0    23   203    13   218     2   226 0.80 -
9538:10065-10994     -            310 19258at4891          -            251   4.2e-32  108.6   0.8   1   2       1.8        42    0.5   0.0    25    54     3    33     2    69 0.67 -
9538:10065-10994     -            310 19258at4891          -            251   4.2e-32  108.6   0.8   2   2   8.8e-33   2.1e-31  106.3   0.1    69   208    83   233    58   246 0.80 -
9026:3240-4322       -            361 19258at4891          -            251   4.9e-32  108.4   0.0   1   1     3e-33   7.1e-32  107.9   0.0    24   225   101   318    69   331 0.78 -
9576:4640-5464       -            275 19258at4891          -            251   6.5e-32  108.0   0.0   1   1   4.2e-33   9.8e-32  107.4   0.0    23   206     8   216     2   234 0.80 -
9652:9845-11956      -            704 19258at4891          -            251     1e-31  107.3   0.0   1   1   8.2e-33     2e-31  106.4   0.0    24   207    80   285    68   300 0.81 -
8588:5598-6413       -            272 19258at4891          -            251   1.4e-31  106.9   0.0   1   1   9.2e-33   2.2e-31  106.3   0.0    24   210    10   214     3   223 0.77 -
9680:14913-17372     -            820 19258at4891          -            251     1e-30  104.1   0.0   1   1   1.1e-31   2.6e-30  102.8   0.0    16   210   187   415   173   422 0.74 -
8018:2579-3376       -            266 19258at4891          -            251   2.7e-30  102.7   0.0   1   1   1.6e-31   3.9e-30  102.2   0.0    24   209     5   208     1   223 0.76 -
9168:5060-6598       -            513 19258at4891          -            251   1.1e-27   94.1   0.3   1   1   4.6e-28   1.1e-26   90.9   0.3    13   223   185   443   174   478 0.69 -
9236:8838-9737       -            300 19258at4891          -            251   4.4e-27   92.2   0.1   1   1   3.6e-28   8.6e-27   91.2   0.1    20   204     3   211     1   220 0.76 -
9214:3531-4694       -            388 19258at4891          -            251   1.1e-26   90.8   0.1   1   1   1.3e-27   3.1e-26   89.4   0.1    23   203    63   264    45   276 0.71 -
9112:9860-10915      -            352 19258at4891          -            251   4.9e-26   88.8   0.5   1   1   9.5e-27   2.3e-25   86.6   0.5    24   203    20   220     3   231 0.70 -
8792:3540-5258       -            573 19258at4891          -            251   2.1e-25   86.7   0.1   1   1   1.5e-26   3.6e-25   85.9   0.1    15   203   291   496   281   506 0.78 -
9206:2109-6836       -           1576 19258at4891          -            251   2.3e-25   86.6   0.4   1   2   4.6e-21   1.1e-19   67.9   0.1    14   156  1254  1419  1245  1429 0.75 -
9206:2109-6836       -           1576 19258at4891          -            251   2.3e-25   86.6   0.4   2   2   2.5e-05    0.0006   16.4   0.0   146   205  1441  1502  1426  1509 0.86 -
9714:25935-26888     -            318 19258at4891          -            251   8.3e-25   84.7   0.0   1   1   5.2e-26   1.2e-24   84.1   0.0    30   208    16   224     9   248 0.77 -
9316:14764-15318     -            185 19258at4891          -            251   8.5e-25   84.7   0.0   1   1   5.6e-26   1.3e-24   84.1   0.0    67   206    28   182     4   185 0.77 -
9516:8073-8876       -            268 19258at4891          -            251     1e-24   84.4   0.1   1   2       5.3   1.2e+02   -1.0   0.0    25    43     9    27     2    72 0.73 -
9516:8073-8876       -            268 19258at4891          -            251     1e-24   84.4   0.1   2   2   1.5e-25   3.5e-24   82.7   0.0   101   249   122   264   113   266 0.79 -
9688:6201-6989       -            263 19258at4891          -            251   1.1e-24   84.3   0.0   1   1   1.1e-25   2.6e-24   83.1   0.0    26   249     2   262     1   263 0.68 -
9138:5514-8171       -            886 19258at4891          -            251   1.9e-24   83.6   3.0   1   2   9.3e-08   2.2e-06   24.4   0.0    23    98    12   105     2   116 0.77 -
9138:5514-8171       -            886 19258at4891          -            251   1.9e-24   83.6   3.0   2   2   1.5e-17   3.7e-16   56.4   0.0    98   206   138   261   130   274 0.79 -
7984:778-3069        -            764 19258at4891          -            251   2.2e-24   83.3   0.2   1   1   4.1e-25   9.6e-24   81.2   0.2    23   215   349   564   333   578 0.70 -
8492:4616-5878       -            421 19258at4891          -            251   2.3e-24   83.3   0.3   1   1   8.6e-24     2e-22   76.9   0.3    44   223   146   355   102   378 0.72 -
9648:20903-21709     -            269 19258at4891          -            251     5e-24   82.2   0.0   1   1     1e-24   2.5e-23   79.9   0.0    25   248     5   267     2   269 0.69 -
9388:2420-3211       -            264 19258at4891          -            251   5.4e-24   82.1   0.0   1   2       5.5   1.3e+02   -1.1   0.0    27    43     6    22     3    76 0.73 -
9388:2420-3211       -            264 19258at4891          -            251   5.4e-24   82.1   0.0   2   2   6.9e-25   1.6e-23   80.5   0.0   100   238   116   251   104   261 0.84 -
9370:13593-17402     -           1270 19258at4891          -            251   1.4e-23   80.7   0.4   1   1   7.9e-24   1.9e-22   77.0   0.4    18   206   972  1201   961  1218 0.70 -
9558:17836-18582     -            249 19258at4891          -            251   2.1e-23   80.1   0.1   1   1   1.1e-24   2.6e-23   79.8   0.1    31   203     2   194     1   247 0.74 -
7822:341-1144        -            268 19258at4891          -            251   4.8e-23   79.0   0.0   1   1   3.1e-24   7.4e-23   78.3   0.0    45   197    29   202    14   221 0.78 -
9274:513-1736        -            408 19258at4891          -            251   6.9e-23   78.4   0.0   1   2      0.61        14    2.0   0.0    25    61    10    46     3    54 0.73 -
9274:513-1736        -            408 19258at4891          -            251   6.9e-23   78.4   0.0   2   2     7e-23   1.7e-21   73.9   0.0    68   247    89   295    73   299 0.74 -
9696:23411-25501     -            697 19258at4891          -            251   7.8e-23   78.3   0.0   1   2      0.99        23    1.3   0.0    22    46   391   415   381   435 0.69 -
9696:23411-25501     -            697 19258at4891          -            251   7.8e-23   78.3   0.0   2   2   5.4e-23   1.3e-21   74.3   0.0    46   210   463   644   457   671 0.81 -
9332:9525-11471      -            649 19258at4891          -            251   8.4e-23   78.2   0.4   1   1   6.7e-23   1.6e-21   74.0   0.4    95   203   474   577   368   629 0.75 -
8710:5595-6479       -            295 19258at4891          -            251   1.2e-22   77.6   0.8   1   3      0.24       5.6    3.4   0.0    26    43     1    18     1    48 0.81 -
8710:5595-6479       -            295 19258at4891          -            251   1.2e-22   77.6   0.8   2   3     3e-08   7.2e-07   26.0   0.1    84   131    91   147    53   152 0.80 -
8710:5595-6479       -            295 19258at4891          -            251   1.2e-22   77.6   0.8   3   3   3.1e-14   7.3e-13   45.6   0.0   138   219   174   248   161   291 0.81 -
9722:16235-17092     -            286 19258at4891          -            251   1.5e-22   77.3   0.6   1   1   2.5e-22     6e-21   72.1   0.6    27   226     3   240     1   249 0.67 -
9556:876-1871        -            332 19258at4891          -            251   3.1e-22   76.3   1.1   1   3     0.037      0.87    6.0   0.0    25    46    12    33     4    59 0.81 -
9556:876-1871        -            332 19258at4891          -            251   3.1e-22   76.3   1.1   2   3   7.4e-08   1.8e-06   24.7   0.1    97   132   137   172   101   180 0.84 -
9556:876-1871        -            332 19258at4891          -            251   3.1e-22   76.3   1.1   3   3   2.1e-13     5e-12   42.9   0.0   139   207   209   274   206   324 0.82 -
9352:14667-17009     -            781 19258at4891          -            251     1e-21   74.6   0.3   1   2       7.1   1.7e+02   -1.5   0.0    15    45   475   505   462   521 0.72 -
9352:14667-17009     -            781 19258at4891          -            251     1e-21   74.6   0.3   2   2   5.6e-22   1.3e-20   70.9   0.1    99   203   609   708   527   716 0.78 -
8450:345-1649        -            435 19258at4891          -            251   1.1e-21   74.6   0.3   1   3    0.0002    0.0048   13.4   0.0    24    98    23   115     8   125 0.68 -
8450:345-1649        -            435 19258at4891          -            251   1.1e-21   74.6   0.3   2   3    0.0093      0.22    8.0   0.0   116   140   167   191   163   197 0.85 -
8450:345-1649        -            435 19258at4891          -            251   1.1e-21   74.6   0.3   3   3     2e-15   4.7e-14   49.5   0.0   138   207   224   292   218   305 0.91 -
9442:11388-12206     -            273 19258at4891          -            251   1.1e-21   74.5   0.1   1   1   6.7e-23   1.6e-21   74.0   0.1    32   205     1   196     1   247 0.71 -
9138:9482-10486      -            335 19258at4891          -            251   1.5e-21   74.1   0.0   1   2      0.01      0.25    7.8   0.0    13    82    28   113    18   135 0.67 -
9138:9482-10486      -            335 19258at4891          -            251   1.5e-21   74.1   0.0   2   2   1.5e-19   3.5e-18   63.0   0.0    91   207   148   271   141   332 0.84 -
9574:22194-23423     -            410 19258at4891          -            251   2.1e-21   73.6   0.6   1   2   5.2e-14   1.2e-12   44.8   0.1    16   154     8   168     3   176 0.73 -
9574:22194-23423     -            410 19258at4891          -            251   2.1e-21   73.6   0.6   2   2     2e-08   4.7e-07   26.6   0.1   158   209   233   283   213   296 0.84 -
9666:20504-21955     -            484 19258at4891          -            251   3.1e-21   73.0   0.6   1   1   3.1e-22   7.3e-21   71.8   0.6    13   204   156   367   149   381 0.75 -
9700:35509-36408     -            300 19258at4891          -            251   3.5e-21   72.8   0.1   1   1   2.1e-21   4.9e-20   69.1   0.1    28   208     3   203     1   223 0.77 -
9000:1272-2168       -            299 19258at4891          -            251     1e-20   71.3   0.2   1   1   6.4e-22   1.5e-20   70.8   0.2    71   209    62   214     4   222 0.73 -
9288:1887-2741       -            285 19258at4891          -            251   2.6e-20   70.0   0.0   1   1   1.7e-21     4e-20   69.4   0.0    57   208    54   222    18   229 0.75 -
9724:42501-46928     -           1476 19258at4891          -            251   3.1e-20   69.8   0.2   1   1   2.3e-21   5.5e-20   68.9   0.2    23   204  1172  1381  1151  1392 0.76 -
9220:8467-9282       -            272 19258at4891          -            251   4.6e-20   69.2   0.0   1   1   3.8e-21   9.1e-20   68.2   0.0    91   210   100   211    87   221 0.88 -
9650:24829-29790     -           1654 19258at4891          -            251   6.7e-20   68.6   3.0   1   3   5.8e-05    0.0014   15.2   0.0    81   197   337   470   305   490 0.67 -
9650:24829-29790     -           1654 19258at4891          -            251   6.7e-20   68.6   3.0   2   3     0.006      0.14    8.6   0.0    21    78   589   652   575   659 0.63 -
9650:24829-29790     -           1654 19258at4891          -            251   6.7e-20   68.6   3.0   3   3   4.1e-13   9.6e-12   41.9   0.2   101   203   808   917   771   935 0.72 -
8274:2342-3058       -            239 19258at4891          -            251     9e-20   68.2   0.3   1   1   6.1e-21   1.5e-19   67.5   0.3    31   206     2   193     1   202 0.74 -
9270:2604-3470       -            289 19258at4891          -            251   7.8e-19   65.2   0.0   1   1   6.2e-20   1.5e-18   64.3   0.0    91   205   110   216   100   225 0.86 -
9470:3000-4022       -            341 19258at4891          -            251   1.1e-18   64.6   0.4   1   1   3.8e-18   8.9e-17   58.4   0.4    17   209    15   251     4   290 0.69 -
9724:16735-17796     -            354 19258at4891          -            251   1.4e-18   64.3   0.3   1   2      0.58        14    2.1   0.0    23    46     2    25     1    43 0.85 -
9724:16735-17796     -            354 19258at4891          -            251   1.4e-18   64.3   0.3   2   2   3.7e-18   8.7e-17   58.4   0.2    92   193   129   242    35   253 0.82 -
8460:1970-2827       -            286 19258at4891          -            251   1.5e-18   64.2   0.5   1   1     9e-19   2.1e-17   60.4   0.5    25   205     2   198     1   212 0.84 -
9280:3099-4592       -            498 19258at4891          -            251   1.7e-18   64.1   0.0   1   3    0.0051      0.12    8.8   0.0    20    46    19    45     3    93 0.80 -
9280:3099-4592       -            498 19258at4891          -            251   1.7e-18   64.1   0.0   2   3   7.7e-09   1.8e-07   27.9   0.0   100   162   132   191   105   200 0.86 -
9280:3099-4592       -            498 19258at4891          -            251   1.7e-18   64.1   0.0   3   3   1.8e-07   4.3e-06   23.4   0.0   160   203   268   311   240   327 0.88 -
9404:2234-3256       -            341 19258at4891          -            251   1.8e-18   64.0   0.6   1   1     7e-19   1.7e-17   60.8   0.6    17   210    32   266    21   303 0.70 -
9674:28087-29058     -            324 19258at4891          -            251   2.6e-18   63.4   0.0   1   2     0.046       1.1    5.7   0.0    30    80     3    60     1    86 0.72 -
9674:28087-29058     -            324 19258at4891          -            251   2.6e-18   63.4   0.0   2   2     2e-17   4.9e-16   56.0   0.1    95   203   100   204    67   218 0.83 -
9494:7698-8528       -            277 19258at4891          -            251   4.1e-18   62.8   0.3   1   2    0.0067      0.16    8.5   0.2    32    86     1    55     1    93 0.80 -
9494:7698-8528       -            277 19258at4891          -            251   4.1e-18   62.8   0.3   2   2   2.3e-16   5.4e-15   52.6   0.0   100   197    96   190    91   200 0.88 -
9396:10785-11381     -            199 19258at4891          -            251   9.1e-18   61.7   0.2   1   1   5.1e-19   1.2e-17   61.3   0.2    51   203    29   198     9   199 0.75 -
7804:258-1562        -            435 19258at4891          -            251     1e-17   61.5   0.1   1   2   1.8e-18   4.3e-17   59.4   0.0    22   200    19   214     9   226 0.75 -
7804:258-1562        -            435 19258at4891          -            251     1e-17   61.5   0.1   2   2       9.2   2.2e+02   -1.8   0.0   196   217   278   299   276   302 0.85 -
9344:12609-14093     -            495 19258at4891          -            251   1.2e-17   61.3   0.2   1   2   8.5e-12     2e-10   37.6   0.1    26   150     6   153     2   161 0.71 -
9344:12609-14093     -            495 19258at4891          -            251   1.2e-17   61.3   0.2   2   2   7.2e-07   1.7e-05   21.5   0.0   164   206   361   403   349   419 0.90 -
9548:337-1380        -            348 19258at4891          -            251   1.5e-17   61.0   0.7   1   2    0.0018     0.044   10.3   0.0    21    86     8    85     2   102 0.67 -
9548:337-1380        -            348 19258at4891          -            251   1.5e-17   61.0   0.7   2   2   4.3e-15     1e-13   48.4   0.0    87   199   107   219    95   233 0.85 -
8798:2318-3331       -            338 19258at4891          -            251   1.6e-17   60.9   0.0   1   2       3.8        89   -0.5   0.0    36    74    28    67     4    84 0.71 -
8798:2318-3331       -            338 19258at4891          -            251   1.6e-17   60.9   0.0   2   2   8.5e-18     2e-16   57.2   0.0    99   246   158   324   153   328 0.68 -
9578:6054-6923       -            290 19258at4891          -            251   2.6e-17   60.2   0.0   1   2     0.092       2.2    4.7   0.0    32   103     1    80     1    90 0.62 -
9578:6054-6923       -            290 19258at4891          -            251   2.6e-17   60.2   0.0   2   2   8.9e-17   2.1e-15   53.9   0.0    85   211    89   211    80   230 0.85 -
8386:2346-3074       -            243 19258at4891          -            251     3e-17   60.0   0.0   1   2     0.068       1.6    5.2   0.0    84   106    20    42     2    54 0.76 -
8386:2346-3074       -            243 19258at4891          -            251     3e-17   60.0   0.0   2   2   1.9e-16   4.6e-15   52.8   0.0   100   197    67   165    50   178 0.81 -
9708:4262-6904       -            881 19258at4891          -            251     4e-17   59.5   0.5   1   3       0.9        21    1.5   0.0    46    88   442   485   416   504 0.80 -
9708:4262-6904       -            881 19258at4891          -            251     4e-17   59.5   0.5   2   3   1.6e-10   3.8e-09   33.4   0.1   104   155   527   579   519   584 0.85 -
9708:4262-6904       -            881 19258at4891          -            251     4e-17   59.5   0.5   3   3   1.9e-06   4.5e-05   20.1   0.0   181   208   790   817   787   827 0.86 -
9022:9769-10653      -            295 19258at4891          -            251   5.1e-17   59.2   0.1   1   1   1.5e-16   3.6e-15   53.2   0.1    25   200     2   202     1   214 0.75 -
9568:2563-4101       -            513 19258at4891          -            251   1.7e-16   57.5   3.1   1   2     0.074       1.7    5.0   0.2    28    82   193   257   182   296 0.63 -
9568:2563-4101       -            513 19258at4891          -            251   1.7e-16   57.5   3.1   2   2   2.6e-16   6.1e-15   52.4   0.0    95   203   302   404   294   413 0.90 -
8384:242-1183        -            314 19258at4891          -            251   2.1e-16   57.2   0.1   1   1   5.8e-16   1.4e-14   51.3   0.1    22   198     4   213     2   226 0.68 -
8850:3013-4704       -            564 19258at4891          -            251   2.2e-16   57.1   0.4   1   2   2.2e-10   5.2e-09   33.0   0.0    23   152   166   317   149   328 0.74 -
8850:3013-4704       -            564 19258at4891          -            251   2.2e-16   57.1   0.4   2   2   5.7e-07   1.4e-05   21.8   0.0   159   209   364   413   354   421 0.84 -
9242:6452-8167       -            572 19258at4891          -            251   3.2e-16   56.6   0.4   1   2   3.2e-10   7.5e-09   32.5   0.0    23   151   174   324   154   336 0.69 -
9242:6452-8167       -            572 19258at4891          -            251   3.2e-16   56.6   0.4   2   2   5.4e-07   1.3e-05   21.9   0.1   159   208   372   420   361   430 0.84 -
9598:11083-11721     -            213 19258at4891          -            251   5.8e-16   55.8   0.1   1   3   3.7e-05   0.00087   15.9   0.0    32   101     3    89     1    93 0.63 -
9598:11083-11721     -            213 19258at4891          -            251   5.8e-16   55.8   0.1   2   3   2.7e-10   6.5e-09   32.7   0.0    99   176   104   174    96   185 0.86 -
9598:11083-11721     -            213 19258at4891          -            251   5.8e-16   55.8   0.1   3   3      0.16       3.9    3.9   0.1   179   197   193   211   189   213 0.89 -
9708:2183-3157       -            325 19258at4891          -            251   6.1e-16   55.7   0.1   1   1   8.2e-17     2e-15   54.0   0.1    85   200   124   253   106   268 0.73 -
8068:741-1847        -            369 19258at4891          -            251   6.7e-16   55.5   0.4   1   1   1.6e-14   3.8e-13   46.5   0.4    86   198   111   226     3   234 0.76 -
8554:159-1031        -            291 19258at4891          -            251   8.8e-16   55.2   0.0   1   2      0.32       7.5    3.0   0.0    26    82     1    69     1    75 0.68 -
8554:159-1031        -            291 19258at4891          -            251   8.8e-16   55.2   0.0   2   2   1.2e-15   2.9e-14   50.2   0.0    98   202   104   203    80   213 0.89 -
8626:1051-1599       -            183 19258at4891          -            251   9.7e-16   55.0   0.0   1   1   9.4e-17   2.2e-15   53.8   0.0   102   204    27   143    15   151 0.79 -
7674:805-1767        -            321 19258at4891          -            251   1.6e-15   54.3   7.0   1   3      0.05       1.2    5.6   0.1    27    72     8    58     2    67 0.67 -
7674:805-1767        -            321 19258at4891          -            251   1.6e-15   54.3   7.0   2   3   1.5e-09   3.6e-08   30.2   1.1    59   137    66   162    59   168 0.67 -
7674:805-1767        -            321 19258at4891          -            251   1.6e-15   54.3   7.0   3   3   2.4e-06   5.7e-05   19.7   0.0   142   209   185   266   175   280 0.74 -
9376:4767-5852       -            362 19258at4891          -            251   3.2e-15   53.3   0.1   1   1   3.9e-14   9.2e-13   45.3   0.1    95   203   113   221     2   231 0.65 -
9526:4843-6750       -            636 19258at4891          -            251   4.2e-15   53.0   0.0   1   1   4.7e-16   1.1e-14   51.6   0.0    14   206   316   535   310   546 0.73 -
9660:6627-7220       -            198 19258at4891          -            251   4.2e-15   52.9   0.1   1   1   2.8e-16   6.7e-15   52.3   0.1    54   194    36   196     8   198 0.66 -
9468:11302-12276     -            325 19258at4891          -            251     5e-15   52.7   2.2   1   1   2.2e-14   5.2e-13   46.1   2.2    27   193     6   207     2   216 0.63 -
8666:1918-2913       -            332 19258at4891          -            251     5e-15   52.7   5.3   1   1   2.7e-13   6.3e-12   42.5   5.3    89   204   114   251     1   316 0.73 -
9572:16580-17233     -            218 19258at4891          -            251     5e-15   52.7   1.6   1   1   9.1e-14   2.1e-12   44.1   1.6    82   196    74   197     1   209 0.61 -
9140:10766-11608     -            281 19258at4891          -            251   6.9e-15   52.2   0.0   1   2      0.25         6    3.3   0.0    32    77     1    49     1    58 0.73 -
9140:10766-11608     -            281 19258at4891          -            251   6.9e-15   52.2   0.0   2   2   1.2e-14   2.9e-13   46.9   0.0   101   197    97   190    88   201 0.86 -
8764:438-2084        -            549 19258at4891          -            251   1.2e-14   51.5   0.6   1   1   8.9e-16   2.1e-14   50.6   0.1    98   196   261   358   178   379 0.81 -
9502:2145-3251       -            369 19258at4891          -            251   1.5e-14   51.2   0.0   1   1   1.1e-15   2.5e-14   50.4   0.0   103   193   138   236   125   243 0.81 -
9342:14110-15051     -            314 19258at4891          -            251   2.8e-14   50.2   2.2   1   2   0.00097     0.023   11.2   0.1    26    82     1    66     1    80 0.72 -
9342:14110-15051     -            314 19258at4891          -            251   2.8e-14   50.2   2.2   2   2   1.6e-11   3.7e-10   36.7   0.4    95   200   108   221   105   229 0.77 -
9508:1626-2423       -            266 19258at4891          -            251   4.8e-14   49.5   0.2   1   1   2.7e-15   6.4e-14   49.1   0.2   100   207    66   169    43   186 0.89 -
8804:3362-4279       -            306 19258at4891          -            251   5.1e-14   49.4   1.0   1   2       0.3       7.1    3.0   0.1    26    63     4    45     1    59 0.54 -
8804:3362-4279       -            306 19258at4891          -            251   5.1e-14   49.4   1.0   2   2   5.5e-14   1.3e-12   44.8   0.1    95   196   103   198    73   218 0.84 -
8416:2551-3603       -            351 19258at4891          -            251   1.4e-13   48.0   0.0   1   1   1.3e-14   3.1e-13   46.8   0.0   103   208   110   229   102   238 0.78 -
9288:6241-7161       -            307 19258at4891          -            251   7.7e-13   45.5   0.2   1   1   3.3e-13   7.9e-12   42.2   0.2    92   209    93   221     1   275 0.81 -
9500:730-1611        -            294 19258at4891          -            251   1.7e-12   44.4   0.0   1   1   2.3e-13   5.6e-12   42.7   0.0    83   204    97   238    92   242 0.70 -
7548:67-747          -            227 19258at4891          -            251   3.5e-12   43.4   0.0   1   2      0.64        15    2.0   0.0    26    47     3    24     1    54 0.69 -
7548:67-747          -            227 19258at4891          -            251   3.5e-12   43.4   0.0   2   2   2.3e-12   5.4e-11   39.5   0.0    76   214    75   218    70   225 0.77 -
8194:3006-3602       -            199 19258at4891          -            251   7.9e-12   42.2   0.2   1   1   6.5e-13   1.5e-11   41.3   0.2    97   206    27   145     1   190 0.74 -
9336:5762-6706       -            315 19258at4891          -            251   9.1e-12   42.0   0.4   1   1   1.1e-12   2.6e-11   40.5   0.4    97   207   152   271   121   280 0.73 -
9050:611-1576        -            322 19258at4891          -            251   1.7e-11   41.1   2.7   1   2       8.5     2e+02   -1.7   0.0    25    43     4    22     2    44 0.79 -
9050:611-1576        -            322 19258at4891          -            251   1.7e-11   41.1   2.7   2   2   7.7e-12   1.8e-10   37.7   1.6    96   186   151   232    74   278 0.74 -
9022:791-1471        -            227 19258at4891          -            251   1.7e-11   41.1   1.6   1   1   4.3e-12     1e-10   38.6   1.6    77   208    45   186    14   198 0.70 -
9316:2356-5388       -           1011 19258at4891          -            251   3.3e-10   36.9   0.0   1   2   2.6e-10   6.1e-09   32.8   0.0   103   173   676   759   670   763 0.72 -
9316:2356-5388       -           1011 19258at4891          -            251   3.3e-10   36.9   0.0   2   2         1        24    1.3   0.0   182   211   798   828   796   833 0.79 -
9250:1334-1957       -            208 19258at4891          -            251   6.5e-10   35.9   0.0   1   2         7   1.7e+02   -1.4   0.0    26    46     1    21     1    37 0.76 -
9250:1334-1957       -            208 19258at4891          -            251   6.5e-10   35.9   0.0   2   2   7.4e-11   1.8e-09   34.5   0.0    75   203    72   207    66   208 0.81 -
9574:11971-12594     -            208 19258at4891          -            251   7.1e-10   35.8   0.0   1   2       9.5   2.2e+02   -1.9   0.0    26    42     1    17     1    32 0.78 -
9574:11971-12594     -            208 19258at4891          -            251   7.1e-10   35.8   0.0   2   2   7.1e-11   1.7e-09   34.6   0.0    75   203    72   207    66   208 0.82 -
9018:8533-10704      -            724 19258at4891          -            251   1.3e-09   34.9   0.4   1   3       3.9        92   -0.6   0.0    27    69   306   352   301   361 0.60 -
9018:8533-10704      -            724 19258at4891          -            251   1.3e-09   34.9   0.4   2   3   1.8e-08   4.2e-07   26.7   0.1    53   134   359   443   330   465 0.79 -
9018:8533-10704      -            724 19258at4891          -            251   1.3e-09   34.9   0.4   3   3     0.091       2.2    4.7   0.0   166   197   500   530   476   555 0.75 -
8796:1455-1940       -            162 19258at4891          -            251   6.1e-08   29.5   0.5   1   2    0.0089      0.21    8.1   0.0    24    58    16    50     6    72 0.74 -
8796:1455-1940       -            162 19258at4891          -            251   6.1e-08   29.5   0.5   2   2   2.3e-06   5.5e-05   19.8   0.4    96   131   126   162    98   162 0.85 -
9532:12469-14466     -            666 19258at4891          -            251   1.8e-06   24.6   0.0   1   3       1.6        39    0.6   0.0    83   103   271   290   251   296 0.80 -
9532:12469-14466     -            666 19258at4891          -            251   1.8e-06   24.6   0.0   2   3   0.00047     0.011   12.2   0.0    98   136   325   363   313   366 0.86 -
9532:12469-14466     -            666 19258at4891          -            251   1.8e-06   24.6   0.0   3   3     0.019      0.44    7.0   0.0   183   206   442   465   434   478 0.89 -
8836:7701-8510       -            270 19258at4891          -            251   2.4e-06   24.2   0.0   1   1   3.5e-06   8.4e-05   19.2   0.0    75   206    89   243    83   260 0.65 -
8796:234-743         -            170 19258at4891          -            251   2.4e-05   21.0   0.0   1   1   1.3e-06   3.1e-05   20.6   0.0   137   215     3    77     1    86 0.78 -
9390:2655-7010       -           1452 19258at4891          -            251   0.00011   18.8   0.0   1   1   1.1e-05   0.00026   17.6   0.0    99   133   123   157   117   181 0.85 -
8766:2416-3300       -            295 19258at4891          -            251   0.00019   18.0   0.0   1   1   1.4e-05   0.00033   17.2   0.0   120   209   151   247   140   266 0.71 -
9418:1089-4097       -           1003 19258at4891          -            251      0.01   12.4   0.4   1   1    0.0024     0.057    9.9   0.4    90   134   787   831   680   835 0.85 -
#
# Program:         hmmsearch
# Version:         3.1b2 (February 2015)
# Pipeline mode:   SEARCH
# Query file:      /home/jj/Desktop/Bioinformatics/3rd_year/1term/Computational_genomics/Seminars/exercise_04/busco_downloads/lineages/saccharomycetes_odb10/hmms/19258at4891.hmm
# Target file:     /home/jj/Desktop/Bioinformatics/3rd_year/1term/Computational_genomics/Seminars/exercise_04/./busco/SRR6130428/SRR6130428_k63_contigs/run_saccharomycetes_odb10/metaeuk_output/initial_results/SRR6130428_k63_graph.contig.fa.modified.fas
# Option settings: hmmsearch --domtblout /home/jj/Desktop/Bioinformatics/3rd_year/1term/Computational_genomics/Seminars/exercise_04/./busco/SRR6130428/SRR6130428_k63_contigs/run_saccharomycetes_odb10/hmmer_output/initial_run_results/19258at4891.out --cpu 1 /home/jj/Desktop/Bioinformatics/3rd_year/1term/Computational_genomics/Seminars/exercise_04/busco_downloads/lineages/saccharomycetes_odb10/hmms/19258at4891.hmm /home/jj/Desktop/Bioinformatics/3rd_year/1term/Computational_genomics/Seminars/exercise_04/./busco/SRR6130428/SRR6130428_k63_contigs/run_saccharomycetes_odb10/metaeuk_output/initial_results/SRR6130428_k63_graph.contig.fa.modified.fas 
# Current dir:     /home/jj/Desktop/Bioinformatics/3rd_year/1term/Computational_genomics/Seminars/exercise_04
# Date:            Tue Nov  5 18:37:50 2024
# [ok]
