#                                                                            --- full sequence --- -------------- this domain -------------   hmm coord   ali coord   env coord
# target name        accession   tlen query name           accession   qlen   E-value  score  bias   #  of  c-Evalue  i-Evalue  score  bias  from    to  from    to  from    to  acc description of target
#------------------- ---------- ----- -------------------- ---------- ----- --------- ------ ----- --- --- --------- --------- ------ ----- ----- ----- ----- ----- ----- ----- ---- ---------------------
8892:1238-2197       -            320 19275at4891          -            261  1.4e-142  470.9   1.3   1   1  3.2e-144  2.4e-142  470.1   1.3     1   261     9   300     9   300 0.90 -
8618:204-1031        -            276 19275at4891          -            261   4.6e-47  157.9   0.1   1   1   6.8e-49   5.2e-47  157.7   0.1     5   257     1   276     1   276 0.86 -
9216:11770-12681     -            304 19275at4891          -            261   1.1e-40  136.9   0.6   1   1   9.2e-42     7e-40  134.3   0.6     3   257    14   293    12   297 0.78 -
8498:3398-4288       -            297 19275at4891          -            261   1.4e-40  136.6   0.2   1   1   3.1e-41   2.3e-39  132.6   0.2     3   256    14   294    12   297 0.79 -
8624:103-2805        -            901 19275at4891          -            261   9.6e-40  133.9   0.0   1   1   6.9e-41   5.2e-39  131.5   0.0     5   260   535   811   532   812 0.86 -
7848:245-1210        -            322 19275at4891          -            261   1.4e-33  113.7   2.0   1   2   6.9e-24   5.3e-22   75.7   0.5    82   260    14   214     8   215 0.80 -
7848:245-1210        -            322 19275at4891          -            261   1.4e-33  113.7   2.0   2   2   1.8e-14   1.4e-12   44.9   0.0   124   258   167   306   164   309 0.82 -
9468:18764-19579     -            272 19275at4891          -            261   5.6e-31  105.1   0.0   1   1     1e-32   7.7e-31  104.7   0.0     6   258     1   271     1   272 0.86 -
9390:15488-16345     -            286 19275at4891          -            261   2.1e-30  103.3   0.0   1   2   6.4e-11   4.9e-09   33.2   0.1   188   260     2    74     1    75 0.93 -
9390:15488-16345     -            286 19275at4891          -            261   2.1e-30  103.3   0.0   2   2   1.4e-21   1.1e-19   68.1   0.0    87   259   102   283    89   285 0.87 -
9636:22681-23493     -            271 19275at4891          -            261     4e-30  102.3   0.0   1   1   7.2e-32   5.5e-30  101.9   0.0     3   260     6   268     4   269 0.83 -
8734:5869-6846       -            326 19275at4891          -            261   1.2e-29  100.8   0.1   1   2   2.6e-17     2e-15   54.2   0.1    89   214    23   155    12   177 0.79 -
8734:5869-6846       -            326 19275at4891          -            261   1.2e-29  100.8   0.1   2   2   2.1e-14   1.6e-12   44.7   0.0   139   259   185   319   179   321 0.83 -
9542:7230-8360       -            377 19275at4891          -            261   2.2e-29   99.9   0.6   1   2   0.00012     0.009   12.7   0.0   181   213    52    84    22   111 0.66 -
9542:7230-8360       -            377 19275at4891          -            261   2.2e-29   99.9   0.6   2   2   1.4e-25   1.1e-23   81.3   0.2    35   259   118   372   104   374 0.75 -
9260:13124-14104     -            327 19275at4891          -            261   1.4e-28   97.3   0.5   1   1     3e-30   2.3e-28   96.6   0.5     3   258    38   317    36   320 0.78 -
9646:21723-22529     -            269 19275at4891          -            261   1.8e-28   97.0   0.1   1   1   2.9e-30   2.3e-28   96.6   0.1     4   257     1   269     1   269 0.80 -
8602:3632-4684       -            351 19275at4891          -            261   2.1e-28   96.7   0.0   1   3   5.8e-05    0.0045   13.7   0.0    96   124    10    38     2    52 0.85 -
8602:3632-4684       -            351 19275at4891          -            261   2.1e-28   96.7   0.0   2   3     4e-12   3.1e-10   37.2   0.0   117   260    84   239    80   240 0.87 -
8602:3632-4684       -            351 19275at4891          -            261   2.1e-28   96.7   0.0   3   3   1.6e-13   1.2e-11   41.8   0.0     4    80   263   350   259   351 0.82 -
9440:8613-9407       -            265 19275at4891          -            261   2.4e-28   96.6   0.0   1   1   3.7e-30   2.9e-28   96.3   0.0     7   253     1   261     1   265 0.82 -
7420:226-1116        -            297 19275at4891          -            261   2.9e-27   93.0   0.0   1   1   4.9e-29   3.7e-27   92.6   0.0     3   257    28   297    26   297 0.79 -
8890:5745-6635       -            297 19275at4891          -            261   6.2e-27   91.9   0.8   1   1   4.6e-28   3.5e-26   89.4   0.8     3   260     8   294     6   295 0.76 -
9044:1245-2084       -            280 19275at4891          -            261   9.5e-27   91.3   0.2   1   1   2.5e-28   1.9e-26   90.3   0.2     2   259     3   277     2   279 0.83 -
9644:4938-5942       -            335 19275at4891          -            261   1.1e-26   91.1   0.0   1   1   4.9e-27   3.8e-25   86.0   0.0     3   260    47   329    45   330 0.77 -
7524:527-1453        -            309 19275at4891          -            261     1e-25   87.9   1.3   1   2   1.4e-11   1.1e-09   35.4   0.0   176   249     6    86     1    92 0.80 -
7524:527-1453        -            309 19275at4891          -            261     1e-25   87.9   1.3   2   2   2.9e-15   2.2e-13   47.5   0.3    70   258    88   301    86   304 0.77 -
9148:5152-6243       -            364 19275at4891          -            261   1.8e-24   83.8   0.0   1   2   6.3e-25   4.8e-23   79.1   0.0     4   213    54   285    51   313 0.79 -
9148:5152-6243       -            364 19275at4891          -            261   1.8e-24   83.8   0.0   2   2      0.53        41    0.7   0.0   223   256   318   351   305   355 0.72 -
9360:2566-3465       -            300 19275at4891          -            261     4e-24   82.7   0.0   1   1   1.2e-24   9.2e-23   78.2   0.0     4   254    14   285    11   290 0.73 -
7950:140-1054        -            305 19275at4891          -            261   2.3e-23   80.2   0.4   1   1   9.3e-23   7.1e-21   72.0   0.4     3   260     6   302     4   303 0.71 -
9290:2994-3881       -            296 19275at4891          -            261   1.6e-21   74.2   5.4   1   2     7e-06   0.00053   16.7   0.1     4   119     7   125     4   145 0.80 -
9290:2994-3881       -            296 19275at4891          -            261   1.6e-21   74.2   5.4   2   2   1.3e-18   9.7e-17   58.5   2.3    40   170   166   294   153   296 0.91 -
9038:3856-4851       -            332 19275at4891          -            261   1.7e-19   67.5   0.3   1   3   2.4e-12   1.8e-10   37.9   0.0     5   126    13   144     8   165 0.64 -
9038:3856-4851       -            332 19275at4891          -            261   1.7e-19   67.5   0.3   2   3     0.053       4.1    4.0   0.0    51    82   177   208   172   217 0.88 -
9038:3856-4851       -            332 19275at4891          -            261   1.7e-19   67.5   0.3   3   3   2.4e-06   0.00018   18.3   0.1   181   260   239   327   233   328 0.56 -
8722:6581-7432       -            284 19275at4891          -            261   4.7e-19   66.1   0.4   1   2   6.8e-09   5.2e-07   26.6   0.0    90   215     9   144     2   147 0.75 -
8722:6581-7432       -            284 19275at4891          -            261   4.7e-19   66.1   0.4   2   2   5.4e-14   4.1e-12   43.3   0.1     3   156   113   278   111   284 0.81 -
9432:17155-18030     -            292 19275at4891          -            261   3.7e-18   63.1   0.2   1   2   5.9e-08   4.5e-06   23.5   0.0    93   215    12   144     3   146 0.74 -
9432:17155-18030     -            292 19275at4891          -            261   3.7e-18   63.1   0.2   2   2   2.1e-14   1.6e-12   44.7   0.1     3   161   113   283   111   292 0.80 -
9594:15511-16419     -            303 19275at4891          -            261   5.2e-18   62.6   2.8   1   3      0.28        22    1.6   0.0   183   212     3    32     1    39 0.82 -
9594:15511-16419     -            303 19275at4891          -            261   5.2e-18   62.6   2.8   2   3   8.1e-07   6.2e-05   19.8   0.1   124   179    50   105    45   113 0.88 -
9594:15511-16419     -            303 19275at4891          -            261   5.2e-18   62.6   2.8   3   3   4.9e-13   3.7e-11   40.2   0.1    87   253   121   293   112   301 0.81 -
9700:14404-15303     -            300 19275at4891          -            261   1.1e-17   61.5   0.0   1   2   0.00012    0.0093   12.7   0.0   188   260    10    78     2    79 0.73 -
9700:14404-15303     -            300 19275at4891          -            261   1.1e-17   61.5   0.0   2   2   3.6e-14   2.7e-12   43.9   0.1   106   258   127   294    98   298 0.77 -
9414:294-1106        -            271 19275at4891          -            261     2e-17   60.7   0.0   1   2   4.7e-06   0.00036   17.3   0.0    94   175     4    90     1    99 0.67 -
9414:294-1106        -            271 19275at4891          -            261     2e-17   60.7   0.0   2   2   2.2e-13   1.7e-11   41.3   0.0     3   149   105   263   103   270 0.79 -
9048:1902-2756       -            285 19275at4891          -            261   5.7e-17   59.2   0.1   1   1   9.9e-19   7.5e-17   58.8   0.1    18   260    26   281    11   282 0.77 -
7910:2109-3017       -            303 19275at4891          -            261   1.4e-16   57.9   0.1   1   1   2.5e-18   1.9e-16   57.5   0.1    17   260    26   287    10   288 0.80 -
8334:78-1001         -            308 19275at4891          -            261   1.2e-13   48.4   0.0   1   1   2.5e-15   1.9e-13   47.7   0.0    18   242    32   275    14   286 0.73 -
9686:6478-6927       -            150 19275at4891          -            261   2.6e-10   37.4   0.1   1   2    0.0036      0.28    7.8   0.1    46    89     8    51     2    68 0.81 -
9686:6478-6927       -            150 19275at4891          -            261   2.6e-10   37.4   0.1   2   2   2.2e-09   1.7e-07   28.2   0.0   186   261    67   148    53   148 0.82 -
9686:6806-8086       -            427 19275at4891          -            261   3.8e-10   36.9   0.1   1   2     0.018       1.4    5.5   0.0     4    28   225   249   213   269 0.83 -
9686:6806-8086       -            427 19275at4891          -            261   3.8e-10   36.9   0.1   2   2   1.3e-09   9.6e-08   29.0   0.0    40   128   286   380   274   405 0.81 -
#
# Program:         hmmsearch
# Version:         3.1b2 (February 2015)
# Pipeline mode:   SEARCH
# Query file:      /home/jj/Desktop/Bioinformatics/3rd_year/1term/Computational_genomics/Seminars/exercise_04/busco_downloads/lineages/saccharomycetes_odb10/hmms/19275at4891.hmm
# Target file:     /home/jj/Desktop/Bioinformatics/3rd_year/1term/Computational_genomics/Seminars/exercise_04/./busco/SRR6130428/SRR6130428_k63_contigs/run_saccharomycetes_odb10/metaeuk_output/initial_results/SRR6130428_k63_graph.contig.fa.modified.fas
# Option settings: hmmsearch --domtblout /home/jj/Desktop/Bioinformatics/3rd_year/1term/Computational_genomics/Seminars/exercise_04/./busco/SRR6130428/SRR6130428_k63_contigs/run_saccharomycetes_odb10/hmmer_output/initial_run_results/19275at4891.out --cpu 1 /home/jj/Desktop/Bioinformatics/3rd_year/1term/Computational_genomics/Seminars/exercise_04/busco_downloads/lineages/saccharomycetes_odb10/hmms/19275at4891.hmm /home/jj/Desktop/Bioinformatics/3rd_year/1term/Computational_genomics/Seminars/exercise_04/./busco/SRR6130428/SRR6130428_k63_contigs/run_saccharomycetes_odb10/metaeuk_output/initial_results/SRR6130428_k63_graph.contig.fa.modified.fas 
# Current dir:     /home/jj/Desktop/Bioinformatics/3rd_year/1term/Computational_genomics/Seminars/exercise_04
# Date:            Tue Nov  5 18:37:51 2024
# [ok]
