#                                                                            --- full sequence --- -------------- this domain -------------   hmm coord   ali coord   env coord
# target name        accession   tlen query name           accession   qlen   E-value  score  bias   #  of  c-Evalue  i-Evalue  score  bias  from    to  from    to  from    to  acc description of target
#------------------- ---------- ----- -------------------- ---------- ----- --------- ------ ----- --- --- --------- --------- ------ ----- ----- ----- ----- ----- ----- ----- ---- ---------------------
7842:314-1837        -            508 19532at4891          -            396  1.5e-180  597.6   5.7   1   2   8.4e-29   1.3e-26   90.7   2.0     2    89    10   105     9   126 0.88 -
7842:314-1837        -            508 19532at4891          -            396  1.5e-180  597.6   5.7   2   2  2.7e-154  4.2e-152  503.9   0.1    79   395   154   507   136   508 0.89 -
7124:76-852          -            259 19532at4891          -            396   4.1e-76  253.7   0.1   1   1     3e-78   4.8e-76  253.5   0.1   151   377     2   233     1   247 0.93 -
7668:1370-2146       -            259 19532at4891          -            396   5.6e-76  253.2   0.1   1   1   4.2e-78   6.6e-76  253.0   0.1   151   377     2   233     1   249 0.93 -
8788:4212-5126       -            305 19532at4891          -            396   1.1e-74  248.9   0.1   1   1   8.4e-77   1.3e-74  248.7   0.1   123   374    12   271     1   284 0.91 -
9330:14821-15729     -            303 19532at4891          -            396   9.2e-72  239.4   0.2   1   1   7.3e-74   1.1e-71  239.0   0.2   133   375    37   287    20   302 0.90 -
7904:1421-2323       -            301 19532at4891          -            396   4.5e-71  237.1   0.0   1   1   3.6e-73   5.7e-71  236.7   0.0   127   374    27   282    12   289 0.91 -
9710:25770-26672     -            301 19532at4891          -            396   9.6e-71  236.0   0.1   1   1   7.8e-73   1.2e-70  235.6   0.1   126   374    26   282    15   289 0.91 -
9206:7422-8297       -            292 19532at4891          -            396   1.4e-69  232.1   0.3   1   1   5.4e-71   8.6e-69  229.6   0.3   124   374    12   283     3   288 0.88 -
9308:14210-15133     -            308 19532at4891          -            396   4.6e-67  223.9   0.0   1   1   3.6e-69   5.6e-67  223.6   0.0   137   377    29   278     5   293 0.87 -
8072:1436-2293       -            286 19532at4891          -            396   6.3e-64  213.5   0.4   1   2   1.9e-54     3e-52  175.1   0.3   137   302     2   170     1   174 0.93 -
8072:1436-2293       -            286 19532at4891          -            396   6.3e-64  213.5   0.4   2   2   1.8e-12   2.9e-10   36.9   0.0   305   372   208   281   178   286 0.90 -
8700:5688-6476       -            263 19532at4891          -            396     5e-63  210.6   0.3   1   1     7e-64   1.1e-61  206.2   0.3   143   373     2   259     1   263 0.87 -
7532:743-1762        -            165 19532at4891          -            396   5.5e-42  141.3   0.1   1   1     4e-44   6.3e-42  141.1   0.1   130   257    34   165    25   165 0.90 -
7292:637-1131        -            165 19532at4891          -            396   2.3e-36  122.8   0.0   1   1   1.6e-38   2.5e-36  122.7   0.0   241   375     2   140     1   154 0.91 -
9520:14273-16186     -            638 19532at4891          -            396   4.3e-12   42.9   2.8   1   3   1.2e-10   1.9e-08   30.9   0.1     2    93   129   228   128   253 0.82 -
9520:14273-16186     -            638 19532at4891          -            396   4.3e-12   42.9   2.8   2   3   0.00026     0.041   10.0   0.0    38    85   390   437   366   462 0.87 -
9520:14273-16186     -            638 19532at4891          -            396   4.3e-12   42.9   2.8   3   3      0.21        34    0.4   0.1    34    81   538   585   529   620 0.66 -
9304:10602-11726     -            375 19532at4891          -            396   8.1e-12   42.0   4.0   1   1   6.6e-14     1e-11   41.6   4.0     2    85    77   172    76   231 0.76 -
9358:12758-14626     -            623 19532at4891          -            396   1.5e-11   41.1   4.8   1   3   9.4e-11   1.5e-08   31.2   0.1     2   113   108   229   107   232 0.81 -
9358:12758-14626     -            623 19532at4891          -            396   1.5e-11   41.1   4.8   2   3   0.00011     0.018   11.2   0.1    45    85   389   429   353   450 0.76 -
9358:12758-14626     -            623 19532at4891          -            396   1.5e-11   41.1   4.8   3   3       1.1   1.7e+02   -1.9   0.1    47    87   529   569   483   602 0.60 -
9676:21739-22851     -            371 19532at4891          -            396      0.09    8.9   6.7   1   2      0.23        37    0.3   0.3    49   103   216   270   199   274 0.78 -
9676:21739-22851     -            371 19532at4891          -            396      0.09    8.9   6.7   2   2   0.00013     0.021   11.0   1.5    30    95   275   344   272   370 0.72 -
#
# Program:         hmmsearch
# Version:         3.1b2 (February 2015)
# Pipeline mode:   SEARCH
# Query file:      /home/jj/Desktop/Bioinformatics/3rd_year/1term/Computational_genomics/Seminars/exercise_04/busco_downloads/lineages/saccharomycetes_odb10/hmms/19532at4891.hmm
# Target file:     /home/jj/Desktop/Bioinformatics/3rd_year/1term/Computational_genomics/Seminars/exercise_04/./busco/SRR6130428/SRR6130428_k63_contigs/run_saccharomycetes_odb10/metaeuk_output/initial_results/SRR6130428_k63_graph.contig.fa.modified.fas
# Option settings: hmmsearch --domtblout /home/jj/Desktop/Bioinformatics/3rd_year/1term/Computational_genomics/Seminars/exercise_04/./busco/SRR6130428/SRR6130428_k63_contigs/run_saccharomycetes_odb10/hmmer_output/initial_run_results/19532at4891.out --cpu 1 /home/jj/Desktop/Bioinformatics/3rd_year/1term/Computational_genomics/Seminars/exercise_04/busco_downloads/lineages/saccharomycetes_odb10/hmms/19532at4891.hmm /home/jj/Desktop/Bioinformatics/3rd_year/1term/Computational_genomics/Seminars/exercise_04/./busco/SRR6130428/SRR6130428_k63_contigs/run_saccharomycetes_odb10/metaeuk_output/initial_results/SRR6130428_k63_graph.contig.fa.modified.fas 
# Current dir:     /home/jj/Desktop/Bioinformatics/3rd_year/1term/Computational_genomics/Seminars/exercise_04
# Date:            Tue Nov  5 18:37:51 2024
# [ok]
