#                                                                            --- full sequence --- -------------- this domain -------------   hmm coord   ali coord   env coord
# target name        accession   tlen query name           accession   qlen   E-value  score  bias   #  of  c-Evalue  i-Evalue  score  bias  from    to  from    to  from    to  acc description of target
#------------------- ---------- ----- -------------------- ---------- ----- --------- ------ ----- --- --- --------- --------- ------ ----- ----- ----- ----- ----- ----- ----- ---- ---------------------
9078:8616-9581       -            322 20201at4891          -            234   7.3e-86  284.8  21.0   1   2   5.3e-80   2.5e-78  260.2  12.4     2   181    11   224    10   227 0.86 -
9078:8616-9581       -            322 20201at4891          -            234   7.3e-86  284.8  21.0   2   2   3.4e-09   1.6e-07   28.4   1.3   185   234   249   321   231   321 0.76 -
8436:656-1654        -            333 20201at4891          -            234   2.8e-38  129.1  13.4   1   5   4.1e-08     2e-06   24.9   0.1    71   127     2    58     1    65 0.93 -
8436:656-1654        -            333 20201at4891          -            234   2.8e-38  129.1  13.4   2   5   4.4e-15   2.1e-13   47.7   1.1    45   180    68   204    61   207 0.88 -
8436:656-1654        -            333 20201at4891          -            234   2.8e-38  129.1  13.4   3   5   1.7e-07   7.9e-06   22.9   0.0    46   101   192   248   169   251 0.69 -
8436:656-1654        -            333 20201at4891          -            234   2.8e-38  129.1  13.4   4   5   1.4e-14   6.7e-13   46.1   0.3    10   103   190   292   187   298 0.81 -
8436:656-1654        -            333 20201at4891          -            234   2.8e-38  129.1  13.4   5   5   3.5e-08   1.7e-06   25.1   0.2    52   100   283   331   283   333 0.97 -
9618:271-3099        -            943 20201at4891          -            234   1.4e-28   97.4  17.0   1   4   8.3e-11     4e-09   33.7   2.7    46   181    94   230    87   235 0.89 -
9618:271-3099        -            943 20201at4891          -            234   1.4e-28   97.4  17.0   2   4     0.075       3.6    4.4   0.0    69   109   387   425   382   436 0.78 -
9618:271-3099        -            943 20201at4891          -            234   1.4e-28   97.4  17.0   3   4    0.0026      0.12    9.2   0.0    61   105   460   505   444   510 0.82 -
9618:271-3099        -            943 20201at4891          -            234   1.4e-28   97.4  17.0   4   4   8.6e-18   4.1e-16   56.6   2.2    17   183   513   687   501   693 0.78 -
9128:10043-12433     -            797 20201at4891          -            234     1e-26   91.3   7.8   1   4   2.7e-05    0.0013   15.7   0.1    66   117   518   568   449   578 0.64 -
9128:10043-12433     -            797 20201at4891          -            234     1e-26   91.3   7.8   2   4   1.4e-14   6.5e-13   46.1   0.2    27   141   517   637   491   639 0.87 -
9128:10043-12433     -            797 20201at4891          -            234     1e-26   91.3   7.8   3   4     1e-10   4.9e-09   33.4   0.0    32   104   564   640   557   661 0.85 -
9128:10043-12433     -            797 20201at4891          -            234     1e-26   91.3   7.8   4   4   9.6e-08   4.6e-06   23.7   0.1    14   103   626   724   626   729 0.80 -
8974:7891-10245      -            785 20201at4891          -            234   1.2e-26   91.0  13.8   1   6   1.6e-12   7.9e-11   39.3   0.1    52   143    35   132    14   160 0.80 -
8974:7891-10245      -            785 20201at4891          -            234   1.2e-26   91.0  13.8   2   6   7.2e-05    0.0034   14.3   0.0    59   103   188   236   174   269 0.80 -
8974:7891-10245      -            785 20201at4891          -            234   1.2e-26   91.0  13.8   3   6   8.1e-06   0.00039   17.4   0.2    10   104   219   312   217   322 0.87 -
8974:7891-10245      -            785 20201at4891          -            234   1.2e-26   91.0  13.8   4   6    0.0099      0.47    7.3   0.1    69   100   381   417   357   434 0.77 -
8974:7891-10245      -            785 20201at4891          -            234   1.2e-26   91.0  13.8   5   6       1.4        68    0.2   0.0    69    97   554   582   548   598 0.88 -
8974:7891-10245      -            785 20201at4891          -            234   1.2e-26   91.0  13.8   6   6   2.2e-07   1.1e-05   22.5   0.3    54   153   586   699   580   734 0.72 -
9676:28964-31411     -            816 20201at4891          -            234   4.2e-25   86.0   7.8   1   4       3.3   1.6e+02   -1.0   0.0    71    99    59    87    49    93 0.81 -
9676:28964-31411     -            816 20201at4891          -            234   4.2e-25   86.0   7.8   2   4     0.012      0.57    7.0   0.0    46   123   117   197   111   234 0.75 -
9676:28964-31411     -            816 20201at4891          -            234   4.2e-25   86.0   7.8   3   4   4.9e-06   0.00023   18.1   0.1    68   125   383   443   379   470 0.77 -
9676:28964-31411     -            816 20201at4891          -            234   4.2e-25   86.0   7.8   4   4   1.3e-18   6.2e-17   59.3   1.9     9   143   503   647   496   655 0.84 -
9346:13077-16673     -           1199 20201at4891          -            234   2.5e-24   83.5   2.8   1   3   6.7e-17   3.2e-15   53.6   0.1    46   181    26   165     2   171 0.84 -
9346:13077-16673     -           1199 20201at4891          -            234   2.5e-24   83.5   2.8   2   3   4.7e-07   2.2e-05   21.4   0.0    30   150   204   331   195   359 0.76 -
9346:13077-16673     -           1199 20201at4891          -            234   2.5e-24   83.5   2.8   3   3     0.017      0.82    6.5   0.1    75   110   494   526   487   555 0.74 -
9126:8755-11505      -            917 20201at4891          -            234   3.7e-24   82.9   5.3   1   6       8.6   4.1e+02   -2.3   0.0    72    95    54    77    37   126 0.71 -
9126:8755-11505      -            917 20201at4891          -            234   3.7e-24   82.9   5.3   2   6   0.00012    0.0058   13.5   0.1    70   105   143   178   137   186 0.90 -
9126:8755-11505      -            917 20201at4891          -            234   3.7e-24   82.9   5.3   3   6    0.0028      0.13    9.1   0.0    61   103   178   221   175   225 0.86 -
9126:8755-11505      -            917 20201at4891          -            234   3.7e-24   82.9   5.3   4   6      0.65        31    1.3   0.0    37    93   262   322   248   338 0.78 -
9126:8755-11505      -            917 20201at4891          -            234   3.7e-24   82.9   5.3   5   6   2.4e-09   1.2e-07   28.9   0.0    56   141   328   415   271   421 0.77 -
9126:8755-11505      -            917 20201at4891          -            234   3.7e-24   82.9   5.3   6   6   3.2e-09   1.5e-07   28.5   0.3    47   103   446   503   441   605 0.84 -
9508:19799-20617     -            273 20201at4891          -            234   7.3e-23   78.7   4.6   1   2   7.3e-19   3.5e-17   60.1   2.8    48   181     1   133     1   153 0.89 -
9508:19799-20617     -            273 20201at4891          -            234   7.3e-23   78.7   4.6   2   2   4.1e-06   0.00019   18.4   0.0   121   181   202   262   191   266 0.85 -
9636:17731-18642     -            304 20201at4891          -            234   4.4e-21   72.8   7.4   1   3     0.025       1.2    6.0   0.0   126   161     4    38     1    64 0.64 -
9636:17731-18642     -            304 20201at4891          -            234   4.4e-21   72.8   7.4   2   3   3.1e-09   1.5e-07   28.6   0.0    64   156    67   159    45   166 0.85 -
9636:17731-18642     -            304 20201at4891          -            234   4.4e-21   72.8   7.4   3   3   1.2e-12   5.7e-11   39.7   3.3    76   182   163   280   158   299 0.83 -
8822:7585-8277       -            231 20201at4891          -            234   9.1e-21   71.8   0.0   1   3   7.6e-12   3.6e-10   37.1   0.0    76   142     1    69     1    90 0.71 -
8822:7585-8277       -            231 20201at4891          -            234   9.1e-21   71.8   0.0   2   3   8.5e-07   4.1e-05   20.6   0.0    44   103    95   161    81   168 0.85 -
8822:7585-8277       -            231 20201at4891          -            234   9.1e-21   71.8   0.0   3   3     0.002     0.096    9.5   0.0    71   117   183   228   175   231 0.83 -
9676:9212-10057      -            282 20201at4891          -            234   2.5e-20   70.4  11.1   1   2   3.9e-15   1.9e-13   47.9   2.6    79   234     8   178     1   178 0.69 -
9676:9212-10057      -            282 20201at4891          -            234   2.5e-20   70.4  11.1   2   2     7e-09   3.3e-07   27.4   2.6    44   143   164   277   149   281 0.73 -
9208:2600-5119       -            840 20201at4891          -            234   1.9e-19   67.5   2.4   1   5     0.014      0.65    6.8   0.0    71   109    15    53     7    59 0.85 -
9208:2600-5119       -            840 20201at4891          -            234   1.9e-19   67.5   2.4   2   5   1.4e-05   0.00069   16.6   0.0    68   108    74   114    66   125 0.83 -
9208:2600-5119       -            840 20201at4891          -            234   1.9e-19   67.5   2.4   3   5     1e-09     5e-08   30.1   0.2    60   143   124   209   117   220 0.89 -
9208:2600-5119       -            840 20201at4891          -            234   1.9e-19   67.5   2.4   4   5     0.003      0.14    9.0   0.0    86   143   326   386   299   393 0.61 -
9208:2600-5119       -            840 20201at4891          -            234   1.9e-19   67.5   2.4   5   5       2.6   1.2e+02   -0.6   0.0   130   173   600   644   598   655 0.73 -
9656:5267-6307       -            347 20201at4891          -            234   6.3e-19   65.8   7.1   1   3   8.6e-12   4.1e-10   36.9   1.1    71   165     7   117     4   139 0.80 -
9656:5267-6307       -            347 20201at4891          -            234   6.3e-19   65.8   7.1   2   3      0.06       2.9    4.7   0.0    62   105   201   248   178   257 0.68 -
9656:5267-6307       -            347 20201at4891          -            234   6.3e-19   65.8   7.1   3   3   1.2e-08   5.7e-07   26.7   0.3    58   113   289   346   228   347 0.72 -
9670:4414-5802       -            463 20201at4891          -            234   1.1e-18   65.0   2.7   1   3   2.8e-06   0.00013   18.9   0.0    24   108   206   299   181   315 0.61 -
9670:4414-5802       -            463 20201at4891          -            234   1.1e-18   65.0   2.7   2   3   1.9e-06     9e-05   19.5   0.0    30   101   259   334   255   337 0.85 -
9670:4414-5802       -            463 20201at4891          -            234   1.1e-18   65.0   2.7   3   3   4.9e-13   2.3e-11   41.0   0.3    32   180   303   463   297   463 0.83 -
9674:12257-13606     -            450 20201at4891          -            234   1.3e-18   64.8   7.2   1   3   4.5e-06   0.00022   18.2   0.4    33   102    76   149    55   156 0.84 -
9674:12257-13606     -            450 20201at4891          -            234   1.3e-18   64.8   7.2   2   3   1.8e-13   8.8e-12   42.4   1.6    50   179   139   273   137   274 0.83 -
9674:12257-13606     -            450 20201at4891          -            234   1.3e-18   64.8   7.2   3   3   0.00047     0.022   11.6   0.0    11   101   261   363   259   370 0.70 -
9680:19363-20697     -            445 20201at4891          -            234   1.2e-17   61.5   3.0   1   3   1.6e-15   7.5e-14   49.2   0.3    34   181   132   288   124   291 0.83 -
9680:19363-20697     -            445 20201at4891          -            234   1.2e-17   61.5   3.0   2   3     0.055       2.6    4.8   0.0    27    74   294   344   288   364 0.71 -
9680:19363-20697     -            445 20201at4891          -            234   1.2e-17   61.5   3.0   3   3     0.024       1.2    6.0   0.0    65   104   386   424   366   429 0.69 -
9716:9893-12037      -            715 20201at4891          -            234   9.5e-16   55.4  12.1   1   3   5.2e-07   2.5e-05   21.3   0.1   108   155     5    54     2    79 0.80 -
9716:9893-12037      -            715 20201at4891          -            234   9.5e-16   55.4  12.1   2   3   7.7e-07   3.7e-05   20.7   1.5   112   187    95   172    83   182 0.83 -
9716:9893-12037      -            715 20201at4891          -            234   9.5e-16   55.4  12.1   3   3   3.4e-06   0.00016   18.6   1.2    45   165   192   313   169   328 0.73 -
9658:6665-7375       -            237 20201at4891          -            234   1.6e-13   48.1   3.3   1   3    0.0013      0.06   10.2   0.0    80   136     4    60     1    67 0.57 -
9658:6665-7375       -            237 20201at4891          -            234   1.6e-13   48.1   3.3   2   3   2.1e-08     1e-06   25.8   0.7    67   161    74   175    65   186 0.77 -
9658:6665-7375       -            237 20201at4891          -            234   1.6e-13   48.1   3.3   3   3   0.00015    0.0071   13.3   0.1    16   100   144   237   135   237 0.62 -
8240:671-1900        -            410 20201at4891          -            234   2.9e-13   47.2   0.0   1   3   1.2e-09   5.9e-08   29.9   0.0    83   144   128   192   108   209 0.85 -
8240:671-1900        -            410 20201at4891          -            234   2.9e-13   47.2   0.0   2   3   0.00044     0.021   11.7   0.0    63   139   238   317   230   340 0.72 -
8240:671-1900        -            410 20201at4891          -            234   2.9e-13   47.2   0.0   3   3      0.46        22    1.8   0.0    78   127   343   392   330   400 0.68 -
9712:30400-31623     -            408 20201at4891          -            234   9.5e-13   45.6   1.6   1   4   0.00038     0.018   11.9   0.0   109   177    39   106    32   112 0.71 -
9712:30400-31623     -            408 20201at4891          -            234   9.5e-13   45.6   1.6   2   4   2.6e-07   1.3e-05   22.3   0.5   126   183   114   173   107   193 0.61 -
9712:30400-31623     -            408 20201at4891          -            234   9.5e-13   45.6   1.6   3   4       2.9   1.4e+02   -0.8   0.0    78   104   192   218   185   232 0.81 -
9712:30400-31623     -            408 20201at4891          -            234   9.5e-13   45.6   1.6   4   4     0.011      0.53    7.1   0.0    71   104   292   327   280   342 0.64 -
9494:18928-19965     -            346 20201at4891          -            234   7.2e-12   42.7   1.9   1   3   2.8e-05    0.0013   15.6   0.0    69   102     6    39     2    44 0.91 -
9494:18928-19965     -            346 20201at4891          -            234   7.2e-12   42.7   1.9   2   3    0.0014     0.066   10.1   0.2   150   182    46    81    39    95 0.77 -
9494:18928-19965     -            346 20201at4891          -            234   7.2e-12   42.7   1.9   3   3     9e-05    0.0043   14.0   0.1    78   129   158   209   109   224 0.81 -
9464:9138-11090      -            651 20201at4891          -            234   3.2e-11   40.6   0.1   1   2   0.00011     0.005   13.7   0.0    71   143    79   171    48   176 0.69 -
9464:9138-11090      -            651 20201at4891          -            234   3.2e-11   40.6   0.1   2   2   1.1e-10   5.1e-09   33.4   0.0    28   105   133   214   126   233 0.87 -
9312:6422-7318       -            299 20201at4891          -            234   3.8e-11   40.3   0.1   1   4     0.034       1.6    5.5   0.0    69    99    36    66    21    71 0.84 -
9312:6422-7318       -            299 20201at4891          -            234   3.8e-11   40.3   0.1   2   4   1.7e-09   8.3e-08   29.4   0.0    65   145    73   156    68   170 0.83 -
9312:6422-7318       -            299 20201at4891          -            234   3.8e-11   40.3   0.1   3   4       1.2        57    0.5   0.0    76   102   177   203   170   210 0.83 -
9312:6422-7318       -            299 20201at4891          -            234   3.8e-11   40.3   0.1   4   4         8   3.8e+02   -2.2   0.0    53    71   248   266   238   297 0.71 -
9354:16449-16934     -            162 20201at4891          -            234   4.4e-11   40.1   1.3   1   2     7e-06   0.00034   17.6   0.1    64   140     9    93     2    94 0.75 -
9354:16449-16934     -            162 20201at4891          -            234   4.4e-11   40.1   1.3   2   2   4.8e-09   2.3e-07   27.9   1.3    70   157    63   150    59   157 0.72 -
9534:20058-21434     -            459 20201at4891          -            234   7.1e-11   39.4   2.2   1   3   0.00043      0.02   11.8   0.0   127   182   117   172   110   181 0.85 -
9534:20058-21434     -            459 20201at4891          -            234   7.1e-11   39.4   2.2   2   3   0.00017     0.008   13.1   0.0    61   109   196   244   182   259 0.82 -
9534:20058-21434     -            459 20201at4891          -            234   7.1e-11   39.4   2.2   3   3    0.0022      0.11    9.4   0.9   118   205   334   430   273   451 0.48 -
9456:1145-2410       -            422 20201at4891          -            234   8.8e-11   39.1   2.8   1   3   1.7e-07   8.2e-06   22.9   0.3    67   180    86   207    35   225 0.79 -
9456:1145-2410       -            422 20201at4891          -            234   8.8e-11   39.1   2.8   2   3      0.71        34    1.2   0.0   191   211   239   259   235   305 0.70 -
9456:1145-2410       -            422 20201at4891          -            234   8.8e-11   39.1   2.8   3   3   0.00014    0.0069   13.3   0.0    51   101   369   419   347   421 0.82 -
9330:5451-8486       -           1012 20201at4891          -            234   5.9e-10   36.4   7.4   1   4       3.3   1.6e+02   -1.0   0.0    72    97    46    71    16    85 0.82 -
9330:5451-8486       -           1012 20201at4891          -            234   5.9e-10   36.4   7.4   2   4   4.2e-10     2e-08   31.4   2.8    54   154   160   262   151   299 0.81 -
9330:5451-8486       -           1012 20201at4891          -            234   5.9e-10   36.4   7.4   3   4      0.14       6.7    3.5   0.1   114   184   709   790   672   795 0.60 -
9330:5451-8486       -           1012 20201at4891          -            234   5.9e-10   36.4   7.4   4   4      0.26        12    2.7   0.1   158   184   763   790   719   846 0.55 -
8478:1944-3398       -            485 20201at4891          -            234   1.2e-09   35.4   5.9   1   2    0.0077      0.37    7.6   0.7   168   192   136   160    66   264 0.74 -
8478:1944-3398       -            485 20201at4891          -            234   1.2e-09   35.4   5.9   2   2   2.4e-08   1.2e-06   25.6   0.4    78   182   266   377   262   388 0.84 -
9656:28053-28895     -            281 20201at4891          -            234   1.3e-09   35.3   3.0   1   3    0.0039      0.19    8.6   1.7    34   119    21   109     1   109 0.83 -
9656:28053-28895     -            281 20201at4891          -            234   1.3e-09   35.3   3.0   2   3   5.5e-07   2.6e-05   21.2   0.1    46   126    78   158    67   182 0.66 -
9656:28053-28895     -            281 20201at4891          -            234   1.3e-09   35.3   3.0   3   3    0.0064      0.31    7.9   0.0    51    96   223   269   186   277 0.78 -
9602:2166-4220       -            685 20201at4891          -            234   1.6e-09   35.0   0.0   1   1   8.4e-11     4e-09   33.7   0.0    46   161    13   132     2   138 0.80 -
8402:4018-5292       -            425 20201at4891          -            234   1.7e-09   34.9   5.7   1   4   1.1e-05   0.00053   16.9   0.0    47   103    42   102    29   110 0.78 -
8402:4018-5292       -            425 20201at4891          -            234   1.7e-09   34.9   5.7   2   4       2.4   1.1e+02   -0.5   0.0   148   224   130   213   121   216 0.60 -
8402:4018-5292       -            425 20201at4891          -            234   1.7e-09   34.9   5.7   3   4    0.0047      0.23    8.3   0.3    73   131   214   276   200   283 0.78 -
8402:4018-5292       -            425 20201at4891          -            234   1.7e-09   34.9   5.7   4   4    0.0022       0.1    9.4   0.8    49   101   288   341   278   345 0.81 -
9660:3304-3999       -            232 20201at4891          -            234   2.3e-09   34.5  10.5   1   2   1.6e-10   7.5e-09   32.8   5.4    42   140    64   168    29   191 0.75 -
9660:3304-3999       -            232 20201at4891          -            234   2.3e-09   34.5  10.5   2   2     0.092       4.4    4.1   0.2    86   101   217   232   210   232 0.83 -
9390:13413-15017     -            535 20201at4891          -            234   1.3e-08   32.0   2.4   1   3    0.0048      0.23    8.3   0.1    73   125   220   270   207   270 0.87 -
9390:13413-15017     -            535 20201at4891          -            234   1.3e-08   32.0   2.4   2   3    0.0037      0.17    8.7   0.2    57   102   246   290   241   299 0.86 -
9390:13413-15017     -            535 20201at4891          -            234   1.3e-08   32.0   2.4   3   3   4.7e-06   0.00023   18.1   0.0    69   143   355   430   323   473 0.60 -
9112:7248-8249       -            334 20201at4891          -            234   1.5e-08   31.8   0.8   1   3    0.0076      0.36    7.7   0.0    80   102     3    25     1    33 0.90 -
9112:7248-8249       -            334 20201at4891          -            234   1.5e-08   31.8   0.8   2   3   6.6e-06   0.00031   17.7   0.2   112   180    97   169    91   194 0.70 -
9112:7248-8249       -            334 20201at4891          -            234   1.5e-08   31.8   0.8   3   3      0.18       8.6    3.2   0.0    46    73   267   294   239   329 0.79 -
7766:159-1877        -            573 20201at4891          -            234   1.8e-08   31.6   0.0   1   3   8.8e-06   0.00042   17.3   0.0    68   105   231   267   222   290 0.84 -
7766:159-1877        -            573 20201at4891          -            234   1.8e-08   31.6   0.0   2   3    0.0099      0.47    7.3   0.0    34   105   279   354   267   359 0.83 -
7766:159-1877        -            573 20201at4891          -            234   1.8e-08   31.6   0.0   3   3      0.17         8    3.3   0.0   122   159   481   521   475   534 0.77 -
9522:17732-18610     -            293 20201at4891          -            234   4.8e-08   30.2   0.9   1   3      0.25        12    2.7   0.0   151   180     9    42     4    55 0.57 -
9522:17732-18610     -            293 20201at4891          -            234   4.8e-08   30.2   0.9   2   3     0.014      0.69    6.7   0.0    69   103    72   104    58   125 0.77 -
9522:17732-18610     -            293 20201at4891          -            234   4.8e-08   30.2   0.9   3   3   8.7e-06   0.00042   17.3   0.0    11   193   153   221   146   253 0.49 -
9130:8029-9168       -            380 20201at4891          -            234   6.3e-08   29.8   1.8   1   3   9.8e-08   4.7e-06   23.7   0.2    64   167    50   160    25   191 0.78 -
9130:8029-9168       -            380 20201at4891          -            234   6.3e-08   29.8   1.8   2   3      0.48        23    1.8   0.0   177   210   204   240   199   248 0.79 -
9130:8029-9168       -            380 20201at4891          -            234   6.3e-08   29.8   1.8   3   3       0.6        29    1.4   0.0   193   208   364   379   355   380 0.85 -
9360:6122-9931       -           1270 20201at4891          -            234     1e-07   29.1   3.3   1   4   0.00033     0.016   12.1   0.2    50   142    37   138    27   149 0.70 -
9360:6122-9931       -           1270 20201at4891          -            234     1e-07   29.1   3.3   2   4       6.3     3e+02   -1.9   0.1    74   126   161   219   159   225 0.54 -
9360:6122-9931       -           1270 20201at4891          -            234     1e-07   29.1   3.3   3   4   8.5e-05    0.0041   14.0   0.0    47   103   228   288   206   333 0.68 -
9360:6122-9931       -           1270 20201at4891          -            234     1e-07   29.1   3.3   4   4       2.4   1.1e+02   -0.5   0.0    46    61   636   651   620   660 0.85 -
9694:17340-18719     -            460 20201at4891          -            234     2e-07   28.1   0.0   1   4       4.8   2.3e+02   -1.5   0.0   217   234    25    42    15    42 0.79 -
9694:17340-18719     -            460 20201at4891          -            234     2e-07   28.1   0.0   2   4    0.0003     0.014   12.3   0.0    59   104    57   102    50   119 0.87 -
9694:17340-18719     -            460 20201at4891          -            234     2e-07   28.1   0.0   3   4    0.0088      0.42    7.4   0.0    75   140   147   214   141   224 0.59 -
9694:17340-18719     -            460 20201at4891          -            234     2e-07   28.1   0.0   4   4      0.25        12    2.7   0.0    34    94   333   394   318   406 0.84 -
9724:2093-15713      -            205 20201at4891          -            234   5.4e-07   26.7   1.7   1   1   5.2e-08   2.5e-06   24.6   0.9    44   181    63   199    29   202 0.71 -
9248:1987-5412       -           1142 20201at4891          -            234   7.3e-07   26.3   2.2   1   1   3.8e-08   1.8e-06   25.0   2.2    65   181   102   226    68   234 0.79 -
8494:4772-5887       -            372 20201at4891          -            234   7.9e-07   26.2   6.9   1   3       6.5   3.1e+02   -1.9   0.0   200   223    36    59    23    63 0.84 -
8494:4772-5887       -            372 20201at4891          -            234   7.9e-07   26.2   6.9   2   3   0.00045     0.021   11.7   0.2    92   141    80   133    60   139 0.65 -
8494:4772-5887       -            372 20201at4891          -            234   7.9e-07   26.2   6.9   3   3   8.8e-05    0.0042   14.0   1.1   108   144   274   315   267   372 0.65 -
9460:9231-11075      -            615 20201at4891          -            234   1.3e-06   25.5   8.0   1   4       4.9   2.4e+02   -1.5   0.4    87   111    80   106    56   189 0.64 -
9460:9231-11075      -            615 20201at4891          -            234   1.3e-06   25.5   8.0   2   4      0.13       6.1    3.6   0.0    52   110   228   288   195   330 0.62 -
9460:9231-11075      -            615 20201at4891          -            234   1.3e-06   25.5   8.0   3   4   0.00069     0.033   11.1   0.1    27    64   331   368   308   402 0.68 -
9460:9231-11075      -            615 20201at4891          -            234   1.3e-06   25.5   8.0   4   4   0.00018    0.0084   13.0   0.0    84   141   552   611   524   613 0.86 -
8886:5013-7346       -            778 20201at4891          -            234   1.8e-06   25.1   1.2   1   3   0.00021      0.01   12.8   0.0    68   114   403   451   398   470 0.72 -
8886:5013-7346       -            778 20201at4891          -            234   1.8e-06   25.1   1.2   2   3      0.69        33    1.2   0.0    73   102   565   597   542   659 0.77 -
8886:5013-7346       -            778 20201at4891          -            234   1.8e-06   25.1   1.2   3   3    0.0084       0.4    7.5   0.0    86   141   664   722   652   735 0.56 -
9068:1225-2790       -            522 20201at4891          -            234   9.5e-06   22.7   1.0   1   2   0.00023     0.011   12.7   0.2   126   181   257   316   245   343 0.58 -
9068:1225-2790       -            522 20201at4891          -            234   9.5e-06   22.7   1.0   2   2    0.0093      0.45    7.4   0.0    68   109   389   431   363   442 0.81 -
9726:3865-6666       -            934 20201at4891          -            234   1.4e-05   22.1   0.2   1   3       1.1        55    0.5   0.0   117   143   111   138    43   149 0.55 -
9726:3865-6666       -            934 20201at4891          -            234   1.4e-05   22.1   0.2   2   3       2.1     1e+02   -0.3   0.0    83   106   356   379   342   394 0.77 -
9726:3865-6666       -            934 20201at4891          -            234   1.4e-05   22.1   0.2   3   3   2.6e-05    0.0013   15.7   0.0    54   152   561   661   542   676 0.78 -
9460:7157-8695       -            513 20201at4891          -            234   2.3e-05   21.4   0.0   1   3    0.0014     0.065   10.1   0.0    35   163    39   175    14   190 0.55 -
9460:7157-8695       -            513 20201at4891          -            234   2.3e-05   21.4   0.0   2   3   7.8e-06   0.00037   17.4   0.0    28   143    74   199    54   238 0.73 -
9460:7157-8695       -            513 20201at4891          -            234   2.3e-05   21.4   0.0   3   3       6.7   3.2e+02   -2.0   0.0   126   147   270   291   265   296 0.81 -
9362:15282-16085     -            268 20201at4891          -            234   4.3e-05   20.5   1.3   1   2     0.022       1.1    6.1   0.3    41   122    58   146    24   155 0.73 -
9362:15282-16085     -            268 20201at4891          -            234   4.3e-05   20.5   1.3   2   2   0.00026     0.013   12.4   0.0    44   102   201   259   172   263 0.83 -
9070:9188-10162      -            325 20201at4891          -            234   0.00015   18.7   0.0   1   3       9.2   4.4e+02   -2.4   0.0   175   192   101   118    74   129 0.50 -
9070:9188-10162      -            325 20201at4891          -            234   0.00015   18.7   0.0   2   3   0.00031     0.015   12.2   0.0    55    97   224   266   218   277 0.85 -
9070:9188-10162      -            325 20201at4891          -            234   0.00015   18.7   0.0   3   3      0.14       6.8    3.5   0.0    75   102   289   316   284   322 0.86 -
9658:5110-5880       -            257 20201at4891          -            234   0.00046   17.1   0.0   1   1   1.4e-05   0.00067   16.6   0.0    70   141    69   142    34   157 0.69 -
9728:19013-20692     -            560 20201at4891          -            234   0.00058   16.8   0.1   1   1   3.5e-05    0.0017   15.3   0.0    21   104   135   219   115   238 0.75 -
9662:27372-29006     -            545 20201at4891          -            234    0.0015   15.4   0.0   1   1   5.7e-05    0.0027   14.6   0.0    48   104   241   297   219   335 0.89 -
9690:26443-27786     -            448 20201at4891          -            234    0.0024   14.8   0.1   1   3   0.00063      0.03   11.2   0.0    67    96   218   247   200   263 0.85 -
9690:26443-27786     -            448 20201at4891          -            234    0.0024   14.8   0.1   2   3       3.2   1.5e+02   -0.9   0.0    75   110   271   306   249   314 0.79 -
9690:26443-27786     -            448 20201at4891          -            234    0.0024   14.8   0.1   3   3       4.3   2.1e+02   -1.4   0.3    93   119   387   413   364   426 0.70 -
9560:19431-20225     -            265 20201at4891          -            234     0.003   14.5   0.3   1   2    0.0028      0.14    9.1   0.1    74   113     3    42     1   132 0.67 -
9560:19431-20225     -            265 20201at4891          -            234     0.003   14.5   0.3   2   2      0.11       5.1    3.9   0.0   150   232   164   246   137   248 0.58 -
9712:23882-24859     -            326 20201at4891          -            234    0.0086   13.0   0.1   1   2    0.0021       0.1    9.5   0.1   116   141   113   138    27   143 0.75 -
9712:23882-24859     -            326 20201at4891          -            234    0.0086   13.0   0.1   2   2         3   1.4e+02   -0.8   0.0   130   146   264   280   256   306 0.73 -
#
# Program:         hmmsearch
# Version:         3.1b2 (February 2015)
# Pipeline mode:   SEARCH
# Query file:      /home/jj/Desktop/Bioinformatics/3rd_year/1term/Computational_genomics/Seminars/exercise_04/busco_downloads/lineages/saccharomycetes_odb10/hmms/20201at4891.hmm
# Target file:     /home/jj/Desktop/Bioinformatics/3rd_year/1term/Computational_genomics/Seminars/exercise_04/./busco/SRR6130428/SRR6130428_k63_contigs/run_saccharomycetes_odb10/metaeuk_output/initial_results/SRR6130428_k63_graph.contig.fa.modified.fas
# Option settings: hmmsearch --domtblout /home/jj/Desktop/Bioinformatics/3rd_year/1term/Computational_genomics/Seminars/exercise_04/./busco/SRR6130428/SRR6130428_k63_contigs/run_saccharomycetes_odb10/hmmer_output/initial_run_results/20201at4891.out --cpu 1 /home/jj/Desktop/Bioinformatics/3rd_year/1term/Computational_genomics/Seminars/exercise_04/busco_downloads/lineages/saccharomycetes_odb10/hmms/20201at4891.hmm /home/jj/Desktop/Bioinformatics/3rd_year/1term/Computational_genomics/Seminars/exercise_04/./busco/SRR6130428/SRR6130428_k63_contigs/run_saccharomycetes_odb10/metaeuk_output/initial_results/SRR6130428_k63_graph.contig.fa.modified.fas 
# Current dir:     /home/jj/Desktop/Bioinformatics/3rd_year/1term/Computational_genomics/Seminars/exercise_04
# Date:            Tue Nov  5 18:37:53 2024
# [ok]
