#                                                                            --- full sequence --- -------------- this domain -------------   hmm coord   ali coord   env coord
# target name        accession   tlen query name           accession   qlen   E-value  score  bias   #  of  c-Evalue  i-Evalue  score  bias  from    to  from    to  from    to  acc description of target
#------------------- ---------- ----- -------------------- ---------- ----- --------- ------ ----- --- --- --------- --------- ------ ----- ----- ----- ----- ----- ----- ----- ---- ---------------------
8512:5068-5943       -            292 20859at4891          -            253    1e-128  425.2  24.6   1   1  6.3e-128  4.2e-125  413.3  24.6     1   253     6   292     6   292 0.93 -
8648:6171-7025       -            285 20859at4891          -            253   2.3e-32  109.5   0.3   1   1   4.9e-35   3.3e-32  109.0   0.1    25   236    51   268    22   281 0.80 -
9040:1191-2549       -            453 20859at4891          -            253     0.055   10.0  17.7   1   3   0.00013     0.089    9.3   0.1    84   164    56   149    21   193 0.69 -
9040:1191-2549       -            453 20859at4891          -            253     0.055   10.0  17.7   2   3   0.00024      0.16    8.5   0.0   211   241   324   354   321   365 0.80 -
9040:1191-2549       -            453 20859at4891          -            253     0.055   10.0  17.7   3   3         4   2.7e+03   -6.4  11.4     2    44   365   407   364   416 0.79 -
8154:140-1498        -            453 20859at4891          -            253      0.11    9.0   0.0   1   4   0.00016      0.11    9.0   0.1    85   164    57   149    21   186 0.67 -
8154:140-1498        -            453 20859at4891          -            253      0.11    9.0   0.0   2   4      0.65   4.4e+02   -2.8   4.7     9    37   286   309   264   324 0.45 -
8154:140-1498        -            453 20859at4891          -            253      0.11    9.0   0.0   3   4   0.00016      0.11    9.0   0.0   211   241   324   354   320   364 0.81 -
8154:140-1498        -            453 20859at4891          -            253      0.11    9.0   0.0   4   4         4   2.7e+03   -6.1  11.5     2    44   365   407   364   415 0.81 -
#
# Program:         hmmsearch
# Version:         3.1b2 (February 2015)
# Pipeline mode:   SEARCH
# Query file:      /home/jj/Desktop/Bioinformatics/3rd_year/1term/Computational_genomics/Seminars/exercise_04/busco_downloads/lineages/saccharomycetes_odb10/hmms/20859at4891.hmm
# Target file:     /home/jj/Desktop/Bioinformatics/3rd_year/1term/Computational_genomics/Seminars/exercise_04/./busco/SRR6130428/SRR6130428_k63_contigs/run_saccharomycetes_odb10/metaeuk_output/initial_results/SRR6130428_k63_graph.contig.fa.modified.fas
# Option settings: hmmsearch --domtblout /home/jj/Desktop/Bioinformatics/3rd_year/1term/Computational_genomics/Seminars/exercise_04/./busco/SRR6130428/SRR6130428_k63_contigs/run_saccharomycetes_odb10/hmmer_output/initial_run_results/20859at4891.out --cpu 1 /home/jj/Desktop/Bioinformatics/3rd_year/1term/Computational_genomics/Seminars/exercise_04/busco_downloads/lineages/saccharomycetes_odb10/hmms/20859at4891.hmm /home/jj/Desktop/Bioinformatics/3rd_year/1term/Computational_genomics/Seminars/exercise_04/./busco/SRR6130428/SRR6130428_k63_contigs/run_saccharomycetes_odb10/metaeuk_output/initial_results/SRR6130428_k63_graph.contig.fa.modified.fas 
# Current dir:     /home/jj/Desktop/Bioinformatics/3rd_year/1term/Computational_genomics/Seminars/exercise_04
# Date:            Tue Nov  5 18:37:55 2024
# [ok]
