#                                                                            --- full sequence --- -------------- this domain -------------   hmm coord   ali coord   env coord
# target name        accession   tlen query name           accession   qlen   E-value  score  bias   #  of  c-Evalue  i-Evalue  score  bias  from    to  from    to  from    to  acc description of target
#------------------- ---------- ----- -------------------- ---------- ----- --------- ------ ----- --- --- --------- --------- ------ ----- ----- ----- ----- ----- ----- ----- ---- ---------------------
8334:78-1001         -            308 20960at4891          -            258  7.6e-147  484.8   2.7   1   1  1.1e-148  9.8e-147  484.4   2.7     1   258     7   291     7   291 0.94 -
8892:1238-2197       -            320 20960at4891          -            258   4.5e-19   66.0   0.1   1   3       1.8   1.5e+02   -1.3   0.0     9    41    10    41     1    56 0.64 -
8892:1238-2197       -            320 20960at4891          -            258   4.5e-19   66.0   0.1   2   3   8.1e-11     7e-09   32.6   0.0   127   239    57   177    41   178 0.82 -
8892:1238-2197       -            320 20960at4891          -            258   4.5e-19   66.0   0.1   3   3   9.6e-13   8.3e-11   38.9   0.0   126   243   159   282   150   294 0.75 -
9216:11770-12681     -            304 20960at4891          -            258     1e-16   58.3   2.3   1   3       1.8   1.6e+02   -1.3   0.0    13    36    17    39     7    62 0.74 -
9216:11770-12681     -            304 20960at4891          -            258     1e-16   58.3   2.3   2   3   8.3e-06   0.00071   16.2   0.1   118   209    56   149    43   155 0.83 -
9216:11770-12681     -            304 20960at4891          -            258     1e-16   58.3   2.3   3   3   1.7e-13   1.4e-11   41.4   0.2   125   243   157   279   148   295 0.86 -
7848:245-1210        -            322 20960at4891          -            258   1.2e-14   51.5   5.0   1   3     0.017       1.4    5.4   0.1   165   209     7    52     3    64 0.78 -
7848:245-1210        -            322 20960at4891          -            258   1.2e-14   51.5   5.0   2   3   3.6e-07   3.1e-05   20.7   0.1   123   161    65   103    54   115 0.86 -
7848:245-1210        -            322 20960at4891          -            258   1.2e-14   51.5   5.0   3   3   4.8e-09   4.1e-07   26.8   0.3    86   251   133   299   121   306 0.76 -
9542:7230-8360       -            377 20960at4891          -            258   2.8e-13   47.0   0.5   1   3       2.7   2.3e+02   -1.9   0.0    86   101    55    70    48    83 0.78 -
9542:7230-8360       -            377 20960at4891          -            258   2.8e-13   47.0   0.5   2   3   1.5e-07   1.3e-05   21.9   0.0   118   240   114   241   110   247 0.75 -
9542:7230-8360       -            377 20960at4891          -            258   2.8e-13   47.0   0.5   3   3   2.3e-10     2e-08   31.1   0.1   117   255   213   368   209   371 0.71 -
8618:204-1031        -            276 20960at4891          -            258   2.9e-13   47.0   0.0   1   3    0.0052      0.45    7.0   0.0   121   205    32   121     1   135 0.67 -
8618:204-1031        -            276 20960at4891          -            258   2.9e-13   47.0   0.0   2   3     0.049       4.3    3.8   0.0    14    50    99   135    92   148 0.72 -
8618:204-1031        -            276 20960at4891          -            258   2.9e-13   47.0   0.0   3   3   3.7e-12   3.2e-10   37.0   0.0   127   245   143   264   137   274 0.83 -
9644:4938-5942       -            335 20960at4891          -            258     1e-12   45.2   0.0   1   2   1.1e-07   9.4e-06   22.4   0.0   126   242    92   211    43   222 0.84 -
9644:4938-5942       -            335 20960at4891          -            258     1e-12   45.2   0.0   2   2   5.5e-07   4.7e-05   20.1   0.0   175   246   242   315   232   326 0.78 -
8890:5745-6635       -            297 20960at4891          -            258   1.1e-12   45.1   0.0   1   2   8.4e-05    0.0072   12.9   0.0   184   245    11    77     3    91 0.74 -
8890:5745-6635       -            297 20960at4891          -            258   1.1e-12   45.1   0.0   2   2   6.4e-10   5.5e-08   29.7   0.0   118   250   144   284   102   291 0.73 -
8624:103-2805        -            901 20960at4891          -            258   6.8e-12   42.5   0.0   1   2   2.7e-10   2.3e-08   30.9   0.1   109   242   555   690   530   701 0.76 -
8624:103-2805        -            901 20960at4891          -            258   6.8e-12   42.5   0.0   2   2    0.0029      0.25    7.9   0.0   170   244   719   795   709   806 0.83 -
9048:1902-2756       -            285 20960at4891          -            258   5.1e-11   39.6   1.8   1   2   4.2e-06   0.00037   17.1   0.1    86   245     6   166     2   175 0.76 -
9048:1902-2756       -            285 20960at4891          -            258   5.1e-11   39.6   1.8   2   2   4.9e-10   4.2e-08   30.1   0.5   127   244   142   265   135   277 0.73 -
8498:3398-4288       -            297 20960at4891          -            258   5.6e-11   39.5   0.1   1   3     0.023         2    4.9   0.0   220   242    66    88     2    97 0.58 -
8498:3398-4288       -            297 20960at4891          -            258   5.6e-11   39.5   0.1   2   3    0.0028      0.24    7.9   0.0   123   211    64   156    39   162 0.77 -
8498:3398-4288       -            297 20960at4891          -            258   5.6e-11   39.5   0.1   3   3   2.7e-10   2.3e-08   30.9   0.0    91   243   126   281   117   296 0.83 -
9594:15511-16419     -            303 20960at4891          -            258   5.9e-11   39.4   0.6   1   2   0.00072     0.062    9.8   0.1   212   246    49    83    40    93 0.80 -
9594:15511-16419     -            303 20960at4891          -            258   5.9e-11   39.4   0.6   2   2   2.3e-09     2e-07   27.8   0.0   108   247   146   287   118   298 0.75 -
7420:226-1116        -            297 20960at4891          -            258   2.1e-10   37.6   0.0   1   2    0.0023      0.19    8.2   0.0   182   242    29    90    22   103 0.83 -
7420:226-1116        -            297 20960at4891          -            258   2.1e-10   37.6   0.0   2   2     4e-09   3.5e-07   27.1   0.0    75   244   111   284   107   292 0.81 -
9440:8613-9407       -            265 20960at4891          -            258   4.8e-10   36.4   0.1   1   2   1.2e-11     1e-09   35.3   0.0   122   253    31   167    22   172 0.71 -
9440:8613-9407       -            265 20960at4891          -            258   4.8e-10   36.4   0.1   2   2       4.1   3.5e+02   -2.5   0.0    21    36   201   216   189   228 0.77 -
9468:18764-19579     -            272 20960at4891          -            258   3.5e-09   33.6   0.0   1   2     1e-07   8.6e-06   22.5   0.0    94   242     2   154     1   168 0.79 -
9468:18764-19579     -            272 20960at4891          -            258   3.5e-09   33.6   0.0   2   2    0.0012      0.11    9.1   0.0   172   242   183   255   170   261 0.78 -
8734:5869-6846       -            326 20960at4891          -            258   4.1e-09   33.4   0.6   1   2   3.8e-08   3.3e-06   23.8   0.1    88   245    28   201    16   210 0.70 -
8734:5869-6846       -            326 20960at4891          -            258   4.1e-09   33.4   0.6   2   2    0.0046       0.4    7.2   0.1    80   147   227   302   201   325 0.77 -
9148:5152-6243       -            364 20960at4891          -            258   5.6e-08   29.7   0.1   1   2   0.00072     0.063    9.8   0.0   114   238    81   213    51   219 0.74 -
9148:5152-6243       -            364 20960at4891          -            258   5.6e-08   29.7   0.1   2   2   2.1e-06   0.00018   18.1   0.0   126   254   196   349   191   353 0.71 -
9044:1245-2084       -            280 20960at4891          -            258   1.5e-07   28.3   0.3   1   3   0.00083     0.072    9.6   0.0   181   241     5    64     1    82 0.77 -
9044:1245-2084       -            280 20960at4891          -            258   1.5e-07   28.3   0.3   2   3   0.00012      0.01   12.4   0.0   122   239    39   161    39   177 0.76 -
9044:1245-2084       -            280 20960at4891          -            258   1.5e-07   28.3   0.3   3   3    0.0016      0.14    8.7   0.1    31    59   228   256   213   274 0.66 -
9290:2994-3881       -            296 20960at4891          -            258   1.5e-07   28.3   1.8   1   3       5.5   4.8e+02   -2.9   0.0    22    36    17    31     4    52 0.66 -
9290:2994-3881       -            296 20960at4891          -            258   1.5e-07   28.3   1.8   2   3       6.2   5.3e+02   -3.0   0.0    23    37   109   123    89   133 0.61 -
9290:2994-3881       -            296 20960at4891          -            258   1.5e-07   28.3   1.8   3   3   1.9e-09   1.7e-07   28.1   0.4   113   242   152   277   138   290 0.81 -
9390:15488-16345     -            286 20960at4891          -            258   1.5e-07   28.2   0.2   1   2     2e-05    0.0017   14.9   0.1    94   242     2   167     1   183 0.64 -
9390:15488-16345     -            286 20960at4891          -            258   1.5e-07   28.2   0.2   2   2     0.001     0.089    9.3   0.0   215   242   239   266   203   281 0.58 -
9260:13124-14104     -            327 20960at4891          -            258   2.9e-07   27.3   0.6   1   3    0.0073      0.63    6.5   0.0   182   242    39   106    27   120 0.67 -
9260:13124-14104     -            327 20960at4891          -            258   2.9e-07   27.3   0.6   2   3     0.045       3.9    4.0   0.0    27    80   160   216   136   226 0.63 -
9260:13124-14104     -            327 20960at4891          -            258   2.9e-07   27.3   0.6   3   3   4.6e-05     0.004   13.7   0.0     3    62   234   300   232   320 0.79 -
7950:140-1054        -            305 20960at4891          -            258   3.4e-07   27.1   0.2   1   2   0.00013     0.011   12.3   0.1   153   248    81   190    40   200 0.66 -
7950:140-1054        -            305 20960at4891          -            258   3.4e-07   27.1   0.2   2   2   0.00015     0.013   12.1   0.0   175   246   217   288   203   298 0.83 -
9038:3856-4851       -            332 20960at4891          -            258   7.3e-07   26.0   0.1   1   2   6.3e-05    0.0055   13.3   0.0    88   230    10   158     3   166 0.68 -
9038:3856-4851       -            332 20960at4891          -            258   7.3e-07   26.0   0.1   2   2   0.00062     0.054   10.1   0.0   166   239   227   306   214   320 0.74 -
9636:22681-23493     -            271 20960at4891          -            258   1.6e-06   24.8   0.5   1   1   6.4e-08   5.5e-06   23.1   0.5    31   243    26   251    18   267 0.70 -
9360:2566-3465       -            300 20960at4891          -            258     6e-06   23.0   0.0   1   1   1.2e-07   9.9e-06   22.3   0.0   126   252   157   283   125   289 0.83 -
8722:6581-7432       -            284 20960at4891          -            258   8.7e-06   22.5   0.1   1   2   9.8e-06   0.00085   16.0   0.0   124   251    54   190    39   196 0.72 -
8722:6581-7432       -            284 20960at4891          -            258   8.7e-06   22.5   0.1   2   2     0.042       3.6    4.1   0.0   186   243   219   276   209   283 0.72 -
9646:21723-22529     -            269 20960at4891          -            258   2.3e-05   21.1   0.0   1   3       1.6   1.4e+02   -1.1   0.0   215   240    35    60     3    76 0.58 -
9646:21723-22529     -            269 20960at4891          -            258   2.3e-05   21.1   0.0   2   3     0.015       1.3    5.5   0.0    82   137    90   144    22   147 0.80 -
9646:21723-22529     -            269 20960at4891          -            258   2.3e-05   21.1   0.0   3   3   3.2e-06   0.00028   17.5   0.0    84   246    92   258    81   265 0.69 -
8602:3632-4684       -            351 20960at4891          -            258   5.2e-05   19.9   0.0   1   4      0.19        16    1.9   0.0   177   212     2    38     1    43 0.79 -
8602:3632-4684       -            351 20960at4891          -            258   5.2e-05   19.9   0.0   2   4      0.76        66   -0.1   0.0   221   243    99   121    87   134 0.65 -
8602:3632-4684       -            351 20960at4891          -            258   5.2e-05   19.9   0.0   3   4       1.3   1.1e+02   -0.8   0.0    13    41   155   182   143   191 0.71 -
8602:3632-4684       -            351 20960at4891          -            258   5.2e-05   19.9   0.0   4   4   0.00015     0.013   12.1   0.0   180   244   261   332   233   345 0.72 -
9432:17155-18030     -            292 20960at4891          -            258   8.7e-05   19.2   0.1   1   2     6e-05    0.0052   13.4   0.0   124   250    54   189     9   196 0.76 -
9432:17155-18030     -            292 20960at4891          -            258   8.7e-05   19.2   0.1   2   2     0.048       4.1    3.9   0.0   111   151   239   279   199   288 0.56 -
9700:14404-15303     -            300 20960at4891          -            258   9.7e-05   19.0   0.0   1   3      0.63        54    0.2   0.0    25    43    20    38     3    77 0.62 -
9700:14404-15303     -            300 20960at4891          -            258   9.7e-05   19.0   0.0   2   3   0.00027     0.023   11.2   0.0   178   238   110   168    92   191 0.55 -
9700:14404-15303     -            300 20960at4891          -            258   9.7e-05   19.0   0.0   3   3     0.063       5.5    3.5   0.0   184   246   223   282   204   293 0.71 -
9414:294-1106        -            271 20960at4891          -            258   0.00013   18.6   0.0   1   2   6.1e-05    0.0052   13.4   0.0   118   249    39   180    30   188 0.74 -
9414:294-1106        -            271 20960at4891          -            258   0.00013   18.6   0.0   2   2     0.086       7.5    3.0   0.0   187   242   212   267   190   271 0.57 -
#
# Program:         hmmsearch
# Version:         3.1b2 (February 2015)
# Pipeline mode:   SEARCH
# Query file:      /home/jj/Desktop/Bioinformatics/3rd_year/1term/Computational_genomics/Seminars/exercise_04/busco_downloads/lineages/saccharomycetes_odb10/hmms/20960at4891.hmm
# Target file:     /home/jj/Desktop/Bioinformatics/3rd_year/1term/Computational_genomics/Seminars/exercise_04/./busco/SRR6130428/SRR6130428_k63_contigs/run_saccharomycetes_odb10/metaeuk_output/initial_results/SRR6130428_k63_graph.contig.fa.modified.fas
# Option settings: hmmsearch --domtblout /home/jj/Desktop/Bioinformatics/3rd_year/1term/Computational_genomics/Seminars/exercise_04/./busco/SRR6130428/SRR6130428_k63_contigs/run_saccharomycetes_odb10/hmmer_output/initial_run_results/20960at4891.out --cpu 1 /home/jj/Desktop/Bioinformatics/3rd_year/1term/Computational_genomics/Seminars/exercise_04/busco_downloads/lineages/saccharomycetes_odb10/hmms/20960at4891.hmm /home/jj/Desktop/Bioinformatics/3rd_year/1term/Computational_genomics/Seminars/exercise_04/./busco/SRR6130428/SRR6130428_k63_contigs/run_saccharomycetes_odb10/metaeuk_output/initial_results/SRR6130428_k63_graph.contig.fa.modified.fas 
# Current dir:     /home/jj/Desktop/Bioinformatics/3rd_year/1term/Computational_genomics/Seminars/exercise_04
# Date:            Tue Nov  5 18:37:55 2024
# [ok]
