#                                                                            --- full sequence --- -------------- this domain -------------   hmm coord   ali coord   env coord
# target name        accession   tlen query name           accession   qlen   E-value  score  bias   #  of  c-Evalue  i-Evalue  score  bias  from    to  from    to  from    to  acc description of target
#------------------- ---------- ----- -------------------- ---------- ----- --------- ------ ----- --- --- --------- --------- ------ ----- ----- ----- ----- ----- ----- ----- ---- ---------------------
9594:6266-9856       -           1197 21089at4891          -            585  5.4e-138  458.1  36.0   1   6   2.4e-59   2.1e-56  188.6   6.5     7   144    90   246    87   257 0.90 -
9594:6266-9856       -           1197 21089at4891          -            585  5.4e-138  458.1  36.0   2   6   4.3e-17   3.8e-14   49.1   0.5   135   256   301   467   296   492 0.73 -
9594:6266-9856       -           1197 21089at4891          -            585  5.4e-138  458.1  36.0   3   6   0.00014      0.13    7.8   0.1   253   282   498   527   484   538 0.84 -
9594:6266-9856       -           1197 21089at4891          -            585  5.4e-138  458.1  36.0   4   6   2.3e-35     2e-32  109.5   0.2   306   461   642   830   611   836 0.80 -
9594:6266-9856       -           1197 21089at4891          -            585  5.4e-138  458.1  36.0   5   6   1.1e-33     1e-30  103.9   0.4   448   553   855   976   852   989 0.84 -
9594:6266-9856       -           1197 21089at4891          -            585  5.4e-138  458.1  36.0   6   6   5.3e-07   0.00048   15.8   0.5   543   585  1018  1069  1000  1069 0.83 -
9726:38585-41473     -            963 21089at4891          -            585   1.3e-43  146.5  18.1   1   4   1.6e-35   1.4e-32  110.0   2.9     6   143    84   234    82   236 0.86 -
9726:38585-41473     -            963 21089at4891          -            585   1.3e-43  146.5  18.1   2   4   0.00013      0.12    7.9   0.0   160   250   288   400   285   410 0.73 -
9726:38585-41473     -            963 21089at4891          -            585   1.3e-43  146.5  18.1   3   4     2e-06    0.0017   13.9   0.4   302   440   522   674   512   697 0.70 -
9726:38585-41473     -            963 21089at4891          -            585   1.3e-43  146.5  18.1   4   4   3.7e-08   3.3e-05   19.6   1.5   460   536   741   825   721   903 0.80 -
8086:2080-3465       -            462 21089at4891          -            585     3e-08   29.6   0.0   1   1   5.9e-11   5.3e-08   28.8   0.0     9   142    92   231    88   233 0.90 -
#
# Program:         hmmsearch
# Version:         3.1b2 (February 2015)
# Pipeline mode:   SEARCH
# Query file:      /home/jj/Desktop/Bioinformatics/3rd_year/1term/Computational_genomics/Seminars/exercise_04/busco_downloads/lineages/saccharomycetes_odb10/hmms/21089at4891.hmm
# Target file:     /home/jj/Desktop/Bioinformatics/3rd_year/1term/Computational_genomics/Seminars/exercise_04/./busco/SRR6130428/SRR6130428_k63_contigs/run_saccharomycetes_odb10/metaeuk_output/initial_results/SRR6130428_k63_graph.contig.fa.modified.fas
# Option settings: hmmsearch --domtblout /home/jj/Desktop/Bioinformatics/3rd_year/1term/Computational_genomics/Seminars/exercise_04/./busco/SRR6130428/SRR6130428_k63_contigs/run_saccharomycetes_odb10/hmmer_output/initial_run_results/21089at4891.out --cpu 1 /home/jj/Desktop/Bioinformatics/3rd_year/1term/Computational_genomics/Seminars/exercise_04/busco_downloads/lineages/saccharomycetes_odb10/hmms/21089at4891.hmm /home/jj/Desktop/Bioinformatics/3rd_year/1term/Computational_genomics/Seminars/exercise_04/./busco/SRR6130428/SRR6130428_k63_contigs/run_saccharomycetes_odb10/metaeuk_output/initial_results/SRR6130428_k63_graph.contig.fa.modified.fas 
# Current dir:     /home/jj/Desktop/Bioinformatics/3rd_year/1term/Computational_genomics/Seminars/exercise_04
# Date:            Tue Nov  5 18:37:56 2024
# [ok]
