#                                                                            --- full sequence --- -------------- this domain -------------   hmm coord   ali coord   env coord
# target name        accession   tlen query name           accession   qlen   E-value  score  bias   #  of  c-Evalue  i-Evalue  score  bias  from    to  from    to  from    to  acc description of target
#------------------- ---------- ----- -------------------- ---------- ----- --------- ------ ----- --- --- --------- --------- ------ ----- ----- ----- ----- ----- ----- ----- ---- ---------------------
8602:3632-4684       -            351 21192at4891          -            233   7.5e-99  327.5  11.2   1   3   7.3e-16   5.4e-14   49.8   0.1     1    38     1    38     1    58 0.90 -
8602:3632-4684       -            351 21192at4891          -            233   7.5e-99  327.5  11.2   2   3   2.7e-54     2e-52  175.6   0.5    34   159    88   237    84   242 0.86 -
8602:3632-4684       -            351 21192at4891          -            233   7.5e-99  327.5  11.2   3   3   1.3e-31     1e-29  101.3   1.3   157   233   259   351   241   351 0.84 -
8624:103-2805        -            901 21192at4891          -            233   2.3e-34  116.5   0.2   1   3   9.4e-11     7e-09   33.1   0.0   124   225   499   607   487   614 0.64 -
8624:103-2805        -            901 21192at4891          -            233   2.3e-34  116.5   0.2   2   3   8.9e-21   6.6e-19   65.9   0.0    15   158   542   705   527   708 0.79 -
8624:103-2805        -            901 21192at4891          -            233   2.3e-34  116.5   0.2   3   3   2.9e-10   2.2e-08   31.5   0.0   162   231   731   812   725   814 0.81 -
8892:1238-2197       -            320 21192at4891          -            233   4.9e-33  112.1   0.4   1   3   5.3e-10   3.9e-08   30.6   0.1   161   230    11    95     5    98 0.65 -
8892:1238-2197       -            320 21192at4891          -            233   4.9e-33  112.1   0.4   2   3   3.4e-14   2.5e-12   44.4   0.0    13   119   117   242   106   250 0.74 -
8892:1238-2197       -            320 21192at4891          -            233   4.9e-33  112.1   0.4   3   3   3.9e-11   2.9e-09   34.3   0.0   164   230   218   299   207   302 0.71 -
8498:3398-4288       -            297 21192at4891          -            233   1.6e-32  110.4   0.1   1   2    0.0001    0.0074   13.4   0.0   161   190    14    43    11    47 0.89 -
8498:3398-4288       -            297 21192at4891          -            233   1.6e-32  110.4   0.1   2   2   1.8e-28   1.3e-26   91.1   0.0    37   222    59   290    50   295 0.72 -
9542:7230-8360       -            377 21192at4891          -            233   5.9e-32  108.6   0.7   1   4   1.1e-06   8.1e-05   19.8   0.0   161   193    55    87    50    97 0.86 -
9542:7230-8360       -            377 21192at4891          -            233   5.9e-32  108.6   0.7   2   4   1.3e-10   9.9e-09   32.6   0.0    34   118   111   204   105   212 0.83 -
9542:7230-8360       -            377 21192at4891          -            233   5.9e-32  108.6   0.7   3   4   2.1e-05    0.0016   15.6   0.0    35    84   212   260   207   267 0.85 -
9542:7230-8360       -            377 21192at4891          -            233   5.9e-32  108.6   0.7   4   4   1.2e-11   8.8e-10   36.0   0.0     5    83   290   372   287   376 0.88 -
9216:11770-12681     -            304 21192at4891          -            233   1.3e-31  107.4   0.9   1   2   0.00036     0.027   11.5   0.0   161   189    14    42    10    49 0.87 -
9216:11770-12681     -            304 21192at4891          -            233   1.3e-31  107.4   0.9   2   2   4.1e-28   3.1e-26   89.9   0.3    35   226    54   292    49   299 0.73 -
8890:5745-6635       -            297 21192at4891          -            233   4.8e-31  105.6   3.4   1   4   5.3e-08   3.9e-06   24.1   0.0   162   201     9    48     6    53 0.84 -
8890:5745-6635       -            297 21192at4891          -            233   4.8e-31  105.6   3.4   2   4   2.9e-11   2.1e-09   34.8   0.1    37   117    46   133    39   134 0.83 -
8890:5745-6635       -            297 21192at4891          -            233   4.8e-31  105.6   3.4   3   4   2.5e-11   1.9e-09   35.0   0.6     9   118   111   239   105   241 0.71 -
8890:5745-6635       -            297 21192at4891          -            233   4.8e-31  105.6   3.4   4   4   5.2e-09   3.9e-07   27.4   0.1     5    84   212   294   207   297 0.75 -
7420:226-1116        -            297 21192at4891          -            233   9.2e-31  104.7   1.6   1   4   1.9e-08   1.4e-06   25.6   0.0    75   128    11    64     3    71 0.84 -
7420:226-1116        -            297 21192at4891          -            233   9.2e-31  104.7   1.6   2   4   3.2e-10   2.4e-08   31.3   0.0    38   118    62   151    58   151 0.81 -
7420:226-1116        -            297 21192at4891          -            233   9.2e-31  104.7   1.6   3   4   3.1e-14   2.3e-12   44.5   0.1     9   135   128   257   117   260 0.80 -
7420:226-1116        -            297 21192at4891          -            233   9.2e-31  104.7   1.6   4   4    0.0013     0.099    9.7   0.0    36    81   251   297   245   297 0.83 -
9636:22681-23493     -            271 21192at4891          -            233   6.1e-30  102.0   6.3   1   4   1.2e-06   8.7e-05   19.7   0.2   160   230     5    72     2    75 0.91 -
9636:22681-23493     -            271 21192at4891          -            233   6.1e-30  102.0   6.3   2   4   9.1e-05    0.0068   13.5   0.0    52    97    40    86    37    95 0.80 -
9636:22681-23493     -            271 21192at4891          -            233   6.1e-30  102.0   6.3   3   4   2.2e-17   1.7e-15   54.8   0.0     3   117    93   217    90   218 0.85 -
9636:22681-23493     -            271 21192at4891          -            233   6.1e-30  102.0   6.3   4   4   1.5e-11   1.1e-09   35.7   0.0   161   231   192   269   178   271 0.84 -
9646:21723-22529     -            269 21192at4891          -            233   1.1e-28   97.9   0.2   1   3   9.8e-12   7.3e-10   36.3   0.0    11    85     6    81     1    87 0.85 -
9646:21723-22529     -            269 21192at4891          -            233   1.1e-28   97.9   0.2   2   3     4e-15     3e-13   47.4   0.0     5   136    93   230    89   234 0.82 -
9646:21723-22529     -            269 21192at4891          -            233   1.1e-28   97.9   0.2   3   3   0.00057     0.042   10.9   0.0    47    81   235   269   227   269 0.86 -
8734:5869-6846       -            326 21192at4891          -            233   1.5e-27   94.2   0.9   1   4   2.4e-11   1.8e-09   35.0   0.1    14   118    33   151    22   157 0.78 -
8734:5869-6846       -            326 21192at4891          -            233   1.5e-27   94.2   0.9   2   4   0.00072     0.054   10.5   0.0    34    85   166   218   160   223 0.85 -
8734:5869-6846       -            326 21192at4891          -            233   1.5e-27   94.2   0.9   3   4   0.00014      0.01   12.9   0.0   161   191   236   266   228   269 0.87 -
8734:5869-6846       -            326 21192at4891          -            233   1.5e-27   94.2   0.9   4   4   1.2e-08   8.7e-07   26.2   0.0    37    86   273   322   268   325 0.94 -
7950:140-1054        -            305 21192at4891          -            233   8.3e-26   88.5   1.5   1   3     2e-08   1.5e-06   25.5   0.0     3    85     3    94     1   100 0.75 -
7950:140-1054        -            305 21192at4891          -            233   8.3e-26   88.5   1.5   2   3   9.1e-12   6.7e-10   36.4   0.1     9   123   124   254   119   262 0.76 -
7950:140-1054        -            305 21192at4891          -            233   8.3e-26   88.5   1.5   3   3   1.5e-07   1.1e-05   22.6   0.0    46    85   264   303   260   305 0.91 -
9644:4938-5942       -            335 21192at4891          -            233     9e-26   88.4   0.4   1   3   9.3e-11   6.9e-09   33.1   0.0     8    84    49   131    38   134 0.66 -
9644:4938-5942       -            335 21192at4891          -            233     9e-26   88.4   0.4   2   3   2.4e-11   1.8e-09   35.0   0.0    12   118   153   274   143   283 0.70 -
9644:4938-5942       -            335 21192at4891          -            233     9e-26   88.4   0.4   3   3   4.6e-09   3.4e-07   27.6   0.1     5    86   246   331   242   335 0.78 -
9044:1245-2084       -            280 21192at4891          -            233   1.3e-25   87.9   0.1   1   2     2e-15   1.5e-13   48.4   0.0    17   123    15   129     2   141 0.82 -
9044:1245-2084       -            280 21192at4891          -            233   1.3e-25   87.9   0.1   2   2   3.8e-11   2.8e-09   34.4   0.0    39   161   137   278   127   280 0.83 -
7848:245-1210        -            322 21192at4891          -            233   1.9e-24   84.0   2.1   1   3   1.4e-10   1.1e-08   32.5   0.2    13   121    30   158    18   165 0.73 -
7848:245-1210        -            322 21192at4891          -            233   1.9e-24   84.0   2.1   2   3   8.3e-07   6.2e-05   20.2   0.0    35   110   165   239   160   242 0.88 -
7848:245-1210        -            322 21192at4891          -            233   1.9e-24   84.0   2.1   3   3   5.9e-09   4.4e-07   27.2   0.1    12    81   236   305   229   320 0.86 -
7524:527-1453        -            309 21192at4891          -            233   1.1e-23   81.6   5.7   1   4   8.5e-07   6.3e-05   20.1   0.1     6    81    14    93     9   117 0.69 -
7524:527-1453        -            309 21192at4891          -            233   1.1e-23   81.6   5.7   2   4   1.2e-09   8.6e-08   29.5   0.2   159   229   108   187    98   191 0.65 -
7524:527-1453        -            309 21192at4891          -            233   1.1e-23   81.6   5.7   3   4    0.0007     0.052   10.6   0.0   163   197   212   245   201   264 0.72 -
7524:527-1453        -            309 21192at4891          -            233   1.1e-23   81.6   5.7   4   4   3.1e-07   2.3e-05   21.6   0.1    48    82   267   301   259   308 0.92 -
9148:5152-6243       -            364 21192at4891          -            233   2.4e-22   77.1   0.4   1   3   4.4e-14   3.3e-12   44.0   0.0     7   159    54   233    49   242 0.78 -
9148:5152-6243       -            364 21192at4891          -            233   2.4e-22   77.1   0.4   2   3   7.6e-06   0.00056   17.0   0.1   161   189   256   284   253   301 0.88 -
9148:5152-6243       -            364 21192at4891          -            233   2.4e-22   77.1   0.4   3   3    0.0017      0.13    9.3   0.0   188   229   313   354   296   357 0.89 -
9700:14404-15303     -            300 21192at4891          -            233   1.7e-21   74.3   0.3   1   3   1.3e-05   0.00098   16.2   0.0   161   228     6    76     2    81 0.72 -
9700:14404-15303     -            300 21192at4891          -            233   1.7e-21   74.3   0.3   2   3   2.2e-08   1.6e-06   25.4   0.0    72   160    95   189    87   198 0.66 -
9700:14404-15303     -            300 21192at4891          -            233   1.7e-21   74.3   0.3   3   3   1.4e-09     1e-07   29.3   0.1     8    83   221   295   214   300 0.80 -
9260:13124-14104     -            327 21192at4891          -            233   2.3e-20   70.7   0.5   1   3   5.6e-08   4.2e-06   24.0   0.0   159   232    36   126    31   127 0.77 -
9260:13124-14104     -            327 21192at4891          -            233   2.3e-20   70.7   0.5   2   3   1.5e-11   1.1e-09   35.7   0.1     7   138   144   288   139   289 0.79 -
9260:13124-14104     -            327 21192at4891          -            233   2.3e-20   70.7   0.5   3   3     0.031       2.3    5.2   0.0    51    83   286   318   277   323 0.85 -
9390:15488-16345     -            286 21192at4891          -            233   2.4e-20   70.6   0.1   1   3   1.9e-07   1.4e-05   22.3   0.1   164   233     1    77     1    77 0.73 -
9390:15488-16345     -            286 21192at4891          -            233   2.4e-20   70.6   0.1   2   3   1.2e-07   8.6e-06   23.0   0.0     4    83   104   184   101   191 0.84 -
9390:15488-16345     -            286 21192at4891          -            233   2.4e-20   70.6   0.1   3   3   2.5e-07   1.9e-05   21.9   0.0     9    83   207   283   202   285 0.82 -
8618:204-1031        -            276 21192at4891          -            233   9.2e-20   68.7   0.3   1   4   3.4e-05    0.0026   14.9   0.0   163   190     1    28     1    37 0.90 -
8618:204-1031        -            276 21192at4891          -            233   9.2e-20   68.7   0.3   2   4    0.0053       0.4    7.7   0.0    46   117    41   121    31   132 0.76 -
8618:204-1031        -            276 21192at4891          -            233   9.2e-20   68.7   0.3   3   4    0.0047      0.35    7.9   0.0   192   232   143   183   134   184 0.86 -
8618:204-1031        -            276 21192at4891          -            233   9.2e-20   68.7   0.3   4   4   7.1e-11   5.3e-09   33.5   0.1    10    81   206   276   200   276 0.88 -
9594:15511-16419     -            303 21192at4891          -            233   2.5e-19   67.3   7.6   1   4    0.0011     0.081   10.0   0.1    91   122     3    34     1    47 0.81 -
9594:15511-16419     -            303 21192at4891          -            233   2.5e-19   67.3   7.6   2   4     2e-07   1.5e-05   22.2   0.2    38    86    51    99    45   109 0.92 -
9594:15511-16419     -            303 21192at4891          -            233   2.5e-19   67.3   7.6   3   4   2.2e-05    0.0017   15.5   0.0     7    85   126   205   121   221 0.79 -
9594:15511-16419     -            303 21192at4891          -            233   2.5e-19   67.3   7.6   4   4   2.7e-07     2e-05   21.8   0.1   159   214   221   284   216   293 0.78 -
7910:2109-3017       -            303 21192at4891          -            233   2.6e-19   67.2   0.0   1   3   2.4e-08   1.8e-06   25.2   0.0    13    85    21    91     6   108 0.86 -
7910:2109-3017       -            303 21192at4891          -            233   2.6e-19   67.2   0.0   2   3   2.1e-09   1.6e-07   28.7   0.0     7    82   111   185   105   191 0.92 -
7910:2109-3017       -            303 21192at4891          -            233   2.6e-19   67.2   0.0   3   3    0.0011     0.085    9.9   0.1     7    82   210   285   203   292 0.64 -
9468:18764-19579     -            272 21192at4891          -            233     5e-19   66.3   0.0   1   3   1.3e-05   0.00098   16.2   0.0   165   233     2    77     1    77 0.77 -
9468:18764-19579     -            272 21192at4891          -            233     5e-19   66.3   0.0   2   3   1.1e-08   8.3e-07   26.3   0.0     8    84    95   172    88   178 0.89 -
9468:18764-19579     -            272 21192at4891          -            233     5e-19   66.3   0.0   3   3   7.5e-07   5.6e-05   20.3   0.0    12    81   199   270   190   272 0.76 -
9440:8613-9407       -            265 21192at4891          -            233   6.1e-18   62.7   0.1   1   2   7.4e-10   5.5e-08   30.2   0.0    14    87     5    77     1   102 0.82 -
9440:8613-9407       -            265 21192at4891          -            233   6.1e-18   62.7   0.1   2   2     7e-10   5.2e-08   30.2   0.0    23   119   106   218    89   265 0.70 -
9048:1902-2756       -            285 21192at4891          -            233   7.1e-18   62.5   0.0   1   3   2.2e-11   1.6e-09   35.2   0.0    19   119    24   129     9   132 0.86 -
9048:1902-2756       -            285 21192at4891          -            233   7.1e-18   62.5   0.0   2   3   2.5e-06   0.00019   18.6   0.0     7    86   103   183    98   190 0.85 -
9048:1902-2756       -            285 21192at4891          -            233   7.1e-18   62.5   0.0   3   3   2.6e-05     0.002   15.3   0.1   160   217   203   268   198   283 0.73 -
9360:2566-3465       -            300 21192at4891          -            233   2.8e-17   60.6   0.0   1   3       1.3        95   -0.1   0.0     6    35    13    42     6    68 0.59 -
9360:2566-3465       -            300 21192at4891          -            233   2.8e-17   60.6   0.0   2   3   3.2e-08   2.4e-06   24.8   0.0     5    83   118   195   115   203 0.83 -
9360:2566-3465       -            300 21192at4891          -            233   2.8e-17   60.6   0.0   3   3   2.4e-10   1.8e-08   31.8   0.0     3    77   210   284   208   293 0.92 -
9038:3856-4851       -            332 21192at4891          -            233   1.2e-16   58.5   1.3   1   3     1e-10   7.5e-09   33.0   0.0    11   119    17   137     7   156 0.76 -
9038:3856-4851       -            332 21192at4891          -            233   1.2e-16   58.5   1.3   2   3       2.1   1.6e+02   -0.8   0.0    58    86   178   206   173   217 0.80 -
9038:3856-4851       -            332 21192at4891          -            233   1.2e-16   58.5   1.3   3   3   3.7e-05    0.0028   14.8   0.2     8    83   244   326   238   330 0.41 -
9432:17155-18030     -            292 21192at4891          -            233   1.6e-16   58.1   0.1   1   4     0.038       2.8    4.9   0.0    86   119     3    36     1    48 0.77 -
9432:17155-18030     -            292 21192at4891          -            233   1.6e-16   58.1   0.1   2   4   2.3e-05    0.0017   15.5   0.0    38   120    49   141    39   147 0.78 -
9432:17155-18030     -            292 21192at4891          -            233   1.6e-16   58.1   0.1   3   4   0.00037     0.027   11.5   0.0    16    84   123   198   113   212 0.77 -
9432:17155-18030     -            292 21192at4891          -            233   1.6e-16   58.1   0.1   4   4   8.6e-08   6.4e-06   23.4   0.0    18    73   225   282   208   292 0.79 -
9290:2994-3881       -            296 21192at4891          -            233   1.7e-16   58.0   3.7   1   3   7.5e-06   0.00056   17.0   0.1    89   193     3   129     1   149 0.71 -
9290:2994-3881       -            296 21192at4891          -            233   1.7e-16   58.0   3.7   2   3     0.011       0.8    6.7   0.0    35    85   155   205   146   224 0.85 -
9290:2994-3881       -            296 21192at4891          -            233   1.7e-16   58.0   3.7   3   3   2.6e-09   1.9e-07   28.4   0.3     7    83   217   294   209   295 0.81 -
8722:6581-7432       -            284 21192at4891          -            233   2.4e-16   57.5   0.1   1   3   4.1e-07     3e-05   21.2   0.0    16   120    19   141     7   147 0.73 -
8722:6581-7432       -            284 21192at4891          -            233   2.4e-16   57.5   0.1   2   3    0.0011      0.08   10.0   0.0    16    84   123   198   113   221 0.74 -
8722:6581-7432       -            284 21192at4891          -            233   2.4e-16   57.5   0.1   3   3   8.9e-08   6.6e-06   23.3   0.0    18    71   225   280   209   284 0.81 -
9414:294-1106        -            271 21192at4891          -            233     5e-15   53.2   0.1   1   3   8.8e-07   6.6e-05   20.1   0.0    22   119    16   132     2   142 0.74 -
9414:294-1106        -            271 21192at4891          -            233     5e-15   53.2   0.1   2   3    0.0012      0.09    9.8   0.0    19    85   118   191   106   209 0.74 -
9414:294-1106        -            271 21192at4891          -            233     5e-15   53.2   0.1   3   3   5.8e-07   4.3e-05   20.7   0.0    18    68   217   269   196   271 0.81 -
9686:6806-8086       -            427 21192at4891          -            233   4.4e-11   40.3   0.4   1   3     0.003      0.23    8.5   0.1   161   184   224   247   219   265 0.84 -
9686:6806-8086       -            427 21192at4891          -            233   4.4e-11   40.3   0.4   2   3   7.1e-07   5.3e-05   20.4   0.0   179   232   273   326   254   327 0.91 -
9686:6806-8086       -            427 21192at4891          -            233   4.4e-11   40.3   0.4   3   3    0.0041      0.31    8.1   0.0   159   191   342   374   328   396 0.62 -
9686:6478-6927       -            150 21192at4891          -            233     7e-10   36.4   0.3   1   3      0.65        48    0.9   0.0   197   231     7    41     1    43 0.74 -
9686:6478-6927       -            150 21192at4891          -            233     7e-10   36.4   0.3   2   3   3.1e-05    0.0023   15.0   0.0    92   120    65    93    49    99 0.79 -
9686:6478-6927       -            150 21192at4891          -            233     7e-10   36.4   0.3   3   3   7.2e-06   0.00054   17.1   0.0   195   232   113   149   105   150 0.84 -
8334:78-1001         -            308 21192at4891          -            233   2.9e-06   24.5   0.4   1   3      0.17        13    2.8   0.0   170   210    26    72    11    90 0.67 -
8334:78-1001         -            308 21192at4891          -            233   2.9e-06   24.5   0.4   2   3     0.039       2.9    4.9   0.0    40    65   147   172   112   179 0.71 -
8334:78-1001         -            308 21192at4891          -            233   2.9e-06   24.5   0.4   3   3   0.00046     0.034   11.2   0.0   187   213   250   276   241   296 0.77 -
9722:11041-12525     -            495 21192at4891          -            233   0.00086   16.4   0.6   1   3      0.14        11    3.0   0.0    16    45   120   149   106   156 0.79 -
9722:11041-12525     -            495 21192at4891          -            233   0.00086   16.4   0.6   2   3      0.81        60    0.6   0.0    41    68   223   250   217   263 0.83 -
9722:11041-12525     -            495 21192at4891          -            233   0.00086   16.4   0.6   3   3    0.0021      0.16    9.0   0.1     6    62   288   345   284   376 0.77 -
#
# Program:         hmmsearch
# Version:         3.1b2 (February 2015)
# Pipeline mode:   SEARCH
# Query file:      /home/jj/Desktop/Bioinformatics/3rd_year/1term/Computational_genomics/Seminars/exercise_04/busco_downloads/lineages/saccharomycetes_odb10/hmms/21192at4891.hmm
# Target file:     /home/jj/Desktop/Bioinformatics/3rd_year/1term/Computational_genomics/Seminars/exercise_04/./busco/SRR6130428/SRR6130428_k63_contigs/run_saccharomycetes_odb10/metaeuk_output/initial_results/SRR6130428_k63_graph.contig.fa.modified.fas
# Option settings: hmmsearch --domtblout /home/jj/Desktop/Bioinformatics/3rd_year/1term/Computational_genomics/Seminars/exercise_04/./busco/SRR6130428/SRR6130428_k63_contigs/run_saccharomycetes_odb10/hmmer_output/initial_run_results/21192at4891.out --cpu 1 /home/jj/Desktop/Bioinformatics/3rd_year/1term/Computational_genomics/Seminars/exercise_04/busco_downloads/lineages/saccharomycetes_odb10/hmms/21192at4891.hmm /home/jj/Desktop/Bioinformatics/3rd_year/1term/Computational_genomics/Seminars/exercise_04/./busco/SRR6130428/SRR6130428_k63_contigs/run_saccharomycetes_odb10/metaeuk_output/initial_results/SRR6130428_k63_graph.contig.fa.modified.fas 
# Current dir:     /home/jj/Desktop/Bioinformatics/3rd_year/1term/Computational_genomics/Seminars/exercise_04
# Date:            Tue Nov  5 18:37:56 2024
# [ok]
