#                                                                            --- full sequence --- -------------- this domain -------------   hmm coord   ali coord   env coord
# target name        accession   tlen query name           accession   qlen   E-value  score  bias   #  of  c-Evalue  i-Evalue  score  bias  from    to  from    to  from    to  acc description of target
#------------------- ---------- ----- -------------------- ---------- ----- --------- ------ ----- --- --- --------- --------- ------ ----- ----- ----- ----- ----- ----- ----- ---- ---------------------
7562:101-1756        -            552 21513at4891          -            350  3.4e-125  415.2  34.4   1   5      0.19   1.7e+02   -1.5   0.0    10    25    21    36    13    50 0.79 -
7562:101-1756        -            552 21513at4891          -            350  3.4e-125  415.2  34.4   2   5     0.091        81   -0.4   0.2    22    41    53    72    38   109 0.65 -
7562:101-1756        -            552 21513at4891          -            350  3.4e-125  415.2  34.4   3   5   1.4e-10   1.2e-07   28.6   4.0    27   110    93   204    81   229 0.80 -
7562:101-1756        -            552 21513at4891          -            350  3.4e-125  415.2  34.4   4   5   3.9e-83   3.5e-80  267.2   9.8   118   278   251   429   238   439 0.87 -
7562:101-1756        -            552 21513at4891          -            350  3.4e-125  415.2  34.4   5   5     4e-41   3.6e-38  129.0   1.7   267   346   438   518   433   525 0.92 -
8900:4767-7310       -            848 21513at4891          -            350   2.4e-07   27.6   3.6   1   3      0.28   2.5e+02   -2.1   0.7    64   161   132   227   113   238 0.61 -
8900:4767-7310       -            848 21513at4891          -            350   2.4e-07   27.6   3.6   2   3         1     9e+02   -3.9   0.3    75   128   272   325   256   330 0.57 -
8900:4767-7310       -            848 21513at4891          -            350   2.4e-07   27.6   3.6   3   3   2.6e-10   2.4e-07   27.6   3.6   166   328   419   610   401   628 0.67 -
9692:23466-25454     -            663 21513at4891          -            350   0.00087   15.9   2.4   1   3      0.65   5.8e+02   -3.3   0.0    52    75   313   336   294   354 0.54 -
9692:23466-25454     -            663 21513at4891          -            350   0.00087   15.9   2.4   2   3     0.098        87   -0.5   0.2   168   197   473   507   416   531 0.65 -
9692:23466-25454     -            663 21513at4891          -            350   0.00087   15.9   2.4   3   3   1.7e-06    0.0015   15.1   0.0   212   306   550   648   530   660 0.83 -
#
# Program:         hmmsearch
# Version:         3.1b2 (February 2015)
# Pipeline mode:   SEARCH
# Query file:      /home/jj/Desktop/Bioinformatics/3rd_year/1term/Computational_genomics/Seminars/exercise_04/busco_downloads/lineages/saccharomycetes_odb10/hmms/21513at4891.hmm
# Target file:     /home/jj/Desktop/Bioinformatics/3rd_year/1term/Computational_genomics/Seminars/exercise_04/./busco/SRR6130428/SRR6130428_k63_contigs/run_saccharomycetes_odb10/metaeuk_output/initial_results/SRR6130428_k63_graph.contig.fa.modified.fas
# Option settings: hmmsearch --domtblout /home/jj/Desktop/Bioinformatics/3rd_year/1term/Computational_genomics/Seminars/exercise_04/./busco/SRR6130428/SRR6130428_k63_contigs/run_saccharomycetes_odb10/hmmer_output/initial_run_results/21513at4891.out --cpu 1 /home/jj/Desktop/Bioinformatics/3rd_year/1term/Computational_genomics/Seminars/exercise_04/busco_downloads/lineages/saccharomycetes_odb10/hmms/21513at4891.hmm /home/jj/Desktop/Bioinformatics/3rd_year/1term/Computational_genomics/Seminars/exercise_04/./busco/SRR6130428/SRR6130428_k63_contigs/run_saccharomycetes_odb10/metaeuk_output/initial_results/SRR6130428_k63_graph.contig.fa.modified.fas 
# Current dir:     /home/jj/Desktop/Bioinformatics/3rd_year/1term/Computational_genomics/Seminars/exercise_04
# Date:            Tue Nov  5 18:37:57 2024
# [ok]
