#                                                                            --- full sequence --- -------------- this domain -------------   hmm coord   ali coord   env coord
# target name        accession   tlen query name           accession   qlen   E-value  score  bias   #  of  c-Evalue  i-Evalue  score  bias  from    to  from    to  from    to  acc description of target
#------------------- ---------- ----- -------------------- ---------- ----- --------- ------ ----- --- --- --------- --------- ------ ----- ----- ----- ----- ----- ----- ----- ---- ---------------------
9502:3437-4294       -            286 21615at4891          -            179   2.6e-73  243.2   3.9   1   3   3.4e-18   2.9e-16   57.3   0.0     1    54     6    64     6    71 0.88 -
9502:3437-4294       -            286 21615at4891          -            179   2.6e-73  243.2   3.9   2   3   3.1e-56   2.6e-54  181.3   1.3    54   169    95   223    87   231 0.92 -
9502:3437-4294       -            286 21615at4891          -            179   2.6e-73  243.2   3.9   3   3       0.1       8.5    3.7   0.0   164   179   261   276   239   276 0.86 -
8276:239-3370        -           1044 21615at4891          -            179   7.1e-22   75.6   0.0   1   3   5.4e-13   4.5e-11   40.4   0.0    13   165   446   607   435   618 0.79 -
8276:239-3370        -           1044 21615at4891          -            179   7.1e-22   75.6   0.0   2   3   1.5e-08   1.3e-06   25.9   0.0     1    49   667   720   667   734 0.85 -
8276:239-3370        -           1044 21615at4891          -            179   7.1e-22   75.6   0.0   3   3     0.038       3.2    5.1   0.0    93   154   890   951   872   967 0.84 -
9244:5710-7539       -            610 21615at4891          -            179   1.7e-21   74.4   0.3   1   4   3.7e-05    0.0031   14.9   0.0    13    48    97   132    82   144 0.83 -
9244:5710-7539       -            610 21615at4891          -            179   1.7e-21   74.4   0.3   2   4   2.6e-05    0.0022   15.4   0.1    97   159   224   286   202   303 0.85 -
9244:5710-7539       -            610 21615at4891          -            179   1.7e-21   74.4   0.3   3   4   3.8e-07   3.2e-05   21.4   0.0    14    46   412   444   395   451 0.87 -
9244:5710-7539       -            610 21615at4891          -            179   1.7e-21   74.4   0.3   4   4   6.1e-06   0.00051   17.4   0.0    95   157   511   573   507   587 0.89 -
9636:3986-7117       -           1044 21615at4891          -            179   1.3e-20   71.5   0.2   1   3   8.3e-13     7e-11   39.8   0.0    13   168   446   614   435   620 0.72 -
9636:3986-7117       -           1044 21615at4891          -            179   1.3e-20   71.5   0.2   2   3   1.2e-08     1e-06   26.2   0.0     1    49   667   720   667   734 0.86 -
9636:3986-7117       -           1044 21615at4891          -            179   1.3e-20   71.5   0.2   3   3      0.58        49    1.2   0.0    95   154   892   951   872   968 0.82 -
8368:2744-4999       -            752 21615at4891          -            179   1.4e-20   71.4   0.1   1   4   4.8e-07     4e-05   21.0   0.0    13    60   215   262   210   285 0.90 -
8368:2744-4999       -            752 21615at4891          -            179   1.4e-20   71.4   0.1   2   4    0.0017      0.14    9.5   0.0    98   154   366   422   358   439 0.89 -
8368:2744-4999       -            752 21615at4891          -            179   1.4e-20   71.4   0.1   3   4   4.7e-08   3.9e-06   24.3   0.0    12    47   547   582   532   592 0.79 -
8368:2744-4999       -            752 21615at4891          -            179   1.4e-20   71.4   0.1   4   4   0.00064     0.054   10.8   0.0    96   154   647   705   642   719 0.88 -
9614:16867-20454     -           1196 21615at4891          -            179     9e-16   55.7   0.3   1   2   1.1e-09   8.9e-08   29.7   0.1    13   167   587   758   572   765 0.69 -
9614:16867-20454     -           1196 21615at4891          -            179     9e-16   55.7   0.3   2   2   2.3e-07   1.9e-05   22.1   0.0     4    47   815   863   812   870 0.79 -
8844:5039-6358       -            440 21615at4891          -            179   4.6e-14   50.2   7.1   1   4   2.9e-05    0.0024   15.2   0.3    28    47     6    25     1    32 0.89 -
8844:5039-6358       -            440 21615at4891          -            179   4.6e-14   50.2   7.1   2   4    0.0011      0.09   10.1   0.1    83   143   101   163    90   191 0.80 -
8844:5039-6358       -            440 21615at4891          -            179   4.6e-14   50.2   7.1   3   4   8.7e-05    0.0073   13.7   0.0    24    46   277   299   249   304 0.78 -
8844:5039-6358       -            440 21615at4891          -            179   4.6e-14   50.2   7.1   4   4    0.0002     0.017   12.5   0.1    93   165   359   437   343   440 0.73 -
8900:2710-4323       -            538 21615at4891          -            179   2.1e-11   41.5   0.1   1   3     4e-05    0.0033   14.8   0.0    87   144   149   205   133   238 0.81 -
8900:2710-4323       -            538 21615at4891          -            179   2.1e-11   41.5   0.1   2   3   3.9e-05    0.0033   14.8   0.0     7    47   312   355   306   360 0.80 -
8900:2710-4323       -            538 21615at4891          -            179   2.1e-11   41.5   0.1   3   3    0.0053      0.44    7.9   0.0    98   156   455   513   440   525 0.90 -
9014:8884-9615       -            244 21615at4891          -            179   2.7e-11   41.1   0.0   1   2     7e-06   0.00059   17.2   0.0    13    73    19    77    10   119 0.73 -
9014:8884-9615       -            244 21615at4891          -            179   2.7e-11   41.1   0.0   2   2   2.3e-07   1.9e-05   22.1   0.0    97   146   145   194   109   207 0.79 -
9716:22411-23625     -            405 21615at4891          -            179   8.3e-10   36.3   0.2   1   2   1.5e-05    0.0013   16.1   0.0    12    74   174   236   158   256 0.81 -
9716:22411-23625     -            405 21615at4891          -            179   8.3e-10   36.3   0.2   2   2   4.4e-06   0.00037   17.9   0.0    99   156   305   364   298   381 0.80 -
8608:321-2387        -            689 21615at4891          -            179   1.2e-09   35.8   0.1   1   3       6.4   5.4e+02   -2.2   0.0    87   140   196   250   190   275 0.64 -
8608:321-2387        -            689 21615at4891          -            179   1.2e-09   35.8   0.1   2   3   2.4e-05     0.002   15.5   0.0    11    43   449   481   435   484 0.81 -
8608:321-2387        -            689 21615at4891          -            179   1.2e-09   35.8   0.1   3   3     1e-05   0.00087   16.7   0.0    98   158   570   634   554   646 0.80 -
9412:11968-13440     -            491 21615at4891          -            179   1.7e-07   28.7   0.0   1   2    0.0016      0.13    9.6   0.0     4    43   254   299   251   306 0.75 -
9412:11968-13440     -            491 21615at4891          -            179   1.7e-07   28.7   0.0   2   2   1.1e-05   0.00089   16.7   0.0   100   156   391   451   381   465 0.76 -
9402:812-1753        -            314 21615at4891          -            179   4.9e-07   27.3   0.2   1   2   0.00058     0.049   11.0   0.0    13    40    88   115    78   126 0.90 -
9402:812-1753        -            314 21615at4891          -            179   4.9e-07   27.3   0.2   2   2   6.9e-05    0.0058   14.0   0.1    99   142   208   251   192   283 0.73 -
9092:4470-5399       -            310 21615at4891          -            179   9.6e-07   26.3   0.2   1   2   0.00015     0.013   12.9   0.0    12    43    77   108    63   131 0.85 -
9092:4470-5399       -            310 21615at4891          -            179   9.6e-07   26.3   0.2   2   2   0.00041     0.034   11.5   0.0    96   167   211   285   192   292 0.80 -
9014:6925-8652       -            576 21615at4891          -            179   1.3e-06   25.9   0.4   1   2   7.1e-05    0.0059   14.0   0.1    14    47     8    41     3    56 0.86 -
9014:6925-8652       -            576 21615at4891          -            179   1.3e-06   25.9   0.4   2   2    0.0015      0.12    9.7   0.0    72   143   126   191   116   216 0.77 -
9114:3218-6328       -           1037 21615at4891          -            179   2.1e-06   25.2   0.2   1   2    0.0016      0.13    9.6   0.1    13    47   394   428   378   437 0.86 -
9114:3218-6328       -           1037 21615at4891          -            179   2.1e-06   25.2   0.2   2   2   0.00016     0.014   12.8   0.0    99   142   517   560   477   570 0.83 -
9092:2820-3413       -            198 21615at4891          -            179   2.8e-06   24.8   0.2   1   1   4.4e-07   3.7e-05   21.2   0.2    13   140     2   148     1   179 0.70 -
8662:4920-6668       -            583 21615at4891          -            179     5e-06   24.0   0.0   1   2    0.0018      0.15    9.4   0.0    11    43   365   397   349   406 0.82 -
8662:4920-6668       -            583 21615at4891          -            179     5e-06   24.0   0.0   2   2   0.00034     0.028   11.8   0.0    96   141   487   532   465   567 0.80 -
8980:2915-3556       -            214 21615at4891          -            179   0.00023   18.6   0.1   1   2   8.2e-05    0.0069   13.8   0.1    13    44     3    34     1    47 0.84 -
8980:2915-3556       -            214 21615at4891          -            179   0.00023   18.6   0.1   2   2      0.19        16    2.8   0.0    99   126   125   152    98   169 0.88 -
8896:4916-7267       -            784 21615at4891          -            179    0.0003   18.2   0.0   1   1   8.1e-06   0.00068   17.0   0.0    15    45   490   520   483   529 0.91 -
9680:26462-29044     -            861 21615at4891          -            179    0.0004   17.8   0.8   1   3       9.2   7.7e+02   -2.7   0.0     6    36   441   471   437   482 0.86 -
9680:26462-29044     -            861 21615at4891          -            179    0.0004   17.8   0.8   2   3    0.0033      0.28    8.5   0.0    22    44   628   650   607   653 0.80 -
9680:26462-29044     -            861 21615at4891          -            179    0.0004   17.8   0.8   3   3     0.016       1.4    6.3   0.1    81   144   722   784   705   794 0.76 -
9434:3226-4854       -            543 21615at4891          -            179   0.00057   17.3   0.0   1   2   0.00041     0.034   11.5   0.0    19    46    43    70    31   118 0.74 -
9434:3226-4854       -            543 21615at4891          -            179   0.00057   17.3   0.0   2   2      0.13        11    3.3   0.0   104   144   163   204   136   224 0.83 -
9238:3-14489         -           4829 21615at4891          -            179   0.00058   17.3   5.4   1   4      0.17        14    3.0   0.0    11    46   215   250   209   265 0.81 -
9238:3-14489         -           4829 21615at4891          -            179   0.00058   17.3   5.4   2   4    0.0048       0.4    8.0   0.1    12    44   554   586   545   598 0.84 -
9238:3-14489         -           4829 21615at4891          -            179   0.00058   17.3   5.4   3   4     0.059         5    4.4   0.0    20    44  1277  1301  1266  1343 0.87 -
9238:3-14489         -           4829 21615at4891          -            179   0.00058   17.3   5.4   4   4       3.9   3.2e+02   -1.5   0.1    14    45  1650  1681  1644  1689 0.80 -
9444:15634-17205     -            524 21615at4891          -            179     0.001   16.5   0.1   1   2   0.00046     0.039   11.3   0.0    23    50    21    48     9    95 0.85 -
9444:15634-17205     -            524 21615at4891          -            179     0.001   16.5   0.1   2   2      0.27        23    2.3   0.0   104   144   136   177   104   199 0.75 -
9438:9506-11200      -            565 21615at4891          -            179    0.0015   15.9   0.1   1   2   0.00033     0.028   11.8   0.0    13    47    23    57    16    69 0.86 -
9438:9506-11200      -            565 21615at4891          -            179    0.0015   15.9   0.1   2   2      0.47        40    1.5   0.0   104   155   149   204   116   221 0.68 -
8646:3418-5427       -            670 21615at4891          -            179    0.0019   15.6   0.2   1   1   4.7e-05     0.004   14.5   0.2   127   161   542   579   491   591 0.78 -
9448:14761-16359     -            533 21615at4891          -            179    0.0028   15.0   0.3   1   2   0.00053     0.044   11.1   0.1    24    50    32    58    20    69 0.89 -
9448:14761-16359     -            533 21615at4891          -            179    0.0028   15.0   0.3   2   2      0.49        41    1.5   0.0   104   143   146   186   113   206 0.73 -
9726:52457-55771     -           1105 21615at4891          -            179    0.0032   14.8   0.9   1   3    0.0096      0.81    7.0   0.0    17    43    89   114    76   124 0.74 -
9726:52457-55771     -           1105 21615at4891          -            179    0.0032   14.8   0.9   2   3       0.2        17    2.7   0.0   142   176   241   275   233   277 0.87 -
9726:52457-55771     -           1105 21615at4891          -            179    0.0032   14.8   0.9   3   3      0.54        45    1.3   0.1    96   136  1007  1051   985  1071 0.76 -
9620:5231-6853       -            541 21615at4891          -            179    0.0033   14.8   0.2   1   2   0.00091     0.076   10.4   0.0    13    46    23    56    12    65 0.87 -
9620:5231-6853       -            541 21615at4891          -            179    0.0033   14.8   0.2   2   2      0.33        27    2.0   0.0   103   149   148   198   112   219 0.62 -
9610:22238-23902     -            555 21615at4891          -            179    0.0065   13.9   0.5   1   2     0.001     0.086   10.2   0.0    13    46    44    77    40    90 0.86 -
9610:22238-23902     -            555 21615at4891          -            179    0.0065   13.9   0.5   2   2      0.69        58    1.0   0.0   105   132   171   199   133   240 0.64 -
9406:6563-7207       -            215 21615at4891          -            179     0.012   13.0   0.0   1   1   0.00026     0.022   12.1   0.0    24    71    21    67    15    85 0.81 -
7602:477-1319        -            281 21615at4891          -            179     0.018   12.4   0.0   1   2   0.00079     0.066   10.6   0.0    25    60     8    43     2    70 0.82 -
7602:477-1319        -            281 21615at4891          -            179     0.018   12.4   0.0   2   2       4.1   3.4e+02   -1.6   0.0   113   139   230   256   225   275 0.70 -
#
# Program:         hmmsearch
# Version:         3.1b2 (February 2015)
# Pipeline mode:   SEARCH
# Query file:      /home/jj/Desktop/Bioinformatics/3rd_year/1term/Computational_genomics/Seminars/exercise_04/busco_downloads/lineages/saccharomycetes_odb10/hmms/21615at4891.hmm
# Target file:     /home/jj/Desktop/Bioinformatics/3rd_year/1term/Computational_genomics/Seminars/exercise_04/./busco/SRR6130428/SRR6130428_k63_contigs/run_saccharomycetes_odb10/metaeuk_output/initial_results/SRR6130428_k63_graph.contig.fa.modified.fas
# Option settings: hmmsearch --domtblout /home/jj/Desktop/Bioinformatics/3rd_year/1term/Computational_genomics/Seminars/exercise_04/./busco/SRR6130428/SRR6130428_k63_contigs/run_saccharomycetes_odb10/hmmer_output/initial_run_results/21615at4891.out --cpu 1 /home/jj/Desktop/Bioinformatics/3rd_year/1term/Computational_genomics/Seminars/exercise_04/busco_downloads/lineages/saccharomycetes_odb10/hmms/21615at4891.hmm /home/jj/Desktop/Bioinformatics/3rd_year/1term/Computational_genomics/Seminars/exercise_04/./busco/SRR6130428/SRR6130428_k63_contigs/run_saccharomycetes_odb10/metaeuk_output/initial_results/SRR6130428_k63_graph.contig.fa.modified.fas 
# Current dir:     /home/jj/Desktop/Bioinformatics/3rd_year/1term/Computational_genomics/Seminars/exercise_04
# Date:            Tue Nov  5 18:37:58 2024
# [ok]
