#                                                                            --- full sequence --- -------------- this domain -------------   hmm coord   ali coord   env coord
# target name        accession   tlen query name           accession   qlen   E-value  score  bias   #  of  c-Evalue  i-Evalue  score  bias  from    to  from    to  from    to  acc description of target
#------------------- ---------- ----- -------------------- ---------- ----- --------- ------ ----- --- --- --------- --------- ------ ----- ----- ----- ----- ----- ----- ----- ---- ---------------------
9288:9092-10672      -            527 21707at4891          -            292   3.2e-72  241.0  39.7   1   6   3.4e-10   3.1e-07   27.7   0.2     1    33     2    34     2    44 0.87 -
9288:9092-10672      -            527 21707at4891          -            292   3.2e-72  241.0  39.7   2   6   3.8e-08   3.4e-05   21.0   3.8    28    65    59    96    49   116 0.87 -
9288:9092-10672      -            527 21707at4891          -            292   3.2e-72  241.0  39.7   3   6   1.8e-08   1.6e-05   22.1   0.4    47   124   126   215    96   224 0.66 -
9288:9092-10672      -            527 21707at4891          -            292   3.2e-72  241.0  39.7   4   6   3.8e-10   3.4e-07   27.6   4.8   129   183   275   329   226   364 0.80 -
9288:9092-10672      -            527 21707at4891          -            292   3.2e-72  241.0  39.7   5   6     8e-42   7.1e-39  131.5   2.6   105   266   317   480   314   485 0.82 -
9288:9092-10672      -            527 21707at4891          -            292   3.2e-72  241.0  39.7   6   6   1.1e-10   9.5e-08   29.4   0.7   266   291   502   527   494   527 0.91 -
7526:1033-1464       -            144 21707at4891          -            292   7.2e-05   19.9   0.5   1   1   1.3e-07   0.00011   19.3   0.4   131   165    48    82    22    98 0.86 -
8902:2593-3282       -            230 21707at4891          -            292    0.0039   14.3   0.9   1   3   4.3e-06    0.0039   14.3   0.9   129   170    22    63     8    79 0.85 -
8902:2593-3282       -            230 21707at4891          -            292    0.0039   14.3   0.9   2   3    0.0096       8.5    3.3   0.1   138   168    82   112    74   121 0.84 -
8902:2593-3282       -            230 21707at4891          -            292    0.0039   14.3   0.9   3   3      0.56     5e+02   -2.5   0.3     5    25   160   180   158   198 0.59 -
#
# Program:         hmmsearch
# Version:         3.1b2 (February 2015)
# Pipeline mode:   SEARCH
# Query file:      /home/jj/Desktop/Bioinformatics/3rd_year/1term/Computational_genomics/Seminars/exercise_04/busco_downloads/lineages/saccharomycetes_odb10/hmms/21707at4891.hmm
# Target file:     /home/jj/Desktop/Bioinformatics/3rd_year/1term/Computational_genomics/Seminars/exercise_04/./busco/SRR6130428/SRR6130428_k63_contigs/run_saccharomycetes_odb10/metaeuk_output/initial_results/SRR6130428_k63_graph.contig.fa.modified.fas
# Option settings: hmmsearch --domtblout /home/jj/Desktop/Bioinformatics/3rd_year/1term/Computational_genomics/Seminars/exercise_04/./busco/SRR6130428/SRR6130428_k63_contigs/run_saccharomycetes_odb10/hmmer_output/initial_run_results/21707at4891.out --cpu 1 /home/jj/Desktop/Bioinformatics/3rd_year/1term/Computational_genomics/Seminars/exercise_04/busco_downloads/lineages/saccharomycetes_odb10/hmms/21707at4891.hmm /home/jj/Desktop/Bioinformatics/3rd_year/1term/Computational_genomics/Seminars/exercise_04/./busco/SRR6130428/SRR6130428_k63_contigs/run_saccharomycetes_odb10/metaeuk_output/initial_results/SRR6130428_k63_graph.contig.fa.modified.fas 
# Current dir:     /home/jj/Desktop/Bioinformatics/3rd_year/1term/Computational_genomics/Seminars/exercise_04
# Date:            Tue Nov  5 18:37:58 2024
# [ok]
