#                                                                            --- full sequence --- -------------- this domain -------------   hmm coord   ali coord   env coord
# target name        accession   tlen query name           accession   qlen   E-value  score  bias   #  of  c-Evalue  i-Evalue  score  bias  from    to  from    to  from    to  acc description of target
#------------------- ---------- ----- -------------------- ---------- ----- --------- ------ ----- --- --- --------- --------- ------ ----- ----- ----- ----- ----- ----- ----- ---- ---------------------
8372:1743-3839       -            699 22345at4891          -            363  2.1e-131  435.4  37.6   1   5      0.66     3e+02   -2.7   3.8     4    68    77   141    73   156 0.50 -
8372:1743-3839       -            699 22345at4891          -            363  2.1e-131  435.4  37.6   2   5       2.2   9.8e+02   -4.4  14.9     5   100   113   208   102   212 0.66 -
8372:1743-3839       -            699 22345at4891          -            363  2.1e-131  435.4  37.6   3   5         6   2.7e+03  -13.8  24.6     4    19   217   232   149   306 0.46 -
8372:1743-3839       -            699 22345at4891          -            363  2.1e-131  435.4  37.6   4   5   5.1e-16   2.3e-13   47.0  11.1     9   109   270   370   260   379 0.71 -
8372:1743-3839       -            699 22345at4891          -            363  2.1e-131  435.4  37.6   5   5  3.5e-124  1.6e-121  402.9  18.5   109   363   405   699   398   699 0.88 -
7924:140-2521        -            794 22345at4891          -            363   3.3e-68  227.5   0.7   1   2   7.3e-71   3.3e-68  227.5   0.7   114   362   150   436   140   439 0.85 -
7924:140-2521        -            794 22345at4891          -            363   3.3e-68  227.5   0.7   2   2      0.52   2.3e+02   -2.3   4.6    10    69   436   495   430   558 0.57 -
8584:730-1926        -            399 22345at4891          -            363   8.4e-58  193.2  15.1   1   3   1.1e-22   5.1e-20   68.9   0.2   114   252     8   158     2   168 0.80 -
8584:730-1926        -            399 22345at4891          -            363   8.4e-58  193.2  15.1   2   3      0.16        71   -0.7   0.3    23    58   181   216   157   240 0.48 -
8584:730-1926        -            399 22345at4891          -            363   8.4e-58  193.2  15.1   3   3   8.6e-42   3.8e-39  131.8   4.3   212   362   230   397   225   398 0.87 -
9472:7602-8645       -            348 22345at4891          -            363     4e-54  181.1  17.6   1   2   1.4e-54   6.3e-52  173.9  15.8   116   362     1   308     1   311 0.78 -
9472:7602-8645       -            348 22345at4891          -            363     4e-54  181.1  17.6   2   2     0.038        17    1.4   0.0   289   313   305   332   303   341 0.82 -
9680:10444-12516     -            691 22345at4891          -            363   2.7e-50  168.5  19.2   1   4   6.2e-28   2.8e-25   86.2   0.5   109   213   158   270   154   289 0.84 -
9680:10444-12516     -            691 22345at4891          -            363   2.7e-50  168.5  19.2   2   4   7.4e-19   3.3e-16   56.4   1.6   208   312   294   406   290   407 0.76 -
9680:10444-12516     -            691 22345at4891          -            363   2.7e-50  168.5  19.2   3   4     6e-13   2.7e-10   36.9   0.0   312   361   441   493   432   495 0.85 -
9680:10444-12516     -            691 22345at4891          -            363   2.7e-50  168.5  19.2   4   4      0.35   1.6e+02   -1.8   1.8     3   104   527   629   517   649 0.78 -
9326:381-1388        -            336 22345at4891          -            363   1.1e-26   90.9   4.8   1   1   1.2e-28   5.2e-26   88.6   4.8   114   358     1   287     1   293 0.73 -
#
# Program:         hmmsearch
# Version:         3.1b2 (February 2015)
# Pipeline mode:   SEARCH
# Query file:      /home/jj/Desktop/Bioinformatics/3rd_year/1term/Computational_genomics/Seminars/exercise_04/busco_downloads/lineages/saccharomycetes_odb10/hmms/22345at4891.hmm
# Target file:     /home/jj/Desktop/Bioinformatics/3rd_year/1term/Computational_genomics/Seminars/exercise_04/./busco/SRR6130428/SRR6130428_k63_contigs/run_saccharomycetes_odb10/metaeuk_output/initial_results/SRR6130428_k63_graph.contig.fa.modified.fas
# Option settings: hmmsearch --domtblout /home/jj/Desktop/Bioinformatics/3rd_year/1term/Computational_genomics/Seminars/exercise_04/./busco/SRR6130428/SRR6130428_k63_contigs/run_saccharomycetes_odb10/hmmer_output/initial_run_results/22345at4891.out --cpu 1 /home/jj/Desktop/Bioinformatics/3rd_year/1term/Computational_genomics/Seminars/exercise_04/busco_downloads/lineages/saccharomycetes_odb10/hmms/22345at4891.hmm /home/jj/Desktop/Bioinformatics/3rd_year/1term/Computational_genomics/Seminars/exercise_04/./busco/SRR6130428/SRR6130428_k63_contigs/run_saccharomycetes_odb10/metaeuk_output/initial_results/SRR6130428_k63_graph.contig.fa.modified.fas 
# Current dir:     /home/jj/Desktop/Bioinformatics/3rd_year/1term/Computational_genomics/Seminars/exercise_04
# Date:            Tue Nov  5 18:38:00 2024
# [ok]
