#                                                                            --- full sequence --- -------------- this domain -------------   hmm coord   ali coord   env coord
# target name        accession   tlen query name           accession   qlen   E-value  score  bias   #  of  c-Evalue  i-Evalue  score  bias  from    to  from    to  from    to  acc description of target
#------------------- ---------- ----- -------------------- ---------- ----- --------- ------ ----- --- --- --------- --------- ------ ----- ----- ----- ----- ----- ----- ----- ---- ---------------------
8368:924-2402        -            493 22429at4891          -            330  5.3e-130  430.6  22.3   1   6   1.2e-10     2e-08   31.0   0.0     1    41     2    46     2    49 0.88 -
8368:924-2402        -            493 22429at4891          -            330  5.3e-130  430.6  22.3   2   6     0.011       1.9    4.8   0.0    37    53    58    74    50    79 0.89 -
8368:924-2402        -            493 22429at4891          -            330  5.3e-130  430.6  22.3   3   6   3.6e-11   6.1e-09   32.7   0.1    50    83    99   133    76   140 0.88 -
8368:924-2402        -            493 22429at4891          -            330  5.3e-130  430.6  22.3   4   6   4.5e-14   7.5e-12   42.3   0.2    77   125   165   216   155   239 0.85 -
8368:924-2402        -            493 22429at4891          -            330  5.3e-130  430.6  22.3   5   6   9.5e-57   1.6e-54  182.5   4.9   130   258   251   381   242   389 0.93 -
8368:924-2402        -            493 22429at4891          -            330  5.3e-130  430.6  22.3   6   6   1.1e-45   1.8e-43  146.2   0.2   227   330   389   493   382   493 0.91 -
9706:9584-10987      -            468 22429at4891          -            330     2e-17   60.6   3.7   1   4   6.7e-05     0.011   12.1   0.0    51    74   131   154   115   171 0.86 -
9706:9584-10987      -            468 22429at4891          -            330     2e-17   60.6   3.7   2   4     0.028       4.7    3.5   0.0   101   126   223   248   193   259 0.83 -
9706:9584-10987      -            468 22429at4891          -            330     2e-17   60.6   3.7   3   4       0.2        33    0.7   0.1   175   225   347   396   321   397 0.69 -
9706:9584-10987      -            468 22429at4891          -            330     2e-17   60.6   3.7   4   4   1.9e-14   3.2e-12   43.5   0.2   244   308   390   452   381   456 0.84 -
9336:200-2539        -            780 22429at4891          -            330   3.1e-16   56.7   3.6   1   3   2.1e-07   3.5e-05   20.4   0.1     8    74   273   343   266   351 0.65 -
9336:200-2539        -            780 22429at4891          -            330   3.1e-16   56.7   3.6   2   3       0.1        17    1.6   0.0    93   127   395   429   384   436 0.83 -
9336:200-2539        -            780 22429at4891          -            330   3.1e-16   56.7   3.6   3   3   1.9e-11   3.1e-09   33.7   0.1   247   306   705   764   698   773 0.79 -
9382:16237-17691     -            485 22429at4891          -            330   4.6e-16   56.1  11.2   1   3    0.0031      0.52    6.6   0.0    53    89    35    72    31   116 0.65 -
9382:16237-17691     -            485 22429at4891          -            330   4.6e-16   56.1  11.2   2   3     0.031       5.2    3.4   0.0    97   126   147   175   135   197 0.85 -
9382:16237-17691     -            485 22429at4891          -            330   4.6e-16   56.1  11.2   3   3   6.5e-14   1.1e-11   41.7   5.2   174   326   345   485   327   485 0.64 -
9572:3417-6815       -           1133 22429at4891          -            330   2.4e-14   50.4  10.4   1   4   1.3e-08   2.1e-06   24.4   0.2    52    76   264   288   258   303 0.82 -
9572:3417-6815       -           1133 22429at4891          -            330   2.4e-14   50.4  10.4   2   4     0.037       6.2    3.1   0.1    62   125   312   376   301   385 0.78 -
9572:3417-6815       -           1133 22429at4891          -            330   2.4e-14   50.4  10.4   3   4      0.31        53    0.0   0.0   175   216   901   941   889   949 0.79 -
9572:3417-6815       -           1133 22429at4891          -            330   2.4e-14   50.4  10.4   4   4   2.8e-09   4.6e-07   26.5   0.5   259   304   951   995   935  1004 0.85 -
9396:7782-8888       -            369 22429at4891          -            330   4.1e-14   49.7   3.3   1   4   4.5e-05    0.0076   12.7   0.0    55    82     2    29     1    48 0.83 -
9396:7782-8888       -            369 22429at4891          -            330   4.1e-14   49.7   3.3   2   4       1.1   1.9e+02   -1.8   0.0   106   126    91   111    79   121 0.82 -
9396:7782-8888       -            369 22429at4891          -            330   4.1e-14   49.7   3.3   3   4   0.00024      0.04   10.3   0.0   164   221   252   307   227   312 0.79 -
9396:7782-8888       -            369 22429at4891          -            330   4.1e-14   49.7   3.3   4   4   6.1e-09     1e-06   25.4   0.1   262   306   313   356   307   360 0.91 -
9664:454-4116        -           1221 22429at4891          -            330   5.5e-14   49.3   4.1   1   3   0.00014     0.023   11.1   0.0    54    75   196   217   191   228 0.82 -
9664:454-4116        -           1221 22429at4891          -            330   5.5e-14   49.3   4.1   2   3      0.12        20    1.4   0.1   178   224   379   425   341   428 0.87 -
9664:454-4116        -           1221 22429at4891          -            330   5.5e-14   49.3   4.1   3   3   2.4e-12     4e-10   36.6   0.4   244   308   423   485   419   493 0.87 -
8456:1963-5646       -           1228 22429at4891          -            330   1.1e-13   48.3   5.8   1   3   1.1e-07   1.8e-05   21.3   0.0    49    82   687   721   653   733 0.69 -
8456:1963-5646       -           1228 22429at4891          -            330   1.1e-13   48.3   5.8   2   3       1.3   2.2e+02   -2.0   0.1   175   197   995  1017   984  1071 0.73 -
8456:1963-5646       -           1228 22429at4891          -            330   1.1e-13   48.3   5.8   3   3   6.5e-10   1.1e-07   28.6   0.6   228   316  1112  1203  1095  1215 0.69 -
8778:1736-2503       -            256 22429at4891          -            330   1.9e-13   47.5   3.1   1   3      0.44        74   -0.4   0.1   108   126    23    41     8    86 0.65 -
8778:1736-2503       -            256 22429at4891          -            330   1.9e-13   47.5   3.1   2   3   9.3e-06    0.0016   14.9   0.2   176   221   143   188   129   192 0.89 -
8778:1736-2503       -            256 22429at4891          -            330   1.9e-13   47.5   3.1   3   3   4.7e-11   7.8e-09   32.3   0.0   261   325   192   256   184   256 0.88 -
9588:274-1653        -            460 22429at4891          -            330   4.1e-12   43.1   8.8   1   3   2.6e-09   4.4e-07   26.6   0.1    54    97     2    45     1    55 0.90 -
9588:274-1653        -            460 22429at4891          -            330   4.1e-12   43.1   8.8   2   3     0.012       1.9    4.8   0.5   166   201   335   370   326   383 0.62 -
9588:274-1653        -            460 22429at4891          -            330   4.1e-12   43.1   8.8   3   3   4.9e-06   0.00082   15.8   0.4   256   302   385   437   380   445 0.77 -
8884:1793-2887       -            365 22429at4891          -            330   4.8e-12   42.9   1.7   1   3   2.2e-06   0.00036   17.0   0.2    53    76     6    29     3    49 0.79 -
8884:1793-2887       -            365 22429at4891          -            330   4.8e-12   42.9   1.7   2   3     0.021       3.6    3.9   0.0   173   215   241   278   219   286 0.73 -
8884:1793-2887       -            365 22429at4891          -            330   4.8e-12   42.9   1.7   3   3   4.3e-07   7.3e-05   19.3   0.0   258   305   305   351   296   360 0.86 -
8272:3-764           -            254 22429at4891          -            330   9.6e-12   41.9   1.6   1   3     0.052       8.7    2.6   0.2   109   157    19    75     4    87 0.68 -
8272:3-764           -            254 22429at4891          -            330   9.6e-12   41.9   1.6   2   3   0.00056     0.094    9.1   0.0   176   220   141   185   133   190 0.89 -
8272:3-764           -            254 22429at4891          -            330   9.6e-12   41.9   1.6   3   3     6e-10     1e-07   28.7   0.0   260   325   189   254   182   254 0.83 -
9700:10363-12510     -            716 22429at4891          -            330   1.1e-10   38.4   3.7   1   4   5.2e-06   0.00087   15.8   0.0    54    75    68    89    60   133 0.78 -
9700:10363-12510     -            716 22429at4891          -            330   1.1e-10   38.4   3.7   2   4     0.038       6.3    3.1   0.0   108   136   209   239   191   258 0.78 -
9700:10363-12510     -            716 22429at4891          -            330   1.1e-10   38.4   3.7   3   4       1.4   2.4e+02   -2.1   0.1   171   241   425   495   405   502 0.74 -
9700:10363-12510     -            716 22429at4891          -            330   1.1e-10   38.4   3.7   4   4     1e-06   0.00017   18.1   0.0   260   308   646   691   565   697 0.82 -
9178:4012-5148       -            379 22429at4891          -            330   1.6e-09   34.6  10.2   1   4   2.8e-06   0.00048   16.6   0.6    51    75    21    45     2    63 0.78 -
9178:4012-5148       -            379 22429at4891          -            330   1.6e-09   34.6  10.2   2   4      0.46        77   -0.5   0.0   140   162   126   148   111   175 0.71 -
9178:4012-5148       -            379 22429at4891          -            330   1.6e-09   34.6  10.2   3   4    0.0021      0.35    7.2   0.2   173   224   258   304   249   318 0.75 -
9178:4012-5148       -            379 22429at4891          -            330   1.6e-09   34.6  10.2   4   4   7.1e-06    0.0012   15.3   0.0   251   298   312   358   300   366 0.85 -
7798:234-1460        -            409 22429at4891          -            330   6.6e-08   29.3  10.6   1   3   1.4e-07   2.3e-05   21.0   0.2    54    93     2    41     1    53 0.90 -
7798:234-1460        -            409 22429at4891          -            330   6.6e-08   29.3  10.6   2   3      0.19        33    0.7   0.2   176   201   293   317   262   329 0.64 -
7798:234-1460        -            409 22429at4891          -            330   6.6e-08   29.3  10.6   3   3   3.7e-05    0.0062   12.9   0.9   262   325   337   408   328   409 0.78 -
9530:8100-9176       -            359 22429at4891          -            330   4.4e-05   20.0   5.8   1   3    0.0014      0.24    7.7   0.0    55    76     1    22     1    44 0.83 -
9530:8100-9176       -            359 22429at4891          -            330   4.4e-05   20.0   5.8   2   3      0.87   1.5e+02   -1.4   0.0   107   126   111   130    91   147 0.70 -
9530:8100-9176       -            359 22429at4891          -            330   4.4e-05   20.0   5.8   3   3   2.5e-05    0.0042   13.5   1.2   252   283   328   358   185   359 0.80 -
#
# Program:         hmmsearch
# Version:         3.1b2 (February 2015)
# Pipeline mode:   SEARCH
# Query file:      /home/jj/Desktop/Bioinformatics/3rd_year/1term/Computational_genomics/Seminars/exercise_04/busco_downloads/lineages/saccharomycetes_odb10/hmms/22429at4891.hmm
# Target file:     /home/jj/Desktop/Bioinformatics/3rd_year/1term/Computational_genomics/Seminars/exercise_04/./busco/SRR6130428/SRR6130428_k63_contigs/run_saccharomycetes_odb10/metaeuk_output/initial_results/SRR6130428_k63_graph.contig.fa.modified.fas
# Option settings: hmmsearch --domtblout /home/jj/Desktop/Bioinformatics/3rd_year/1term/Computational_genomics/Seminars/exercise_04/./busco/SRR6130428/SRR6130428_k63_contigs/run_saccharomycetes_odb10/hmmer_output/initial_run_results/22429at4891.out --cpu 1 /home/jj/Desktop/Bioinformatics/3rd_year/1term/Computational_genomics/Seminars/exercise_04/busco_downloads/lineages/saccharomycetes_odb10/hmms/22429at4891.hmm /home/jj/Desktop/Bioinformatics/3rd_year/1term/Computational_genomics/Seminars/exercise_04/./busco/SRR6130428/SRR6130428_k63_contigs/run_saccharomycetes_odb10/metaeuk_output/initial_results/SRR6130428_k63_graph.contig.fa.modified.fas 
# Current dir:     /home/jj/Desktop/Bioinformatics/3rd_year/1term/Computational_genomics/Seminars/exercise_04
# Date:            Tue Nov  5 18:38:01 2024
# [ok]
