#                                                                            --- full sequence --- -------------- this domain -------------   hmm coord   ali coord   env coord
# target name        accession   tlen query name           accession   qlen   E-value  score  bias   #  of  c-Evalue  i-Evalue  score  bias  from    to  from    to  from    to  acc description of target
#------------------- ---------- ----- -------------------- ---------- ----- --------- ------ ----- --- --- --------- --------- ------ ----- ----- ----- ----- ----- ----- ----- ---- ---------------------
7910:2109-3017       -            303 22443at4891          -            266    1e-154  511.0  14.2   1   2  1.7e-111  1.3e-109  363.0   4.4     1   180     4   188     4   195 0.97 -
7910:2109-3017       -            303 22443at4891          -            266    1e-154  511.0  14.2   2   2   1.1e-47     9e-46  153.7   2.2   177   261   204   288   197   297 0.96 -
9048:1902-2756       -            285 22443at4891          -            266   2.3e-67  224.5   2.2   1   2   7.1e-52   5.6e-50  167.5   0.6     1   178     3   180     3   188 0.93 -
9048:1902-2756       -            285 22443at4891          -            266   2.3e-67  224.5   2.2   2   2   4.2e-18   3.3e-16   56.8   0.0   180   261   202   282   193   284 0.92 -
8890:5745-6635       -            297 22443at4891          -            266   4.3e-28   95.8   3.4   1   2   2.7e-12   2.2e-10   37.7   0.1     9    94     8   100     2   105 0.84 -
8890:5745-6635       -            297 22443at4891          -            266   4.3e-28   95.8   3.4   2   2     1e-18   7.9e-17   58.8   0.4    13   178   111   293   100   296 0.73 -
8624:103-2805        -            901 22443at4891          -            266   5.5e-27   92.1   0.3   1   2   1.1e-18   8.4e-17   58.8   0.2    10   176   535   705   525   709 0.86 -
8624:103-2805        -            901 22443at4891          -            266   5.5e-27   92.1   0.3   2   2   3.2e-10   2.5e-08   30.9   0.0    10    88   731   812   725   819 0.86 -
9644:4938-5942       -            335 22443at4891          -            266   2.1e-26   90.3   0.3   1   2   3.5e-12   2.8e-10   37.4   0.0    10    92    48   136    41   143 0.81 -
9644:4938-5942       -            335 22443at4891          -            266   2.1e-26   90.3   0.3   2   2     2e-16   1.6e-14   51.3   0.0    12   176   148   326   138   331 0.77 -
9542:7230-8360       -            377 22443at4891          -            266   1.2e-25   87.7   0.4   1   3     0.023       1.8    5.2   0.0    10    38    56    84    48   103 0.78 -
9542:7230-8360       -            377 22443at4891          -            266   1.2e-25   87.7   0.4   2   3   0.00038      0.03   11.0   0.0   216   261   117   162   101   167 0.84 -
9542:7230-8360       -            377 22443at4891          -            266   1.2e-25   87.7   0.4   3   3   3.3e-21   2.6e-19   67.0   0.0    11   177   180   371   172   376 0.77 -
9148:5152-6243       -            364 22443at4891          -            266     5e-22   75.9   3.3   1   2   2.6e-19     2e-17   60.8   0.1    10   181    54   237    47   246 0.85 -
9148:5152-6243       -            364 22443at4891          -            266     5e-22   75.9   3.3   2   2   0.00061     0.048   10.4   0.5    11    38   258   285   253   357 0.63 -
7420:226-1116        -            297 22443at4891          -            266   7.9e-22   75.2   4.6   1   2   1.5e-22   1.2e-20   71.3   1.5    10   180    29   201    23   207 0.89 -
7420:226-1116        -            297 22443at4891          -            266   7.9e-22   75.2   4.6   2   2     0.077       6.1    3.5   0.1    10    38   215   243   206   260 0.81 -
9646:21723-22529     -            269 22443at4891          -            266   8.5e-22   75.1   2.0   1   2     4e-22   3.1e-20   70.0   0.5    11   180     2   173     1   180 0.90 -
9646:21723-22529     -            269 22443at4891          -            266   8.5e-22   75.1   2.0   2   2     0.069       5.4    3.6   0.0    11    38   188   215   178   269 0.68 -
9216:11770-12681     -            304 22443at4891          -            266   1.1e-20   71.5   1.5   1   2   1.9e-16   1.5e-14   51.4   0.3    10   172    15   190    10   203 0.84 -
9216:11770-12681     -            304 22443at4891          -            266   1.1e-20   71.5   1.5   2   2     2e-06   0.00016   18.5   0.0    11    73   215   282   208   301 0.78 -
8498:3398-4288       -            297 22443at4891          -            266   2.1e-19   67.3   1.6   1   2   3.5e-14   2.7e-12   43.9   1.6    10   172    15   195    10   206 0.82 -
8498:3398-4288       -            297 22443at4891          -            266   2.1e-19   67.3   1.6   2   2   9.2e-07   7.2e-05   19.6   0.0    10    71   219   282   210   291 0.83 -
7524:527-1453        -            309 22443at4891          -            266   3.4e-19   66.6   4.1   1   2   2.9e-13   2.3e-11   40.9   0.2     8   158    13   167     8   242 0.76 -
7524:527-1453        -            309 22443at4891          -            266   3.4e-19   66.6   4.1   2   2   2.7e-11   2.1e-09   34.5   0.5    12   179   113   303   102   306 0.74 -
8734:5869-6846       -            326 22443at4891          -            266   2.1e-18   64.0   1.1   1   2   1.3e-10   1.1e-08   32.2   0.1     6    96    22   114    17   122 0.88 -
8734:5869-6846       -            326 22443at4891          -            266   2.1e-18   64.0   1.1   2   2   2.2e-09   1.8e-07   28.2   0.1    11   177   127   318   121   323 0.75 -
8892:1238-2197       -            320 22443at4891          -            266   3.2e-18   63.4   4.2   1   2   1.3e-13     1e-11   42.1   1.2    23   177    25   196    11   203 0.77 -
8892:1238-2197       -            320 22443at4891          -            266   3.2e-18   63.4   4.2   2   2   8.6e-07   6.8e-05   19.7   0.1    16    99   222   310   214   312 0.72 -
9390:15488-16345     -            286 22443at4891          -            266   1.1e-15   55.1   2.2   1   3   3.3e-08   2.6e-06   24.4   0.4   185   261     1    75     1    78 0.92 -
9390:15488-16345     -            286 22443at4891          -            266   1.1e-15   55.1   2.2   2   3     0.031       2.5    4.8   0.0   117   188   121   194   104   198 0.73 -
9390:15488-16345     -            286 22443at4891          -            266   1.1e-15   55.1   2.2   3   3     5e-08   3.9e-06   23.8   0.0     8    77   202   275   200   285 0.78 -
9636:22681-23493     -            271 22443at4891          -            266   1.4e-15   54.8   0.2   1   2   8.4e-07   6.6e-05   19.7   0.0    11   177     8   173     2   176 0.73 -
9636:22681-23493     -            271 22443at4891          -            266   1.4e-15   54.8   0.2   2   2   4.6e-10   3.6e-08   30.4   0.2     8    86   191   267   184   271 0.91 -
8618:204-1031        -            276 22443at4891          -            266   7.1e-15   52.4   2.0   1   2   3.6e-09   2.8e-07   27.5   0.2    12   177     2   179     1   187 0.75 -
8618:204-1031        -            276 22443at4891          -            266   7.1e-15   52.4   2.0   2   2   3.2e-08   2.5e-06   24.4   0.1    11    84   203   276   198   276 0.92 -
9260:13124-14104     -            327 22443at4891          -            266   2.6e-14   50.6   4.9   1   2     3e-10   2.4e-08   31.0   1.6     7   177    36   217    31   224 0.75 -
9260:13124-14104     -            327 22443at4891          -            266   2.6e-14   50.6   4.9   2   2   4.2e-07   3.3e-05   20.7   0.1     8    89   241   321   237   327 0.81 -
9440:8613-9407       -            265 22443at4891          -            266   5.4e-14   49.5   0.1   1   1   3.1e-08   2.4e-06   24.4   0.0    27   174   107   263    81   265 0.80 -
9468:18764-19579     -            272 22443at4891          -            266     6e-14   49.4   3.0   1   2   6.7e-07   5.3e-05   20.1   0.2   185   261     1    75     1    77 0.87 -
9468:18764-19579     -            272 22443at4891          -            266     6e-14   49.4   3.0   2   2   3.1e-09   2.4e-07   27.7   0.3    14   178    97   272    85   272 0.69 -
8602:3632-4684       -            351 22443at4891          -            266   6.6e-14   49.3   0.1   1   4     0.016       1.2    5.8   0.0   105   159     9    63     5    79 0.72 -
8602:3632-4684       -            351 22443at4891          -            266   6.6e-14   49.3   0.1   2   4     4e-05    0.0031   14.2   0.0   135   180    94   139    82   147 0.89 -
8602:3632-4684       -            351 22443at4891          -            266   6.6e-14   49.3   0.1   3   4     0.016       1.3    5.7   0.0    12    42   155   185   146   247 0.58 -
8602:3632-4684       -            351 22443at4891          -            266   6.6e-14   49.3   0.1   4   4   2.8e-06   0.00022   18.0   0.0    11    90   264   351   252   351 0.76 -
9044:1245-2084       -            280 22443at4891          -            266     1e-13   48.6   1.8   1   2    0.0021      0.17    8.6   0.0    13    88     8    84     2    97 0.82 -
9044:1245-2084       -            280 22443at4891          -            266     1e-13   48.6   1.8   2   2   1.4e-12   1.1e-10   38.7   0.7    10   179    99   278    90   280 0.75 -
8722:6581-7432       -            284 22443at4891          -            266   1.6e-13   48.0   5.4   1   2   1.9e-08   1.5e-06   25.2   1.8     6   187     6   206     2   215 0.76 -
8722:6581-7432       -            284 22443at4891          -            266   1.6e-13   48.0   5.4   2   2   2.6e-07   2.1e-05   21.4   0.1     8    71   213   277   207   283 0.78 -
9700:14404-15303     -            300 22443at4891          -            266   2.3e-13   47.5   0.6   1   2   8.7e-06   0.00068   16.4   0.1    13   179     9   190     3   193 0.60 -
9700:14404-15303     -            300 22443at4891          -            266   2.3e-13   47.5   0.6   2   2   4.6e-08   3.6e-06   23.9   0.0    15    90   225   299   210   300 0.84 -
9432:17155-18030     -            292 22443at4891          -            266   3.6e-13   46.8   3.9   1   2   5.9e-09   4.7e-07   26.8   1.1    10   181    10   200     3   213 0.76 -
9432:17155-18030     -            292 22443at4891          -            266   3.6e-13   46.8   3.9   2   2   1.9e-06   0.00015   18.6   0.1     7    70   212   276   206   290 0.78 -
9360:2566-3465       -            300 22443at4891          -            266   5.9e-13   46.1   0.1   1   2   6.5e-08   5.1e-06   23.4   0.1    13   166    16   183     7   196 0.70 -
9360:2566-3465       -            300 22443at4891          -            266   5.9e-13   46.1   0.1   2   2   6.4e-07   5.1e-05   20.1   0.0     5    72   209   276   202   290 0.80 -
7950:140-1054        -            305 22443at4891          -            266   1.4e-12   44.9   2.0   1   2     8e-05    0.0063   13.3   0.1    12    93     9    99     3   108 0.74 -
7950:140-1054        -            305 22443at4891          -            266   1.4e-12   44.9   2.0   2   2   3.7e-09   2.9e-07   27.5   0.4    10   177   123   300   116   303 0.76 -
9414:294-1106        -            271 22443at4891          -            266   5.1e-12   43.1   1.1   1   3     0.003      0.24    8.1   0.0   133   172    40    79     6    91 0.83 -
9414:294-1106        -            271 22443at4891          -            266   5.1e-12   43.1   1.1   2   3   3.1e-05    0.0024   14.6   0.1    41    89   144   192    97   199 0.72 -
9414:294-1106        -            271 22443at4891          -            266   5.1e-12   43.1   1.1   3   3   5.4e-06   0.00042   17.1   0.0     7    69   204   267   198   270 0.82 -
7848:245-1210        -            322 22443at4891          -            266   5.6e-12   42.9  13.0   1   2   1.1e-08   8.7e-07   25.9   4.6    10   210    24   258    14   261 0.72 -
7848:245-1210        -            322 22443at4891          -            266   5.6e-12   42.9  13.0   2   2   8.3e-10   6.5e-08   29.6   1.2    25   179   145   308   121   316 0.84 -
9038:3856-4851       -            332 22443at4891          -            266     1e-10   38.8   1.1   1   2   2.5e-08   1.9e-06   24.8   0.1     8   172    10   197     3   239 0.76 -
9038:3856-4851       -            332 22443at4891          -            266     1e-10   38.8   1.1   2   2    0.0016      0.13    9.0   0.1   143   178   291   326   242   329 0.58 -
9290:2994-3881       -            296 22443at4891          -            266     7e-07   26.2   4.9   1   3      0.13        10    2.7   0.1     5    70     2    67     1    75 0.68 -
9290:2994-3881       -            296 22443at4891          -            266     7e-07   26.2   4.9   2   3       4.2   3.3e+02   -2.2   0.0   168   195    82   110    73   128 0.60 -
9290:2994-3881       -            296 22443at4891          -            266     7e-07   26.2   4.9   3   3     5e-08   3.9e-06   23.8   1.5   136   259   161   294   139   295 0.74 -
9686:6478-6927       -            150 22443at4891          -            266   6.2e-05   19.8   0.3   1   2       1.5   1.2e+02   -0.8   0.0   148   168     9    29     1    45 0.62 -
9686:6478-6927       -            150 22443at4891          -            266   6.2e-05   19.8   0.3   2   2   2.6e-06    0.0002   18.1   0.0    13    89    69   149    58   150 0.76 -
9686:6806-8086       -            427 22443at4891          -            266   0.00096   15.9   0.7   1   2    0.0093      0.73    6.5   0.2    45    92   282   329   263   336 0.84 -
9686:6806-8086       -            427 22443at4891          -            266   0.00096   15.9   0.7   2   2    0.0039       0.3    7.7   0.0     5    87   338   426   334   427 0.68 -
9594:15511-16419     -            303 22443at4891          -            266    0.0026   14.5   4.7   1   2    0.0087      0.69    6.6   0.9    10    90     5   100     2   107 0.58 -
9594:15511-16419     -            303 22443at4891          -            266    0.0026   14.5   4.7   2   2    0.0079      0.62    6.7   0.2    21   165   137   286   123   294 0.76 -
#
# Program:         hmmsearch
# Version:         3.1b2 (February 2015)
# Pipeline mode:   SEARCH
# Query file:      /home/jj/Desktop/Bioinformatics/3rd_year/1term/Computational_genomics/Seminars/exercise_04/busco_downloads/lineages/saccharomycetes_odb10/hmms/22443at4891.hmm
# Target file:     /home/jj/Desktop/Bioinformatics/3rd_year/1term/Computational_genomics/Seminars/exercise_04/./busco/SRR6130428/SRR6130428_k63_contigs/run_saccharomycetes_odb10/metaeuk_output/initial_results/SRR6130428_k63_graph.contig.fa.modified.fas
# Option settings: hmmsearch --domtblout /home/jj/Desktop/Bioinformatics/3rd_year/1term/Computational_genomics/Seminars/exercise_04/./busco/SRR6130428/SRR6130428_k63_contigs/run_saccharomycetes_odb10/hmmer_output/initial_run_results/22443at4891.out --cpu 1 /home/jj/Desktop/Bioinformatics/3rd_year/1term/Computational_genomics/Seminars/exercise_04/busco_downloads/lineages/saccharomycetes_odb10/hmms/22443at4891.hmm /home/jj/Desktop/Bioinformatics/3rd_year/1term/Computational_genomics/Seminars/exercise_04/./busco/SRR6130428/SRR6130428_k63_contigs/run_saccharomycetes_odb10/metaeuk_output/initial_results/SRR6130428_k63_graph.contig.fa.modified.fas 
# Current dir:     /home/jj/Desktop/Bioinformatics/3rd_year/1term/Computational_genomics/Seminars/exercise_04
# Date:            Tue Nov  5 18:38:01 2024
# [ok]
