#                                                                            --- full sequence --- -------------- this domain -------------   hmm coord   ali coord   env coord
# target name        accession   tlen query name           accession   qlen   E-value  score  bias   #  of  c-Evalue  i-Evalue  score  bias  from    to  from    to  from    to  acc description of target
#------------------- ---------- ----- -------------------- ---------- ----- --------- ------ ----- --- --- --------- --------- ------ ----- ----- ----- ----- ----- ----- ----- ---- ---------------------
9104:3670-4926       -            419 22532at4891          -            238   1.8e-37  126.5  32.1   1   4   2.6e-19   2.3e-16   57.4   0.2     3    40     1    38     1    44 0.94 -
9104:3670-4926       -            419 22532at4891          -            238   1.8e-37  126.5  32.1   2   4   3.1e-05     0.027   11.3   0.0    44    65    63    84    51    89 0.87 -
9104:3670-4926       -            419 22532at4891          -            238   1.8e-37  126.5  32.1   3   4     0.065        58    0.5   0.1    65    88   119   142   116   176 0.63 -
9104:3670-4926       -            419 22532at4891          -            238   1.8e-37  126.5  32.1   4   4   9.8e-20   8.7e-17   58.8  21.0   107   238   223   385   166   385 0.80 -
9488:19813-20475     -            221 22532at4891          -            238   1.7e-07   28.4  21.0   1   2    0.0099       8.9    3.1   7.8   105   195     6    91     3    94 0.76 -
9488:19813-20475     -            221 22532at4891          -            238   1.7e-07   28.4  21.0   2   2   3.2e-10   2.8e-07   27.7  11.3   149   237    73   169    66   170 0.85 -
9294:14598-15275     -            226 22532at4891          -            238   1.3e-05   22.2  22.1   1   1   9.7e-07   0.00087   16.3  22.1   109   236    30   173     8   175 0.74 -
#
# Program:         hmmsearch
# Version:         3.1b2 (February 2015)
# Pipeline mode:   SEARCH
# Query file:      /home/jj/Desktop/Bioinformatics/3rd_year/1term/Computational_genomics/Seminars/exercise_04/busco_downloads/lineages/saccharomycetes_odb10/hmms/22532at4891.hmm
# Target file:     /home/jj/Desktop/Bioinformatics/3rd_year/1term/Computational_genomics/Seminars/exercise_04/./busco/SRR6130428/SRR6130428_k63_contigs/run_saccharomycetes_odb10/metaeuk_output/initial_results/SRR6130428_k63_graph.contig.fa.modified.fas
# Option settings: hmmsearch --domtblout /home/jj/Desktop/Bioinformatics/3rd_year/1term/Computational_genomics/Seminars/exercise_04/./busco/SRR6130428/SRR6130428_k63_contigs/run_saccharomycetes_odb10/hmmer_output/initial_run_results/22532at4891.out --cpu 1 /home/jj/Desktop/Bioinformatics/3rd_year/1term/Computational_genomics/Seminars/exercise_04/busco_downloads/lineages/saccharomycetes_odb10/hmms/22532at4891.hmm /home/jj/Desktop/Bioinformatics/3rd_year/1term/Computational_genomics/Seminars/exercise_04/./busco/SRR6130428/SRR6130428_k63_contigs/run_saccharomycetes_odb10/metaeuk_output/initial_results/SRR6130428_k63_graph.contig.fa.modified.fas 
# Current dir:     /home/jj/Desktop/Bioinformatics/3rd_year/1term/Computational_genomics/Seminars/exercise_04
# Date:            Tue Nov  5 18:38:01 2024
# [ok]
