#                                                                            --- full sequence --- -------------- this domain -------------   hmm coord   ali coord   env coord
# target name        accession   tlen query name           accession   qlen   E-value  score  bias   #  of  c-Evalue  i-Evalue  score  bias  from    to  from    to  from    to  acc description of target
#------------------- ---------- ----- -------------------- ---------- ----- --------- ------ ----- --- --- --------- --------- ------ ----- ----- ----- ----- ----- ----- ----- ---- ---------------------
8872:8014-9153       -            380 23197at4891          -            216   3.3e-42  142.1   7.2   1   4     0.011        10    3.2   0.0     1    13     7    19     7    28 0.88 -
8872:8014-9153       -            380 23197at4891          -            216   3.3e-42  142.1   7.2   2   4   6.3e-19   5.6e-16   56.3   1.1    11   123    45   212    43   217 0.70 -
8872:8014-9153       -            380 23197at4891          -            216   3.3e-42  142.1   7.2   3   4   8.7e-25   7.7e-22   75.5   0.0   127   194   243   326   235   340 0.79 -
8872:8014-9153       -            380 23197at4891          -            216   3.3e-42  142.1   7.2   4   4      0.55   4.9e+02   -2.3   0.0   193   210   349   366   347   371 0.82 -
9616:20330-21193     -            288 23197at4891          -            216   4.5e-24   82.8   1.9   1   3    0.0038       3.4    4.8   0.0    12    33    33    54    29    94 0.87 -
9616:20330-21193     -            288 23197at4891          -            216   4.5e-24   82.8   1.9   2   3     3e-11   2.7e-08   31.2   0.0    68   129   120   193   108   204 0.75 -
9616:20330-21193     -            288 23197at4891          -            216   4.5e-24   82.8   1.9   3   3   2.2e-15     2e-12   44.8   0.2   129   185   223   288   209   288 0.73 -
9644:11734-12633     -            300 23197at4891          -            216   4.6e-22   76.2   0.8   1   3     0.027        24    2.0   0.0    12    30    37    55    33    67 0.87 -
9644:11734-12633     -            300 23197at4891          -            216   4.6e-22   76.2   0.8   2   3   5.7e-09   5.1e-06   23.8   0.1    66   123   124   195   114   203 0.74 -
9644:11734-12633     -            300 23197at4891          -            216   4.6e-22   76.2   0.8   3   3     4e-16   3.6e-13   47.2   0.1   128   187   225   294   216   300 0.79 -
#
# Program:         hmmsearch
# Version:         3.1b2 (February 2015)
# Pipeline mode:   SEARCH
# Query file:      /home/jj/Desktop/Bioinformatics/3rd_year/1term/Computational_genomics/Seminars/exercise_04/busco_downloads/lineages/saccharomycetes_odb10/hmms/23197at4891.hmm
# Target file:     /home/jj/Desktop/Bioinformatics/3rd_year/1term/Computational_genomics/Seminars/exercise_04/./busco/SRR6130428/SRR6130428_k63_contigs/run_saccharomycetes_odb10/metaeuk_output/initial_results/SRR6130428_k63_graph.contig.fa.modified.fas
# Option settings: hmmsearch --domtblout /home/jj/Desktop/Bioinformatics/3rd_year/1term/Computational_genomics/Seminars/exercise_04/./busco/SRR6130428/SRR6130428_k63_contigs/run_saccharomycetes_odb10/hmmer_output/initial_run_results/23197at4891.out --cpu 1 /home/jj/Desktop/Bioinformatics/3rd_year/1term/Computational_genomics/Seminars/exercise_04/busco_downloads/lineages/saccharomycetes_odb10/hmms/23197at4891.hmm /home/jj/Desktop/Bioinformatics/3rd_year/1term/Computational_genomics/Seminars/exercise_04/./busco/SRR6130428/SRR6130428_k63_contigs/run_saccharomycetes_odb10/metaeuk_output/initial_results/SRR6130428_k63_graph.contig.fa.modified.fas 
# Current dir:     /home/jj/Desktop/Bioinformatics/3rd_year/1term/Computational_genomics/Seminars/exercise_04
# Date:            Tue Nov  5 18:38:03 2024
# [ok]
