#                                                                            --- full sequence --- -------------- this domain -------------   hmm coord   ali coord   env coord
# target name        accession   tlen query name           accession   qlen   E-value  score  bias   #  of  c-Evalue  i-Evalue  score  bias  from    to  from    to  from    to  acc description of target
#------------------- ---------- ----- -------------------- ---------- ----- --------- ------ ----- --- --- --------- --------- ------ ----- ----- ----- ----- ----- ----- ----- ---- ---------------------
8866:440-1219        -            260 23380at4891          -            224  7.5e-139  458.0   0.3   1   1  3.8e-141  8.6e-139  457.8   0.3     1   224     1   231     1   231 0.97 -
8716:5053-5823       -            257 23380at4891          -            224   4.3e-48  161.1   0.2   1   1   2.3e-50   5.2e-48  160.8   0.2     7   204     5   201     1   217 0.93 -
8202:3151-3903       -            251 23380at4891          -            224   8.6e-44  147.0   0.0   1   1   4.7e-46   1.1e-43  146.7   0.0     6   205     2   204     1   217 0.89 -
9416:860-1723        -            288 23380at4891          -            224   6.6e-39  131.1   0.0   1   1   3.9e-41   8.7e-39  130.7   0.0     7   206     7   206     1   220 0.89 -
9694:274-1023        -            250 23380at4891          -            224     2e-38  129.5   0.0   1   1   1.2e-40   2.6e-38  129.1   0.0     8   218     5   214     1   217 0.89 -
9664:27149-27850     -            234 23380at4891          -            224   1.7e-33  113.4   0.0   1   1   8.8e-36     2e-33  113.2   0.0     5   218     3   216     1   225 0.85 -
9400:9495-10244      -            250 23380at4891          -            224   1.1e-23   81.3   0.0   1   1   6.5e-26   1.5e-23   80.9   0.0     6   188     8   189     5   218 0.90 -
9672:1740-2522       -            261 23380at4891          -            224   9.1e-11   39.0   0.3   1   1     3e-12   6.7e-10   36.2   0.3    30   201    25   189    12   208 0.85 -
9142:11137-11997     -            287 23380at4891          -            224   4.6e-10   36.7   0.0   1   1     4e-12     9e-10   35.8   0.0    31   195    72   231    67   258 0.87 -
9628:10256-11016     -            215 23380at4891          -            224   3.6e-06   24.0   0.2   1   2   1.2e-07   2.8e-05   21.1   0.1    31    91    16    77     5   100 0.86 -
9628:10256-11016     -            215 23380at4891          -            224   3.6e-06   24.0   0.2   2   2      0.18        40    0.9   0.0   140   203   115   181   108   189 0.80 -
9116:716-1300        -            195 23380at4891          -            224   0.00023   18.1   0.0   1   1   1.8e-06   0.00041   17.2   0.0    38   208     5   172     2   184 0.77 -
9662:3938-4552       -            205 23380at4891          -            224    0.0065   13.3   0.0   1   1   3.7e-05    0.0082   13.0   0.0    35   124    10   101     5   129 0.84 -
#
# Program:         hmmsearch
# Version:         3.1b2 (February 2015)
# Pipeline mode:   SEARCH
# Query file:      /home/jj/Desktop/Bioinformatics/3rd_year/1term/Computational_genomics/Seminars/exercise_04/busco_downloads/lineages/saccharomycetes_odb10/hmms/23380at4891.hmm
# Target file:     /home/jj/Desktop/Bioinformatics/3rd_year/1term/Computational_genomics/Seminars/exercise_04/./busco/SRR6130428/SRR6130428_k63_contigs/run_saccharomycetes_odb10/metaeuk_output/initial_results/SRR6130428_k63_graph.contig.fa.modified.fas
# Option settings: hmmsearch --domtblout /home/jj/Desktop/Bioinformatics/3rd_year/1term/Computational_genomics/Seminars/exercise_04/./busco/SRR6130428/SRR6130428_k63_contigs/run_saccharomycetes_odb10/hmmer_output/initial_run_results/23380at4891.out --cpu 1 /home/jj/Desktop/Bioinformatics/3rd_year/1term/Computational_genomics/Seminars/exercise_04/busco_downloads/lineages/saccharomycetes_odb10/hmms/23380at4891.hmm /home/jj/Desktop/Bioinformatics/3rd_year/1term/Computational_genomics/Seminars/exercise_04/./busco/SRR6130428/SRR6130428_k63_contigs/run_saccharomycetes_odb10/metaeuk_output/initial_results/SRR6130428_k63_graph.contig.fa.modified.fas 
# Current dir:     /home/jj/Desktop/Bioinformatics/3rd_year/1term/Computational_genomics/Seminars/exercise_04
# Date:            Tue Nov  5 18:38:03 2024
# [ok]
