#                                                                            --- full sequence --- -------------- this domain -------------   hmm coord   ali coord   env coord
# target name        accession   tlen query name           accession   qlen   E-value  score  bias   #  of  c-Evalue  i-Evalue  score  bias  from    to  from    to  from    to  acc description of target
#------------------- ---------- ----- -------------------- ---------- ----- --------- ------ ----- --- --- --------- --------- ------ ----- ----- ----- ----- ----- ----- ----- ---- ---------------------
8716:5053-5823       -            257 23912at4891          -            212  9.8e-115  378.8   2.0   1   1    5e-117  1.2e-114  378.5   2.0     1   202     3   218     3   228 0.95 -
8202:3151-3903       -            251 23912at4891          -            212     3e-46  155.0   0.0   1   1   1.5e-48   3.6e-46  154.7   0.0     4   200     4   215     1   229 0.89 -
8866:440-1219        -            260 23912at4891          -            212     1e-44  150.0   0.0   1   1   5.2e-47   1.3e-44  149.7   0.0     3   193     7   213     5   239 0.85 -
9694:274-1023        -            250 23912at4891          -            212   2.2e-44  148.9   0.0   1   1   1.1e-46   2.7e-44  148.6   0.0     3   192     4   200     2   216 0.86 -
9416:860-1723        -            288 23912at4891          -            212     5e-35  118.3   0.0   1   1   2.7e-37   6.6e-35  118.0   0.0     4   188     8   200     5   214 0.89 -
9400:9495-10244      -            250 23912at4891          -            212   9.2e-34  114.2   0.1   1   1   4.7e-36   1.1e-33  113.9   0.1     4   174    10   187     7   219 0.89 -
9664:27149-27850     -            234 23912at4891          -            212   4.3e-28   95.7   0.1   1   1   2.1e-30   5.1e-28   95.4   0.1     3   170     5   175     3   207 0.89 -
9672:1740-2522       -            261 23912at4891          -            212   1.2e-06   25.6   0.1   1   1   8.6e-09   2.1e-06   24.8   0.1    28   189    27   189    16   195 0.80 -
9628:10256-11016     -            215 23912at4891          -            212   0.00029   17.8   0.2   1   1   2.5e-06    0.0006   16.8   0.2    28   185    19   175     8   187 0.71 -
8720:3962-4684       -            241 23912at4891          -            212    0.0011   16.0   0.0   1   1   5.9e-06    0.0014   15.5   0.0    30   165    28   167     8   183 0.79 -
9142:11137-11997     -            287 23912at4891          -            212     0.017   12.0   0.0   1   1   9.7e-05     0.024   11.6   0.0    34   183    81   231    68   246 0.76 -
#
# Program:         hmmsearch
# Version:         3.1b2 (February 2015)
# Pipeline mode:   SEARCH
# Query file:      /home/jj/Desktop/Bioinformatics/3rd_year/1term/Computational_genomics/Seminars/exercise_04/busco_downloads/lineages/saccharomycetes_odb10/hmms/23912at4891.hmm
# Target file:     /home/jj/Desktop/Bioinformatics/3rd_year/1term/Computational_genomics/Seminars/exercise_04/./busco/SRR6130428/SRR6130428_k63_contigs/run_saccharomycetes_odb10/metaeuk_output/initial_results/SRR6130428_k63_graph.contig.fa.modified.fas
# Option settings: hmmsearch --domtblout /home/jj/Desktop/Bioinformatics/3rd_year/1term/Computational_genomics/Seminars/exercise_04/./busco/SRR6130428/SRR6130428_k63_contigs/run_saccharomycetes_odb10/hmmer_output/initial_run_results/23912at4891.out --cpu 1 /home/jj/Desktop/Bioinformatics/3rd_year/1term/Computational_genomics/Seminars/exercise_04/busco_downloads/lineages/saccharomycetes_odb10/hmms/23912at4891.hmm /home/jj/Desktop/Bioinformatics/3rd_year/1term/Computational_genomics/Seminars/exercise_04/./busco/SRR6130428/SRR6130428_k63_contigs/run_saccharomycetes_odb10/metaeuk_output/initial_results/SRR6130428_k63_graph.contig.fa.modified.fas 
# Current dir:     /home/jj/Desktop/Bioinformatics/3rd_year/1term/Computational_genomics/Seminars/exercise_04
# Date:            Tue Nov  5 18:38:05 2024
# [ok]
