#                                                                            --- full sequence --- -------------- this domain -------------   hmm coord   ali coord   env coord
# target name        accession   tlen query name           accession   qlen   E-value  score  bias   #  of  c-Evalue  i-Evalue  score  bias  from    to  from    to  from    to  acc description of target
#------------------- ---------- ----- -------------------- ---------- ----- --------- ------ ----- --- --- --------- --------- ------ ----- ----- ----- ----- ----- ----- ----- ---- ---------------------
8672:6060-7157       -            366 23913at4891          -            270  3.2e-138  457.1   3.2   1   2   5.9e-25   1.8e-22   77.5   0.1     4    63    38    97    35   103 0.93 -
8672:6060-7157       -            366 23913at4891          -            270  3.2e-138  457.1   3.2   2   2  2.6e-117  7.8e-115  380.4   0.5    55   270   147   366   117   366 0.92 -
9038:8471-9886       -            472 23913at4891          -            270   1.6e-85  284.3   4.5   1   2   1.3e-18     4e-16   56.7   0.1     7    62    41    97    37   132 0.88 -
9038:8471-9886       -            472 23913at4891          -            270   1.6e-85  284.3   4.5   2   2   5.8e-71   1.7e-68  228.4   1.6    43   270   233   472   220   472 0.90 -
9494:6635-7150       -            172 23913at4891          -            270   6.8e-11   39.5   2.8   1   2    0.0015      0.43    7.4   0.0     8    27     4    23     1    35 0.87 -
9494:6635-7150       -            172 23913at4891          -            270   6.8e-11   39.5   2.8   2   2   7.8e-11   2.3e-08   31.2   0.8   104   195    42   126    35   134 0.77 -
9260:2621-3145       -            175 23913at4891          -            270   1.4e-08   32.0   0.8   1   2   3.7e-05     0.011   12.6   0.4     6    51    16    61    11    62 0.89 -
9260:2621-3145       -            175 23913at4891          -            270   1.4e-08   32.0   0.8   2   2   1.4e-07   4.3e-05   20.5   0.0   106   171    55   110    41   144 0.70 -
8780:4884-5432       -            183 23913at4891          -            270   2.6e-06   24.5   0.2   1   2    0.0086       2.6    4.8   0.1     7    29    18    40    13    45 0.89 -
8780:4884-5432       -            183 23913at4891          -            270   2.6e-06   24.5   0.2   2   2   9.5e-07   0.00028   17.8   0.0   107   157    57   107    42   124 0.81 -
9434:16912-17505     -            198 23913at4891          -            270   2.7e-05   21.2   1.1   1   2    0.0039       1.2    6.0   0.1     7    52    17    60    13    69 0.79 -
9434:16912-17505     -            198 23913at4891          -            270   2.7e-05   21.2   1.1   2   2   1.6e-05    0.0047   13.8   0.1   114   150    70   106    63   154 0.81 -
9360:15235-15768     -            178 23913at4891          -            270   3.2e-05   20.9   2.1   1   3     0.016       4.6    4.0   0.2     7    29    17    39    13    61 0.83 -
9360:15235-15768     -            178 23913at4891          -            270   3.2e-05   20.9   2.1   2   3   3.8e-06    0.0011   15.9   0.2   107   151    56   100    42   131 0.74 -
9360:15235-15768     -            178 23913at4891          -            270   3.2e-05   20.9   2.1   3   3      0.72   2.1e+02   -1.5   0.0   150   180   128   157   122   160 0.78 -
8432:4086-4625       -            180 23913at4891          -            270   7.9e-05   19.6   2.4   1   3     0.016       4.7    4.0   0.2     7    29    17    39    13    61 0.83 -
8432:4086-4625       -            180 23913at4891          -            270   7.9e-05   19.6   2.4   2   3   7.9e-06    0.0023   14.8   0.3   107   151    56   100    42   130 0.74 -
8432:4086-4625       -            180 23913at4891          -            270   7.9e-05   19.6   2.4   3   3      0.53   1.6e+02   -1.0   0.0   150   180   128   157   114   160 0.75 -
9334:13206-13745     -            180 23913at4891          -            270   0.00068   16.6   0.0   1   2     0.018       5.4    3.8   0.0     4    28    10    34     7    43 0.86 -
9334:13206-13745     -            180 23913at4891          -            270   0.00068   16.6   0.0   2   2   0.00012     0.036   10.9   0.0   109   147    54    92    44   128 0.83 -
#
# Program:         hmmsearch
# Version:         3.1b2 (February 2015)
# Pipeline mode:   SEARCH
# Query file:      /home/jj/Desktop/Bioinformatics/3rd_year/1term/Computational_genomics/Seminars/exercise_04/busco_downloads/lineages/saccharomycetes_odb10/hmms/23913at4891.hmm
# Target file:     /home/jj/Desktop/Bioinformatics/3rd_year/1term/Computational_genomics/Seminars/exercise_04/./busco/SRR6130428/SRR6130428_k63_contigs/run_saccharomycetes_odb10/metaeuk_output/initial_results/SRR6130428_k63_graph.contig.fa.modified.fas
# Option settings: hmmsearch --domtblout /home/jj/Desktop/Bioinformatics/3rd_year/1term/Computational_genomics/Seminars/exercise_04/./busco/SRR6130428/SRR6130428_k63_contigs/run_saccharomycetes_odb10/hmmer_output/initial_run_results/23913at4891.out --cpu 1 /home/jj/Desktop/Bioinformatics/3rd_year/1term/Computational_genomics/Seminars/exercise_04/busco_downloads/lineages/saccharomycetes_odb10/hmms/23913at4891.hmm /home/jj/Desktop/Bioinformatics/3rd_year/1term/Computational_genomics/Seminars/exercise_04/./busco/SRR6130428/SRR6130428_k63_contigs/run_saccharomycetes_odb10/metaeuk_output/initial_results/SRR6130428_k63_graph.contig.fa.modified.fas 
# Current dir:     /home/jj/Desktop/Bioinformatics/3rd_year/1term/Computational_genomics/Seminars/exercise_04
# Date:            Tue Nov  5 18:38:05 2024
# [ok]
