#                                                                            --- full sequence --- -------------- this domain -------------   hmm coord   ali coord   env coord
# target name        accession   tlen query name           accession   qlen   E-value  score  bias   #  of  c-Evalue  i-Evalue  score  bias  from    to  from    to  from    to  acc description of target
#------------------- ---------- ----- -------------------- ---------- ----- --------- ------ ----- --- --- --------- --------- ------ ----- ----- ----- ----- ----- ----- ----- ---- ---------------------
9592:13659-15494     -            612 24162at4891          -            464   8.4e-93  309.3  49.7   1   1   1.2e-93   1.7e-91  304.9  49.7    18   461    16   602     2   605 0.77 -
9058:8024-9145       -            374 24162at4891          -            464   6.2e-29   98.7   0.2   1   1   6.6e-31   9.4e-29   98.1   0.2   371   450    19    94    15   107 0.89 -
9538:21867-23141     -            425 24162at4891          -            464   8.4e-28   95.0   0.5   1   2   1.4e-28     2e-26   90.4   1.0   374   463     2    93     1    94 0.90 -
9538:21867-23141     -            425 24162at4891          -            464   8.4e-28   95.0   0.5   2   2      0.11        16    1.7   0.0    56    85   303   332   296   343 0.85 -
8680:2870-4096       -            409 24162at4891          -            464   4.7e-23   79.3   0.0   1   1     5e-25   7.1e-23   78.7   0.0   371   450     5    79     2    94 0.83 -
7512:175-1587        -            471 24162at4891          -            464   1.5e-21   74.3   0.1   1   2   1.1e-23   1.5e-21   74.3   0.1   368   449    20    96    13   112 0.87 -
7512:175-1587        -            471 24162at4891          -            464   1.5e-21   74.3   0.1   2   2       1.2   1.6e+02   -1.6   1.3   249   322   398   463   382   469 0.56 -
7894:871-1212        -            114 24162at4891          -            464   3.5e-21   73.1   0.3   1   1     3e-23   4.2e-21   72.9   0.3   373   453     1    76     1    87 0.87 -
9698:13545-15308     -            588 24162at4891          -            464   1.7e-20   70.9   1.8   1   2   1.2e-22   1.7e-20   70.9   1.8   373   442     5    71     1    77 0.94 -
9698:13545-15308     -            588 24162at4891          -            464   1.7e-20   70.9   1.8   2   2       6.6   9.4e+02   -4.1   3.7   280   322   432   471   385   531 0.52 -
9636:16177-17232     -            352 24162at4891          -            464   2.9e-20   70.1   0.0   1   1   2.9e-22   4.1e-20   69.6   0.0   371   455     5    82     2    89 0.92 -
9644:24016-24285     -             90 24162at4891          -            464   4.8e-20   69.4   0.2   1   1   3.9e-22   5.5e-20   69.2   0.2   373   457     1    82     1    88 0.82 -
9660:23823-25799     -            659 24162at4891          -            464     3e-19   66.8   0.3   1   1   4.4e-21   6.2e-19   65.7   0.3   372   447   125   202   112   207 0.91 -
8648:1955-3250       -            432 24162at4891          -            464   6.7e-18   62.3  12.0   1   1   1.1e-19   1.6e-17   61.1  12.0   369   447     3    77     1    95 0.85 -
8892:3884-4375       -            164 24162at4891          -            464   1.1e-17   61.6   0.5   1   1     1e-19   1.5e-17   61.2   0.5   373   451     5    82     2    92 0.87 -
9092:10045-11343     -            433 24162at4891          -            464     2e-11   41.0   0.0   1   2   1.4e-13     2e-11   41.0   0.0   369   440    94   167    87   175 0.84 -
9092:10045-11343     -            433 24162at4891          -            464     2e-11   41.0   0.0   2   2       7.4     1e+03   -4.3   8.6   264   372   249   354   206   368 0.46 -
9290:7708-8595       -            296 24162at4891          -            464   1.5e-09   34.8   5.3   1   1   1.7e-11   2.4e-09   34.1   5.3   360   459    33   125    25   130 0.81 -
9404:7122-13385      -           2088 24162at4891          -            464   3.6e-05   20.3  12.6   1   5       2.6   3.6e+02   -2.7   0.8   167   251   106   190    29   209 0.72 -
9404:7122-13385      -           2088 24162at4891          -            464   3.6e-05   20.3  12.6   2   5       3.1   4.4e+02   -3.0   0.0    71   123   299   349   290   354 0.82 -
9404:7122-13385      -           2088 24162at4891          -            464   3.6e-05   20.3  12.6   3   5   2.5e-07   3.6e-05   20.3  12.6   267   366   916  1040   869  1045 0.55 -
9404:7122-13385      -           2088 24162at4891          -            464   3.6e-05   20.3  12.6   4   5       4.7   6.6e+02   -3.6   0.6   223   293  1363  1435  1360  1443 0.68 -
9404:7122-13385      -           2088 24162at4891          -            464   3.6e-05   20.3  12.6   5   5       4.2   5.9e+02   -3.5   0.2   249   314  1480  1550  1457  1577 0.47 -
9352:14667-17009     -            781 24162at4891          -            464   9.7e-05   18.9   6.1   1   1   1.4e-06    0.0002   17.9   6.1   205   363   152   333   143   345 0.42 -
8322:4031-4843       -            271 24162at4891          -            464   0.00011   18.7   3.1   1   1   1.2e-05    0.0017   14.8   3.1   383   443    48   125    18   142 0.71 -
9384:14406-15545     -            380 24162at4891          -            464      0.46    6.8  33.5   1   1   0.00028     0.039   10.3  28.1   302   362   258   314   200   322 0.67 -
9296:11341-12246     -            302 24162at4891          -            464       1.5    5.1  12.6   1   1     0.015       2.1    4.6  12.6   334   366   150   168   125   176 0.48 -
#
# Program:         hmmsearch
# Version:         3.1b2 (February 2015)
# Pipeline mode:   SEARCH
# Query file:      /home/jj/Desktop/Bioinformatics/3rd_year/1term/Computational_genomics/Seminars/exercise_04/busco_downloads/lineages/saccharomycetes_odb10/hmms/24162at4891.hmm
# Target file:     /home/jj/Desktop/Bioinformatics/3rd_year/1term/Computational_genomics/Seminars/exercise_04/./busco/SRR6130428/SRR6130428_k63_contigs/run_saccharomycetes_odb10/metaeuk_output/initial_results/SRR6130428_k63_graph.contig.fa.modified.fas
# Option settings: hmmsearch --domtblout /home/jj/Desktop/Bioinformatics/3rd_year/1term/Computational_genomics/Seminars/exercise_04/./busco/SRR6130428/SRR6130428_k63_contigs/run_saccharomycetes_odb10/hmmer_output/initial_run_results/24162at4891.out --cpu 1 /home/jj/Desktop/Bioinformatics/3rd_year/1term/Computational_genomics/Seminars/exercise_04/busco_downloads/lineages/saccharomycetes_odb10/hmms/24162at4891.hmm /home/jj/Desktop/Bioinformatics/3rd_year/1term/Computational_genomics/Seminars/exercise_04/./busco/SRR6130428/SRR6130428_k63_contigs/run_saccharomycetes_odb10/metaeuk_output/initial_results/SRR6130428_k63_graph.contig.fa.modified.fas 
# Current dir:     /home/jj/Desktop/Bioinformatics/3rd_year/1term/Computational_genomics/Seminars/exercise_04
# Date:            Tue Nov  5 18:38:06 2024
# [ok]
