#                                                                            --- full sequence --- -------------- this domain -------------   hmm coord   ali coord   env coord
# target name        accession   tlen query name           accession   qlen   E-value  score  bias   #  of  c-Evalue  i-Evalue  score  bias  from    to  from    to  from    to  acc description of target
#------------------- ---------- ----- -------------------- ---------- ----- --------- ------ ----- --- --- --------- --------- ------ ----- ----- ----- ----- ----- ----- ----- ---- ---------------------
9572:3417-6815       -           1133 2421at4891           -            710    1e-248  824.6  13.9   1   3      0.43        71   -1.3   0.0     7    28    20    43    15   123 0.65 -
9572:3417-6815       -           1133 2421at4891           -            710    1e-248  824.6  13.9   2   3  5.5e-148  9.2e-146  484.3   2.2   114   434   263   609   258   624 0.90 -
9572:3417-6815       -           1133 2421at4891           -            710    1e-248  824.6  13.9   3   3  5.9e-106  9.9e-104  345.4   2.9   326   700   640  1040   625  1049 0.80 -
8884:1793-2887       -            365 2421at4891           -            710     9e-84  279.4  19.3   1   3   4.3e-58   7.1e-56  187.2   1.4   116   305     6   201     2   203 0.93 -
8884:1793-2887       -            365 2421at4891           -            710     9e-84  279.4  19.3   2   3   6.2e-17     1e-14   51.1   1.4   525   609   200   280   199   286 0.89 -
8884:1793-2887       -            365 2421at4891           -            710     9e-84  279.4  19.3   3   3   1.5e-17   2.5e-15   53.2   2.5   616   672   308   365   301   365 0.96 -
9178:4012-5148       -            379 2421at4891           -            710   7.6e-76  253.2  18.1   1   2   6.5e-53   1.1e-50  170.0   4.0   107   306    14   222     3   226 0.93 -
9178:4012-5148       -            379 2421at4891           -            710   7.6e-76  253.2  18.1   2   2   4.6e-28   7.7e-26   87.9   6.9   529   672   221   379   219   379 0.85 -
9706:9584-10987      -            468 2421at4891           -            710   9.4e-47  157.0  18.2   1   3   1.1e-14   1.8e-12   43.7   2.5   114   221   131   248   117   255 0.73 -
9706:9584-10987      -            468 2421at4891           -            710   9.4e-47  157.0  18.2   2   3   1.5e-07   2.4e-05   20.1   0.2   253   301   258   307   253   311 0.86 -
9706:9584-10987      -            468 2421at4891           -            710   9.4e-47  157.0  18.2   3   3     2e-32   3.4e-30  102.3   3.1   530   676   310   466   306   468 0.86 -
9588:274-1653        -            460 2421at4891           -            710   2.9e-46  155.4  19.0   1   3   9.1e-26   1.5e-23   80.3   4.4   117   305     2   194     1   201 0.87 -
9588:274-1653        -            460 2421at4891           -            710   2.9e-46  155.4  19.0   2   3   2.1e-09   3.5e-07   26.2   0.1   523   559   200   236   193   260 0.85 -
9588:274-1653        -            460 2421at4891           -            710   2.9e-46  155.4  19.0   3   3   6.8e-19   1.1e-16   57.6   2.9   558   672   335   459   318   460 0.72 -
9396:7782-8888       -            369 2421at4891           -            710     4e-41  138.4   3.3   1   3     3e-13     5e-11   38.9   0.1   118   222     2   112     1   115 0.80 -
9396:7782-8888       -            369 2421at4891           -            710     4e-41  138.4   3.3   2   3     2e-09   3.4e-07   26.2   0.0   264   304   122   162   114   169 0.91 -
9396:7782-8888       -            369 2421at4891           -            710     4e-41  138.4   3.3   3   3   1.6e-23   2.6e-21   72.9   0.1   524   672   216   369   187   369 0.88 -
7798:234-1460        -            409 2421at4891           -            710     6e-30  101.5  18.5   1   3   5.6e-19   9.3e-17   57.9   3.3   117   305     2   190     1   196 0.82 -
7798:234-1460        -            409 2421at4891           -            710     6e-30  101.5  18.5   2   3     1e-08   1.7e-06   23.9   0.4   526   569   196   239   188   252 0.89 -
7798:234-1460        -            409 2421at4891           -            710     6e-30  101.5  18.5   3   3   1.8e-10     3e-08   29.7   1.7   564   672   288   408   271   409 0.72 -
8778:1736-2503       -            256 2421at4891           -            710   3.6e-27   92.3  10.8   1   3   9.7e-08   1.6e-05   20.7   0.1   183   225     3    45     1    51 0.92 -
8778:1736-2503       -            256 2421at4891           -            710   3.6e-27   92.3  10.8   2   3   0.00028     0.046    9.3   0.6   261   297    59    95    53   100 0.90 -
8778:1736-2503       -            256 2421at4891           -            710   3.6e-27   92.3  10.8   3   3   3.4e-22   5.7e-20   68.5   1.0   526   672   100   256    96   256 0.84 -
8272:3-764           -            254 2421at4891           -            710     8e-25   84.5   9.6   1   2   1.9e-06   0.00031   16.5   3.2   186   257     1    72     1    98 0.93 -
8272:3-764           -            254 2421at4891           -            710     8e-25   84.5   9.6   2   2   6.6e-23   1.1e-20   70.8   0.5   526   672    98   254    94   254 0.82 -
9336:200-2539        -            780 2421at4891           -            710   3.2e-17   59.4  21.6   1   5       3.1   5.2e+02   -4.1   3.1   416   536    74   192    45   217 0.58 -
9336:200-2539        -            780 2421at4891           -            710   3.2e-17   59.4  21.6   2   5   1.7e-17   2.9e-15   52.9   1.2    77   221   284   428   271   433 0.81 -
9336:200-2539        -            780 2421at4891           -            710   3.2e-17   59.4  21.6   3   5      0.55        91   -1.6   0.0   269   304   443   478   442   485 0.86 -
9336:200-2539        -            780 2421at4891           -            710   3.2e-17   59.4  21.6   4   5     0.057       9.6    1.6   0.0   551   600   498   547   489   565 0.77 -
9336:200-2539        -            780 2421at4891           -            710   3.2e-17   59.4  21.6   5   5     9e-07   0.00015   17.5   1.1   615   674   718   780   708   780 0.87 -
8368:924-2402        -            493 2421at4891           -            710   5.5e-16   55.3   9.0   1   3   1.9e-09   3.1e-07   26.4   1.3   117   218   103   214    94   256 0.76 -
8368:924-2402        -            493 2421at4891           -            710   5.5e-16   55.3   9.0   2   3      0.14        23    0.3   0.2   447   496   293   343   260   387 0.57 -
8368:924-2402        -            493 2421at4891           -            710   5.5e-16   55.3   9.0   3   3   3.4e-11   5.8e-09   32.1   0.1   612   662   419   471   415   489 0.82 -
9382:16237-17691     -            485 2421at4891           -            710   9.3e-16   54.6  16.4   1   4    0.0071       1.2    4.6   0.0   118   139    37    58    21    70 0.87 -
9382:16237-17691     -            485 2421at4891           -            710   9.3e-16   54.6  16.4   2   4   4.5e-06   0.00075   15.2   0.2   181   224   133   178    94   203 0.84 -
9382:16237-17691     -            485 2421at4891           -            710   9.3e-16   54.6  16.4   3   4   7.6e-05     0.013   11.1   0.0   265   300   271   307   255   313 0.87 -
9382:16237-17691     -            485 2421at4891           -            710   9.3e-16   54.6  16.4   4   4     2e-08   3.4e-06   22.9   7.9   536   672   319   484   309   485 0.60 -
9664:454-4116        -           1221 2421at4891           -            710   9.9e-14   47.9  15.6   1   5   2.2e-05    0.0037   12.9   0.5   113   151   192   226   189   298 0.63 -
9664:454-4116        -           1221 2421at4891           -            710   9.9e-14   47.9  15.6   2   5      0.23        38   -0.4   0.1   267   301   302   336   272   360 0.77 -
9664:454-4116        -           1221 2421at4891           -            710   9.9e-14   47.9  15.6   3   5   1.2e-13   2.1e-11   40.2   2.8   532   664   341   487   304   490 0.80 -
9664:454-4116        -           1221 2421at4891           -            710   9.9e-14   47.9  15.6   4   5      0.77   1.3e+02   -2.1   0.1   665   706   517   565   500   568 0.69 -
9664:454-4116        -           1221 2421at4891           -            710   9.9e-14   47.9  15.6   5   5      0.11        18    0.7   0.0   318   354   894   930   890   945 0.87 -
9700:10363-12510     -            716 2421at4891           -            710     5e-12   42.2   9.7   1   4   5.8e-09   9.6e-07   24.8   0.0   116   163    67   118    41   127 0.77 -
9700:10363-12510     -            716 2421at4891           -            710     5e-12   42.2   9.7   2   4     0.002      0.34    6.4   0.1   198   268   204   278   172   341 0.63 -
9700:10363-12510     -            716 2421at4891           -            710     5e-12   42.2   9.7   3   4      0.44        74   -1.3   0.4   224   256   574   606   570   613 0.82 -
9700:10363-12510     -            716 2421at4891           -            710     5e-12   42.2   9.7   4   4   7.1e-06    0.0012   14.5   0.1   608   673   639   703   615   714 0.81 -
8456:1963-5646       -           1228 2421at4891           -            710   4.9e-11   39.0   3.7   1   2     2e-08   3.4e-06   23.0   0.2   117   167   692   741   688   748 0.85 -
8456:1963-5646       -           1228 2421at4891           -            710   4.9e-11   39.0   3.7   2   2   1.8e-06   0.00029   16.5   0.5   613   687  1145  1226  1130  1228 0.82 -
9530:8100-9176       -            359 2421at4891           -            710   1.2e-08   31.0   2.1   1   3   2.2e-05    0.0037   12.9   0.0   118   146     1    29     1    53 0.91 -
9530:8100-9176       -            359 2421at4891           -            710   1.2e-08   31.0   2.1   2   3     0.005      0.83    5.1   0.1   177   227    86   136    62   149 0.70 -
9530:8100-9176       -            359 2421at4891           -            710   1.2e-08   31.0   2.1   3   3   0.00011     0.018   10.6   0.3   565   637   279   358   155   359 0.71 -
#
# Program:         hmmsearch
# Version:         3.1b2 (February 2015)
# Pipeline mode:   SEARCH
# Query file:      /home/jj/Desktop/Bioinformatics/3rd_year/1term/Computational_genomics/Seminars/exercise_04/busco_downloads/lineages/saccharomycetes_odb10/hmms/2421at4891.hmm
# Target file:     /home/jj/Desktop/Bioinformatics/3rd_year/1term/Computational_genomics/Seminars/exercise_04/./busco/SRR6130428/SRR6130428_k63_contigs/run_saccharomycetes_odb10/metaeuk_output/initial_results/SRR6130428_k63_graph.contig.fa.modified.fas
# Option settings: hmmsearch --domtblout /home/jj/Desktop/Bioinformatics/3rd_year/1term/Computational_genomics/Seminars/exercise_04/./busco/SRR6130428/SRR6130428_k63_contigs/run_saccharomycetes_odb10/hmmer_output/initial_run_results/2421at4891.out --cpu 1 /home/jj/Desktop/Bioinformatics/3rd_year/1term/Computational_genomics/Seminars/exercise_04/busco_downloads/lineages/saccharomycetes_odb10/hmms/2421at4891.hmm /home/jj/Desktop/Bioinformatics/3rd_year/1term/Computational_genomics/Seminars/exercise_04/./busco/SRR6130428/SRR6130428_k63_contigs/run_saccharomycetes_odb10/metaeuk_output/initial_results/SRR6130428_k63_graph.contig.fa.modified.fas 
# Current dir:     /home/jj/Desktop/Bioinformatics/3rd_year/1term/Computational_genomics/Seminars/exercise_04
# Date:            Tue Nov  5 18:38:07 2024
# [ok]
