#                                                                            --- full sequence --- -------------- this domain -------------   hmm coord   ali coord   env coord
# target name        accession   tlen query name           accession   qlen   E-value  score  bias   #  of  c-Evalue  i-Evalue  score  bias  from    to  from    to  from    to  acc description of target
#------------------- ---------- ----- -------------------- ---------- ----- --------- ------ ----- --- --- --------- --------- ------ ----- ----- ----- ----- ----- ----- ----- ---- ---------------------
9388:8422-11754      -           1111 2456at4891           -            534  4.5e-248  821.3  24.5   1   4     0.029       4.1    3.0   0.1     1    23   268   290   268   317 0.76 -
9388:8422-11754      -           1111 2456at4891           -            534  4.5e-248  821.3  24.5   2   4   5.1e-13   7.2e-11   38.5   0.1    33    71   344   382   307   394 0.77 -
9388:8422-11754      -           1111 2456at4891           -            534  4.5e-248  821.3  24.5   3   4  4.6e-139  6.4e-137  454.5   3.4    77   328   544   813   538   834 0.93 -
9388:8422-11754      -           1111 2456at4891           -            534  4.5e-248  821.3  24.5   4   4  7.4e-103    1e-100  335.0   6.1   321   534   849  1086   823  1086 0.89 -
8522:2428-3828       -            467 2456at4891           -            534  4.3e-104  346.2   6.7   1   3   2.4e-60   3.3e-58  194.7   1.3    92   324     8   245     1   262 0.86 -
8522:2428-3828       -            467 2456at4891           -            534  4.3e-104  346.2   6.7   2   3     0.018       2.6    3.7   0.0   325   342   279   296   265   299 0.87 -
8522:2428-3828       -            467 2456at4891           -            534  4.3e-104  346.2   6.7   3   3   1.4e-46   1.9e-44  149.3   0.4   391   533   316   463   307   464 0.91 -
9218:4287-6836       -            850 2456at4891           -            534  7.8e-104  345.3   8.3   1   3   3.4e-65   4.8e-63  210.7   2.9    82   317    99   349    22   388 0.88 -
9218:4287-6836       -            850 2456at4891           -            534  7.8e-104  345.3   8.3   2   3      0.36        51   -0.6   0.0   326   343   404   421   398   427 0.86 -
9218:4287-6836       -            850 2456at4891           -            534  7.8e-104  345.3   8.3   3   3   1.8e-42   2.5e-40  135.7   0.1   382   533   691   848   684   849 0.91 -
9286:260-4795        -           1512 2456at4891           -            534  1.3e-103  344.5   9.1   1   3   5.2e-60   7.3e-58  193.6   0.8    48   322   653   947   628   958 0.78 -
9286:260-4795        -           1512 2456at4891           -            534  1.3e-103  344.5   9.1   2   3     0.031       4.4    2.9   0.0   323   343   979   999   968  1020 0.84 -
9286:260-4795        -           1512 2456at4891           -            534  1.3e-103  344.5   9.1   3   3   4.2e-47   5.9e-45  151.0   0.7   376   533  1228  1391  1212  1392 0.92 -
8266:1277-2740       -            488 2456at4891           -            534  1.1e-102  341.5   6.8   1   3   5.4e-60   7.5e-58  193.6   1.8    92   324    10   257     1   279 0.86 -
8266:1277-2740       -            488 2456at4891           -            534  1.1e-102  341.5   6.8   2   3     0.064       9.1    1.9   0.0   324   342   293   311   285   317 0.86 -
8266:1277-2740       -            488 2456at4891           -            534  1.1e-102  341.5   6.8   3   3   5.8e-46   8.2e-44  147.2   0.4   387   533   328   480   323   481 0.94 -
9524:2031-3488       -            486 2456at4891           -            534  2.4e-102  340.4   7.3   1   1  4.5e-104  6.4e-102  339.0   7.3    92   533    10   479     1   480 0.86 -
9478:9393-10808      -            472 2456at4891           -            534  4.9e-101  336.1   6.1   1   3   5.6e-59   7.9e-57  190.2   0.2    92   326     7   246     3   261 0.88 -
9478:9393-10808      -            472 2456at4891           -            534  4.9e-101  336.1   6.1   2   3     0.017       2.4    3.8   0.0   325   341   278   294   269   298 0.87 -
9478:9393-10808      -            472 2456at4891           -            534  4.9e-101  336.1   6.1   3   3     6e-45   8.4e-43  143.9   0.4   394   533   318   462   306   463 0.91 -
8598:1664-6067       -           1468 2456at4891           -            534   1.7e-92  307.9   5.4   1   1   1.4e-93     2e-91  304.4   5.4    92   532   375   842   360   844 0.83 -
9608:672-6272        -           1867 2456at4891           -            534   4.1e-84  280.2   4.6   1   2   3.2e-52   4.5e-50  167.9   0.4    81   386  1258  1590  1244  1621 0.74 -
9608:672-6272        -           1867 2456at4891           -            534   4.1e-84  280.2   4.6   2   2   8.5e-36   1.2e-33  113.7   0.4   402   532  1643  1779  1630  1781 0.90 -
9668:13505-16684     -           1060 2456at4891           -            534   4.6e-72  240.5   8.3   1   3       1.1   1.6e+02   -2.2   1.2   352   392   146   188   141   200 0.83 -
9668:13505-16684     -           1060 2456at4891           -            534   4.6e-72  240.5   8.3   2   3   1.9e-20   2.7e-18   63.0   0.1    93   164   277   353   265   370 0.89 -
9668:13505-16684     -           1060 2456at4891           -            534   4.6e-72  240.5   8.3   3   3   7.4e-56     1e-53  179.9   0.1   182   522   422   771   411   782 0.79 -
8468:228-2921        -            898 2456at4891           -            534   1.9e-61  205.4   0.2   1   2   4.9e-11   6.8e-09   32.0   0.0   113   159   330   385   321   402 0.82 -
8468:228-2921        -            898 2456at4891           -            534   1.9e-61  205.4   0.2   2   2   2.2e-52   3.1e-50  168.4   0.1   196   531   439   802   425   805 0.74 -
9394:14111-16210     -            700 2456at4891           -            534   2.6e-59  198.4  11.5   1   4   3.4e-12   4.8e-10   35.8   0.0    90   190    26   139    14   152 0.72 -
9394:14111-16210     -            700 2456at4891           -            534   2.6e-59  198.4  11.5   2   4     4e-16   5.6e-14   48.8   0.1   190   312   171   297   154   315 0.85 -
9394:14111-16210     -            700 2456at4891           -            534   2.6e-59  198.4  11.5   3   4       2.3   3.2e+02   -3.2   0.0   313   341   338   367   326   375 0.69 -
9394:14111-16210     -            700 2456at4891           -            534   2.6e-59  198.4  11.5   4   4   6.6e-37   9.3e-35  117.3   3.7   345   529   476   675   469   681 0.86 -
7940:2-1333          -            444 2456at4891           -            534   8.8e-58  193.3   1.0   1   2       1.5   2.1e+02   -2.6   0.1    41    87    78   124    64   131 0.77 -
7940:2-1333          -            444 2456at4891           -            534   8.8e-58  193.3   1.0   2   2   6.2e-60   8.8e-58  193.3   1.0    82   311   193   443   163   444 0.83 -
8868:6377-9133       -            919 2456at4891           -            534   1.8e-56  189.0   3.4   1   2   8.2e-25   1.2e-22   77.4   1.4   113   321   307   555   295   569 0.69 -
8868:6377-9133       -            919 2456at4891           -            534   1.8e-56  189.0   3.4   2   2   9.6e-34   1.4e-31  106.9   0.0   390   529   629   774   615   778 0.87 -
8998:8116-10485      -            790 2456at4891           -            534   2.4e-56  188.6   1.1   1   2   3.6e-29     5e-27   91.8   0.2    90   262   181   372   169   415 0.82 -
8998:8116-10485      -            790 2456at4891           -            534   2.4e-56  188.6   1.1   2   2   3.5e-30   4.9e-28   95.2   0.0   376   528   604   763   593   769 0.87 -
9020:946-4440        -           1165 2456at4891           -            534   2.5e-45  152.2   3.6   1   4      0.27        38   -0.2   0.0    89   104   429   444   414   453 0.84 -
9020:946-4440        -           1165 2456at4891           -            534   2.5e-45  152.2   3.6   2   4     0.011       1.5    4.4   0.0   114   131   524   541   516   552 0.83 -
9020:946-4440        -           1165 2456at4891           -            534   2.5e-45  152.2   3.6   3   4   7.4e-17     1e-14   51.2   0.2   139   308   583   768   579   801 0.74 -
9020:946-4440        -           1165 2456at4891           -            534   2.5e-45  152.2   3.6   4   4   8.8e-30   1.2e-27   93.8   0.0   397   530  1000  1142   973  1146 0.82 -
9290:14028-15248     -            407 2456at4891           -            534   9.5e-41  137.1   3.6   1   2   0.00031     0.044    9.5   0.9   296   363     1    69     1   135 0.75 -
9290:14028-15248     -            407 2456at4891           -            534   9.5e-41  137.1   3.6   2   2   3.5e-40   4.9e-38  128.2   0.1   388   533   154   305   144   306 0.91 -
9556:3333-7874       -           1514 2456at4891           -            534   2.7e-24   82.8   4.7   1   2   2.9e-09   4.2e-07   26.1   0.4   114   256   349   542   329   550 0.64 -
9556:3333-7874       -           1514 2456at4891           -            534   2.7e-24   82.8   4.7   2   2     2e-17   2.9e-15   53.0   0.4   405   521  1340  1458  1276  1466 0.86 -
9484:14252-16780     -            843 2456at4891           -            534   3.2e-08   29.8   0.1   1   2   1.3e-06   0.00018   17.4   0.0   111   270   379   543   350   594 0.74 -
9484:14252-16780     -            843 2456at4891           -            534   3.2e-08   29.8   0.1   2   2   0.00019     0.027   10.2   0.0   398   484   594   678   574   715 0.75 -
#
# Program:         hmmsearch
# Version:         3.1b2 (February 2015)
# Pipeline mode:   SEARCH
# Query file:      /home/jj/Desktop/Bioinformatics/3rd_year/1term/Computational_genomics/Seminars/exercise_04/busco_downloads/lineages/saccharomycetes_odb10/hmms/2456at4891.hmm
# Target file:     /home/jj/Desktop/Bioinformatics/3rd_year/1term/Computational_genomics/Seminars/exercise_04/./busco/SRR6130428/SRR6130428_k63_contigs/run_saccharomycetes_odb10/metaeuk_output/initial_results/SRR6130428_k63_graph.contig.fa.modified.fas
# Option settings: hmmsearch --domtblout /home/jj/Desktop/Bioinformatics/3rd_year/1term/Computational_genomics/Seminars/exercise_04/./busco/SRR6130428/SRR6130428_k63_contigs/run_saccharomycetes_odb10/hmmer_output/initial_run_results/2456at4891.out --cpu 1 /home/jj/Desktop/Bioinformatics/3rd_year/1term/Computational_genomics/Seminars/exercise_04/busco_downloads/lineages/saccharomycetes_odb10/hmms/2456at4891.hmm /home/jj/Desktop/Bioinformatics/3rd_year/1term/Computational_genomics/Seminars/exercise_04/./busco/SRR6130428/SRR6130428_k63_contigs/run_saccharomycetes_odb10/metaeuk_output/initial_results/SRR6130428_k63_graph.contig.fa.modified.fas 
# Current dir:     /home/jj/Desktop/Bioinformatics/3rd_year/1term/Computational_genomics/Seminars/exercise_04
# Date:            Tue Nov  5 18:38:07 2024
# [ok]
