#                                                                            --- full sequence --- -------------- this domain -------------   hmm coord   ali coord   env coord
# target name        accession   tlen query name           accession   qlen   E-value  score  bias   #  of  c-Evalue  i-Evalue  score  bias  from    to  from    to  from    to  acc description of target
#------------------- ---------- ----- -------------------- ---------- ----- --------- ------ ----- --- --- --------- --------- ------ ----- ----- ----- ----- ----- ----- ----- ---- ---------------------
8678:4615-7329       -            905 2459at4891           -            859  2.1e-138  460.3  45.5   1   2  4.4e-106  4.4e-104  346.8  33.5   236   751    39   680    26   696 0.78 -
8678:4615-7329       -            905 2459at4891           -            859  2.1e-138  460.3  45.5   2   2   1.8e-31   1.7e-29  100.0   6.6   697   859   681   895   658   895 0.73 -
9726:3865-6666       -            934 2459at4891           -            859   9.2e-08   28.1   0.2   1   3     1e-06    0.0001   18.0   0.0    40   101   214   281   205   288 0.84 -
9726:3865-6666       -            934 2459at4891           -            859   9.2e-08   28.1   0.2   2   3    0.0025      0.25    6.8   0.1    67   176   458   572   456   581 0.88 -
9726:3865-6666       -            934 2459at4891           -            859   9.2e-08   28.1   0.2   3   3      0.81        80   -1.5   0.0    66   104   582   620   575   625 0.85 -
9636:17731-18642     -            304 2459at4891           -            859   2.3e-07   26.8   6.4   1   6      0.81        80   -1.5   0.0    60    98    29    66    26    74 0.81 -
9636:17731-18642     -            304 2459at4891           -            859   2.3e-07   26.8   6.4   2   6    0.0014      0.14    7.6   0.1    65    95    77   107    73   141 0.86 -
9636:17731-18642     -            304 2459at4891           -            859   2.3e-07   26.8   6.4   3   6      0.58        57   -1.0   0.0    78    98   131   151   118   156 0.71 -
9636:17731-18642     -            304 2459at4891           -            859   2.3e-07   26.8   6.4   4   6   9.3e-05    0.0092   11.5   0.0    67   101   163   197   160   205 0.87 -
9636:17731-18642     -            304 2459at4891           -            859   2.3e-07   26.8   6.4   5   6       0.2        20    0.5   0.1    66    94   210   238   202   246 0.90 -
9636:17731-18642     -            304 2459at4891           -            859   2.3e-07   26.8   6.4   6   6    0.0054      0.54    5.7   0.1    67    96   254   283   241   288 0.84 -
9126:8755-11505      -            917 2459at4891           -            859   8.1e-07   25.0   3.9   1   6      0.53        53   -0.9   0.1    66    99   148   181   143   224 0.56 -
9126:8755-11505      -            917 2459at4891           -            859   8.1e-07   25.0   3.9   2   6       0.2        20    0.5   0.0    65    99   261   295   252   314 0.88 -
9126:8755-11505      -            917 2459at4891           -            859   8.1e-07   25.0   3.9   3   6   0.00051     0.051    9.1   0.1    63   129   344   415   306   431 0.68 -
9126:8755-11505      -            917 2459at4891           -            859   8.1e-07   25.0   3.9   4   6     0.044       4.4    2.7   0.1    65    93   474   502   467   509 0.92 -
9126:8755-11505      -            917 2459at4891           -            859   8.1e-07   25.0   3.9   5   6    0.0056      0.55    5.7   0.0    53   103   502   554   501   560 0.85 -
9126:8755-11505      -            917 2459at4891           -            859   8.1e-07   25.0   3.9   6   6      0.19        19    0.6   0.0    68    95   581   608   578   617 0.91 -
9390:13413-15017     -            535 2459at4891           -            859   1.5e-06   24.1   2.2   1   3   4.5e-05    0.0044   12.6   0.2    65   126   221   285   216   310 0.81 -
9390:13413-15017     -            535 2459at4891           -            859   1.5e-06   24.1   2.2   2   3      0.69        68   -1.3   0.0    85   130   338   388   327   397 0.76 -
9390:13413-15017     -            535 2459at4891           -            859   1.5e-06   24.1   2.2   3   3   0.00028     0.027   10.0   0.1    46    98   419   476   392   479 0.78 -
8822:7585-8277       -            231 2459at4891           -            859   3.9e-06   22.7   0.2   1   5   7.8e-05    0.0077   11.8   0.0    67   100     1    34     1    40 0.88 -
8822:7585-8277       -            231 2459at4891           -            859   3.9e-06   22.7   0.2   2   5      0.61        61   -1.1   0.0    74   105    50    81    34    84 0.80 -
8822:7585-8277       -            231 2459at4891           -            859   3.9e-06   22.7   0.2   3   5     0.056       5.6    2.3   0.0    66    92    83   110    76   114 0.88 -
8822:7585-8277       -            231 2459at4891           -            859   3.9e-06   22.7   0.2   4   5     0.028       2.7    3.4   0.0    66    97   133   164   131   168 0.91 -
8822:7585-8277       -            231 2459at4891           -            859   3.9e-06   22.7   0.2   5   5       1.9   1.9e+02   -2.7   0.0    67   101   188   222   187   224 0.86 -
9128:10043-12433     -            797 2459at4891           -            859   6.8e-06   21.9   1.8   1   5    0.0016      0.16    7.4   0.0    65    95   467   497   461   505 0.89 -
9128:10043-12433     -            797 2459at4891           -            859   6.8e-06   21.9   1.8   2   5      0.13        13    1.2   0.0    66    99   527   560   520   564 0.88 -
9128:10043-12433     -            797 2459at4891           -            859   6.8e-06   21.9   1.8   3   5       1.5   1.5e+02   -2.4   0.0    64    95   609   640   606   646 0.91 -
9128:10043-12433     -            797 2459at4891           -            859   6.8e-06   21.9   1.8   4   5    0.0052      0.52    5.8   0.0    66    95   653   682   644   690 0.89 -
9128:10043-12433     -            797 2459at4891           -            859   6.8e-06   21.9   1.8   5   5     0.046       4.6    2.6   0.0    66    97   696   727   692   730 0.92 -
9208:2600-5119       -            840 2459at4891           -            859   1.4e-05   20.9   0.2   1   3    0.0024      0.24    6.9   0.0    66    99    19    52    17    57 0.89 -
9208:2600-5119       -            840 2459at4891           -            859   1.4e-05   20.9   0.2   2   3    0.0012      0.12    7.8   0.0    65    96    80   111    74   115 0.89 -
9208:2600-5119       -            840 2459at4891           -            859   1.4e-05   20.9   0.2   3   3     0.056       5.6    2.3   0.0    42   100   719   779   703   787 0.81 -
8402:4018-5292       -            425 2459at4891           -            859   1.5e-05   20.8   0.4   1   3     4e-05    0.0039   12.8   0.0    34    96    33   104    20   115 0.79 -
8402:4018-5292       -            425 2459at4891           -            859   1.5e-05   20.8   0.4   2   3     0.022       2.2    3.7   0.1    37    97   179   247   148   258 0.75 -
8402:4018-5292       -            425 2459at4891           -            859   1.5e-05   20.8   0.4   3   3       1.2   1.2e+02   -2.1   0.2    77    92   326   341   316   344 0.86 -
9658:5110-5880       -            257 2459at4891           -            859   0.00013   17.6   0.1   1   2     0.001       0.1    8.1   0.0    27   124    30   137    22   153 0.70 -
9658:5110-5880       -            257 2459at4891           -            859   0.00013   17.6   0.1   2   2    0.0014      0.14    7.6   0.0    21    95   175   255   171   257 0.74 -
8478:1944-3398       -            485 2459at4891           -            859   0.00035   16.3   0.1   1   2    0.0018      0.18    7.2   0.0    65   145   220   305   196   314 0.79 -
8478:1944-3398       -            485 2459at4891           -            859   0.00035   16.3   0.1   2   2    0.0027      0.27    6.7   0.0    64    92   348   376   337   383 0.90 -
9522:17732-18610     -            293 2459at4891           -            859   0.00046   15.9   0.1   1   3      0.34        33   -0.2   0.0    63   100    13    51     8    52 0.81 -
9522:17732-18610     -            293 2459at4891           -            859   0.00046   15.9   0.1   2   3     0.028       2.8    3.3   0.0    70    99    80   109    71   117 0.84 -
9522:17732-18610     -            293 2459at4891           -            859   0.00046   15.9   0.1   3   3    0.0016      0.16    7.4   0.0    36   109   148   228   141   250 0.72 -
9656:28053-28895     -            281 2459at4891           -            859   0.00079   15.1   1.5   1   2    0.0032      0.31    6.5   0.2    66    99    24    57    19    62 0.89 -
9656:28053-28895     -            281 2459at4891           -            859   0.00079   15.1   1.5   2   2    0.0013      0.13    7.7   0.1    40   100    76   142    67   201 0.64 -
9460:9231-11075      -            615 2459at4891           -            859   0.00084   15.0   0.1   1   2      0.11        11    1.4   0.0    67    99    67   101    58   110 0.75 -
9460:9231-11075      -            615 2459at4891           -            859   0.00084   15.0   0.1   2   2   0.00013     0.013   11.1   0.0    34    97   451   521   440   536 0.79 -
8240:671-1900        -            410 2459at4891           -            859    0.0012   14.5   0.0   1   3       2.8   2.7e+02   -3.3   0.0    66    95   163   192   161   202 0.83 -
8240:671-1900        -            410 2459at4891           -            859    0.0012   14.5   0.0   2   3     0.048       4.8    2.6   0.0    58   102   242   286   211   300 0.76 -
8240:671-1900        -            410 2459at4891           -            859    0.0012   14.5   0.0   3   3   0.00044     0.043    9.3   0.0    69   105   343   379   342   408 0.80 -
9592:21328-23076     -            583 2459at4891           -            859    0.0013   14.4   0.0   1   2         2     2e+02   -2.8   0.0    41    62   470   491   461   525 0.44 -
9592:21328-23076     -            583 2459at4891           -            859    0.0013   14.4   0.0   2   2   2.7e-05    0.0027   13.3   0.0    63    95   550   582   538   583 0.93 -
9070:9188-10162      -            325 2459at4891           -            859    0.0013   14.3   1.8   1   3       2.6   2.6e+02   -3.2   0.0    86   103   108   125    85   127 0.73 -
9070:9188-10162      -            325 2459at4891           -            859    0.0013   14.3   1.8   2   3   0.00053     0.052    9.0   0.1    47   100   220   279   215   283 0.77 -
9070:9188-10162      -            325 2459at4891           -            859    0.0013   14.3   1.8   3   3     0.026       2.6    3.5   0.1    66    95   289   318   284   323 0.90 -
7864:2082-2645       -            188 2459at4891           -            859    0.0016   14.0   1.2   1   1   5.9e-05    0.0058   12.2   1.3   681   768    45   133    21   166 0.75 -
9046:295-1389        -            365 2459at4891           -            859    0.0022   13.6   0.1   1   2      0.15        15    0.9   0.0    66    95    38    68     7    73 0.85 -
9046:295-1389        -            365 2459at4891           -            859    0.0022   13.6   0.1   2   2   0.00019     0.019   10.5   0.0    65   174    81   198    77   220 0.78 -
7766:159-1877        -            573 2459at4891           -            859    0.0033   13.0   0.0   1   2      0.02         2    3.8   0.0    65   103   237   275   226   312 0.87 -
7766:159-1877        -            573 2459at4891           -            859    0.0033   13.0   0.0   2   2    0.0023      0.22    7.0   0.0    73   104   407   438   398   440 0.82 -
9674:12257-13606     -            450 2459at4891           -            859    0.0035   12.9   0.1   1   1   4.6e-05    0.0046   12.5   0.1    54   129   110   190    88   227 0.85 -
9534:20058-21434     -            459 2459at4891           -            859    0.0037   12.9   0.1   1   2     0.025       2.5    3.5   0.1    67    95   106   134   104   231 0.81 -
9534:20058-21434     -            459 2459at4891           -            859    0.0037   12.9   0.1   2   2     0.002       0.2    7.1   0.0    67   103   378   415   367   418 0.78 -
9564:19094-20626     -            511 2459at4891           -            859    0.0053   12.3   0.3   1   4      0.29        29   -0.0   0.0    66    96   216   246   214   253 0.85 -
9564:19094-20626     -            511 2459at4891           -            859    0.0053   12.3   0.3   2   4      0.13        13    1.2   0.0    66   105   323   363   310   366 0.83 -
9564:19094-20626     -            511 2459at4891           -            859    0.0053   12.3   0.3   3   4       1.2   1.2e+02   -2.0   0.0    66    98   368   401   360   403 0.76 -
9564:19094-20626     -            511 2459at4891           -            859    0.0053   12.3   0.3   4   4    0.0051       0.5    5.8   0.0    65    95   418   449   412   457 0.87 -
9724:2093-15713      -            205 2459at4891           -            859    0.0075   11.8   0.0   1   1   0.00018     0.018   10.6   0.0    34   131    57   160    33   187 0.75 -
9618:271-3099        -            943 2459at4891           -            859     0.066    8.7  27.6   1   9    0.0019      0.19    7.2   0.3    68   100    83   115    80   149 0.77 -
9618:271-3099        -            943 2459at4891           -            859     0.066    8.7  27.6   2   9      0.14        14    1.0   0.0    66    93   123   150   120   159 0.92 -
9618:271-3099        -            943 2459at4891           -            859     0.066    8.7  27.6   3   9       2.7   2.7e+02   -3.2   0.0    79    99   177   197   173   202 0.80 -
9618:271-3099        -            943 2459at4891           -            859     0.066    8.7  27.6   4   9     0.013       1.3    4.5   0.1    63    99   390   425   382   430 0.81 -
9618:271-3099        -            943 2459at4891           -            859     0.066    8.7  27.6   5   9      0.41        40   -0.5   0.0    35    95   438   504   426   510 0.76 -
9618:271-3099        -            943 2459at4891           -            859     0.066    8.7  27.6   6   9      0.59        58   -1.0   0.0    65   100   532   567   504   576 0.84 -
9618:271-3099        -            943 2459at4891           -            859     0.066    8.7  27.6   7   9    0.0031      0.31    6.5   0.3    66   130   575   644   571   648 0.83 -
9618:271-3099        -            943 2459at4891           -            859     0.066    8.7  27.6   8   9     0.015       1.5    4.2   0.2    54    92   647   685   646   694 0.90 -
9618:271-3099        -            943 2459at4891           -            859     0.066    8.7  27.6   9   9       1.4   1.4e+02   -2.2   2.5   509   583   802   879   794   886 0.79 -
8436:656-1654        -            333 2459at4891           -            859      0.11    8.0   6.4   1   6     0.009      0.89    5.0   0.0    67    93     7    33     3    39 0.90 -
8436:656-1654        -            333 2459at4891           -            859      0.11    8.0   6.4   2   6       2.2   2.2e+02   -2.9   0.0    79    93    69    83    67    93 0.86 -
8436:656-1654        -            333 2459at4891           -            859      0.11    8.0   6.4   3   6      0.63        62   -1.1   0.0   170   216    95   142    85   147 0.65 -
8436:656-1654        -            333 2459at4891           -            859      0.11    8.0   6.4   4   6     0.059       5.8    2.3   0.0    67    92   223   248   219   259 0.92 -
8436:656-1654        -            333 2459at4891           -            859      0.11    8.0   6.4   5   6       0.2        19    0.5   0.1    64    96   262   294   252   301 0.88 -
8436:656-1654        -            333 2459at4891           -            859      0.11    8.0   6.4   6   6       1.5   1.5e+02   -2.4   0.0    66    91   306   331   305   332 0.92 -
9360:6122-9931       -           1270 2459at4891           -            859      0.18    7.3   5.4   1   3    0.0021      0.21    7.0   0.0    65    97   109   142    99   145 0.82 -
9360:6122-9931       -           1270 2459at4891           -            859      0.18    7.3   5.4   2   3      0.43        42   -0.6   0.4    64   103   160   200   155   203 0.80 -
9360:6122-9931       -           1270 2459at4891           -            859      0.18    7.3   5.4   3   3      0.18        18    0.7   0.2   546   650   577   689   574   715 0.64 -
#
# Program:         hmmsearch
# Version:         3.1b2 (February 2015)
# Pipeline mode:   SEARCH
# Query file:      /home/jj/Desktop/Bioinformatics/3rd_year/1term/Computational_genomics/Seminars/exercise_04/busco_downloads/lineages/saccharomycetes_odb10/hmms/2459at4891.hmm
# Target file:     /home/jj/Desktop/Bioinformatics/3rd_year/1term/Computational_genomics/Seminars/exercise_04/./busco/SRR6130428/SRR6130428_k63_contigs/run_saccharomycetes_odb10/metaeuk_output/initial_results/SRR6130428_k63_graph.contig.fa.modified.fas
# Option settings: hmmsearch --domtblout /home/jj/Desktop/Bioinformatics/3rd_year/1term/Computational_genomics/Seminars/exercise_04/./busco/SRR6130428/SRR6130428_k63_contigs/run_saccharomycetes_odb10/hmmer_output/initial_run_results/2459at4891.out --cpu 1 /home/jj/Desktop/Bioinformatics/3rd_year/1term/Computational_genomics/Seminars/exercise_04/busco_downloads/lineages/saccharomycetes_odb10/hmms/2459at4891.hmm /home/jj/Desktop/Bioinformatics/3rd_year/1term/Computational_genomics/Seminars/exercise_04/./busco/SRR6130428/SRR6130428_k63_contigs/run_saccharomycetes_odb10/metaeuk_output/initial_results/SRR6130428_k63_graph.contig.fa.modified.fas 
# Current dir:     /home/jj/Desktop/Bioinformatics/3rd_year/1term/Computational_genomics/Seminars/exercise_04
# Date:            Tue Nov  5 18:38:08 2024
# [ok]
