#                                                                            --- full sequence --- -------------- this domain -------------   hmm coord   ali coord   env coord
# target name        accession   tlen query name           accession   qlen   E-value  score  bias   #  of  c-Evalue  i-Evalue  score  bias  from    to  from    to  from    to  acc description of target
#------------------- ---------- ----- -------------------- ---------- ----- --------- ------ ----- --- --- --------- --------- ------ ----- ----- ----- ----- ----- ----- ----- ---- ---------------------
9502:2145-3251       -            369 24610at4891          -            180   7.6e-39  130.4   2.0   1   5       2.6        62    0.4   0.0    25    43    75    93    24   100 0.85 -
9502:2145-3251       -            369 24610at4891          -            180   7.6e-39  130.4   2.0   2   5   1.9e-15   4.5e-14   49.7   0.1    40    92   124   190   117   197 0.78 -
9502:2145-3251       -            369 24610at4891          -            180   7.6e-39  130.4   2.0   3   5   2.7e-17   6.5e-16   55.7   0.0    88   131   201   244   198   252 0.93 -
9502:2145-3251       -            369 24610at4891          -            180   7.6e-39  130.4   2.0   4   5   6.5e-06   0.00015   18.6   0.0   129   154   266   291   262   302 0.92 -
9502:2145-3251       -            369 24610at4891          -            180   7.6e-39  130.4   2.0   5   5       3.5        84   -0.0   0.0   159   179   339   359   320   360 0.79 -
9666:20504-21955     -            484 24610at4891          -            180   6.2e-28   94.9   0.2   1   2   7.5e-29   1.8e-27   93.4   0.2    14   155   228   396   223   419 0.81 -
9666:20504-21955     -            484 24610at4891          -            180   6.2e-28   94.9   0.2   2   2       7.9   1.9e+02   -1.2   0.0   144   179   409   444   395   445 0.66 -
8554:159-1031        -            291 24610at4891          -            180   7.6e-27   91.3   0.0   1   1   7.2e-28   1.7e-26   90.2   0.0    24   153    74   233    48   279 0.80 -
7804:258-1562        -            435 24610at4891          -            180     6e-26   88.4   0.1   1   2   2.9e-26   6.9e-25   84.9   0.1    14   127    83   211    74   216 0.83 -
7804:258-1562        -            435 24610at4891          -            180     6e-26   88.4   0.1   2   2       1.9        45    0.8   0.0   160   180   273   293   239   293 0.81 -
9022:9769-10653      -            295 24610at4891          -            180   2.4e-25   86.4   0.0   1   1   4.5e-26   1.1e-24   84.3   0.0    15   158    61   237    46   245 0.73 -
9494:7698-8528       -            277 24610at4891          -            180   2.7e-25   86.3   0.3   1   1     8e-25   1.9e-23   80.3   0.3    39   152    88   223    28   238 0.81 -
9700:35509-36408     -            300 24610at4891          -            180   4.7e-25   85.5   0.1   1   1   4.1e-26   9.6e-25   84.5   0.1    23   157    69   231    45   237 0.79 -
9140:10766-11608     -            281 24610at4891          -            180   2.3e-23   80.0   0.0   1   1   2.2e-24   5.2e-23   78.8   0.0    36   152    85   223    63   239 0.79 -
9468:11302-12276     -            325 24610at4891          -            180   4.2e-23   79.1   0.2   1   1   1.2e-22   2.9e-21   73.1   0.2    42   146   105   238    66   248 0.74 -
8068:741-1847        -            369 24610at4891          -            180   6.7e-23   78.5   2.9   1   3   3.5e-12   8.4e-11   39.1   0.9    19    87    87   165    75   177 0.76 -
8068:741-1847        -            369 24610at4891          -            180   6.7e-23   78.5   2.9   2   3   4.2e-11     1e-09   35.5   0.0    92   154   190   260   183   273 0.80 -
8068:741-1847        -            369 24610at4891          -            180   6.7e-23   78.5   2.9   3   3       1.1        25    1.7   0.0   149   179   278   308   264   309 0.84 -
9650:24829-29790     -           1654 24610at4891          -            180   8.7e-23   78.1   7.2   1   4   8.5e-05     0.002   15.0   0.0    41    98   359   416   335   428 0.81 -
9650:24829-29790     -           1654 24610at4891          -            180   8.7e-23   78.1   7.2   2   4     0.018      0.42    7.5   0.0    93   140   435   484   431   508 0.77 -
9650:24829-29790     -           1654 24610at4891          -            180   8.7e-23   78.1   7.2   3   4   3.6e-12   8.6e-11   39.0   0.2    47    88   807   853   773   861 0.76 -
9650:24829-29790     -           1654 24610at4891          -            180   8.7e-23   78.1   7.2   4   4   4.5e-05    0.0011   15.9   0.0    93   126   880   913   875   951 0.92 -
9342:14110-15051     -            314 24610at4891          -            180   5.6e-22   75.5   4.0   1   3       6.8   1.6e+02   -1.0   0.1    12    27    48    66    43    83 0.72 -
9342:14110-15051     -            314 24610at4891          -            180   5.6e-22   75.5   4.0   2   3   1.4e-10   3.3e-09   33.9   1.3    29    87    88   158    74   163 0.74 -
9342:14110-15051     -            314 24610at4891          -            180   5.6e-22   75.5   4.0   3   3     1e-12   2.5e-11   40.8   0.0    93   157   184   255   175   269 0.80 -
8764:438-2084        -            549 24610at4891          -            180   2.5e-21   73.3   0.3   1   2   1.3e-20   3.1e-19   66.5   0.2    47   127   263   359   226   362 0.84 -
8764:438-2084        -            549 24610at4891          -            180   2.5e-21   73.3   0.3   2   2      0.37       8.8    3.1   0.0   133   163   384   413   377   422 0.82 -
9548:337-1380        -            348 24610at4891          -            180   3.9e-21   72.7   0.0   1   1   2.6e-21   6.2e-20   68.8   0.0    31   148    98   246    90   299 0.77 -
9674:28087-29058     -            324 24610at4891          -            180   1.6e-20   70.7   0.0   1   1   1.5e-21   3.6e-20   69.6   0.0    35   127    95   198    69   204 0.76 -
9332:9525-11471      -            649 24610at4891          -            180   5.8e-20   68.9   0.0   1   1   4.5e-21   1.1e-19   68.0   0.0    41   130   473   574   461   625 0.79 -
8384:242-1183        -            314 24610at4891          -            180   8.5e-20   68.4   2.8   1   3   7.3e-10   1.7e-08   31.5   2.0    26    87    83   149    52   162 0.75 -
8384:242-1183        -            314 24610at4891          -            180   8.5e-20   68.4   2.8   2   3   1.9e-09   4.5e-08   30.2   0.0    93   127   178   212   172   239 0.93 -
8384:242-1183        -            314 24610at4891          -            180   8.5e-20   68.4   2.8   3   3      0.23       5.4    3.8   0.0   129   180   241   295   217   295 0.72 -
9724:42501-46928     -           1476 24610at4891          -            180   1.8e-19   67.3   0.0   1   1   1.4e-20   3.3e-19   66.4   0.0    47   162  1280  1412  1222  1431 0.80 -
9376:4767-5852       -            362 24610at4891          -            180   2.9e-19   66.6   0.2   1   2   3.8e-19   9.1e-18   61.7   0.2    29   153    94   249    88   258 0.74 -
9376:4767-5852       -            362 24610at4891          -            180   2.9e-19   66.6   0.2   2   2       0.9        21    1.9   0.0   154   179   270   296   253   297 0.81 -
8460:1970-2827       -            286 24610at4891          -            180   3.1e-19   66.5   0.2   1   2   1.8e-19   4.2e-18   62.8   0.1    46   127    96   190    74   194 0.81 -
8460:1970-2827       -            286 24610at4891          -            180   3.1e-19   66.5   0.2   2   2       1.6        37    1.1   0.0   145   179   244   277   231   278 0.69 -
9508:1626-2423       -            266 24610at4891          -            180   3.6e-19   66.3   0.8   1   2   3.7e-19   8.8e-18   61.8   1.0    38   127    57   159    25   201 0.78 -
9508:1626-2423       -            266 24610at4891          -            180   3.6e-19   66.3   0.8   2   2      0.71        17    2.2   0.0   150   179   218   247   191   248 0.86 -
9026:3240-4322       -            361 24610at4891          -            180   4.4e-19   66.0   0.2   1   1   4.7e-20   1.1e-18   64.7   0.2    32   128   187   295   173   345 0.75 -
9280:3099-4592       -            498 24610at4891          -            180   5.6e-19   65.7   0.0   1   2   4.4e-13     1e-11   42.0   0.0    30    92   111   183   105   190 0.75 -
9280:3099-4592       -            498 24610at4891          -            180   5.6e-19   65.7   0.0   2   2   1.3e-06     3e-05   20.9   0.0    94   132   272   310   267   336 0.87 -
9352:14667-17009     -            781 24610at4891          -            180   5.6e-19   65.7   0.0   1   1   4.1e-20   9.8e-19   64.9   0.0    46   128   609   703   597   749 0.89 -
9724:16735-17796     -            354 24610at4891          -            180   8.4e-19   65.1   2.9   1   2   2.9e-11   6.8e-10   36.1   1.6    24    79   106   169    91   174 0.80 -
9724:16735-17796     -            354 24610at4891          -            180   8.4e-19   65.1   2.9   2   2   1.8e-08   4.1e-07   27.0   0.0    80   146   192   273   182   285 0.71 -
9138:9482-10486      -            335 24610at4891          -            180   1.1e-18   64.8   0.0   1   2   2.4e-13   5.6e-12   42.9   0.0    46   106   156   221   149   226 0.86 -
9138:9482-10486      -            335 24610at4891          -            180   1.1e-18   64.8   0.0   2   2   2.6e-06   6.1e-05   20.0   0.0    93   178   225   324   220   326 0.73 -
9578:6054-6923       -            290 24610at4891          -            180   1.7e-18   64.1   0.3   1   1   4.8e-19   1.1e-17   61.4   0.1    42   128    99   198    69   274 0.77 -
9648:180-2069        -            630 24610at4891          -            180   1.8e-18   64.1   0.3   1   1   2.1e-19     5e-18   62.6   0.1    16   127   113   243    96   251 0.76 -
9168:5060-6598       -            513 24610at4891          -            180   2.4e-18   63.6   0.6   1   2   2.7e-13   6.5e-12   42.7   0.2    41    80   299   338   255   340 0.91 -
9168:5060-6598       -            513 24610at4891          -            180   2.4e-18   63.6   0.6   2   2   5.4e-06   0.00013   18.9   0.0    91   125   380   413   359   417 0.78 -
8792:3540-5258       -            573 24610at4891          -            180   2.4e-18   63.6   0.0   1   1   1.8e-19   4.3e-18   62.8   0.0    44   133   395   496   356   544 0.74 -
9568:2563-4101       -            513 24610at4891          -            180   2.6e-18   63.5   0.1   1   1   2.3e-19   5.4e-18   62.5   0.1    39   131   299   402   279   408 0.86 -
9220:8467-9282       -            272 24610at4891          -            180   2.6e-18   63.5   0.0   1   1   2.1e-19   4.9e-18   62.6   0.0    48   124   109   195    91   202 0.84 -
9722:16235-17092     -            286 24610at4891          -            180   3.1e-18   63.3   0.1   1   2   3.2e-14   7.6e-13   45.7   0.1    41    88   100   152    92   157 0.87 -
9722:16235-17092     -            286 24610at4891          -            180   3.1e-18   63.3   0.1   2   2   8.6e-05     0.002   15.0   0.0    93   128   182   216   178   238 0.93 -
9270:2604-3470       -            289 24610at4891          -            180   4.6e-18   62.7   0.0   1   1   3.3e-19   7.9e-18   61.9   0.0    48   127   119   208   103   219 0.83 -
8804:3362-4279       -            306 24610at4891          -            180   5.7e-18   62.4   0.0   1   1   4.8e-19   1.1e-17   61.4   0.0    26   128    79   200    67   244 0.74 -
9220:10894-11814     -            307 24610at4891          -            180   1.8e-17   60.8   0.0   1   1   1.3e-18   3.2e-17   60.0   0.0    37   127   113   217    64   221 0.81 -
9558:17836-18582     -            249 24610at4891          -            180   2.7e-17   60.2   0.2   1   1   3.6e-18   8.6e-17   58.6   0.0    49   126    97   187    83   191 0.83 -
9538:10065-10994     -            310 24610at4891          -            180     3e-17   60.1   0.4   1   1   2.1e-18     5e-17   59.3   0.1    42   127   125   222    97   242 0.81 -
9388:2420-3211       -            264 24610at4891          -            180   3.7e-17   59.8   0.1   1   1   2.6e-18   6.1e-17   59.1   0.1    37   127   106   207    99   246 0.81 -
7984:778-3069        -            764 24610at4891          -            180   5.1e-17   59.3   0.0   1   1   4.2e-18   9.9e-17   58.4   0.0    50   127   458   546   448   549 0.84 -
9442:11388-12206     -            273 24610at4891          -            180   5.2e-17   59.3   0.0   1   1   4.2e-18   9.9e-17   58.4   0.0    40   127    85   188    52   191 0.81 -
8018:2579-3376       -            266 24610at4891          -            180   5.7e-17   59.1   0.1   1   1     4e-18   9.5e-17   58.4   0.1    51   127   111   196    76   245 0.87 -
8588:5598-6413       -            272 24610at4891          -            180   6.3e-17   59.0   0.0   1   1   4.6e-18   1.1e-16   58.2   0.0    51   127   116   201    82   216 0.84 -
8772:6932-7705       -            258 24610at4891          -            180   1.3e-16   58.0   0.0   1   1   1.1e-17   2.7e-16   57.0   0.0    50   127   108   194    56   199 0.83 -
9516:8073-8876       -            268 24610at4891          -            180   1.4e-16   57.9   0.2   1   1   1.1e-17   2.6e-16   57.0   0.2    38   127   112   212   105   233 0.81 -
9144:11649-12578     -            310 24610at4891          -            180   1.9e-16   57.5   0.1   1   1   1.9e-17   4.6e-16   56.2   0.1    43   130   126   225   115   273 0.74 -
9688:6201-6989       -            263 24610at4891          -            180   2.6e-16   57.0   0.3   1   1   8.6e-15     2e-13   47.6   0.3    47   127   103   206    90   210 0.71 -
9652:9845-11956      -            704 24610at4891          -            180   2.7e-16   57.0   0.0   1   1   2.3e-17   5.4e-16   56.0   0.0    41   127   175   275   163   291 0.85 -
9270:5360-6181       -            274 24610at4891          -            180   6.3e-16   55.8   0.0   1   1   5.3e-17   1.3e-15   54.8   0.0    41   127   101   201    72   205 0.80 -
9556:876-1871        -            332 24610at4891          -            180   9.6e-16   55.2   0.1   1   2   6.1e-10   1.5e-08   31.8   0.1    48    81   141   174   130   182 0.88 -
9556:876-1871        -            332 24610at4891          -            180   9.6e-16   55.2   0.1   2   2   1.2e-06   2.9e-05   21.0   0.0    80   126   212   263   206   266 0.81 -
8710:5595-6479       -            295 24610at4891          -            180     2e-15   54.1   0.3   1   2     2e-09   4.8e-08   30.1   0.1    48    82   117   151   105   158 0.88 -
8710:5595-6479       -            295 24610at4891          -            180     2e-15   54.1   0.3   2   2   8.2e-07   1.9e-05   21.6   0.0    80   127   178   230   173   233 0.80 -
9680:21437-22237     -            267 24610at4891          -            180   2.8e-15   53.6   0.0   1   1   1.8e-16   4.2e-15   53.1   0.0    42   128   106   204    71   208 0.78 -
9370:13593-17402     -           1270 24610at4891          -            180   7.2e-15   52.3   0.5   1   4       2.4        58    0.5   0.0    84   107   417   440   403   474 0.87 -
9370:13593-17402     -           1270 24610at4891          -            180   7.2e-15   52.3   0.5   2   4       6.1   1.4e+02   -0.8   0.1     3    46   995  1037   993  1047 0.78 -
9370:13593-17402     -           1270 24610at4891          -            180   7.2e-15   52.3   0.5   3   4     3e-11     7e-10   36.1   0.1    46    95  1080  1125  1032  1129 0.81 -
9370:13593-17402     -           1270 24610at4891          -            180   7.2e-15   52.3   0.5   4   4    0.0047      0.11    9.3   0.0    80   126  1141  1191  1133  1195 0.80 -
9648:20903-21709     -            269 24610at4891          -            180   7.9e-15   52.2   0.4   1   2   3.1e-11   7.3e-10   36.0   0.1    42    86   102   151    96   156 0.80 -
9648:20903-21709     -            269 24610at4891          -            180   7.9e-15   52.2   0.4   2   2   0.00016    0.0037   14.1   0.0    93   127   179   212   169   236 0.89 -
9316:14764-15318     -            185 24610at4891          -            180     1e-14   51.8   1.1   1   1   9.1e-16   2.2e-14   50.7   0.9    46   126    73   172    35   177 0.75 -
9660:6627-7220       -            198 24610at4891          -            180   1.2e-14   51.6   0.1   1   1   2.4e-15   5.7e-14   49.4   0.1    33   124    87   196    74   198 0.79 -
9018:8533-10704      -            724 24610at4891          -            180   1.5e-14   51.2   0.1   1   2   3.2e-08   7.5e-07   26.2   0.0    47    78   409   440   380   444 0.87 -
9018:8533-10704      -            724 24610at4891          -            180   1.5e-14   51.2   0.1   2   2   6.3e-07   1.5e-05   22.0   0.0    81   128   480   531   477   555 0.74 -
9696:23411-25501     -            697 24610at4891          -            180   1.7e-14   51.1   0.3   1   1   3.5e-15   8.2e-14   48.9   0.3    48   150   537   658   524   674 0.77 -
8798:2318-3331       -            338 24610at4891          -            180   1.8e-14   51.0   0.0   1   2   1.7e-12   4.1e-11   40.1   0.0    47    85   159   203   141   221 0.76 -
8798:2318-3331       -            338 24610at4891          -            180   1.8e-14   51.0   0.0   2   2     0.011      0.27    8.1   0.0    93   132   231   276   228   287 0.72 -
9112:9860-10915      -            352 24610at4891          -            180   1.9e-14   50.9   0.0   1   1   1.4e-15   3.2e-14   50.2   0.0    50   127   125   214   107   216 0.82 -
9082:7406-8569       -            388 24610at4891          -            180   2.2e-14   50.7   0.0   1   1   1.7e-15   4.1e-14   49.9   0.0    48   179   140   282    88   283 0.81 -
7948:472-1854        -            461 24610at4891          -            180   2.4e-14   50.6   0.2   1   2   2.7e-10   6.4e-09   32.9   0.2    47    82   275   310   263   316 0.89 -
7948:472-1854        -            461 24610at4891          -            180   2.4e-14   50.6   0.2   2   2   0.00012    0.0028   14.5   0.0    80   129   329   385   324   389 0.74 -
9576:4640-5464       -            275 24610at4891          -            180   2.4e-14   50.6   0.1   1   1   2.7e-15   6.5e-14   49.2   0.0    44   128   109   208   102   252 0.77 -
9582:21971-22969     -            333 24610at4891          -            180   2.5e-14   50.6   0.0   1   1   1.7e-15   3.9e-14   49.9   0.0    49   129   118   210   101   263 0.85 -
9284:13564-14592     -            343 24610at4891          -            180     3e-14   50.3   0.0   1   1     2e-15   4.8e-14   49.6   0.0    47   128   147   240    96   247 0.83 -
8666:1918-2913       -            332 24610at4891          -            180   3.1e-14   50.2   0.6   1   2   2.6e-12   6.2e-11   39.5   0.0    46    89   124   172   117   181 0.84 -
8666:1918-2913       -            332 24610at4891          -            180   3.1e-14   50.2   0.6   2   2     0.015      0.35    7.7   0.1   100   139   217   264   207   310 0.58 -
8492:4616-5878       -            421 24610at4891          -            180   6.9e-14   49.1   0.3   1   1   2.6e-13   6.1e-12   42.8   0.1    39   127   210   330   199   333 0.70 -
9214:3531-4694       -            388 24610at4891          -            180   8.8e-14   48.8   0.0   1   1   6.3e-15   1.5e-13   48.0   0.0    51   127   170   258   154   260 0.83 -
9396:10785-11381     -            199 24610at4891          -            180     1e-13   48.6   1.1   1   1   1.9e-14   4.4e-13   46.5   1.1    15   128    57   193    47   197 0.75 -
9050:611-1576        -            322 24610at4891          -            180   1.1e-13   48.4   0.6   1   2   8.3e-13     2e-11   41.1   0.4    28   110   128   217   106   225 0.69 -
9050:611-1576        -            322 24610at4891          -            180   1.1e-13   48.4   0.6   2   2      0.11       2.5    4.9   0.0   115   179   249   315   239   316 0.72 -
9022:791-1471        -            227 24610at4891          -            180   1.1e-13   48.4   2.8   1   1     1e-13   2.4e-12   44.1   2.8    25   173    39   223    26   227 0.63 -
9598:11083-11721     -            213 24610at4891          -            180   1.2e-13   48.3   0.2   1   1   1.6e-14   3.9e-13   46.7   0.2    43   105   101   173    96   212 0.84 -
9274:513-1736        -            408 24610at4891          -            180   1.4e-13   48.1   0.0   1   2   7.8e-10   1.9e-08   31.4   0.0    34    90   124   185   115   192 0.87 -
9274:513-1736        -            408 24610at4891          -            180   1.4e-13   48.1   0.0   2   2   0.00013     0.003   14.4   0.0    93   139   206   251   198   292 0.67 -
9288:1887-2741       -            285 24610at4891          -            180   1.5e-13   48.0   0.8   1   1   1.6e-14   3.9e-13   46.7   0.8    29   128    91   212    70   271 0.78 -
8274:2342-3058       -            239 24610at4891          -            180   1.7e-13   47.8   0.0   1   1   1.4e-14   3.4e-13   46.8   0.0    43   128    91   185    39   189 0.83 -
9714:25935-26888     -            318 24610at4891          -            180   1.8e-13   47.8   0.0   1   1   2.7e-14   6.3e-13   46.0   0.0    50   128   118   214   110   218 0.76 -
8386:2346-3074       -            243 24610at4891          -            180   3.7e-13   46.7   0.0   1   1   8.6e-14     2e-12   44.3   0.0    44   128    64   166    54   229 0.82 -
8586:248-1081        -            278 24610at4891          -            180   4.6e-13   46.4   0.0   1   1     5e-14   1.2e-12   45.1   0.0    48   127   118   212   109   219 0.80 -
9708:2183-3157       -            325 24610at4891          -            180   7.5e-13   45.7   0.0   1   1   1.6e-13   3.9e-12   43.4   0.0    35   127   140   250   132   301 0.74 -
9138:5514-8171       -            886 24610at4891          -            180   8.4e-13   45.6   0.0   1   2   3.5e-09   8.4e-08   29.3   0.0    49    79   142   172   128   188 0.89 -
9138:5514-8171       -            886 24610at4891          -            180   8.4e-13   45.6   0.0   2   2   0.00033    0.0079   13.1   0.0    92   127   218   252   190   306 0.72 -
9236:8838-9737       -            300 24610at4891          -            180   8.7e-13   45.5   0.0   1   1   8.6e-14     2e-12   44.3   0.0    50   127   115   204   101   210 0.80 -
9680:14913-17372     -            820 24610at4891          -            180   9.3e-13   45.4   0.1   1   1   1.6e-13   3.9e-12   43.4   0.1    48   131   297   406   270   456 0.79 -
7674:805-1767        -            321 24610at4891          -            180   1.3e-12   45.0   0.8   1   3       1.2        27    1.5   0.0   115   146    31    62    25    97 0.74 -
7674:805-1767        -            321 24610at4891          -            180   1.3e-12   45.0   0.8   2   3   8.9e-10   2.1e-08   31.2   0.0    44    79   122   157    84   160 0.84 -
7674:805-1767        -            321 24610at4891          -            180   1.3e-12   45.0   0.8   3   3    0.0073      0.17    8.7   0.0   106   125   233   252   172   256 0.89 -
9206:2109-6836       -           1576 24610at4891          -            180   1.3e-12   45.0   0.1   1   2   8.8e-12   2.1e-10   37.8   0.0    45    94  1365  1419  1319  1423 0.80 -
9206:2109-6836       -           1576 24610at4891          -            180   1.3e-12   45.0   0.1   2   2      0.28       6.7    3.5   0.0    93   127  1458  1494  1453  1497 0.78 -
9404:2234-3256       -            341 24610at4891          -            180     3e-12   43.8   0.0   1   2   7.5e-09   1.8e-07   28.2   0.0    41    90   137   191   121   195 0.82 -
9404:2234-3256       -            341 24610at4891          -            180     3e-12   43.8   0.0   2   2   0.00033    0.0079   13.1   0.0    93   127   220   253   215   303 0.86 -
9470:3000-4022       -            341 24610at4891          -            180   3.8e-12   43.4   0.0   1   2   7.8e-09   1.9e-07   28.2   0.0    49    92   128   176   109   184 0.83 -
9470:3000-4022       -            341 24610at4891          -            180   3.8e-12   43.4   0.0   2   2   0.00034     0.008   13.1   0.0    93   127   206   239   189   289 0.88 -
7822:341-1144        -            268 24610at4891          -            180   9.8e-12   42.1   0.0   1   1   2.3e-12   5.4e-11   39.7   0.0    43   126   101   201    96   206 0.76 -
8626:1051-1599       -            183 24610at4891          -            180   1.1e-11   41.9   0.0   1   1   4.5e-12   1.1e-10   38.7   0.0    49    91    27    75    17   167 0.70 -
9574:22194-23423     -            410 24610at4891          -            180   1.3e-11   41.7   2.4   1   2   2.5e-09   5.8e-08   29.8   0.4    51    94   122   170   102   179 0.81 -
9574:22194-23423     -            410 24610at4891          -            180   1.3e-11   41.7   2.4   2   2     0.001     0.024   11.5   0.1    90   125   235   269   232   273 0.86 -
9500:730-1611        -            294 24610at4891          -            180   2.5e-11   40.7   0.2   1   2   2.8e-09   6.6e-08   29.6   0.1    23    87   101   172    94   177 0.79 -
9500:730-1611        -            294 24610at4891          -            180   2.5e-11   40.7   0.2   2   2    0.0059      0.14    9.0   0.0    94   127   196   231   183   259 0.81 -
9572:16580-17233     -            218 24610at4891          -            180   5.2e-11   39.7   0.2   1   1   5.7e-12   1.3e-10   38.4   0.2    43   127   102   198    91   202 0.80 -
9526:4843-6750       -            636 24610at4891          -            180   9.3e-11   38.9   0.0   1   1   8.8e-12   2.1e-10   37.8   0.0    49   124   431   523   422   529 0.77 -
9000:1272-2168       -            299 24610at4891          -            180     1e-10   38.8   0.4   1   1   1.9e-11   4.5e-10   36.7   0.4    31   127    84   202    53   207 0.69 -
8416:2551-3603       -            351 24610at4891          -            180   1.4e-10   38.4   0.0   1   1   1.5e-11   3.5e-10   37.0   0.0    49    88   109   153    80   185 0.84 -
9242:6452-8167       -            572 24610at4891          -            180   2.7e-10   37.4   0.0   1   2   1.1e-05   0.00025   18.0   0.0    50    88   280   323   246   327 0.84 -
9242:6452-8167       -            572 24610at4891          -            180   2.7e-10   37.4   0.0   2   2   2.5e-05   0.00058   16.8   0.0    77   124   360   406   352   411 0.87 -
8850:3013-4704       -            564 24610at4891          -            180   5.4e-10   36.4   0.1   1   2     8e-06   0.00019   18.3   0.0    49    88   271   315   257   319 0.80 -
8850:3013-4704       -            564 24610at4891          -            180   5.4e-10   36.4   0.1   2   2   5.9e-05    0.0014   15.5   0.0    85   124   360   398   342   403 0.86 -
9316:2356-5388       -           1011 24610at4891          -            180   6.2e-10   36.2   0.0   1   2   3.2e-10   7.7e-09   32.7   0.1    47    80   673   706   644   713 0.84 -
9316:2356-5388       -           1011 24610at4891          -            180   6.2e-10   36.2   0.0   2   2       8.6     2e+02   -1.3   0.0    94   114   750   770   748   772 0.86 -
8194:3006-3602       -            199 24610at4891          -            180   9.5e-10   35.6   0.1   1   2   3.5e-08   8.4e-07   26.0   0.0    30    85    13    75     2    83 0.79 -
8194:3006-3602       -            199 24610at4891          -            180   9.5e-10   35.6   0.1   2   2     0.013      0.31    7.9   0.0    94   127   101   136    89   178 0.82 -
9288:6241-7161       -            307 24610at4891          -            180   1.2e-09   35.2   2.0   1   1     5e-10   1.2e-08   32.0   2.0    28   112    74   179    39   212 0.66 -
8450:345-1649        -            435 24610at4891          -            180   1.3e-09   35.2   0.5   1   2   0.00081     0.019   11.8   0.2    64    86   168   191   164   211 0.75 -
8450:345-1649        -            435 24610at4891          -            180   1.3e-09   35.2   0.5   2   2   1.6e-06   3.7e-05   20.7   0.0    85   128   241   283   225   331 0.89 -
7548:67-747          -            227 24610at4891          -            180   1.3e-09   35.2   0.1   1   1   7.5e-11   1.8e-09   34.7   0.1    50   110   102   173    73   177 0.77 -
9344:12609-14093     -            495 24610at4891          -            180   2.3e-09   34.4   0.0   1   2   2.7e-08   6.5e-07   26.4   0.0    40    87    97   152    78   155 0.74 -
9344:12609-14093     -            495 24610at4891          -            180   2.3e-09   34.4   0.0   2   2     0.061       1.4    5.7   0.0    95   127   362   394   359   451 0.91 -
9390:2655-7010       -           1452 24610at4891          -            180   2.7e-08   30.9   2.4   1   2   2.3e-08   5.4e-07   26.6   0.4    28    84   104   166    90   173 0.81 -
9390:2655-7010       -           1452 24610at4891          -            180   2.7e-08   30.9   2.4   2   2      0.99        23    1.8   0.0   111   179   218   287   214   288 0.63 -
9336:5762-6706       -            315 24610at4891          -            180   3.3e-08   30.6   3.3   1   1   2.2e-08   5.1e-07   26.7   1.8    21   126   129   260   121   269 0.76 -
8796:1455-1940       -            162 24610at4891          -            180   1.2e-07   28.8   0.3   1   1     8e-09   1.9e-07   28.1   0.3    44    78   127   162    86   162 0.73 -
9708:4262-6904       -            881 24610at4891          -            180   7.2e-07   26.2   0.1   1   2   6.4e-07   1.5e-05   21.9   0.0    52    80   528   556   520   578 0.79 -
9708:4262-6904       -            881 24610at4891          -            180   7.2e-07   26.2   0.1   2   2         3        72    0.2   0.0   115   128   794   807   787   814 0.84 -
8766:2416-3300       -            295 24610at4891          -            180   1.8e-06   24.9   0.0   1   2    0.0053      0.13    9.2   0.0    68    85   152   174   144   184 0.75 -
8766:2416-3300       -            295 24610at4891          -            180   1.8e-06   24.9   0.0   2   2   0.00034    0.0081   13.0   0.0    90   127   196   235   192   284 0.83 -
9532:12469-14466     -            666 24610at4891          -            180   2.7e-06   24.4   0.5   1   1   6.1e-07   1.4e-05   22.0   0.0    47    78   327   358   321   361 0.89 -
8796:234-743         -            170 24610at4891          -            180     5e-06   23.5   0.0   1   1   3.7e-07   8.8e-06   22.7   0.0    73   131     1    63     1    90 0.84 -
8836:7701-8510       -            270 24610at4891          -            180     2e-05   21.5   0.0   1   1   2.2e-06   5.2e-05   20.2   0.0    50    79   117   146   100   163 0.91 -
9250:1334-1957       -            208 24610at4891          -            180   2.2e-05   21.4   0.1   1   1     2e-06   4.6e-05   20.3   0.1    48    96    98   156    89   175 0.74 -
9574:11971-12594     -            208 24610at4891          -            180   2.2e-05   21.4   0.1   1   1   1.8e-06   4.3e-05   20.4   0.1    48    96    98   156    89   175 0.75 -
9418:1089-4097       -           1003 24610at4891          -            180   8.2e-05   19.5   0.1   1   1   8.9e-06   0.00021   18.2   0.1    41    79   791   829   773   830 0.85 -
#
# Program:         hmmsearch
# Version:         3.1b2 (February 2015)
# Pipeline mode:   SEARCH
# Query file:      /home/jj/Desktop/Bioinformatics/3rd_year/1term/Computational_genomics/Seminars/exercise_04/busco_downloads/lineages/saccharomycetes_odb10/hmms/24610at4891.hmm
# Target file:     /home/jj/Desktop/Bioinformatics/3rd_year/1term/Computational_genomics/Seminars/exercise_04/./busco/SRR6130428/SRR6130428_k63_contigs/run_saccharomycetes_odb10/metaeuk_output/initial_results/SRR6130428_k63_graph.contig.fa.modified.fas
# Option settings: hmmsearch --domtblout /home/jj/Desktop/Bioinformatics/3rd_year/1term/Computational_genomics/Seminars/exercise_04/./busco/SRR6130428/SRR6130428_k63_contigs/run_saccharomycetes_odb10/hmmer_output/initial_run_results/24610at4891.out --cpu 1 /home/jj/Desktop/Bioinformatics/3rd_year/1term/Computational_genomics/Seminars/exercise_04/busco_downloads/lineages/saccharomycetes_odb10/hmms/24610at4891.hmm /home/jj/Desktop/Bioinformatics/3rd_year/1term/Computational_genomics/Seminars/exercise_04/./busco/SRR6130428/SRR6130428_k63_contigs/run_saccharomycetes_odb10/metaeuk_output/initial_results/SRR6130428_k63_graph.contig.fa.modified.fas 
# Current dir:     /home/jj/Desktop/Bioinformatics/3rd_year/1term/Computational_genomics/Seminars/exercise_04
# Date:            Tue Nov  5 18:38:08 2024
# [ok]
