#                                                                            --- full sequence --- -------------- this domain -------------   hmm coord   ali coord   env coord
# target name        accession   tlen query name           accession   qlen   E-value  score  bias   #  of  c-Evalue  i-Evalue  score  bias  from    to  from    to  from    to  acc description of target
#------------------- ---------- ----- -------------------- ---------- ----- --------- ------ ----- --- --- --------- --------- ------ ----- ----- ----- ----- ----- ----- ----- ---- ---------------------
9292:14121-15050     -            310 24646at4891          -            237  2.1e-116  384.8  13.6   1   3  2.2e-108  4.2e-106  351.1   4.9     1   193     6   224     6   231 0.92 -
9292:14121-15050     -            310 24646at4891          -            237  2.1e-116  384.8  13.6   2   3   1.4e-12   2.7e-10   37.5   0.6   189   228   239   278   235   292 0.80 -
9292:14121-15050     -            310 24646at4891          -            237  2.1e-116  384.8  13.6   3   3      0.95   1.8e+02   -1.2   0.0   223   236   297   310   290   310 0.86 -
8320:232-1206        -            325 24646at4891          -            237   1.1e-19   68.3   0.2   1   1   1.1e-21   2.1e-19   67.3   0.2     2   168     3   180     2   201 0.80 -
9494:6635-7150       -            172 24646at4891          -            237   3.5e-07   27.3   0.1   1   1   2.3e-09   4.4e-07   27.0   0.1    44   123    43   126     3   148 0.75 -
9686:29089-29574     -            162 24646at4891          -            237   5.9e-05   20.0   0.0   1   1   3.8e-07   7.3e-05   19.7   0.0     4   137     1   134     1   161 0.75 -
8012:204-749         -            182 24646at4891          -            237   6.4e-05   19.9   0.0   1   1   4.3e-07   8.3e-05   19.6   0.0     4   147     8   152     5   159 0.77 -
9394:464-982         -            173 24646at4891          -            237   0.00014   18.8   0.0   1   1   9.7e-07   0.00019   18.4   0.0     4   104     9   105     7   149 0.73 -
9652:7994-8617       -            208 24646at4891          -            237   0.00015   18.7   0.0   1   1   9.8e-07   0.00019   18.4   0.0     4    91    10    93     4   159 0.74 -
7992:884-1501        -            206 24646at4891          -            237   0.00017   18.5   0.3   1   1   1.4e-06   0.00027   17.9   0.2     4   103    10   105     8   154 0.72 -
8032:1817-2311       -            165 24646at4891          -            237    0.0002   18.3   0.0   1   1   1.2e-06   0.00023   18.1   0.0     4   104     1    97     1   142 0.72 -
9638:11299-12714     -            279 24646at4891          -            237    0.0003   17.7   0.0   1   1   2.3e-06   0.00044   17.2   0.0     2    89    74   156    73   202 0.75 -
9406:6563-7207       -            215 24646at4891          -            237    0.0016   15.4   0.1   1   1   1.2e-05    0.0023   14.9   0.1     3    93    21   106    19   154 0.69 -
9714:14124-14693     -            190 24646at4891          -            237    0.0029   14.5   0.0   1   1   1.8e-05    0.0035   14.2   0.0     4   128     1   130     1   171 0.70 -
9260:2621-3145       -            175 24646at4891          -            237    0.0072   13.2   0.0   1   1   4.8e-05    0.0091   12.9   0.0     4   131    19   142    16   158 0.67 -
8968:6712-7380       -            223 24646at4891          -            237     0.011   12.6   0.1   1   1   0.00013     0.025   11.4   0.0     4    64    15    75    13    90 0.82 -
#
# Program:         hmmsearch
# Version:         3.1b2 (February 2015)
# Pipeline mode:   SEARCH
# Query file:      /home/jj/Desktop/Bioinformatics/3rd_year/1term/Computational_genomics/Seminars/exercise_04/busco_downloads/lineages/saccharomycetes_odb10/hmms/24646at4891.hmm
# Target file:     /home/jj/Desktop/Bioinformatics/3rd_year/1term/Computational_genomics/Seminars/exercise_04/./busco/SRR6130428/SRR6130428_k63_contigs/run_saccharomycetes_odb10/metaeuk_output/initial_results/SRR6130428_k63_graph.contig.fa.modified.fas
# Option settings: hmmsearch --domtblout /home/jj/Desktop/Bioinformatics/3rd_year/1term/Computational_genomics/Seminars/exercise_04/./busco/SRR6130428/SRR6130428_k63_contigs/run_saccharomycetes_odb10/hmmer_output/initial_run_results/24646at4891.out --cpu 1 /home/jj/Desktop/Bioinformatics/3rd_year/1term/Computational_genomics/Seminars/exercise_04/busco_downloads/lineages/saccharomycetes_odb10/hmms/24646at4891.hmm /home/jj/Desktop/Bioinformatics/3rd_year/1term/Computational_genomics/Seminars/exercise_04/./busco/SRR6130428/SRR6130428_k63_contigs/run_saccharomycetes_odb10/metaeuk_output/initial_results/SRR6130428_k63_graph.contig.fa.modified.fas 
# Current dir:     /home/jj/Desktop/Bioinformatics/3rd_year/1term/Computational_genomics/Seminars/exercise_04
# Date:            Tue Nov  5 18:38:08 2024
# [ok]
