#                                                                            --- full sequence --- -------------- this domain -------------   hmm coord   ali coord   env coord
# target name        accession   tlen query name           accession   qlen   E-value  score  bias   #  of  c-Evalue  i-Evalue  score  bias  from    to  from    to  from    to  acc description of target
#------------------- ---------- ----- -------------------- ---------- ----- --------- ------ ----- --- --- --------- --------- ------ ----- ----- ----- ----- ----- ----- ----- ---- ---------------------
9220:4444-5490       -            349 24998at4891          -            204   3.1e-48  161.6  31.5   1   4   6.5e-32   2.5e-29   99.9   3.1     4    63    17    76    14    82 0.92 -
9220:4444-5490       -            349 24998at4891          -            204   3.1e-48  161.6  31.5   2   4   6.9e-17   2.6e-14   50.9   2.6    57   127    88   173    84   213 0.60 -
9220:4444-5490       -            349 24998at4891          -            204   3.1e-48  161.6  31.5   3   4   7.1e-07   0.00027   18.2   9.3   151   196   279   324   216   333 0.68 -
9220:4444-5490       -            349 24998at4891          -            204   3.1e-48  161.6  31.5   4   4      0.99   3.8e+02   -1.9   0.0   183   203   325   345   322   346 0.75 -
8820:1144-1986       -            281 24998at4891          -            204   3.8e-07   27.5   6.8   1   2      0.42   1.6e+02   -0.7   0.2    92   129    11    48     5   106 0.62 -
8820:1144-1986       -            281 24998at4891          -            204   3.8e-07   27.5   6.8   2   2     1e-09   3.8e-07   27.5   6.8     5    60   219   273   214   280 0.82 -
8134:1841-2419       -            193 24998at4891          -            204   2.1e-06   25.1   5.1   1   2     0.057        22    2.1   0.5    86   132    52    97    43   125 0.59 -
8134:1841-2419       -            193 24998at4891          -            204   2.1e-06   25.1   5.1   2   2   5.5e-09   2.1e-06   25.1   5.1     4    44   141   183   138   193 0.82 -
9616:696-1685        -            330 24998at4891          -            204   1.3e-05   22.5   5.3   1   2      0.13        50    1.0   0.5    88   133    43    88    26   154 0.68 -
9616:696-1685        -            330 24998at4891          -            204   1.3e-05   22.5   5.3   2   2   3.4e-08   1.3e-05   22.5   5.3     6    58   278   329   273   330 0.85 -
8738:4601-6784       -            728 24998at4891          -            204    0.0016   15.7   3.4   1   1     1e-05     0.004   14.4   3.4     6    38   234   266   230   285 0.84 -
8702:4636-6543       -            636 24998at4891          -            204     0.002   15.4  18.5   1   3   0.00019     0.072   10.2   3.2    18    62   229   273   215   320 0.73 -
8702:4636-6543       -            636 24998at4891          -            204     0.002   15.4  18.5   2   3   4.2e-05     0.016   12.4   4.6    15    72   390   443   385   535 0.86 -
8702:4636-6543       -            636 24998at4891          -            204     0.002   15.4  18.5   3   3      0.71   2.7e+02   -1.4   0.1    95   148   526   579   504   591 0.70 -
9486:1734-2405       -            224 24998at4891          -            204      0.14    9.4   8.6   1   2     0.026        10    3.2   1.9    90   159    22    91    14   112 0.74 -
9486:1734-2405       -            224 24998at4891          -            204      0.14    9.4   8.6   2   2   0.00018     0.069   10.3   0.6    95   141   141   187   128   219 0.82 -
#
# Program:         hmmsearch
# Version:         3.1b2 (February 2015)
# Pipeline mode:   SEARCH
# Query file:      /home/jj/Desktop/Bioinformatics/3rd_year/1term/Computational_genomics/Seminars/exercise_04/busco_downloads/lineages/saccharomycetes_odb10/hmms/24998at4891.hmm
# Target file:     /home/jj/Desktop/Bioinformatics/3rd_year/1term/Computational_genomics/Seminars/exercise_04/./busco/SRR6130428/SRR6130428_k63_contigs/run_saccharomycetes_odb10/metaeuk_output/initial_results/SRR6130428_k63_graph.contig.fa.modified.fas
# Option settings: hmmsearch --domtblout /home/jj/Desktop/Bioinformatics/3rd_year/1term/Computational_genomics/Seminars/exercise_04/./busco/SRR6130428/SRR6130428_k63_contigs/run_saccharomycetes_odb10/hmmer_output/initial_run_results/24998at4891.out --cpu 1 /home/jj/Desktop/Bioinformatics/3rd_year/1term/Computational_genomics/Seminars/exercise_04/busco_downloads/lineages/saccharomycetes_odb10/hmms/24998at4891.hmm /home/jj/Desktop/Bioinformatics/3rd_year/1term/Computational_genomics/Seminars/exercise_04/./busco/SRR6130428/SRR6130428_k63_contigs/run_saccharomycetes_odb10/metaeuk_output/initial_results/SRR6130428_k63_graph.contig.fa.modified.fas 
# Current dir:     /home/jj/Desktop/Bioinformatics/3rd_year/1term/Computational_genomics/Seminars/exercise_04
# Date:            Tue Nov  5 18:38:09 2024
# [ok]
