#                                                                            --- full sequence --- -------------- this domain -------------   hmm coord   ali coord   env coord
# target name        accession   tlen query name           accession   qlen   E-value  score  bias   #  of  c-Evalue  i-Evalue  score  bias  from    to  from    to  from    to  acc description of target
#------------------- ---------- ----- -------------------- ---------- ----- --------- ------ ----- --- --- --------- --------- ------ ----- ----- ----- ----- ----- ----- ----- ---- ---------------------
7968:95-2848         -            918 2515at4891           -            635  4.7e-215  713.2  16.0   1   3    4e-205  3.6e-202  670.6  11.9     1   567     5   725     5   732 0.83 -
7968:95-2848         -            918 2515at4891           -            635  4.7e-215  713.2  16.0   2   3   6.6e-12   5.9e-09   32.3   0.0   567   616   753   811   749   820 0.82 -
7968:95-2848         -            918 2515at4891           -            635  4.7e-215  713.2  16.0   3   3     0.043        38   -0.1   0.0   620   635   841   856   835   856 0.91 -
9440:5422-8004       -            861 2515at4891           -            635   2.6e-15   53.3   7.5   1   5      0.16   1.4e+02   -2.0   0.1   158   174   179   195   135   296 0.58 -
9440:5422-8004       -            861 2515at4891           -            635   2.6e-15   53.3   7.5   2   5     9e-18     8e-15   51.7   0.0   271   373   336   442   320   447 0.88 -
9440:5422-8004       -            861 2515at4891           -            635   2.6e-15   53.3   7.5   3   5     0.059        52   -0.6   0.0   193   225   450   482   443   511 0.71 -
9440:5422-8004       -            861 2515at4891           -            635   2.6e-15   53.3   7.5   4   5    0.0097       8.6    2.0   0.2   102   245   541   689   512   701 0.72 -
9440:5422-8004       -            861 2515at4891           -            635   2.6e-15   53.3   7.5   5   5      0.03        27    0.4   0.0   451   533   685   768   665   813 0.58 -
9664:14395-17661     -           1089 2515at4891           -            635   2.4e-08   30.3   6.3   1   2   2.3e-10     2e-07   27.2   1.0   175   411   241   486   214   488 0.70 -
9664:14395-17661     -           1089 2515at4891           -            635   2.4e-08   30.3   6.3   2   2   0.00013      0.12    8.2   0.9   115   209   447   546   425   606 0.60 -
#
# Program:         hmmsearch
# Version:         3.1b2 (February 2015)
# Pipeline mode:   SEARCH
# Query file:      /home/jj/Desktop/Bioinformatics/3rd_year/1term/Computational_genomics/Seminars/exercise_04/busco_downloads/lineages/saccharomycetes_odb10/hmms/2515at4891.hmm
# Target file:     /home/jj/Desktop/Bioinformatics/3rd_year/1term/Computational_genomics/Seminars/exercise_04/./busco/SRR6130428/SRR6130428_k63_contigs/run_saccharomycetes_odb10/metaeuk_output/initial_results/SRR6130428_k63_graph.contig.fa.modified.fas
# Option settings: hmmsearch --domtblout /home/jj/Desktop/Bioinformatics/3rd_year/1term/Computational_genomics/Seminars/exercise_04/./busco/SRR6130428/SRR6130428_k63_contigs/run_saccharomycetes_odb10/hmmer_output/initial_run_results/2515at4891.out --cpu 1 /home/jj/Desktop/Bioinformatics/3rd_year/1term/Computational_genomics/Seminars/exercise_04/busco_downloads/lineages/saccharomycetes_odb10/hmms/2515at4891.hmm /home/jj/Desktop/Bioinformatics/3rd_year/1term/Computational_genomics/Seminars/exercise_04/./busco/SRR6130428/SRR6130428_k63_contigs/run_saccharomycetes_odb10/metaeuk_output/initial_results/SRR6130428_k63_graph.contig.fa.modified.fas 
# Current dir:     /home/jj/Desktop/Bioinformatics/3rd_year/1term/Computational_genomics/Seminars/exercise_04
# Date:            Tue Nov  5 18:38:10 2024
# [ok]
