#                                                                            --- full sequence --- -------------- this domain -------------   hmm coord   ali coord   env coord
# target name        accession   tlen query name           accession   qlen   E-value  score  bias   #  of  c-Evalue  i-Evalue  score  bias  from    to  from    to  from    to  acc description of target
#------------------- ---------- ----- -------------------- ---------- ----- --------- ------ ----- --- --- --------- --------- ------ ----- ----- ----- ----- ----- ----- ----- ---- ---------------------
9164:3744-4982       -            413 25313at4891          -            265   8.3e-94  311.4   4.4   1   2   3.2e-95   2.9e-92  306.3   3.5    15   257    75   368    61   372 0.83 -
9164:3744-4982       -            413 25313at4891          -            265   8.3e-94  311.4   4.4   2   2       0.3   2.7e+02   -1.7   0.0   253   265   389   401   385   401 0.84 -
9670:3186-4154       -            323 25313at4891          -            265   9.2e-42  140.8   0.0   1   2    0.0035       3.2    4.6   0.0    78   163     4    95     2   102 0.66 -
9670:3186-4154       -            323 25313at4891          -            265   9.2e-42  140.8   0.0   2   2   2.7e-43   2.4e-40  136.1   0.0    67   265    92   311    62   311 0.83 -
9218:12888-13946     -            353 25313at4891          -            265   1.1e-18   65.1   2.1   1   3      0.54   4.8e+02   -2.6   0.0   208   225   109   126   106   131 0.82 -
9218:12888-13946     -            353 25313at4891          -            265   1.1e-18   65.1   2.1   2   3     9e-11     8e-08   29.5   0.1   126   182   179   240   137   247 0.73 -
9218:12888-13946     -            353 25313at4891          -            265   1.1e-18   65.1   2.1   3   3   2.9e-12   2.6e-09   34.4   0.2   180   252   259   339   247   343 0.80 -
#
# Program:         hmmsearch
# Version:         3.1b2 (February 2015)
# Pipeline mode:   SEARCH
# Query file:      /home/jj/Desktop/Bioinformatics/3rd_year/1term/Computational_genomics/Seminars/exercise_04/busco_downloads/lineages/saccharomycetes_odb10/hmms/25313at4891.hmm
# Target file:     /home/jj/Desktop/Bioinformatics/3rd_year/1term/Computational_genomics/Seminars/exercise_04/./busco/SRR6130428/SRR6130428_k63_contigs/run_saccharomycetes_odb10/metaeuk_output/initial_results/SRR6130428_k63_graph.contig.fa.modified.fas
# Option settings: hmmsearch --domtblout /home/jj/Desktop/Bioinformatics/3rd_year/1term/Computational_genomics/Seminars/exercise_04/./busco/SRR6130428/SRR6130428_k63_contigs/run_saccharomycetes_odb10/hmmer_output/initial_run_results/25313at4891.out --cpu 1 /home/jj/Desktop/Bioinformatics/3rd_year/1term/Computational_genomics/Seminars/exercise_04/busco_downloads/lineages/saccharomycetes_odb10/hmms/25313at4891.hmm /home/jj/Desktop/Bioinformatics/3rd_year/1term/Computational_genomics/Seminars/exercise_04/./busco/SRR6130428/SRR6130428_k63_contigs/run_saccharomycetes_odb10/metaeuk_output/initial_results/SRR6130428_k63_graph.contig.fa.modified.fas 
# Current dir:     /home/jj/Desktop/Bioinformatics/3rd_year/1term/Computational_genomics/Seminars/exercise_04
# Date:            Tue Nov  5 18:38:11 2024
# [ok]
