#                                                                            --- full sequence --- -------------- this domain -------------   hmm coord   ali coord   env coord
# target name        accession   tlen query name           accession   qlen   E-value  score  bias   #  of  c-Evalue  i-Evalue  score  bias  from    to  from    to  from    to  acc description of target
#------------------- ---------- ----- -------------------- ---------- ----- --------- ------ ----- --- --- --------- --------- ------ ----- ----- ----- ----- ----- ----- ----- ---- ---------------------
9628:10256-11016     -            215 25386at4891          -            170   9.8e-90  296.4   7.1   1   3   3.3e-44   1.5e-41  139.6   0.7     1    82     1    86     1    93 0.95 -
9628:10256-11016     -            215 25386at4891          -            170   9.8e-90  296.4   7.1   2   3   2.3e-34     1e-31  107.6   0.3    75   143    95   165    88   171 0.91 -
9628:10256-11016     -            215 25386at4891          -            170   9.8e-90  296.4   7.1   3   3   2.3e-17     1e-14   52.3   0.0   133   170   172   210   166   210 0.92 -
9672:1740-2522       -            261 25386at4891          -            170   7.7e-15   52.7   3.5   1   1   9.5e-16   4.2e-13   47.0   3.5    16   130    26   162    16   192 0.79 -
9142:11137-11997     -            287 25386at4891          -            170   6.8e-12   43.1   3.0   1   3     0.014       6.3    4.2   0.0    68    97     2    31     1    43 0.89 -
9142:11137-11997     -            287 25386at4891          -            170   6.8e-12   43.1   3.0   2   3   6.7e-07    0.0003   18.3   0.0    15    68    71   128    64   135 0.83 -
9142:11137-11997     -            287 25386at4891          -            170   6.8e-12   43.1   3.0   3   3   4.8e-07   0.00021   18.7   1.0    74   146   151   222   138   259 0.87 -
8866:440-1219        -            260 25386at4891          -            170   6.4e-05   20.4   0.1   1   1   2.8e-07   0.00012   19.5   0.1    16    88    31   105    24   119 0.85 -
8720:3962-4684       -            241 25386at4891          -            170    0.0029   15.0   0.1   1   2     0.024        11    3.4   0.0    19    72    28    85    14   105 0.72 -
8720:3962-4684       -            241 25386at4891          -            170    0.0029   15.0   0.1   2   2   0.00031      0.14    9.6   0.0    94   154   126   188   101   204 0.76 -
9554:3099-3896       -            266 25386at4891          -            170    0.0044   14.5   0.2   1   2   0.00011      0.05   11.0   0.1    17    44    39    66    32   114 0.74 -
9554:3099-3896       -            266 25386at4891          -            170    0.0044   14.5   0.2   2   2      0.12        54    1.1   0.0    81   108   129   159   114   183 0.70 -
#
# Program:         hmmsearch
# Version:         3.1b2 (February 2015)
# Pipeline mode:   SEARCH
# Query file:      /home/jj/Desktop/Bioinformatics/3rd_year/1term/Computational_genomics/Seminars/exercise_04/busco_downloads/lineages/saccharomycetes_odb10/hmms/25386at4891.hmm
# Target file:     /home/jj/Desktop/Bioinformatics/3rd_year/1term/Computational_genomics/Seminars/exercise_04/./busco/SRR6130428/SRR6130428_k63_contigs/run_saccharomycetes_odb10/metaeuk_output/initial_results/SRR6130428_k63_graph.contig.fa.modified.fas
# Option settings: hmmsearch --domtblout /home/jj/Desktop/Bioinformatics/3rd_year/1term/Computational_genomics/Seminars/exercise_04/./busco/SRR6130428/SRR6130428_k63_contigs/run_saccharomycetes_odb10/hmmer_output/initial_run_results/25386at4891.out --cpu 1 /home/jj/Desktop/Bioinformatics/3rd_year/1term/Computational_genomics/Seminars/exercise_04/busco_downloads/lineages/saccharomycetes_odb10/hmms/25386at4891.hmm /home/jj/Desktop/Bioinformatics/3rd_year/1term/Computational_genomics/Seminars/exercise_04/./busco/SRR6130428/SRR6130428_k63_contigs/run_saccharomycetes_odb10/metaeuk_output/initial_results/SRR6130428_k63_graph.contig.fa.modified.fas 
# Current dir:     /home/jj/Desktop/Bioinformatics/3rd_year/1term/Computational_genomics/Seminars/exercise_04
# Date:            Tue Nov  5 18:38:11 2024
# [ok]
