#                                                                            --- full sequence --- -------------- this domain -------------   hmm coord   ali coord   env coord
# target name        accession   tlen query name           accession   qlen   E-value  score  bias   #  of  c-Evalue  i-Evalue  score  bias  from    to  from    to  from    to  acc description of target
#------------------- ---------- ----- -------------------- ---------- ----- --------- ------ ----- --- --- --------- --------- ------ ----- ----- ----- ----- ----- ----- ----- ---- ---------------------
9698:26128-29043     -            972 2543at4891           -            558  6.3e-114  378.8  40.6   1   7   1.6e-14   4.4e-11   39.3   0.1     2    41     5    50     4    62 0.86 -
9698:26128-29043     -            972 2543at4891           -            558  6.3e-114  378.8  40.6   2   7   1.1e-05     0.028   10.2   0.0    33    65    96   136    87   161 0.78 -
9698:26128-29043     -            972 2543at4891           -            558  6.3e-114  378.8  40.6   3   7   1.2e-33   3.2e-30  102.5   1.3    69   178   183   318   174   327 0.80 -
9698:26128-29043     -            972 2543at4891           -            558  6.3e-114  378.8  40.6   4   7   8.2e-09   2.2e-05   20.5   0.3   211   270   432   494   411   536 0.76 -
9698:26128-29043     -            972 2543at4891           -            558  6.3e-114  378.8  40.6   5   7   7.2e-33   1.9e-29   99.9   1.2   275   382   546   665   544   674 0.90 -
9698:26128-29043     -            972 2543at4891           -            558  6.3e-114  378.8  40.6   6   7   1.8e-32   4.9e-29   98.5   1.7   382   519   689   862   684   864 0.79 -
9698:26128-29043     -            972 2543at4891           -            558  6.3e-114  378.8  40.6   7   7   4.4e-10   1.2e-06   24.7   3.2   487   558   881   968   875   968 0.74 -
#
# Program:         hmmsearch
# Version:         3.1b2 (February 2015)
# Pipeline mode:   SEARCH
# Query file:      /home/jj/Desktop/Bioinformatics/3rd_year/1term/Computational_genomics/Seminars/exercise_04/busco_downloads/lineages/saccharomycetes_odb10/hmms/2543at4891.hmm
# Target file:     /home/jj/Desktop/Bioinformatics/3rd_year/1term/Computational_genomics/Seminars/exercise_04/./busco/SRR6130428/SRR6130428_k63_contigs/run_saccharomycetes_odb10/metaeuk_output/initial_results/SRR6130428_k63_graph.contig.fa.modified.fas
# Option settings: hmmsearch --domtblout /home/jj/Desktop/Bioinformatics/3rd_year/1term/Computational_genomics/Seminars/exercise_04/./busco/SRR6130428/SRR6130428_k63_contigs/run_saccharomycetes_odb10/hmmer_output/initial_run_results/2543at4891.out --cpu 1 /home/jj/Desktop/Bioinformatics/3rd_year/1term/Computational_genomics/Seminars/exercise_04/busco_downloads/lineages/saccharomycetes_odb10/hmms/2543at4891.hmm /home/jj/Desktop/Bioinformatics/3rd_year/1term/Computational_genomics/Seminars/exercise_04/./busco/SRR6130428/SRR6130428_k63_contigs/run_saccharomycetes_odb10/metaeuk_output/initial_results/SRR6130428_k63_graph.contig.fa.modified.fas 
# Current dir:     /home/jj/Desktop/Bioinformatics/3rd_year/1term/Computational_genomics/Seminars/exercise_04
# Date:            Tue Nov  5 18:38:12 2024
# [ok]
