#                                                                            --- full sequence --- -------------- this domain -------------   hmm coord   ali coord   env coord
# target name        accession   tlen query name           accession   qlen   E-value  score  bias   #  of  c-Evalue  i-Evalue  score  bias  from    to  from    to  from    to  acc description of target
#------------------- ---------- ----- -------------------- ---------- ----- --------- ------ ----- --- --- --------- --------- ------ ----- ----- ----- ----- ----- ----- ----- ---- ---------------------
9624:472-5133        -           1554 2549at4891           -            978         0 1505.5  56.0   1   8  1.1e-151  1.5e-149  496.5   2.9     6   268    32   312    17   331 0.92 -
9624:472-5133        -           1554 2549at4891           -            978         0 1505.5  56.0   2   8   8.2e-62   1.2e-59  199.0   0.7   259   366   332   440   328   459 0.94 -
9624:472-5133        -           1554 2549at4891           -            978         0 1505.5  56.0   3   8   2.3e-70   3.2e-68  227.3   3.1   352   481   515   644   487   654 0.91 -
9624:472-5133        -           1554 2549at4891           -            978         0 1505.5  56.0   4   8   3.3e-17   4.6e-15   51.4   0.1   480   534   708   767   687   780 0.87 -
9624:472-5133        -           1554 2549at4891           -            978         0 1505.5  56.0   5   8   1.4e-05     0.002   12.8   0.0   527   556   784   813   768   827 0.82 -
9624:472-5133        -           1554 2549at4891           -            978         0 1505.5  56.0   6   8   3.2e-19   4.5e-17   58.0   2.1   551   642   883  1002   834  1063 0.74 -
9624:472-5133        -           1554 2549at4891           -            978         0 1505.5  56.0   7   8  2.8e-130  3.9e-128  425.6   2.4   650   917  1138  1434  1130  1447 0.92 -
9624:472-5133        -           1554 2549at4891           -            978         0 1505.5  56.0   8   8   1.1e-18   1.5e-16   56.3   2.5   909   978  1456  1549  1444  1549 0.75 -
9618:271-3099        -            943 2549at4891           -            978   7.5e-08   27.5   2.4   1   3   2.7e-06   0.00038   15.2   0.5   820   920    94   196    82   225 0.79 -
9618:271-3099        -            943 2549at4891           -            978   7.5e-08   27.5   2.4   2   3   7.3e-05      0.01   10.5   0.0   818   919   404   506   392   532 0.82 -
9618:271-3099        -            943 2549at4891           -            978   7.5e-08   27.5   2.4   3   3       1.3   1.9e+02   -3.6   0.0   923   959   589   626   579   652 0.54 -
9674:12257-13606     -            450 2549at4891           -            978   9.4e-06   20.6   1.0   1   1   1.3e-07   1.8e-05   19.6   1.0   716   884   121   286   113   330 0.82 -
9724:2093-15713      -            205 2549at4891           -            978   1.8e-05   19.6   0.7   1   2     0.065       9.2    0.7   0.0   901   939     1    39     1    59 0.76 -
9724:2093-15713      -            205 2549at4891           -            978   1.8e-05   19.6   0.7   2   2   5.9e-06   0.00083   14.1   0.2   772   916    65   201    63   204 0.71 -
9658:5110-5880       -            257 2549at4891           -            978   1.8e-05   19.6   0.1   1   2    0.0023      0.32    5.6   0.1   855   916    40   102    15   150 0.57 -
9658:5110-5880       -            257 2549at4891           -            978   1.8e-05   19.6   0.1   2   2   2.3e-05    0.0033   12.1   0.0   821   875   200   254   167   257 0.86 -
8436:656-1654        -            333 2549at4891           -            978   2.1e-05   19.4   2.3   1   2   3.1e-05    0.0043   11.7   0.4   816   919    15   128     4   156 0.67 -
8436:656-1654        -            333 2549at4891           -            978   2.1e-05   19.4   2.3   2   2   0.00065     0.092    7.3   0.1   857   919   232   295   189   327 0.75 -
9636:17731-18642     -            304 2549at4891           -            978   2.2e-05   19.3   0.3   1   2     4e-07   5.6e-05   18.0   0.1   791   916    16   147     4   208 0.68 -
9636:17731-18642     -            304 2549at4891           -            978   2.2e-05   19.3   0.3   2   2      0.29        41   -1.4   0.0   901   919   266   284   261   286 0.84 -
8240:671-1900        -            410 2549at4891           -            978   2.7e-05   19.0   0.0   1   2   9.8e-07   0.00014   16.7   0.0   759   917   121   279    96   307 0.79 -
8240:671-1900        -            410 2549at4891           -            978   2.7e-05   19.0   0.0   2   2      0.12        17   -0.2   0.0   721   775   344   401   340   407 0.68 -
9460:7157-8695       -            513 2549at4891           -            978   4.5e-05   18.3   0.1   1   2   1.5e-05    0.0021   12.8   0.0   768   877    92   201    78   218 0.78 -
9460:7157-8695       -            513 2549at4891           -            978   4.5e-05   18.3   0.1   2   2     0.014         2    2.9   0.1   735   793   230   296   215   309 0.77 -
8822:7585-8277       -            231 2549at4891           -            978   5.4e-05   18.0   1.5   1   2   8.1e-07   0.00011   17.0   0.5   817   914    10   110     6   114 0.80 -
8822:7585-8277       -            231 2549at4891           -            978   5.4e-05   18.0   1.5   2   2   1.2e-05    0.0017   13.1   0.9   818   916    53   161    51   167 0.79 -
9508:19799-20617     -            273 2549at4891           -            978   0.00011   17.0   1.2   1   2   8.1e-05     0.011   10.3   0.5   821   917    40   136    22   163 0.61 -
9508:19799-20617     -            273 2549at4891           -            978   0.00011   17.0   1.2   2   2    0.0041      0.58    4.7   0.0   818   874   208   263   191   269 0.75 -
9522:17732-18610     -            293 2549at4891           -            978   0.00014   16.6   0.1   1   2     0.013       1.8    3.0   0.0   888   918    17    47    13    98 0.82 -
9522:17732-18610     -            293 2549at4891           -            978   0.00014   16.6   0.1   2   2   0.00011     0.015   10.0   0.1   860   924   154   217   143   243 0.73 -
9534:20058-21434     -            459 2549at4891           -            978   0.00044   15.0   1.0   1   2     0.072        10    0.6   0.1   897   915   114   132   107   137 0.90 -
9534:20058-21434     -            459 2549at4891           -            978   0.00044   15.0   1.0   2   2   1.5e-05    0.0021   12.8   0.1   826   918   310   408   293   434 0.76 -
9542:4562-5380       -            273 2549at4891           -            978   0.00061   14.6   0.1   1   3    0.0022      0.31    5.6   0.0   901   930    72   102    49   127 0.79 -
9542:4562-5380       -            273 2549at4891           -            978   0.00061   14.6   0.1   2   3    0.0018      0.25    5.9   0.0   900   926   167   193   121   212 0.82 -
9542:4562-5380       -            273 2549at4891           -            978   0.00061   14.6   0.1   3   3       0.4        57   -1.9   0.0   903   919   215   231   210   265 0.80 -
9312:6422-7318       -            299 2549at4891           -            978   0.00078   14.2   0.0   1   1   7.1e-06     0.001   13.9   0.0   814   914    90   202    75   256 0.63 -
9564:19094-20626     -            511 2549at4891           -            978    0.0011   13.8   0.7   1   1   1.8e-05    0.0025   12.5   0.3   783   918   299   450   282   472 0.60 -
8542:260-1981        -            574 2549at4891           -            978    0.0014   13.4   0.5   1   2   6.2e-05    0.0087   10.7   0.1   771   920   301   411   273   435 0.56 -
8542:260-1981        -            574 2549at4891           -            978    0.0014   13.4   0.5   2   2     0.076        11    0.5   0.0   816   841   489   514   483   525 0.82 -
9602:2166-4220       -            685 2549at4891           -            978     0.019    9.6   0.2   1   2    0.0012      0.17    6.5   0.0   728   786    56   114    47   124 0.84 -
9602:2166-4220       -            685 2549at4891           -            978     0.019    9.6   0.2   2   2     0.057       8.1    0.9   0.0   778   795   270   287   255   348 0.65 -
9656:28053-28895     -            281 2549at4891           -            978     0.038    8.6   1.0   1   1   0.00037     0.053    8.1   1.0   817   917    35   137     7   153 0.78 -
#
# Program:         hmmsearch
# Version:         3.1b2 (February 2015)
# Pipeline mode:   SEARCH
# Query file:      /home/jj/Desktop/Bioinformatics/3rd_year/1term/Computational_genomics/Seminars/exercise_04/busco_downloads/lineages/saccharomycetes_odb10/hmms/2549at4891.hmm
# Target file:     /home/jj/Desktop/Bioinformatics/3rd_year/1term/Computational_genomics/Seminars/exercise_04/./busco/SRR6130428/SRR6130428_k63_contigs/run_saccharomycetes_odb10/metaeuk_output/initial_results/SRR6130428_k63_graph.contig.fa.modified.fas
# Option settings: hmmsearch --domtblout /home/jj/Desktop/Bioinformatics/3rd_year/1term/Computational_genomics/Seminars/exercise_04/./busco/SRR6130428/SRR6130428_k63_contigs/run_saccharomycetes_odb10/hmmer_output/initial_run_results/2549at4891.out --cpu 1 /home/jj/Desktop/Bioinformatics/3rd_year/1term/Computational_genomics/Seminars/exercise_04/busco_downloads/lineages/saccharomycetes_odb10/hmms/2549at4891.hmm /home/jj/Desktop/Bioinformatics/3rd_year/1term/Computational_genomics/Seminars/exercise_04/./busco/SRR6130428/SRR6130428_k63_contigs/run_saccharomycetes_odb10/metaeuk_output/initial_results/SRR6130428_k63_graph.contig.fa.modified.fas 
# Current dir:     /home/jj/Desktop/Bioinformatics/3rd_year/1term/Computational_genomics/Seminars/exercise_04
# Date:            Tue Nov  5 18:38:12 2024
# [ok]
