#                                                                            --- full sequence --- -------------- this domain -------------   hmm coord   ali coord   env coord
# target name        accession   tlen query name           accession   qlen   E-value  score  bias   #  of  c-Evalue  i-Evalue  score  bias  from    to  from    to  from    to  acc description of target
#------------------- ---------- ----- -------------------- ---------- ----- --------- ------ ----- --- --- --------- --------- ------ ----- ----- ----- ----- ----- ----- ----- ---- ---------------------
9290:7708-8595       -            296 25506at4891          -            186   2.3e-54  181.7   9.1   1   2   1.1e-54   2.1e-52  175.3  11.0     2   176    18   206    17   207 0.89 -
9290:7708-8595       -            296 25506at4891          -            186   2.3e-54  181.7   9.1   2   2      0.01       1.9    5.9   0.0   135   181   184   236   179   241 0.73 -
8680:2870-4096       -            409 25506at4891          -            186   4.5e-12   43.8   0.0   1   1   3.5e-14   6.7e-12   43.2   0.0    21    84     2    73     1    78 0.84 -
9058:8024-9145       -            374 25506at4891          -            186   4.2e-11   40.6   0.4   1   1   3.8e-13   7.3e-11   39.9   0.4    24    80    19    84    12    91 0.81 -
9636:16177-17232     -            352 25506at4891          -            186   1.3e-10   39.0   0.0   1   1     1e-12     2e-10   38.5   0.0    21    80     2    67     1    77 0.85 -
8648:1955-3250       -            432 25506at4891          -            186   3.5e-10   37.6   0.8   1   1   2.9e-12   5.5e-10   37.0   0.8    21    80     2    70     1    73 0.82 -
7512:175-1587        -            471 25506at4891          -            186   3.9e-10   37.5   0.7   1   1   3.7e-12     7e-10   36.7   0.7    26    80    25    87    15    93 0.84 -
9644:24016-24285     -             90 25506at4891          -            186   6.8e-10   36.7   0.1   1   1   3.8e-12   7.2e-10   36.6   0.1    26    81     1    65     1    83 0.86 -
7894:871-1212        -            114 25506at4891          -            186   5.5e-08   30.5   0.0   1   1     4e-10   7.7e-08   30.0   0.0    26    82     1    66     1    85 0.84 -
9698:13545-15308     -            588 25506at4891          -            186     6e-08   30.4   0.2   1   1     1e-09     2e-07   28.7   0.2    24    76     3    62     1   172 0.78 -
9538:21867-23141     -            425 25506at4891          -            186   6.1e-08   30.3   0.1   1   1   6.9e-10   1.3e-07   29.2   0.1    26    81     1    68     1    78 0.82 -
9592:13659-15494     -            612 25506at4891          -            186   2.8e-07   28.2   1.8   1   2       7.2   1.4e+03   -3.4   0.3    79    99   446   466   435   478 0.62 -
9592:13659-15494     -            612 25506at4891          -            186   2.8e-07   28.2   1.8   2   2   1.5e-09   2.8e-07   28.2   1.8    23    61   511   549   507   581 0.91 -
9660:23823-25799     -            659 25506at4891          -            186   4.3e-07   27.6   0.2   1   1   2.3e-09   4.3e-07   27.6   0.2    20    59   120   159   115   201 0.87 -
8892:3884-4375       -            164 25506at4891          -            186   3.4e-06   24.6   1.4   1   1   3.1e-08     6e-06   23.8   1.4    24    61     3    40     1    84 0.80 -
9092:10045-11343     -            433 25506at4891          -            186   7.3e-05   20.3   0.3   1   2   1.3e-06   0.00025   18.6   0.0    22    58    94   133    82   140 0.86 -
9092:10045-11343     -            433 25506at4891          -            186   7.3e-05   20.3   0.3   2   2       8.8   1.7e+03   -3.7   0.1    76    96   181   200   160   203 0.66 -
#
# Program:         hmmsearch
# Version:         3.1b2 (February 2015)
# Pipeline mode:   SEARCH
# Query file:      /home/jj/Desktop/Bioinformatics/3rd_year/1term/Computational_genomics/Seminars/exercise_04/busco_downloads/lineages/saccharomycetes_odb10/hmms/25506at4891.hmm
# Target file:     /home/jj/Desktop/Bioinformatics/3rd_year/1term/Computational_genomics/Seminars/exercise_04/./busco/SRR6130428/SRR6130428_k63_contigs/run_saccharomycetes_odb10/metaeuk_output/initial_results/SRR6130428_k63_graph.contig.fa.modified.fas
# Option settings: hmmsearch --domtblout /home/jj/Desktop/Bioinformatics/3rd_year/1term/Computational_genomics/Seminars/exercise_04/./busco/SRR6130428/SRR6130428_k63_contigs/run_saccharomycetes_odb10/hmmer_output/initial_run_results/25506at4891.out --cpu 1 /home/jj/Desktop/Bioinformatics/3rd_year/1term/Computational_genomics/Seminars/exercise_04/busco_downloads/lineages/saccharomycetes_odb10/hmms/25506at4891.hmm /home/jj/Desktop/Bioinformatics/3rd_year/1term/Computational_genomics/Seminars/exercise_04/./busco/SRR6130428/SRR6130428_k63_contigs/run_saccharomycetes_odb10/metaeuk_output/initial_results/SRR6130428_k63_graph.contig.fa.modified.fas 
# Current dir:     /home/jj/Desktop/Bioinformatics/3rd_year/1term/Computational_genomics/Seminars/exercise_04
# Date:            Tue Nov  5 18:38:12 2024
# [ok]
