#                                                                            --- full sequence --- -------------- this domain -------------   hmm coord   ali coord   env coord
# target name        accession   tlen query name           accession   qlen   E-value  score  bias   #  of  c-Evalue  i-Evalue  score  bias  from    to  from    to  from    to  acc description of target
#------------------- ---------- ----- -------------------- ---------- ----- --------- ------ ----- --- --- --------- --------- ------ ----- ----- ----- ----- ----- ----- ----- ---- ---------------------
9248:1987-5412       -           1142 2568at4891           -            679  3.5e-269  892.2  39.1   1   7  3.9e-172  1.8e-170  566.0   5.8     2   327     5   370     4   375 0.92 -
9248:1987-5412       -           1142 2568at4891           -            679  3.5e-269  892.2  39.1   2   7   1.3e-37   6.1e-36  121.4   0.2   322   441   392   540   372   547 0.83 -
9248:1987-5412       -           1142 2568at4891           -            679  3.5e-269  892.2  39.1   3   7   2.3e-11   1.1e-09   34.6   0.0   439   490   607   658   567   671 0.89 -
9248:1987-5412       -           1142 2568at4891           -            679  3.5e-269  892.2  39.1   4   7       5.9   2.7e+02   -3.1   0.0   467   486   718   737   717   741 0.85 -
9248:1987-5412       -           1142 2568at4891           -            679  3.5e-269  892.2  39.1   5   7   3.2e-35   1.5e-33  113.5   0.2   482   597   756   878   744   911 0.88 -
9248:1987-5412       -           1142 2568at4891           -            679  3.5e-269  892.2  39.1   6   7   1.1e-08   5.1e-07   25.8   0.0   600   646  1011  1057  1001  1080 0.83 -
9248:1987-5412       -           1142 2568at4891           -            679  3.5e-269  892.2  39.1   7   7   4.5e-15   2.1e-13   46.9   7.8   616   678  1069  1138  1064  1139 0.84 -
8436:656-1654        -            333 2568at4891           -            679   9.5e-25   84.4   8.0   1   3   1.5e-10   7.2e-09   31.9   0.9    86   201    30   147     7   162 0.66 -
8436:656-1654        -            333 2568at4891           -            679   9.5e-25   84.4   8.0   2   3   1.2e-09   5.7e-08   28.9   0.0   159   219   187   250   162   258 0.86 -
8436:656-1654        -            333 2568at4891           -            679   9.5e-25   84.4   8.0   3   3   1.8e-08   8.2e-07   25.1   0.1   144   217   257   332   251   333 0.89 -
9618:271-3099        -            943 2568at4891           -            679   8.5e-24   81.2  10.5   1   6     4e-12   1.9e-10   37.1   0.0   116   223    89   196    83   203 0.89 -
9618:271-3099        -            943 2568at4891           -            679   8.5e-24   81.2  10.5   2   6      0.49        23    0.5   0.0   190   222   202   235   197   292 0.79 -
9618:271-3099        -            943 2568at4891           -            679   8.5e-24   81.2  10.5   3   6     0.005      0.23    7.1   0.0   186   251   385   453   370   462 0.81 -
9618:271-3099        -            943 2568at4891           -            679   8.5e-24   81.2  10.5   4   6     4e-05    0.0018   14.0   0.0   184   224   464   508   445   524 0.77 -
9618:271-3099        -            943 2568at4891           -            679   8.5e-24   81.2  10.5   5   6     0.014      0.65    5.6   0.1   186   218   567   602   536   606 0.74 -
9618:271-3099        -            943 2568at4891           -            679   8.5e-24   81.2  10.5   6   6   2.6e-06   0.00012   17.9   0.6    99   182   609   690   605   704 0.85 -
9636:17731-18642     -            304 2568at4891           -            679     2e-23   80.0  16.4   1   4   5.9e-11   2.7e-09   33.3   0.2   152   220    33   107     5   121 0.81 -
9636:17731-18642     -            304 2568at4891           -            679     2e-23   80.0  16.4   2   4   6.2e-14   2.8e-12   43.1   0.2   116   222    43   150    30   164 0.85 -
9636:17731-18642     -            304 2568at4891           -            679     2e-23   80.0  16.4   3   4   1.5e-07   6.9e-06   22.0   0.6   103   221   115   240   112   244 0.78 -
9636:17731-18642     -            304 2568at4891           -            679     2e-23   80.0  16.4   4   4   0.00011    0.0049   12.6   0.4    97   155   243   299   239   303 0.80 -
9508:19799-20617     -            273 2568at4891           -            679   1.1e-17   61.0   5.6   1   4     3e-07   1.4e-05   21.0   0.0   168   220     3    55     1    61 0.89 -
9508:19799-20617     -            273 2568at4891           -            679   1.1e-17   61.0   5.6   2   4   2.6e-05    0.0012   14.6   0.0   186   226    60   101    55   103 0.86 -
9508:19799-20617     -            273 2568at4891           -            679   1.1e-17   61.0   5.6   3   4   0.00064      0.03   10.0   0.1   187   223   100   139    97   156 0.75 -
9508:19799-20617     -            273 2568at4891           -            679   1.1e-17   61.0   5.6   4   4   7.4e-06   0.00034   16.4   0.1   163   221   208   266   202   272 0.80 -
9676:28964-31411     -            816 2568at4891           -            679   4.2e-17   59.1   2.4   1   5       1.4        66   -1.0   0.0   148   275    15   149     2   160 0.60 -
9676:28964-31411     -            816 2568at4891           -            679   4.2e-17   59.1   2.4   2   5   5.8e-05    0.0027   13.5   0.0   163   275   161   287   112   323 0.71 -
9676:28964-31411     -            816 2568at4891           -            679   4.2e-17   59.1   2.4   3   5      0.28        13    1.3   0.1   187   223   382   422   374   442 0.77 -
9676:28964-31411     -            816 2568at4891           -            679   4.2e-17   59.1   2.4   4   5     0.093       4.3    2.9   0.1    75   140   402   473   396   486 0.73 -
9676:28964-31411     -            816 2568at4891           -            679   4.2e-17   59.1   2.4   5   5   1.4e-12   6.2e-11   38.7   0.6    98   220   484   606   478   616 0.88 -
9494:18928-19965     -            346 2568at4891           -            679   1.2e-16   57.6   0.0   1   2     2e-11   9.3e-10   34.8   0.0   150   245    11   109     2   132 0.89 -
9494:18928-19965     -            346 2568at4891           -            679   1.2e-16   57.6   0.0   2   2   3.4e-07   1.6e-05   20.8   0.0   150   259   154   266   130   281 0.82 -
9542:4562-5380       -            273 2568at4891           -            679   1.9e-16   56.9   9.7   1   3   9.8e-05    0.0045   12.7   0.8   150   199    57   114    44   115 0.75 -
9542:4562-5380       -            273 2568at4891           -            679   1.9e-16   56.9   9.7   2   3   7.9e-16   3.7e-14   49.4   0.2   106   223   108   232   101   239 0.82 -
9542:4562-5380       -            273 2568at4891           -            679   1.9e-16   56.9   9.7   3   3      0.17       7.8    2.0   0.7   104   133   239   268   230   271 0.66 -
9120:7323-8150       -            276 2568at4891           -            679   3.5e-16   56.1   1.1   1   3    0.0065       0.3    6.7   0.0   231   272    71   113    56   143 0.63 -
9120:7323-8150       -            276 2568at4891           -            679   3.5e-16   56.1   1.1   2   3      0.75        35   -0.1   0.0   202   219   125   142   104   157 0.66 -
9120:7323-8150       -            276 2568at4891           -            679   3.5e-16   56.1   1.1   3   3   3.8e-15   1.7e-13   47.2   1.0   103   218   157   276   129   276 0.88 -
8494:4772-5887       -            372 2568at4891           -            679   4.3e-16   55.8   0.9   1   3   3.7e-06   0.00017   17.4   0.1   156   229    67   145    59   165 0.80 -
8494:4772-5887       -            372 2568at4891           -            679   4.3e-16   55.8   0.9   2   3   1.4e-09   6.4e-08   28.8   0.0    65   141   179   256   174   265 0.88 -
8494:4772-5887       -            372 2568at4891           -            679   4.3e-16   55.8   0.9   3   3    0.0066       0.3    6.7   0.1    94   137   272   316   267   347 0.77 -
9068:1225-2790       -            522 2568at4891           -            679   6.3e-16   55.2   3.4   1   3       6.5     3e+02   -3.2   0.1   163   219   153   206   147   214 0.57 -
9068:1225-2790       -            522 2568at4891           -            679   6.3e-16   55.2   3.4   2   3   1.3e-07   5.8e-06   22.3   0.2   108   183   246   322   237   347 0.78 -
9068:1225-2790       -            522 2568at4891           -            679   6.3e-16   55.2   3.4   3   3     1e-10   4.8e-09   32.5   0.0   161   223   361   429   354   512 0.82 -
8822:7585-8277       -            231 2568at4891           -            679   6.3e-16   55.2   0.0   1   3   1.9e-08   8.8e-07   25.0   0.0   165   221    14    72     3    91 0.79 -
8822:7585-8277       -            231 2568at4891           -            679   6.3e-16   55.2   0.0   2   3   8.6e-06    0.0004   16.2   0.0   162   223    95   165    74   173 0.76 -
8822:7585-8277       -            231 2568at4891           -            679   6.3e-16   55.2   0.0   3   3   0.00031     0.014   11.1   0.0   156   195   192   230   168   231 0.88 -
9564:19094-20626     -            511 2568at4891           -            679   7.2e-16   55.0   6.8   1   2   2.7e-16   1.2e-14   51.0   1.6   105   222   321   451   314   458 0.86 -
9564:19094-20626     -            511 2568at4891           -            679   7.2e-16   55.0   6.8   2   2   1.8e-05   0.00085   15.1   0.3   103   138   415   450   400   509 0.62 -
9680:19363-20697     -            445 2568at4891           -            679   8.4e-16   54.8   3.8   1   2   4.6e-17   2.1e-15   53.5   2.0    47   229   121   300   118   312 0.87 -
9680:19363-20697     -            445 2568at4891           -            679   8.4e-16   54.8   3.8   2   2       0.3        14    1.2   0.0   101   220   298   424   290   430 0.41 -
9522:17732-18610     -            293 2568at4891           -            679   2.3e-15   53.4   0.1   1   3    0.0045      0.21    7.2   0.0   188   221    10    47     3    56 0.65 -
9522:17732-18610     -            293 2568at4891           -            679   2.3e-15   53.4   0.1   2   3     0.003      0.14    7.8   0.0   185   220    69   105    63   126 0.85 -
9522:17732-18610     -            293 2568at4891           -            679   2.3e-15   53.4   0.1   3   3   2.7e-11   1.3e-09   34.4   0.0   120   220   153   249   147   256 0.63 -
9346:13077-16673     -           1199 2568at4891           -            679   3.1e-15   52.9   3.0   1   3   2.4e-07   1.1e-05   21.3   0.0   152   222    14    86     2    99 0.82 -
9346:13077-16673     -           1199 2568at4891           -            679   3.1e-15   52.9   3.0   2   3   1.9e-05   0.00087   15.1   0.8   156   219   102   167    84   175 0.73 -
9346:13077-16673     -           1199 2568at4891           -            679   3.1e-15   52.9   3.0   3   3   3.2e-05    0.0015   14.3   0.2    98   193   202   296   194   335 0.65 -
8478:1944-3398       -            485 2568at4891           -            679   5.8e-15   52.0   8.2   1   4     0.048       2.2    3.8   0.0   202   223    81   102    51   120 0.63 -
8478:1944-3398       -            485 2568at4891           -            679   5.8e-15   52.0   8.2   2   4     0.036       1.7    4.2   0.1   202   220   134   152   122   161 0.82 -
8478:1944-3398       -            485 2568at4891           -            679   5.8e-15   52.0   8.2   3   4   2.4e-13   1.1e-11   41.2   1.6    77   226   194   342   185   348 0.78 -
8478:1944-3398       -            485 2568at4891           -            679   5.8e-15   52.0   8.2   4   4     0.037       1.7    4.2   0.1   153   182   352   379   336   402 0.66 -
9126:8755-11505      -            917 2568at4891           -            679   6.6e-15   51.8   5.3   1   4   7.7e-05    0.0035   13.1   0.3   104   231    54   188    36   196 0.75 -
9126:8755-11505      -            917 2568at4891           -            679   6.6e-15   51.8   5.3   2   4   4.4e-05     0.002   13.9   0.5   153   223   150   225   139   227 0.82 -
9126:8755-11505      -            917 2568at4891           -            679   6.6e-15   51.8   5.3   3   4   0.00096     0.044    9.5   0.0   165   220   319   376   302   382 0.80 -
9126:8755-11505      -            917 2568at4891           -            679   6.6e-15   51.8   5.3   4   4   3.9e-09   1.8e-07   27.3   0.0   102   274   384   561   379   588 0.77 -
9360:6122-9931       -           1270 2568at4891           -            679   8.1e-15   51.6   4.7   1   2   2.6e-05    0.0012   14.6   0.2   139   181    98   141    44   147 0.81 -
9360:6122-9931       -           1270 2568at4891           -            679   8.1e-15   51.6   4.7   2   2   2.3e-12   1.1e-10   37.9   0.9   113   223   168   292   161   300 0.79 -
9670:4414-5802       -            463 2568at4891           -            679   9.9e-15   51.3   0.3   1   3    0.0011     0.052    9.2   0.0   181   221   205   250   175   254 0.77 -
9670:4414-5802       -            463 2568at4891           -            679   9.9e-15   51.3   0.3   2   3   6.8e-07   3.2e-05   19.9   0.0   101   202   260   358   258   360 0.89 -
9670:4414-5802       -            463 2568at4891           -            679   9.9e-15   51.3   0.3   3   3     1e-08   4.8e-07   25.9   0.1    85   216   331   463   331   463 0.84 -
9674:12257-13606     -            450 2568at4891           -            679   7.1e-14   48.4   8.8   1   2   3.5e-11   1.6e-09   34.0   7.2    64   239    82   256    60   256 0.80 -
9674:12257-13606     -            450 2568at4891           -            679   7.1e-14   48.4   8.8   2   2   7.7e-06   0.00036   16.4   0.0    97   217   239   363   233   371 0.81 -
9724:2093-15713      -            205 2568at4891           -            679   3.2e-13   46.3   0.4   1   3      0.12       5.6    2.5   0.0   204   230     1    28     1    40 0.80 -
9724:2093-15713      -            205 2568at4891           -            679   3.2e-13   46.3   0.4   2   3     1e-08   4.7e-07   25.9   0.0   167   220    68   121    59   136 0.84 -
9724:2093-15713      -            205 2568at4891           -            679   3.2e-13   46.3   0.4   3   3   1.4e-08   6.5e-07   25.4   0.2    96   217    83   199    76   203 0.78 -
9456:1145-2410       -            422 2568at4891           -            679   6.6e-13   45.2   1.2   1   4    0.0018     0.081    8.6   0.1   181   219    81   122    41   133 0.65 -
9456:1145-2410       -            422 2568at4891           -            679   6.6e-13   45.2   1.2   2   4   3.7e-07   1.7e-05   20.7   1.1    98   221    85   212    67   216 0.77 -
9456:1145-2410       -            422 2568at4891           -            679   6.6e-13   45.2   1.2   3   4   1.9e-09   8.6e-08   28.3   0.1    83   224   157   305   143   316 0.76 -
9456:1145-2410       -            422 2568at4891           -            679   6.6e-13   45.2   1.2   4   4     0.018      0.81    5.3   0.0   170   217   370   419   332   421 0.80 -
9712:30400-31623     -            408 2568at4891           -            679   7.5e-13   45.0   0.5   1   3   0.00023     0.011   11.5   0.0   183   222    37    77    30    84 0.90 -
9712:30400-31623     -            408 2568at4891           -            679   7.5e-13   45.0   0.5   2   3   1.1e-07   5.1e-06   22.5   0.4   153   222   105   176    89   235 0.76 -
9712:30400-31623     -            408 2568at4891           -            679   7.5e-13   45.0   0.5   3   3    0.0038      0.17    7.5   0.0   181   225   283   332   278   342 0.51 -
9128:10043-12433     -            797 2568at4891           -            679   9.9e-13   44.7   0.2   1   3   8.5e-07   3.9e-05   19.5   0.0   173   273   505   612   494   613 0.77 -
9128:10043-12433     -            797 2568at4891           -            679   9.9e-13   44.7   0.2   2   3   0.00018    0.0083   11.9   0.0   166   223   584   643   580   666 0.85 -
9128:10043-12433     -            797 2568at4891           -            679   9.9e-13   44.7   0.2   3   3   1.9e-05   0.00087   15.1   0.0   167   222   669   727   660   732 0.83 -
9534:20058-21434     -            459 2568at4891           -            679   2.6e-12   43.3   2.5   1   3   0.00051     0.024   10.4   0.0   162   221   116   175   106   183 0.86 -
9534:20058-21434     -            459 2568at4891           -            679   2.6e-12   43.3   2.5   2   3    0.0039      0.18    7.4   0.0   184   226   200   244   191   247 0.82 -
9534:20058-21434     -            459 2568at4891           -            679   2.6e-12   43.3   2.5   3   3   8.8e-08   4.1e-06   22.8   0.2    99   227   281   415   257   426 0.77 -
9460:7157-8695       -            513 2568at4891           -            679   1.2e-11   41.1   0.0   1   3     0.089       4.1    3.0   0.1   103   157    37    89    28   129 0.58 -
9460:7157-8695       -            513 2568at4891           -            679   1.2e-11   41.1   0.0   2   3   2.5e-10   1.2e-08   31.2   0.0   112   225   131   246   122   256 0.86 -
9460:7157-8695       -            513 2568at4891           -            679   1.2e-11   41.1   0.0   3   3     1e-05   0.00047   16.0   0.0   111   219   174   287   166   298 0.77 -
9078:8616-9581       -            322 2568at4891           -            679   1.4e-11   40.9   9.3   1   3      0.11       5.2    2.6   0.0   186   221     5    41     2    50 0.80 -
9078:8616-9581       -            322 2568at4891           -            679   1.4e-11   40.9   9.3   2   3     0.039       1.8    4.1   0.1   103   136    53    85    47    94 0.82 -
9078:8616-9581       -            322 2568at4891           -            679   1.4e-11   40.9   9.3   3   3   1.6e-11   7.5e-10   35.1   3.4   103   219   102   226    95   235 0.79 -
8240:671-1900        -            410 2568at4891           -            679   1.4e-11   40.8   0.1   1   2     4e-09   1.9e-07   27.2   0.0   139   222   107   194   100   202 0.81 -
8240:671-1900        -            410 2568at4891           -            679   1.4e-11   40.8   0.1   2   2    0.0002    0.0091   11.7   0.1    64   221   206   370   198   410 0.69 -
9658:6665-7375       -            237 2568at4891           -            679   1.7e-11   40.5   2.3   1   2   1.9e-08   8.6e-07   25.0   0.1   116   223    47   159    30   165 0.83 -
9658:6665-7375       -            237 2568at4891           -            679   1.7e-11   40.5   2.3   2   2   1.1e-07   5.1e-06   22.5   0.2   102   216   119   237   116   237 0.82 -
9716:9893-12037      -            715 2568at4891           -            679   6.2e-11   38.7   1.1   1   3      0.41        19    0.7   0.0   188   223     9    46     4    53 0.69 -
9716:9893-12037      -            715 2568at4891           -            679   6.2e-11   38.7   1.1   2   3   4.6e-08   2.1e-06   23.7   0.1   181   274    88   183    84   190 0.89 -
9716:9893-12037      -            715 2568at4891           -            679   6.2e-11   38.7   1.1   3   3   0.00033     0.015   11.0   0.0   162   244   191   276   187   297 0.75 -
9046:295-1389        -            365 2568at4891           -            679   9.5e-11   38.1   0.3   1   2   1.3e-11   5.9e-10   35.5   0.9   107   274    38   208    20   215 0.83 -
9046:295-1389        -            365 2568at4891           -            679   9.5e-11   38.1   0.3   2   2       1.1        52   -0.7   0.0   195   222   272   302   265   317 0.79 -
9354:16449-16934     -            162 2568at4891           -            679   1.1e-10   37.9   0.2   1   1   2.7e-12   1.2e-10   37.7   0.2    99   239    12   159     2   162 0.82 -
8974:7891-10245      -            785 2568at4891           -            679   6.9e-10   35.3   8.9   1   5   1.1e-05    0.0005   15.9   0.1   153   222    18    92    13   100 0.78 -
8974:7891-10245      -            785 2568at4891           -            679   6.9e-10   35.3   8.9   2   5   1.1e-08     5e-07   25.8   0.1   130   305    38   236    36   250 0.77 -
8974:7891-10245      -            785 2568at4891           -            679   6.9e-10   35.3   8.9   3   5       1.5        67   -1.1   0.1   100   134   276   309   269   315 0.69 -
8974:7891-10245      -            785 2568at4891           -            679   6.9e-10   35.3   8.9   4   5       1.8        82   -1.3   0.0   103   127   383   406   357   434 0.70 -
8974:7891-10245      -            785 2568at4891           -            679   6.9e-10   35.3   8.9   5   5   0.00052     0.024   10.3   0.3   153   230   610   696   558   707 0.77 -
9602:2166-4220       -            685 2568at4891           -            679   1.7e-09   34.0   0.0   1   1   6.1e-11   2.8e-09   33.2   0.0   111   222     3   118     2   133 0.89 -
9312:6422-7318       -            299 2568at4891           -            679   1.9e-09   33.8   0.0   1   2   2.2e-08     1e-06   24.8   0.0    85   220    22   155    11   166 0.82 -
9312:6422-7318       -            299 2568at4891           -            679   1.9e-09   33.8   0.0   2   2     3e-05    0.0014   14.4   0.0   104   183   122   208   121   262 0.81 -
9676:9212-10057      -            282 2568at4891           -            679   2.6e-09   33.3   4.1   1   3     0.006      0.28    6.8   0.0   200   234    13    51     7    54 0.79 -
9676:9212-10057      -            282 2568at4891           -            679   2.6e-09   33.3   4.1   2   3   4.7e-07   2.2e-05   20.4   0.3   114   226    56   188    41   192 0.73 -
9676:9212-10057      -            282 2568at4891           -            679   2.6e-09   33.3   4.1   3   3     0.012      0.55    5.8   0.8    87   177   178   275   177   280 0.75 -
9660:3304-3999       -            232 2568at4891           -            679   3.4e-09   33.0   5.7   1   3    0.0021     0.097    8.3   0.0   150   202     2    54     1    81 0.79 -
9660:3304-3999       -            232 2568at4891           -            679   3.4e-09   33.0   5.7   2   3   1.1e-09     5e-08   29.1   3.1   101   240    40   194    40   198 0.73 -
9660:3304-3999       -            232 2568at4891           -            679   3.4e-09   33.0   5.7   3   3       1.6        76   -1.2   0.1   204   217   219   232   214   232 0.86 -
9390:13413-15017     -            535 2568at4891           -            679   6.1e-09   32.1   0.2   1   2      0.11       4.9    2.7   0.1   148   181   260   293   203   315 0.59 -
9390:13413-15017     -            535 2568at4891           -            679   6.1e-09   32.1   0.2   2   2   3.9e-09   1.8e-07   27.3   0.0   140   263   350   477   323   492 0.84 -
9460:9231-11075      -            615 2568at4891           -            679   7.5e-09   31.8   0.5   1   2   3.8e-05    0.0018   14.1   0.0   117   222   263   368   194   376 0.80 -
9460:9231-11075      -            615 2568at4891           -            679   7.5e-09   31.8   0.5   2   2   1.9e-05   0.00089   15.1   0.1   128   218   510   612   492   615 0.70 -
8542:260-1981        -            574 2568at4891           -            679     4e-08   29.4   2.9   1   2     0.003      0.14    7.8   0.9    93   140   274   321   267   333 0.80 -
8542:260-1981        -            574 2568at4891           -            679     4e-08   29.4   2.9   2   2   6.2e-09   2.8e-07   26.6   0.5    79   232   305   474   304   533 0.67 -
9578:20150-24055     -           1302 2568at4891           -            679   2.5e-07   26.8   0.2   1   3   5.3e-09   2.5e-07   26.8   0.2    63   200   177   342   168   377 0.66 -
9578:20150-24055     -           1302 2568at4891           -            679   2.5e-07   26.8   0.2   2   3       3.5   1.6e+02   -2.3   0.3   522   563   814   855   758   862 0.74 -
9578:20150-24055     -           1302 2568at4891           -            679   2.5e-07   26.8   0.2   3   3      0.21       9.7    1.7   1.7   636   674  1255  1300  1223  1302 0.78 -
9658:5110-5880       -            257 2568at4891           -            679   2.5e-07   26.8   0.0   1   1     1e-08   4.8e-07   25.9   0.0   152   220    75   145    58   153 0.86 -
9726:3865-6666       -            934 2568at4891           -            679   2.8e-07   26.7   0.0   1   2   0.00083     0.038    9.7   0.0   128   223   433   531   419   549 0.80 -
9726:3865-6666       -            934 2568at4891           -            679   2.8e-07   26.7   0.0   2   2     4e-08   1.9e-06   23.9   0.0    97   262   489   654   447   670 0.76 -
8402:4018-5292       -            425 2568at4891           -            679   2.9e-07   26.6   0.5   1   2   7.5e-07   3.5e-05   19.7   0.0    65   145    31   111     3   159 0.69 -
8402:4018-5292       -            425 2568at4891           -            679   2.9e-07   26.6   0.5   2   2     0.019      0.88    5.2   0.3   158   217   276   341   205   355 0.66 -
9656:28053-28895     -            281 2568at4891           -            679   4.4e-07   26.0   1.0   1   2     0.056       2.6    3.6   0.1   127   222     1    96     1   101 0.74 -
9656:28053-28895     -            281 2568at4891           -            679   4.4e-07   26.0   1.0   2   2   1.9e-08   8.9e-07   25.0   0.1   120   220    77   182    73   213 0.83 -
9464:9138-11090      -            651 2568at4891           -            679   5.4e-07   25.7   0.0   1   2     0.068       3.2    3.3   0.1   102   137    78   113    69   122 0.76 -
9464:9138-11090      -            651 2568at4891           -            679   5.4e-07   25.7   0.0   2   2   5.5e-07   2.5e-05   20.2   0.0   100   232   135   272   129   323 0.75 -
9330:5451-8486       -           1012 2568at4891           -            679   6.8e-07   25.4   8.0   1   3   2.6e-06   0.00012   18.0   0.8   128   223   159   255   145   268 0.78 -
9330:5451-8486       -           1012 2568at4891           -            679   6.8e-07   25.4   8.0   2   3    0.0011     0.053    9.2   0.5   111   223   670   801   652   808 0.66 -
9330:5451-8486       -           1012 2568at4891           -            679   6.8e-07   25.4   8.0   3   3       1.5        70   -1.1   0.0   201   221   948   968   933   976 0.78 -
7530:231-1394        -            388 2568at4891           -            679   1.9e-06   23.9   2.4   1   3   9.4e-06   0.00043   16.1   0.2   168   223   122   182    39   193 0.65 -
7530:231-1394        -            388 2568at4891           -            679   1.9e-06   23.9   2.4   2   3   1.3e-05   0.00062   15.6   0.1    97   148   139   192   124   233 0.59 -
7530:231-1394        -            388 2568at4891           -            679   1.9e-06   23.9   2.4   3   3      0.12       5.7    2.5   0.0   111   220   297   323   278   333 0.62 -
8886:5013-7346       -            778 2568at4891           -            679   6.9e-06   22.0   0.0   1   2      0.64        29    0.1   0.0   189   219   405   438   392   449 0.76 -
8886:5013-7346       -            778 2568at4891           -            679   6.9e-06   22.0   0.0   2   2     1e-06   4.8e-05   19.3   0.1   107   217   612   722   593   732 0.80 -
9222:5484-7061       -            526 2568at4891           -            679   4.3e-05   19.4   2.9   1   3      0.15       7.1    2.2   0.1   193   227    85   124    76   129 0.72 -
9222:5484-7061       -            526 2568at4891           -            679   4.3e-05   19.4   2.9   2   3      0.35        16    1.0   0.1   189   220   181   214   165   227 0.79 -
9222:5484-7061       -            526 2568at4891           -            679   4.3e-05   19.4   2.9   3   3   2.4e-05    0.0011   14.8   0.1   103   193   231   335   209   342 0.73 -
9112:7248-8249       -            334 2568at4891           -            679   5.9e-05   19.0   0.2   1   3       7.3   3.4e+02   -3.4   0.0   205   219    12    26     7    36 0.71 -
9112:7248-8249       -            334 2568at4891           -            679   5.9e-05   19.0   0.2   2   3   5.8e-05    0.0027   13.5   0.0   183   230    92   143    79   186 0.86 -
9112:7248-8249       -            334 2568at4891           -            679   5.9e-05   19.0   0.2   3   3     0.087         4    3.0   0.0   197   228   260   291   232   328 0.81 -
9560:19431-20225     -            265 2568at4891           -            679     0.001   14.9   0.1   1   3    0.0049      0.23    7.1   0.1   204   232    18    47     1    52 0.70 -
9560:19431-20225     -            265 2568at4891           -            679     0.001   14.9   0.1   2   3     0.045       2.1    3.9   0.0   112   145   101   134    89   166 0.81 -
9560:19431-20225     -            265 2568at4891           -            679     0.001   14.9   0.1   3   3       3.3   1.5e+02   -2.3   0.0   103   133   164   193   149   198 0.72 -
9712:23882-24859     -            326 2568at4891           -            679    0.0016   14.2   0.0   1   1   5.2e-05    0.0024   13.6   0.0   108   226    27   147    22   154 0.80 -
9362:15282-16085     -            268 2568at4891           -            679    0.0025   13.6   0.2   1   2     0.079       3.6    3.1   0.1   109   190    51   136    24   155 0.74 -
9362:15282-16085     -            268 2568at4891           -            679    0.0025   13.6   0.2   2   2    0.0017     0.076    8.7   0.0   168   226   163   225   147   256 0.71 -
9656:5267-6307       -            347 2568at4891           -            679    0.0086   11.8   4.1   1   2   0.00055     0.025   10.3   0.7   155   220    15    88     6    94 0.73 -
9656:5267-6307       -            347 2568at4891           -            679    0.0086   11.8   4.1   2   2      0.14       6.6    2.3   0.1   185   221   297   336   172   345 0.66 -
9396:13167-14828     -            554 2568at4891           -            679      0.01   11.5   0.1   1   2    0.0012     0.054    9.2   0.0   164   218   111   168    98   177 0.80 -
9396:13167-14828     -            554 2568at4891           -            679      0.01   11.5   0.1   2   2      0.86        40   -0.3   0.0   100   134   184   225   169   239 0.56 -
7600:86-1888         -            601 2568at4891           -            679     0.037    9.7   0.0   1   2       9.7   4.5e+02   -3.8   0.0   156   181   314   339   303   352 0.64 -
7600:86-1888         -            601 2568at4891           -            679     0.037    9.7   0.0   2   2    0.0017     0.077    8.7   0.0   117   220   428   538   423   568 0.75 -
#
# Program:         hmmsearch
# Version:         3.1b2 (February 2015)
# Pipeline mode:   SEARCH
# Query file:      /home/jj/Desktop/Bioinformatics/3rd_year/1term/Computational_genomics/Seminars/exercise_04/busco_downloads/lineages/saccharomycetes_odb10/hmms/2568at4891.hmm
# Target file:     /home/jj/Desktop/Bioinformatics/3rd_year/1term/Computational_genomics/Seminars/exercise_04/./busco/SRR6130428/SRR6130428_k63_contigs/run_saccharomycetes_odb10/metaeuk_output/initial_results/SRR6130428_k63_graph.contig.fa.modified.fas
# Option settings: hmmsearch --domtblout /home/jj/Desktop/Bioinformatics/3rd_year/1term/Computational_genomics/Seminars/exercise_04/./busco/SRR6130428/SRR6130428_k63_contigs/run_saccharomycetes_odb10/hmmer_output/initial_run_results/2568at4891.out --cpu 1 /home/jj/Desktop/Bioinformatics/3rd_year/1term/Computational_genomics/Seminars/exercise_04/busco_downloads/lineages/saccharomycetes_odb10/hmms/2568at4891.hmm /home/jj/Desktop/Bioinformatics/3rd_year/1term/Computational_genomics/Seminars/exercise_04/./busco/SRR6130428/SRR6130428_k63_contigs/run_saccharomycetes_odb10/metaeuk_output/initial_results/SRR6130428_k63_graph.contig.fa.modified.fas 
# Current dir:     /home/jj/Desktop/Bioinformatics/3rd_year/1term/Computational_genomics/Seminars/exercise_04
# Date:            Tue Nov  5 18:38:13 2024
# [ok]
