#                                                                            --- full sequence --- -------------- this domain -------------   hmm coord   ali coord   env coord
# target name        accession   tlen query name           accession   qlen   E-value  score  bias   #  of  c-Evalue  i-Evalue  score  bias  from    to  from    to  from    to  acc description of target
#------------------- ---------- ----- -------------------- ---------- ----- --------- ------ ----- --- --- --------- --------- ------ ----- ----- ----- ----- ----- ----- ----- ---- ---------------------
9652:7994-8617       -            208 25808at4891          -            167   7.5e-89  293.2   8.4   1   2   5.8e-79   4.7e-77  254.8   0.7     1   132     4   143     4   152 0.92 -
9652:7994-8617       -            208 25808at4891          -            167   7.5e-89  293.2   8.4   2   2     1e-13   8.3e-12   42.5   1.6   126   167   154   202   150   202 0.87 -
9406:6563-7207       -            215 25808at4891          -            167   1.1e-32  110.5   3.2   1   1   8.9e-34   7.3e-32  107.8   3.2     4   123    19   140    16   194 0.76 -
9638:11299-12714     -            279 25808at4891          -            167   1.3e-32  110.3   1.7   1   1   7.7e-33   6.2e-31  104.7   1.7     6   128    75   200    70   255 0.79 -
7992:884-1501        -            206 25808at4891          -            167   4.6e-32  108.4   5.0   1   1   3.9e-32   3.2e-30  102.4   5.0     5   158     8   180     4   189 0.75 -
8968:6712-7380       -            223 25808at4891          -            167   5.5e-30  101.7   0.8   1   1     6e-31   4.9e-29   98.6   0.8     5   152    13   178    10   190 0.77 -
8856:4098-4763       -            222 25808at4891          -            167   4.6e-29   98.7   0.9   1   1   6.4e-30   5.2e-28   95.2   0.9     5   139    13   148    10   186 0.74 -
8012:204-749         -            182 25808at4891          -            167   2.5e-28   96.3   0.1   1   1     2e-28   1.6e-26   90.4   0.1     6   122     7   125     3   182 0.79 -
9570:23807-24448     -            214 25808at4891          -            167   3.8e-28   95.7   0.7   1   2   1.4e-28   1.1e-26   90.9   0.3     7   135     2   141     1   166 0.80 -
9570:23807-24448     -            214 25808at4891          -            167   3.8e-28   95.7   0.7   2   2       1.8   1.5e+02   -0.6   0.0   128   155   170   197   156   207 0.78 -
9686:29089-29574     -            162 25808at4891          -            167   2.8e-27   92.9   0.1   1   2   1.1e-28     9e-27   91.2   0.0     7   137     1   133     1   141 0.86 -
9686:29089-29574     -            162 25808at4891          -            167   2.8e-27   92.9   0.1   2   2       1.8   1.4e+02   -0.5   0.0   125   143   143   161   135   162 0.83 -
9394:464-982         -            173 25808at4891          -            167   1.2e-25   87.6   0.2   1   1   3.7e-27     3e-25   86.3   0.2     6   132     8   135     4   172 0.84 -
8032:1817-2311       -            165 25808at4891          -            167   3.1e-25   86.2   0.1   1   1   9.1e-27   7.4e-25   85.0   0.1     7   132     1   127     1   164 0.84 -
8740:325-852         -            176 25808at4891          -            167   1.3e-23   81.0   0.9   1   1   5.1e-24   4.2e-22   76.0   0.9     6   146    11   169     5   174 0.82 -
9714:14124-14693     -            190 25808at4891          -            167   1.2e-22   77.8   0.7   1   1   1.2e-23   9.4e-22   74.9   0.7     7   120     1   121     1   135 0.85 -
9616:2514-3011       -            166 25808at4891          -            167   1.8e-22   77.2   0.6   1   1   1.3e-22     1e-20   71.5   0.6     7   147     2   160     1   164 0.84 -
8996:8645-9337       -            231 25808at4891          -            167   7.2e-19   65.5   0.2   1   2   8.9e-19   7.2e-17   59.0   0.1     7   135    18   147    12   169 0.80 -
8996:8645-9337       -            231 25808at4891          -            167   7.2e-19   65.5   0.2   2   2     0.047       3.8    4.6   0.0   125   150   187   212   178   217 0.90 -
9686:22344-22916     -            191 25808at4891          -            167   9.9e-19   65.1   0.0   1   2   5.1e-19   4.1e-17   59.8   0.0     6   144     8   146     3   151 0.85 -
9686:22344-22916     -            191 25808at4891          -            167   9.9e-19   65.1   0.0   2   2      0.11       9.3    3.3   0.0   123   154   152   183   149   191 0.85 -
9176:12388-12873     -            162 25808at4891          -            167     3e-16   57.0   0.1   1   2   7.8e-18   6.3e-16   55.9   0.0     7   125     2   122     1   138 0.87 -
9176:12388-12873     -            162 25808at4891          -            167     3e-16   57.0   0.1   2   2       7.8   6.4e+02   -2.6   0.0   127   145   141   159   136   161 0.77 -
9646:6177-6674       -            166 25808at4891          -            167   1.1e-15   55.2   0.0   1   1   1.7e-17   1.4e-15   54.8   0.0     7   122     1   118     1   165 0.76 -
9396:17173-17850     -            226 25808at4891          -            167   5.2e-15   52.9   0.0   1   2   1.5e-06   0.00012   19.2   0.0     6    44     4    42     1    47 0.90 -
9396:17173-17850     -            226 25808at4891          -            167   5.2e-15   52.9   0.0   2   2   2.7e-10   2.2e-08   31.4   0.0    45   141    78   184    70   197 0.78 -
9160:12117-12692     -            192 25808at4891          -            167   8.6e-15   52.2   0.0   1   2   2.8e-16   2.3e-14   50.9   0.0     7   128     6   129     2   141 0.87 -
9160:12117-12692     -            192 25808at4891          -            167   8.6e-15   52.2   0.0   2   2       4.7   3.8e+02   -1.9   0.0   124   144   153   173   140   180 0.72 -
9674:32427-32993     -            189 25808at4891          -            167   2.2e-14   50.9   0.4   1   1   3.5e-16   2.9e-14   50.6   0.4    35   127    24   124    16   155 0.81 -
8556:666-1238        -            191 25808at4891          -            167     1e-13   48.7   0.0   1   1   1.9e-15   1.5e-13   48.2   0.0     5   128     3   127     1   142 0.84 -
9600:12589-13188     -            200 25808at4891          -            167   3.2e-13   47.1   0.2   1   1   6.6e-15   5.4e-13   46.4   0.2     6    95     7   102     2   172 0.83 -
9342:4433-4966       -            178 25808at4891          -            167   3.4e-13   47.0   0.0   1   2   2.7e-14   2.2e-12   44.4   0.0     7   127     5   126     2   141 0.86 -
9342:4433-4966       -            178 25808at4891          -            167   3.4e-13   47.0   0.0   2   2      0.83        68    0.5   0.0   126   149   154   177   143   178 0.87 -
9450:10864-12849     -            662 25808at4891          -            167   1.7e-09   35.0   0.5   1   3   0.00063     0.051   10.7   0.0     3    29     3    29     1    38 0.84 -
9450:10864-12849     -            662 25808at4891          -            167   1.7e-09   35.0   0.5   2   3      0.33        27    1.8   0.1   118   146   153   181   102   193 0.72 -
9450:10864-12849     -            662 25808at4891          -            167   1.7e-09   35.0   0.5   3   3   4.2e-06   0.00034   17.8   0.0     3   126   446   570   444   580 0.79 -
9360:15235-15768     -            178 25808at4891          -            167   3.4e-08   30.8   0.0   1   1   5.8e-10   4.7e-08   30.3   0.0     6   126    18   136    15   147 0.78 -
8432:4086-4625       -            180 25808at4891          -            167   5.4e-08   30.1   0.0   1   1   9.1e-10   7.4e-08   29.7   0.0     6   125    18   135    15   147 0.77 -
9260:2621-3145       -            175 25808at4891          -            167   1.6e-07   28.6   0.0   1   1   2.5e-09   2.1e-07   28.2   0.0     6   130    18   140    15   165 0.83 -
9434:16912-17505     -            198 25808at4891          -            167   2.3e-07   28.1   0.0   1   1   3.6e-09   2.9e-07   27.7   0.0     2   125    14   142    13   170 0.80 -
8780:4884-5432       -            183 25808at4891          -            167   4.4e-07   27.2   0.0   1   1   6.7e-09   5.5e-07   26.9   0.0     6   130    19   141    15   171 0.75 -
9548:20672-21019     -            116 25808at4891          -            167   2.3e-06   24.9   0.3   1   2   2.5e-07     2e-05   21.8   0.1    50   126     3    80     1    90 0.83 -
9548:20672-21019     -            116 25808at4891          -            167   2.3e-06   24.9   0.3   2   2      0.44        35    1.5   0.0   126   141   101   116    97   116 0.87 -
9494:6635-7150       -            172 25808at4891          -            167   2.4e-05   21.5   0.0   1   1   3.6e-07   2.9e-05   21.3   0.0     7   126     5   128     1   137 0.83 -
9334:13206-13745     -            180 25808at4891          -            167   3.2e-05   21.1   0.0   1   1   5.7e-07   4.6e-05   20.6   0.0     7   123    15   129    11   145 0.86 -
#
# Program:         hmmsearch
# Version:         3.1b2 (February 2015)
# Pipeline mode:   SEARCH
# Query file:      /home/jj/Desktop/Bioinformatics/3rd_year/1term/Computational_genomics/Seminars/exercise_04/busco_downloads/lineages/saccharomycetes_odb10/hmms/25808at4891.hmm
# Target file:     /home/jj/Desktop/Bioinformatics/3rd_year/1term/Computational_genomics/Seminars/exercise_04/./busco/SRR6130428/SRR6130428_k63_contigs/run_saccharomycetes_odb10/metaeuk_output/initial_results/SRR6130428_k63_graph.contig.fa.modified.fas
# Option settings: hmmsearch --domtblout /home/jj/Desktop/Bioinformatics/3rd_year/1term/Computational_genomics/Seminars/exercise_04/./busco/SRR6130428/SRR6130428_k63_contigs/run_saccharomycetes_odb10/hmmer_output/initial_run_results/25808at4891.out --cpu 1 /home/jj/Desktop/Bioinformatics/3rd_year/1term/Computational_genomics/Seminars/exercise_04/busco_downloads/lineages/saccharomycetes_odb10/hmms/25808at4891.hmm /home/jj/Desktop/Bioinformatics/3rd_year/1term/Computational_genomics/Seminars/exercise_04/./busco/SRR6130428/SRR6130428_k63_contigs/run_saccharomycetes_odb10/metaeuk_output/initial_results/SRR6130428_k63_graph.contig.fa.modified.fas 
# Current dir:     /home/jj/Desktop/Bioinformatics/3rd_year/1term/Computational_genomics/Seminars/exercise_04
# Date:            Tue Nov  5 18:38:13 2024
# [ok]
