#                                                                            --- full sequence --- -------------- this domain -------------   hmm coord   ali coord   env coord
# target name        accession   tlen query name           accession   qlen   E-value  score  bias   #  of  c-Evalue  i-Evalue  score  bias  from    to  from    to  from    to  acc description of target
#------------------- ---------- ----- -------------------- ---------- ----- --------- ------ ----- --- --- --------- --------- ------ ----- ----- ----- ----- ----- ----- ----- ---- ---------------------
9686:8379-9422       -            348 25828at4891          -            282  6.9e-103  341.0  26.6   1   1  1.5e-100     1e-97  324.0  26.6     1   282     1   348     1   348 0.77 -
8948:6024-6719       -            232 25828at4891          -            282   2.8e-22   76.5   0.2   1   2   9.2e-15   6.1e-12   42.6   0.0     2    90     2    92     1   107 0.88 -
8948:6024-6719       -            232 25828at4891          -            282   2.8e-22   76.5   0.2   2   2   1.6e-11   1.1e-08   32.0   0.2    11    88   153   229   139   232 0.82 -
9660:19356-19832     -            159 25828at4891          -            282     0.001   15.6   0.9   1   2   4.8e-05     0.032   10.7   0.1    37    72    12    50     6    67 0.76 -
9660:19356-19832     -            159 25828at4891          -            282     0.001   15.6   0.9   2   2    0.0067       4.5    3.7   0.1     8    67    95   154    90   157 0.78 -
7962:2040-2640       -            174 25828at4891          -            282    0.0012   15.4   8.7   1   4      0.13        88   -0.6   0.0   212   239    19    46    10    57 0.73 -
7962:2040-2640       -            174 25828at4891          -            282    0.0012   15.4   8.7   2   4    0.0022       1.5    5.3   0.5    46    69    58    81    21    85 0.86 -
7962:2040-2640       -            174 25828at4891          -            282    0.0012   15.4   8.7   3   4    0.0083       5.5    3.4   0.1    41    72    90   121    81   122 0.84 -
7962:2040-2640       -            174 25828at4891          -            282    0.0012   15.4   8.7   4   4   9.6e-06    0.0064   13.0   0.5    31    66   117   156   105   161 0.84 -
#
# Program:         hmmsearch
# Version:         3.1b2 (February 2015)
# Pipeline mode:   SEARCH
# Query file:      /home/jj/Desktop/Bioinformatics/3rd_year/1term/Computational_genomics/Seminars/exercise_04/busco_downloads/lineages/saccharomycetes_odb10/hmms/25828at4891.hmm
# Target file:     /home/jj/Desktop/Bioinformatics/3rd_year/1term/Computational_genomics/Seminars/exercise_04/./busco/SRR6130428/SRR6130428_k63_contigs/run_saccharomycetes_odb10/metaeuk_output/initial_results/SRR6130428_k63_graph.contig.fa.modified.fas
# Option settings: hmmsearch --domtblout /home/jj/Desktop/Bioinformatics/3rd_year/1term/Computational_genomics/Seminars/exercise_04/./busco/SRR6130428/SRR6130428_k63_contigs/run_saccharomycetes_odb10/hmmer_output/initial_run_results/25828at4891.out --cpu 1 /home/jj/Desktop/Bioinformatics/3rd_year/1term/Computational_genomics/Seminars/exercise_04/busco_downloads/lineages/saccharomycetes_odb10/hmms/25828at4891.hmm /home/jj/Desktop/Bioinformatics/3rd_year/1term/Computational_genomics/Seminars/exercise_04/./busco/SRR6130428/SRR6130428_k63_contigs/run_saccharomycetes_odb10/metaeuk_output/initial_results/SRR6130428_k63_graph.contig.fa.modified.fas 
# Current dir:     /home/jj/Desktop/Bioinformatics/3rd_year/1term/Computational_genomics/Seminars/exercise_04
# Date:            Tue Nov  5 18:38:13 2024
# [ok]
