#                                                                            --- full sequence --- -------------- this domain -------------   hmm coord   ali coord   env coord
# target name        accession   tlen query name           accession   qlen   E-value  score  bias   #  of  c-Evalue  i-Evalue  score  bias  from    to  from    to  from    to  acc description of target
#------------------- ---------- ----- -------------------- ---------- ----- --------- ------ ----- --- --- --------- --------- ------ ----- ----- ----- ----- ----- ----- ----- ---- ---------------------
9582:7451-8332       -            294 26055at4891          -            183   2.8e-50  168.3  28.5   1   4   1.1e-10     1e-07   29.6   0.6     2    49    10    73     9   105 0.70 -
9582:7451-8332       -            294 26055at4891          -            183   2.8e-50  168.3  28.5   2   4   3.1e-09   2.7e-06   25.0   0.0    54    88   112   146    91   157 0.79 -
9582:7451-8332       -            294 26055at4891          -            183   2.8e-50  168.3  28.5   3   4   6.5e-16   5.8e-13   46.7   0.4    90   139   185   232   174   238 0.89 -
9582:7451-8332       -            294 26055at4891          -            183   2.8e-50  168.3  28.5   4   4     1e-24   9.2e-22   75.4  12.5   134   183   245   294   233   294 0.90 -
9518:605-1180        -            192 26055at4891          -            183   3.3e-07   28.0   0.0   1   2   1.9e-06    0.0017   15.8   0.0    23    81    18    79    11   117 0.84 -
9518:605-1180        -            192 26055at4891          -            183   3.3e-07   28.0   0.0   2   2   8.1e-05     0.072   10.6   0.0    22    49   114   141   103   154 0.81 -
9070:3727-4833       -            369 26055at4891          -            183   7.4e-05   20.3   5.6   1   4      0.14   1.2e+02    0.0   0.0    35    83     9    62     1    72 0.55 -
9070:3727-4833       -            369 26055at4891          -            183   7.4e-05   20.3   5.6   2   4    0.0013       1.2    6.6   0.1    25   114    87   180    76   206 0.73 -
9070:3727-4833       -            369 26055at4891          -            183   7.4e-05   20.3   5.6   3   4   1.2e-05     0.011   13.3   0.3    21    92   207   278   200   299 0.78 -
9070:3727-4833       -            369 26055at4891          -            183   7.4e-05   20.3   5.6   4   4      0.12   1.1e+02    0.2   0.1    20    47   296   323   291   364 0.77 -
#
# Program:         hmmsearch
# Version:         3.1b2 (February 2015)
# Pipeline mode:   SEARCH
# Query file:      /home/jj/Desktop/Bioinformatics/3rd_year/1term/Computational_genomics/Seminars/exercise_04/busco_downloads/lineages/saccharomycetes_odb10/hmms/26055at4891.hmm
# Target file:     /home/jj/Desktop/Bioinformatics/3rd_year/1term/Computational_genomics/Seminars/exercise_04/./busco/SRR6130428/SRR6130428_k63_contigs/run_saccharomycetes_odb10/metaeuk_output/initial_results/SRR6130428_k63_graph.contig.fa.modified.fas
# Option settings: hmmsearch --domtblout /home/jj/Desktop/Bioinformatics/3rd_year/1term/Computational_genomics/Seminars/exercise_04/./busco/SRR6130428/SRR6130428_k63_contigs/run_saccharomycetes_odb10/hmmer_output/initial_run_results/26055at4891.out --cpu 1 /home/jj/Desktop/Bioinformatics/3rd_year/1term/Computational_genomics/Seminars/exercise_04/busco_downloads/lineages/saccharomycetes_odb10/hmms/26055at4891.hmm /home/jj/Desktop/Bioinformatics/3rd_year/1term/Computational_genomics/Seminars/exercise_04/./busco/SRR6130428/SRR6130428_k63_contigs/run_saccharomycetes_odb10/metaeuk_output/initial_results/SRR6130428_k63_graph.contig.fa.modified.fas 
# Current dir:     /home/jj/Desktop/Bioinformatics/3rd_year/1term/Computational_genomics/Seminars/exercise_04
# Date:            Tue Nov  5 18:38:14 2024
# [ok]
