#                                                                            --- full sequence --- -------------- this domain -------------   hmm coord   ali coord   env coord
# target name        accession   tlen query name           accession   qlen   E-value  score  bias   #  of  c-Evalue  i-Evalue  score  bias  from    to  from    to  from    to  acc description of target
#------------------- ---------- ----- -------------------- ---------- ----- --------- ------ ----- --- --- --------- --------- ------ ----- ----- ----- ----- ----- ----- ----- ---- ---------------------
7992:884-1501        -            206 26145at4891          -            166   1.5e-97  321.4   2.4   1   1   2.3e-99   1.8e-97  321.1   2.4     1   164     1   173     1   175 0.95 -
9406:6563-7207       -            215 26145at4891          -            166   2.8e-64  213.2   1.6   1   1   4.7e-66   3.6e-64  212.8   1.6     3   165    15   185    13   186 0.90 -
8856:4098-4763       -            222 26145at4891          -            166   2.2e-53  177.7   1.0   1   1   3.7e-55   2.8e-53  177.3   1.0     4   160     9   174     6   180 0.91 -
8968:6712-7380       -            223 26145at4891          -            166   2.3e-53  177.6   0.6   1   1   3.9e-55     3e-53  177.3   0.6     4   164     9   178     6   180 0.91 -
9638:11299-12714     -            279 26145at4891          -            166   2.7e-41  138.4   1.5   1   1   5.9e-43   4.5e-41  137.7   1.5     9   160    75   237    70   242 0.87 -
9652:7994-8617       -            208 26145at4891          -            166   3.6e-39  131.4   0.7   1   1   7.6e-41   5.8e-39  130.8   0.7     3   160     3   176     1   182 0.84 -
8012:204-749         -            182 26145at4891          -            166   1.8e-35  119.5   0.0   1   1   3.1e-37   2.4e-35  119.0   0.0     9   160     7   170     4   175 0.88 -
9686:29089-29574     -            162 26145at4891          -            166   9.5e-33  110.6   0.0   1   1   1.4e-34   1.1e-32  110.4   0.0    10   127     1   119     1   162 0.92 -
9394:464-982         -            173 26145at4891          -            166   1.1e-30  103.8   0.0   1   1   1.6e-32   1.2e-30  103.7   0.0     8   161     7   166     1   171 0.93 -
8032:1817-2311       -            165 26145at4891          -            166   1.7e-29  100.0   0.0   1   1   2.5e-31   1.9e-29   99.8   0.0    10   161     1   158     1   163 0.94 -
9616:2514-3011       -            166 26145at4891          -            166   3.1e-29   99.1   0.3   1   1     5e-31   3.8e-29   98.8   0.3     9   162     1   163     1   165 0.87 -
8740:325-852         -            176 26145at4891          -            166   7.4e-29   97.9   0.5   1   1   1.2e-30   9.3e-29   97.6   0.5     9   162    11   173     4   175 0.88 -
9570:23807-24448     -            214 26145at4891          -            166   1.6e-28   96.8   0.1   1   1   3.6e-30   2.7e-28   96.1   0.1     9   126     1   128     1   136 0.86 -
9176:12388-12873     -            162 26145at4891          -            166   4.8e-28   95.3   0.2   1   1     8e-30   6.1e-28   94.9   0.2     9   160     1   162     1   162 0.88 -
9714:14124-14693     -            190 26145at4891          -            166   2.8e-26   89.5   0.1   1   1   4.5e-28   3.4e-26   89.2   0.1    10   145     1   147     1   163 0.82 -
9646:6177-6674       -            166 26145at4891          -            166   4.6e-22   75.8   0.0   1   1   9.4e-24   7.2e-22   75.2   0.0    10   128     1   120     1   164 0.88 -
9342:4433-4966       -            178 26145at4891          -            166     6e-21   72.2   0.0   1   1     9e-23   6.9e-21   72.0   0.0    10   128     5   123     2   160 0.93 -
8996:8645-9337       -            231 26145at4891          -            166   2.1e-20   70.4   0.2   1   2   1.4e-20   1.1e-18   64.8   0.0    10   129    18   137    11   165 0.91 -
8996:8645-9337       -            231 26145at4891          -            166   2.1e-20   70.4   0.2   2   2     0.087       6.6    3.7   0.0   129   158   178   208   167   213 0.83 -
8556:666-1238        -            191 26145at4891          -            166   1.7e-19   67.4   0.0   1   2     1e-20   7.7e-19   65.3   0.0     9   133     4   128     2   137 0.93 -
8556:666-1238        -            191 26145at4891          -            166   1.7e-19   67.4   0.0   2   2       1.6   1.3e+02   -0.4   0.0   129   147   144   162   137   175 0.81 -
9674:32427-32993     -            189 26145at4891          -            166   4.7e-19   66.0   1.4   1   1   8.8e-21   6.7e-19   65.5   1.2    38   132    24   125    16   154 0.85 -
9686:22344-22916     -            191 26145at4891          -            166   8.7e-18   61.9   0.0   1   2     6e-18   4.6e-16   56.3   0.0    10   129     9   128     2   139 0.90 -
9686:22344-22916     -            191 26145at4891          -            166   8.7e-18   61.9   0.0   2   2     0.081       6.2    3.8   0.0   124   157   140   174   134   181 0.83 -
9160:12117-12692     -            192 26145at4891          -            166   1.7e-17   61.0   0.3   1   1   4.5e-18   3.5e-16   56.7   0.3     8   132     4   134     1   181 0.76 -
9600:12589-13188     -            200 26145at4891          -            166   1.8e-17   60.8   0.4   1   1   3.4e-19   2.6e-17   60.4   0.4    11   125     9   123     4   173 0.87 -
9396:17173-17850     -            226 26145at4891          -            166   1.9e-14   51.1   0.0   1   2   3.6e-06   0.00028   18.0   0.0    10    43     5    38     2    56 0.87 -
9396:17173-17850     -            226 26145at4891          -            166   1.9e-14   51.1   0.0   2   2   4.7e-10   3.6e-08   30.6   0.0    53   134    77   170    73   183 0.79 -
9434:16912-17505     -            198 26145at4891          -            166   6.4e-14   49.3   0.1   1   1   9.9e-16   7.5e-14   49.1   0.1    11   131    20   144    11   180 0.77 -
8432:4086-4625       -            180 26145at4891          -            166   5.4e-13   46.3   0.1   1   1   9.5e-15   7.3e-13   45.9   0.1     9   130    18   136    11   147 0.81 -
9360:15235-15768     -            178 26145at4891          -            166   1.1e-12   45.2   0.0   1   1     2e-14   1.5e-12   44.8   0.0     9   129    18   135    12   147 0.81 -
9260:2621-3145       -            175 26145at4891          -            166   1.4e-11   41.7   0.0   1   1   2.3e-13   1.8e-11   41.4   0.0     9   136    18   141    15   152 0.86 -
9450:10864-12849     -            662 26145at4891          -            166   4.3e-10   36.8   0.0   1   4     0.043       3.3    4.7   0.0    10    32     7    29     4    45 0.84 -
9450:10864-12849     -            662 26145at4891          -            166   4.3e-10   36.8   0.0   2   4      0.46        35    1.4   0.0    83   125    80   121    69   141 0.81 -
9450:10864-12849     -            662 26145at4891          -            166   4.3e-10   36.8   0.0   3   4       1.5   1.1e+02   -0.3   0.0   131   162   152   185   127   188 0.75 -
9450:10864-12849     -            662 26145at4891          -            166   4.3e-10   36.8   0.0   4   4   2.9e-08   2.2e-06   24.8   0.0     8   129   448   569   441   592 0.82 -
8780:4884-5432       -            183 26145at4891          -            166     3e-09   34.1   0.0   1   1   5.3e-11     4e-09   33.7   0.0     9   124    19   131    13   165 0.72 -
9494:6635-7150       -            172 26145at4891          -            166   2.9e-07   27.7   0.1   1   1   4.6e-09   3.5e-07   27.4   0.1    10   128     5   126     1   137 0.79 -
9292:14121-15050     -            310 26145at4891          -            166   2.7e-05   21.3   0.1   1   1   7.4e-07   5.7e-05   20.2   0.1    10   127     9   134     4   155 0.68 -
9334:13206-13745     -            180 26145at4891          -            166   0.00011   19.2   0.0   1   1   2.2e-06   0.00017   18.7   0.0    10   142    15   144    10   155 0.85 -
9548:20672-21019     -            116 26145at4891          -            166     0.001   16.1   0.0   1   1   1.6e-05    0.0013   15.8   0.0    58   135     2    85     1   116 0.77 -
9518:15538-16467     -            310 26145at4891          -            166    0.0028   14.7   0.0   1   1   6.9e-05    0.0052   13.8   0.0     7    67    28    98    25   109 0.76 -
#
# Program:         hmmsearch
# Version:         3.1b2 (February 2015)
# Pipeline mode:   SEARCH
# Query file:      /home/jj/Desktop/Bioinformatics/3rd_year/1term/Computational_genomics/Seminars/exercise_04/busco_downloads/lineages/saccharomycetes_odb10/hmms/26145at4891.hmm
# Target file:     /home/jj/Desktop/Bioinformatics/3rd_year/1term/Computational_genomics/Seminars/exercise_04/./busco/SRR6130428/SRR6130428_k63_contigs/run_saccharomycetes_odb10/metaeuk_output/initial_results/SRR6130428_k63_graph.contig.fa.modified.fas
# Option settings: hmmsearch --domtblout /home/jj/Desktop/Bioinformatics/3rd_year/1term/Computational_genomics/Seminars/exercise_04/./busco/SRR6130428/SRR6130428_k63_contigs/run_saccharomycetes_odb10/hmmer_output/initial_run_results/26145at4891.out --cpu 1 /home/jj/Desktop/Bioinformatics/3rd_year/1term/Computational_genomics/Seminars/exercise_04/busco_downloads/lineages/saccharomycetes_odb10/hmms/26145at4891.hmm /home/jj/Desktop/Bioinformatics/3rd_year/1term/Computational_genomics/Seminars/exercise_04/./busco/SRR6130428/SRR6130428_k63_contigs/run_saccharomycetes_odb10/metaeuk_output/initial_results/SRR6130428_k63_graph.contig.fa.modified.fas 
# Current dir:     /home/jj/Desktop/Bioinformatics/3rd_year/1term/Computational_genomics/Seminars/exercise_04
# Date:            Tue Nov  5 18:38:14 2024
# [ok]
