#                                                                            --- full sequence --- -------------- this domain -------------   hmm coord   ali coord   env coord
# target name        accession   tlen query name           accession   qlen   E-value  score  bias   #  of  c-Evalue  i-Evalue  score  bias  from    to  from    to  from    to  acc description of target
#------------------- ---------- ----- -------------------- ---------- ----- --------- ------ ----- --- --- --------- --------- ------ ----- ----- ----- ----- ----- ----- ----- ---- ---------------------
9638:11299-12714     -            279 26506at4891          -            147     2e-80  265.1   2.1   1   1   3.9e-82   3.2e-80  264.5   2.1     1   147    72   234    72   234 0.95 -
7992:884-1501        -            206 26506at4891          -            147   2.5e-39  131.7   1.1   1   1   5.9e-41   4.8e-39  130.9   1.1     4   143     9   162     7   166 0.82 -
9406:6563-7207       -            215 26506at4891          -            147   4.4e-39  131.0   0.7   1   1   9.5e-41   7.7e-39  130.2   0.7     4   145    21   175    19   177 0.89 -
8012:204-749         -            182 26506at4891          -            147   1.6e-38  129.2   0.1   1   1   3.1e-40   2.5e-38  128.5   0.1     2   144     5   164     4   167 0.90 -
9686:29089-29574     -            162 26506at4891          -            147   2.3e-36  122.1   0.1   1   1   5.7e-37   4.6e-35  117.9   0.1     5   131     1   130     1   162 0.88 -
8856:4098-4763       -            222 26506at4891          -            147   1.5e-35  119.5   0.2   1   1   3.4e-37   2.7e-35  118.7   0.2     4   145    14   169    12   171 0.86 -
8968:6712-7380       -            223 26506at4891          -            147   4.2e-35  118.1   0.1   1   1   8.4e-37   6.8e-35  117.4   0.1     4   144    14   168    12   171 0.86 -
9570:23807-24448     -            214 26506at4891          -            147   4.8e-35  117.9   0.3   1   2   2.4e-35     2e-33  112.6   0.1     4   123     1   132     1   144 0.85 -
9570:23807-24448     -            214 26506at4891          -            147   4.8e-35  117.9   0.3   2   2     0.095       7.7    3.6   0.0   120   146   159   186   143   187 0.78 -
9652:7994-8617       -            208 26506at4891          -            147   2.6e-33  112.3   0.3   1   1   1.4e-34   1.2e-32  110.2   0.3     4   146     9   172     6   173 0.77 -
9714:14124-14693     -            190 26506at4891          -            147   5.9e-33  111.1   0.0   1   1   1.1e-34   9.3e-33  110.5   0.0     5   145     1   158     1   160 0.81 -
9394:464-982         -            173 26506at4891          -            147   9.1e-27   91.0   0.1   1   1   1.5e-28   1.2e-26   90.6   0.1     3   141     7   156     5   162 0.85 -
8032:1817-2311       -            165 26506at4891          -            147   6.7e-26   88.2   0.1   1   1   1.1e-27   8.9e-26   87.8   0.1     5   141     1   148     1   154 0.85 -
8740:325-852         -            176 26506at4891          -            147   3.4e-25   85.9   0.6   1   1   6.7e-27   5.4e-25   85.3   0.6     1   144     8   165     8   168 0.86 -
9616:2514-3011       -            166 26506at4891          -            147   9.2e-23   78.0   0.7   1   1     2e-24   1.6e-22   77.2   0.7     4   146     1   157     1   158 0.86 -
8996:8645-9337       -            231 26506at4891          -            147   2.1e-20   70.4   0.0   1   2   7.3e-22     6e-20   68.9   0.0     5   120    18   135    15   155 0.87 -
8996:8645-9337       -            231 26506at4891          -            147   2.1e-20   70.4   0.0   2   2       4.3   3.5e+02   -1.7   0.0   126   145   186   205   169   207 0.79 -
9342:4433-4966       -            178 26506at4891          -            147   9.4e-20   68.3   0.0   1   2     2e-20   1.7e-18   64.2   0.0     4   120     4   122     2   150 0.88 -
9342:4433-4966       -            178 26506at4891          -            147   9.4e-20   68.3   0.0   2   2      0.23        19    2.4   0.0   127   144   153   170   142   173 0.85 -
9176:12388-12873     -            162 26506at4891          -            147   2.8e-19   66.7   0.2   1   1   4.6e-21   3.7e-19   66.3   0.2     4   136     1   136     1   158 0.88 -
9646:6177-6674       -            166 26506at4891          -            147   1.6e-18   64.3   0.0   1   1   2.7e-20   2.2e-18   63.8   0.0     5   119     1   118     1   137 0.90 -
9674:32427-32993     -            189 26506at4891          -            147   2.5e-18   63.6   1.3   1   2   3.1e-20   2.5e-18   63.6   1.3    31   134    23   136    17   146 0.78 -
9674:32427-32993     -            189 26506at4891          -            147   2.5e-18   63.6   1.3   2   2      0.53        43    1.2   0.1    88   113   145   171   137   178 0.75 -
9600:12589-13188     -            200 26506at4891          -            147   9.9e-18   61.7   0.3   1   2   1.9e-19   1.6e-17   61.0   0.2     6   135     9   141     5   155 0.89 -
9600:12589-13188     -            200 26506at4891          -            147   9.9e-18   61.7   0.3   2   2       5.7   4.6e+02   -2.1   0.0   126   144   147   165   140   167 0.79 -
9686:22344-22916     -            191 26506at4891          -            147   1.7e-14   51.2   0.0   1   1   3.7e-16     3e-14   50.4   0.0     4   126     8   132     5   151 0.87 -
8556:666-1238        -            191 26506at4891          -            147   1.9e-14   51.0   0.0   1   1   3.8e-16   3.1e-14   50.4   0.0     2   119     2   121     1   136 0.87 -
9160:12117-12692     -            192 26506at4891          -            147   3.8e-14   50.1   0.1   1   2   2.7e-14   2.2e-12   44.4   0.0     5   121     6   125     3   144 0.82 -
9160:12117-12692     -            192 26506at4891          -            147   3.8e-14   50.1   0.1   2   2     0.083       6.7    3.8   0.0   122   144   149   171   137   174 0.85 -
9396:17173-17850     -            226 26506at4891          -            147   1.8e-13   47.9   0.0   1   2   0.00011    0.0086   13.2   0.0     2    45     2    45     1    71 0.75 -
9396:17173-17850     -            226 26506at4891          -            147   1.8e-13   47.9   0.0   2   2   1.8e-10   1.5e-08   32.0   0.0    47   106    77   137    66   189 0.81 -
9260:2621-3145       -            175 26506at4891          -            147   2.3e-12   44.3   0.1   1   1   3.5e-14   2.9e-12   44.0   0.1     3   130    17   144    15   152 0.85 -
8432:4086-4625       -            180 26506at4891          -            147   8.2e-11   39.3   0.1   1   1   1.3e-12     1e-10   38.9   0.1     4   125    18   138    15   147 0.87 -
9360:15235-15768     -            178 26506at4891          -            147   3.3e-10   37.3   0.1   1   1   5.2e-12   4.2e-10   36.9   0.1     4   125    18   138    15   147 0.86 -
9434:16912-17505     -            198 26506at4891          -            147   1.9e-09   34.8   0.1   1   1   3.1e-11   2.6e-09   34.4   0.1     3   127    17   147    15   168 0.84 -
8780:4884-5432       -            183 26506at4891          -            147   7.2e-09   33.0   0.0   1   1   1.1e-10   9.2e-09   32.6   0.0     4   125    19   139    16   152 0.86 -
9450:10864-12849     -            662 26506at4891          -            147   3.4e-07   27.5   0.0   1   2    0.0082      0.67    7.1   0.0     4    53     6    61     3   143 0.70 -
9450:10864-12849     -            662 26506at4891          -            147   3.4e-07   27.5   0.0   2   2   6.5e-06   0.00053   17.2   0.0     4   121   449   568   446   578 0.86 -
9548:20672-21019     -            116 26506at4891          -            147   7.2e-07   26.5   0.2   1   1   1.8e-07   1.5e-05   22.2   0.2    52   143     2   116     1   116 0.65 -
9494:6635-7150       -            172 26506at4891          -            147   5.2e-06   23.7   0.0   1   1   8.4e-08   6.8e-06   23.3   0.0     6   120     6   125     2   145 0.69 -
9334:13206-13745     -            180 26506at4891          -            147     0.011   12.9   0.0   1   1   0.00028     0.023   11.9   0.0     5   125    15   134    11   148 0.83 -
#
# Program:         hmmsearch
# Version:         3.1b2 (February 2015)
# Pipeline mode:   SEARCH
# Query file:      /home/jj/Desktop/Bioinformatics/3rd_year/1term/Computational_genomics/Seminars/exercise_04/busco_downloads/lineages/saccharomycetes_odb10/hmms/26506at4891.hmm
# Target file:     /home/jj/Desktop/Bioinformatics/3rd_year/1term/Computational_genomics/Seminars/exercise_04/./busco/SRR6130428/SRR6130428_k63_contigs/run_saccharomycetes_odb10/metaeuk_output/initial_results/SRR6130428_k63_graph.contig.fa.modified.fas
# Option settings: hmmsearch --domtblout /home/jj/Desktop/Bioinformatics/3rd_year/1term/Computational_genomics/Seminars/exercise_04/./busco/SRR6130428/SRR6130428_k63_contigs/run_saccharomycetes_odb10/hmmer_output/initial_run_results/26506at4891.out --cpu 1 /home/jj/Desktop/Bioinformatics/3rd_year/1term/Computational_genomics/Seminars/exercise_04/busco_downloads/lineages/saccharomycetes_odb10/hmms/26506at4891.hmm /home/jj/Desktop/Bioinformatics/3rd_year/1term/Computational_genomics/Seminars/exercise_04/./busco/SRR6130428/SRR6130428_k63_contigs/run_saccharomycetes_odb10/metaeuk_output/initial_results/SRR6130428_k63_graph.contig.fa.modified.fas 
# Current dir:     /home/jj/Desktop/Bioinformatics/3rd_year/1term/Computational_genomics/Seminars/exercise_04
# Date:            Tue Nov  5 18:38:16 2024
# [ok]
