#                                                                            --- full sequence --- -------------- this domain -------------   hmm coord   ali coord   env coord
# target name        accession   tlen query name           accession   qlen   E-value  score  bias   #  of  c-Evalue  i-Evalue  score  bias  from    to  from    to  from    to  acc description of target
#------------------- ---------- ----- -------------------- ---------- ----- --------- ------ ----- --- --- --------- --------- ------ ----- ----- ----- ----- ----- ----- ----- ---- ---------------------
8512:328-1323        -            332 26555at4891          -            237   1.9e-67  224.5  11.1   1   3     5e-61   6.7e-58  193.2   5.7     1   160     4   188     4   199 0.89 -
8512:328-1323        -            332 26555at4891          -            237   1.9e-67  224.5  11.1   2   3     0.034        45    0.7   0.0   158   176   207   225   203   228 0.88 -
8512:328-1323        -            332 26555at4891          -            237   1.9e-67  224.5  11.1   3   3   3.6e-10   4.8e-07   26.8   0.2   174   236   244   329   241   330 0.80 -
9388:1-1725          -            575 26555at4891          -            237      0.17    8.6  10.5   1   6      0.27   3.6e+02   -2.3   0.0    60    82   102   124    94   128 0.86 -
9388:1-1725          -            575 26555at4891          -            237      0.17    8.6  10.5   2   6     0.028        37    1.0   0.1    59   134   144   223   141   238 0.64 -
9388:1-1725          -            575 26555at4891          -            237      0.17    8.6  10.5   3   6     0.017        23    1.7   0.0    70    96   242   268   229   283 0.83 -
9388:1-1725          -            575 26555at4891          -            237      0.17    8.6  10.5   4   6       0.1   1.4e+02   -0.9   0.0    71    95   283   307   274   315 0.84 -
9388:1-1725          -            575 26555at4891          -            237      0.17    8.6  10.5   5   6   0.00033      0.44    7.3   0.5    72   110   324   362   314   393 0.84 -
9388:1-1725          -            575 26555at4891          -            237      0.17    8.6  10.5   6   6      0.07        94   -0.4   0.1    71   148   401   479   389   508 0.59 -
#
# Program:         hmmsearch
# Version:         3.1b2 (February 2015)
# Pipeline mode:   SEARCH
# Query file:      /home/jj/Desktop/Bioinformatics/3rd_year/1term/Computational_genomics/Seminars/exercise_04/busco_downloads/lineages/saccharomycetes_odb10/hmms/26555at4891.hmm
# Target file:     /home/jj/Desktop/Bioinformatics/3rd_year/1term/Computational_genomics/Seminars/exercise_04/./busco/SRR6130428/SRR6130428_k63_contigs/run_saccharomycetes_odb10/metaeuk_output/initial_results/SRR6130428_k63_graph.contig.fa.modified.fas
# Option settings: hmmsearch --domtblout /home/jj/Desktop/Bioinformatics/3rd_year/1term/Computational_genomics/Seminars/exercise_04/./busco/SRR6130428/SRR6130428_k63_contigs/run_saccharomycetes_odb10/hmmer_output/initial_run_results/26555at4891.out --cpu 1 /home/jj/Desktop/Bioinformatics/3rd_year/1term/Computational_genomics/Seminars/exercise_04/busco_downloads/lineages/saccharomycetes_odb10/hmms/26555at4891.hmm /home/jj/Desktop/Bioinformatics/3rd_year/1term/Computational_genomics/Seminars/exercise_04/./busco/SRR6130428/SRR6130428_k63_contigs/run_saccharomycetes_odb10/metaeuk_output/initial_results/SRR6130428_k63_graph.contig.fa.modified.fas 
# Current dir:     /home/jj/Desktop/Bioinformatics/3rd_year/1term/Computational_genomics/Seminars/exercise_04
# Date:            Tue Nov  5 18:38:16 2024
# [ok]
