#                                                                            --- full sequence --- -------------- this domain -------------   hmm coord   ali coord   env coord
# target name        accession   tlen query name           accession   qlen   E-value  score  bias   #  of  c-Evalue  i-Evalue  score  bias  from    to  from    to  from    to  acc description of target
#------------------- ---------- ----- -------------------- ---------- ----- --------- ------ ----- --- --- --------- --------- ------ ----- ----- ----- ----- ----- ----- ----- ---- ---------------------
7994:148-1626        -            493 26569at4891          -            255   1.4e-97  323.7  44.9   1   5   1.8e-61   1.6e-58  195.7   2.3     1   114    18   138    18   153 0.92 -
7994:148-1626        -            493 26569at4891          -            255   1.4e-97  323.7  44.9   2   5   2.2e-05     0.019   11.9   0.5   106   128   166   188   156   197 0.81 -
7994:148-1626        -            493 26569at4891          -            255   1.4e-97  323.7  44.9   3   5   0.00093      0.83    6.6   5.5    95   155   219   279   199   287 0.81 -
7994:148-1626        -            493 26569at4891          -            255   1.4e-97  323.7  44.9   4   5     1e-30   9.4e-28   94.9  11.0   112   230   292   431   281   450 0.70 -
7994:148-1626        -            493 26569at4891          -            255   1.4e-97  323.7  44.9   5   5     3e-10   2.7e-07   27.8   0.1   227   255   464   492   448   492 0.89 -
8578:598-1602        -            335 26569at4891          -            255   1.4e-33  113.9   0.3   1   2   4.6e-36   4.1e-33  112.4   0.0     8   109    22   123    16   154 0.92 -
8578:598-1602        -            335 26569at4891          -            255   1.4e-33  113.9   0.3   2   2       0.3   2.7e+02   -1.6   0.2    94   122   286   314   262   331 0.60 -
8928:4122-4931       -            270 26569at4891          -            255   2.6e-25   86.9   1.6   1   1   4.6e-28   4.2e-25   86.2   1.6     6   112    14   121     9   163 0.89 -
#
# Program:         hmmsearch
# Version:         3.1b2 (February 2015)
# Pipeline mode:   SEARCH
# Query file:      /home/jj/Desktop/Bioinformatics/3rd_year/1term/Computational_genomics/Seminars/exercise_04/busco_downloads/lineages/saccharomycetes_odb10/hmms/26569at4891.hmm
# Target file:     /home/jj/Desktop/Bioinformatics/3rd_year/1term/Computational_genomics/Seminars/exercise_04/./busco/SRR6130428/SRR6130428_k63_contigs/run_saccharomycetes_odb10/metaeuk_output/initial_results/SRR6130428_k63_graph.contig.fa.modified.fas
# Option settings: hmmsearch --domtblout /home/jj/Desktop/Bioinformatics/3rd_year/1term/Computational_genomics/Seminars/exercise_04/./busco/SRR6130428/SRR6130428_k63_contigs/run_saccharomycetes_odb10/hmmer_output/initial_run_results/26569at4891.out --cpu 1 /home/jj/Desktop/Bioinformatics/3rd_year/1term/Computational_genomics/Seminars/exercise_04/busco_downloads/lineages/saccharomycetes_odb10/hmms/26569at4891.hmm /home/jj/Desktop/Bioinformatics/3rd_year/1term/Computational_genomics/Seminars/exercise_04/./busco/SRR6130428/SRR6130428_k63_contigs/run_saccharomycetes_odb10/metaeuk_output/initial_results/SRR6130428_k63_graph.contig.fa.modified.fas 
# Current dir:     /home/jj/Desktop/Bioinformatics/3rd_year/1term/Computational_genomics/Seminars/exercise_04
# Date:            Tue Nov  5 18:38:16 2024
# [ok]
