#                                                                            --- full sequence --- -------------- this domain -------------   hmm coord   ali coord   env coord
# target name        accession   tlen query name           accession   qlen   E-value  score  bias   #  of  c-Evalue  i-Evalue  score  bias  from    to  from    to  from    to  acc description of target
#------------------- ---------- ----- -------------------- ---------- ----- --------- ------ ----- --- --- --------- --------- ------ ----- ----- ----- ----- ----- ----- ----- ---- ---------------------
9714:21191-22444     -            418 26758at4891          -            278   8.4e-84  278.4   8.3   1   3   9.9e-08   6.6e-05   19.6   0.0     7    58    47    97    42   119 0.75 -
9714:21191-22444     -            418 26758at4891          -            278   8.4e-84  278.4   8.3   2   3   1.1e-28   7.1e-26   88.4   0.1    49   141   143   235   121   239 0.84 -
9714:21191-22444     -            418 26758at4891          -            278   8.4e-84  278.4   8.3   3   3   3.6e-54   2.4e-51  171.9   1.6   141   278   256   416   245   416 0.86 -
9500:10440-11063     -            208 26758at4891          -            278   3.5e-10   36.9   1.6   1   1   2.1e-12   1.4e-09   34.9   1.6   137   221    63   171    55   208 0.68 -
9282:11480-12256     -            259 26758at4891          -            278   0.00013   18.7   0.1   1   1   6.1e-07   0.00041   17.0   0.1   140   258    84   227    78   233 0.65 -
9720:37080-38084     -            335 26758at4891          -            278   0.00038   17.1   0.5   1   2     0.015        10    2.6   0.0   105   141   109   148    93   155 0.75 -
9720:37080-38084     -            335 26758at4891          -            278   0.00038   17.1   0.5   2   2   6.4e-05     0.043   10.4   0.9   141   225   167   267   163   285 0.60 -
#
# Program:         hmmsearch
# Version:         3.1b2 (February 2015)
# Pipeline mode:   SEARCH
# Query file:      /home/jj/Desktop/Bioinformatics/3rd_year/1term/Computational_genomics/Seminars/exercise_04/busco_downloads/lineages/saccharomycetes_odb10/hmms/26758at4891.hmm
# Target file:     /home/jj/Desktop/Bioinformatics/3rd_year/1term/Computational_genomics/Seminars/exercise_04/./busco/SRR6130428/SRR6130428_k63_contigs/run_saccharomycetes_odb10/metaeuk_output/initial_results/SRR6130428_k63_graph.contig.fa.modified.fas
# Option settings: hmmsearch --domtblout /home/jj/Desktop/Bioinformatics/3rd_year/1term/Computational_genomics/Seminars/exercise_04/./busco/SRR6130428/SRR6130428_k63_contigs/run_saccharomycetes_odb10/hmmer_output/initial_run_results/26758at4891.out --cpu 1 /home/jj/Desktop/Bioinformatics/3rd_year/1term/Computational_genomics/Seminars/exercise_04/busco_downloads/lineages/saccharomycetes_odb10/hmms/26758at4891.hmm /home/jj/Desktop/Bioinformatics/3rd_year/1term/Computational_genomics/Seminars/exercise_04/./busco/SRR6130428/SRR6130428_k63_contigs/run_saccharomycetes_odb10/metaeuk_output/initial_results/SRR6130428_k63_graph.contig.fa.modified.fas 
# Current dir:     /home/jj/Desktop/Bioinformatics/3rd_year/1term/Computational_genomics/Seminars/exercise_04
# Date:            Tue Nov  5 18:38:17 2024
# [ok]
