#                                                                            --- full sequence --- -------------- this domain -------------   hmm coord   ali coord   env coord
# target name        accession   tlen query name           accession   qlen   E-value  score  bias   #  of  c-Evalue  i-Evalue  score  bias  from    to  from    to  from    to  acc description of target
#------------------- ---------- ----- -------------------- ---------- ----- --------- ------ ----- --- --- --------- --------- ------ ----- ----- ----- ----- ----- ----- ----- ---- ---------------------
8556:666-1238        -            191 26792at4891          -            156   2.2e-98  323.8   2.1   1   2   4.3e-83   4.6e-81  267.5   0.6     1   124     1   125     1   140 0.96 -
8556:666-1238        -            191 26792at4891          -            156   2.2e-98  323.8   2.1   2   2   5.2e-18   5.6e-16   56.1   0.0   122   156   146   180   137   180 0.95 -
9342:4433-4966       -            178 26792at4891          -            156   4.3e-57  189.7   0.2   1   2   1.1e-54   1.2e-52  175.2   0.1     5   139     5   140     2   149 0.93 -
9342:4433-4966       -            178 26792at4891          -            156   4.3e-57  189.7   0.2   2   2   5.6e-05     0.006   13.7   0.0   121   153   145   177   137   178 0.88 -
9396:17173-17850     -            226 26792at4891          -            156   1.4e-55  184.7   1.5   1   3   7.1e-24   7.6e-22   75.1   0.2     1    52     1    52     1    80 0.83 -
9396:17173-17850     -            226 26792at4891          -            156   1.4e-55  184.7   1.5   2   3   8.2e-29   8.8e-27   91.2   0.0    48   140    78   182    71   190 0.80 -
9396:17173-17850     -            226 26792at4891          -            156   1.4e-55  184.7   1.5   3   3     8e-06   0.00086   16.5   0.0   127   153   192   218   179   222 0.81 -
9646:6177-6674       -            166 26792at4891          -            156   9.8e-49  162.5   0.3   1   1   1.4e-49   1.5e-47  158.7   0.3     5   152     1   165     1   166 0.87 -
8996:8645-9337       -            231 26792at4891          -            156   1.8e-44  148.7   0.1   1   2     1e-40   1.1e-38  129.9   0.0     5   129    18   143    15   152 0.96 -
8996:8645-9337       -            231 26792at4891          -            156   1.8e-44  148.7   0.1   2   2   6.3e-06   0.00068   16.8   0.0   122   154   180   212   174   214 0.93 -
9686:22344-22916     -            191 26792at4891          -            156   9.2e-44  146.3   0.1   1   2   6.1e-39   6.5e-37  124.1   0.0     5   123     9   128     5   138 0.96 -
9686:22344-22916     -            191 26792at4891          -            156   9.2e-44  146.3   0.1   2   2   4.5e-07   4.8e-05   20.6   0.0   117   153   142   178   136   181 0.89 -
9616:2514-3011       -            166 26792at4891          -            156   1.6e-21   74.0   0.0   1   1   1.7e-23   1.9e-21   73.9   0.0     5   122     2   121     1   148 0.89 -
8740:325-852         -            176 26792at4891          -            156   1.7e-21   74.0   0.0   1   1   1.9e-23     2e-21   73.8   0.0     4   122    11   131     8   164 0.89 -
8012:204-749         -            182 26792at4891          -            156   1.6e-18   64.3   0.0   1   1   1.9e-20     2e-18   64.0   0.0     2   126     5   131     4   163 0.87 -
7992:884-1501        -            206 26792at4891          -            156   1.7e-17   61.0   0.1   1   1   2.1e-19   2.2e-17   60.6   0.1     5   121    10   128     7   167 0.83 -
9406:6563-7207       -            215 26792at4891          -            156   1.9e-17   60.8   0.0   1   1   2.4e-19   2.6e-17   60.4   0.0     4   120    21   139    18   177 0.83 -
9652:7994-8617       -            208 26792at4891          -            156   2.8e-17   60.3   0.1   1   1   3.5e-19   3.8e-17   59.9   0.1     3   123     8   135     6   180 0.83 -
9176:12388-12873     -            162 26792at4891          -            156   1.1e-16   58.4   0.0   1   1   1.4e-18   1.5e-16   57.9   0.0     5   121     2   120     1   161 0.85 -
9394:464-982         -            173 26792at4891          -            156     3e-16   57.0   0.1   1   1   3.3e-18   3.6e-16   56.7   0.1     3   130     7   135     5   156 0.89 -
9714:14124-14693     -            190 26792at4891          -            156   4.2e-16   56.5   0.0   1   1   4.8e-18   5.1e-16   56.2   0.0     5   121     1   124     1   165 0.78 -
9686:29089-29574     -            162 26792at4891          -            156   1.8e-15   54.4   0.0   1   1   2.1e-17   2.2e-15   54.1   0.0     5   138     1   138     1   160 0.84 -
8032:1817-2311       -            165 26792at4891          -            156   1.8e-15   54.4   0.1   1   1     2e-17   2.1e-15   54.2   0.1     5   130     1   127     1   148 0.88 -
9638:11299-12714     -            279 26792at4891          -            156   5.1e-15   53.0   0.0   1   1   6.8e-17   7.3e-15   52.5   0.0     4   122    75   196    72   236 0.87 -
8856:4098-4763       -            222 26792at4891          -            156   5.8e-15   52.8   0.0   1   1   7.5e-17   8.1e-15   52.3   0.0     4   153    14   175    12   178 0.85 -
9160:12117-12692     -            192 26792at4891          -            156   9.8e-15   52.0   0.0   1   1   1.5e-16   1.6e-14   51.3   0.0     5   126     6   129     3   145 0.91 -
8968:6712-7380       -            223 26792at4891          -            156   4.2e-14   50.0   0.0   1   1   6.6e-16     7e-14   49.3   0.0     4   150    14   172    12   178 0.78 -
9570:23807-24448     -            214 26792at4891          -            156     2e-11   41.3   0.0   1   2   2.4e-12   2.6e-10   37.7   0.0     5   122     2   130     1   136 0.79 -
9570:23807-24448     -            214 26792at4891          -            156     2e-11   41.3   0.0   2   2      0.34        36    1.5   0.0   127   147   165   185   150   190 0.81 -
9600:12589-13188     -            200 26792at4891          -            156   3.1e-11   40.7   0.0   1   1   3.8e-13   4.1e-11   40.3   0.0     4   119     7   123     4   146 0.88 -
9450:10864-12849     -            662 26792at4891          -            156   4.4e-09   33.7   0.2   1   2   1.8e-05     0.002   15.3   0.2     2   119     4   121     3   135 0.71 -
9450:10864-12849     -            662 26792at4891          -            156   4.4e-09   33.7   0.2   2   2   1.6e-05    0.0017   15.5   0.0     3   121   448   567   446   574 0.77 -
9674:32427-32993     -            189 26792at4891          -            156   2.8e-08   31.1   0.0   1   1   3.7e-10     4e-08   30.6   0.0    41   123    33   122    20   144 0.77 -
#
# Program:         hmmsearch
# Version:         3.1b2 (February 2015)
# Pipeline mode:   SEARCH
# Query file:      /home/jj/Desktop/Bioinformatics/3rd_year/1term/Computational_genomics/Seminars/exercise_04/busco_downloads/lineages/saccharomycetes_odb10/hmms/26792at4891.hmm
# Target file:     /home/jj/Desktop/Bioinformatics/3rd_year/1term/Computational_genomics/Seminars/exercise_04/./busco/SRR6130428/SRR6130428_k63_contigs/run_saccharomycetes_odb10/metaeuk_output/initial_results/SRR6130428_k63_graph.contig.fa.modified.fas
# Option settings: hmmsearch --domtblout /home/jj/Desktop/Bioinformatics/3rd_year/1term/Computational_genomics/Seminars/exercise_04/./busco/SRR6130428/SRR6130428_k63_contigs/run_saccharomycetes_odb10/hmmer_output/initial_run_results/26792at4891.out --cpu 1 /home/jj/Desktop/Bioinformatics/3rd_year/1term/Computational_genomics/Seminars/exercise_04/busco_downloads/lineages/saccharomycetes_odb10/hmms/26792at4891.hmm /home/jj/Desktop/Bioinformatics/3rd_year/1term/Computational_genomics/Seminars/exercise_04/./busco/SRR6130428/SRR6130428_k63_contigs/run_saccharomycetes_odb10/metaeuk_output/initial_results/SRR6130428_k63_graph.contig.fa.modified.fas 
# Current dir:     /home/jj/Desktop/Bioinformatics/3rd_year/1term/Computational_genomics/Seminars/exercise_04
# Date:            Tue Nov  5 18:38:17 2024
# [ok]
