#                                                                            --- full sequence --- -------------- this domain -------------   hmm coord   ali coord   env coord
# target name        accession   tlen query name           accession   qlen   E-value  score  bias   #  of  c-Evalue  i-Evalue  score  bias  from    to  from    to  from    to  acc description of target
#------------------- ---------- ----- -------------------- ---------- ----- --------- ------ ----- --- --- --------- --------- ------ ----- ----- ----- ----- ----- ----- ----- ---- ---------------------
9218:12888-13946     -            353 26895at4891          -            221   2.7e-65  217.3  11.9   1   3   1.3e-14   1.2e-11   41.9   0.0     1    40     1    40     1    47 0.94 -
9218:12888-13946     -            353 26895at4891          -            221   2.7e-65  217.3  11.9   2   3   6.4e-25   5.7e-22   75.6   0.8    45   156    87   244    60   257 0.79 -
9218:12888-13946     -            353 26895at4891          -            221   2.7e-65  217.3  11.9   3   3   2.7e-32   2.4e-29   99.7   1.7   151   220   258   339   253   340 0.84 -
9670:3186-4154       -            323 26895at4891          -            221   1.3e-24   84.2   0.0   1   2   0.00037      0.33    7.8   0.0    48   104    35    95    28   104 0.84 -
9670:3186-4154       -            323 26895at4891          -            221   1.3e-24   84.2   0.0   2   2   3.6e-24   3.2e-21   73.2   0.0    48   220    84   296    82   297 0.71 -
9164:3744-4982       -            413 26895at4891          -            221     1e-23   81.3   2.4   1   2     0.003       2.7    4.8   0.0   171   194   100   123    94   127 0.92 -
9164:3744-4982       -            413 26895at4891          -            221     1e-23   81.3   2.4   2   2   2.8e-23   2.5e-20   70.3   0.6    46   218   144   361   140   364 0.77 -
#
# Program:         hmmsearch
# Version:         3.1b2 (February 2015)
# Pipeline mode:   SEARCH
# Query file:      /home/jj/Desktop/Bioinformatics/3rd_year/1term/Computational_genomics/Seminars/exercise_04/busco_downloads/lineages/saccharomycetes_odb10/hmms/26895at4891.hmm
# Target file:     /home/jj/Desktop/Bioinformatics/3rd_year/1term/Computational_genomics/Seminars/exercise_04/./busco/SRR6130428/SRR6130428_k63_contigs/run_saccharomycetes_odb10/metaeuk_output/initial_results/SRR6130428_k63_graph.contig.fa.modified.fas
# Option settings: hmmsearch --domtblout /home/jj/Desktop/Bioinformatics/3rd_year/1term/Computational_genomics/Seminars/exercise_04/./busco/SRR6130428/SRR6130428_k63_contigs/run_saccharomycetes_odb10/hmmer_output/initial_run_results/26895at4891.out --cpu 1 /home/jj/Desktop/Bioinformatics/3rd_year/1term/Computational_genomics/Seminars/exercise_04/busco_downloads/lineages/saccharomycetes_odb10/hmms/26895at4891.hmm /home/jj/Desktop/Bioinformatics/3rd_year/1term/Computational_genomics/Seminars/exercise_04/./busco/SRR6130428/SRR6130428_k63_contigs/run_saccharomycetes_odb10/metaeuk_output/initial_results/SRR6130428_k63_graph.contig.fa.modified.fas 
# Current dir:     /home/jj/Desktop/Bioinformatics/3rd_year/1term/Computational_genomics/Seminars/exercise_04
# Date:            Tue Nov  5 18:38:17 2024
# [ok]
