#                                                                            --- full sequence --- -------------- this domain -------------   hmm coord   ali coord   env coord
# target name        accession   tlen query name           accession   qlen   E-value  score  bias   #  of  c-Evalue  i-Evalue  score  bias  from    to  from    to  from    to  acc description of target
#------------------- ---------- ----- -------------------- ---------- ----- --------- ------ ----- --- --- --------- --------- ------ ----- ----- ----- ----- ----- ----- ----- ---- ---------------------
9460:2216-3268       -            351 26894at4891          -            219   5.2e-68  225.8   6.0   1   1   4.8e-68   1.1e-65  218.3   6.0     1   193     7   260     7   309 0.83 -
9146:11455-12855     -            467 26894at4891          -            219   4.4e-11   39.7   0.2   1   2     0.064        14    2.1   0.0    23    57   110   145   101   175 0.68 -
9146:11455-12855     -            467 26894at4891          -            219   4.4e-11   39.7   0.2   2   2   4.3e-12   9.6e-10   35.3   0.0   106   161   232   292   207   303 0.83 -
9306:13782-15263     -            494 26894at4891          -            219   4.9e-09   33.0   1.6   1   2   6.6e-11   1.5e-08   31.5   0.2    69   186   210   330   203   352 0.75 -
9306:13782-15263     -            494 26894at4891          -            219   4.9e-09   33.0   1.6   2   2      0.23        50    0.3   0.1    82   146   365   435   354   441 0.71 -
9656:3033-4910       -            626 26894at4891          -            219   7.2e-08   29.2   0.8   1   2     0.042       9.3    2.7   0.1    26    60   189   223   174   255 0.74 -
9656:3033-4910       -            626 26894at4891          -            219   7.2e-08   29.2   0.8   2   2     7e-09   1.6e-06   24.8   0.1   106   170   341   405   333   418 0.76 -
9518:15538-16467     -            310 26894at4891          -            219   0.00059   16.4   0.2   1   1   6.1e-06    0.0014   15.2   0.2    94   133    22    61     9    99 0.73 -
8346:3270-4373       -            368 26894at4891          -            219    0.0011   15.6   0.1   1   1   1.1e-05    0.0024   14.4   0.1   102   157    64   121    58   169 0.83 -
9494:6635-7150       -            172 26894at4891          -            219    0.0013   15.3   0.0   1   1     1e-05    0.0023   14.5   0.0   102   122     4    24     3    50 0.88 -
9718:43474-44961     -            496 26894at4891          -            219    0.0017   15.0   0.0   1   1   1.4e-05    0.0032   14.0   0.0   106   198   330   427   326   440 0.66 -
9286:9558-10349      -            264 26894at4891          -            219    0.0043   13.6   0.5   1   2   3.1e-05    0.0069   12.9   0.1   104   156    88   147    67   159 0.79 -
9286:9558-10349      -            264 26894at4891          -            219    0.0043   13.6   0.5   2   2       2.4   5.3e+02   -3.0   0.0    63    75   202   214   184   222 0.64 -
9372:36-1142         -            369 26894at4891          -            219    0.0069   12.9   0.0   1   1   9.9e-05     0.022   11.3   0.0   107   156    71   122    63   126 0.70 -
9380:4481-6421       -            647 26894at4891          -            219    0.0096   12.5   0.0   1   1   9.2e-05     0.021   11.4   0.0   103   156   169   224   156   260 0.67 -
9434:16912-17505     -            198 26894at4891          -            219     0.018   11.6   0.1   1   2   0.00016     0.035   10.6   0.0    97   127    13    43     3    73 0.78 -
9434:16912-17505     -            198 26894at4891          -            219     0.018   11.6   0.1   2   2       2.2     5e+02   -3.0   0.0    25    45   143   163   128   169 0.55 -
#
# Program:         hmmsearch
# Version:         3.1b2 (February 2015)
# Pipeline mode:   SEARCH
# Query file:      /home/jj/Desktop/Bioinformatics/3rd_year/1term/Computational_genomics/Seminars/exercise_04/busco_downloads/lineages/saccharomycetes_odb10/hmms/26894at4891.hmm
# Target file:     /home/jj/Desktop/Bioinformatics/3rd_year/1term/Computational_genomics/Seminars/exercise_04/./busco/SRR6130428/SRR6130428_k63_contigs/run_saccharomycetes_odb10/metaeuk_output/initial_results/SRR6130428_k63_graph.contig.fa.modified.fas
# Option settings: hmmsearch --domtblout /home/jj/Desktop/Bioinformatics/3rd_year/1term/Computational_genomics/Seminars/exercise_04/./busco/SRR6130428/SRR6130428_k63_contigs/run_saccharomycetes_odb10/hmmer_output/initial_run_results/26894at4891.out --cpu 1 /home/jj/Desktop/Bioinformatics/3rd_year/1term/Computational_genomics/Seminars/exercise_04/busco_downloads/lineages/saccharomycetes_odb10/hmms/26894at4891.hmm /home/jj/Desktop/Bioinformatics/3rd_year/1term/Computational_genomics/Seminars/exercise_04/./busco/SRR6130428/SRR6130428_k63_contigs/run_saccharomycetes_odb10/metaeuk_output/initial_results/SRR6130428_k63_graph.contig.fa.modified.fas 
# Current dir:     /home/jj/Desktop/Bioinformatics/3rd_year/1term/Computational_genomics/Seminars/exercise_04
# Date:            Tue Nov  5 18:38:17 2024
# [ok]
