#                                                                            --- full sequence --- -------------- this domain -------------   hmm coord   ali coord   env coord
# target name        accession   tlen query name           accession   qlen   E-value  score  bias   #  of  c-Evalue  i-Evalue  score  bias  from    to  from    to  from    to  acc description of target
#------------------- ---------- ----- -------------------- ---------- ----- --------- ------ ----- --- --- --------- --------- ------ ----- ----- ----- ----- ----- ----- ----- ---- ---------------------
8820:1144-1986       -            281 26931at4891          -            170   9.9e-73  240.9  18.8   1   3   2.1e-41   1.1e-38  130.0   1.7     1   118     1   126     1   136 0.92 -
8820:1144-1986       -            281 26931at4891          -            170   9.9e-73  240.9  18.8   2   3      0.35   1.9e+02   -0.9   0.0    84   114   159   189   125   198 0.66 -
8820:1144-1986       -            281 26931at4891          -            170   9.9e-73  240.9  18.8   3   3   4.3e-37   2.3e-34  116.0   9.6   109   170   212   274   145   274 0.81 -
9616:696-1685        -            330 26931at4891          -            170   5.7e-26   88.7   2.5   1   2    0.0028       1.5    6.0   0.2     8    97    12   105     9   119 0.75 -
9616:696-1685        -            330 26931at4891          -            170   5.7e-26   88.7   2.5   2   2   7.4e-27     4e-24   82.7   0.1   104   167   265   329   191   330 0.80 -
8134:1841-2419       -            193 26931at4891          -            170   9.5e-24   81.5  13.3   1   1   5.3e-26   2.9e-23   79.9  13.3   109   164   136   192    49   193 0.65 -
9220:4444-5490       -            349 26931at4891          -            170   3.7e-09   34.0   4.5   1   3   6.9e-12   3.7e-09   34.0   4.5   117   166    19    70    10    73 0.86 -
9220:4444-5490       -            349 26931at4891          -            170   3.7e-09   34.0   4.5   2   3      0.48   2.6e+02   -1.3   0.2    47    73   138   163   122   231 0.54 -
9220:4444-5490       -            349 26931at4891          -            170   3.7e-09   34.0   4.5   3   3      0.21   1.1e+02   -0.2   0.5    54    54   263   263   207   341 0.58 -
9244:5710-7539       -            610 26931at4891          -            170     0.041   11.1   6.9   1   2    0.0074         4    4.6   0.7    37    89    20    72     7    90 0.77 -
9244:5710-7539       -            610 26931at4891          -            170     0.041   11.1   6.9   2   2    0.0003      0.16    9.1   0.8    25    73   315   363   295   371 0.90 -
#
# Program:         hmmsearch
# Version:         3.1b2 (February 2015)
# Pipeline mode:   SEARCH
# Query file:      /home/jj/Desktop/Bioinformatics/3rd_year/1term/Computational_genomics/Seminars/exercise_04/busco_downloads/lineages/saccharomycetes_odb10/hmms/26931at4891.hmm
# Target file:     /home/jj/Desktop/Bioinformatics/3rd_year/1term/Computational_genomics/Seminars/exercise_04/./busco/SRR6130428/SRR6130428_k63_contigs/run_saccharomycetes_odb10/metaeuk_output/initial_results/SRR6130428_k63_graph.contig.fa.modified.fas
# Option settings: hmmsearch --domtblout /home/jj/Desktop/Bioinformatics/3rd_year/1term/Computational_genomics/Seminars/exercise_04/./busco/SRR6130428/SRR6130428_k63_contigs/run_saccharomycetes_odb10/hmmer_output/initial_run_results/26931at4891.out --cpu 1 /home/jj/Desktop/Bioinformatics/3rd_year/1term/Computational_genomics/Seminars/exercise_04/busco_downloads/lineages/saccharomycetes_odb10/hmms/26931at4891.hmm /home/jj/Desktop/Bioinformatics/3rd_year/1term/Computational_genomics/Seminars/exercise_04/./busco/SRR6130428/SRR6130428_k63_contigs/run_saccharomycetes_odb10/metaeuk_output/initial_results/SRR6130428_k63_graph.contig.fa.modified.fas 
# Current dir:     /home/jj/Desktop/Bioinformatics/3rd_year/1term/Computational_genomics/Seminars/exercise_04
# Date:            Tue Nov  5 18:38:17 2024
# [ok]
