#                                                                            --- full sequence --- -------------- this domain -------------   hmm coord   ali coord   env coord
# target name        accession   tlen query name           accession   qlen   E-value  score  bias   #  of  c-Evalue  i-Evalue  score  bias  from    to  from    to  from    to  acc description of target
#------------------- ---------- ----- -------------------- ---------- ----- --------- ------ ----- --- --- --------- --------- ------ ----- ----- ----- ----- ----- ----- ----- ---- ---------------------
8542:260-1981        -            574 27209at4891          -            456  6.9e-195  645.3  13.9   1   2   3.4e-20   1.9e-18   63.7   0.1     1    49     1    49     1    59 0.95 -
8542:260-1981        -            574 27209at4891          -            456  6.9e-195  645.3  13.9   2   2  1.2e-177    7e-176  582.7  10.6    44   455    67   563    57   565 0.84 -
8436:656-1654        -            333 27209at4891          -            456   7.3e-16   55.2  13.8   1   4   9.3e-05    0.0053   12.8   0.0   223   274     7    63     1    68 0.73 -
8436:656-1654        -            333 27209at4891          -            456   7.3e-16   55.2  13.8   2   4   3.3e-08   1.9e-06   24.2   3.5   236   290    69   129    65   205 0.66 -
8436:656-1654        -            333 27209at4891          -            456   7.3e-16   55.2  13.8   3   4   5.8e-07   3.3e-05   20.1   1.3   235   363   109   250   106   274 0.67 -
8436:656-1654        -            333 27209at4891          -            456   7.3e-16   55.2  13.8   4   4   1.8e-05     0.001   15.1   0.4   219   282   261   330   253   332 0.76 -
9618:271-3099        -            943 27209at4891          -            456     2e-15   53.8  19.8   1   6   4.1e-08   2.3e-06   23.9   4.9   233   361    91   230    83   231 0.78 -
9618:271-3099        -            943 27209at4891          -            456     2e-15   53.8  19.8   2   6   6.6e-06   0.00038   16.6   1.2   235   293   176   239   157   289 0.78 -
9618:271-3099        -            943 27209at4891          -            456     2e-15   53.8  19.8   3   6   0.00071      0.04    9.9   0.0   328   408   388   462   339   467 0.77 -
9618:271-3099        -            943 27209at4891          -            456     2e-15   53.8  19.8   4   6   7.4e-06   0.00042   16.4   0.1   305   361   446   501   442   509 0.86 -
9618:271-3099        -            943 27209at4891          -            456     2e-15   53.8  19.8   5   6   0.00037     0.021   10.8   1.8   215   360   468   600   463   603 0.66 -
9618:271-3099        -            943 27209at4891          -            456     2e-15   53.8  19.8   6   6    0.0048      0.27    7.2   0.3   218   282   613   683   605   707 0.64 -
9128:10043-12433     -            797 27209at4891          -            456   6.5e-14   48.8  10.9   1   5       4.3   2.4e+02   -2.6   2.9    73   147   324   402   312   407 0.72 -
9128:10043-12433     -            797 27209at4891          -            456   6.5e-14   48.8  10.9   2   5   5.5e-09   3.2e-07   26.7   0.1   175   254   480   558   470   581 0.87 -
9128:10043-12433     -            797 27209at4891          -            456   6.5e-14   48.8  10.9   3   5     0.061       3.5    3.5   0.1   236   289   582   642   564   647 0.70 -
9128:10043-12433     -            797 27209at4891          -            456   6.5e-14   48.8  10.9   4   5       1.1        63   -0.6   0.0   219   253   650   683   644   690 0.79 -
9128:10043-12433     -            797 27209at4891          -            456   6.5e-14   48.8  10.9   5   5   1.8e-07     1e-05   21.7   0.0   212   253   686   726   681   731 0.86 -
9508:19799-20617     -            273 27209at4891          -            456   3.4e-13   46.4   9.0   1   5    0.0023      0.13    8.2   0.1   239   283     2    51     1    61 0.82 -
9508:19799-20617     -            273 27209at4891          -            456   3.4e-13   46.4   9.0   2   5   1.3e-06   7.3e-05   18.9   0.4   217   253    63    96    53   113 0.84 -
9508:19799-20617     -            273 27209at4891          -            456   3.4e-13   46.4   9.0   3   5      0.02       1.1    5.1   0.1   237   261   121   147    99   156 0.72 -
9508:19799-20617     -            273 27209at4891          -            456   3.4e-13   46.4   9.0   4   5    0.0037      0.21    7.5   0.0   231   411   204   229   188   241 0.65 -
9508:19799-20617     -            273 27209at4891          -            456   3.4e-13   46.4   9.0   5   5    0.0013     0.076    9.0   0.1   236   258   249   271   230   273 0.80 -
9522:17732-18610     -            293 27209at4891          -            456   4.1e-13   46.1   1.9   1   3   3.1e-05    0.0018   14.4   0.1   219   256    13    50     9    57 0.87 -
9522:17732-18610     -            293 27209at4891          -            456   4.1e-13   46.1   1.9   2   3     0.017      0.95    5.4   0.1   214   254    70   107    56   115 0.75 -
9522:17732-18610     -            293 27209at4891          -            456   4.1e-13   46.1   1.9   3   3   3.3e-08   1.9e-06   24.2   0.0   230   291   148   214   143   257 0.73 -
9724:2093-15713      -            205 27209at4891          -            456   7.7e-13   45.2   1.2   1   2    0.0054      0.31    7.0   0.0   236   257     1    22     1    36 0.83 -
9724:2093-15713      -            205 27209at4891          -            456   7.7e-13   45.2   1.2   2   2   2.8e-12   1.6e-10   37.6   0.5   225   349    54   188    20   201 0.70 -
8478:1944-3398       -            485 27209at4891          -            456   2.5e-12   43.5   8.0   1   3   0.00049     0.028   10.4   0.0   218   253    65   100    56   109 0.90 -
8478:1944-3398       -            485 27209at4891          -            456   2.5e-12   43.5   8.0   2   3     0.011       0.6    6.0   0.3   233   252   133   152   127   168 0.81 -
8478:1944-3398       -            485 27209at4891          -            456   2.5e-12   43.5   8.0   3   3   1.6e-08   9.1e-07   25.2   4.4   243   423   199   396   186   431 0.70 -
8822:7585-8277       -            231 27209at4891          -            456   7.2e-12   42.0   1.5   1   4   3.8e-05    0.0021   14.1   0.0   236   302    13    84     9    95 0.52 -
8822:7585-8277       -            231 27209at4891          -            456   7.2e-12   42.0   1.5   2   4   0.00014    0.0079   12.2   0.0   221   283    41   109    29   113 0.62 -
8822:7585-8277       -            231 27209at4891          -            456   7.2e-12   42.0   1.5   3   4   1.4e-05   0.00079   15.5   0.2   210   257   121   167    83   181 0.75 -
8822:7585-8277       -            231 27209at4891          -            456   7.2e-12   42.0   1.5   4   4    0.0037      0.21    7.5   0.0   217   252   182   216   166   224 0.82 -
9658:6665-7375       -            237 27209at4891          -            456   7.6e-12   41.9   1.9   1   1   2.7e-13   1.6e-11   40.9   1.6   236   407    12   199     6   207 0.77 -
9674:12257-13606     -            450 27209at4891          -            456   1.3e-10   37.9   3.4   1   3     0.002      0.11    8.4   1.6   326   405   115   191    87   200 0.59 -
9674:12257-13606     -            450 27209at4891          -            456   1.3e-10   37.9   3.4   2   3     0.073       4.2    3.3   0.4   213   266   155   212   149   218 0.70 -
9674:12257-13606     -            450 27209at4891          -            456   1.3e-10   37.9   3.4   3   3   2.4e-09   1.4e-07   27.9   0.1   233   363   216   365   183   371 0.69 -
9534:20058-21434     -            459 27209at4891          -            456   7.8e-10   35.3  11.1   1   3   0.00063     0.036   10.1   1.6   236   335   118   212    99   241 0.72 -
9534:20058-21434     -            459 27209at4891          -            456   7.8e-10   35.3  11.1   2   3   0.00097     0.055    9.4   0.7   217   286   284   359   267   370 0.69 -
9534:20058-21434     -            459 27209at4891          -            456   7.8e-10   35.3  11.1   3   3   3.1e-07   1.8e-05   21.0   0.1   210   282   365   451   352   454 0.68 -
9120:7323-8150       -            276 27209at4891          -            456   1.6e-09   34.3   1.4   1   1     6e-11   3.4e-09   33.2   1.4   213   360   104   274    96   276 0.74 -
9636:17731-18642     -            304 27209at4891          -            456   2.1e-09   33.9   7.2   1   3   6.8e-07   3.9e-05   19.8   0.1   269   364     4   107     2   116 0.77 -
9636:17731-18642     -            304 27209at4891          -            456   2.1e-09   33.9   7.2   2   3      0.19        11    1.9   0.0   236   258   132   154   125   157 0.87 -
9636:17731-18642     -            304 27209at4891          -            456   2.1e-09   33.9   7.2   3   3    0.0045      0.26    7.3   0.1   234   253   264   283   257   290 0.84 -
9676:28964-31411     -            816 27209at4891          -            456   2.7e-09   33.6   8.8   1   6       1.4        80   -1.0   0.0   378   411   103   136    83   151 0.65 -
9676:28964-31411     -            816 27209at4891          -            456   2.7e-09   33.6   8.8   2   6   0.00015    0.0086   12.1   0.0   234   306   161   247   132   294 0.59 -
9676:28964-31411     -            816 27209at4891          -            456   2.7e-09   33.6   8.8   3   6       1.3        71   -0.8   0.0   341   376   448   482   430   495 0.69 -
9676:28964-31411     -            816 27209at4891          -            456   2.7e-09   33.6   8.8   4   6      0.01      0.57    6.1   0.1   325   361   485   519   473   525 0.57 -
9676:28964-31411     -            816 27209at4891          -            456   2.7e-09   33.6   8.8   5   6     0.002      0.11    8.4   0.2   231   255   543   567   524   572 0.84 -
9676:28964-31411     -            816 27209at4891          -            456   2.7e-09   33.6   8.8   6   6    0.0046      0.26    7.2   0.1   217   254   572   608   566   670 0.72 -
8494:4772-5887       -            372 27209at4891          -            456   6.1e-09   32.4   0.3   1   3    0.0019      0.11    8.5   0.0   220   282    60   131    42   144 0.60 -
8494:4772-5887       -            372 27209at4891          -            456   6.1e-09   32.4   0.3   2   3       1.8     1e+02   -1.3   0.0   267   305   186   224   177   230 0.85 -
8494:4772-5887       -            372 27209at4891          -            456   6.1e-09   32.4   0.3   3   3   3.3e-07   1.9e-05   20.9   0.1   175   251   235   315   220   336 0.81 -
9542:4562-5380       -            273 27209at4891          -            456   6.5e-09   32.3   5.1   1   3    0.0043      0.24    7.3   0.0   220   254    56    90     2   100 0.79 -
9542:4562-5380       -            273 27209at4891          -            456   6.5e-09   32.3   5.1   2   3   1.2e-06     7e-05   19.0   0.1   204   268   136   206   130   216 0.82 -
9542:4562-5380       -            273 27209at4891          -            456   6.5e-09   32.3   5.1   3   3    0.0025      0.14    8.1   0.2   303   361   212   269   206   272 0.90 -
9126:8755-11505      -            917 27209at4891          -            456   1.3e-08   31.3   2.1   1   3       3.1   1.8e+02   -2.1   0.0   400   424    37    61     4   123 0.58 -
9126:8755-11505      -            917 27209at4891          -            456   1.3e-08   31.3   2.1   2   3      0.44        25    0.7   0.1   214   254   140   179   125   207 0.80 -
9126:8755-11505      -            917 27209at4891          -            456   1.3e-08   31.3   2.1   3   3   2.4e-09   1.4e-07   27.9   0.3   216   407   341   546   327   586 0.68 -
9248:1987-5412       -           1142 27209at4891          -            456   1.6e-08   31.0   2.0   1   2   9.8e-06   0.00056   16.0   0.4   204   286    94   184    82   187 0.71 -
9248:1987-5412       -           1142 27209at4891          -            456   1.6e-08   31.0   2.0   2   2   1.8e-05     0.001   15.2   0.3   305   363   169   228   155   243 0.78 -
9680:19363-20697     -            445 27209at4891          -            456   2.2e-08   30.5   6.9   1   4    0.0082      0.47    6.4   0.1   217   252   130   165   120   180 0.81 -
9680:19363-20697     -            445 27209at4891          -            456   2.2e-08   30.5   6.9   2   4    0.0003     0.017   11.1   0.2   234   287   189   249   166   251 0.65 -
9680:19363-20697     -            445 27209at4891          -            456   2.2e-08   30.5   6.9   3   4       0.2        11    1.8   0.0   234   251   231   248   214   267 0.76 -
9680:19363-20697     -            445 27209at4891          -            456   2.2e-08   30.5   6.9   4   4   3.9e-05    0.0022   14.0   0.4   236   363   275   423   259   430 0.67 -
8240:671-1900        -            410 27209at4891          -            456   8.7e-08   28.6   2.6   1   2      0.64        37    0.2   1.6    43    98    39    99    30   102 0.70 -
8240:671-1900        -            410 27209at4891          -            456   8.7e-08   28.6   2.6   2   2   5.4e-09   3.1e-07   26.8   0.0   233   363   130   278   107   289 0.76 -
9656:28053-28895     -            281 27209at4891          -            456   8.8e-08   28.6   5.7   1   2   2.9e-08   1.6e-06   24.4   0.9   242   361    43   179    34   180 0.76 -
9656:28053-28895     -            281 27209at4891          -            456   8.8e-08   28.6   5.7   2   2   4.2e-05    0.0024   13.9   0.3   213   308   141   244   135   264 0.69 -
9660:3304-3999       -            232 27209at4891          -            456     1e-07   28.3   6.1   1   3   0.00012    0.0067   12.5   0.0   306   339    18    52     8    85 0.81 -
9660:3304-3999       -            232 27209at4891          -            456     1e-07   28.3   6.1   2   3   1.5e-05   0.00084   15.4   2.7   232   283   112   168    56   174 0.78 -
9660:3304-3999       -            232 27209at4891          -            456     1e-07   28.3   6.1   3   3      0.56        32    0.4   0.0   237   249   220   232   212   232 0.84 -
9360:6122-9931       -           1270 27209at4891          -            456   1.1e-07   28.2   9.6   1   4      0.19        11    1.9   0.0   305   346    24    68     8    89 0.84 -
9360:6122-9931       -           1270 27209at4891          -            456   1.1e-07   28.2   9.6   2   4    0.0015     0.088    8.8   0.1   210   254    98   142    80   148 0.86 -
9360:6122-9931       -           1270 27209at4891          -            456   1.1e-07   28.2   9.6   3   4    0.0011     0.064    9.2   0.8   219   258   159   199   154   212 0.86 -
9360:6122-9931       -           1270 27209at4891          -            456   1.1e-07   28.2   9.6   4   4   0.00042     0.024   10.6   0.1   198   256   235   293   215   302 0.82 -
9068:1225-2790       -            522 27209at4891          -            456   1.3e-07   28.0   1.9   1   4      0.68        39    0.1   0.0    77   105   136   164   125   176 0.85 -
9068:1225-2790       -            522 27209at4891          -            456   1.3e-07   28.0   1.9   2   4    0.0012     0.069    9.1   0.8   223   259   246   282   194   297 0.85 -
9068:1225-2790       -            522 27209at4891          -            456   1.3e-07   28.0   1.9   3   4    0.0038      0.22    7.5   0.0   219   338   286   401   277   406 0.72 -
9068:1225-2790       -            522 27209at4891          -            456   1.3e-07   28.0   1.9   4   4    0.0014     0.079    8.9   0.0   217   253   391   427   376   440 0.84 -
9716:9893-12037      -            715 27209at4891          -            456   2.7e-07   27.0   7.2   1   3   0.00028     0.016   11.2   0.1   313   367    81   131    14   132 0.75 -
9716:9893-12037      -            715 27209at4891          -            456   2.7e-07   27.0   7.2   2   3   5.1e-05    0.0029   13.7   0.3   324   367   130   172   126   175 0.91 -
9716:9893-12037      -            715 27209at4891          -            456   2.7e-07   27.0   7.2   3   3    0.0096      0.55    6.2   0.1   292   423   181   308   176   331 0.75 -
9312:6422-7318       -            299 27209at4891          -            456   2.9e-07   26.9   1.4   1   3   3.7e-08   2.1e-06   24.0   0.2   218   287    79   155    73   175 0.77 -
9312:6422-7318       -            299 27209at4891          -            456   2.9e-07   26.9   1.4   2   3      0.54        31    0.4   0.0   386   412   184   210   168   219 0.65 -
9312:6422-7318       -            299 27209at4891          -            456   2.9e-07   26.9   1.4   3   3       2.1   1.2e+02   -1.6   0.0   305   325   242   262   240   289 0.66 -
9464:9138-11090      -            651 27209at4891          -            456   5.4e-07   26.0   0.3   1   2     0.021       1.2    5.1   0.0   218   258    79   119    65   124 0.87 -
9464:9138-11090      -            651 27209at4891          -            456   5.4e-07   26.0   0.3   2   2   2.2e-07   1.2e-05   21.5   0.2   179   289   100   215    98   223 0.81 -
9560:19431-20225     -            265 27209at4891          -            456   5.7e-07   25.9   0.2   1   3   2.8e-05    0.0016   14.5   0.0   330   377     1    47     1    81 0.76 -
9560:19431-20225     -            265 27209at4891          -            456   5.7e-07   25.9   0.2   2   3    0.0019      0.11    8.5   0.0   216   296    90   166    65   194 0.74 -
9560:19431-20225     -            265 27209at4891          -            456   5.7e-07   25.9   0.2   3   3       2.2   1.3e+02   -1.6   0.0   306   325   238   256   234   259 0.82 -
9346:13077-16673     -           1199 27209at4891          -            456   2.3e-06   23.9  10.2   1   6      0.38        22    0.9   0.0   233   253    65    85    46    92 0.80 -
9346:13077-16673     -           1199 27209at4891          -            456   2.3e-06   23.9  10.2   2   6      0.13       7.5    2.4   0.2   308   361    72   123    66   127 0.69 -
9346:13077-16673     -           1199 27209at4891          -            456   2.3e-06   23.9  10.2   3   6   0.00058     0.033   10.2   0.1   232   261   148   177   123   201 0.76 -
9346:13077-16673     -           1199 27209at4891          -            456   2.3e-06   23.9  10.2   4   6      0.42        24    0.8   0.1   235   253   223   241   203   259 0.77 -
9346:13077-16673     -           1199 27209at4891          -            456   2.3e-06   23.9  10.2   5   6    0.0037      0.21    7.5   0.1   218   254   251   286   239   303 0.80 -
9346:13077-16673     -           1199 27209at4891          -            456   2.3e-06   23.9  10.2   6   6     0.044       2.5    4.0   0.1   276   319   431   474   428   529 0.77 -
9656:5267-6307       -            347 27209at4891          -            456   7.7e-06   22.2   0.7   1   2   5.8e-06   0.00033   16.8   0.0   311   362    31    86    20   156 0.73 -
9656:5267-6307       -            347 27209at4891          -            456   7.7e-06   22.2   0.7   2   2     0.055       3.2    3.7   0.1   216   251   300   334   267   346 0.76 -
9460:7157-8695       -            513 27209at4891          -            456   8.6e-06   22.0   0.0   1   1   3.1e-07   1.8e-05   21.0   0.0   231   440   135   367   119   383 0.65 -
7530:231-1394        -            388 27209at4891          -            456   1.3e-05   21.4   0.2   1   3      0.37        21    0.9   0.0   309   359    33    84    26   110 0.61 -
7530:231-1394        -            388 27209at4891          -            456   1.3e-05   21.4   0.2   2   3    0.0029      0.17    7.9   0.1   215   253   142   180   117   224 0.74 -
7530:231-1394        -            388 27209at4891          -            456   1.3e-05   21.4   0.2   3   3    0.0044      0.25    7.3   0.0   186   249   240   320   234   325 0.61 -
9112:7248-8249       -            334 27209at4891          -            456   1.7e-05   21.0   4.4   1   3     0.029       1.6    4.6   0.2   391   443    11    63     1    79 0.74 -
9112:7248-8249       -            334 27209at4891          -            456   1.7e-05   21.0   4.4   2   3   1.2e-05   0.00069   15.7   0.2   217   305    98   189    94   241 0.72 -
9112:7248-8249       -            334 27209at4891          -            456   1.7e-05   21.0   4.4   3   3      0.29        17    1.3   0.0   236   254   267   285   194   319 0.76 -
9564:19094-20626     -            511 27209at4891          -            456   1.8e-05   20.9   9.2   1   5       8.2   4.7e+02   -3.5   1.4    33   135   175   194   161   206 0.56 -
9564:19094-20626     -            511 27209at4891          -            456   1.8e-05   20.9   9.2   2   5       1.8     1e+02   -1.4   0.0   299   323   224   249   210   252 0.81 -
9564:19094-20626     -            511 27209at4891          -            456   1.8e-05   20.9   9.2   3   5     0.029       1.7    4.6   0.4   228   332   329   367   310   398 0.51 -
9564:19094-20626     -            511 27209at4891          -            456   1.8e-05   20.9   9.2   4   5      0.42        24    0.8   0.1   214   254   361   400   351   413 0.65 -
9564:19094-20626     -            511 27209at4891          -            456   1.8e-05   20.9   9.2   5   5   7.9e-07   4.5e-05   19.6   0.0   215   251   412   448   400   464 0.88 -
9568:5000-6565       -            522 27209at4891          -            456   1.9e-05   20.9   0.0   1   2       5.7   3.2e+02   -3.0   0.0   392   418   162   188   139   230 0.63 -
9568:5000-6565       -            522 27209at4891          -            456   1.9e-05   20.9   0.0   2   2   2.4e-06   0.00014   18.0   0.0   258   436   268   448   251   467 0.68 -
9354:16449-16934     -            162 27209at4891          -            456   9.1e-05   18.6   5.7   1   3    0.0017     0.095    8.7   1.2   217   285    15    95     8   100 0.65 -
9354:16449-16934     -            162 27209at4891          -            456   9.1e-05   18.6   5.7   2   3    0.0011     0.064    9.2   1.9   238   283    83   135    75   139 0.58 -
9354:16449-16934     -            162 27209at4891          -            456   9.1e-05   18.6   5.7   3   3   0.00074     0.042    9.8   0.2   219   251   107   138    98   156 0.77 -
9670:4414-5802       -            463 27209at4891          -            456   0.00058   16.0  12.7   1   4       3.3   1.9e+02   -2.2   1.5    22    48    81   107    74   110 0.79 -
9670:4414-5802       -            463 27209at4891          -            456   0.00058   16.0  12.7   2   4       5.8   3.3e+02   -3.0   0.0   305   351   190   237   182   249 0.65 -
9670:4414-5802       -            463 27209at4891          -            456   0.00058   16.0  12.7   3   4   0.00013    0.0072   12.4   0.2   235   290   278   340   266   344 0.80 -
9670:4414-5802       -            463 27209at4891          -            456   0.00058   16.0  12.7   4   4     0.029       1.7    4.6   0.2   218   248   434   463   422   463 0.84 -
9676:9212-10057      -            282 27209at4891          -            456    0.0008   15.5   7.5   1   5     0.031       1.7    4.5   0.0   234   281    15    73     6    74 0.71 -
9676:9212-10057      -            282 27209at4891          -            456    0.0008   15.5   7.5   2   5   0.00019     0.011   11.8   0.2   230   287    57   125    34   135 0.76 -
9676:9212-10057      -            282 27209at4891          -            456    0.0008   15.5   7.5   3   5     0.056       3.2    3.6   0.7   237   273   167   212   157   233 0.64 -
9676:9212-10057      -            282 27209at4891          -            456    0.0008   15.5   7.5   4   5      0.29        16    1.3   0.4   219   251   196   230   189   262 0.71 -
9676:9212-10057      -            282 27209at4891          -            456    0.0008   15.5   7.5   5   5       1.3        73   -0.8   0.1   222   248   248   274   214   278 0.63 -
9602:2166-4220       -            685 27209at4891          -            456   0.00095   15.3   0.0   1   2      0.13       7.5    2.4   0.0   227   252     4    29     1    38 0.83 -
9602:2166-4220       -            685 27209at4891          -            456   0.00095   15.3   0.0   2   2   0.00044     0.025   10.6   0.0   304   375    58   127    43   160 0.83 -
9390:13413-15017     -            535 27209at4891          -            456   0.00098   15.2   4.5   1   2      0.33        19    1.1   0.1   243   298   146   200    93   207 0.80 -
9390:13413-15017     -            535 27209at4891          -            456   0.00098   15.2   4.5   2   2   0.00044     0.025   10.6   1.8   305   365   333   391   214   440 0.81 -
9494:18928-19965     -            346 27209at4891          -            456    0.0024   13.9   0.3   1   2    0.0031      0.18    7.8   0.0   218   252    50    83    17    93 0.81 -
9494:18928-19965     -            346 27209at4891          -            456    0.0024   13.9   0.3   2   2     0.036         2    4.3   0.1   305   351   169   215   156   238 0.80 -
9078:8616-9581       -            322 27209at4891          -            456     0.004   13.2  17.6   1   4      0.11         6    2.7   0.0   252   289     6    42     2    50 0.86 -
9078:8616-9581       -            322 27209at4891          -            456     0.004   13.2  17.6   2   4    0.0019      0.11    8.5   3.4   216   284    51   132    45   157 0.75 -
9078:8616-9581       -            322 27209at4891          -            456     0.004   13.2  17.6   3   4     0.013      0.76    5.7   4.2   233   299   162   239   144   245 0.77 -
9078:8616-9581       -            322 27209at4891          -            456     0.004   13.2  17.6   4   4      0.04       2.3    4.1   0.6   219   250   193   225   184   274 0.71 -
9460:9231-11075      -            615 27209at4891          -            456     0.005   12.9   6.6   1   3    0.0027      0.15    8.0   0.2   267   345   263   353   253   361 0.64 -
9460:9231-11075      -            615 27209at4891          -            456     0.005   12.9   6.6   2   3       2.2   1.2e+02   -1.6   0.2   213   268   365   418   358   433 0.73 -
9460:9231-11075      -            615 27209at4891          -            456     0.005   12.9   6.6   3   3     0.017      0.95    5.4   0.1   300   361   549   611   514   613 0.77 -
9330:5451-8486       -           1012 27209at4891          -            456    0.0082   12.2   9.8   1   4   0.00016    0.0092   12.0   3.1   219   338   178   288   165   294 0.71 -
9330:5451-8486       -           1012 27209at4891          -            456    0.0082   12.2   9.8   2   4      0.28        16    1.3   0.0   289   361   667   738   603   758 0.74 -
9330:5451-8486       -           1012 27209at4891          -            456    0.0082   12.2   9.8   3   4       5.5   3.2e+02   -2.9   0.0   235   251   781   797   775   805 0.77 -
9330:5451-8486       -           1012 27209at4891          -            456    0.0082   12.2   9.8   4   4       1.3        74   -0.9   0.0   261   292   891   922   880   939 0.81 -
9070:9188-10162      -            325 27209at4891          -            456     0.016   11.3   0.1   1   2       5.4   3.1e+02   -2.9   0.0   222   258    91   123    77   138 0.67 -
9070:9188-10162      -            325 27209at4891          -            456     0.016   11.3   0.1   2   2   0.00064     0.037   10.0   0.1   309   405   220   316   212   324 0.78 -
9658:5110-5880       -            257 27209at4891          -            456     0.024   10.7   0.1   1   2      0.15       8.6    2.2   0.0   311   361    52   100    43   110 0.53 -
9658:5110-5880       -            257 27209at4891          -            456     0.024   10.7   0.1   2   2    0.0089      0.51    6.3   0.0   219   259   113   152   101   208 0.83 -
#
# Program:         hmmsearch
# Version:         3.1b2 (February 2015)
# Pipeline mode:   SEARCH
# Query file:      /home/jj/Desktop/Bioinformatics/3rd_year/1term/Computational_genomics/Seminars/exercise_04/busco_downloads/lineages/saccharomycetes_odb10/hmms/27209at4891.hmm
# Target file:     /home/jj/Desktop/Bioinformatics/3rd_year/1term/Computational_genomics/Seminars/exercise_04/./busco/SRR6130428/SRR6130428_k63_contigs/run_saccharomycetes_odb10/metaeuk_output/initial_results/SRR6130428_k63_graph.contig.fa.modified.fas
# Option settings: hmmsearch --domtblout /home/jj/Desktop/Bioinformatics/3rd_year/1term/Computational_genomics/Seminars/exercise_04/./busco/SRR6130428/SRR6130428_k63_contigs/run_saccharomycetes_odb10/hmmer_output/initial_run_results/27209at4891.out --cpu 1 /home/jj/Desktop/Bioinformatics/3rd_year/1term/Computational_genomics/Seminars/exercise_04/busco_downloads/lineages/saccharomycetes_odb10/hmms/27209at4891.hmm /home/jj/Desktop/Bioinformatics/3rd_year/1term/Computational_genomics/Seminars/exercise_04/./busco/SRR6130428/SRR6130428_k63_contigs/run_saccharomycetes_odb10/metaeuk_output/initial_results/SRR6130428_k63_graph.contig.fa.modified.fas 
# Current dir:     /home/jj/Desktop/Bioinformatics/3rd_year/1term/Computational_genomics/Seminars/exercise_04
# Date:            Tue Nov  5 18:38:18 2024
# [ok]
