#                                                                            --- full sequence --- -------------- this domain -------------   hmm coord   ali coord   env coord
# target name        accession   tlen query name           accession   qlen   E-value  score  bias   #  of  c-Evalue  i-Evalue  score  bias  from    to  from    to  from    to  acc description of target
#------------------- ---------- ----- -------------------- ---------- ----- --------- ------ ----- --- --- --------- --------- ------ ----- ----- ----- ----- ----- ----- ----- ---- ---------------------
9710:14247-15062     -            272 27342at4891          -            193   1.5e-73  243.7   0.2   1   2   9.9e-42   1.5e-39  132.8   0.6     2   108     7   127     6   136 0.88 -
9710:14247-15062     -            272 27342at4891          -            193   1.5e-73  243.7   0.2   2   2   3.6e-34   5.4e-32  108.1   0.0   114   193   182   269   159   269 0.94 -
7566:96-1814         -            573 27342at4891          -            193   6.9e-21   71.9   0.1   1   4   8.6e-07   0.00013   18.8   0.0   143   192    66   115    28   116 0.76 -
7566:96-1814         -            573 27342at4891          -            193   6.9e-21   71.9   0.1   2   4   2.7e-06    0.0004   17.2   0.0   147   179   157   189   118   199 0.72 -
7566:96-1814         -            573 27342at4891          -            193   6.9e-21   71.9   0.1   3   4   8.3e-05     0.012   12.3   0.0   118   179   215   282   194   295 0.74 -
7566:96-1814         -            573 27342at4891          -            193   6.9e-21   71.9   0.1   4   4   1.2e-06   0.00017   18.3   0.0   120   178   320   384   303   397 0.78 -
9636:601-1929        -            443 27342at4891          -            193   2.1e-18   63.8   0.0   1   3   1.7e-07   2.6e-05   21.0   0.1   122   191    66   141    57   143 0.80 -
9636:601-1929        -            443 27342at4891          -            193   2.1e-18   63.8   0.0   2   3   1.5e-12   2.2e-10   37.6   0.0   112   192   143   230   141   231 0.87 -
9636:601-1929        -            443 27342at4891          -            193   2.1e-18   63.8   0.0   3   3      0.17        26    1.5   0.0   155   191   366   402   332   404 0.83 -
8850:4966-7626       -            887 27342at4891          -            193   6.2e-17   59.0   3.6   1   6   0.00091      0.14    8.9   0.0   144   183    46    84    28    94 0.86 -
8850:4966-7626       -            887 27342at4891          -            193   6.2e-17   59.0   3.6   2   6       5.9   8.8e+02   -3.5   0.3    30    55   290   315   287   323 0.82 -
8850:4966-7626       -            887 27342at4891          -            193   6.2e-17   59.0   3.6   3   6     2e-07   2.9e-05   20.9   0.0   143   188   373   418   368   420 0.91 -
8850:4966-7626       -            887 27342at4891          -            193   6.2e-17   59.0   3.6   4   6       0.4        59    0.3   0.0   158   189   569   600   563   603 0.90 -
8850:4966-7626       -            887 27342at4891          -            193   6.2e-17   59.0   3.6   5   6   0.00026     0.039   10.7   0.0   125   181   666   734   643   746 0.68 -
8850:4966-7626       -            887 27342at4891          -            193   6.2e-17   59.0   3.6   6   6   6.7e-05      0.01   12.6   0.0   143   179   790   826   755   839 0.84 -
9176:215-1456        -            414 27342at4891          -            193   2.6e-16   56.9   0.0   1   2     4e-10   5.9e-08   29.7   0.0   114   182   160   235   150   246 0.83 -
9176:215-1456        -            414 27342at4891          -            193   2.6e-16   56.9   0.0   2   2   1.4e-08     2e-06   24.7   0.0   141   192   293   344   260   345 0.76 -
8764:3152-5158       -            669 27342at4891          -            193   1.7e-13   47.7   1.2   1   4   4.6e-08   6.8e-06   22.9   0.1   120   192     8    86     1    87 0.84 -
8764:3152-5158       -            669 27342at4891          -            193   1.7e-13   47.7   1.2   2   4      0.22        33    1.1   0.0   148   176   165   192   157   209 0.76 -
8764:3152-5158       -            669 27342at4891          -            193   1.7e-13   47.7   1.2   3   4    0.0018      0.26    8.0   0.0   147   186   306   345   260   349 0.80 -
8764:3152-5158       -            669 27342at4891          -            193   1.7e-13   47.7   1.2   4   4   0.00042     0.063   10.0   0.0   145   180   526   561   507   568 0.81 -
8660:5537-6670       -            378 27342at4891          -            193   1.3e-09   35.1   1.0   1   4   1.9e-06   0.00028   17.7   0.0   124   180     3    66     1    74 0.85 -
8660:5537-6670       -            378 27342at4891          -            193   1.3e-09   35.1   1.0   2   4       0.2        29    1.3   0.0   154   182   125   153   122   166 0.79 -
8660:5537-6670       -            378 27342at4891          -            193   1.3e-09   35.1   1.0   3   4   0.00033      0.05   10.3   0.0   120   186   201   272   190   278 0.72 -
8660:5537-6670       -            378 27342at4891          -            193   1.3e-09   35.1   1.0   4   4       0.2        29    1.3   0.0   158   192   335   369   288   370 0.77 -
8756:4501-5133       -            211 27342at4891          -            193   1.4e-08   31.7   0.0   1   2   1.8e-05    0.0027   14.4   0.0   144   175    28    59     3    69 0.73 -
8756:4501-5133       -            211 27342at4891          -            193   1.4e-08   31.7   0.0   2   2   1.1e-05    0.0016   15.2   0.0   144   174   112   142   104   151 0.86 -
9070:3727-4833       -            369 27342at4891          -            193   1.4e-07   28.5   0.2   1   4   5.7e-06   0.00085   16.1   0.0   127   178     4    62     1    72 0.77 -
9070:3727-4833       -            369 27342at4891          -            193   1.4e-07   28.5   0.2   2   4     0.035       5.3    3.7   0.0   156   181   125   150   119   164 0.81 -
9070:3727-4833       -            369 27342at4891          -            193   1.4e-07   28.5   0.2   3   4     0.063       9.4    2.9   0.0   158   179   252   273   212   286 0.86 -
9070:3727-4833       -            369 27342at4891          -            193   1.4e-07   28.5   0.2   4   4      0.45        67    0.1   0.0   153   179   339   365   296   367 0.80 -
9644:25675-26058     -            128 27342at4891          -            193   8.4e-07   25.9   0.0   1   1   7.3e-09   1.1e-06   25.5   0.0   113   187    19   100     7   105 0.77 -
8512:1867-2946       -            360 27342at4891          -            193   1.8e-06   24.8   0.0   1   3      0.41        61    0.2   0.0   154   173    54    73    39    94 0.85 -
8512:1867-2946       -            360 27342at4891          -            193   1.8e-06   24.8   0.0   2   3   3.9e-06   0.00058   16.6   0.0   143   178   142   177   103   187 0.78 -
8512:1867-2946       -            360 27342at4891          -            193   1.8e-06   24.8   0.0   3   3     0.032       4.8    3.9   0.0   118   191   259   333   236   335 0.79 -
8866:6641-7975       -            445 27342at4891          -            193   2.8e-06   24.2   0.0   1   3   0.00083      0.12    9.0   0.0   142   186    28    72    23    79 0.87 -
8866:6641-7975       -            445 27342at4891          -            193   2.8e-06   24.2   0.0   2   3      0.12        17    2.0   0.0   155   180   186   211   177   222 0.84 -
8866:6641-7975       -            445 27342at4891          -            193   2.8e-06   24.2   0.0   3   3   0.00095      0.14    8.9   0.0   153   192   403   443   398   444 0.79 -
9262:13434-14585     -            384 27342at4891          -            193   6.1e-06   23.1   0.2   1   3     0.011       1.6    5.4   0.4    80   186    66   172    53   180 0.68 -
9262:13434-14585     -            384 27342at4891          -            193   6.1e-06   23.1   0.2   2   3    0.0089       1.3    5.7   0.1   132   175   140   184   120   197 0.72 -
9262:13434-14585     -            384 27342at4891          -            193   6.1e-06   23.1   0.2   3   3   5.6e-05    0.0084   12.9   0.0   124   179   223   285   211   299 0.70 -
9616:24705-25226     -            174 27342at4891          -            193   2.8e-05   20.9   0.1   1   2   1.9e-07   2.8e-05   20.9   0.1   143   189    73   119    20   123 0.83 -
9616:24705-25226     -            174 27342at4891          -            193   2.8e-05   20.9   0.1   2   2       1.9   2.9e+02   -1.9   0.2    47    81   132   166   125   173 0.60 -
9010:6082-6963       -            294 27342at4891          -            193   3.4e-05   20.7   0.0   1   1   4.6e-07   6.8e-05   19.7   0.0   144   191    47    94    35    96 0.88 -
9296:11341-12246     -            302 27342at4891          -            193   0.00012   18.9   0.0   1   3       1.7   2.5e+02   -1.7   0.1   159   174     2    17     1    21 0.85 -
9296:11341-12246     -            302 27342at4891          -            193   0.00012   18.9   0.0   2   3   8.7e-06    0.0013   15.5   0.0   143   192    92   141    65   142 0.89 -
9296:11341-12246     -            302 27342at4891          -            193   0.00012   18.9   0.0   3   3      0.74   1.1e+02   -0.6   0.0   155   178   265   288   228   293 0.85 -
9516:2220-3596       -            459 27342at4891          -            193   0.00066   16.5   4.6   1   4       1.2   1.7e+02   -1.2   0.6    42    84    51    92    34   104 0.63 -
9516:2220-3596       -            459 27342at4891          -            193   0.00066   16.5   4.6   2   4       1.9   2.9e+02   -1.9   0.3    45    87   102   143    75   150 0.64 -
9516:2220-3596       -            459 27342at4891          -            193   0.00066   16.5   4.6   3   4      0.26        38    0.9   0.1   144   189   221   267   186   271 0.77 -
9516:2220-3596       -            459 27342at4891          -            193   0.00066   16.5   4.6   4   4   1.2e-05    0.0018   15.1   0.0   144   173   308   337   274   347 0.88 -
9518:605-1180        -            192 27342at4891          -            193    0.0011   15.7   0.0   1   2   0.00088      0.13    9.0   0.0   152   186    55    89    12    96 0.81 -
9518:605-1180        -            192 27342at4891          -            193    0.0011   15.7   0.0   2   2     0.015       2.3    4.9   0.0   152   188   153   189   105   191 0.74 -
#
# Program:         hmmsearch
# Version:         3.1b2 (February 2015)
# Pipeline mode:   SEARCH
# Query file:      /home/jj/Desktop/Bioinformatics/3rd_year/1term/Computational_genomics/Seminars/exercise_04/busco_downloads/lineages/saccharomycetes_odb10/hmms/27342at4891.hmm
# Target file:     /home/jj/Desktop/Bioinformatics/3rd_year/1term/Computational_genomics/Seminars/exercise_04/./busco/SRR6130428/SRR6130428_k63_contigs/run_saccharomycetes_odb10/metaeuk_output/initial_results/SRR6130428_k63_graph.contig.fa.modified.fas
# Option settings: hmmsearch --domtblout /home/jj/Desktop/Bioinformatics/3rd_year/1term/Computational_genomics/Seminars/exercise_04/./busco/SRR6130428/SRR6130428_k63_contigs/run_saccharomycetes_odb10/hmmer_output/initial_run_results/27342at4891.out --cpu 1 /home/jj/Desktop/Bioinformatics/3rd_year/1term/Computational_genomics/Seminars/exercise_04/busco_downloads/lineages/saccharomycetes_odb10/hmms/27342at4891.hmm /home/jj/Desktop/Bioinformatics/3rd_year/1term/Computational_genomics/Seminars/exercise_04/./busco/SRR6130428/SRR6130428_k63_contigs/run_saccharomycetes_odb10/metaeuk_output/initial_results/SRR6130428_k63_graph.contig.fa.modified.fas 
# Current dir:     /home/jj/Desktop/Bioinformatics/3rd_year/1term/Computational_genomics/Seminars/exercise_04
# Date:            Tue Nov  5 18:38:18 2024
# [ok]
