#                                                                            --- full sequence --- -------------- this domain -------------   hmm coord   ali coord   env coord
# target name        accession   tlen query name           accession   qlen   E-value  score  bias   #  of  c-Evalue  i-Evalue  score  bias  from    to  from    to  from    to  acc description of target
#------------------- ---------- ----- -------------------- ---------- ----- --------- ------ ----- --- --- --------- --------- ------ ----- ----- ----- ----- ----- ----- ----- ---- ---------------------
9600:12589-13188     -            200 27558at4891          -            164   7.1e-75  248.1   1.8   1   1   8.6e-77   8.8e-75  247.7   1.8     1   164     5   192     5   192 0.91 -
9406:6563-7207       -            215 27558at4891          -            164   3.8e-21   73.3   0.6   1   1   4.9e-23     5e-21   72.9   0.6     3   151    21   182    19   194 0.82 -
7992:884-1501        -            206 27558at4891          -            164     1e-19   68.7   0.5   1   1   1.5e-21   1.5e-19   68.1   0.5     4   142    10   163     8   177 0.85 -
9638:11299-12714     -            279 27558at4891          -            164   2.9e-19   67.2   0.3   1   1   4.1e-21   4.2e-19   66.7   0.3     3   145    75   234    73   246 0.81 -
9652:7994-8617       -            208 27558at4891          -            164     9e-19   65.6   0.1   1   1   1.4e-20   1.4e-18   64.9   0.1     3   145     9   173     7   186 0.76 -
8012:204-749         -            182 27558at4891          -            164   8.2e-17   59.2   0.0   1   1   9.9e-19     1e-16   58.9   0.0     2   141     6   163     5   177 0.78 -
9714:14124-14693     -            190 27558at4891          -            164     1e-15   55.7   0.0   1   1   2.3e-16   2.4e-14   51.2   0.0     4   147     1   162     1   173 0.86 -
9686:29089-29574     -            162 27558at4891          -            164   4.3e-14   50.4   0.0   1   1   4.9e-16   5.1e-14   50.2   0.0     4   124     1   130     1   160 0.80 -
8968:6712-7380       -            223 27558at4891          -            164   4.8e-14   50.2   0.0   1   1     6e-16   6.2e-14   49.9   0.0     3   150    14   176    12   187 0.81 -
8856:4098-4763       -            222 27558at4891          -            164   6.6e-14   49.8   0.1   1   1   8.6e-16   8.9e-14   49.4   0.1     3   149    14   175    12   184 0.81 -
9646:6177-6674       -            166 27558at4891          -            164   8.5e-14   49.4   0.0   1   1   1.1e-15   1.1e-13   49.0   0.0     4   144     1   161     1   165 0.73 -
9570:23807-24448     -            214 27558at4891          -            164   3.2e-13   47.6   0.0   1   1   1.5e-13   1.6e-11   42.0   0.0     4   107     2   127     1   136 0.83 -
8740:325-852         -            176 27558at4891          -            164   4.5e-13   47.1   0.2   1   1   5.6e-15   5.8e-13   46.7   0.2     3   142    11   165     9   171 0.82 -
9616:2514-3011       -            166 27558at4891          -            164   6.6e-13   46.5   0.3   1   1   8.1e-15   8.4e-13   46.2   0.3     4   142     2   155     1   162 0.82 -
9394:464-982         -            173 27558at4891          -            164   4.1e-11   40.7   0.0   1   1   5.4e-13   5.6e-11   40.3   0.0     3   106     8   123     6   158 0.79 -
8032:1817-2311       -            165 27558at4891          -            164   9.2e-11   39.6   0.1   1   1   1.2e-12   1.2e-10   39.2   0.1     4   106     1   115     1   151 0.79 -
9342:4433-4966       -            178 27558at4891          -            164   4.9e-10   37.2   0.0   1   1   6.4e-12   6.5e-10   36.8   0.0     4   111     5   124     2   138 0.81 -
8996:8645-9337       -            231 27558at4891          -            164   2.9e-09   34.7   0.0   1   1   3.8e-11   3.9e-09   34.3   0.0     3    89    17   112    15   153 0.81 -
8556:666-1238        -            191 27558at4891          -            164   3.3e-09   34.5   0.0   1   1   6.2e-11   6.3e-09   33.6   0.0     3   106     4   119     2   137 0.78 -
9160:12117-12692     -            192 27558at4891          -            164   7.3e-08   30.1   0.0   1   1   1.7e-09   1.8e-07   28.9   0.0     3   106     5   121     3   178 0.73 -
9176:12388-12873     -            162 27558at4891          -            164   1.7e-07   28.9   0.1   1   1     2e-09     2e-07   28.7   0.1     4   114     2   125     1   162 0.71 -
9396:17173-17850     -            226 27558at4891          -            164   1.7e-07   28.9   0.0   1   2   1.4e-07   1.4e-05   22.7   0.0     3    38     4    39     2    46 0.90 -
9396:17173-17850     -            226 27558at4891          -            164   1.7e-07   28.9   0.0   2   2      0.11        12    3.5   0.0    47    88    85   127    76   178 0.76 -
9686:22344-22916     -            191 27558at4891          -            164   2.1e-07   28.6   0.0   1   1   2.4e-09   2.5e-07   28.4   0.0     4   107     9   124     6   178 0.79 -
9260:2621-3145       -            175 27558at4891          -            164   0.00039   18.0   0.1   1   1   4.9e-06    0.0005   17.7   0.1     2    90    17   110    16   144 0.73 -
9434:16912-17505     -            198 27558at4891          -            164    0.0033   15.0   0.0   1   1   4.1e-05    0.0042   14.7   0.0    39   110    64   141    17   166 0.66 -
9450:10864-12849     -            662 27558at4891          -            164    0.0061   14.1   0.0   1   2     0.033       3.4    5.2   0.0     2    27     5    30     4    39 0.86 -
9450:10864-12849     -            662 27558at4891          -            164    0.0061   14.1   0.0   2   2     0.019       1.9    6.0   0.0     7    80   453   536   448   573 0.66 -
#
# Program:         hmmsearch
# Version:         3.1b2 (February 2015)
# Pipeline mode:   SEARCH
# Query file:      /home/jj/Desktop/Bioinformatics/3rd_year/1term/Computational_genomics/Seminars/exercise_04/busco_downloads/lineages/saccharomycetes_odb10/hmms/27558at4891.hmm
# Target file:     /home/jj/Desktop/Bioinformatics/3rd_year/1term/Computational_genomics/Seminars/exercise_04/./busco/SRR6130428/SRR6130428_k63_contigs/run_saccharomycetes_odb10/metaeuk_output/initial_results/SRR6130428_k63_graph.contig.fa.modified.fas
# Option settings: hmmsearch --domtblout /home/jj/Desktop/Bioinformatics/3rd_year/1term/Computational_genomics/Seminars/exercise_04/./busco/SRR6130428/SRR6130428_k63_contigs/run_saccharomycetes_odb10/hmmer_output/initial_run_results/27558at4891.out --cpu 1 /home/jj/Desktop/Bioinformatics/3rd_year/1term/Computational_genomics/Seminars/exercise_04/busco_downloads/lineages/saccharomycetes_odb10/hmms/27558at4891.hmm /home/jj/Desktop/Bioinformatics/3rd_year/1term/Computational_genomics/Seminars/exercise_04/./busco/SRR6130428/SRR6130428_k63_contigs/run_saccharomycetes_odb10/metaeuk_output/initial_results/SRR6130428_k63_graph.contig.fa.modified.fas 
# Current dir:     /home/jj/Desktop/Bioinformatics/3rd_year/1term/Computational_genomics/Seminars/exercise_04
# Date:            Tue Nov  5 18:38:19 2024
# [ok]
