#                                                                            --- full sequence --- -------------- this domain -------------   hmm coord   ali coord   env coord
# target name        accession   tlen query name           accession   qlen   E-value  score  bias   #  of  c-Evalue  i-Evalue  score  bias  from    to  from    to  from    to  acc description of target
#------------------- ---------- ----- -------------------- ---------- ----- --------- ------ ----- --- --- --------- --------- ------ ----- ----- ----- ----- ----- ----- ----- ---- ---------------------
7800:1303-2100       -            266 27851at4891          -            152   7.9e-82  269.8   0.3   1   1   2.7e-84   1.2e-81  269.2   0.3     5   147   100   250    96   254 0.95 -
8828:6911-7477       -            189 27851at4891          -            152   8.1e-29   97.7   0.0   1   1   2.4e-31   1.1e-28   97.3   0.0     7   150     4   157     1   159 0.86 -
9616:3853-4485       -            211 27851at4891          -            152   4.6e-27   92.0   0.0   1   1     2e-29   8.8e-27   91.1   0.0     7   148    41   194    36   197 0.86 -
8884:4385-5053       -            223 27851at4891          -            152   8.1e-19   65.3   1.3   1   1   5.6e-20   2.5e-17   60.4   1.3     8   150     4   166     2   168 0.82 -
9404:15613-16236     -            208 27851at4891          -            152   1.6e-13   48.0   0.6   1   2   1.5e-06   0.00067   16.8   0.0     8    45     3    40     1    91 0.79 -
9404:15613-16236     -            208 27851at4891          -            152   1.6e-13   48.0   0.6   2   2   1.4e-10   6.5e-08   29.9   0.1    68   147   129   203   120   207 0.86 -
8354:18-1670         -            551 27851at4891          -            152     0.011   12.9   0.1   1   1   5.4e-05     0.024   11.8   0.1    32   109   217   296   201   303 0.69 -
#
# Program:         hmmsearch
# Version:         3.1b2 (February 2015)
# Pipeline mode:   SEARCH
# Query file:      /home/jj/Desktop/Bioinformatics/3rd_year/1term/Computational_genomics/Seminars/exercise_04/busco_downloads/lineages/saccharomycetes_odb10/hmms/27851at4891.hmm
# Target file:     /home/jj/Desktop/Bioinformatics/3rd_year/1term/Computational_genomics/Seminars/exercise_04/./busco/SRR6130428/SRR6130428_k63_contigs/run_saccharomycetes_odb10/metaeuk_output/initial_results/SRR6130428_k63_graph.contig.fa.modified.fas
# Option settings: hmmsearch --domtblout /home/jj/Desktop/Bioinformatics/3rd_year/1term/Computational_genomics/Seminars/exercise_04/./busco/SRR6130428/SRR6130428_k63_contigs/run_saccharomycetes_odb10/hmmer_output/initial_run_results/27851at4891.out --cpu 1 /home/jj/Desktop/Bioinformatics/3rd_year/1term/Computational_genomics/Seminars/exercise_04/busco_downloads/lineages/saccharomycetes_odb10/hmms/27851at4891.hmm /home/jj/Desktop/Bioinformatics/3rd_year/1term/Computational_genomics/Seminars/exercise_04/./busco/SRR6130428/SRR6130428_k63_contigs/run_saccharomycetes_odb10/metaeuk_output/initial_results/SRR6130428_k63_graph.contig.fa.modified.fas 
# Current dir:     /home/jj/Desktop/Bioinformatics/3rd_year/1term/Computational_genomics/Seminars/exercise_04
# Date:            Tue Nov  5 18:38:19 2024
# [ok]
