#                                                                            --- full sequence --- -------------- this domain -------------   hmm coord   ali coord   env coord
# target name        accession   tlen query name           accession   qlen   E-value  score  bias   #  of  c-Evalue  i-Evalue  score  bias  from    to  from    to  from    to  acc description of target
#------------------- ---------- ----- -------------------- ---------- ----- --------- ------ ----- --- --- --------- --------- ------ ----- ----- ----- ----- ----- ----- ----- ---- ---------------------
9538:21867-23141     -            425 28089at4891          -            297   2.8e-86  286.5  13.2   1   3     2e-30   3.3e-28   95.8   3.4     2    79     1    92     1   100 0.82 -
9538:21867-23141     -            425 28089at4891          -            297   2.8e-86  286.5  13.2   2   3     1e-24   1.7e-22   77.1   3.4    79   200   118   270   106   279 0.82 -
9538:21867-23141     -            425 28089at4891          -            297   2.8e-86  286.5  13.2   3   3   2.4e-36   4.1e-34  115.2   0.0   201   289   294   389   291   396 0.94 -
8680:2870-4096       -            409 28089at4891          -            297   1.1e-58  195.9  10.3   1   2   5.5e-25   9.2e-23   78.0   0.3     2    69     7    72     6    75 0.92 -
8680:2870-4096       -            409 28089at4891          -            297   1.1e-58  195.9  10.3   2   2   4.4e-38   7.4e-36  120.9   4.3    80   291   112   358   108   364 0.83 -
8648:1955-3250       -            432 28089at4891          -            297   6.1e-45  150.8  23.4   1   2   2.8e-23   4.7e-21   72.4   2.8     2    71     7    75     6    88 0.93 -
8648:1955-3250       -            432 28089at4891          -            297   6.1e-45  150.8  23.4   2   2   7.7e-26   1.3e-23   80.8  12.8    62   287   157   427   143   431 0.77 -
9058:8024-9145       -            374 28089at4891          -            297   1.6e-36  123.2  15.8   1   2   3.8e-21   6.4e-19   65.3   4.0     1    69    20    87    20    91 0.93 -
9058:8024-9145       -            374 28089at4891          -            297   1.6e-36  123.2  15.8   2   2   5.2e-20   8.7e-18   61.6   4.0    82   269   137   361   128   370 0.78 -
9636:16177-17232     -            352 28089at4891          -            297   2.4e-30  102.8   0.1   1   3   3.6e-22     6e-20   68.7   0.2     2    69     7    70     6    75 0.94 -
9636:16177-17232     -            352 28089at4891          -            297   2.4e-30  102.8   0.1   2   3    0.0031      0.52    6.5   0.0    80   108   178   206   171   207 0.87 -
9636:16177-17232     -            352 28089at4891          -            297   2.4e-30  102.8   0.1   3   3   1.8e-08     3e-06   23.7   0.0   201   269   267   338   250   348 0.88 -
7512:175-1587        -            471 28089at4891          -            297   4.8e-27   92.0  14.4   1   3   7.3e-22   1.2e-19   67.7   0.9     1    68    24    89    24    93 0.92 -
7512:175-1587        -            471 28089at4891          -            297   4.8e-27   92.0  14.4   2   3   1.4e-06   0.00024   17.5   3.6    83   177   164   273   149   310 0.69 -
7512:175-1587        -            471 28089at4891          -            297   4.8e-27   92.0  14.4   3   3   2.9e-05    0.0049   13.2   0.1   196   284   320   409   292   420 0.83 -
9698:13545-15308     -            588 28089at4891          -            297   7.4e-22   75.0   0.8   1   1   4.4e-24   7.4e-22   75.0   0.8     2    90     5    93     4   102 0.89 -
9644:24016-24285     -             90 28089at4891          -            297   9.4e-21   71.4   0.3   1   1   5.8e-23   9.6e-21   71.3   0.3     2    70     1    68     1    84 0.93 -
7894:871-1212        -            114 28089at4891          -            297   2.2e-20   70.2   0.1   1   1   1.6e-22   2.6e-20   69.9   0.1     2    71     1    69     1    83 0.91 -
9592:13659-15494     -            612 28089at4891          -            297   9.5e-18   61.5   1.2   1   1   1.1e-19   1.9e-17   60.5   1.2     1    69   513   585   513   599 0.82 -
9660:23823-25799     -            659 28089at4891          -            297   1.6e-16   57.5   0.1   1   2       3.9   6.5e+02   -3.6   1.3    36    69    51    84    47    88 0.70 -
9660:23823-25799     -            659 28089at4891          -            297   1.6e-16   57.5   0.1   2   2   9.5e-19   1.6e-16   57.5   0.1     1    71   125   200   125   206 0.90 -
8892:3884-4375       -            164 28089at4891          -            297   5.4e-16   55.7   0.3   1   1   3.9e-18   6.6e-16   55.4   0.3     2    67     5    72     4    94 0.84 -
9092:10045-11343     -            433 28089at4891          -            297   8.6e-11   38.7   0.1   1   1   9.5e-13   1.6e-10   37.8   0.1     2    66    98   167    97   172 0.83 -
9290:7708-8595       -            296 28089at4891          -            297   9.9e-08   28.6   0.6   1   1     1e-09   1.7e-07   27.8   0.6     3    71    47   113    45   129 0.82 -
8322:4031-4843       -            271 28089at4891          -            297   8.8e-06   22.2   0.9   1   1   6.9e-07   0.00011   18.5   0.9    39    68    95   124    31   140 0.79 -
9430:105-656         -            184 28089at4891          -            297   4.1e-05   20.0   0.3   1   1   3.9e-07   6.5e-05   19.3   0.2    14    66    33    81    29   108 0.85 -
#
# Program:         hmmsearch
# Version:         3.1b2 (February 2015)
# Pipeline mode:   SEARCH
# Query file:      /home/jj/Desktop/Bioinformatics/3rd_year/1term/Computational_genomics/Seminars/exercise_04/busco_downloads/lineages/saccharomycetes_odb10/hmms/28089at4891.hmm
# Target file:     /home/jj/Desktop/Bioinformatics/3rd_year/1term/Computational_genomics/Seminars/exercise_04/./busco/SRR6130428/SRR6130428_k63_contigs/run_saccharomycetes_odb10/metaeuk_output/initial_results/SRR6130428_k63_graph.contig.fa.modified.fas
# Option settings: hmmsearch --domtblout /home/jj/Desktop/Bioinformatics/3rd_year/1term/Computational_genomics/Seminars/exercise_04/./busco/SRR6130428/SRR6130428_k63_contigs/run_saccharomycetes_odb10/hmmer_output/initial_run_results/28089at4891.out --cpu 1 /home/jj/Desktop/Bioinformatics/3rd_year/1term/Computational_genomics/Seminars/exercise_04/busco_downloads/lineages/saccharomycetes_odb10/hmms/28089at4891.hmm /home/jj/Desktop/Bioinformatics/3rd_year/1term/Computational_genomics/Seminars/exercise_04/./busco/SRR6130428/SRR6130428_k63_contigs/run_saccharomycetes_odb10/metaeuk_output/initial_results/SRR6130428_k63_graph.contig.fa.modified.fas 
# Current dir:     /home/jj/Desktop/Bioinformatics/3rd_year/1term/Computational_genomics/Seminars/exercise_04
# Date:            Tue Nov  5 18:38:20 2024
# [ok]
