#                                                                            --- full sequence --- -------------- this domain -------------   hmm coord   ali coord   env coord
# target name        accession   tlen query name           accession   qlen   E-value  score  bias   #  of  c-Evalue  i-Evalue  score  bias  from    to  from    to  from    to  acc description of target
#------------------- ---------- ----- -------------------- ---------- ----- --------- ------ ----- --- --- --------- --------- ------ ----- ----- ----- ----- ----- ----- ----- ---- ---------------------
8780:4884-5432       -            183 28105at4891          -            160     3e-93  306.9   0.5   1   1   3.3e-95   3.5e-93  306.6   0.5     1   160     9   183     9   183 0.94 -
9360:15235-15768     -            178 28105at4891          -            160   1.4e-58  194.1   0.1   1   1   1.7e-60   1.8e-58  193.8   0.1     2   155    10   177     7   178 0.87 -
8432:4086-4625       -            180 28105at4891          -            160   6.9e-58  191.9   0.1   1   1   8.2e-60   8.8e-58  191.6   0.1     2   157    10   179     7   180 0.87 -
9260:2621-3145       -            175 28105at4891          -            160   1.1e-50  168.5   0.2   1   1   1.7e-52   1.8e-50  167.8   0.2     3   151    11   174     9   175 0.87 -
9434:16912-17505     -            198 28105at4891          -            160     1e-29  100.4   0.5   1   1   2.6e-31   2.8e-29   98.9   0.5     4   154    11   185     8   191 0.80 -
9494:6635-7150       -            172 28105at4891          -            160     6e-23   78.3   0.3   1   1   1.8e-24     2e-22   76.7   0.3     8   151     1   170     1   172 0.76 -
9334:13206-13745     -            180 28105at4891          -            160   3.6e-20   69.3   0.0   1   1   8.3e-22   8.9e-20   68.0   0.0     8   128    11   137     5   180 0.87 -
9406:6563-7207       -            215 28105at4891          -            160   1.7e-13   47.6   0.4   1   1   2.2e-15   2.3e-13   47.2   0.4    10   157    20   182    14   184 0.77 -
7992:884-1501        -            206 28105at4891          -            160   3.2e-11   40.2   0.3   1   1     4e-13   4.3e-11   39.8   0.3    11   128     9   141     3   173 0.70 -
8856:4098-4763       -            222 28105at4891          -            160   3.8e-09   33.5   0.1   1   1   4.5e-11   4.8e-09   33.1   0.1     8   118    11   131     5   176 0.72 -
8968:6712-7380       -            223 28105at4891          -            160   8.5e-09   32.3   0.1   1   1   1.1e-10   1.2e-08   31.9   0.1    10   156    13   175     5   179 0.68 -
8672:6060-7157       -            366 28105at4891          -            160     2e-07   27.9   1.3   1   3       8.2   8.7e+02   -3.5   0.1   116   135     7    26     3    31 0.71 -
8672:6060-7157       -            366 28105at4891          -            160     2e-07   27.9   1.3   2   3    0.0013      0.14    8.8   0.0     7    32    38    63    33    72 0.92 -
8672:6060-7157       -            366 28105at4891          -            160     2e-07   27.9   1.3   3   3   3.5e-06   0.00037   17.2   0.1    52   105   206   259   180   295 0.79 -
8012:204-749         -            182 28105at4891          -            160   2.9e-07   27.3   0.0   1   1   3.4e-09   3.7e-07   27.0   0.0    10   118     6   124     2   163 0.71 -
9686:29089-29574     -            162 28105at4891          -            160   4.1e-07   26.9   0.0   1   1   4.2e-09   4.5e-07   26.7   0.0    13   119     2   118     1   155 0.75 -
9394:464-982         -            173 28105at4891          -            160   4.2e-07   26.8   0.1   1   1   4.7e-09   5.1e-07   26.6   0.1    11    89     8    92     3   149 0.78 -
9638:11299-12714     -            279 28105at4891          -            160     6e-07   26.3   0.2   1   1   9.1e-09   9.7e-07   25.6   0.2    10   128    74   204    67   232 0.71 -
8032:1817-2311       -            165 28105at4891          -            160   9.4e-07   25.7   0.1   1   1   9.9e-09   1.1e-06   25.5   0.1    13    89     2    84     1   142 0.77 -
9714:14124-14693     -            190 28105at4891          -            160   1.5e-06   25.0   0.1   1   1   2.3e-08   2.5e-06   24.3   0.1    13   127     2   131     1   168 0.67 -
9686:22344-22916     -            191 28105at4891          -            160     2e-05   21.4   0.1   1   1   7.9e-07   8.5e-05   19.3   0.1    12    89     9    90     2   175 0.74 -
9038:8471-9886       -            472 28105at4891          -            160   2.5e-05   21.1   0.2   1   2     0.021       2.3    4.9   0.0     8    32    39    63    34    67 0.89 -
9038:8471-9886       -            472 28105at4891          -            160   2.5e-05   21.1   0.2   2   2   6.2e-05    0.0067   13.2   0.0    50    97   309   352   292   402 0.76 -
9652:7994-8617       -            208 28105at4891          -            160   3.3e-05   20.7   0.0   1   1   4.3e-07   4.7e-05   20.2   0.0    11   103     9   108     2   149 0.74 -
8996:8645-9337       -            231 28105at4891          -            160   0.00023   17.9   0.0   1   1   3.2e-06   0.00034   17.4   0.0    10    92    16   105     9   159 0.68 -
9292:14121-15050     -            310 28105at4891          -            160    0.0018   15.0   0.0   1   2   4.4e-05    0.0047   13.7   0.0     6    71     3    74     1   142 0.65 -
9292:14121-15050     -            310 28105at4891          -            160    0.0018   15.0   0.0   2   2       2.2   2.4e+02   -1.6   0.0    89   137   135   182   109   186 0.51 -
9570:23807-24448     -            214 28105at4891          -            160    0.0022   14.7   0.5   1   2   5.9e-05    0.0063   13.2   0.2    53   118    56   127     1   141 0.66 -
9570:23807-24448     -            214 28105at4891          -            160    0.0022   14.7   0.5   2   2       2.1   2.3e+02   -1.6   0.0   134   147   169   182   146   197 0.73 -
9646:6177-6674       -            166 28105at4891          -            160     0.015   12.0   0.1   1   1   0.00021     0.022   11.5   0.1    13    87     2    81     1    97 0.78 -
#
# Program:         hmmsearch
# Version:         3.1b2 (February 2015)
# Pipeline mode:   SEARCH
# Query file:      /home/jj/Desktop/Bioinformatics/3rd_year/1term/Computational_genomics/Seminars/exercise_04/busco_downloads/lineages/saccharomycetes_odb10/hmms/28105at4891.hmm
# Target file:     /home/jj/Desktop/Bioinformatics/3rd_year/1term/Computational_genomics/Seminars/exercise_04/./busco/SRR6130428/SRR6130428_k63_contigs/run_saccharomycetes_odb10/metaeuk_output/initial_results/SRR6130428_k63_graph.contig.fa.modified.fas
# Option settings: hmmsearch --domtblout /home/jj/Desktop/Bioinformatics/3rd_year/1term/Computational_genomics/Seminars/exercise_04/./busco/SRR6130428/SRR6130428_k63_contigs/run_saccharomycetes_odb10/hmmer_output/initial_run_results/28105at4891.out --cpu 1 /home/jj/Desktop/Bioinformatics/3rd_year/1term/Computational_genomics/Seminars/exercise_04/busco_downloads/lineages/saccharomycetes_odb10/hmms/28105at4891.hmm /home/jj/Desktop/Bioinformatics/3rd_year/1term/Computational_genomics/Seminars/exercise_04/./busco/SRR6130428/SRR6130428_k63_contigs/run_saccharomycetes_odb10/metaeuk_output/initial_results/SRR6130428_k63_graph.contig.fa.modified.fas 
# Current dir:     /home/jj/Desktop/Bioinformatics/3rd_year/1term/Computational_genomics/Seminars/exercise_04
# Date:            Tue Nov  5 18:38:21 2024
# [ok]
