#                                                                            --- full sequence --- -------------- this domain -------------   hmm coord   ali coord   env coord
# target name        accession   tlen query name           accession   qlen   E-value  score  bias   #  of  c-Evalue  i-Evalue  score  bias  from    to  from    to  from    to  acc description of target
#------------------- ---------- ----- -------------------- ---------- ----- --------- ------ ----- --- --- --------- --------- ------ ----- ----- ----- ----- ----- ----- ----- ---- ---------------------
7644:416-1012        -            199 28251at4891          -            160   7.6e-79  260.5   1.6   1   1   6.3e-80   3.4e-77  255.2   1.6     1   160    16   199    16   199 0.92 -
9156:3343-3936       -            198 28251at4891          -            160   1.2e-19   68.1   1.0   1   2    0.0084       4.5    4.5   0.1    10    71    22    85    13    87 0.67 -
9156:3343-3936       -            198 28251at4891          -            160   1.2e-19   68.1   1.0   2   2   3.3e-21   1.8e-18   64.3   0.4    39   154    78   198    40   198 0.75 -
8924:4912-5520       -            203 28251at4891          -            160   3.8e-17   60.0   1.8   1   1   1.2e-19   6.6e-17   59.2   1.8    25   159    57   202    50   203 0.82 -
7812:182-781         -            200 28251at4891          -            160   4.1e-16   56.6   1.2   1   2     0.014       7.4    3.8   0.1     9    35    11    37     6    82 0.78 -
7812:182-781         -            200 28251at4891          -            160   4.1e-16   56.6   1.2   2   2     2e-17   1.1e-14   52.0   0.1    62   155   101   195    76   200 0.88 -
9658:8717-9262       -            182 28251at4891          -            160   2.2e-14   51.0   2.3   1   2      0.19     1e+02    0.1   0.0    11    31     1    21     1    45 0.82 -
9658:8717-9262       -            182 28251at4891          -            160   2.2e-14   51.0   2.3   2   2   7.8e-17   4.2e-14   50.1   1.0    53   154    72   182    48   182 0.84 -
#
# Program:         hmmsearch
# Version:         3.1b2 (February 2015)
# Pipeline mode:   SEARCH
# Query file:      /home/jj/Desktop/Bioinformatics/3rd_year/1term/Computational_genomics/Seminars/exercise_04/busco_downloads/lineages/saccharomycetes_odb10/hmms/28251at4891.hmm
# Target file:     /home/jj/Desktop/Bioinformatics/3rd_year/1term/Computational_genomics/Seminars/exercise_04/./busco/SRR6130428/SRR6130428_k63_contigs/run_saccharomycetes_odb10/metaeuk_output/initial_results/SRR6130428_k63_graph.contig.fa.modified.fas
# Option settings: hmmsearch --domtblout /home/jj/Desktop/Bioinformatics/3rd_year/1term/Computational_genomics/Seminars/exercise_04/./busco/SRR6130428/SRR6130428_k63_contigs/run_saccharomycetes_odb10/hmmer_output/initial_run_results/28251at4891.out --cpu 1 /home/jj/Desktop/Bioinformatics/3rd_year/1term/Computational_genomics/Seminars/exercise_04/busco_downloads/lineages/saccharomycetes_odb10/hmms/28251at4891.hmm /home/jj/Desktop/Bioinformatics/3rd_year/1term/Computational_genomics/Seminars/exercise_04/./busco/SRR6130428/SRR6130428_k63_contigs/run_saccharomycetes_odb10/metaeuk_output/initial_results/SRR6130428_k63_graph.contig.fa.modified.fas 
# Current dir:     /home/jj/Desktop/Bioinformatics/3rd_year/1term/Computational_genomics/Seminars/exercise_04
# Date:            Tue Nov  5 18:38:21 2024
# [ok]
