#                                                                            --- full sequence --- -------------- this domain -------------   hmm coord   ali coord   env coord
# target name        accession   tlen query name           accession   qlen   E-value  score  bias   #  of  c-Evalue  i-Evalue  score  bias  from    to  from    to  from    to  acc description of target
#------------------- ---------- ----- -------------------- ---------- ----- --------- ------ ----- --- --- --------- --------- ------ ----- ----- ----- ----- ----- ----- ----- ---- ---------------------
9720:46130-47353     -            408 28359at4891          -            252  1.4e-109  362.7  27.5   1   5  8.7e-109  5.8e-106  350.8   5.9     1   207     3   216     3   228 0.88 -
9720:46130-47353     -            408 28359at4891          -            252  1.4e-109  362.7  27.5   2   5     0.056        38    0.9   0.4   192   220   230   258   210   264 0.73 -
9720:46130-47353     -            408 28359at4891          -            252  1.4e-109  362.7  27.5   3   5   4.4e-05      0.03   11.0   4.3   186   214   257   285   231   319 0.71 -
9720:46130-47353     -            408 28359at4891          -            252  1.4e-109  362.7  27.5   4   5   0.00048      0.32    7.6   0.1   212   238   322   348   308   360 0.77 -
9720:46130-47353     -            408 28359at4891          -            252  1.4e-109  362.7  27.5   5   5    0.0047       3.1    4.4   0.6   209   252   366   408   358   408 0.74 -
9102:9747-11114      -            456 28359at4891          -            252   6.3e-32  108.2  10.1   1   2   9.4e-35   6.3e-32  108.2  10.1    13   217     4   213     2   238 0.81 -
9102:9747-11114      -            456 28359at4891          -            252   6.3e-32  108.2  10.1   2   2     0.021        14    2.2   0.7   198   250   242   295   214   298 0.80 -
9676:4221-5783       -            521 28359at4891          -            252   1.6e-29  100.3  10.6   1   3   2.4e-32   1.6e-29  100.3  10.6    14   240     2   228     1   260 0.77 -
9676:4221-5783       -            521 28359at4891          -            252   1.6e-29  100.3  10.6   2   3         1     7e+02   -3.3   3.5   191   244   272   326   251   338 0.54 -
9676:4221-5783       -            521 28359at4891          -            252   1.6e-29  100.3  10.6   3   3      0.56   3.7e+02   -2.4   5.1   149   225   363   441   350   462 0.44 -
8982:2188-3222       -            345 28359at4891          -            252     2e-14   50.9  21.9   1   2   5.2e-15   3.5e-12   43.5   7.5     1   215     4   240     4   262 0.70 -
8982:2188-3222       -            345 28359at4891          -            252     2e-14   50.9  21.9   2   2   0.00014     0.094    9.4   6.8   137   210   266   340   254   344 0.58 -
#
# Program:         hmmsearch
# Version:         3.1b2 (February 2015)
# Pipeline mode:   SEARCH
# Query file:      /home/jj/Desktop/Bioinformatics/3rd_year/1term/Computational_genomics/Seminars/exercise_04/busco_downloads/lineages/saccharomycetes_odb10/hmms/28359at4891.hmm
# Target file:     /home/jj/Desktop/Bioinformatics/3rd_year/1term/Computational_genomics/Seminars/exercise_04/./busco/SRR6130428/SRR6130428_k63_contigs/run_saccharomycetes_odb10/metaeuk_output/initial_results/SRR6130428_k63_graph.contig.fa.modified.fas
# Option settings: hmmsearch --domtblout /home/jj/Desktop/Bioinformatics/3rd_year/1term/Computational_genomics/Seminars/exercise_04/./busco/SRR6130428/SRR6130428_k63_contigs/run_saccharomycetes_odb10/hmmer_output/initial_run_results/28359at4891.out --cpu 1 /home/jj/Desktop/Bioinformatics/3rd_year/1term/Computational_genomics/Seminars/exercise_04/busco_downloads/lineages/saccharomycetes_odb10/hmms/28359at4891.hmm /home/jj/Desktop/Bioinformatics/3rd_year/1term/Computational_genomics/Seminars/exercise_04/./busco/SRR6130428/SRR6130428_k63_contigs/run_saccharomycetes_odb10/metaeuk_output/initial_results/SRR6130428_k63_graph.contig.fa.modified.fas 
# Current dir:     /home/jj/Desktop/Bioinformatics/3rd_year/1term/Computational_genomics/Seminars/exercise_04
# Date:            Tue Nov  5 18:38:22 2024
# [ok]
