#                                                                            --- full sequence --- -------------- this domain -------------   hmm coord   ali coord   env coord
# target name        accession   tlen query name           accession   qlen   E-value  score  bias   #  of  c-Evalue  i-Evalue  score  bias  from    to  from    to  from    to  acc description of target
#------------------- ---------- ----- -------------------- ---------- ----- --------- ------ ----- --- --- --------- --------- ------ ----- ----- ----- ----- ----- ----- ----- ---- ---------------------
9676:28964-31411     -            816 2851at4891           -            608  3.6e-248  822.1  13.2   1   2  3.9e-223  1.4e-221  734.2   4.9     7   537    29   700    26   703 0.85 -
9676:28964-31411     -            816 2851at4891           -            608  3.6e-248  822.1  13.2   2   2     5e-28   1.8e-26   89.8   1.2   536   608   731   815   718   815 0.90 -
9618:271-3099        -            943 2851at4891           -            608   7.1e-63  210.1  25.9   1   5       5.8   2.1e+02   -2.9   0.1   448   462    49    63    40    65 0.59 -
9618:271-3099        -            943 2851at4891           -            608   7.1e-63  210.1  25.9   2   5     2e-14   7.3e-13   44.9   0.5    75   152    92   169    85   173 0.96 -
9618:271-3099        -            943 2851at4891           -            608   7.1e-63  210.1  25.9   3   5   7.7e-12   2.8e-10   36.3   2.2   437   499   175   237   171   243 0.92 -
9618:271-3099        -            943 2851at4891           -            608   7.1e-63  210.1  25.9   4   5   2.8e-13     1e-11   41.1   0.4   381   498   386   507   334   517 0.83 -
9618:271-3099        -            943 2851at4891           -            608   7.1e-63  210.1  25.9   5   5   3.6e-32   1.3e-30  103.5   0.8   345   505   532   698   514   714 0.91 -
8436:656-1654        -            333 2851at4891           -            608   1.7e-39  132.8   9.1   1   3   9.1e-19   3.3e-17   59.2   0.4   344   476     4   148     1   185 0.78 -
8436:656-1654        -            333 2851at4891           -            608   1.7e-39  132.8   9.1   2   3   5.6e-20   2.1e-18   63.2   0.5   314   417   190   293   185   299 0.94 -
8436:656-1654        -            333 2851at4891           -            608   1.7e-39  132.8   9.1   3   3   1.1e-05   0.00042   15.9   0.1   261   293   300   332   290   333 0.86 -
9126:8755-11505      -            917 2851at4891           -            608   1.8e-37  126.2   4.2   1   4   5.9e-12   2.2e-10   36.7   0.2   262   415    52   220    27   225 0.84 -
9126:8755-11505      -            917 2851at4891           -            608   1.8e-37  126.2   4.2   2   4       1.3        48   -0.8   0.0    98   149   254   305   250   317 0.78 -
9126:8755-11505      -            917 2851at4891           -            608   1.8e-37  126.2   4.2   3   4   1.9e-27   6.9e-26   87.9   0.2   262   423   342   510   329   569 0.82 -
9126:8755-11505      -            917 2851at4891           -            608   1.8e-37  126.2   4.2   4   4       3.5   1.3e+02   -2.2   0.0   509   534   729   754   713   758 0.85 -
9636:17731-18642     -            304 2851at4891           -            608   9.9e-37  123.7   5.3   1   2   8.5e-23   3.1e-21   72.5   0.1   316   495     6   191     3   199 0.83 -
9636:17731-18642     -            304 2851at4891           -            608   9.9e-37  123.7   5.3   2   2   9.3e-17   3.4e-15   52.6   2.0   341   426   205   293   196   301 0.89 -
9128:10043-12433     -            797 2851at4891           -            608   5.1e-36  121.3   1.1   1   3    0.0034      0.13    7.8   0.0   335   376   457   498   441   505 0.88 -
9128:10043-12433     -            797 2851at4891           -            608   5.1e-36  121.3   1.1   2   3     1e-17   3.8e-16   55.7   0.1   342   434   523   617   517   620 0.93 -
9128:10043-12433     -            797 2851at4891           -            608   5.1e-36  121.3   1.1   3   3   2.8e-19     1e-17   60.9   0.1   343   456   608   726   604   734 0.83 -
9508:19799-20617     -            273 2851at4891           -            608     6e-36  121.1   9.7   1   3   2.3e-20   8.5e-19   64.5   1.4   361   459     1    99     1   100 0.94 -
9508:19799-20617     -            273 2851at4891           -            608     6e-36  121.1   9.7   2   3   3.1e-07   1.2e-05   21.1   0.2    98   151    99   152    95   163 0.92 -
9508:19799-20617     -            273 2851at4891           -            608     6e-36  121.1   9.7   3   3   2.3e-13   8.6e-12   41.3   0.1   437   495   207   265   197   269 0.94 -
9680:19363-20697     -            445 2851at4891           -            608   1.7e-34  116.3   4.5   1   2   5.2e-20   1.9e-18   63.3   0.6   349   466   138   260   129   261 0.88 -
9680:19363-20697     -            445 2851at4891           -            608   1.7e-34  116.3   4.5   2   2   8.7e-20   3.2e-18   62.6   0.2   298   499   214   428   212   434 0.80 -
8822:7585-8277       -            231 2851at4891           -            608   5.2e-32  108.1   0.1   1   3   1.9e-16   7.1e-15   51.5   0.0   347   417     1    71     1    81 0.93 -
8822:7585-8277       -            231 2851at4891           -            608   5.2e-32  108.1   0.1   2   3   5.8e-12   2.1e-10   36.8   0.0   347   424    84   169    79   176 0.84 -
8822:7585-8277       -            231 2851at4891           -            608   5.2e-32  108.1   0.1   3   3   5.8e-06   0.00021   16.9   0.0   337   388   178   229   169   231 0.60 -
9346:13077-16673     -           1199 2851at4891           -            608   1.4e-29  100.1   6.1   1   2   1.4e-17   5.1e-16   55.3   0.4   364   498    31   171    25   203 0.74 -
9346:13077-16673     -           1199 2851at4891           -            608   1.4e-29  100.1   6.1   2   2   1.4e-14     5e-13   45.4   0.1   379   492   202   322   178   349 0.83 -
9716:9893-12037      -            715 2851at4891           -            608   5.8e-28   94.7   9.6   1   2   1.5e-26   5.7e-25   84.9   4.8   261   474     9   228     3   238 0.80 -
9716:9893-12037      -            715 2851at4891           -            608   5.8e-28   94.7   9.6   2   2   1.9e-05   0.00071   15.2   0.1   343   417   219   291   219   316 0.76 -
9670:4414-5802       -            463 2851at4891           -            608   7.9e-27   91.0   1.7   1   2    0.0023     0.084    8.3   0.0   389   458   177   252   159   271 0.70 -
9670:4414-5802       -            463 2851at4891           -            608   7.9e-27   91.0   1.7   2   2   9.3e-26   3.4e-24   82.3   0.4   297   491   259   463   252   463 0.90 -
9674:12257-13606     -            450 2851at4891           -            608     4e-24   82.1   7.7   1   3   5.2e-16   1.9e-14   50.1   3.2   265   397    78   212    61   217 0.87 -
9674:12257-13606     -            450 2851at4891           -            608     4e-24   82.1   7.7   2   3   3.5e-08   1.3e-06   24.3   0.1   343   422   203   283   202   291 0.91 -
9674:12257-13606     -            450 2851at4891           -            608     4e-24   82.1   7.7   3   3   6.1e-05    0.0022   13.6   0.0   342   372   333   363   308   367 0.91 -
9456:1145-2410       -            422 2851at4891           -            608   1.2e-23   80.5   0.5   1   3    0.0051      0.19    7.2   0.1   462   494    88   122    81   135 0.57 -
9456:1145-2410       -            422 2851at4891           -            608   1.2e-23   80.5   0.5   2   3   2.1e-14   7.8e-13   44.8   0.0   349   493   139   299   131   305 0.82 -
9456:1145-2410       -            422 2851at4891           -            608   1.2e-23   80.5   0.5   3   3     2e-08   7.5e-07   25.0   0.0   343   414   348   419   318   420 0.87 -
9460:9231-11075      -            615 2851at4891           -            608   4.4e-23   78.6   1.2   1   4     0.072       2.7    3.4   0.0    99   138    58   100    53   112 0.76 -
9460:9231-11075      -            615 2851at4891           -            608   4.4e-23   78.6   1.2   2   4   3.5e-14   1.3e-12   44.1   0.0   297   498   155   369   133   397 0.83 -
9460:9231-11075      -            615 2851at4891           -            608   4.4e-23   78.6   1.2   3   4   9.5e-05    0.0035   12.9   0.0    36   152   420   537   400   540 0.81 -
9460:9231-11075      -            615 2851at4891           -            608   4.4e-23   78.6   1.2   4   4   4.3e-05    0.0016   14.1   0.0   398   453   553   612   550   615 0.87 -
9354:16449-16934     -            162 2851at4891           -            608   9.8e-22   74.2   0.7   1   1   3.2e-23   1.2e-21   73.9   0.7   296   434    12   157     3   161 0.89 -
9534:20058-21434     -            459 2851at4891           -            608   8.7e-20   67.7   4.0   1   3   1.2e-07   4.3e-06   22.5   0.1   399   461   116   180   105   192 0.62 -
9534:20058-21434     -            459 2851at4891           -            608   8.7e-20   67.7   4.0   2   3   8.6e-06   0.00032   16.4   0.2   295   418   201   320   199   331 0.70 -
9534:20058-21434     -            459 2851at4891           -            608   8.7e-20   67.7   4.0   3   3   3.1e-08   1.1e-06   24.4   0.1    69   153   336   426   321   453 0.78 -
9078:8616-9581       -            322 2851at4891           -            608   1.1e-19   67.4  18.1   1   3       0.1       3.7    2.9   0.1   380   415     5    38     2    48 0.75 -
9078:8616-9581       -            322 2851at4891           -            608   1.1e-19   67.4  18.1   2   3   7.5e-11   2.8e-09   33.1   2.7   317   414    25   132    22   143 0.78 -
9078:8616-9581       -            322 2851at4891           -            608   1.1e-19   67.4  18.1   3   3   2.7e-12   9.8e-11   37.8   6.2   342   491   148   321   138   322 0.73 -
9312:6422-7318       -            299 2851at4891           -            608   2.5e-19   66.2   0.4   1   2   1.8e-18   6.5e-17   58.3   0.1   320   464    16   164     2   172 0.87 -
9312:6422-7318       -            299 2851at4891           -            608   2.5e-19   66.2   0.4   2   2     0.015      0.53    5.7   0.0   432   462   180   212   170   216 0.67 -
9712:30400-31623     -            408 2851at4891           -            608   2.9e-19   66.0   5.4   1   3   2.4e-05   0.00089   14.9   0.0   100   154    42    94    36   108 0.75 -
9712:30400-31623     -            408 2851at4891           -            608   2.9e-19   66.0   5.4   2   3   5.6e-12     2e-10   36.8   1.2   353   519   110   288   102   291 0.70 -
9712:30400-31623     -            408 2851at4891           -            608   2.9e-19   66.0   5.4   3   3   1.5e-05   0.00056   15.5   0.0   422   464   290   336   285   380 0.83 -
9522:17732-18610     -            293 2851at4891           -            608   4.3e-19   65.4   0.2   1   3   0.00024    0.0089   11.6   0.0   297   331     9    45     5    55 0.82 -
9522:17732-18610     -            293 2851at4891           -            608   4.3e-19   65.4   0.2   2   3   4.4e-05    0.0016   14.0   0.0   457   497    67   107    59   115 0.77 -
9522:17732-18610     -            293 2851at4891           -            608   4.3e-19   65.4   0.2   3   3   8.3e-12   3.1e-10   36.2   0.0   356   491   151   293   143   293 0.52 -
9602:2166-4220       -            685 2851at4891           -            608   3.4e-18   62.5   0.1   1   2     7e-19   2.6e-17   59.6   0.0   355   475     8   136     2   162 0.81 -
9602:2166-4220       -            685 2851at4891           -            608   3.4e-18   62.5   0.1   2   2      0.58        21    0.4   0.1   435   486   297   349   273   353 0.84 -
9724:2093-15713      -            205 2851at4891           -            608   2.5e-17   59.7   1.0   1   2     0.014      0.52    5.7   0.0   440   463     2    25     1    40 0.58 -
9724:2093-15713      -            205 2851at4891           -            608   2.5e-17   59.7   1.0   2   2   6.8e-17   2.5e-15   53.0   0.3   338   492    46   199    32   204 0.84 -
9494:18928-19965     -            346 2851at4891           -            608   3.5e-17   59.1   2.1   1   4     4e-13   1.5e-11   40.6   0.2   342   423     8    91     3   106 0.65 -
9494:18928-19965     -            346 2851at4891           -            608   3.5e-17   59.1   2.1   2   4       3.5   1.3e+02   -2.2   0.0    82   100   118   136   104   138 0.87 -
9494:18928-19965     -            346 2851at4891           -            608   3.5e-17   59.1   2.1   3   4   9.5e-06   0.00035   16.2   0.2   310   377   162   229   138   236 0.82 -
9494:18928-19965     -            346 2851at4891           -            608   3.5e-17   59.1   2.1   4   4       2.1        76   -1.4   0.0   268   293   296   321   279   332 0.50 -
9658:6665-7375       -            237 2851at4891           -            608   1.5e-16   57.0   7.0   1   2   7.1e-08   2.6e-06   23.2   0.1   109   163     2    60     1    69 0.77 -
9658:6665-7375       -            237 2851at4891           -            608   1.5e-16   57.0   7.0   2   2   1.5e-11   5.6e-10   35.3   3.1   339   491    75   237    52   237 0.79 -
8974:7891-10245      -            785 2851at4891           -            608   8.7e-16   54.5  12.7   1   5   1.6e-09   5.7e-08   28.7   0.2   399   494    27   132     8   143 0.76 -
8974:7891-10245      -            785 2851at4891           -            608   8.7e-16   54.5  12.7   2   5     0.026      0.96    4.9   0.0    76   134   167   236   157   255 0.66 -
8974:7891-10245      -            785 2851at4891           -            608   8.7e-16   54.5  12.7   3   5      0.31        11    1.3   0.1   260   293   276   309   263   316 0.67 -
8974:7891-10245      -            785 2851at4891           -            608   8.7e-16   54.5  12.7   4   5      0.87        32   -0.2   0.1   272   326   357   410   345   420 0.65 -
8974:7891-10245      -            785 2851at4891           -            608   8.7e-16   54.5  12.7   5   5     5e-08   1.8e-06   23.7   0.2   289   415   545   684   540   739 0.77 -
8240:671-1900        -            410 2851at4891           -            608   9.5e-16   54.4   0.1   1   3   5.4e-12     2e-10   36.8   0.0   296   382   111   199   105   208 0.89 -
8240:671-1900        -            410 2851at4891           -            608   9.5e-16   54.4   0.1   2   3    0.0014      0.05    9.1   0.0   457   493   239   277   211   286 0.75 -
8240:671-1900        -            410 2851at4891           -            608   9.5e-16   54.4   0.1   3   3      0.04       1.5    4.2   0.0    83   140   312   374   298   379 0.73 -
9208:2600-5119       -            840 2851at4891           -            608   2.8e-15   52.8   3.7   1   3    0.0065      0.24    6.9   0.0   268   296    20    48     8    59 0.67 -
9208:2600-5119       -            840 2851at4891           -            608   2.8e-15   52.8   3.7   2   3   1.7e-12   6.3e-11   38.5   0.4   297   415    74   208    72   215 0.85 -
9208:2600-5119       -            840 2851at4891           -            608   2.8e-15   52.8   3.7   3   3     0.075       2.7    3.3   0.1   356   413   325   383   313   390 0.74 -
8478:1944-3398       -            485 2851at4891           -            608   4.7e-15   52.1   8.9   1   3   4.7e-05    0.0017   13.9   0.0   102   153    65   117    54   126 0.83 -
8478:1944-3398       -            485 2851at4891           -            608   4.7e-15   52.1   8.9   2   3    0.0067      0.25    6.8   1.0   314   332   134   152   125   267 0.40 -
8478:1944-3398       -            485 2851at4891           -            608   4.7e-15   52.1   8.9   3   3   6.8e-11   2.5e-09   33.2   1.6   279   414   234   376   220   392 0.76 -
9330:5451-8486       -           1012 2851at4891           -            608   1.3e-14   50.6  14.5   1   6     0.065       2.4    3.5   0.0    98   149   128   182    15   185 0.75 -
9330:5451-8486       -           1012 2851at4891           -            608   1.3e-14   50.6  14.5   2   6   3.5e-13   1.3e-11   40.8   1.1   343   422   178   257   176   303 0.86 -
9330:5451-8486       -           1012 2851at4891           -            608   1.3e-14   50.6  14.5   3   6    0.0055       0.2    7.1   0.1   399   455   678   741   630   748 0.76 -
9330:5451-8486       -           1012 2851at4891           -            608   1.3e-14   50.6  14.5   4   6      0.12       4.5    2.6   0.1   240   270   753   783   748   794 0.77 -
9330:5451-8486       -           1012 2851at4891           -            608   1.3e-14   50.6  14.5   5   6      0.12       4.3    2.7   0.1   390   423   769   804   759   845 0.71 -
9330:5451-8486       -           1012 2851at4891           -            608   1.3e-14   50.6  14.5   6   6      0.13       4.7    2.6   0.1   308   356   943   992   907   997 0.65 -
9676:9212-10057      -            282 2851at4891           -            608   1.1e-13   47.6   7.5   1   2   7.4e-10   2.7e-08   29.8   0.2   357   458    15   128     1   157 0.56 -
9676:9212-10057      -            282 2851at4891           -            608   1.1e-13   47.6   7.5   2   2   8.2e-06    0.0003   16.4   2.3   317   414   167   275   165   278 0.79 -
9460:7157-8695       -            513 2851at4891           -            608   2.2e-13   46.6   0.0   1   2   0.00024    0.0089   11.6   0.0   411   494    25   111    20   117 0.82 -
9460:7157-8695       -            513 2851at4891           -            608   2.2e-13   46.6   0.0   2   2   9.1e-11   3.3e-09   32.8   0.0   395   532   134   284   124   292 0.69 -
9542:4562-5380       -            273 2851at4891           -            608   6.4e-13   45.1   1.7   1   2     0.036       1.3    4.4   0.1   170   217    62   108    37   144 0.66 -
9542:4562-5380       -            273 2851at4891           -            608   6.4e-13   45.1   1.7   2   2   6.2e-13   2.3e-11   39.9   0.3   297   414   147   269   133   270 0.90 -
9656:28053-28895     -            281 2851at4891           -            608   1.8e-12   43.6   3.3   1   3     0.013      0.49    5.8   0.2   103   143    21    61     1    74 0.77 -
9656:28053-28895     -            281 2851at4891           -            608   1.8e-12   43.6   3.3   2   3   1.3e-09   4.7e-08   29.0   0.4    75   154    76   156    70   182 0.93 -
9656:28053-28895     -            281 2851at4891           -            608   1.8e-12   43.6   3.3   3   3    0.0025      0.09    8.2   0.0   432   492   209   274   172   279 0.82 -
9726:3865-6666       -            934 2851at4891           -            608   5.3e-12   42.0   5.9   1   4   0.00095     0.035    9.6   0.1    75   148   214   289   150   314 0.75 -
9726:3865-6666       -            934 2851at4891           -            608   5.3e-12   42.0   5.9   2   4       2.4        87   -1.6   0.0   300   345   343   391   336   393 0.73 -
9726:3865-6666       -            934 2851at4891           -            608   5.3e-12   42.0   5.9   3   4   0.00019    0.0071   11.9   0.1    79   137   472   530   457   536 0.91 -
9726:3865-6666       -            934 2851at4891           -            608   5.3e-12   42.0   5.9   4   4   4.9e-07   1.8e-05   20.5   0.1    68   140   543   616   530   629 0.86 -
9248:1987-5412       -           1142 2851at4891           -            608   7.5e-12   41.5   1.0   1   1   3.8e-13   1.4e-11   40.7   1.0   361   497    82   231    69   243 0.60 -
9658:5110-5880       -            257 2851at4891           -            608   8.8e-12   41.3   0.1   1   2   8.1e-13     3e-11   39.6   0.0   340   427    68   157    32   171 0.86 -
9658:5110-5880       -            257 2851at4891           -            608   8.8e-12   41.3   0.1   2   2       1.3        47   -0.7   0.0    78   102   196   220   164   256 0.46 -
9390:13413-15017     -            535 2851at4891           -            608   1.9e-11   40.2   5.1   1   3       2.8     1e+02   -1.9   0.1   464   532    83   151    69   163 0.71 -
9390:13413-15017     -            535 2851at4891           -            608   1.9e-11   40.2   5.1   2   3    0.0067      0.25    6.8   0.2   437   493   233   290   208   315 0.66 -
9390:13413-15017     -            535 2851at4891           -            608   1.9e-11   40.2   5.1   3   3   2.2e-11   7.9e-10   34.9   0.1   370   496   343   474   320   480 0.84 -
9656:5267-6307       -            347 2851at4891           -            608   2.2e-11   40.0   7.6   1   3   0.00077     0.028    9.9   0.2   384   417     7    40     4    49 0.88 -
9656:5267-6307       -            347 2851at4891           -            608   2.2e-11   40.0   7.6   2   3   4.8e-07   1.8e-05   20.5   0.1   341   395    52   117    48   137 0.74 -
9656:5267-6307       -            347 2851at4891           -            608   2.2e-11   40.0   7.6   3   3   0.00018    0.0066   12.0   0.5   380   495   206   335   198   340 0.71 -
9112:7248-8249       -            334 2851at4891           -            608   7.5e-11   38.2   0.5   1   3    0.0014     0.052    9.0   0.0   273   295     4    26     1    33 0.89 -
9112:7248-8249       -            334 2851at4891           -            608   7.5e-11   38.2   0.5   2   3   1.3e-07   4.9e-06   22.3   0.0   298   377    97   175    88   180 0.85 -
9112:7248-8249       -            334 2851at4891           -            608   7.5e-11   38.2   0.5   3   3     0.063       2.3    3.6   0.0   115   146   263   294   240   330 0.68 -
9660:3304-3999       -            232 2851at4891           -            608     1e-10   37.8   5.5   1   3     0.034       1.3    4.5   0.0   106   157     3    55     1    63 0.90 -
9660:3304-3999       -            232 2851at4891           -            608     1e-10   37.8   5.5   2   3     5e-10   1.8e-08   30.3   3.2   316   414    68   171    58   196 0.47 -
9660:3304-3999       -            232 2851at4891           -            608     1e-10   37.8   5.5   3   3      0.25       9.1    1.6   0.0   315   328   218   231   211   232 0.51 -
9046:295-1389        -            365 2851at4891           -            608   1.1e-10   37.7   0.0   1   2     4e-10   1.5e-08   30.7   0.0   344   492    36   192    31   201 0.83 -
9046:295-1389        -            365 2851at4891           -            608   1.1e-10   37.7   0.0   2   2     0.026      0.97    4.8   0.0   478   498   283   302   276   333 0.82 -
9464:9138-11090      -            651 2851at4891           -            608     6e-10   35.2   0.2   1   2     0.089       3.3    3.1   0.0   379   416    74   112    58   124 0.68 -
9464:9138-11090      -            651 2851at4891           -            608     6e-10   35.2   0.2   2   2   1.3e-09   4.8e-08   29.0   0.2   299   419   137   262   120   278 0.50 -
7766:159-1877        -            573 2851at4891           -            608   7.5e-10   34.9   0.1   1   2   6.7e-09   2.4e-07   26.6   0.0   298   496   232   430   230   437 0.68 -
7766:159-1877        -            573 2851at4891           -            608   7.5e-10   34.9   0.1   2   2       0.2       7.5    1.9   0.1   281   373   414   501   398   532 0.47 -
9068:1225-2790       -            522 2851at4891           -            608   2.5e-09   33.2   0.1   1   2   4.6e-09   1.7e-07   27.1   0.0   356   473   256   379   245   385 0.80 -
9068:1225-2790       -            522 2851at4891           -            608   2.5e-09   33.2   0.1   2   2     0.024      0.88    5.0   0.0    85   135   374   426   363   444 0.73 -
8886:5013-7346       -            778 2851at4891           -            608     2e-08   30.2   0.3   1   3   2.1e-05   0.00076   15.1   0.0   251   295   393   438   377   446 0.85 -
8886:5013-7346       -            778 2851at4891           -            608     2e-08   30.2   0.3   2   3     0.001     0.038    9.5   0.1   348   414   655   722   651   732 0.88 -
8886:5013-7346       -            778 2851at4891           -            608     2e-08   30.2   0.3   3   3      0.23       8.3    1.8   0.1   276   293   760   777   734   778 0.70 -
9560:19431-20225     -            265 2851at4891           -            608   1.1e-07   27.8   0.2   1   2   8.2e-09     3e-07   26.3   0.1   354   477    13   149     1   153 0.77 -
9560:19431-20225     -            265 2851at4891           -            608   1.1e-07   27.8   0.2   2   2       3.1   1.1e+02   -2.0   0.0   470   491   174   193   156   201 0.64 -
8402:4018-5292       -            425 2851at4891           -            608     3e-07   26.3   0.1   1   2   0.00012    0.0043   12.6   0.0   351   420    33   106    26   114 0.70 -
8402:4018-5292       -            425 2851at4891           -            608     3e-07   26.3   0.1   2   2    0.0014      0.05    9.1   0.1   363   415   289   342   265   347 0.76 -
9360:6122-9931       -           1270 2851at4891           -            608   3.5e-07   26.1   2.5   1   3    0.0021     0.078    8.4   0.9   391   456    67   141    10   206 0.51 -
9360:6122-9931       -           1270 2851at4891           -            608   3.5e-07   26.1   2.5   2   3   2.1e-05   0.00077   15.1   0.0   363   434   231   308   201   350 0.60 -
9360:6122-9931       -           1270 2851at4891           -            608   3.5e-07   26.1   2.5   3   3       1.4        52   -0.9   0.0   358   392   635   669   631   678 0.89 -
9120:7323-8150       -            276 2851at4891           -            608   4.5e-07   25.8   0.0   1   2   0.00091     0.033    9.7   0.1   342   457    67   193    59   200 0.67 -
9120:7323-8150       -            276 2851at4891           -            608   4.5e-07   25.8   0.0   2   2   1.1e-07   4.2e-06   22.6   0.1   316   453   127   276   125   276 0.75 -
9694:17340-18719     -            460 2851at4891           -            608   6.5e-07   25.2   0.1   1   2     0.064       2.3    3.6   0.0   397   421    26    50     6    67 0.59 -
9694:17340-18719     -            460 2851at4891           -            608   6.5e-07   25.2   0.1   2   2   9.5e-07   3.5e-05   19.5   0.0   261   415    67   216    58   225 0.91 -
9714:41305-43905     -            867 2851at4891           -            608   6.6e-07   25.2   6.1   1   4      0.06       2.2    3.7   0.0   436   454    71    89     7    97 0.53 -
9714:41305-43905     -            867 2851at4891           -            608   6.6e-07   25.2   6.1   2   4      0.17       6.3    2.1   0.0   437   462   239   264   231   275 0.83 -
9714:41305-43905     -            867 2851at4891           -            608   6.6e-07   25.2   6.1   3   4   1.7e-05   0.00061   15.4   0.3   442   499   292   350   274   365 0.82 -
9714:41305-43905     -            867 2851at4891           -            608   6.6e-07   25.2   6.1   4   4     0.065       2.4    3.6   0.1    61    93   356   388   350   419 0.81 -
8494:4772-5887       -            372 2851at4891           -            608   7.6e-07   25.0   0.4   1   3    0.0013     0.049    9.1   0.0   361   414    78   133    61   147 0.66 -
8494:4772-5887       -            372 2851at4891           -            608   7.6e-07   25.0   0.4   2   3     0.084       3.1    3.2   0.0   393   454   227   251   161   263 0.47 -
8494:4772-5887       -            372 2851at4891           -            608   7.6e-07   25.0   0.4   3   3    0.0011     0.041    9.4   0.1   341   372   280   312   253   328 0.76 -
9564:19094-20626     -            511 2851at4891           -            608   1.4e-06   24.2   0.8   1   2   2.4e-05   0.00089   14.9   0.5    72   134   332   397   315   404 0.85 -
9564:19094-20626     -            511 2851at4891           -            608   1.4e-06   24.2   0.8   2   2    0.0062      0.23    6.9   0.0   381   416   412   448   402   460 0.72 -
8856:366-1553        -            396 2851at4891           -            608   1.8e-06   23.7   0.7   1   3   0.00099     0.036    9.6   0.0   464   506    14    56     5    88 0.64 -
8856:366-1553        -            396 2851at4891           -            608   1.8e-06   23.7   0.7   2   3       2.3        86   -1.6   0.0    99    99   228   228   187   276 0.53 -
8856:366-1553        -            396 2851at4891           -            608   1.8e-06   23.7   0.7   3   3   0.00023    0.0084   11.6   0.1   437   469   304   336   278   352 0.69 -
9214:11957-12517     -            187 2851at4891           -            608   2.3e-06   23.4   0.0   1   2   1.1e-07     4e-06   22.6   0.0   355   417    12    74     1   125 0.86 -
9214:11957-12517     -            187 2851at4891           -            608   2.3e-06   23.4   0.0   2   2       2.9   1.1e+02   -1.9   0.0   478   496   168   186   147   187 0.57 -
9568:5000-6565       -            522 2851at4891           -            608   2.8e-06   23.1   0.0   1   3       1.9        71   -1.3   0.0   473   496   196   219   171   231 0.66 -
9568:5000-6565       -            522 2851at4891           -            608   2.8e-06   23.1   0.0   2   3     3e-06   0.00011   17.9   0.0   332   375   320   365   302   370 0.89 -
9568:5000-6565       -            522 2851at4891           -            608   2.8e-06   23.1   0.0   3   3       0.3        11    1.4   0.0   347   378   393   424   384   434 0.88 -
9070:9188-10162      -            325 2851at4891           -            608   3.7e-06   22.7   0.5   1   1   1.4e-07     5e-06   22.3   0.0   341   416   239   317   226   323 0.85 -
7530:231-1394        -            388 2851at4891           -            608   4.2e-06   22.5   0.4   1   2    0.0094      0.35    6.3   0.1    79   145    30    99    21   108 0.83 -
7530:231-1394        -            388 2851at4891           -            608   4.2e-06   22.5   0.4   2   2      0.01      0.38    6.2   0.0   436   456   304   324   286   351 0.76 -
9712:23882-24859     -            326 2851at4891           -            608   7.3e-06   21.8   0.0   1   2   5.6e-06    0.0002   17.0   0.0   270   374    29   140    21   149 0.51 -
9712:23882-24859     -            326 2851at4891           -            608   7.3e-06   21.8   0.0   2   2       0.3        11    1.4   0.0   473   504   256   288   252   306 0.76 -
8542:260-1981        -            574 2851at4891           -            608   2.7e-05   19.9   2.8   1   2   2.2e-05    0.0008   15.0   0.3   425   493   285   361   277   371 0.73 -
8542:260-1981        -            574 2851at4891           -            608   2.7e-05   19.9   2.8   2   2     0.054         2    3.8   0.2    70   413   385   451   367   539 0.57 -
9546:6102-7433       -            444 2851at4891           -            608   2.9e-05   19.8   0.7   1   1   1.6e-06   5.8e-05   18.8   0.7   321   464   123   280   110   284 0.75 -
9362:15282-16085     -            268 2851at4891           -            608   4.2e-05   19.3   0.7   1   3       3.1   1.1e+02   -2.0   0.0    71    94     7    30     3    39 0.77 -
9362:15282-16085     -            268 2851at4891           -            608   4.2e-05   19.3   0.7   2   3      0.57        21    0.4   0.1   240   295    61   125    42   141 0.64 -
9362:15282-16085     -            268 2851at4891           -            608   4.2e-05   19.3   0.7   3   3   8.7e-06   0.00032   16.3   0.0   341   415   185   259   164   263 0.93 -
9728:43208-44209     -            334 2851at4891           -            608   9.8e-05   18.0   0.7   1   2    0.0085      0.31    6.5   0.0   347   491    11   172     4   193 0.64 -
9728:43208-44209     -            334 2851at4891           -            608   9.8e-05   18.0   0.7   2   2   0.00076     0.028    9.9   0.1   347   411   251   314   242   330 0.55 -
9130:8029-9168       -            380 2851at4891           -            608    0.0001   18.0   1.8   1   2   8.6e-05    0.0032   13.1   0.1   339   376    54    91     8   110 0.81 -
9130:8029-9168       -            380 2851at4891           -            608    0.0001   18.0   1.8   2   2     0.038       1.4    4.3   0.3    75   131   116   176    96   182 0.74 -
8186:2118-4286       -            723 2851at4891           -            608   0.00053   15.6   0.9   1   2      0.55        20    0.5   0.0    23    52   293   323   277   364 0.60 -
8186:2118-4286       -            723 2851at4891           -            608   0.00053   15.6   0.9   2   2     0.001     0.038    9.5   0.1    76   148   608   682   581   687 0.54 -
9222:5484-7061       -            526 2851at4891           -            608    0.0017   13.9   2.8   1   4       1.1        40   -0.5   0.0   259   293    19    53    14    62 0.85 -
9222:5484-7061       -            526 2851at4891           -            608    0.0017   13.9   2.8   2   4     0.067       2.5    3.5   0.1   404   435   104   135    89   138 0.80 -
9222:5484-7061       -            526 2851at4891           -            608    0.0017   13.9   2.8   3   4     0.082         3    3.2   0.1   341   375   181   214   168   225 0.83 -
9222:5484-7061       -            526 2851at4891           -            608    0.0017   13.9   2.8   4   4      0.06       2.2    3.7   0.1   347   377   295   324   283   368 0.62 -
9396:13167-14828     -            554 2851at4891           -            608    0.0026   13.3   0.3   1   2    0.0031      0.11    7.9   0.1   241   295   110   169    63   245 0.75 -
9396:13167-14828     -            554 2851at4891           -            608    0.0026   13.3   0.3   2   2      0.13       4.6    2.6   0.0   106   146   346   386   336   401 0.80 -
8898:157-1449        -            431 2851at4891           -            608    0.0032   13.0   2.5   1   3    0.0014     0.053    9.0   0.2   260   417    60   237    51   254 0.42 -
8898:157-1449        -            431 2851at4891           -            608    0.0032   13.0   2.5   2   3       8.4   3.1e+02   -3.4   0.0    74    94   271   291   264   297 0.82 -
8898:157-1449        -            431 2851at4891           -            608    0.0032   13.0   2.5   3   3       3.6   1.3e+02   -2.2   0.0    76   101   325   350   312   401 0.54 -
7600:86-1888         -            601 2851at4891           -            608    0.0037   12.8   0.0   1   3   0.00081      0.03    9.8   0.0    99   389   299   352   241   366 0.63 -
7600:86-1888         -            601 2851at4891           -            608    0.0037   12.8   0.0   2   3         3   1.1e+02   -2.0   0.0   354   492   427   445   417   453 0.49 -
7600:86-1888         -            601 2851at4891           -            608    0.0037   12.8   0.0   3   3       2.3        86   -1.6   0.0    35    69   511   546   502   569 0.61 -
9690:26443-27786     -            448 2851at4891           -            608     0.006   12.1   0.0   1   1   0.00024    0.0088   11.6   0.0   341   421   221   304   197   319 0.87 -
9592:21328-23076     -            583 2851at4891           -            608    0.0061   12.1   1.2   1   3    0.0013     0.048    9.2   0.0   317   381   211   274   187   328 0.80 -
9592:21328-23076     -            583 2851at4891           -            608    0.0061   12.1   1.2   2   3       5.9   2.2e+02   -2.9   0.1    73   128   379   433   375   437 0.62 -
9592:21328-23076     -            583 2851at4891           -            608    0.0061   12.1   1.2   3   3      0.63        23    0.3   0.0   106   131   553   578   495   582 0.51 -
9662:27372-29006     -            545 2851at4891           -            608    0.0067   12.0   0.0   1   1   0.00032     0.012   11.2   0.0   349   496   187   298   145   324 0.51 -
#
# Program:         hmmsearch
# Version:         3.1b2 (February 2015)
# Pipeline mode:   SEARCH
# Query file:      /home/jj/Desktop/Bioinformatics/3rd_year/1term/Computational_genomics/Seminars/exercise_04/busco_downloads/lineages/saccharomycetes_odb10/hmms/2851at4891.hmm
# Target file:     /home/jj/Desktop/Bioinformatics/3rd_year/1term/Computational_genomics/Seminars/exercise_04/./busco/SRR6130428/SRR6130428_k63_contigs/run_saccharomycetes_odb10/metaeuk_output/initial_results/SRR6130428_k63_graph.contig.fa.modified.fas
# Option settings: hmmsearch --domtblout /home/jj/Desktop/Bioinformatics/3rd_year/1term/Computational_genomics/Seminars/exercise_04/./busco/SRR6130428/SRR6130428_k63_contigs/run_saccharomycetes_odb10/hmmer_output/initial_run_results/2851at4891.out --cpu 1 /home/jj/Desktop/Bioinformatics/3rd_year/1term/Computational_genomics/Seminars/exercise_04/busco_downloads/lineages/saccharomycetes_odb10/hmms/2851at4891.hmm /home/jj/Desktop/Bioinformatics/3rd_year/1term/Computational_genomics/Seminars/exercise_04/./busco/SRR6130428/SRR6130428_k63_contigs/run_saccharomycetes_odb10/metaeuk_output/initial_results/SRR6130428_k63_graph.contig.fa.modified.fas 
# Current dir:     /home/jj/Desktop/Bioinformatics/3rd_year/1term/Computational_genomics/Seminars/exercise_04
# Date:            Tue Nov  5 18:38:22 2024
# [ok]
