#                                                                            --- full sequence --- -------------- this domain -------------   hmm coord   ali coord   env coord
# target name        accession   tlen query name           accession   qlen   E-value  score  bias   #  of  c-Evalue  i-Evalue  score  bias  from    to  from    to  from    to  acc description of target
#------------------- ---------- ----- -------------------- ---------- ----- --------- ------ ----- --- --- --------- --------- ------ ----- ----- ----- ----- ----- ----- ----- ---- ---------------------
9686:22344-22916     -            191 28544at4891          -            154     6e-87  286.6   0.1   1   2   6.1e-73   5.4e-71  234.8   0.0     1   121     6   128     6   138 0.96 -
9686:22344-22916     -            191 28544at4891          -            154     6e-87  286.6   0.1   2   2   4.3e-16   3.8e-14   50.2   0.0   118   154   144   180   137   180 0.94 -
9342:4433-4966       -            178 28544at4891          -            154   9.8e-66  217.7   0.2   1   2   1.6e-58   1.5e-56  188.0   0.0     1   119     2   122     2   132 0.96 -
9342:4433-4966       -            178 28544at4891          -            154   9.8e-66  217.7   0.2   2   2   2.5e-09   2.3e-07   28.2   0.0   118   153   143   178   137   178 0.94 -
8996:8645-9337       -            231 28544at4891          -            154   1.6e-56  187.9   0.2   1   2   8.1e-53   7.2e-51  169.5   0.0     1   120    15   136    15   172 0.90 -
8996:8645-9337       -            231 28544at4891          -            154   1.6e-56  187.9   0.2   2   2   8.3e-06   0.00074   16.8   0.0   119   152   178   211   170   213 0.92 -
9646:6177-6674       -            166 28544at4891          -            154   3.5e-49  164.0   0.1   1   1   4.2e-50   3.8e-48  160.6   0.1     4   150     1   164     1   166 0.89 -
8556:666-1238        -            191 28544at4891          -            154   3.7e-44  147.7   0.1   1   2   5.7e-40   5.1e-38  127.8   0.0     4   119     5   122     2   134 0.94 -
8556:666-1238        -            191 28544at4891          -            154   3.7e-44  147.7   0.1   2   2   3.6e-06   0.00032   18.0   0.0   118   151   143   176   134   178 0.88 -
9396:17173-17850     -            226 28544at4891          -            154   2.1e-38  129.0   0.6   1   3   8.3e-16   7.4e-14   49.3   0.0     4    45     5    46     2    62 0.92 -
9396:17173-17850     -            226 28544at4891          -            154   2.1e-38  129.0   0.6   2   3   1.9e-20   1.7e-18   64.4   0.0    46   123    77   167    70   188 0.80 -
9396:17173-17850     -            226 28544at4891          -            154   2.1e-38  129.0   0.6   3   3   0.00042     0.038   11.3   0.0   119   151   185   217   177   220 0.85 -
8012:204-749         -            182 28544at4891          -            154   3.4e-23   79.6   0.0   1   1   6.4e-25   5.7e-23   78.9   0.0     4   144     8   163     5   172 0.85 -
7992:884-1501        -            206 28544at4891          -            154   6.5e-23   78.7   0.2   1   1     1e-24   9.3e-23   78.2   0.2     4   149    10   167     8   172 0.84 -
9686:29089-29574     -            162 28544at4891          -            154   6.9e-22   75.4   0.0   1   1   4.2e-23   3.7e-21   73.0   0.0     4   144     1   159     1   162 0.76 -
9638:11299-12714     -            279 28544at4891          -            154   1.3e-21   74.4   0.2   1   1     3e-23   2.7e-21   73.5   0.2     2   147    74   233    73   237 0.84 -
8968:6712-7380       -            223 28544at4891          -            154   5.9e-21   72.3   0.0   1   1     1e-22   9.1e-21   71.7   0.0     4   146    15   169    12   176 0.82 -
9714:14124-14693     -            190 28544at4891          -            154   1.6e-20   71.0   0.1   1   1   2.4e-22   2.1e-20   70.5   0.1     4   143     1   155     1   162 0.79 -
9406:6563-7207       -            215 28544at4891          -            154   1.2e-19   68.1   0.8   1   1   1.8e-21   1.6e-19   67.7   0.1     4   145    22   174    20   181 0.82 -
8856:4098-4763       -            222 28544at4891          -            154   2.3e-19   67.1   0.0   1   1   4.1e-21   3.6e-19   66.5   0.0     4   145    15   168    13   176 0.81 -
9616:2514-3011       -            166 28544at4891          -            154   3.3e-19   66.7   0.1   1   1   4.8e-21   4.3e-19   66.3   0.1     4   144     2   154     1   162 0.79 -
9652:7994-8617       -            208 28544at4891          -            154   6.6e-19   65.7   0.7   1   2   1.2e-19   1.1e-17   61.8   0.5     4   117    10   131     7   177 0.78 -
9652:7994-8617       -            208 28544at4891          -            154   6.6e-19   65.7   0.7   2   2      0.05       4.5    4.5   0.0    77   148   122   195   115   200 0.82 -
9570:23807-24448     -            214 28544at4891          -            154   1.2e-18   64.8   0.1   1   2   4.8e-19   4.3e-17   59.8   0.0     4   119     2   129     1   136 0.81 -
9570:23807-24448     -            214 28544at4891          -            154   1.2e-18   64.8   0.1   2   2      0.15        13    3.0   0.0   129   145   168   184   146   191 0.82 -
9394:464-982         -            173 28544at4891          -            154   3.8e-18   63.2   0.1   1   1   5.4e-20   4.8e-18   62.9   0.1     4   122     9   129     7   159 0.88 -
8032:1817-2311       -            165 28544at4891          -            154   5.8e-18   62.6   0.1   1   1   7.8e-20     7e-18   62.4   0.1     4   122     1   121     1   151 0.88 -
8740:325-852         -            176 28544at4891          -            154   6.8e-18   62.4   0.1   1   1   1.1e-19     1e-17   61.8   0.1     3   144    11   164     9   171 0.79 -
9176:12388-12873     -            162 28544at4891          -            154   6.5e-16   56.0   0.1   1   1   1.1e-17   9.8e-16   55.4   0.1     4   145     2   156     1   162 0.79 -
9160:12117-12692     -            192 28544at4891          -            154     1e-12   45.6   0.1   1   1   1.9e-14   1.7e-12   44.9   0.1     2   119     4   124     3   177 0.90 -
9600:12589-13188     -            200 28544at4891          -            154   1.9e-11   41.4   0.0   1   1   3.2e-13   2.9e-11   40.9   0.0     4   118     8   124     5   172 0.85 -
9674:32427-32993     -            189 28544at4891          -            154   2.9e-10   37.6   0.2   1   2   7.3e-12   6.6e-10   36.5   0.2    44   119    37   120    22   157 0.75 -
9674:32427-32993     -            189 28544at4891          -            154   2.9e-10   37.6   0.2   2   2       2.2     2e+02   -0.8   0.0    92   109   149   166   123   171 0.84 -
9450:10864-12849     -            662 28544at4891          -            154   1.7e-08   31.9   0.1   1   2     0.019       1.7    5.9   0.1     4    27     7    30     5    38 0.87 -
9450:10864-12849     -            662 28544at4891          -            154   1.7e-08   31.9   0.1   2   2   9.7e-08   8.6e-06   23.1   0.0     6   119   452   567   446   576 0.81 -
9434:16912-17505     -            198 28544at4891          -            154   3.5e-08   30.9   0.0   1   1   3.3e-09   2.9e-07   27.9   0.0     5   146    20   181    16   187 0.70 -
9360:15235-15768     -            178 28544at4891          -            154     4e-07   27.4   0.0   1   1   6.2e-09   5.5e-07   27.0   0.0     4   122    19   136    16   148 0.78 -
8432:4086-4625       -            180 28544at4891          -            154     5e-07   27.1   0.0   1   1   7.5e-09   6.7e-07   26.7   0.0     4   121    19   135    16   149 0.77 -
9260:2621-3145       -            175 28544at4891          -            154   1.6e-06   25.4   0.0   1   1   2.4e-08   2.1e-06   25.1   0.0     3   120    18   134    16   151 0.74 -
8780:4884-5432       -            183 28544at4891          -            154   3.4e-05   21.1   0.1   1   1   5.7e-07   5.1e-05   20.6   0.1     4    94    20   106    17   172 0.74 -
#
# Program:         hmmsearch
# Version:         3.1b2 (February 2015)
# Pipeline mode:   SEARCH
# Query file:      /home/jj/Desktop/Bioinformatics/3rd_year/1term/Computational_genomics/Seminars/exercise_04/busco_downloads/lineages/saccharomycetes_odb10/hmms/28544at4891.hmm
# Target file:     /home/jj/Desktop/Bioinformatics/3rd_year/1term/Computational_genomics/Seminars/exercise_04/./busco/SRR6130428/SRR6130428_k63_contigs/run_saccharomycetes_odb10/metaeuk_output/initial_results/SRR6130428_k63_graph.contig.fa.modified.fas
# Option settings: hmmsearch --domtblout /home/jj/Desktop/Bioinformatics/3rd_year/1term/Computational_genomics/Seminars/exercise_04/./busco/SRR6130428/SRR6130428_k63_contigs/run_saccharomycetes_odb10/hmmer_output/initial_run_results/28544at4891.out --cpu 1 /home/jj/Desktop/Bioinformatics/3rd_year/1term/Computational_genomics/Seminars/exercise_04/busco_downloads/lineages/saccharomycetes_odb10/hmms/28544at4891.hmm /home/jj/Desktop/Bioinformatics/3rd_year/1term/Computational_genomics/Seminars/exercise_04/./busco/SRR6130428/SRR6130428_k63_contigs/run_saccharomycetes_odb10/metaeuk_output/initial_results/SRR6130428_k63_graph.contig.fa.modified.fas 
# Current dir:     /home/jj/Desktop/Bioinformatics/3rd_year/1term/Computational_genomics/Seminars/exercise_04
# Date:            Tue Nov  5 18:38:22 2024
# [ok]
