#                                                                            --- full sequence --- -------------- this domain -------------   hmm coord   ali coord   env coord
# target name        accession   tlen query name           accession   qlen   E-value  score  bias   #  of  c-Evalue  i-Evalue  score  bias  from    to  from    to  from    to  acc description of target
#------------------- ---------- ----- -------------------- ---------- ----- --------- ------ ----- --- --- --------- --------- ------ ----- ----- ----- ----- ----- ----- ----- ---- ---------------------
9546:274-1404        -            377 28849at4891          -            297   1.2e-98  327.2   6.3   1   1  1.9e-100   1.3e-97  323.8   6.3     4   266    12   300     7   331 0.83 -
8782:64-1173         -            370 28849at4891          -            297   0.00024   17.6   0.6   1   4     0.012       7.8    2.8   0.0   190   223    86   119    63   144 0.78 -
8782:64-1173         -            370 28849at4891          -            297   0.00024   17.6   0.6   2   4    0.0014      0.91    5.8   0.0   129   170   139   180   132   183 0.85 -
8782:64-1173         -            370 28849at4891          -            297   0.00024   17.6   0.6   3   4     0.055        37    0.6   0.1    11    74   235   296   225   302 0.62 -
8782:64-1173         -            370 28849at4891          -            297   0.00024   17.6   0.6   4   4    0.0082       5.5    3.3   0.0    11    63   303   356   299   359 0.91 -
9520:14273-16186     -            638 28849at4891          -            297    0.0037   13.7   2.0   1   5      0.01       6.7    3.0   0.0    10    61   140   192   134   197 0.81 -
9520:14273-16186     -            638 28849at4891          -            297    0.0037   13.7   2.0   2   5      0.26   1.7e+02   -1.7   0.0    34    61   382   409   358   425 0.74 -
9520:14273-16186     -            638 28849at4891          -            297    0.0037   13.7   2.0   3   5      0.23   1.6e+02   -1.5   0.0   130   169   399   438   388   463 0.67 -
9520:14273-16186     -            638 28849at4891          -            297    0.0037   13.7   2.0   4   5   0.00055      0.37    7.1   0.0    38    63   538   563   521   572 0.88 -
9520:14273-16186     -            638 28849at4891          -            297    0.0037   13.7   2.0   5   5    0.0011      0.72    6.2   0.1    41   143   541   564   540   616 0.66 -
9358:12758-14626     -            623 28849at4891          -            297      0.02   11.3  12.1   1   5      0.11        75   -0.5   0.1     9    61   118   170   113   173 0.89 -
9358:12758-14626     -            623 28849at4891          -            297      0.02   11.3  12.1   2   5     0.035        24    1.2   0.1   154   184   300   330   285   339 0.85 -
9358:12758-14626     -            623 28849at4891          -            297      0.02   11.3  12.1   3   5    0.0073       4.9    3.4   0.0    40   151   380   412   349   435 0.58 -
9358:12758-14626     -            623 28849at4891          -            297      0.02   11.3  12.1   4   5     0.022        15    1.9   0.1     8    61   449   503   442   508 0.86 -
9358:12758-14626     -            623 28849at4891          -            297      0.02   11.3  12.1   5   5   0.00028      0.19    8.1   0.4   128   187   534   593   525   601 0.89 -
#
# Program:         hmmsearch
# Version:         3.1b2 (February 2015)
# Pipeline mode:   SEARCH
# Query file:      /home/jj/Desktop/Bioinformatics/3rd_year/1term/Computational_genomics/Seminars/exercise_04/busco_downloads/lineages/saccharomycetes_odb10/hmms/28849at4891.hmm
# Target file:     /home/jj/Desktop/Bioinformatics/3rd_year/1term/Computational_genomics/Seminars/exercise_04/./busco/SRR6130428/SRR6130428_k63_contigs/run_saccharomycetes_odb10/metaeuk_output/initial_results/SRR6130428_k63_graph.contig.fa.modified.fas
# Option settings: hmmsearch --domtblout /home/jj/Desktop/Bioinformatics/3rd_year/1term/Computational_genomics/Seminars/exercise_04/./busco/SRR6130428/SRR6130428_k63_contigs/run_saccharomycetes_odb10/hmmer_output/initial_run_results/28849at4891.out --cpu 1 /home/jj/Desktop/Bioinformatics/3rd_year/1term/Computational_genomics/Seminars/exercise_04/busco_downloads/lineages/saccharomycetes_odb10/hmms/28849at4891.hmm /home/jj/Desktop/Bioinformatics/3rd_year/1term/Computational_genomics/Seminars/exercise_04/./busco/SRR6130428/SRR6130428_k63_contigs/run_saccharomycetes_odb10/metaeuk_output/initial_results/SRR6130428_k63_graph.contig.fa.modified.fas 
# Current dir:     /home/jj/Desktop/Bioinformatics/3rd_year/1term/Computational_genomics/Seminars/exercise_04
# Date:            Tue Nov  5 18:38:23 2024
# [ok]
