#                                                                            --- full sequence --- -------------- this domain -------------   hmm coord   ali coord   env coord
# target name        accession   tlen query name           accession   qlen   E-value  score  bias   #  of  c-Evalue  i-Evalue  score  bias  from    to  from    to  from    to  acc description of target
#------------------- ---------- ----- -------------------- ---------- ----- --------- ------ ----- --- --- --------- --------- ------ ----- ----- ----- ----- ----- ----- ----- ---- ---------------------
9616:696-1685        -            330 28953at4891          -            165   1.1e-62  208.4  12.5   1   3   4.2e-30   1.9e-27   93.7   1.0     2   118     6   149     5   153 0.77 -
9616:696-1685        -            330 28953at4891          -            165   1.1e-62  208.4  12.5   2   3   0.00022     0.097   10.1   1.4    87   124   136   173   134   179 0.84 -
9616:696-1685        -            330 28953at4891          -            165   1.1e-62  208.4  12.5   3   3   3.8e-34   1.7e-31  106.9   0.5   105   165   264   326   225   326 0.84 -
8820:1144-1986       -            281 28953at4891          -            165   4.1e-24   82.9   6.7   1   1   1.4e-26   6.3e-24   82.3   6.0    96   165   197   268   156   268 0.75 -
8134:1841-2419       -            193 28953at4891          -            165   2.7e-22   76.9  13.1   1   1   3.8e-23   1.7e-20   71.1  13.1    12   164     9   190     4   192 0.58 -
9220:4444-5490       -            349 28953at4891          -            165   2.3e-09   34.9   5.6   1   3   5.1e-12   2.3e-09   34.9   5.6   117   165    17    68    10    68 0.85 -
9220:4444-5490       -            349 28953at4891          -            165   2.3e-09   34.9   5.6   2   3      0.61   2.7e+02   -1.1   0.2    87    97   229   239   141   277 0.53 -
9220:4444-5490       -            349 28953at4891          -            165   2.3e-09   34.9   5.6   3   3     0.051        23    2.4   0.1    27    68   300   341   277   347 0.79 -
8702:4636-6543       -            636 28953at4891          -            165   0.00068   17.1   1.2   1   2   1.5e-06   0.00068   17.1   1.2   111   165   211   266   171   266 0.70 -
8702:4636-6543       -            636 28953at4891          -            165   0.00068   17.1   1.2   2   2      0.39   1.7e+02   -0.5   2.0   134   162   397   426   360   428 0.74 -
8738:4601-6784       -            728 28953at4891          -            165     0.011   13.2   0.4   1   1   4.7e-05     0.021   12.3   0.4   135   165   251   282   160   282 0.82 -
#
# Program:         hmmsearch
# Version:         3.1b2 (February 2015)
# Pipeline mode:   SEARCH
# Query file:      /home/jj/Desktop/Bioinformatics/3rd_year/1term/Computational_genomics/Seminars/exercise_04/busco_downloads/lineages/saccharomycetes_odb10/hmms/28953at4891.hmm
# Target file:     /home/jj/Desktop/Bioinformatics/3rd_year/1term/Computational_genomics/Seminars/exercise_04/./busco/SRR6130428/SRR6130428_k63_contigs/run_saccharomycetes_odb10/metaeuk_output/initial_results/SRR6130428_k63_graph.contig.fa.modified.fas
# Option settings: hmmsearch --domtblout /home/jj/Desktop/Bioinformatics/3rd_year/1term/Computational_genomics/Seminars/exercise_04/./busco/SRR6130428/SRR6130428_k63_contigs/run_saccharomycetes_odb10/hmmer_output/initial_run_results/28953at4891.out --cpu 1 /home/jj/Desktop/Bioinformatics/3rd_year/1term/Computational_genomics/Seminars/exercise_04/busco_downloads/lineages/saccharomycetes_odb10/hmms/28953at4891.hmm /home/jj/Desktop/Bioinformatics/3rd_year/1term/Computational_genomics/Seminars/exercise_04/./busco/SRR6130428/SRR6130428_k63_contigs/run_saccharomycetes_odb10/metaeuk_output/initial_results/SRR6130428_k63_graph.contig.fa.modified.fas 
# Current dir:     /home/jj/Desktop/Bioinformatics/3rd_year/1term/Computational_genomics/Seminars/exercise_04
# Date:            Tue Nov  5 18:38:24 2024
# [ok]
