#                                                                            --- full sequence --- -------------- this domain -------------   hmm coord   ali coord   env coord
# target name        accession   tlen query name           accession   qlen   E-value  score  bias   #  of  c-Evalue  i-Evalue  score  bias  from    to  from    to  from    to  acc description of target
#------------------- ---------- ----- -------------------- ---------- ----- --------- ------ ----- --- --- --------- --------- ------ ----- ----- ----- ----- ----- ----- ----- ---- ---------------------
7950:140-1054        -            305 28982at4891          -            197   1.8e-73  243.9  11.6   1   5     5e-13   3.7e-11   40.5   0.1     1    32     4    35     4    42 0.93 -
7950:140-1054        -            305 28982at4891          -            197   1.8e-73  243.9  11.6   2   5   9.1e-12   6.8e-10   36.4   0.1    30    63    63    96    61   104 0.91 -
7950:140-1054        -            305 28982at4891          -            197   1.8e-73  243.9  11.6   3   5   9.3e-32   6.9e-30  101.7   0.2    61   139   118   202   113   209 0.92 -
7950:140-1054        -            305 28982at4891          -            197   1.8e-73  243.9  11.6   4   5   1.8e-08   1.3e-06   25.7   0.0   133   169   217   253   205   259 0.85 -
7950:140-1054        -            305 28982at4891          -            197   1.8e-73  243.9  11.6   5   5   3.6e-14   2.7e-12   44.2   0.0   160   197   266   303   256   303 0.84 -
9644:4938-5942       -            335 28982at4891          -            197   2.4e-44  148.8   3.2   1   5   0.00013    0.0098   13.0   0.0     3    31    47    75    45    94 0.73 -
9644:4938-5942       -            335 28982at4891          -            197   2.4e-44  148.8   3.2   2   5   1.6e-06   0.00012   19.3   0.0    86   139    77   131    74   137 0.84 -
9644:4938-5942       -            335 28982at4891          -            197   2.4e-44  148.8   3.2   3   5   7.7e-28   5.8e-26   88.9   0.0    33   148   104   237    97   246 0.84 -
9644:4938-5942       -            335 28982at4891          -            197   2.4e-44  148.8   3.2   4   5   2.3e-06   0.00017   18.8   0.2   140   185   249   294   242   297 0.84 -
9644:4938-5942       -            335 28982at4891          -            197   2.4e-44  148.8   3.2   5   5     3e-08   2.2e-06   24.9   0.0   164   196   297   329   286   330 0.85 -
8890:5745-6635       -            297 28982at4891          -            197   1.6e-41  139.6   8.1   1   4   4.2e-09   3.1e-07   27.7   0.1    68   139    11    93     9   103 0.80 -
8890:5745-6635       -            297 28982at4891          -            197   1.6e-41  139.6   8.1   2   4   3.6e-22   2.7e-20   70.4   0.2    67   143   110   194   102   213 0.88 -
8890:5745-6635       -            297 28982at4891          -            197   1.6e-41  139.6   8.1   3   4   3.8e-06   0.00029   18.1   0.3   140   179   214   253   201   261 0.83 -
8890:5745-6635       -            297 28982at4891          -            197   1.6e-41  139.6   8.1   4   4   3.4e-08   2.5e-06   24.8   0.1   155   196   253   294   246   295 0.88 -
9542:7230-8360       -            377 28982at4891          -            197   3.2e-34  115.8   2.3   1   4   5.7e-05    0.0043   14.2   0.0     4    43    56    97    54   118 0.85 -
9542:7230-8360       -            377 28982at4891          -            197   3.2e-34  115.8   2.3   2   4   2.2e-06   0.00017   18.8   0.0    98   139   119   161   101   170 0.64 -
9542:7230-8360       -            377 28982at4891          -            197   3.2e-34  115.8   2.3   3   4     4e-18     3e-16   57.2   0.1    61   143   174   264   161   271 0.82 -
9542:7230-8360       -            377 28982at4891          -            197   3.2e-34  115.8   2.3   4   4    0.0072      0.54    7.4   0.0   144   167   296   319   289   339 0.80 -
7524:527-1453        -            309 28982at4891          -            197   7.3e-32  108.1   6.6   1   5   4.3e-05    0.0032   14.6   0.1     3    31    14    42    12    49 0.91 -
7524:527-1453        -            309 28982at4891          -            197   7.3e-32  108.1   6.6   2   5   7.9e-08   5.9e-06   23.6   0.0    97   139    53    96    47   104 0.88 -
7524:527-1453        -            309 28982at4891          -            197   7.3e-32  108.1   6.6   3   5   1.3e-14   9.3e-13   45.7   0.1    64   151   109   200   103   210 0.86 -
7524:527-1453        -            309 28982at4891          -            197   7.3e-32  108.1   6.6   4   5    0.0042      0.31    8.1   0.0     6    33   213   240   208   260 0.89 -
7524:527-1453        -            309 28982at4891          -            197   7.3e-32  108.1   6.6   5   5   1.4e-05     0.001   16.2   0.0   158   195   267   302   245   304 0.89 -
8624:103-2805        -            901 28982at4891          -            197   5.9e-31  105.1   0.1   1   4   1.9e-11   1.4e-09   35.4   0.0    52   139   521   612   507   623 0.82 -
8624:103-2805        -            901 28982at4891          -            197   5.9e-31  105.1   0.1   2   4   5.8e-07   4.3e-05   20.7   0.0     3    34   627   658   625   664 0.91 -
8624:103-2805        -            901 28982at4891          -            197   5.9e-31  105.1   0.1   3   4    0.0002     0.015   12.4   0.0   165   196   677   708   669   709 0.85 -
8624:103-2805        -            901 28982at4891          -            197   5.9e-31  105.1   0.1   4   4   6.5e-10   4.9e-08   30.4   0.0    62   139   727   811   720   820 0.81 -
8734:5869-6846       -            326 28982at4891          -            197   6.2e-27   92.0   0.5   1   5     0.014       1.1    6.4   0.0     4    33    26    55    23    66 0.80 -
8734:5869-6846       -            326 28982at4891          -            197   6.2e-27   92.0   0.5   2   5   0.00043     0.032   11.4   0.0     4    31   126   153   123   161 0.86 -
8734:5869-6846       -            326 28982at4891          -            197   6.2e-27   92.0   0.5   3   5   9.6e-05    0.0071   13.5   0.0   166   196   187   217   175   218 0.87 -
8734:5869-6846       -            326 28982at4891          -            197   6.2e-27   92.0   0.5   4   5    0.0032      0.23    8.5   0.0   138   167   235   264   219   268 0.85 -
8734:5869-6846       -            326 28982at4891          -            197   6.2e-27   92.0   0.5   5   5   2.6e-09   1.9e-07   28.4   0.0   159   195   283   319   272   321 0.87 -
8892:1238-2197       -            320 28982at4891          -            197   1.1e-26   91.2   5.6   1   6   8.6e-07   6.4e-05   20.2   0.0     3    33    11    41     9    49 0.91 -
8892:1238-2197       -            320 28982at4891          -            197   1.1e-26   91.2   5.6   2   6   9.5e-05    0.0071   13.5   0.0   102   140    57    96    40   112 0.68 -
8892:1238-2197       -            320 28982at4891          -            197   1.1e-26   91.2   5.6   3   6   0.00048     0.036   11.2   0.1     4    30   112   139   109   143 0.84 -
8892:1238-2197       -            320 28982at4891          -            197   1.1e-26   91.2   5.6   4   6   4.3e-05    0.0032   14.6   0.0    94   143   152   202   149   210 0.80 -
8892:1238-2197       -            320 28982at4891          -            197   1.1e-26   91.2   5.6   5   6     0.013      0.94    6.6   0.0     6    30   218   242   214   249 0.88 -
8892:1238-2197       -            320 28982at4891          -            197   1.1e-26   91.2   5.6   6   6   1.1e-07   8.5e-06   23.0   0.0   157   196   262   299   244   300 0.82 -
9636:22681-23493     -            271 28982at4891          -            197   4.3e-26   89.3   2.4   1   4   3.7e-09   2.8e-07   27.9   0.0     4    64     7    76     5    91 0.81 -
9636:22681-23493     -            271 28982at4891          -            197   4.3e-26   89.3   2.4   2   4   0.00036     0.027   11.6   0.0    57   116    88   147    80   149 0.88 -
9636:22681-23493     -            271 28982at4891          -            197   4.3e-26   89.3   2.4   3   4     4e-06    0.0003   18.0   0.0   168   196   147   175   142   176 0.92 -
9636:22681-23493     -            271 28982at4891          -            197   4.3e-26   89.3   2.4   4   4   6.3e-10   4.7e-08   30.4   0.1    68   139   195   268   189   271 0.86 -
7848:245-1210        -            322 28982at4891          -            197   5.5e-26   88.9   4.8   1   4   3.3e-05    0.0025   15.0   0.0     4    33    24    53    22    58 0.88 -
7848:245-1210        -            322 28982at4891          -            197   5.5e-26   88.9   4.8   2   4    0.0049      0.36    7.9   0.0    92   136    59   104    53   113 0.77 -
7848:245-1210        -            322 28982at4891          -            197   5.5e-26   88.9   4.8   3   4   1.5e-11   1.1e-09   35.7   0.1    65   140   129   215   120   225 0.84 -
7848:245-1210        -            322 28982at4891          -            197   5.5e-26   88.9   4.8   4   4   1.2e-09   9.2e-08   29.4   0.1    64   149   229   319   220   321 0.86 -
9216:11770-12681     -            304 28982at4891          -            197   3.3e-24   83.1   0.6   1   4   2.4e-05    0.0018   15.5   0.0     4    31    15    42    13    48 0.92 -
9216:11770-12681     -            304 28982at4891          -            197   3.3e-24   83.1   0.6   2   4   3.7e-05    0.0027   14.9   0.0    94   139    57   103    53   116 0.86 -
9216:11770-12681     -            304 28982at4891          -            197   3.3e-24   83.1   0.6   3   4   1.8e-05    0.0013   15.9   0.0     3    37   120   154   117   156 0.93 -
9216:11770-12681     -            304 28982at4891          -            197   3.3e-24   83.1   0.6   4   4   1.6e-09   1.2e-07   29.1   0.1    20   134   155   291   153   297 0.70 -
8618:204-1031        -            276 28982at4891          -            197   7.2e-24   82.0   0.2   1   3    0.0017      0.12    9.4   0.0     6    35     2    31     1    39 0.89 -
8618:204-1031        -            276 28982at4891          -            197   7.2e-24   82.0   0.2   2   3   2.2e-07   1.6e-05   22.1   0.0    27   143    46   185    32   190 0.71 -
8618:204-1031        -            276 28982at4891          -            197   7.2e-24   82.0   0.2   3   3   2.9e-14   2.2e-12   44.5   0.1    66   136   202   276   195   276 0.89 -
9440:8613-9407       -            265 28982at4891          -            197   1.2e-23   81.3   0.6   1   4   1.8e-06   0.00013   19.1   0.0     9    30     3    24     1    29 0.91 -
9440:8613-9407       -            265 28982at4891          -            197   1.2e-23   81.3   0.6   2   4   9.9e-06   0.00074   16.7   0.0    99   171    33   106    26   116 0.87 -
9440:8613-9407       -            265 28982at4891          -            197   1.2e-23   81.3   0.6   3   4   3.1e-05    0.0023   15.1   0.0    94   142   127   177   122   183 0.88 -
9440:8613-9407       -            265 28982at4891          -            197   1.2e-23   81.3   0.6   4   4   1.4e-08   1.1e-06   26.0   0.0    62   124   188   252   181   263 0.86 -
7420:226-1116        -            297 28982at4891          -            197   1.8e-23   80.7   3.9   1   4     3e-10   2.2e-08   31.5   0.1    63   141    26   110    16   121 0.83 -
7420:226-1116        -            297 28982at4891          -            197   1.8e-23   80.7   3.9   2   4   1.2e-10   8.9e-09   32.8   0.2    43   137    91   198    90   207 0.75 -
7420:226-1116        -            297 28982at4891          -            197   1.8e-23   80.7   3.9   3   4    0.0054       0.4    7.8   0.0     4    31   215   242   212   252 0.82 -
7420:226-1116        -            297 28982at4891          -            197   1.8e-23   80.7   3.9   4   4   0.00039     0.029   11.5   0.0   164   193   268   297   262   297 0.92 -
8498:3398-4288       -            297 28982at4891          -            197   1.1e-22   78.1   0.3   1   4   1.7e-05    0.0012   16.0   0.1     5    31    16    42    13    50 0.90 -
8498:3398-4288       -            297 28982at4891          -            197   1.1e-22   78.1   0.3   2   4   5.2e-06   0.00039   17.6   0.0    88   140    54   107    47   114 0.85 -
8498:3398-4288       -            297 28982at4891          -            197   1.1e-22   78.1   0.3   3   4   7.9e-06   0.00059   17.0   0.0     4    50   126   171   123   201 0.79 -
8498:3398-4288       -            297 28982at4891          -            197   1.1e-22   78.1   0.3   4   4   2.3e-07   1.7e-05   22.0   0.0    61   128   214   286   184   297 0.83 -
9646:21723-22529     -            269 28982at4891          -            197   2.4e-22   77.0   1.3   1   3   1.1e-08   8.1e-07   26.4   0.1    66   143     1    84     1    98 0.82 -
9646:21723-22529     -            269 28982at4891          -            197   2.4e-22   77.0   1.3   2   3   7.9e-08   5.9e-06   23.5   0.1    64   137    96   170    87   176 0.89 -
9646:21723-22529     -            269 28982at4891          -            197   2.4e-22   77.0   1.3   3   3   1.5e-05    0.0011   16.1   0.0   164   193   240   269   234   269 0.94 -
9260:13124-14104     -            327 28982at4891          -            197   2.8e-22   76.8   0.9   1   4   0.00025     0.019   12.1   0.0     3    29    38    64    36    79 0.90 -
9260:13124-14104     -            327 28982at4891          -            197   2.8e-22   76.8   0.9   2   4   0.00028     0.021   12.0   0.0    99   143    83   128    71   134 0.73 -
9260:13124-14104     -            327 28982at4891          -            197   2.8e-22   76.8   0.9   3   4   5.9e-09   4.4e-07   27.2   0.1    66   142   145   222   136   226 0.89 -
9260:13124-14104     -            327 28982at4891          -            197   2.8e-22   76.8   0.9   4   4   5.4e-07     4e-05   20.8   0.0    62   126   239   305   234   320 0.83 -
9700:14404-15303     -            300 28982at4891          -            197   5.3e-22   75.9   1.9   1   3   1.3e-07   9.5e-06   22.9   0.0    64   139     5    78     2    92 0.84 -
9700:14404-15303     -            300 28982at4891          -            197   5.3e-22   75.9   1.9   2   3   1.2e-10   9.1e-09   32.7   0.0    65   141   113   192    96   205 0.81 -
9700:14404-15303     -            300 28982at4891          -            197   5.3e-22   75.9   1.9   3   3   3.3e-06   0.00024   18.3   0.3    61   138   215   295   208   299 0.82 -
9290:2994-3881       -            296 28982at4891          -            197   3.6e-20   70.0   7.2   1   4     0.021       1.6    5.9   0.0     3    31     6    34     4    43 0.78 -
9290:2994-3881       -            296 28982at4891          -            197   3.6e-20   70.0   7.2   2   4     0.086       6.4    3.8   0.1    64    94    96   126    87   155 0.82 -
9290:2994-3881       -            296 28982at4891          -            197   3.6e-20   70.0   7.2   3   4   7.3e-06   0.00054   17.1   0.1    96   146   160   211   149   220 0.83 -
9290:2994-3881       -            296 28982at4891          -            197   3.6e-20   70.0   7.2   4   4   1.8e-14   1.3e-12   45.3   0.7    68   138   215   294   208   296 0.81 -
9432:17155-18030     -            292 28982at4891          -            197   1.1e-19   68.4   0.1   1   3   1.5e-06   0.00011   19.3   0.0    86   141    41    97    32   104 0.88 -
9432:17155-18030     -            292 28982at4891          -            197   1.1e-19   68.4   0.1   2   3   4.5e-08   3.3e-06   24.4   0.0    94   141   152   200   105   214 0.72 -
9432:17155-18030     -            292 28982at4891          -            197   1.1e-19   68.4   0.1   3   3   1.2e-06   9.2e-05   19.6   0.0    73   138   221   291   207   292 0.78 -
9594:15511-16419     -            303 28982at4891          -            197   1.5e-19   67.9   7.3   1   4      0.05       3.7    4.6   0.0     4    29     5    30     3    34 0.82 -
9594:15511-16419     -            303 28982at4891          -            197   1.5e-19   67.9   7.3   2   4   7.2e-05    0.0054   13.9   0.1    93   139    50    97    45   106 0.85 -
9594:15511-16419     -            303 28982at4891          -            197   1.5e-19   67.9   7.3   3   4   1.1e-07   7.9e-06   23.1   0.1    63   139   123   204   118   212 0.86 -
9594:15511-16419     -            303 28982at4891          -            197   1.5e-19   67.9   7.3   4   4   4.2e-09   3.1e-07   27.7   0.3    63   131   221   292   214   300 0.81 -
8602:3632-4684       -            351 28982at4891          -            197   2.3e-19   67.3   1.0   1   5     0.003      0.22    8.6   0.0     9    31    12    34     4    38 0.79 -
8602:3632-4684       -            351 28982at4891          -            197   2.3e-19   67.3   1.0   2   5   1.7e-06   0.00013   19.2   0.1    92   167    90   180    84   193 0.75 -
8602:3632-4684       -            351 28982at4891          -            197   2.3e-19   67.3   1.0   3   5     0.013         1    6.5   0.0   168   196   211   239   200   240 0.89 -
8602:3632-4684       -            351 28982at4891          -            197   2.3e-19   67.3   1.0   4   5   0.00072     0.054   10.6   0.0     4    31   263   290   259   295 0.87 -
8602:3632-4684       -            351 28982at4891          -            197   2.3e-19   67.3   1.0   5   5   0.00011    0.0083   13.3   0.0   164   196   316   348   306   349 0.90 -
9038:3856-4851       -            332 28982at4891          -            197   2.4e-19   67.3   4.1   1   6    0.0039      0.29    8.2   0.0     6    47    14    55     9    64 0.81 -
9038:3856-4851       -            332 28982at4891          -            197   2.4e-19   67.3   4.1   2   6   1.4e-05    0.0011   16.2   0.0   166   196    65    95    61    96 0.94 -
9038:3856-4851       -            332 28982at4891          -            197   2.4e-19   67.3   4.1   3   6   2.2e-05    0.0017   15.5   0.0     4    33   111   140   108   153 0.88 -
9038:3856-4851       -            332 28982at4891          -            197   2.4e-19   67.3   4.1   4   6      0.23        17    2.4   0.0   167   192   175   200   166   205 0.75 -
9038:3856-4851       -            332 28982at4891          -            197   2.4e-19   67.3   4.1   5   6    0.0063      0.47    7.6   0.0     3    31   242   270   240   279 0.78 -
9038:3856-4851       -            332 28982at4891          -            197   2.4e-19   67.3   4.1   6   6   0.00016     0.012   12.7   0.1   165   196   296   327   282   328 0.92 -
9044:1245-2084       -            280 28982at4891          -            197   6.2e-19   65.9   3.3   1   5   0.00014      0.01   13.0   0.0     3    31     4    32     2    38 0.92 -
9044:1245-2084       -            280 28982at4891          -            197   6.2e-19   65.9   3.3   2   5     0.023       1.7    5.7   0.0    97   137    39    81    31    93 0.68 -
9044:1245-2084       -            280 28982at4891          -            197   6.2e-19   65.9   3.3   3   5   0.00031     0.023   11.8   0.0     4    31    99   126    96   131 0.92 -
9044:1245-2084       -            280 28982at4891          -            197   6.2e-19   65.9   3.3   4   5   0.00075     0.056   10.6   0.0    93   139   135   182   127   188 0.84 -
9044:1245-2084       -            280 28982at4891          -            197   6.2e-19   65.9   3.3   5   5   2.8e-06   0.00021   18.5   0.0   166   195   248   277   245   279 0.94 -
9148:5152-6243       -            364 28982at4891          -            197   8.7e-19   65.4   0.9   1   5       0.2        15    2.7   0.0     4    31    54    81    52    92 0.84 -
9148:5152-6243       -            364 28982at4891          -            197   8.7e-19   65.4   0.9   2   5   0.00014      0.01   13.0   0.1    96   142    88   136    83   179 0.43 -
9148:5152-6243       -            364 28982at4891          -            197   8.7e-19   65.4   0.9   3   5   6.6e-09   4.9e-07   27.1   0.1    34   140   107   236   105   244 0.79 -
9148:5152-6243       -            364 28982at4891          -            197   8.7e-19   65.4   0.9   4   5   0.00011    0.0084   13.3   0.0     3    31   256   284   254   294 0.86 -
9148:5152-6243       -            364 28982at4891          -            197   8.7e-19   65.4   0.9   5   5   0.00041      0.03   11.4   0.0    95   137   310   353   301   361 0.86 -
9468:18764-19579     -            272 28982at4891          -            197   2.1e-18   64.2   0.3   1   4   1.1e-08     8e-07   26.4   0.0    69   144     2    79     1    93 0.80 -
9468:18764-19579     -            272 28982at4891          -            197   2.1e-18   64.2   0.3   2   4    0.0035      0.26    8.4   0.0    19    58   132   170   121   178 0.85 -
9468:18764-19579     -            272 28982at4891          -            197   2.1e-18   64.2   0.3   3   4     0.023       1.7    5.7   0.1     7    29   196   218   190   239 0.66 -
9468:18764-19579     -            272 28982at4891          -            197   2.1e-18   64.2   0.3   4   4    0.0014      0.11    9.6   0.0   166   193   243   270   235   272 0.91 -
8722:6581-7432       -            284 28982at4891          -            197   2.2e-18   64.1   0.7   1   3     1e-07   7.7e-06   23.2   0.0    85   142    40    98     7   103 0.88 -
8722:6581-7432       -            284 28982at4891          -            197   2.2e-18   64.1   0.7   2   3   3.5e-07   2.6e-05   21.5   0.0    94   141   152   200   114   212 0.82 -
8722:6581-7432       -            284 28982at4891          -            197   2.2e-18   64.1   0.7   3   3   6.6e-05    0.0049   14.0   0.0    73   128   221   281   205   283 0.74 -
7910:2109-3017       -            303 28982at4891          -            197   2.3e-18   64.1   0.2   1   3   3.6e-08   2.7e-06   24.7   0.0    61   139     8    90     3    97 0.80 -
7910:2109-3017       -            303 28982at4891          -            197   2.3e-18   64.1   0.2   2   3   4.1e-07   3.1e-05   21.2   0.0    62   125   107   172    96   189 0.84 -
7910:2109-3017       -            303 28982at4891          -            197   2.3e-18   64.1   0.2   3   3     5e-05    0.0038   14.4   0.1    62   141   206   289   199   295 0.85 -
9390:15488-16345     -            286 28982at4891          -            197   9.6e-18   62.0   2.5   1   4   3.7e-08   2.8e-06   24.6   0.1    69   141     2    76     1    90 0.85 -
9390:15488-16345     -            286 28982at4891          -            197   9.6e-18   62.0   2.5   2   4    0.0018      0.13    9.4   0.0     4    31   107   134   104   140 0.89 -
9390:15488-16345     -            286 28982at4891          -            197   9.6e-18   62.0   2.5   3   4     0.024       1.8    5.7   0.0    20    58   146   183   142   195 0.73 -
9390:15488-16345     -            286 28982at4891          -            197   9.6e-18   62.0   2.5   4   4   8.9e-06   0.00066   16.9   0.1    69   125   207   269   201   285 0.74 -
9048:1902-2756       -            285 28982at4891          -            197   2.1e-17   60.9   6.6   1   4   0.00057     0.042   11.0   0.0     6    35    14    43    10    47 0.87 -
9048:1902-2756       -            285 28982at4891          -            197   2.1e-17   60.9   6.6   2   4   0.00064     0.048   10.8   0.1    95   144    43    93    40   101 0.87 -
9048:1902-2756       -            285 28982at4891          -            197   2.1e-17   60.9   6.6   3   4   2.9e-06   0.00022   18.4   0.1    62   137    99   179    86   191 0.73 -
9048:1902-2756       -            285 28982at4891          -            197   2.1e-17   60.9   6.6   4   4   4.3e-08   3.2e-06   24.4   0.2    60   141   199   283   193   285 0.85 -
9414:294-1106        -            271 28982at4891          -            197   2.4e-17   60.7   0.1   1   3     4e-07   2.9e-05   21.3   0.0    85   142    31    89     6    93 0.88 -
9414:294-1106        -            271 28982at4891          -            197   2.4e-17   60.7   0.1   2   3       5.5   4.1e+02   -2.0   0.0     4    28   106   130   103   136 0.84 -
9414:294-1106        -            271 28982at4891          -            197   2.4e-17   60.7   0.1   3   3   5.6e-11   4.2e-09   33.8   0.1    31   123   161   268   149   271 0.75 -
8334:78-1001         -            308 28982at4891          -            197   3.3e-12   43.9   1.2   1   3   4.5e-07   3.4e-05   21.1   0.1    66   121    18    73     8    95 0.82 -
8334:78-1001         -            308 28982at4891          -            197   3.3e-12   43.9   1.2   2   3    0.0028      0.21    8.7   0.1    72   120   123   171   102   184 0.79 -
8334:78-1001         -            308 28982at4891          -            197   3.3e-12   43.9   1.2   3   3    0.0004      0.03   11.5   0.0    78   139   224   293   209   303 0.71 -
9360:2566-3465       -            300 28982at4891          -            197   4.4e-12   43.5   0.1   1   3      0.14        11    3.1   0.0     8    28    18    38     7    58 0.73 -
9360:2566-3465       -            300 28982at4891          -            197   4.4e-12   43.5   0.1   2   3      0.02       1.5    5.9   0.0    14    38   132   156   120   172 0.80 -
9360:2566-3465       -            300 28982at4891          -            197   4.4e-12   43.5   0.1   3   3     1e-09   7.7e-08   29.7   0.0    55   125   202   276   184   287 0.73 -
9686:6478-6927       -            150 28982at4891          -            197   3.3e-11   40.7   0.6   1   3     0.039       2.9    5.0   0.0   108   139     8    40     1    63 0.66 -
9686:6478-6927       -            150 28982at4891          -            197   3.3e-11   40.7   0.6   2   3   0.00014      0.01   13.0   0.0   135   180    61   111    51   114 0.72 -
9686:6478-6927       -            150 28982at4891          -            197   3.3e-11   40.7   0.6   3   3   6.4e-07   4.8e-05   20.6   0.0   165   197   116   148   107   148 0.86 -
9686:6806-8086       -            427 28982at4891          -            197     1e-05   22.7   0.0   1   3      0.29        22    2.1   0.0    65    94   224   253   213   281 0.73 -
9686:6806-8086       -            427 28982at4891          -            197     1e-05   22.7   0.0   2   3     0.001     0.077   10.1   0.0   164   196   292   324   277   325 0.81 -
9686:6806-8086       -            427 28982at4891          -            197     1e-05   22.7   0.0   3   3     0.017       1.3    6.2   0.0     4    30   345   371   342   385 0.88 -
9722:11041-12525     -            495 28982at4891          -            197   5.5e-05   20.4   0.1   1   2     0.082       6.1    3.9   0.0    94   121   220   247   214   257 0.83 -
9722:11041-12525     -            495 28982at4891          -            197   5.5e-05   20.4   0.1   2   2   9.3e-05    0.0069   13.5   0.0    52    99   275   322   257   346 0.81 -
#
# Program:         hmmsearch
# Version:         3.1b2 (February 2015)
# Pipeline mode:   SEARCH
# Query file:      /home/jj/Desktop/Bioinformatics/3rd_year/1term/Computational_genomics/Seminars/exercise_04/busco_downloads/lineages/saccharomycetes_odb10/hmms/28982at4891.hmm
# Target file:     /home/jj/Desktop/Bioinformatics/3rd_year/1term/Computational_genomics/Seminars/exercise_04/./busco/SRR6130428/SRR6130428_k63_contigs/run_saccharomycetes_odb10/metaeuk_output/initial_results/SRR6130428_k63_graph.contig.fa.modified.fas
# Option settings: hmmsearch --domtblout /home/jj/Desktop/Bioinformatics/3rd_year/1term/Computational_genomics/Seminars/exercise_04/./busco/SRR6130428/SRR6130428_k63_contigs/run_saccharomycetes_odb10/hmmer_output/initial_run_results/28982at4891.out --cpu 1 /home/jj/Desktop/Bioinformatics/3rd_year/1term/Computational_genomics/Seminars/exercise_04/busco_downloads/lineages/saccharomycetes_odb10/hmms/28982at4891.hmm /home/jj/Desktop/Bioinformatics/3rd_year/1term/Computational_genomics/Seminars/exercise_04/./busco/SRR6130428/SRR6130428_k63_contigs/run_saccharomycetes_odb10/metaeuk_output/initial_results/SRR6130428_k63_graph.contig.fa.modified.fas 
# Current dir:     /home/jj/Desktop/Bioinformatics/3rd_year/1term/Computational_genomics/Seminars/exercise_04
# Date:            Tue Nov  5 18:38:24 2024
# [ok]
