#                                                                            --- full sequence --- -------------- this domain -------------   hmm coord   ali coord   env coord
# target name        accession   tlen query name           accession   qlen   E-value  score  bias   #  of  c-Evalue  i-Evalue  score  bias  from    to  from    to  from    to  acc description of target
#------------------- ---------- ----- -------------------- ---------- ----- --------- ------ ----- --- --- --------- --------- ------ ----- ----- ----- ----- ----- ----- ----- ---- ---------------------
8766:4858-5451       -            198 29329at4891          -            137   1.1e-53  178.1  10.1   1   2   8.5e-55   2.5e-52  173.7   4.6     1   133    10   165    10   171 0.84 -
8766:4858-5451       -            198 29329at4891          -            137   1.1e-53  178.1  10.1   2   2     0.022       6.6    3.9   0.3   122   137   172   187   165   187 0.86 -
8628:3045-3386       -            114 29329at4891          -            137   2.7e-20   70.0   0.2   1   2   5.7e-14   1.7e-11   41.5   0.1    36    91     2    60     1    65 0.90 -
8628:3045-3386       -            114 29329at4891          -            137   2.7e-20   70.0   0.2   2   2   1.3e-09   3.8e-07   27.4   0.0    61    98    65   102    59   111 0.86 -
9154:7642-10047      -            802 29329at4891          -            137   5.1e-13   46.4   0.2   1   2   7.4e-07   0.00022   18.4   0.1    59   104   315   360   308   370 0.90 -
9154:7642-10047      -            802 29329at4891          -            137   5.1e-13   46.4   0.2   2   2     7e-09   2.1e-06   25.0   0.0    47    95   455   503   436   517 0.94 -
9690:14078-14479     -            134 29329at4891          -            137     9e-12   42.4   0.0   1   2   6.8e-09     2e-06   25.0   0.0    33    96     1    68     1    69 0.88 -
9690:14078-14479     -            134 29329at4891          -            137     9e-12   42.4   0.0   2   2   3.9e-06    0.0012   16.1   0.0    33    84    69   123    66   130 0.84 -
9436:1008-2648       -            547 29329at4891          -            137   1.8e-08   31.7   0.0   1   2   0.00026     0.077   10.2   0.0    63    99   396   432   392   454 0.86 -
9436:1008-2648       -            547 29329at4891          -            137   1.8e-08   31.7   0.0   2   2   6.2e-07   0.00018   18.7   0.0    48    94   499   545   495   547 0.93 -
8090:415-2313        -            633 29329at4891          -            137   5.6e-07   26.8  11.1   1   3         5   1.5e+03   -3.7   1.3    22    44   215   237   194   287 0.59 -
8090:415-2313        -            633 29329at4891          -            137   5.6e-07   26.8  11.1   2   3   2.4e-07   7.1e-05   20.0   0.2    59   101   479   521   473   533 0.91 -
8090:415-2313        -            633 29329at4891          -            137   5.6e-07   26.8  11.1   3   3   2.5e-05    0.0074   13.5   0.1    50    86   591   627   587   633 0.87 -
9126:2357-3013       -            219 29329at4891          -            137   1.1e-05   22.7   0.0   1   1   7.5e-08   2.2e-05   21.7   0.0    11    97     6   101     1   129 0.63 -
9640:29875-30315     -            147 29329at4891          -            137    0.0003   18.0   0.0   1   1   2.8e-06   0.00083   16.6   0.0     8    96    13   112     6   130 0.76 -
9466:14769-18389     -           1207 29329at4891          -            137   0.00083   16.6   5.7   1   4       7.6   2.3e+03   -4.3   0.3    99   122    79   102    78   106 0.78 -
9466:14769-18389     -           1207 29329at4891          -            137   0.00083   16.6   5.7   2   4      0.12        36    1.6   0.0    31    54   427   450   419   458 0.81 -
9466:14769-18389     -           1207 29329at4891          -            137   0.00083   16.6   5.7   3   4      0.15        45    1.3   0.1    32    82   473   523   461   558 0.71 -
9466:14769-18389     -           1207 29329at4891          -            137   0.00083   16.6   5.7   4   4   3.5e-05      0.01   13.0   0.0    31    80   572   623   563   632 0.84 -
#
# Program:         hmmsearch
# Version:         3.1b2 (February 2015)
# Pipeline mode:   SEARCH
# Query file:      /home/jj/Desktop/Bioinformatics/3rd_year/1term/Computational_genomics/Seminars/exercise_04/busco_downloads/lineages/saccharomycetes_odb10/hmms/29329at4891.hmm
# Target file:     /home/jj/Desktop/Bioinformatics/3rd_year/1term/Computational_genomics/Seminars/exercise_04/./busco/SRR6130428/SRR6130428_k63_contigs/run_saccharomycetes_odb10/metaeuk_output/initial_results/SRR6130428_k63_graph.contig.fa.modified.fas
# Option settings: hmmsearch --domtblout /home/jj/Desktop/Bioinformatics/3rd_year/1term/Computational_genomics/Seminars/exercise_04/./busco/SRR6130428/SRR6130428_k63_contigs/run_saccharomycetes_odb10/hmmer_output/initial_run_results/29329at4891.out --cpu 1 /home/jj/Desktop/Bioinformatics/3rd_year/1term/Computational_genomics/Seminars/exercise_04/busco_downloads/lineages/saccharomycetes_odb10/hmms/29329at4891.hmm /home/jj/Desktop/Bioinformatics/3rd_year/1term/Computational_genomics/Seminars/exercise_04/./busco/SRR6130428/SRR6130428_k63_contigs/run_saccharomycetes_odb10/metaeuk_output/initial_results/SRR6130428_k63_graph.contig.fa.modified.fas 
# Current dir:     /home/jj/Desktop/Bioinformatics/3rd_year/1term/Computational_genomics/Seminars/exercise_04
# Date:            Tue Nov  5 18:38:26 2024
# [ok]
