#                                                                            --- full sequence --- -------------- this domain -------------   hmm coord   ali coord   env coord
# target name        accession   tlen query name           accession   qlen   E-value  score  bias   #  of  c-Evalue  i-Evalue  score  bias  from    to  from    to  from    to  acc description of target
#------------------- ---------- ----- -------------------- ---------- ----- --------- ------ ----- --- --- --------- --------- ------ ----- ----- ----- ----- ----- ----- ----- ---- ---------------------
9418:1089-4097       -           1003 3044at4891           -            411  2.6e-109  363.4  23.8   1   6   3.3e-21   8.2e-20   68.6   1.1     7   121    38   182    29   200 0.72 -
9418:1089-4097       -           1003 3044at4891           -            411  2.6e-109  363.4  23.8   2   6    0.0024     0.061    9.7   0.1   110   145   293   331   272   366 0.82 -
9418:1089-4097       -           1003 3044at4891           -            411  2.6e-109  363.4  23.8   3   6     0.026      0.66    6.3   0.1   139   169   431   462   392   500 0.75 -
9418:1089-4097       -           1003 3044at4891           -            411  2.6e-109  363.4  23.8   4   6   3.8e-56   9.4e-55  183.7   2.4   175   320   664   832   650   834 0.80 -
9418:1089-4097       -           1003 3044at4891           -            411  2.6e-109  363.4  23.8   5   6   5.7e-31   1.4e-29  100.7   0.0   319   384   851   918   849   923 0.93 -
9418:1089-4097       -           1003 3044at4891           -            411  2.6e-109  363.4  23.8   6   6      0.31       7.6    2.8   0.0   378   397   932   951   931   960 0.91 -
9408:13126-14241     -            372 3044at4891           -            411   7.1e-23   78.7   2.6   1   2   3.9e-22   9.8e-21   71.6   0.7     2   110    43   185    42   207 0.77 -
9408:13126-14241     -            372 3044at4891           -            411   7.1e-23   78.7   2.6   2   2     0.034      0.85    5.9   0.0   111   145   326   369   320   371 0.72 -
9026:3240-4322       -            361 3044at4891           -            411   5.2e-19   65.9   0.6   1   1   4.6e-20   1.2e-18   64.8   0.6   185   379    84   296    36   300 0.77 -
9722:16235-17092     -            286 3044at4891           -            411   4.9e-18   62.7   0.3   1   1   1.5e-18   3.8e-17   59.8   0.3   202   352     3   179     1   188 0.73 -
9648:20903-21709     -            269 3044at4891           -            411   1.1e-17   61.6   0.6   1   1   2.4e-18     6e-17   59.1   0.6   201   330     6   152     3   157 0.75 -
9688:6201-6989       -            263 3044at4891           -            411   3.4e-17   60.0   0.2   1   1   4.5e-18   1.1e-16   58.2   0.2   250   330    67   148     1   163 0.71 -
8772:6932-7705       -            258 3044at4891           -            411   1.4e-15   54.7   0.1   1   1   1.9e-16   4.7e-15   52.9   0.1   201   379     5   196     2   203 0.81 -
8018:2579-3376       -            266 3044at4891           -            411   4.4e-15   53.0   0.1   1   1   7.3e-16   1.8e-14   51.0   0.1   200   380     6   199     3   221 0.81 -
8588:5598-6413       -            272 3044at4891           -            411   9.4e-15   51.9   0.0   1   1   1.9e-15   4.7e-14   49.6   0.0   201   380    12   204     6   226 0.78 -
9598:11083-11721     -            213 3044at4891           -            411   5.1e-14   49.5   1.6   1   1     8e-15     2e-13   47.5   1.6   207   379     3   213     1   213 0.65 -
9574:22194-23423     -            410 3044at4891           -            411   8.5e-14   48.8   2.1   1   1   1.1e-14   2.8e-13   47.1   2.1   250   350    82   182     5   211 0.81 -
9344:12609-14093     -            495 3044at4891           -            411   1.2e-13   48.2   0.2   1   1   7.3e-14   1.8e-12   44.4   0.2   200   330     5   152     3   168 0.75 -
9242:6452-8167       -            572 3044at4891           -            411   5.8e-13   46.0   2.9   1   2   3.7e-14   9.3e-13   45.3   0.6   138   330   119   322    64   352 0.70 -
9242:6452-8167       -            572 3044at4891           -            411   5.8e-13   46.0   2.9   2   2         4     1e+02   -0.9   0.1   352   376   384   408   371   413 0.80 -
9652:9845-11956      -            704 3044at4891           -            411   6.6e-13   45.8   0.0   1   2   1.8e-13   4.5e-12   43.1   0.0   177   380    57   278    34   281 0.76 -
9652:9845-11956      -            704 3044at4891           -            411   6.6e-13   45.8   0.0   2   2       3.8        95   -0.8   0.1     5    59   570   625   567   630 0.80 -
8850:3013-4704       -            564 3044at4891           -            411   7.4e-13   45.7   1.6   1   2   1.3e-13   3.3e-12   43.5   0.2   158   330   123   314   112   321 0.70 -
8850:3013-4704       -            564 3044at4891           -            411   7.4e-13   45.7   1.6   2   2       3.9        99   -0.9   0.1   352   376   376   400   363   405 0.80 -
9274:513-1736        -            408 3044at4891           -            411   1.5e-12   44.7   0.2   1   2      0.87        22    1.3   0.0   204   230    14    42     6    48 0.79 -
9274:513-1736        -            408 3044at4891           -            411   1.5e-12   44.7   0.2   2   2   9.8e-13   2.4e-11   40.7   0.1   250   380   101   242    85   246 0.75 -
9396:10785-11381     -            199 3044at4891           -            411   1.5e-12   44.6   1.3   1   1   7.3e-14   1.8e-12   44.4   1.3   248   331    61   141    17   150 0.88 -
8068:741-1847        -            369 3044at4891           -            411   1.6e-12   44.6   0.4   1   1   5.1e-12   1.3e-10   38.3   0.4   192   330     9   170     1   175 0.71 -
9404:2234-3256       -            341 3044at4891           -            411   2.4e-12   44.0   1.3   1   1   4.2e-12   1.1e-10   38.6   1.2   191   338    30   196    16   278 0.76 -
9370:13593-17402     -           1270 3044at4891           -            411   2.8e-12   43.8   1.2   1   2      0.92        23    1.2   0.1   162   221   496   554   471   563 0.79 -
9370:13593-17402     -           1270 3044at4891           -            411   2.8e-12   43.8   1.2   2   2   1.1e-13   2.8e-12   43.8   1.2   118   330   908  1126   851  1130 0.70 -
9206:2109-6836       -           1576 3044at4891           -            411   6.9e-12   42.5   0.1   1   2       7.4   1.9e+02   -1.8   0.1   163   217   789   842   778   849 0.78 -
9206:2109-6836       -           1576 3044at4891           -            411   6.9e-12   42.5   0.1   2   2   2.8e-13   6.9e-12   42.5   0.1   236   330  1319  1412  1221  1431 0.88 -
9572:16580-17233     -            218 3044at4891           -            411   1.4e-11   41.5   3.8   1   1   5.9e-12   1.5e-10   38.1   3.8   249   373    66   194     1   213 0.75 -
9288:1887-2741       -            285 3044at4891           -            411   1.5e-11   41.4   1.1   1   1   9.1e-13   2.3e-11   40.8   0.7   243   379    75   213    52   216 0.77 -
9352:14667-17009     -            781 3044at4891           -            411   2.9e-11   40.4   0.0   1   2     0.057       1.4    5.2   0.0   182   221   468   506   424   515 0.83 -
9352:14667-17009     -            781 3044at4891           -            411   2.9e-11   40.4   0.0   2   2   2.2e-10   5.5e-09   32.9   0.0   254   365   573   690   559   710 0.75 -
9558:17836-18582     -            249 3044at4891           -            411   3.9e-11   40.0   0.4   1   1   2.7e-12   6.9e-11   39.2   0.4   207   333     3   143     1   152 0.73 -
9470:3000-4022       -            341 3044at4891           -            411   4.6e-11   39.8   1.7   1   2     2e-11   5.1e-10   36.3   0.8   187   332     9   173     2   181 0.73 -
9470:3000-4022       -            341 3044at4891           -            411   4.6e-11   39.8   1.7   2   2       3.1        77   -0.5   0.0   352   380   214   242   199   269 0.77 -
7984:778-3069        -            764 3044at4891           -            411   6.5e-11   39.3   0.5   1   1   4.9e-11   1.2e-09   35.1   0.5   190   333   341   504   306   515 0.72 -
9538:10065-10994     -            310 3044at4891           -            411   7.9e-11   39.0   0.3   1   1   3.2e-12   7.9e-11   39.0   0.3   246   330    92   175    85   225 0.90 -
9316:14764-15318     -            185 3044at4891           -            411   8.5e-11   38.9   0.2   1   1   3.9e-12   9.7e-11   38.7   0.2   240   330    27   120    15   155 0.86 -
9724:42501-46928     -           1476 3044at4891           -            411   8.8e-11   38.8   1.2   1   1   4.3e-11   1.1e-09   35.2   1.2   185   379  1158  1376  1108  1383 0.66 -
9050:611-1576        -            322 3044at4891           -            411   9.5e-11   38.7   4.8   1   2     0.032       0.8    6.0   0.0   200   228     4    34     2    40 0.79 -
9050:611-1576        -            322 3044at4891           -            411   9.5e-11   38.7   4.8   2   2   1.5e-10   3.7e-09   33.5   1.1   257   331   127   201   110   209 0.94 -
9332:9525-11471      -            649 3044at4891           -            411   1.1e-10   38.5   0.2   1   2       1.3        33    0.7   0.0   186   220   338   374   314   380 0.79 -
9332:9525-11471      -            649 3044at4891           -            411   1.1e-10   38.5   0.2   2   2   4.5e-11   1.1e-09   35.2   0.1   244   340   429   534   425   574 0.78 -
8274:2342-3058       -            239 3044at4891           -            411   1.3e-10   38.3   0.7   1   1   7.9e-12     2e-10   37.7   0.7   207   331     3   141     1   148 0.76 -
9000:1272-2168       -            299 3044at4891           -            411   1.4e-10   38.2   2.7   1   1   8.6e-12   2.2e-10   37.6   2.7   256   330    79   150    11   156 0.90 -
9144:11649-12578     -            310 3044at4891           -            411   1.4e-10   38.2   1.6   1   2       4.6   1.2e+02   -1.1   0.0   203   234     6    39     3    41 0.84 -
9144:11649-12578     -            310 3044at4891           -            411   1.4e-10   38.2   1.6   2   2   8.8e-12   2.2e-10   37.5   0.5   246   330    92   175    85   204 0.93 -
8384:242-1183        -            314 3044at4891           -            411   1.9e-10   37.7   1.1   1   1   5.8e-11   1.5e-09   34.8   1.1   197   330     4   154     1   171 0.71 -
9708:4262-6904       -            881 3044at4891           -            411     2e-10   37.7   0.1   1   1   1.3e-11   3.1e-10   37.0   0.1   282   344   520   590   374   604 0.77 -
9696:23411-25501     -            697 3044at4891           -            411   2.5e-10   37.3   0.2   1   2       3.6        90   -0.7   0.0   206   228   400   424   390   431 0.76 -
9696:23411-25501     -            697 3044at4891           -            411   2.5e-10   37.3   0.2   2   2   5.2e-11   1.3e-09   35.0   0.1   259   340   511   591   471   631 0.92 -
9138:9482-10486      -            335 3044at4891           -            411   3.1e-10   37.0   0.0   1   1   1.3e-09   3.2e-08   30.4   0.0   201   400    55   285     9   294 0.69 -
9284:13564-14592     -            343 3044at4891           -            411   3.1e-10   37.0   0.0   1   2         9   2.3e+02   -2.0   0.0   201   231    33    65    14    68 0.79 -
9284:13564-14592     -            343 3044at4891           -            411   3.1e-10   37.0   0.0   2   2   2.9e-11   7.3e-10   35.8   0.0   257   330   120   192   106   242 0.90 -
9578:6054-6923       -            290 3044at4891           -            411   3.2e-10   37.0   0.1   1   1   1.8e-11   4.4e-10   36.5   0.1   237   378    56   198    42   204 0.75 -
9236:8838-9737       -            300 3044at4891           -            411   3.3e-10   36.9   0.4   1   2    0.0073      0.18    8.1   0.0   199   233     8    44     1    62 0.86 -
9236:8838-9737       -            300 3044at4891           -            411   3.3e-10   36.9   0.4   2   2   1.1e-08   2.8e-07   27.3   0.1   258   380    87   207    74   226 0.81 -
9508:1626-2423       -            266 3044at4891           -            411   3.5e-10   36.9   1.0   1   1   2.3e-11   5.7e-10   36.2   1.0   282   331    63   113    44   195 0.69 -
9680:14913-17372     -            820 3044at4891           -            411   5.8e-10   36.1   0.0   1   1   5.2e-11   1.3e-09   35.0   0.0   193   328   190   341   155   346 0.71 -
9082:7406-8569       -            388 3044at4891           -            411   9.8e-10   35.4   0.2   1   2       1.9        48    0.2   0.0   202   230     5    35     3    42 0.81 -
9082:7406-8569       -            388 3044at4891           -            411   9.8e-10   35.4   0.2   2   2   2.5e-10   6.3e-09   32.7   0.0   253   330   108   185    84   215 0.82 -
8792:3540-5258       -            573 3044at4891           -            411   1.6e-09   34.7   0.0   1   1     9e-11   2.3e-09   34.2   0.0   200   337   301   450   234   493 0.68 -
9516:8073-8876       -            268 3044at4891           -            411   1.7e-09   34.6   0.7   1   2       1.9        47    0.2   0.0   200   223     9    32     1    51 0.74 -
9516:8073-8876       -            268 3044at4891           -            411   1.7e-09   34.6   0.7   2   2   2.7e-10   6.6e-09   32.7   0.3   268   335   105   171    72   216 0.75 -
9582:21971-22969     -            333 3044at4891           -            411     2e-09   34.4   0.0   1   2       7.4   1.8e+02   -1.7   0.0   202   231     9    40     7    44 0.79 -
9582:21971-22969     -            333 3044at4891           -            411     2e-09   34.4   0.0   2   2   2.1e-10   5.2e-09   33.0   0.0   256   331    88   162    64   212 0.83 -
9214:3531-4694       -            388 3044at4891           -            411     2e-09   34.4   0.4   1   1   3.5e-10   8.7e-09   32.3   0.4   255   329   137   210    46   260 0.72 -
9680:21437-22237     -            267 3044at4891           -            411   3.3e-09   33.7   0.2   1   1   1.7e-10   4.2e-09   33.3   0.2   200   378    17   204     4   208 0.80 -
8460:1970-2827       -            286 3044at4891           -            411   3.3e-09   33.6   0.3   1   2      0.23       5.8    3.2   0.1   200   239     2    43     1    53 0.79 -
8460:1970-2827       -            286 3044at4891           -            411   3.3e-09   33.6   0.3   2   2     4e-09   9.9e-08   28.8   0.0   287   330    99   143    91   194 0.74 -
9112:9860-10915      -            352 3044at4891           -            411   3.7e-09   33.5   1.0   1   1   6.8e-10   1.7e-08   31.3   1.0   201   329    22   166     2   216 0.62 -
9022:9769-10653      -            295 3044at4891           -            411   3.8e-09   33.4   0.3   1   1   1.3e-09   3.1e-08   30.4   0.3   204   330     6   151     1   167 0.67 -
9022:791-1471        -            227 3044at4891           -            411   4.5e-09   33.2   1.2   1   2   1.8e-10   4.5e-09   33.2   1.2   257   331    41   115    29   123 0.94 -
9022:791-1471        -            227 3044at4891           -            411   4.5e-09   33.2   1.2   2   2       7.4   1.9e+02   -1.8   0.0   156   187   188   219   171   223 0.51 -
9500:730-1611        -            294 3044at4891           -            411   4.7e-09   33.1   0.3   1   2       5.1   1.3e+02   -1.2   0.0   200   218    12    30     5    34 0.84 -
9500:730-1611        -            294 3044at4891           -            411   4.7e-09   33.1   0.3   2   2   5.6e-10   1.4e-08   31.6   0.1   239   329    75   171    57   180 0.81 -
7822:341-1144        -            268 3044at4891           -            411   5.4e-09   32.9   0.1   1   1     3e-10   7.5e-09   32.5   0.1   249   330    67   150    24   162 0.79 -
9648:180-2069        -            630 3044at4891           -            411     8e-09   32.4   3.8   1   1   3.2e-10     8e-09   32.4   3.8   200   334    51   200    36   247 0.67 -
7804:258-1562        -            435 3044at4891           -            411   1.5e-08   31.5   0.0   1   1   1.1e-09   2.8e-08   30.6   0.0   277   329   113   165    97   181 0.89 -
8586:248-1081        -            278 3044at4891           -            411   1.9e-08   31.2   0.2   1   1   1.7e-09   4.2e-08   30.0   0.2   198   379    13   214     1   218 0.67 -
9660:6627-7220       -            198 3044at4891           -            411   1.9e-08   31.1   0.0   1   1   8.6e-10   2.2e-08   31.0   0.0   291   331   107   147    37   153 0.87 -
9650:24829-29790     -           1654 3044at4891           -            411   2.2e-08   31.0   7.9   1   2     0.063       1.6    5.1   0.0   262   316   343   396   328   403 0.72 -
9650:24829-29790     -           1654 3044at4891           -            411   2.2e-08   31.0   7.9   2   2   2.5e-09   6.2e-08   29.5   0.3   259   330   781   852   771   869 0.85 -
9336:5762-6706       -            315 3044at4891           -            411   2.2e-08   31.0   0.3   1   1   1.4e-09   3.4e-08   30.3   0.3   175   329    48   201    31   214 0.83 -
9388:2420-3211       -            264 3044at4891           -            411   2.4e-08   30.8   1.7   1   2       9.7   2.4e+02   -2.1   0.0   205   223     9    27     4    46 0.67 -
9388:2420-3211       -            264 3044at4891           -            411   2.4e-08   30.8   1.7   2   2   1.4e-09   3.6e-08   30.2   0.5   269   378   101   208    72   217 0.71 -
9548:337-1380        -            348 3044at4891           -            411   2.9e-08   30.5   0.0   1   2     0.035      0.87    5.9   0.0   192   222     4    34     1    51 0.76 -
9548:337-1380        -            348 3044at4891           -            411   2.9e-08   30.5   0.0   2   2   2.9e-07   7.3e-06   22.6   0.0   287   330   122   165    81   188 0.84 -
8492:4616-5878       -            421 3044at4891           -            411   3.5e-08   30.3   0.2   1   1   5.5e-09   1.4e-07   28.3   0.1   281   338   214   274   200   334 0.64 -
8666:1918-2913       -            332 3044at4891           -            411   5.5e-08   29.6   1.5   1   4     0.013      0.32    7.4   0.2   200   233     3    38     1    87 0.77 -
8666:1918-2913       -            332 3044at4891           -            411   5.5e-08   29.6   1.5   2   4     3e-06   7.6e-05   19.3   0.0   258   331    91   171    56   180 0.76 -
8666:1918-2913       -            332 3044at4891           -            411   5.5e-08   29.6   1.5   3   4       6.2   1.6e+02   -1.5   0.1   358   397   225   265   219   278 0.74 -
8666:1918-2913       -            332 3044at4891           -            411   5.5e-08   29.6   1.5   4   4       3.5        89   -0.7   0.1   180   207   268   295   252   297 0.86 -
9288:6241-7161       -            307 3044at4891           -            411   7.4e-08   29.2   1.9   1   2       1.6        40    0.4   0.0   205   228     5    29     1    41 0.87 -
9288:6241-7161       -            307 3044at4891           -            411   7.4e-08   29.2   1.9   2   2   9.9e-09   2.5e-07   27.5   0.9   278   330    94   145    57   213 0.82 -
9442:11388-12206     -            273 3044at4891           -            411   7.9e-08   29.1   0.1   1   1   4.6e-09   1.1e-07   28.6   0.1   207   331     1   141     1   169 0.80 -
9250:1334-1957       -            208 3044at4891           -            411   9.4e-08   28.9   0.0   1   1   5.5e-09   1.4e-07   28.3   0.0   201   330     1   147     1   157 0.75 -
9502:2145-3251       -            369 3044at4891           -            411   9.9e-08   28.8   0.1   1   1   6.6e-09   1.7e-07   28.1   0.1   291   338   141   193   127   207 0.83 -
9168:5060-6598       -            513 3044at4891           -            411   9.9e-08   28.8   1.5   1   2    0.0056      0.14    8.5   0.1   180   232   181   233   135   253 0.78 -
9168:5060-6598       -            513 3044at4891           -            411   9.9e-08   28.8   1.5   2   2   2.9e-06   7.3e-05   19.4   0.1   257   320   278   340   271   342 0.85 -
9576:4640-5464       -            275 3044at4891           -            411     1e-07   28.7   0.0   1   1   9.3e-09   2.3e-07   27.6   0.0   254   379    82   209     3   216 0.78 -
9666:20504-21955     -            484 3044at4891           -            411   1.2e-07   28.5   3.5   1   1   2.3e-08   5.7e-07   26.3   3.4   198   333   165   316   116   325 0.78 -
9390:2655-7010       -           1452 3044at4891           -            411   1.2e-07   28.5   0.1   1   1   1.2e-08     3e-07   27.2   0.1   285   328   124   167   108   175 0.91 -
9220:8467-9282       -            272 3044at4891           -            411   1.4e-07   28.3   0.0   1   1     7e-09   1.8e-07   28.0   0.0   253   330    69   153     8   190 0.80 -
7548:67-747          -            227 3044at4891           -            411   1.4e-07   28.2   0.0   1   2       0.8        20    1.4   0.0   200   233     2    37     1    54 0.83 -
7548:67-747          -            227 3044at4891           -            411   1.4e-07   28.2   0.0   2   2   6.4e-08   1.6e-06   24.8   0.0   269   338    83   155    69   169 0.86 -
8386:2346-3074       -            243 3044at4891           -            411   2.1e-07   27.7   0.3   1   2   5.2e-08   1.3e-06   25.1   0.1   291   331    73   113    67   130 0.88 -
8386:2346-3074       -            243 3044at4891           -            411   2.1e-07   27.7   0.3   2   2         2        49    0.1   0.0    39   118   142   226   139   236 0.71 -
9280:3099-4592       -            498 3044at4891           -            411   2.5e-07   27.5   0.2   1   2     0.025      0.63    6.4   0.0   197   230    21    54     8    76 0.83 -
9280:3099-4592       -            498 3044at4891           -            411   2.5e-07   27.5   0.2   2   2   3.5e-06   8.8e-05   19.1   0.0   291   330   138   178   125   214 0.85 -
9270:2604-3470       -            289 3044at4891           -            411   2.7e-07   27.4   0.0   1   1   1.7e-08   4.1e-07   26.7   0.0   258   332    88   165     4   205 0.73 -
9468:11302-12276     -            325 3044at4891           -            411   2.9e-07   27.3   2.0   1   1     1e-07   2.5e-06   24.2   2.0   201   330     5   155     1   165 0.69 -
8804:3362-4279       -            306 3044at4891           -            411     3e-07   27.2   1.5   1   1   8.3e-08   2.1e-06   24.4   1.5   200   332     3   157     1   204 0.64 -
9574:11971-12594     -            208 3044at4891           -            411   5.1e-07   26.4   0.0   1   1   3.9e-08   9.8e-07   25.5   0.0   201   330     1   147     1   157 0.72 -
9714:25935-26888     -            318 3044at4891           -            411   1.1e-06   25.3   0.0   1   1   6.4e-08   1.6e-06   24.8   0.0   258   330    89   161    75   177 0.87 -
9270:5360-6181       -            274 3044at4891           -            411   1.3e-06   25.2   0.3   1   1   1.1e-07   2.8e-06   24.0   0.3   259   328    82   150     1   165 0.88 -
8554:159-1031        -            291 3044at4891           -            411   1.7e-06   24.7   0.2   1   2       2.1        52    0.1   0.0   204   220     4    20     1    67 0.78 -
8554:159-1031        -            291 3044at4891           -            411   1.7e-06   24.7   0.2   2   2   2.9e-07   7.2e-06   22.7   0.1   287   329   108   150    68   163 0.90 -
9674:28087-29058     -            324 3044at4891           -            411   1.8e-06   24.7   0.0   1   1   1.1e-07   2.6e-06   24.1   0.0   287   382   107   203    69   207 0.81 -
9556:876-1871        -            332 3044at4891           -            411     2e-06   24.5   0.1   1   3       4.3   1.1e+02   -1.0   0.0   201   219    13    31     6    47 0.86 -
9556:876-1871        -            332 3044at4891           -            411     2e-06   24.5   0.1   2   3    0.0003    0.0075   12.7   0.0   282   316   137   171    99   184 0.81 -
9556:876-1871        -            332 3044at4891           -            411     2e-06   24.5   0.1   3   3    0.0064      0.16    8.3   0.0   324   379   213   266   209   268 0.73 -
9376:4767-5852       -            362 3044at4891           -            411   2.2e-06   24.4   0.5   1   1   1.6e-07   3.9e-06   23.5   0.3   287   331   120   164    98   173 0.82 -
9220:10894-11814     -            307 3044at4891           -            411   2.4e-06   24.2   0.5   1   1   2.3e-07   5.7e-06   23.0   0.3   259   328    98   166    67   170 0.90 -
9018:8533-10704      -            724 3044at4891           -            411   2.8e-06   24.0   1.7   1   3         9   2.3e+02   -2.0   0.0   191   229   295   336   289   344 0.72 -
9018:8533-10704      -            724 3044at4891           -            411   2.8e-06   24.0   1.7   2   3   9.1e-07   2.3e-05   21.0   0.9   290   322   414   446   408   448 0.89 -
9018:8533-10704      -            724 3044at4891           -            411   2.8e-06   24.0   1.7   3   3       2.9        73   -0.4   0.0   321   381   477   534   472   537 0.72 -
9708:2183-3157       -            325 3044at4891           -            411   4.4e-06   23.4   0.3   1   1   3.1e-07   7.7e-06   22.6   0.1   288   330   155   197   111   211 0.84 -
7948:472-1854        -            461 3044at4891           -            411   5.6e-06   23.0   0.3   1   1   4.8e-07   1.2e-05   21.9   0.1   259   318   249   308   247   313 0.96 -
8796:1455-1940       -            162 3044at4891           -            411   9.1e-06   22.3   0.7   1   2    0.0039     0.098    9.0   0.0   198   232    15    51    10    96 0.91 -
8796:1455-1940       -            162 3044at4891           -            411   9.1e-06   22.3   0.7   2   2   0.00045     0.011   12.1   0.4   286   315   131   161    98   162 0.74 -
7674:805-1767        -            321 3044at4891           -            411   1.5e-05   21.6   1.1   1   2       3.8        96   -0.8   0.1   139   177    23    64     5    86 0.48 -
7674:805-1767        -            321 3044at4891           -            411   1.5e-05   21.6   1.1   2   2     6e-07   1.5e-05   21.6   1.1   249   318    89   158    77   162 0.79 -
8194:3006-3602       -            199 3044at4891           -            411   2.2e-05   21.1   0.1   1   1   1.2e-06   3.1e-05   20.6   0.1   258   328     2    75     1    82 0.91 -
9568:2563-4101       -            513 3044at4891           -            411   2.3e-05   21.0   0.6   1   1   2.7e-06   6.7e-05   19.5   0.4   300   331   323   354   258   368 0.77 -
8416:2551-3603       -            351 3044at4891           -            411     3e-05   20.6   0.0   1   1   2.2e-06   5.4e-05   19.8   0.0   283   330   107   152    86   170 0.84 -
8798:2318-3331       -            338 3044at4891           -            411   3.9e-05   20.2   0.2   1   2      0.57        14    1.9   0.1   199   250     9    63     2    67 0.75 -
8798:2318-3331       -            338 3044at4891           -            411   3.9e-05   20.2   0.2   2   2     4e-05     0.001   15.6   0.0   293   331   167   206   151   222 0.89 -
9532:12469-14466     -            666 3044at4891           -            411   4.3e-05   20.1   1.5   1   3       1.6        41    0.4   0.0   197   223   169   195   166   241 0.74 -
9532:12469-14466     -            666 3044at4891           -            411   4.3e-05   20.1   1.5   2   3   6.5e-05    0.0016   14.9   0.1   294   316   336   358   324   363 0.86 -
9532:12469-14466     -            666 3044at4891           -            411   4.3e-05   20.1   1.5   3   3       0.8        20    1.4   0.1   357   380   436   459   430   462 0.90 -
9700:35509-36408     -            300 3044at4891           -            411   0.00011   18.8   0.6   1   1   5.4e-05    0.0013   15.2   0.6   204   329     4   144     1   149 0.59 -
8626:1051-1599       -            183 3044at4891           -            411   0.00014   18.4   0.0   1   1   8.7e-06   0.00022   17.8   0.0   281   330    23    70    10    73 0.85 -
8710:5595-6479       -            295 3044at4891           -            411   0.00016   18.2   0.3   1   2   4.2e-05     0.001   15.5   0.2   257   315    89   146    66   149 0.83 -
8710:5595-6479       -            295 3044at4891           -            411   0.00016   18.2   0.3   2   2         3        76   -0.5   0.0   350   379   203   232   176   234 0.73 -
9526:4843-6750       -            636 3044at4891           -            411   0.00022   17.8   0.0   1   1   1.7e-05   0.00042   16.9   0.0   257   333   399   479   384   530 0.83 -
8764:438-2084        -            549 3044at4891           -            411   0.00027   17.5   1.6   1   2       1.5        39    0.5   0.0   189   221    63    95    15   102 0.87 -
8764:438-2084        -            549 3044at4891           -            411   0.00027   17.5   1.6   2   2   4.1e-05     0.001   15.6   0.5   268   329   242   307   217   323 0.75 -
9316:2356-5388       -           1011 3044at4891           -            411   0.00097   15.6   0.1   1   1   6.9e-05    0.0017   14.8   0.1   279   320   660   708   641   712 0.71 -
9342:14110-15051     -            314 3044at4891           -            411    0.0013   15.2   2.2   1   2       4.1     1e+02   -0.9   0.0   204   223     4    23     1    39 0.72 -
9342:14110-15051     -            314 3044at4891           -            411    0.0013   15.2   2.2   2   2   7.4e-05    0.0019   14.7   0.8   278   329   106   157    77   159 0.78 -
8836:7701-8510       -            270 3044at4891           -            411    0.0043   13.5   0.0   1   1   0.00029    0.0073   12.8   0.0   269   322    98   151    77   152 0.82 -
#
# Program:         hmmsearch
# Version:         3.1b2 (February 2015)
# Pipeline mode:   SEARCH
# Query file:      /home/jj/Desktop/Bioinformatics/3rd_year/1term/Computational_genomics/Seminars/exercise_04/busco_downloads/lineages/saccharomycetes_odb10/hmms/3044at4891.hmm
# Target file:     /home/jj/Desktop/Bioinformatics/3rd_year/1term/Computational_genomics/Seminars/exercise_04/./busco/SRR6130428/SRR6130428_k63_contigs/run_saccharomycetes_odb10/metaeuk_output/initial_results/SRR6130428_k63_graph.contig.fa.modified.fas
# Option settings: hmmsearch --domtblout /home/jj/Desktop/Bioinformatics/3rd_year/1term/Computational_genomics/Seminars/exercise_04/./busco/SRR6130428/SRR6130428_k63_contigs/run_saccharomycetes_odb10/hmmer_output/initial_run_results/3044at4891.out --cpu 1 /home/jj/Desktop/Bioinformatics/3rd_year/1term/Computational_genomics/Seminars/exercise_04/busco_downloads/lineages/saccharomycetes_odb10/hmms/3044at4891.hmm /home/jj/Desktop/Bioinformatics/3rd_year/1term/Computational_genomics/Seminars/exercise_04/./busco/SRR6130428/SRR6130428_k63_contigs/run_saccharomycetes_odb10/metaeuk_output/initial_results/SRR6130428_k63_graph.contig.fa.modified.fas 
# Current dir:     /home/jj/Desktop/Bioinformatics/3rd_year/1term/Computational_genomics/Seminars/exercise_04
# Date:            Tue Nov  5 18:38:29 2024
# [ok]
