#                                                                            --- full sequence --- -------------- this domain -------------   hmm coord   ali coord   env coord
# target name        accession   tlen query name           accession   qlen   E-value  score  bias   #  of  c-Evalue  i-Evalue  score  bias  from    to  from    to  from    to  acc description of target
#------------------- ---------- ----- -------------------- ---------- ----- --------- ------ ----- --- --- --------- --------- ------ ----- ----- ----- ----- ----- ----- ----- ---- ---------------------
9572:8779-10182      -            468 30572at4891          -            308   9.7e-79  261.8  10.5   1   3     3e-13   3.3e-11   40.0   0.0     9    68    10    87     3    97 0.73 -
9572:8779-10182      -            468 30572at4891          -            308   9.7e-79  261.8  10.5   2   3     2e-51   2.2e-49  165.4   1.3    63   213   123   308   120   314 0.83 -
9572:8779-10182      -            468 30572at4891          -            308   9.7e-79  261.8  10.5   3   3   1.7e-19   1.9e-17   60.5   0.6   213   302   343   449   339   454 0.79 -
8962:129-1130        -            334 30572at4891          -            308   1.2e-08   31.6   0.0   1   1   1.5e-10   1.7e-08   31.1   0.0    32   205    37   215    30   253 0.71 -
9726:26191-28521     -            777 30572at4891          -            308   1.5e-08   31.3   0.0   1   2   2.9e-06   0.00033   17.0   0.0    45   112   283   352   276   357 0.68 -
9726:26191-28521     -            777 30572at4891          -            308   1.5e-08   31.3   0.0   2   2   0.00013     0.014   11.7   0.0    44   111   553   622   531   641 0.78 -
9700:3872-6376       -            835 30572at4891          -            308   2.1e-08   30.8   0.0   1   2   0.00022     0.024   10.9   0.0    25   116   232   325   221   336 0.66 -
9700:3872-6376       -            835 30572at4891          -            308   2.1e-08   30.8   0.0   2   2   2.1e-06   0.00024   17.5   0.0    45   113   525   595   514   602 0.75 -
7824:343-1428        -            362 30572at4891          -            308     1e-07   28.5   0.0   1   1   2.9e-09   3.2e-07   26.9   0.0    45   147   130   249   123   301 0.68 -
9452:13582-16065     -            828 30572at4891          -            308     8e-07   25.6   0.0   1   2   0.00078     0.087    9.1   0.0    45   113   243   313   231   318 0.68 -
9452:13582-16065     -            828 30572at4891          -            308     8e-07   25.6   0.0   2   2   2.4e-05    0.0027   14.0   0.0    45   118   571   646   553   658 0.75 -
9318:2674-3339       -            222 30572at4891          -            308   9.9e-05   18.7   0.2   1   1     2e-06   0.00022   17.6   0.2    22   147    20   158    14   167 0.67 -
9088:3332-4615       -            428 30572at4891          -            308   0.00012   18.5   0.0   1   1   1.7e-06    0.0002   17.8   0.0    45   114   210   281   189   286 0.74 -
7960:171-1106        -            312 30572at4891          -            308   0.00017   17.9   0.0   1   1   2.4e-06   0.00027   17.3   0.0    46   115    59   130    48   133 0.73 -
9514:183-1775        -            531 30572at4891          -            308   0.00023   17.5   0.1   1   1   3.5e-06   0.00039   16.8   0.1     7    68    52   111    48   148 0.61 -
9530:9826-10800      -            325 30572at4891          -            308   0.00024   17.5   0.0   1   1   3.6e-06    0.0004   16.7   0.0    45   114    80   151    67   157 0.73 -
8622:4584-5795       -            404 30572at4891          -            308   0.00033   17.0   0.0   1   1     1e-05    0.0012   15.2   0.0    24   113   164   255   150   358 0.61 -
8480:3440-5710       -            757 30572at4891          -            308   0.00058   16.2   0.7   1   3    0.0018       0.2    7.9   0.2    42    64   275   297   264   361 0.49 -
8480:3440-5710       -            757 30572at4891          -            308   0.00058   16.2   0.7   2   3       3.6     4e+02   -3.0   0.0   126   144   386   404   367   437 0.81 -
8480:3440-5710       -            757 30572at4891          -            308   0.00058   16.2   0.7   3   3      0.01       1.1    5.4   0.0    42    61   558   577   534   630 0.88 -
9458:17491-18546     -            352 30572at4891          -            308    0.0012   15.2   0.1   1   2   4.7e-05    0.0053   13.1   0.0    44   120    61   155    44   171 0.68 -
9458:17491-18546     -            352 30572at4891          -            308    0.0012   15.2   0.1   2   2       2.7     3e+02   -2.6   0.0   245   262   297   314   263   321 0.71 -
9660:17138-18448     -            437 30572at4891          -            308    0.0041   13.4   0.0   1   1   7.6e-05    0.0085   12.4   0.0    42   110   216   286   188   292 0.73 -
8906:738-3590        -            951 30572at4891          -            308    0.0042   13.4   0.0   1   1   0.00011     0.012   11.8   0.0    45   112   690   759   678   764 0.72 -
9542:14011-14553     -            181 30572at4891          -            308    0.0051   13.1   0.0   1   2   0.00011     0.013   11.8   0.0    43    62     7    26     2    34 0.82 -
9542:14011-14553     -            181 30572at4891          -            308    0.0051   13.1   0.0   2   2       2.8   3.1e+02   -2.6   0.0    92   111    82   102    44   108 0.54 -
7436:115-1425        -            437 30572at4891          -            308    0.0053   13.0   0.0   1   1   8.3e-05    0.0093   12.3   0.0    44   112   169   239   162   244 0.70 -
8694:2670-4910       -            747 30572at4891          -            308    0.0055   13.0   0.0   1   1   0.00015     0.017   11.4   0.0    40   113   313   388   302   436 0.67 -
9646:14198-14803     -            202 30572at4891          -            308    0.0074   12.6   0.0   1   1   8.4e-05    0.0094   12.2   0.0    43    91    75   124    56   153 0.78 -
9172:4263-5570       -            436 30572at4891          -            308    0.0086   12.4   0.0   1   1   0.00015     0.017   11.4   0.0    46   113   222   291   203   295 0.68 -
8672:233-1792        -            520 30572at4891          -            308     0.012   11.9   0.0   1   1   0.00019     0.021   11.1   0.0    45   111   111   179   100   184 0.63 -
9666:11714-13114     -            467 30572at4891          -            308     0.015   11.6   0.0   1   1   0.00021     0.024   10.9   0.0    45   110   247   314   242   318 0.66 -
9596:14408-15766     -            453 30572at4891          -            308     0.016   11.5   0.0   1   1   0.00025     0.027   10.7   0.0    46   138   269   354   265   358 0.81 -
#
# Program:         hmmsearch
# Version:         3.1b2 (February 2015)
# Pipeline mode:   SEARCH
# Query file:      /home/jj/Desktop/Bioinformatics/3rd_year/1term/Computational_genomics/Seminars/exercise_04/busco_downloads/lineages/saccharomycetes_odb10/hmms/30572at4891.hmm
# Target file:     /home/jj/Desktop/Bioinformatics/3rd_year/1term/Computational_genomics/Seminars/exercise_04/./busco/SRR6130428/SRR6130428_k63_contigs/run_saccharomycetes_odb10/metaeuk_output/initial_results/SRR6130428_k63_graph.contig.fa.modified.fas
# Option settings: hmmsearch --domtblout /home/jj/Desktop/Bioinformatics/3rd_year/1term/Computational_genomics/Seminars/exercise_04/./busco/SRR6130428/SRR6130428_k63_contigs/run_saccharomycetes_odb10/hmmer_output/initial_run_results/30572at4891.out --cpu 1 /home/jj/Desktop/Bioinformatics/3rd_year/1term/Computational_genomics/Seminars/exercise_04/busco_downloads/lineages/saccharomycetes_odb10/hmms/30572at4891.hmm /home/jj/Desktop/Bioinformatics/3rd_year/1term/Computational_genomics/Seminars/exercise_04/./busco/SRR6130428/SRR6130428_k63_contigs/run_saccharomycetes_odb10/metaeuk_output/initial_results/SRR6130428_k63_graph.contig.fa.modified.fas 
# Current dir:     /home/jj/Desktop/Bioinformatics/3rd_year/1term/Computational_genomics/Seminars/exercise_04
# Date:            Tue Nov  5 18:38:29 2024
# [ok]
