#                                                                            --- full sequence --- -------------- this domain -------------   hmm coord   ali coord   env coord
# target name        accession   tlen query name           accession   qlen   E-value  score  bias   #  of  c-Evalue  i-Evalue  score  bias  from    to  from    to  from    to  acc description of target
#------------------- ---------- ----- -------------------- ---------- ----- --------- ------ ----- --- --- --------- --------- ------ ----- ----- ----- ----- ----- ----- ----- ---- ---------------------
9496:9526-10170      -            215 31320at4891          -            169   2.7e-82  271.9   1.8   1   2   1.2e-05    0.0022   15.1   0.1     1    27     1    27     1    29 0.92 -
9496:9526-10170      -            215 31320at4891          -            169   2.7e-82  271.9   1.8   2   2   6.4e-78   1.2e-75  250.2   0.3    11   161    24   197    22   214 0.88 -
8900:8855-9253       -            133 31320at4891          -            169   3.7e-45  151.0   0.9   1   1   2.3e-47   4.4e-45  150.7   0.9    17   135    14   132    11   133 0.97 -
8776:643-1041        -            133 31320at4891          -            169   8.4e-44  146.6   0.5   1   1   5.3e-46     1e-43  146.3   0.5    17   135    14   132    11   133 0.97 -
8844:8304-8720       -            139 31320at4891          -            169     7e-40  133.8   0.1   1   1   4.3e-42   8.3e-40  133.6   0.1    15   136    18   139    13   139 0.94 -
8594:1979-2386       -            136 31320at4891          -            169   5.9e-32  108.0   0.1   1   1   3.7e-34   7.2e-32  107.8   0.1    14   120    23   128    15   135 0.93 -
8112:362-979         -            206 31320at4891          -            169   1.4e-31  106.8   0.1   1   1     1e-33   1.9e-31  106.4   0.1    13   141    21   151     9   158 0.91 -
9028:3380-3874       -            165 31320at4891          -            169   3.6e-30  102.2   1.1   1   1   3.5e-32   6.8e-30  101.3   1.1    17   125    31   139     4   162 0.87 -
8716:599-1069        -            157 31320at4891          -            169   9.1e-27   91.2   0.1   1   1   6.7e-29   1.3e-26   90.7   0.1     5   114    30   141    27   146 0.94 -
9436:17460-17894     -            145 31320at4891          -            169   8.1e-25   84.8   0.2   1   1   4.9e-27   9.4e-25   84.6   0.2    18   134    25   143    15   145 0.88 -
8760:6622-7098       -            159 31320at4891          -            169   3.1e-20   69.9   0.8   1   1   1.1e-21   2.1e-19   67.2   0.8    25   122    41   149    26   157 0.83 -
9566:14571-15005     -            145 31320at4891          -            169   1.1e-19   68.1   0.0   1   1   7.5e-22   1.4e-19   67.7   0.0    27   126    41   140    30   144 0.91 -
9306:13031-13516     -            162 31320at4891          -            169   1.4e-17   61.3   4.3   1   1   1.2e-18   2.2e-16   57.3   4.3    18   108    30   132     1   154 0.79 -
8778:4608-5357       -            250 31320at4891          -            169   2.6e-11   40.9   0.1   1   1   2.2e-13   4.2e-11   40.2   0.1    15   124    30   146    25   172 0.73 -
9678:17365-17763     -            133 31320at4891          -            169     3e-11   40.7   0.0   1   1     2e-13   3.8e-11   40.3   0.0    16   105    29   121    24   131 0.88 -
#
# Program:         hmmsearch
# Version:         3.1b2 (February 2015)
# Pipeline mode:   SEARCH
# Query file:      /home/jj/Desktop/Bioinformatics/3rd_year/1term/Computational_genomics/Seminars/exercise_04/busco_downloads/lineages/saccharomycetes_odb10/hmms/31320at4891.hmm
# Target file:     /home/jj/Desktop/Bioinformatics/3rd_year/1term/Computational_genomics/Seminars/exercise_04/./busco/SRR6130428/SRR6130428_k63_contigs/run_saccharomycetes_odb10/metaeuk_output/initial_results/SRR6130428_k63_graph.contig.fa.modified.fas
# Option settings: hmmsearch --domtblout /home/jj/Desktop/Bioinformatics/3rd_year/1term/Computational_genomics/Seminars/exercise_04/./busco/SRR6130428/SRR6130428_k63_contigs/run_saccharomycetes_odb10/hmmer_output/initial_run_results/31320at4891.out --cpu 1 /home/jj/Desktop/Bioinformatics/3rd_year/1term/Computational_genomics/Seminars/exercise_04/busco_downloads/lineages/saccharomycetes_odb10/hmms/31320at4891.hmm /home/jj/Desktop/Bioinformatics/3rd_year/1term/Computational_genomics/Seminars/exercise_04/./busco/SRR6130428/SRR6130428_k63_contigs/run_saccharomycetes_odb10/metaeuk_output/initial_results/SRR6130428_k63_graph.contig.fa.modified.fas 
# Current dir:     /home/jj/Desktop/Bioinformatics/3rd_year/1term/Computational_genomics/Seminars/exercise_04
# Date:            Tue Nov  5 18:38:31 2024
# [ok]
