#                                                                            --- full sequence --- -------------- this domain -------------   hmm coord   ali coord   env coord
# target name        accession   tlen query name           accession   qlen   E-value  score  bias   #  of  c-Evalue  i-Evalue  score  bias  from    to  from    to  from    to  acc description of target
#------------------- ---------- ----- -------------------- ---------- ----- --------- ------ ----- --- --- --------- --------- ------ ----- ----- ----- ----- ----- ----- ----- ---- ---------------------
9436:17460-17894     -            145 32025at4891          -            134   2.4e-69  228.9   1.6   1   1   1.7e-71   3.3e-69  228.5   1.6     6   134     1   143     1   143 0.94 -
9028:3380-3874       -            165 32025at4891          -            134   1.8e-25   86.9   0.1   1   1   1.2e-27   2.3e-25   86.5   0.1     1   130     8   144     8   148 0.80 -
8900:8855-9253       -            133 32025at4891          -            134   1.1e-23   81.1   0.1   1   1     7e-26   1.3e-23   80.9   0.1    38   134    33   131    10   131 0.83 -
8776:643-1041        -            133 32025at4891          -            134   2.7e-22   76.6   0.1   1   1   1.6e-24   3.1e-22   76.4   0.1    38   134    33   131     9   131 0.84 -
8844:8304-8720       -            139 32025at4891          -            134   9.8e-21   71.6   0.0   1   1   6.3e-23   1.2e-20   71.3   0.0    41   133    42   132    23   133 0.94 -
9496:9526-10170      -            215 32025at4891          -            134   4.1e-20   69.6   0.1   1   1   3.8e-22   7.3e-20   68.8   0.1    38   126    49   136    41   144 0.89 -
8760:6622-7098       -            159 32025at4891          -            134   7.4e-20   68.8   0.3   1   1     8e-22   1.5e-19   67.7   0.3    36   132    50   156    35   159 0.80 -
8594:1979-2386       -            136 32025at4891          -            134     1e-19   68.3   0.1   1   1   6.2e-22   1.2e-19   68.1   0.1    37   120    44   125    32   136 0.86 -
9306:13031-13516     -            162 32025at4891          -            134   2.3e-19   67.1   0.1   1   1   3.3e-21   6.4e-19   65.7   0.1     1   124     5   145     5   157 0.77 -
9566:14571-15005     -            145 32025at4891          -            134   9.8e-17   58.6   0.0   1   1   7.4e-19   1.4e-16   58.1   0.0    43   130    55   140    47   143 0.92 -
8112:362-979         -            206 32025at4891          -            134   3.7e-13   47.1   0.1   1   1   2.6e-15     5e-13   46.7   0.1    41   133    47   143    38   144 0.82 -
8716:599-1069        -            157 32025at4891          -            134   1.2e-11   42.2   0.1   1   1   8.6e-14   1.6e-11   41.7   0.1    39   113    62   137    39   144 0.86 -
8778:4608-5357       -            250 32025at4891          -            134   5.6e-07   27.1   0.0   1   1   4.5e-09   8.6e-07   26.5   0.0    37   108    48   120     9   141 0.69 -
9678:17365-17763     -            133 32025at4891          -            134   5.8e-07   27.0   0.0   1   1   3.3e-09   6.4e-07   26.9   0.0    38   110    51   123    29   133 0.86 -
#
# Program:         hmmsearch
# Version:         3.1b2 (February 2015)
# Pipeline mode:   SEARCH
# Query file:      /home/jj/Desktop/Bioinformatics/3rd_year/1term/Computational_genomics/Seminars/exercise_04/busco_downloads/lineages/saccharomycetes_odb10/hmms/32025at4891.hmm
# Target file:     /home/jj/Desktop/Bioinformatics/3rd_year/1term/Computational_genomics/Seminars/exercise_04/./busco/SRR6130428/SRR6130428_k63_contigs/run_saccharomycetes_odb10/metaeuk_output/initial_results/SRR6130428_k63_graph.contig.fa.modified.fas
# Option settings: hmmsearch --domtblout /home/jj/Desktop/Bioinformatics/3rd_year/1term/Computational_genomics/Seminars/exercise_04/./busco/SRR6130428/SRR6130428_k63_contigs/run_saccharomycetes_odb10/hmmer_output/initial_run_results/32025at4891.out --cpu 1 /home/jj/Desktop/Bioinformatics/3rd_year/1term/Computational_genomics/Seminars/exercise_04/busco_downloads/lineages/saccharomycetes_odb10/hmms/32025at4891.hmm /home/jj/Desktop/Bioinformatics/3rd_year/1term/Computational_genomics/Seminars/exercise_04/./busco/SRR6130428/SRR6130428_k63_contigs/run_saccharomycetes_odb10/metaeuk_output/initial_results/SRR6130428_k63_graph.contig.fa.modified.fas 
# Current dir:     /home/jj/Desktop/Bioinformatics/3rd_year/1term/Computational_genomics/Seminars/exercise_04
# Date:            Tue Nov  5 18:38:33 2024
# [ok]
