#                                                                            --- full sequence --- -------------- this domain -------------   hmm coord   ali coord   env coord
# target name        accession   tlen query name           accession   qlen   E-value  score  bias   #  of  c-Evalue  i-Evalue  score  bias  from    to  from    to  from    to  acc description of target
#------------------- ---------- ----- -------------------- ---------- ----- --------- ------ ----- --- --- --------- --------- ------ ----- ----- ----- ----- ----- ----- ----- ---- ---------------------
8856:4098-4763       -            222 32172at4891          -            187  2.7e-106  350.4   2.4   1   2  4.8e-108  3.7e-106  350.0   1.7     1   178     5   183     5   189 0.98 -
8856:4098-4763       -            222 32172at4891          -            187  2.7e-106  350.4   2.4   2   2       4.9   3.7e+02   -2.2   0.0   177   187   200   210   195   210 0.85 -
8968:6712-7380       -            223 32172at4891          -            187  6.9e-105  345.8   1.9   1   2  1.3e-106  9.9e-105  345.3   1.2     1   178     5   183     5   188 0.98 -
8968:6712-7380       -            223 32172at4891          -            187  6.9e-105  345.8   1.9   2   2       4.2   3.2e+02   -1.9   0.0   174   187   198   211   195   211 0.83 -
7992:884-1501        -            206 32172at4891          -            187   4.6e-64  212.7   1.3   1   1   7.1e-66   5.4e-64  212.5   1.3     3   177     2   177     1   186 0.96 -
9406:6563-7207       -            215 32172at4891          -            187   1.1e-56  188.7   0.5   1   1   1.7e-58   1.3e-56  188.4   0.5     4   176    15   187    12   194 0.96 -
8012:204-749         -            182 32172at4891          -            187   1.7e-47  158.8   0.2   1   1   2.6e-49     2e-47  158.5   0.2    10   170     7   171     4   181 0.92 -
9570:23807-24448     -            214 32172at4891          -            187   8.9e-45  149.9   0.6   1   2   1.3e-36   9.6e-35  117.1   0.2    10   127     1   128     1   142 0.87 -
9570:23807-24448     -            214 32172at4891          -            187   8.9e-45  149.9   0.6   2   2   2.4e-10   1.9e-08   31.4   0.0   126   174   147   195   139   204 0.91 -
9638:11299-12714     -            279 32172at4891          -            187   1.4e-44  149.2   0.3   1   1   2.7e-46   2.1e-44  148.6   0.3    10   173    75   241    70   252 0.93 -
9686:29089-29574     -            162 32172at4891          -            187   2.2e-43  145.3   0.1   1   1   3.4e-45   2.6e-43  145.1   0.1    11   165     1   162     1   162 0.95 -
9652:7994-8617       -            208 32172at4891          -            187   1.3e-38  129.7   0.5   1   1     2e-40   1.5e-38  129.5   0.5     8   173     7   180     1   188 0.86 -
9714:14124-14693     -            190 32172at4891          -            187   1.1e-29  100.7   0.1   1   1   1.7e-31   1.3e-29  100.4   0.1    11   128     1   124     1   183 0.82 -
8740:325-852         -            176 32172at4891          -            187   3.6e-29   99.0   0.3   1   1   5.8e-31   4.4e-29   98.7   0.3    10   169    11   171     5   174 0.92 -
9616:2514-3011       -            166 32172at4891          -            187   4.3e-28   95.5   0.3   1   1   6.5e-30     5e-28   95.3   0.3    10   167     1   159     1   164 0.91 -
9394:464-982         -            173 32172at4891          -            187   1.1e-27   94.1   0.0   1   1   1.9e-29   1.4e-27   93.8   0.0    10   166     8   162     4   168 0.92 -
8032:1817-2311       -            165 32172at4891          -            187   1.2e-26   90.8   0.0   1   1   1.8e-28   1.4e-26   90.5   0.0    11   166     1   154     1   160 0.92 -
9176:12388-12873     -            162 32172at4891          -            187   9.3e-25   84.6   0.0   1   1   1.4e-26     1e-24   84.4   0.0    10   169     1   162     1   162 0.92 -
9674:32427-32993     -            189 32172at4891          -            187   2.6e-22   76.6   0.2   1   1   4.1e-24   3.1e-22   76.3   0.2    19   168     4   167     1   187 0.75 -
9686:22344-22916     -            191 32172at4891          -            187     6e-17   59.1   0.0   1   1   1.1e-18   8.4e-17   58.7   0.0    11   164     9   172     3   188 0.83 -
9646:6177-6674       -            166 32172at4891          -            187   6.8e-17   58.9   0.0   1   1     1e-18   7.6e-17   58.8   0.0    11   168     1   164     1   166 0.88 -
8996:8645-9337       -            231 32172at4891          -            187   3.9e-16   56.5   0.0   1   2   1.8e-17   1.4e-15   54.6   0.0    11   130    18   137    11   172 0.86 -
8996:8645-9337       -            231 32172at4891          -            187   3.9e-16   56.5   0.0   2   2       1.6   1.2e+02   -0.6   0.0   143   164   184   205   158   211 0.76 -
9160:12117-12692     -            192 32172at4891          -            187   4.7e-16   56.2   0.0   1   1   7.9e-18     6e-16   55.9   0.0     8   169     3   177     1   184 0.87 -
9342:4433-4966       -            178 32172at4891          -            187     1e-14   51.8   0.0   1   1   1.7e-16   1.3e-14   51.5   0.0    11   127     5   121     2   152 0.90 -
9396:17173-17850     -            226 32172at4891          -            187   2.7e-14   50.4   0.0   1   2   3.7e-06   0.00028   17.8   0.0    11    48     5    42     2    53 0.87 -
9396:17173-17850     -            226 32172at4891          -            187   2.7e-14   50.4   0.0   2   2   8.4e-10   6.4e-08   29.7   0.0    53   172    76   221    67   226 0.68 -
8556:666-1238        -            191 32172at4891          -            187   8.1e-14   48.9   0.0   1   1   4.2e-15   3.2e-13   47.0   0.0    10   170     4   177     2   190 0.81 -
9600:12589-13188     -            200 32172at4891          -            187   3.5e-13   46.8   0.0   1   1   6.2e-15   4.7e-13   46.4   0.0    11   172     8   174     3   179 0.84 -
9260:2621-3145       -            175 32172at4891          -            187   7.3e-11   39.3   0.0   1   1   1.2e-12   9.3e-11   38.9   0.0    10   128    18   133    15   160 0.82 -
8432:4086-4625       -            180 32172at4891          -            187   1.1e-10   38.7   0.0   1   1   1.6e-12   1.3e-10   38.5   0.0    10   129    18   134    12   176 0.79 -
9360:15235-15768     -            178 32172at4891          -            187   2.6e-10   37.5   0.0   1   1   4.2e-12   3.2e-10   37.2   0.0    10   129    18   134    13   169 0.79 -
9434:16912-17505     -            198 32172at4891          -            187   2.1e-09   34.6   0.0   1   1   3.5e-11   2.7e-09   34.2   0.0     9   168    17   185    10   194 0.70 -
8780:4884-5432       -            183 32172at4891          -            187   2.6e-08   31.0   0.1   1   1   4.2e-10   3.2e-08   30.7   0.1    10   169    19   178    14   182 0.74 -
9450:10864-12849     -            662 32172at4891          -            187   6.4e-07   26.4   0.0   1   2    0.0013       0.1    9.5   0.0    10    34     6    30     3    37 0.91 -
9450:10864-12849     -            662 32172at4891          -            187   6.4e-07   26.4   0.0   2   2   4.6e-05    0.0035   14.2   0.0     9   130   448   569   441   599 0.81 -
9494:6635-7150       -            172 32172at4891          -            187   0.00017   18.5   0.0   1   1   2.6e-06    0.0002   18.3   0.0    13   127     7   124     2   170 0.76 -
9548:20672-21019     -            116 32172at4891          -            187    0.0024   14.8   0.0   1   1   3.3e-05    0.0026   14.7   0.0    59   160     2   114     1   116 0.77 -
8368:2744-4999       -            752 32172at4891          -            187     0.004   14.1   1.6   1   3      0.21        16    2.3   0.7   104   167   105   170    93   188 0.61 -
8368:2744-4999       -            752 32172at4891          -            187     0.004   14.1   1.6   2   3     0.006      0.46    7.3   0.0    12    42   228   258   219   283 0.81 -
8368:2744-4999       -            752 32172at4891          -            187     0.004   14.1   1.6   3   3      0.97        74    0.1   0.0     5    27   554   576   550   581 0.80 -
9306:13782-15263     -            494 32172at4891          -            187    0.0056   13.6   0.1   1   1    0.0002     0.015   12.2   0.1    10    68   243   300   234   375 0.66 -
8346:3270-4373       -            368 32172at4891          -            187     0.016   12.1   0.1   1   2   0.00054     0.041   10.7   0.0    11    95    65   154    63   175 0.62 -
8346:3270-4373       -            368 32172at4891          -            187     0.016   12.1   0.1   2   2       8.4   6.4e+02   -2.9   0.0   130   142   254   266   228   295 0.57 -
#
# Program:         hmmsearch
# Version:         3.1b2 (February 2015)
# Pipeline mode:   SEARCH
# Query file:      /home/jj/Desktop/Bioinformatics/3rd_year/1term/Computational_genomics/Seminars/exercise_04/busco_downloads/lineages/saccharomycetes_odb10/hmms/32172at4891.hmm
# Target file:     /home/jj/Desktop/Bioinformatics/3rd_year/1term/Computational_genomics/Seminars/exercise_04/./busco/SRR6130428/SRR6130428_k63_contigs/run_saccharomycetes_odb10/metaeuk_output/initial_results/SRR6130428_k63_graph.contig.fa.modified.fas
# Option settings: hmmsearch --domtblout /home/jj/Desktop/Bioinformatics/3rd_year/1term/Computational_genomics/Seminars/exercise_04/./busco/SRR6130428/SRR6130428_k63_contigs/run_saccharomycetes_odb10/hmmer_output/initial_run_results/32172at4891.out --cpu 1 /home/jj/Desktop/Bioinformatics/3rd_year/1term/Computational_genomics/Seminars/exercise_04/busco_downloads/lineages/saccharomycetes_odb10/hmms/32172at4891.hmm /home/jj/Desktop/Bioinformatics/3rd_year/1term/Computational_genomics/Seminars/exercise_04/./busco/SRR6130428/SRR6130428_k63_contigs/run_saccharomycetes_odb10/metaeuk_output/initial_results/SRR6130428_k63_graph.contig.fa.modified.fas 
# Current dir:     /home/jj/Desktop/Bioinformatics/3rd_year/1term/Computational_genomics/Seminars/exercise_04
# Date:            Tue Nov  5 18:38:33 2024
# [ok]
