#                                                                            --- full sequence --- -------------- this domain -------------   hmm coord   ali coord   env coord
# target name        accession   tlen query name           accession   qlen   E-value  score  bias   #  of  c-Evalue  i-Evalue  score  bias  from    to  from    to  from    to  acc description of target
#------------------- ---------- ----- -------------------- ---------- ----- --------- ------ ----- --- --- --------- --------- ------ ----- ----- ----- ----- ----- ----- ----- ---- ---------------------
9510:6852-8237       -            462 32435at4891          -            271   9.5e-54  180.4   3.8   1   5   5.6e-18     3e-15   54.1   0.0     1    47     2    54     2    64 0.91 -
9510:6852-8237       -            462 32435at4891          -            271   9.5e-54  180.4   3.8   2   5       1.5   7.8e+02   -3.0   0.0    52    64    96   108    92   115 0.83 -
9510:6852-8237       -            462 32435at4891          -            271   9.5e-54  180.4   3.8   3   5   1.2e-12   6.6e-10   36.6   0.0    68   126   136   207   129   214 0.78 -
9510:6852-8237       -            462 32435at4891          -            271   9.5e-54  180.4   3.8   4   5   5.1e-14   2.7e-11   41.1   0.1   152   213   287   353   280   384 0.79 -
9510:6852-8237       -            462 32435at4891          -            271   9.5e-54  180.4   3.8   5   5   1.9e-15     1e-12   45.8   0.0   232   271   416   455   398   455 0.91 -
9670:8058-9077       -            340 32435at4891          -            271   8.6e-20   69.0   0.1   1   2   1.4e-13   7.6e-11   39.7   0.0     3    47    10    59     8    64 0.88 -
9670:8058-9077       -            340 32435at4891          -            271   8.6e-20   69.0   0.1   2   2   1.2e-09   6.3e-07   26.8   0.0   200   270   259   333   249   334 0.82 -
9716:17129-20164     -           1012 32435at4891          -            271     3e-14   50.8   0.1   1   4     1e-05    0.0055   13.9   0.0     3    48     7    57     5    72 0.86 -
9716:17129-20164     -           1012 32435at4891          -            271     3e-14   50.8   0.1   2   4   1.9e-07    0.0001   19.6   0.0   235   270   348   383   331   384 0.89 -
9716:17129-20164     -           1012 32435at4891          -            271     3e-14   50.8   0.1   3   4   4.4e-05     0.024   11.8   0.0     1    41   403   448   403   459 0.87 -
9716:17129-20164     -           1012 32435at4891          -            271     3e-14   50.8   0.1   4   4      0.39   2.1e+02   -1.1   0.0   221   255   841   875   813   879 0.78 -
9586:11131-13632     -            834 32435at4891          -            271    0.0071   13.5   2.4   1   2    0.0051       2.8    5.0   0.4   169   241    74   145    56   147 0.88 -
9586:11131-13632     -            834 32435at4891          -            271    0.0071   13.5   2.4   2   2   0.00082      0.44    7.7   0.1   108   211   481   588   469   594 0.77 -
9716:18341-19750     -            470 32435at4891          -            271     0.028   11.6   0.0   1   2   0.00021      0.11    9.6   0.0     3    41     1    44     1    56 0.87 -
9716:18341-19750     -            470 32435at4891          -            271     0.028   11.6   0.0   2   2      0.32   1.7e+02   -0.9   0.0   221   253   437   469   409   470 0.77 -
#
# Program:         hmmsearch
# Version:         3.1b2 (February 2015)
# Pipeline mode:   SEARCH
# Query file:      /home/jj/Desktop/Bioinformatics/3rd_year/1term/Computational_genomics/Seminars/exercise_04/busco_downloads/lineages/saccharomycetes_odb10/hmms/32435at4891.hmm
# Target file:     /home/jj/Desktop/Bioinformatics/3rd_year/1term/Computational_genomics/Seminars/exercise_04/./busco/SRR6130428/SRR6130428_k63_contigs/run_saccharomycetes_odb10/metaeuk_output/initial_results/SRR6130428_k63_graph.contig.fa.modified.fas
# Option settings: hmmsearch --domtblout /home/jj/Desktop/Bioinformatics/3rd_year/1term/Computational_genomics/Seminars/exercise_04/./busco/SRR6130428/SRR6130428_k63_contigs/run_saccharomycetes_odb10/hmmer_output/initial_run_results/32435at4891.out --cpu 1 /home/jj/Desktop/Bioinformatics/3rd_year/1term/Computational_genomics/Seminars/exercise_04/busco_downloads/lineages/saccharomycetes_odb10/hmms/32435at4891.hmm /home/jj/Desktop/Bioinformatics/3rd_year/1term/Computational_genomics/Seminars/exercise_04/./busco/SRR6130428/SRR6130428_k63_contigs/run_saccharomycetes_odb10/metaeuk_output/initial_results/SRR6130428_k63_graph.contig.fa.modified.fas 
# Current dir:     /home/jj/Desktop/Bioinformatics/3rd_year/1term/Computational_genomics/Seminars/exercise_04
# Date:            Tue Nov  5 18:38:34 2024
# [ok]
