#                                                                            --- full sequence --- -------------- this domain -------------   hmm coord   ali coord   env coord
# target name        accession   tlen query name           accession   qlen   E-value  score  bias   #  of  c-Evalue  i-Evalue  score  bias  from    to  from    to  from    to  acc description of target
#------------------- ---------- ----- -------------------- ---------- ----- --------- ------ ----- --- --- --------- --------- ------ ----- ----- ----- ----- ----- ----- ----- ---- ---------------------
8940:1835-5164       -           1110 3246at4891           -            794         0 1316.9   7.9   1   4  1.6e-221  4.2e-219  726.6   1.6     1   419     3   455     3   463 0.92 -
8940:1835-5164       -           1110 3246at4891           -            794         0 1316.9   7.9   2   4   1.2e-76   3.2e-74  247.4   0.0   393   581   551   759   545   772 0.89 -
8940:1835-5164       -           1110 3246at4891           -            794         0 1316.9   7.9   3   4   3.6e-10   9.8e-08   27.6   0.0   604   636   893   925   832   938 0.82 -
8940:1835-5164       -           1110 3246at4891           -            794         0 1316.9   7.9   4   4   4.9e-97   1.3e-94  314.9   0.1   626   794   941  1110   933  1110 0.98 -
7772:9-2519          -            837 3246at4891           -            794  6.2e-172  570.6   3.3   1   3  2.9e-103  7.7e-101  335.5   1.1     5   387     4   385     1   390 0.90 -
7772:9-2519          -            837 3246at4891           -            794  6.2e-172  570.6   3.3   2   3   2.3e-44     6e-42  140.7   0.0   425   619   391   601   385   607 0.82 -
7772:9-2519          -            837 3246at4891           -            794  6.2e-172  570.6   3.3   3   3   1.3e-29   3.4e-27   91.9   0.0   591   740   631   806   623   815 0.82 -
9708:8944-11955      -           1004 3246at4891           -            794   6.9e-65  216.6   5.4   1   5   1.7e-27   4.7e-25   84.8   0.5     7   179   120   296   114   303 0.86 -
9708:8944-11955      -           1004 3246at4891           -            794   6.9e-65  216.6   5.4   2   5   3.9e-11     1e-08   30.8   0.1   208   333   301   432   297   445 0.75 -
9708:8944-11955      -           1004 3246at4891           -            794   6.9e-65  216.6   5.4   3   5     0.014       3.9    2.4   0.0   427   450   481   504   471   517 0.83 -
9708:8944-11955      -           1004 3246at4891           -            794   6.9e-65  216.6   5.4   4   5   1.3e-16   3.4e-14   48.9   0.0   451   580   532   679   527   705 0.85 -
9708:8944-11955      -           1004 3246at4891           -            794   6.9e-65  216.6   5.4   5   5   3.6e-16   9.7e-14   47.4   0.0   589   730   771   930   764   977 0.78 -
9350:7151-9382       -            744 3246at4891           -            794   1.6e-43  146.0   0.1   1   3     4e-28   1.1e-25   87.0   0.1    15   153    51   190    37   202 0.86 -
9350:7151-9382       -            744 3246at4891           -            794   1.6e-43  146.0   0.1   2   3   2.6e-15   6.9e-13   44.6   0.0   424   584   371   537   317   549 0.79 -
9350:7151-9382       -            744 3246at4891           -            794   1.6e-43  146.0   0.1   3   3   5.1e-05     0.014   10.5   0.0   610   732   590   722   583   728 0.79 -
9724:26646-28994     -            783 3246at4891           -            794   9.8e-35  116.8   7.8   1   5   2.5e-28   6.8e-26   87.6   0.1    15   212     6   197     2   237 0.80 -
9724:26646-28994     -            783 3246at4891           -            794   9.8e-35  116.8   7.8   2   5      0.71   1.9e+02   -3.2   0.0   336   353   281   298   246   314 0.83 -
9724:26646-28994     -            783 3246at4891           -            794   9.8e-35  116.8   7.8   3   5      0.18        47   -1.2   0.0   428   443   343   358   341   401 0.81 -
9724:26646-28994     -            783 3246at4891           -            794   9.8e-35  116.8   7.8   4   5   1.3e-10   3.6e-08   29.0   0.0   492   588   432   528   422   531 0.87 -
9724:26646-28994     -            783 3246at4891           -            794   9.8e-35  116.8   7.8   5   5     0.023       6.1    1.8   0.3   293   401   624   724   602   747 0.70 -
9282:2593-4464       -            624 3246at4891           -            794   1.1e-32  110.1   0.0   1   1   7.7e-35   2.1e-32  109.2   0.0    13   158    21   163     7   174 0.90 -
9372:1417-4422       -           1002 3246at4891           -            794   3.9e-12   42.1   0.1   1   2        10   2.7e+03   -8.6   6.1   390   417    96   123    85   133 0.53 -
9372:1417-4422       -           1002 3246at4891           -            794   3.9e-12   42.1   0.1   2   2   1.5e-14   3.9e-12   42.1   0.1    20   213   408   588   399   626 0.72 -
9394:3041-4234       -            398 3246at4891           -            794     4e-11   38.8   0.0   1   2     4e-13   1.1e-10   37.4   0.0    19   153    11   138     4   155 0.78 -
9394:3041-4234       -            398 3246at4891           -            794     4e-11   38.8   0.0   2   2      0.29        77   -1.9   0.0   428   458   228   259   217   292 0.75 -
7064:5-754           -            250 3246at4891           -            794   7.2e-05   18.1   0.0   1   1   3.3e-07     9e-05   17.8   0.0    18   120     6   115     1   190 0.78 -
9006:8637-10217      -            527 3246at4891           -            794     0.021    9.9   0.5   1   2      0.37        99   -2.2   0.1    15    33    98   116    92   123 0.81 -
9006:8637-10217      -            527 3246at4891           -            794     0.021    9.9   0.5   2   2   0.00016     0.042    8.9   0.0    90   165   189   266   184   280 0.82 -
#
# Program:         hmmsearch
# Version:         3.1b2 (February 2015)
# Pipeline mode:   SEARCH
# Query file:      /home/jj/Desktop/Bioinformatics/3rd_year/1term/Computational_genomics/Seminars/exercise_04/busco_downloads/lineages/saccharomycetes_odb10/hmms/3246at4891.hmm
# Target file:     /home/jj/Desktop/Bioinformatics/3rd_year/1term/Computational_genomics/Seminars/exercise_04/./busco/SRR6130428/SRR6130428_k63_contigs/run_saccharomycetes_odb10/metaeuk_output/initial_results/SRR6130428_k63_graph.contig.fa.modified.fas
# Option settings: hmmsearch --domtblout /home/jj/Desktop/Bioinformatics/3rd_year/1term/Computational_genomics/Seminars/exercise_04/./busco/SRR6130428/SRR6130428_k63_contigs/run_saccharomycetes_odb10/hmmer_output/initial_run_results/3246at4891.out --cpu 1 /home/jj/Desktop/Bioinformatics/3rd_year/1term/Computational_genomics/Seminars/exercise_04/busco_downloads/lineages/saccharomycetes_odb10/hmms/3246at4891.hmm /home/jj/Desktop/Bioinformatics/3rd_year/1term/Computational_genomics/Seminars/exercise_04/./busco/SRR6130428/SRR6130428_k63_contigs/run_saccharomycetes_odb10/metaeuk_output/initial_results/SRR6130428_k63_graph.contig.fa.modified.fas 
# Current dir:     /home/jj/Desktop/Bioinformatics/3rd_year/1term/Computational_genomics/Seminars/exercise_04
# Date:            Tue Nov  5 18:38:34 2024
# [ok]
