#                                                                            --- full sequence --- -------------- this domain -------------   hmm coord   ali coord   env coord
# target name        accession   tlen query name           accession   qlen   E-value  score  bias   #  of  c-Evalue  i-Evalue  score  bias  from    to  from    to  from    to  acc description of target
#------------------- ---------- ----- -------------------- ---------- ----- --------- ------ ----- --- --- --------- --------- ------ ----- ----- ----- ----- ----- ----- ----- ---- ---------------------
7526:1033-1464       -            144 32672at4891          -            110   1.1e-61  203.4   1.7   1   1   2.2e-64   1.5e-61  203.0   1.7     1   109     1   109     1   110 0.99 -
9698:13545-15308     -            588 32672at4891          -            110   0.00012   19.8   0.6   1   4   1.7e-07   0.00012   19.8   0.6    46    84   335   373   311   400 0.73 -
9698:13545-15308     -            588 32672at4891          -            110   0.00012   19.8   0.6   2   4      0.58   3.9e+02   -1.2   1.8    65    88   450   473   434   496 0.69 -
9698:13545-15308     -            588 32672at4891          -            110   0.00012   19.8   0.6   3   4         4   2.7e+03   -3.8   4.6    10    30   458   478   449   551 0.57 -
9698:13545-15308     -            588 32672at4891          -            110   0.00012   19.8   0.6   4   4      0.57   3.8e+02   -1.1   0.0    51    74   551   574   536   586 0.81 -
8902:2593-3282       -            230 32672at4891          -            110   0.00035   18.3   0.7   1   1   1.7e-06    0.0011   16.7   0.7    47    81    23    57     7    71 0.87 -
9288:9092-10672      -            527 32672at4891          -            110    0.0084   13.9   0.3   1   3       2.5   1.7e+03   -3.2   0.1     7    14    61    68    50    93 0.60 -
9288:9092-10672      -            527 32672at4891          -            110    0.0084   13.9   0.3   2   3   1.3e-05    0.0084   13.9   0.3    49    85   278   314   270   321 0.86 -
9288:9092-10672      -            527 32672at4891          -            110    0.0084   13.9   0.3   3   3       2.2   1.5e+03   -3.0   0.2    49    82   419   453   413   460 0.69 -
#
# Program:         hmmsearch
# Version:         3.1b2 (February 2015)
# Pipeline mode:   SEARCH
# Query file:      /home/jj/Desktop/Bioinformatics/3rd_year/1term/Computational_genomics/Seminars/exercise_04/busco_downloads/lineages/saccharomycetes_odb10/hmms/32672at4891.hmm
# Target file:     /home/jj/Desktop/Bioinformatics/3rd_year/1term/Computational_genomics/Seminars/exercise_04/./busco/SRR6130428/SRR6130428_k63_contigs/run_saccharomycetes_odb10/metaeuk_output/initial_results/SRR6130428_k63_graph.contig.fa.modified.fas
# Option settings: hmmsearch --domtblout /home/jj/Desktop/Bioinformatics/3rd_year/1term/Computational_genomics/Seminars/exercise_04/./busco/SRR6130428/SRR6130428_k63_contigs/run_saccharomycetes_odb10/hmmer_output/initial_run_results/32672at4891.out --cpu 1 /home/jj/Desktop/Bioinformatics/3rd_year/1term/Computational_genomics/Seminars/exercise_04/busco_downloads/lineages/saccharomycetes_odb10/hmms/32672at4891.hmm /home/jj/Desktop/Bioinformatics/3rd_year/1term/Computational_genomics/Seminars/exercise_04/./busco/SRR6130428/SRR6130428_k63_contigs/run_saccharomycetes_odb10/metaeuk_output/initial_results/SRR6130428_k63_graph.contig.fa.modified.fas 
# Current dir:     /home/jj/Desktop/Bioinformatics/3rd_year/1term/Computational_genomics/Seminars/exercise_04
# Date:            Tue Nov  5 18:38:34 2024
# [ok]
