#                                                                            --- full sequence --- -------------- this domain -------------   hmm coord   ali coord   env coord
# target name        accession   tlen query name           accession   qlen   E-value  score  bias   #  of  c-Evalue  i-Evalue  score  bias  from    to  from    to  from    to  acc description of target
#------------------- ---------- ----- -------------------- ---------- ----- --------- ------ ----- --- --- --------- --------- ------ ----- ----- ----- ----- ----- ----- ----- ---- ---------------------
9144:3388-4368       -            327 33227at4891          -            144   6.1e-48  159.7  27.6   1   3       3.1   1.4e+03   -3.6   0.4    52    62    54    64    40    87 0.50 -
9144:3388-4368       -            327 33227at4891          -            144   6.1e-48  159.7  27.6   2   3   2.7e-47   1.2e-44  149.0  18.0     2   122   119   258   118   262 0.84 -
9144:3388-4368       -            327 33227at4891          -            144   6.1e-48  159.7  27.6   3   3   3.9e-05     0.017   12.3   0.1   118   142   302   326   290   327 0.87 -
9556:8484-9101       -            206 33227at4891          -            144   5.5e-24   82.0  14.1   1   2   5.1e-26   2.3e-23   80.0   9.5     6    61    55   110    50   124 0.87 -
9556:8484-9101       -            206 33227at4891          -            144   5.5e-24   82.0  14.1   2   2      0.01       4.5    4.5   0.1   126   142   186   202   134   204 0.83 -
9378:10466-11599     -            378 33227at4891          -            144   3.3e-19   66.5  14.0   1   2   6.3e-21   2.8e-18   63.5  11.2     8    65    80   137    75   152 0.89 -
9378:10466-11599     -            378 33227at4891          -            144   3.3e-19   66.5  14.0   2   2     0.024        11    3.2   0.0    77   131   177   229   147   241 0.76 -
8906:8570-9529       -            320 33227at4891          -            144   3.6e-17   59.9  18.1   1   1   3.3e-17   1.5e-14   51.4  18.1     5    72    99   170    98   259 0.68 -
9722:28968-29540     -            191 33227at4891          -            144   2.5e-14   50.7   3.3   1   3      0.85   3.8e+02   -1.8   0.1    77    92     4    19     1    27 0.59 -
9722:28968-29540     -            191 33227at4891          -            144   2.5e-14   50.7   3.3   2   3   5.7e-17   2.5e-14   50.7   3.3     8    69    74   137    71   148 0.81 -
9722:28968-29540     -            191 33227at4891          -            144   2.5e-14   50.7   3.3   3   3      0.26   1.2e+02   -0.1   0.6    36    80   136   174   129   187 0.47 -
8724:3448-4146       -            233 33227at4891          -            144   1.1e-12   45.3   2.9   1   3      0.11        49    1.1   0.0    74   112     2    39     1    52 0.65 -
8724:3448-4146       -            233 33227at4891          -            144   1.1e-12   45.3   2.9   2   3   1.4e-11   6.1e-09   33.2   0.1     8    58    54   104    51   121 0.84 -
8724:3448-4146       -            233 33227at4891          -            144   1.1e-12   45.3   2.9   3   3   0.00018      0.08   10.1   0.1    44   102   130   188   125   199 0.90 -
#
# Program:         hmmsearch
# Version:         3.1b2 (February 2015)
# Pipeline mode:   SEARCH
# Query file:      /home/jj/Desktop/Bioinformatics/3rd_year/1term/Computational_genomics/Seminars/exercise_04/busco_downloads/lineages/saccharomycetes_odb10/hmms/33227at4891.hmm
# Target file:     /home/jj/Desktop/Bioinformatics/3rd_year/1term/Computational_genomics/Seminars/exercise_04/./busco/SRR6130428/SRR6130428_k63_contigs/run_saccharomycetes_odb10/metaeuk_output/initial_results/SRR6130428_k63_graph.contig.fa.modified.fas
# Option settings: hmmsearch --domtblout /home/jj/Desktop/Bioinformatics/3rd_year/1term/Computational_genomics/Seminars/exercise_04/./busco/SRR6130428/SRR6130428_k63_contigs/run_saccharomycetes_odb10/hmmer_output/initial_run_results/33227at4891.out --cpu 1 /home/jj/Desktop/Bioinformatics/3rd_year/1term/Computational_genomics/Seminars/exercise_04/busco_downloads/lineages/saccharomycetes_odb10/hmms/33227at4891.hmm /home/jj/Desktop/Bioinformatics/3rd_year/1term/Computational_genomics/Seminars/exercise_04/./busco/SRR6130428/SRR6130428_k63_contigs/run_saccharomycetes_odb10/metaeuk_output/initial_results/SRR6130428_k63_graph.contig.fa.modified.fas 
# Current dir:     /home/jj/Desktop/Bioinformatics/3rd_year/1term/Computational_genomics/Seminars/exercise_04
# Date:            Tue Nov  5 18:38:36 2024
# [ok]
