#                                                                            --- full sequence --- -------------- this domain -------------   hmm coord   ali coord   env coord
# target name        accession   tlen query name           accession   qlen   E-value  score  bias   #  of  c-Evalue  i-Evalue  score  bias  from    to  from    to  from    to  acc description of target
#------------------- ---------- ----- -------------------- ---------- ----- --------- ------ ----- --- --- --------- --------- ------ ----- ----- ----- ----- ----- ----- ----- ---- ---------------------
9406:6563-7207       -            215 33356at4891          -            171     4e-97  320.1   2.2   1   1   6.7e-99   5.3e-97  319.7   2.2     1   167    15   184    15   188 0.98 -
7992:884-1501        -            206 33356at4891          -            171   5.2e-70  231.8   1.3   1   1   8.7e-72   6.8e-70  231.4   1.3     2   168     4   174     3   176 0.98 -
8968:6712-7380       -            223 33356at4891          -            171   3.1e-56  187.0   0.3   1   1     5e-58   3.9e-56  186.7   0.3     2   168     9   179     8   181 0.98 -
8856:4098-4763       -            222 33356at4891          -            171   1.1e-54  182.0   0.7   1   1   1.8e-56   1.5e-54  181.6   0.7     2   164     9   175     8   181 0.97 -
8012:204-749         -            182 33356at4891          -            171   2.8e-46  154.6   0.1   1   1   4.6e-48   3.6e-46  154.2   0.1     6   164     6   171     2   178 0.95 -
9638:11299-12714     -            279 33356at4891          -            171   8.1e-46  153.1   1.1   1   1   1.4e-47   1.1e-45  152.6   1.1     7   166    75   240    70   245 0.93 -
9652:7994-8617       -            208 33356at4891          -            171   1.3e-45  152.4   0.5   1   1     2e-47   1.6e-45  152.1   0.5     4   166     6   179     3   184 0.89 -
9686:29089-29574     -            162 33356at4891          -            171   1.5e-39  132.7   0.1   1   1   3.9e-41   3.1e-39  131.7   0.1     8   159     1   162     1   162 0.92 -
8740:325-852         -            176 33356at4891          -            171   1.9e-36  122.6   0.2   1   1   2.7e-38   2.1e-36  122.4   0.2     7   166    11   174     5   176 0.93 -
9570:23807-24448     -            214 33356at4891          -            171   8.2e-36  120.5   0.6   1   2   4.5e-31   3.5e-29   98.9   0.0     8   124     2   127     1   139 0.86 -
9570:23807-24448     -            214 33356at4891          -            171   8.2e-36  120.5   0.6   2   2   7.3e-07   5.8e-05   20.1   0.1   121   165   148   192   144   197 0.89 -
9616:2514-3011       -            166 33356at4891          -            171   1.5e-33  113.1   0.1   1   1   2.2e-35   1.7e-33  113.0   0.1     8   166     2   164     1   166 0.93 -
9714:14124-14693     -            190 33356at4891          -            171   5.7e-33  111.3   0.1   1   1     9e-35   7.1e-33  111.0   0.1     8   164     1   164     1   170 0.89 -
9394:464-982         -            173 33356at4891          -            171   3.1e-30  102.4   0.0   1   1   4.9e-32   3.9e-30  102.0   0.0     7   163     8   165     4   170 0.92 -
9176:12388-12873     -            162 33356at4891          -            171   5.6e-30  101.5   0.2   1   1   7.9e-32   6.2e-30  101.4   0.2     8   163     2   162     1   162 0.93 -
8032:1817-2311       -            165 33356at4891          -            171   9.4e-30  100.8   0.0   1   1   1.4e-31   1.1e-29  100.6   0.0     8   163     1   157     1   162 0.92 -
9646:6177-6674       -            166 33356at4891          -            171   2.1e-24   83.4   0.0   1   1   3.3e-26   2.6e-24   83.1   0.0     8   159     1   161     1   166 0.88 -
9160:12117-12692     -            192 33356at4891          -            171   2.9e-24   82.9   0.1   1   1   5.5e-26   4.4e-24   82.4   0.1     7   164     5   178     1   183 0.90 -
8996:8645-9337       -            231 33356at4891          -            171   1.6e-23   80.5   0.2   1   2   2.9e-19   2.2e-17   60.5   0.1     7   135    17   144    12   165 0.88 -
8996:8645-9337       -            231 33356at4891          -            171   1.6e-23   80.5   0.2   2   2   1.8e-06   0.00015   18.8   0.1   109   162   155   209   145   214 0.81 -
9342:4433-4966       -            178 33356at4891          -            171     9e-22   74.8   0.0   1   1   5.5e-22   4.3e-20   69.3   0.0     7   158     4   171     1   176 0.85 -
8556:666-1238        -            191 33356at4891          -            171   2.2e-20   70.3   0.0   1   1   5.3e-21   4.2e-19   66.2   0.0     6   158     3   171     1   189 0.80 -
9674:32427-32993     -            189 33356at4891          -            171   1.5e-19   67.6   1.5   1   1   2.4e-21   1.9e-19   67.3   1.5    37   141    25   139    17   173 0.83 -
9600:12589-13188     -            200 33356at4891          -            171   5.1e-19   65.9   0.4   1   1     9e-21   7.1e-19   65.4   0.4     7   162     7   171     2   176 0.86 -
9686:22344-22916     -            191 33356at4891          -            171   3.1e-18   63.3   0.0   1   1   1.1e-18   8.7e-17   58.6   0.0     7   171     8   189     3   189 0.79 -
9360:15235-15768     -            178 33356at4891          -            171   3.4e-16   56.7   0.0   1   1   5.5e-18   4.3e-16   56.3   0.0     6   139    17   145    13   152 0.83 -
8432:4086-4625       -            180 33356at4891          -            171   4.3e-16   56.3   0.0   1   1   6.9e-18   5.5e-16   56.0   0.0     6   139    17   145    13   152 0.82 -
9396:17173-17850     -            226 33356at4891          -            171   9.2e-14   48.7   0.0   1   3   7.9e-05    0.0062   13.5   0.0     7    39     4    36     2    51 0.87 -
9396:17173-17850     -            226 33356at4891          -            171   9.2e-14   48.7   0.0   2   3   1.2e-08   9.8e-07   25.9   0.0    52   112    78   139    73   172 0.84 -
9396:17173-17850     -            226 33356at4891          -            171   9.2e-14   48.7   0.0   3   3     0.017       1.3    5.9   0.0   123   161   176   215   161   223 0.83 -
8780:4884-5432       -            183 33356at4891          -            171     1e-13   48.6   0.0   1   1   1.5e-15   1.2e-13   48.4   0.0     7   139    19   146    14   182 0.80 -
9260:2621-3145       -            175 33356at4891          -            171   1.2e-13   48.4   0.0   1   1   1.9e-15   1.5e-13   48.1   0.0     6   124    17   131    13   149 0.88 -
9434:16912-17505     -            198 33356at4891          -            171   1.9e-12   44.4   0.1   1   1   4.4e-14   3.5e-12   43.6   0.1     9   128    20   142    13   191 0.78 -
9450:10864-12849     -            662 33356at4891          -            171   1.4e-11   41.6   0.0   1   4   0.00041     0.033   11.2   0.0     6    35     5    34     2    48 0.89 -
9450:10864-12849     -            662 33356at4891          -            171   1.4e-11   41.6   0.0   2   4      0.75        59    0.6   0.0    78   129    77   126    72   158 0.76 -
9450:10864-12849     -            662 33356at4891          -            171   1.4e-11   41.6   0.0   3   4      0.72        56    0.6   0.1   111   164   125   184   120   188 0.59 -
9450:10864-12849     -            662 33356at4891          -            171   1.4e-11   41.6   0.0   4   4   5.9e-08   4.6e-06   23.7   0.0     6   162   448   608   444   616 0.83 -
9548:20672-21019     -            116 33356at4891          -            171     3e-08   30.8   0.0   1   1   4.3e-10   3.4e-08   30.6   0.0    55   156     1   116     1   116 0.82 -
9494:6635-7150       -            172 33356at4891          -            171   3.7e-07   27.3   0.1   1   1   5.9e-09   4.7e-07   26.9   0.1     7   124     4   123     1   141 0.79 -
9292:14121-15050     -            310 33356at4891          -            171   2.7e-06   24.4   0.1   1   1     8e-08   6.3e-06   23.3   0.1     7   145     8   152     3   156 0.71 -
9334:13206-13745     -            180 33356at4891          -            171   4.5e-05   20.5   0.0   1   1   1.1e-06   8.4e-05   19.6   0.0     8   130    15   133     9   160 0.81 -
#
# Program:         hmmsearch
# Version:         3.1b2 (February 2015)
# Pipeline mode:   SEARCH
# Query file:      /home/jj/Desktop/Bioinformatics/3rd_year/1term/Computational_genomics/Seminars/exercise_04/busco_downloads/lineages/saccharomycetes_odb10/hmms/33356at4891.hmm
# Target file:     /home/jj/Desktop/Bioinformatics/3rd_year/1term/Computational_genomics/Seminars/exercise_04/./busco/SRR6130428/SRR6130428_k63_contigs/run_saccharomycetes_odb10/metaeuk_output/initial_results/SRR6130428_k63_graph.contig.fa.modified.fas
# Option settings: hmmsearch --domtblout /home/jj/Desktop/Bioinformatics/3rd_year/1term/Computational_genomics/Seminars/exercise_04/./busco/SRR6130428/SRR6130428_k63_contigs/run_saccharomycetes_odb10/hmmer_output/initial_run_results/33356at4891.out --cpu 1 /home/jj/Desktop/Bioinformatics/3rd_year/1term/Computational_genomics/Seminars/exercise_04/busco_downloads/lineages/saccharomycetes_odb10/hmms/33356at4891.hmm /home/jj/Desktop/Bioinformatics/3rd_year/1term/Computational_genomics/Seminars/exercise_04/./busco/SRR6130428/SRR6130428_k63_contigs/run_saccharomycetes_odb10/metaeuk_output/initial_results/SRR6130428_k63_graph.contig.fa.modified.fas 
# Current dir:     /home/jj/Desktop/Bioinformatics/3rd_year/1term/Computational_genomics/Seminars/exercise_04
# Date:            Tue Nov  5 18:38:37 2024
# [ok]
