#                                                                            --- full sequence --- -------------- this domain -------------   hmm coord   ali coord   env coord
# target name        accession   tlen query name           accession   qlen   E-value  score  bias   #  of  c-Evalue  i-Evalue  score  bias  from    to  from    to  from    to  acc description of target
#------------------- ---------- ----- -------------------- ---------- ----- --------- ------ ----- --- --- --------- --------- ------ ----- ----- ----- ----- ----- ----- ----- ---- ---------------------
9286:9558-10349      -            264 33397at4891          -            259   9.6e-83  274.8   0.2   1   1   8.6e-85   1.1e-82  274.6   0.2    20   253    15   264     2   264 0.89 -
9146:11455-12855     -            467 33397at4891          -            259   1.7e-07   28.2   0.2   1   2       4.3   5.5e+02   -3.0   0.3    45    76     5    37     3    46 0.58 -
9146:11455-12855     -            467 33397at4891          -            259   1.7e-07   28.2   0.2   2   2   1.3e-09   1.7e-07   28.2   0.2    76   151   220   294   195   301 0.80 -
9306:13782-15263     -            494 33397at4891          -            259   9.9e-06   22.4   0.5   1   2   4.6e-07   5.9e-05   19.9   0.0    71   107   230   266   167   298 0.73 -
9306:13782-15263     -            494 33397at4891          -            259   9.9e-06   22.4   0.5   2   2      0.51        65    0.1   0.1   197   243   359   403   341   422 0.63 -
9460:2216-3268       -            351 33397at4891          -            259   1.2e-05   22.1   0.5   1   1   2.5e-07   3.1e-05   20.8   0.5    88   149   144   219   140   226 0.77 -
9518:15538-16467     -            310 33397at4891          -            259   3.2e-05   20.7   0.0   1   1   6.5e-07   8.3e-05   19.4   0.0    85   164    31   119    13   127 0.77 -
8902:3549-5726       -            726 33397at4891          -            259   3.5e-05   20.6   0.1   1   3       7.8     1e+03   -3.8   0.6    13    36    50    73    32   111 0.55 -
8902:3549-5726       -            726 33397at4891          -            259   3.5e-05   20.6   0.1   2   3   2.7e-07   3.5e-05   20.6   0.1    85   120   272   307   197   312 0.70 -
8902:3549-5726       -            726 33397at4891          -            259   3.5e-05   20.6   0.1   3   3       2.3     3e+02   -2.1   0.0    46    60   454   468   410   501 0.48 -
8346:3270-4373       -            368 33397at4891          -            259   6.5e-05   19.7   0.2   1   2     2e-06   0.00026   17.7   0.0    85   157    65   135    56   166 0.82 -
8346:3270-4373       -            368 33397at4891          -            259   6.5e-05   19.7   0.2   2   2       1.1   1.4e+02   -1.0   0.1   190   217   240   266   217   276 0.68 -
9494:6635-7150       -            172 33397at4891          -            259   0.00011   19.0   0.1   1   2   1.2e-05    0.0015   15.3   0.0    87   111     7    31     3    39 0.86 -
9494:6635-7150       -            172 33397at4891          -            259   0.00011   19.0   0.1   2   2      0.14        18    1.9   0.0   193   214   107   132    82   172 0.64 -
9656:3033-4910       -            626 33397at4891          -            259   0.00064   16.5   0.2   1   1   1.1e-05    0.0014   15.3   0.1    82   143   335   390   268   406 0.85 -
7602:477-1319        -            281 33397at4891          -            259    0.0019   14.9   0.5   1   3    0.0095       1.2    5.7   0.0    86   107     9    30     5    39 0.86 -
7602:477-1319        -            281 33397at4891          -            259    0.0019   14.9   0.5   2   3    0.0095       1.2    5.7   0.0   135   162    68    96    66   102 0.73 -
7602:477-1319        -            281 33397at4891          -            259    0.0019   14.9   0.5   3   3      0.69        88   -0.4   0.0   170   208   124   165   118   206 0.73 -
9654:15122-16945     -            608 33397at4891          -            259    0.0021   14.8   0.0   1   1   4.3e-05    0.0055   13.4   0.0    82   118   163   201   128   211 0.70 -
9376:16802-17530     -            243 33397at4891          -            259    0.0034   14.1   1.2   1   2   4.5e-05    0.0057   13.3   0.1    73   109    28    64    16   135 0.88 -
9376:16802-17530     -            243 33397at4891          -            259    0.0034   14.1   1.2   2   2       1.5     2e+02   -1.5   0.1     4    36   176   204   167   235 0.57 -
9312:10519-13044     -            842 33397at4891          -            259    0.0042   13.8   4.4   1   3   0.00014     0.018   11.7   0.2    70   107   161   198    90   208 0.81 -
9312:10519-13044     -            842 33397at4891          -            259    0.0042   13.8   4.4   2   3     0.083        11    2.6   0.1   136   217   296   374   269   387 0.73 -
9312:10519-13044     -            842 33397at4891          -            259    0.0042   13.8   4.4   3   3       4.7     6e+02   -3.1   0.0   218   258   758   799   754   800 0.66 -
9156:8209-9414       -            402 33397at4891          -            259    0.0047   13.6   0.0   1   2   0.00013     0.017   11.8   0.0    85   150    35   107    17   122 0.79 -
9156:8209-9414       -            402 33397at4891          -            259    0.0047   13.6   0.0   2   2       3.9     5e+02   -2.9   0.0   187   214   165   198   147   208 0.62 -
9136:9042-9998       -            319 33397at4891          -            259    0.0048   13.6   0.2   1   3   0.00033     0.041   10.5   0.0    86   106    12    32     4    43 0.88 -
9136:9042-9998       -            319 33397at4891          -            259    0.0048   13.6   0.2   2   3      0.89   1.1e+02   -0.7   0.0   137   163    96   123    94   130 0.80 -
9136:9042-9998       -            319 33397at4891          -            259    0.0048   13.6   0.2   3   3       2.9   3.7e+02   -2.4   0.1   170   210   150   197   148   213 0.66 -
9334:13206-13745     -            180 33397at4891          -            259    0.0089   12.7   0.0   1   2   0.00019     0.025   11.3   0.0    81   106    11    36     5    51 0.83 -
9334:13206-13745     -            180 33397at4891          -            259    0.0089   12.7   0.0   2   2       1.6   2.1e+02   -1.6   0.0   191   205   113   127    95   145 0.58 -
9372:36-1142         -            369 33397at4891          -            259    0.0091   12.7   0.0   1   1   0.00016      0.02   11.5   0.0    83   144    65   122    59   170 0.76 -
9718:43474-44961     -            496 33397at4891          -            259     0.014   12.1   0.0   1   1    0.0002     0.025   11.2   0.0    79   114   321   356   301   403 0.80 -
9452:16256-18052     -            599 33397at4891          -            259     0.019   11.6   0.0   1   1   0.00029     0.037   10.7   0.0    85   112   209   236   187   248 0.83 -
9434:16912-17505     -            198 33397at4891          -            259      0.02   11.5   0.2   1   2    0.0026      0.33    7.6   0.0    84   108    18    42     9    56 0.80 -
9434:16912-17505     -            198 33397at4891          -            259      0.02   11.5   0.2   2   2      0.12        16    2.1   0.0   203   245   108   148    91   160 0.81 -
9496:16670-18709     -            680 33397at4891          -            259       0.1    9.2   7.4   1   2      0.88   1.1e+02   -0.7   1.8    14    79   114   179   104   187 0.80 -
9496:16670-18709     -            680 33397at4891          -            259       0.1    9.2   7.4   2   2   8.4e-05     0.011   12.5   0.5    18   118   198   293   179   299 0.52 -
#
# Program:         hmmsearch
# Version:         3.1b2 (February 2015)
# Pipeline mode:   SEARCH
# Query file:      /home/jj/Desktop/Bioinformatics/3rd_year/1term/Computational_genomics/Seminars/exercise_04/busco_downloads/lineages/saccharomycetes_odb10/hmms/33397at4891.hmm
# Target file:     /home/jj/Desktop/Bioinformatics/3rd_year/1term/Computational_genomics/Seminars/exercise_04/./busco/SRR6130428/SRR6130428_k63_contigs/run_saccharomycetes_odb10/metaeuk_output/initial_results/SRR6130428_k63_graph.contig.fa.modified.fas
# Option settings: hmmsearch --domtblout /home/jj/Desktop/Bioinformatics/3rd_year/1term/Computational_genomics/Seminars/exercise_04/./busco/SRR6130428/SRR6130428_k63_contigs/run_saccharomycetes_odb10/hmmer_output/initial_run_results/33397at4891.out --cpu 1 /home/jj/Desktop/Bioinformatics/3rd_year/1term/Computational_genomics/Seminars/exercise_04/busco_downloads/lineages/saccharomycetes_odb10/hmms/33397at4891.hmm /home/jj/Desktop/Bioinformatics/3rd_year/1term/Computational_genomics/Seminars/exercise_04/./busco/SRR6130428/SRR6130428_k63_contigs/run_saccharomycetes_odb10/metaeuk_output/initial_results/SRR6130428_k63_graph.contig.fa.modified.fas 
# Current dir:     /home/jj/Desktop/Bioinformatics/3rd_year/1term/Computational_genomics/Seminars/exercise_04
# Date:            Tue Nov  5 18:38:37 2024
# [ok]
