#                                                                            --- full sequence --- -------------- this domain -------------   hmm coord   ali coord   env coord
# target name        accession   tlen query name           accession   qlen   E-value  score  bias   #  of  c-Evalue  i-Evalue  score  bias  from    to  from    to  from    to  acc description of target
#------------------- ---------- ----- -------------------- ---------- ----- --------- ------ ----- --- --- --------- --------- ------ ----- ----- ----- ----- ----- ----- ----- ---- ---------------------
8134:1841-2419       -            193 33647at4891          -             84   2.5e-36  120.9   4.5   1   2   3.6e-13   2.4e-10   37.7   0.0     1    45     2    46     2    50 0.90 -
8134:1841-2419       -            193 33647at4891          -             84   2.5e-36  120.9   4.5   2   2     3e-27     2e-24   82.8   2.9    32    84   139   193   129   193 0.89 -
8820:1144-1986       -            281 33647at4891          -             84   4.1e-22   75.4   5.5   1   2      0.17   1.1e+02    0.3   0.0     6    39    10    43     6    49 0.85 -
8820:1144-1986       -            281 33647at4891          -             84   4.1e-22   75.4   5.5   2   2   2.1e-24   1.4e-21   73.7   4.3    33    83   217   269   210   270 0.93 -
9616:696-1685        -            330 33647at4891          -             84   6.2e-17   58.8   4.1   1   2       1.2   8.1e+02   -2.5   0.0     9    34    17    42    13    47 0.78 -
9616:696-1685        -            330 33647at4891          -             84   6.2e-17   58.8   4.1   2   2   1.1e-19   7.3e-17   58.6   2.8    39    84   281   328   268   328 0.89 -
9220:4444-5490       -            349 33647at4891          -             84   2.1e-05   21.8   5.2   1   2   3.7e-08   2.5e-05   21.6   3.2    38    76    21    57     5    70 0.79 -
9220:4444-5490       -            349 33647at4891          -             84   2.1e-05   21.8   5.2   2   2       1.2   8.1e+02   -2.5   0.0     3    26   311   334   309   343 0.72 -
#
# Program:         hmmsearch
# Version:         3.1b2 (February 2015)
# Pipeline mode:   SEARCH
# Query file:      /home/jj/Desktop/Bioinformatics/3rd_year/1term/Computational_genomics/Seminars/exercise_04/busco_downloads/lineages/saccharomycetes_odb10/hmms/33647at4891.hmm
# Target file:     /home/jj/Desktop/Bioinformatics/3rd_year/1term/Computational_genomics/Seminars/exercise_04/./busco/SRR6130428/SRR6130428_k63_contigs/run_saccharomycetes_odb10/metaeuk_output/initial_results/SRR6130428_k63_graph.contig.fa.modified.fas
# Option settings: hmmsearch --domtblout /home/jj/Desktop/Bioinformatics/3rd_year/1term/Computational_genomics/Seminars/exercise_04/./busco/SRR6130428/SRR6130428_k63_contigs/run_saccharomycetes_odb10/hmmer_output/initial_run_results/33647at4891.out --cpu 1 /home/jj/Desktop/Bioinformatics/3rd_year/1term/Computational_genomics/Seminars/exercise_04/busco_downloads/lineages/saccharomycetes_odb10/hmms/33647at4891.hmm /home/jj/Desktop/Bioinformatics/3rd_year/1term/Computational_genomics/Seminars/exercise_04/./busco/SRR6130428/SRR6130428_k63_contigs/run_saccharomycetes_odb10/metaeuk_output/initial_results/SRR6130428_k63_graph.contig.fa.modified.fas 
# Current dir:     /home/jj/Desktop/Bioinformatics/3rd_year/1term/Computational_genomics/Seminars/exercise_04
# Date:            Tue Nov  5 18:38:38 2024
# [ok]
