#                                                                            --- full sequence --- -------------- this domain -------------   hmm coord   ali coord   env coord
# target name        accession   tlen query name           accession   qlen   E-value  score  bias   #  of  c-Evalue  i-Evalue  score  bias  from    to  from    to  from    to  acc description of target
#------------------- ---------- ----- -------------------- ---------- ----- --------- ------ ----- --- --- --------- --------- ------ ----- ----- ----- ----- ----- ----- ----- ---- ---------------------
8596:1653-4376       -            908 3385at4891           -            488  5.2e-188  623.2  28.3   1   2  3.1e-176  2.7e-173  574.7  23.1     2   447    13   552    12   567 0.84 -
8596:1653-4376       -            908 3385at4891           -            488  5.2e-188  623.2  28.3   2   2   6.7e-16     6e-13   45.8   1.5   384   488   531   649   519   649 0.78 -
9462:1278-3773       -            832 3385at4891           -            488   1.8e-28   97.0  12.7   1   3   5.3e-25   4.8e-22   75.8   0.3    14   180     3   176     1   199 0.89 -
9462:1278-3773       -            832 3385at4891           -            488   1.8e-28   97.0  12.7   2   3   1.1e-09     1e-06   25.3   5.1   262   389   317   463   312   499 0.74 -
9462:1278-3773       -            832 3385at4891           -            488   1.8e-28   97.0  12.7   3   3     0.093        83   -0.8   0.2   352   422   450   526   448   530 0.55 -
9666:24678-26102     -            475 3385at4891           -            488     4e-09   33.2   1.9   1   2   4.5e-12     4e-09   33.2   1.9    42   209    17   191    12   212 0.81 -
9666:24678-26102     -            475 3385at4891           -            488     4e-09   33.2   1.9   2   2     0.012        10    2.1   1.1   176   203   238   265   220   401 0.83 -
#
# Program:         hmmsearch
# Version:         3.1b2 (February 2015)
# Pipeline mode:   SEARCH
# Query file:      /home/jj/Desktop/Bioinformatics/3rd_year/1term/Computational_genomics/Seminars/exercise_04/busco_downloads/lineages/saccharomycetes_odb10/hmms/3385at4891.hmm
# Target file:     /home/jj/Desktop/Bioinformatics/3rd_year/1term/Computational_genomics/Seminars/exercise_04/./busco/SRR6130428/SRR6130428_k63_contigs/run_saccharomycetes_odb10/metaeuk_output/initial_results/SRR6130428_k63_graph.contig.fa.modified.fas
# Option settings: hmmsearch --domtblout /home/jj/Desktop/Bioinformatics/3rd_year/1term/Computational_genomics/Seminars/exercise_04/./busco/SRR6130428/SRR6130428_k63_contigs/run_saccharomycetes_odb10/hmmer_output/initial_run_results/3385at4891.out --cpu 1 /home/jj/Desktop/Bioinformatics/3rd_year/1term/Computational_genomics/Seminars/exercise_04/busco_downloads/lineages/saccharomycetes_odb10/hmms/3385at4891.hmm /home/jj/Desktop/Bioinformatics/3rd_year/1term/Computational_genomics/Seminars/exercise_04/./busco/SRR6130428/SRR6130428_k63_contigs/run_saccharomycetes_odb10/metaeuk_output/initial_results/SRR6130428_k63_graph.contig.fa.modified.fas 
# Current dir:     /home/jj/Desktop/Bioinformatics/3rd_year/1term/Computational_genomics/Seminars/exercise_04
# Date:            Tue Nov  5 18:38:38 2024
# [ok]
