#                                                                            --- full sequence --- -------------- this domain -------------   hmm coord   ali coord   env coord
# target name        accession   tlen query name           accession   qlen   E-value  score  bias   #  of  c-Evalue  i-Evalue  score  bias  from    to  from    to  from    to  acc description of target
#------------------- ---------- ----- -------------------- ---------- ----- --------- ------ ----- --- --- --------- --------- ------ ----- ----- ----- ----- ----- ----- ----- ---- ---------------------
9458:5043-5417       -            125 35584at4891          -            101   5.9e-56  183.9   8.1   1   2   4.4e-09   2.9e-06   24.4   0.4     1    19     1    19     1    23 0.91 -
9458:5043-5417       -            125 35584at4891          -            101   5.9e-56  183.9   8.1   2   2   1.6e-52   1.1e-49  163.8   2.2     2   101    22   125    21   125 0.95 -
8208:252-581         -            110 35584at4891          -            101   2.3e-10   37.5   3.9   1   1     3e-12     2e-09   34.5   3.9    41   100    48   110     1   110 0.65 -
9010:4709-5635       -            309 35584at4891          -            101   5.3e-10   36.4   1.6   1   2         1   6.9e+02   -2.5   0.0    60    73   183   196   170   201 0.77 -
9010:4709-5635       -            309 35584at4891          -            101   5.3e-10   36.4   1.6   2   2   1.3e-12   8.8e-10   35.7   0.5    26    98   230   307   217   309 0.76 -
9428:10935-11300     -            122 35584at4891          -            101   9.7e-05   19.5   3.7   1   3     0.047        32    1.8   0.1     7    17     4    14     1    23 0.80 -
9428:10935-11300     -            122 35584at4891          -            101   9.7e-05   19.5   3.7   2   3      0.25   1.7e+02   -0.5   0.1    80    95    19    34    13    39 0.74 -
9428:10935-11300     -            122 35584at4891          -            101   9.7e-05   19.5   3.7   3   3   4.3e-07   0.00029   18.0   0.1    60    98    73   111    61   114 0.92 -
#
# Program:         hmmsearch
# Version:         3.1b2 (February 2015)
# Pipeline mode:   SEARCH
# Query file:      /home/jj/Desktop/Bioinformatics/3rd_year/1term/Computational_genomics/Seminars/exercise_04/busco_downloads/lineages/saccharomycetes_odb10/hmms/35584at4891.hmm
# Target file:     /home/jj/Desktop/Bioinformatics/3rd_year/1term/Computational_genomics/Seminars/exercise_04/./busco/SRR6130428/SRR6130428_k63_contigs/run_saccharomycetes_odb10/metaeuk_output/initial_results/SRR6130428_k63_graph.contig.fa.modified.fas
# Option settings: hmmsearch --domtblout /home/jj/Desktop/Bioinformatics/3rd_year/1term/Computational_genomics/Seminars/exercise_04/./busco/SRR6130428/SRR6130428_k63_contigs/run_saccharomycetes_odb10/hmmer_output/initial_run_results/35584at4891.out --cpu 1 /home/jj/Desktop/Bioinformatics/3rd_year/1term/Computational_genomics/Seminars/exercise_04/busco_downloads/lineages/saccharomycetes_odb10/hmms/35584at4891.hmm /home/jj/Desktop/Bioinformatics/3rd_year/1term/Computational_genomics/Seminars/exercise_04/./busco/SRR6130428/SRR6130428_k63_contigs/run_saccharomycetes_odb10/metaeuk_output/initial_results/SRR6130428_k63_graph.contig.fa.modified.fas 
# Current dir:     /home/jj/Desktop/Bioinformatics/3rd_year/1term/Computational_genomics/Seminars/exercise_04
# Date:            Tue Nov  5 18:38:41 2024
# [ok]
