#                                                                            --- full sequence --- -------------- this domain -------------   hmm coord   ali coord   env coord
# target name        accession   tlen query name           accession   qlen   E-value  score  bias   #  of  c-Evalue  i-Evalue  score  bias  from    to  from    to  from    to  acc description of target
#------------------- ---------- ----- -------------------- ---------- ----- --------- ------ ----- --- --- --------- --------- ------ ----- ----- ----- ----- ----- ----- ----- ---- ---------------------
9678:17365-17763     -            133 35931at4891          -            113   3.9e-58  191.6   0.1   1   1   1.3e-58   3.1e-56  185.5   0.1     3   113     1   133     1   133 0.92 -
8844:8304-8720       -            139 35931at4891          -            113   6.4e-08   29.9   0.1   1   1   2.5e-09   6.2e-07   26.7   0.1    30    83    16    74     6   113 0.75 -
8900:8855-9253       -            133 35931at4891          -            113   1.2e-07   29.0   0.1   1   1   3.1e-09   7.5e-07   26.4   0.1    36    81    16    66     3   105 0.73 -
8776:643-1041        -            133 35931at4891          -            113     2e-07   28.3   0.1   1   1   5.2e-09   1.3e-06   25.7   0.1    36    81    16    66     3   105 0.72 -
8594:1979-2386       -            136 35931at4891          -            113   2.3e-07   28.1   0.2   1   1     1e-08   2.5e-06   24.7   0.2    29   100    21   109     9   121 0.73 -
9028:3380-3874       -            165 35931at4891          -            113     2e-06   25.1   0.0   1   1   2.7e-08   6.5e-06   23.4   0.0    36    79    33    81    21   125 0.83 -
8716:599-1069        -            157 35931at4891          -            113   3.9e-05   20.9   0.1   1   1   2.2e-07   5.4e-05   20.5   0.1    28    78    36    91    27   106 0.83 -
9496:9526-10170      -            215 35931at4891          -            113    0.0002   18.6   0.0   1   2   3.4e-06   0.00082   16.6   0.0    22    82    20    83     1   125 0.79 -
9496:9526-10170      -            215 35931at4891          -            113    0.0002   18.6   0.0   2   2       1.3   3.2e+02   -1.4   0.0    11    29   151   169   146   176 0.82 -
8112:362-979         -            206 35931at4891          -            113    0.0013   16.0   0.0   1   1   9.3e-06    0.0023   15.2   0.0    35    84    26    80    11    89 0.85 -
9436:17460-17894     -            145 35931at4891          -            113    0.0034   14.7   0.0   1   1   5.6e-05     0.014   12.7   0.0    33    72    23    67    15   118 0.84 -
9306:13031-13516     -            162 35931at4891          -            113    0.0045   14.3   0.0   1   2   0.00011     0.026   11.8   0.0     6    75     4    75     1    85 0.79 -
9306:13031-13516     -            162 35931at4891          -            113    0.0045   14.3   0.0   2   2      0.45   1.1e+02    0.1   0.0    80   101   105   126    98   136 0.81 -
#
# Program:         hmmsearch
# Version:         3.1b2 (February 2015)
# Pipeline mode:   SEARCH
# Query file:      /home/jj/Desktop/Bioinformatics/3rd_year/1term/Computational_genomics/Seminars/exercise_04/busco_downloads/lineages/saccharomycetes_odb10/hmms/35931at4891.hmm
# Target file:     /home/jj/Desktop/Bioinformatics/3rd_year/1term/Computational_genomics/Seminars/exercise_04/./busco/SRR6130428/SRR6130428_k63_contigs/run_saccharomycetes_odb10/metaeuk_output/initial_results/SRR6130428_k63_graph.contig.fa.modified.fas
# Option settings: hmmsearch --domtblout /home/jj/Desktop/Bioinformatics/3rd_year/1term/Computational_genomics/Seminars/exercise_04/./busco/SRR6130428/SRR6130428_k63_contigs/run_saccharomycetes_odb10/hmmer_output/initial_run_results/35931at4891.out --cpu 1 /home/jj/Desktop/Bioinformatics/3rd_year/1term/Computational_genomics/Seminars/exercise_04/busco_downloads/lineages/saccharomycetes_odb10/hmms/35931at4891.hmm /home/jj/Desktop/Bioinformatics/3rd_year/1term/Computational_genomics/Seminars/exercise_04/./busco/SRR6130428/SRR6130428_k63_contigs/run_saccharomycetes_odb10/metaeuk_output/initial_results/SRR6130428_k63_graph.contig.fa.modified.fas 
# Current dir:     /home/jj/Desktop/Bioinformatics/3rd_year/1term/Computational_genomics/Seminars/exercise_04
# Date:            Tue Nov  5 18:38:42 2024
# [ok]
