#                                                                            --- full sequence --- -------------- this domain -------------   hmm coord   ali coord   env coord
# target name        accession   tlen query name           accession   qlen   E-value  score  bias   #  of  c-Evalue  i-Evalue  score  bias  from    to  from    to  from    to  acc description of target
#------------------- ---------- ----- -------------------- ---------- ----- --------- ------ ----- --- --- --------- --------- ------ ----- ----- ----- ----- ----- ----- ----- ---- ---------------------
9152:7922-9115       -            398 36374at4891          -            231   1.5e-90  299.8  15.1   1   4   2.1e-30   1.9e-27   93.3   1.1     2    80     3    82     2    88 0.93 -
9152:7922-9115       -            398 36374at4891          -            231   1.5e-90  299.8  15.1   2   4   3.9e-27   3.5e-24   82.6   0.2    74   129   138   193   132   219 0.85 -
9152:7922-9115       -            398 36374at4891          -            231   1.5e-90  299.8  15.1   3   4   7.7e-19   6.9e-16   55.4   0.1   137   188   259   310   256   318 0.92 -
9152:7922-9115       -            398 36374at4891          -            231   1.5e-90  299.8  15.1   4   4   3.3e-25     3e-22   76.3   0.2   187   231   351   395   348   395 0.96 -
8650:2651-3769       -            373 36374at4891          -            231   1.2e-13   48.1   3.7   1   3   7.2e-16   6.4e-13   45.7   0.0    10    86    11    88     3    95 0.85 -
8650:2651-3769       -            373 36374at4891          -            231   1.2e-13   48.1   3.7   2   3     0.048        42    0.5   1.5   149   178   169   194   141   217 0.55 -
8650:2651-3769       -            373 36374at4891          -            231   1.2e-13   48.1   3.7   3   3     0.083        74   -0.3   0.0    81   122   329   371   317   372 0.81 -
9336:200-2539        -            780 36374at4891          -            231    0.0072   12.8   0.0   1   2   0.00081      0.73    6.3   0.0   194   230   588   625   577   630 0.61 -
9336:200-2539        -            780 36374at4891          -            231    0.0072   12.8   0.0   2   2    0.0051       4.5    3.7   0.0    84   122   651   689   641   695 0.85 -
#
# Program:         hmmsearch
# Version:         3.1b2 (February 2015)
# Pipeline mode:   SEARCH
# Query file:      /home/jj/Desktop/Bioinformatics/3rd_year/1term/Computational_genomics/Seminars/exercise_04/busco_downloads/lineages/saccharomycetes_odb10/hmms/36374at4891.hmm
# Target file:     /home/jj/Desktop/Bioinformatics/3rd_year/1term/Computational_genomics/Seminars/exercise_04/./busco/SRR6130428/SRR6130428_k63_contigs/run_saccharomycetes_odb10/metaeuk_output/initial_results/SRR6130428_k63_graph.contig.fa.modified.fas
# Option settings: hmmsearch --domtblout /home/jj/Desktop/Bioinformatics/3rd_year/1term/Computational_genomics/Seminars/exercise_04/./busco/SRR6130428/SRR6130428_k63_contigs/run_saccharomycetes_odb10/hmmer_output/initial_run_results/36374at4891.out --cpu 1 /home/jj/Desktop/Bioinformatics/3rd_year/1term/Computational_genomics/Seminars/exercise_04/busco_downloads/lineages/saccharomycetes_odb10/hmms/36374at4891.hmm /home/jj/Desktop/Bioinformatics/3rd_year/1term/Computational_genomics/Seminars/exercise_04/./busco/SRR6130428/SRR6130428_k63_contigs/run_saccharomycetes_odb10/metaeuk_output/initial_results/SRR6130428_k63_graph.contig.fa.modified.fas 
# Current dir:     /home/jj/Desktop/Bioinformatics/3rd_year/1term/Computational_genomics/Seminars/exercise_04
# Date:            Tue Nov  5 18:38:43 2024
# [ok]
