#                                                                            --- full sequence --- -------------- this domain -------------   hmm coord   ali coord   env coord
# target name        accession   tlen query name           accession   qlen   E-value  score  bias   #  of  c-Evalue  i-Evalue  score  bias  from    to  from    to  from    to  acc description of target
#------------------- ---------- ----- -------------------- ---------- ----- --------- ------ ----- --- --- --------- --------- ------ ----- ----- ----- ----- ----- ----- ----- ---- ---------------------
8004:512-1531        -            340 36972at4891          -            244  3.1e-102  338.4  19.1   1   3   1.6e-66   5.3e-64  213.2   5.7     3   169     2   173     1   183 0.87 -
8004:512-1531        -            340 36972at4891          -            244  3.1e-102  338.4  19.1   2   3   2.4e-05    0.0079   12.9   0.4   124   170   177   223   169   237 0.73 -
8004:512-1531        -            340 36972at4891          -            244  3.1e-102  338.4  19.1   3   3   1.4e-38   4.7e-36  121.7   2.5   131   244   228   340   220   340 0.72 -
9208:5582-9313       -           1244 36972at4891          -            244   7.2e-12   42.5   4.6   1   4    0.0004      0.13    8.9   0.0   190   241     9    66     3    71 0.72 -
9208:5582-9313       -           1244 36972at4891          -            244   7.2e-12   42.5   4.6   2   4   1.7e-08   5.7e-06   23.2   0.1   188   241    73   128    66   130 0.86 -
9208:5582-9313       -           1244 36972at4891          -            244   7.2e-12   42.5   4.6   3   4   0.00017     0.058   10.1   0.0   176   241   343   411   280   414 0.68 -
9208:5582-9313       -           1244 36972at4891          -            244   7.2e-12   42.5   4.6   4   4       2.9   9.7e+02   -3.8   0.1   116   161  1165  1210  1148  1226 0.67 -
9128:6045-7694       -            550 36972at4891          -            244   1.5e-08   31.6   1.5   1   3   2.7e-09     9e-07   25.8   0.1   186   243    74   130    23   131 0.78 -
9128:6045-7694       -            550 36972at4891          -            244   1.5e-08   31.6   1.5   2   3      0.01       3.4    4.3   0.0   186   244   157   216   132   216 0.74 -
9128:6045-7694       -            550 36972at4891          -            244   1.5e-08   31.6   1.5   3   3       1.8   6.1e+02   -3.1   0.4   147   166   419   438   402   460 0.46 -
8226:2926-4371       -            482 36972at4891          -            244   1.4e-07   28.5   0.9   1   2      0.42   1.4e+02   -1.0   0.6   129   188   140   197   134   203 0.55 -
8226:2926-4371       -            482 36972at4891          -            244   1.4e-07   28.5   0.9   2   2   1.4e-09   4.6e-07   26.8   0.0   188   242   425   479   392   481 0.86 -
8822:1859-3634       -            592 36972at4891          -            244   1.9e-07   28.0   0.0   1   1   9.2e-10   3.1e-07   27.3   0.0   189   242   537   590   513   592 0.85 -
9546:1624-2169       -            182 36972at4891          -            244   1.4e-06   25.2   0.3   1   1   6.3e-09   2.1e-06   24.6   0.3   161   243    28   115     4   116 0.72 -
9520:18560-20455     -            632 36972at4891          -            244   4.5e-06   23.5   0.3   1   4         2   6.7e+02   -3.2   1.6   153   162   164   173   126   212 0.43 -
9520:18560-20455     -            632 36972at4891          -            244   4.5e-06   23.5   0.3   2   4       1.9   6.2e+02   -3.1   0.6   166   166   357   357   319   415 0.54 -
9520:18560-20455     -            632 36972at4891          -            244   4.5e-06   23.5   0.3   3   4   5.8e-07   0.00019   18.2   0.2   157   242   469   552   450   554 0.65 -
9520:18560-20455     -            632 36972at4891          -            244   4.5e-06   23.5   0.3   4   4   4.8e-05     0.016   11.9   0.0   188   239   581   631   573   632 0.88 -
9700:16299-18947     -            883 36972at4891          -            244    0.0081   12.9   0.1   1   2   6.5e-05     0.022   11.5   0.0   186   243     9    66     2    67 0.81 -
9700:16299-18947     -            883 36972at4891          -            244    0.0081   12.9   0.1   2   2       3.5   1.2e+03   -4.0   0.2   128   158   285   316   276   329 0.62 -
#
# Program:         hmmsearch
# Version:         3.1b2 (February 2015)
# Pipeline mode:   SEARCH
# Query file:      /home/jj/Desktop/Bioinformatics/3rd_year/1term/Computational_genomics/Seminars/exercise_04/busco_downloads/lineages/saccharomycetes_odb10/hmms/36972at4891.hmm
# Target file:     /home/jj/Desktop/Bioinformatics/3rd_year/1term/Computational_genomics/Seminars/exercise_04/./busco/SRR6130428/SRR6130428_k63_contigs/run_saccharomycetes_odb10/metaeuk_output/initial_results/SRR6130428_k63_graph.contig.fa.modified.fas
# Option settings: hmmsearch --domtblout /home/jj/Desktop/Bioinformatics/3rd_year/1term/Computational_genomics/Seminars/exercise_04/./busco/SRR6130428/SRR6130428_k63_contigs/run_saccharomycetes_odb10/hmmer_output/initial_run_results/36972at4891.out --cpu 1 /home/jj/Desktop/Bioinformatics/3rd_year/1term/Computational_genomics/Seminars/exercise_04/busco_downloads/lineages/saccharomycetes_odb10/hmms/36972at4891.hmm /home/jj/Desktop/Bioinformatics/3rd_year/1term/Computational_genomics/Seminars/exercise_04/./busco/SRR6130428/SRR6130428_k63_contigs/run_saccharomycetes_odb10/metaeuk_output/initial_results/SRR6130428_k63_graph.contig.fa.modified.fas 
# Current dir:     /home/jj/Desktop/Bioinformatics/3rd_year/1term/Computational_genomics/Seminars/exercise_04
# Date:            Tue Nov  5 18:38:44 2024
# [ok]
