#                                                                            --- full sequence --- -------------- this domain -------------   hmm coord   ali coord   env coord
# target name        accession   tlen query name           accession   qlen   E-value  score  bias   #  of  c-Evalue  i-Evalue  score  bias  from    to  from    to  from    to  acc description of target
#------------------- ---------- ----- -------------------- ---------- ----- --------- ------ ----- --- --- --------- --------- ------ ----- ----- ----- ----- ----- ----- ----- ---- ---------------------
9376:16802-17530     -            243 37641at4891          -            160   1.3e-43  145.7  11.8   1   3       2.3   4.8e+02   -2.4   0.0     3    27     8    31     6    37 0.64 -
9376:16802-17530     -            243 37641at4891          -            160   1.3e-43  145.7  11.8   2   3   9.7e-37     2e-34  115.8   3.8    11   130    37   193    30   207 0.82 -
9376:16802-17530     -            243 37641at4891          -            160   1.3e-43  145.7  11.8   3   3   1.1e-10   2.2e-08   31.2   0.5   124   159   208   243   192   243 0.87 -
9434:16912-17505     -            198 37641at4891          -            160   1.7e-09   34.8   0.1   1   2   0.00055      0.11    9.3   0.0    13    38    18    43    15    49 0.86 -
9434:16912-17505     -            198 37641at4891          -            160   1.7e-09   34.8   0.1   2   2   2.6e-08   5.3e-06   23.4   0.0    55   119    92   161    86   181 0.79 -
9260:2621-3145       -            175 37641at4891          -            160   9.7e-08   29.1   0.6   1   1   3.3e-08   6.9e-06   23.1   0.6    33   111    54   146     8   153 0.72 -
8432:4086-4625       -            180 37641at4891          -            160     3e-06   24.2   0.1   1   1   1.2e-06   0.00025   18.0   0.1    50   108    80   143    11   151 0.79 -
9360:15235-15768     -            178 37641at4891          -            160   6.9e-06   23.1   0.1   1   2     0.012       2.4    5.0   0.1    14    33    19    38    11    60 0.76 -
9360:15235-15768     -            178 37641at4891          -            160   6.9e-06   23.1   0.1   2   2   4.1e-06   0.00085   16.3   0.0    50   108    80   143    54   151 0.77 -
8780:4884-5432       -            183 37641at4891          -            160   1.1e-05   22.4   0.3   1   2    0.0035      0.71    6.8   0.0    14    34    20    40    12    66 0.82 -
8780:4884-5432       -            183 37641at4891          -            160   1.1e-05   22.4   0.3   2   2   2.2e-05    0.0045   13.9   0.0    56   108    87   144    82   159 0.81 -
9306:13782-15263     -            494 37641at4891          -            160   9.7e-05   19.3   3.1   1   3       0.8   1.6e+02   -0.9   0.0   123   147   137   161   132   170 0.74 -
9306:13782-15263     -            494 37641at4891          -            160   9.7e-05   19.3   3.1   2   3      0.03       6.3    3.7   0.0    14    59   244   285   233   289 0.72 -
9306:13782-15263     -            494 37641at4891          -            160   9.7e-05   19.3   3.1   3   3   1.6e-05    0.0033   14.3   0.2    58   114   326   385   304   421 0.78 -
9640:15160-16239     -            360 37641at4891          -            160   0.00026   17.9   0.9   1   2    0.0026      0.54    7.2   0.0    12    32    19    39    14    62 0.77 -
9640:15160-16239     -            360 37641at4891          -            160   0.00026   17.9   0.9   2   2   0.00069      0.14    9.0   0.2    78   158    94   181    88   183 0.81 -
9334:13206-13745     -            180 37641at4891          -            160    0.0003   17.7   0.0   1   2    0.0031      0.64    6.9   0.0    14    33    15    34     3    45 0.85 -
9334:13206-13745     -            180 37641at4891          -            160    0.0003   17.7   0.0   2   2   0.00071      0.15    9.0   0.0    54   108    80   139    56   152 0.82 -
9708:8944-11955      -           1004 37641at4891          -            160     0.011   12.7   0.3   1   2     0.021       4.3    4.2   0.0    17    33   135   151   123   159 0.88 -
9708:8944-11955      -           1004 37641at4891          -            160     0.011   12.7   0.3   2   2    0.0083       1.7    5.5   0.4    35    94   200   268   189   276 0.75 -
9014:8884-9615       -            244 37641at4891          -            160     0.013   12.4   0.1   1   2    0.0012      0.24    8.3   0.1    10    33    25    50    18    64 0.79 -
9014:8884-9615       -            244 37641at4891          -            160     0.013   12.4   0.1   2   2      0.11        23    1.9   0.0    67    96   182   213   175   219 0.50 -
9494:6635-7150       -            172 37641at4891          -            160      0.02   11.8   0.1   1   2     0.012       2.5    5.0   0.0    15    33     6    24     2    34 0.85 -
9494:6635-7150       -            172 37641at4891          -            160      0.02   11.8   0.1   2   2     0.014       2.8    4.8   0.1    56   113    75   141    66   150 0.70 -
9718:43474-44961     -            496 37641at4891          -            160     0.022   11.7   0.9   1   3      0.43        90   -0.1   0.0    99   121   172   194   151   205 0.79 -
9718:43474-44961     -            496 37641at4891          -            160     0.022   11.7   0.9   2   3       2.9     6e+02   -2.7   0.0   115   146   227   258   203   262 0.73 -
9718:43474-44961     -            496 37641at4891          -            160     0.022   11.7   0.9   3   3   0.00088      0.18    8.7   0.1    57   103   407   457   400   474 0.72 -
#
# Program:         hmmsearch
# Version:         3.1b2 (February 2015)
# Pipeline mode:   SEARCH
# Query file:      /home/jj/Desktop/Bioinformatics/3rd_year/1term/Computational_genomics/Seminars/exercise_04/busco_downloads/lineages/saccharomycetes_odb10/hmms/37641at4891.hmm
# Target file:     /home/jj/Desktop/Bioinformatics/3rd_year/1term/Computational_genomics/Seminars/exercise_04/./busco/SRR6130428/SRR6130428_k63_contigs/run_saccharomycetes_odb10/metaeuk_output/initial_results/SRR6130428_k63_graph.contig.fa.modified.fas
# Option settings: hmmsearch --domtblout /home/jj/Desktop/Bioinformatics/3rd_year/1term/Computational_genomics/Seminars/exercise_04/./busco/SRR6130428/SRR6130428_k63_contigs/run_saccharomycetes_odb10/hmmer_output/initial_run_results/37641at4891.out --cpu 1 /home/jj/Desktop/Bioinformatics/3rd_year/1term/Computational_genomics/Seminars/exercise_04/busco_downloads/lineages/saccharomycetes_odb10/hmms/37641at4891.hmm /home/jj/Desktop/Bioinformatics/3rd_year/1term/Computational_genomics/Seminars/exercise_04/./busco/SRR6130428/SRR6130428_k63_contigs/run_saccharomycetes_odb10/metaeuk_output/initial_results/SRR6130428_k63_graph.contig.fa.modified.fas 
# Current dir:     /home/jj/Desktop/Bioinformatics/3rd_year/1term/Computational_genomics/Seminars/exercise_04
# Date:            Tue Nov  5 18:38:45 2024
# [ok]
