#                                                                            --- full sequence --- -------------- this domain -------------   hmm coord   ali coord   env coord
# target name        accession   tlen query name           accession   qlen   E-value  score  bias   #  of  c-Evalue  i-Evalue  score  bias  from    to  from    to  from    to  acc description of target
#------------------- ---------- ----- -------------------- ---------- ----- --------- ------ ----- --- --- --------- --------- ------ ----- ----- ----- ----- ----- ----- ----- ---- ---------------------
8836:747-3173        -            809 3802at4891           -            603         0 1212.6  21.0   1   3   1.3e-42     6e-40  134.5   0.3     1   149     9   188     9   218 0.77 -
8836:747-3173        -            809 3802at4891           -            603         0 1212.6  21.0   2   3   2.2e-26   9.8e-24   81.0   2.7    97   151   219   273   199   293 0.85 -
8836:747-3173        -            809 3802at4891           -            603         0 1212.6  21.0   3   3  2.6e-306  1.2e-303 1005.4   5.6   144   603   323   809   315   809 0.96 -
9722:32647-42450     -           3268 3802at4891           -            603  1.7e-100  334.4   1.2   1   2      0.74   3.3e+02   -3.4   2.5   397   438  1929  1970  1925  1982 0.88 -
9722:32647-42450     -           3268 3802at4891           -            603  1.7e-100  334.4   1.2   2   2  3.8e-103  1.7e-100  334.4   1.2   269   600  2912  3265  2885  3267 0.92 -
9668:16815-18203     -            463 3802at4891           -            603   6.5e-49  164.1   1.2   1   1   8.7e-50   3.9e-47  158.2   1.2   269   599    96   462    89   463 0.80 -
9602:13636-16365     -            910 3802at4891           -            603   1.6e-42  143.0   1.9   1   1   5.3e-44   2.4e-41  139.1   1.9   272   597   558   904   547   909 0.81 -
9712:3383-7543       -           1387 3802at4891           -            603   2.4e-16   56.5   0.0   1   1   2.8e-18   1.3e-15   54.2   0.0   421   599  1196  1382   990  1384 0.77 -
9712:8912-10657      -            582 3802at4891           -            603   1.2e-06   24.5   0.4   1   1   5.4e-09   2.4e-06   23.5   0.4   113   187     3    73     1    91 0.85 -
#
# Program:         hmmsearch
# Version:         3.1b2 (February 2015)
# Pipeline mode:   SEARCH
# Query file:      /home/jj/Desktop/Bioinformatics/3rd_year/1term/Computational_genomics/Seminars/exercise_04/busco_downloads/lineages/saccharomycetes_odb10/hmms/3802at4891.hmm
# Target file:     /home/jj/Desktop/Bioinformatics/3rd_year/1term/Computational_genomics/Seminars/exercise_04/./busco/SRR6130428/SRR6130428_k63_contigs/run_saccharomycetes_odb10/metaeuk_output/initial_results/SRR6130428_k63_graph.contig.fa.modified.fas
# Option settings: hmmsearch --domtblout /home/jj/Desktop/Bioinformatics/3rd_year/1term/Computational_genomics/Seminars/exercise_04/./busco/SRR6130428/SRR6130428_k63_contigs/run_saccharomycetes_odb10/hmmer_output/initial_run_results/3802at4891.out --cpu 1 /home/jj/Desktop/Bioinformatics/3rd_year/1term/Computational_genomics/Seminars/exercise_04/busco_downloads/lineages/saccharomycetes_odb10/hmms/3802at4891.hmm /home/jj/Desktop/Bioinformatics/3rd_year/1term/Computational_genomics/Seminars/exercise_04/./busco/SRR6130428/SRR6130428_k63_contigs/run_saccharomycetes_odb10/metaeuk_output/initial_results/SRR6130428_k63_graph.contig.fa.modified.fas 
# Current dir:     /home/jj/Desktop/Bioinformatics/3rd_year/1term/Computational_genomics/Seminars/exercise_04
# Date:            Tue Nov  5 18:38:46 2024
# [ok]
