#                                                                            --- full sequence --- -------------- this domain -------------   hmm coord   ali coord   env coord
# target name        accession   tlen query name           accession   qlen   E-value  score  bias   #  of  c-Evalue  i-Evalue  score  bias  from    to  from    to  from    to  acc description of target
#------------------- ---------- ----- -------------------- ---------- ----- --------- ------ ----- --- --- --------- --------- ------ ----- ----- ----- ----- ----- ----- ----- ---- ---------------------
8286:3471-4748       -            426 38368at4891          -            265   1.8e-63  211.6  15.3   1   3   2.4e-35   2.1e-32  109.7   9.5    14   150    81   248    72   257 0.79 -
8286:3471-4748       -            426 38368at4891          -            265   1.8e-63  211.6  15.3   2   3   4.4e-06     0.004   13.7   0.1   142   173   263   294   255   302 0.86 -
8286:3471-4748       -            426 38368at4891          -            265   1.8e-63  211.6  15.3   3   3   1.5e-27   1.4e-24   84.1   0.0   160   265   303   426   295   426 0.85 -
9006:343-1902        -            520 38368at4891          -            265   1.6e-10   38.0   0.8   1   1   5.2e-13   4.6e-10   36.5   0.8   163   254   342   438   333   441 0.90 -
9710:11981-13147     -            389 38368at4891          -            265    0.0012   15.5   0.1   1   3      0.25   2.2e+02   -1.8   0.1    96   121    62    87    56   106 0.82 -
9710:11981-13147     -            389 38368at4891          -            265    0.0012   15.5   0.1   2   3       0.4   3.5e+02   -2.5   0.1   104   121   141   158   124   192 0.61 -
9710:11981-13147     -            389 38368at4891          -            265    0.0012   15.5   0.1   3   3   1.3e-06    0.0012   15.5   0.1   160   260   244   348   236   351 0.78 -
#
# Program:         hmmsearch
# Version:         3.1b2 (February 2015)
# Pipeline mode:   SEARCH
# Query file:      /home/jj/Desktop/Bioinformatics/3rd_year/1term/Computational_genomics/Seminars/exercise_04/busco_downloads/lineages/saccharomycetes_odb10/hmms/38368at4891.hmm
# Target file:     /home/jj/Desktop/Bioinformatics/3rd_year/1term/Computational_genomics/Seminars/exercise_04/./busco/SRR6130428/SRR6130428_k63_contigs/run_saccharomycetes_odb10/metaeuk_output/initial_results/SRR6130428_k63_graph.contig.fa.modified.fas
# Option settings: hmmsearch --domtblout /home/jj/Desktop/Bioinformatics/3rd_year/1term/Computational_genomics/Seminars/exercise_04/./busco/SRR6130428/SRR6130428_k63_contigs/run_saccharomycetes_odb10/hmmer_output/initial_run_results/38368at4891.out --cpu 1 /home/jj/Desktop/Bioinformatics/3rd_year/1term/Computational_genomics/Seminars/exercise_04/busco_downloads/lineages/saccharomycetes_odb10/hmms/38368at4891.hmm /home/jj/Desktop/Bioinformatics/3rd_year/1term/Computational_genomics/Seminars/exercise_04/./busco/SRR6130428/SRR6130428_k63_contigs/run_saccharomycetes_odb10/metaeuk_output/initial_results/SRR6130428_k63_graph.contig.fa.modified.fas 
# Current dir:     /home/jj/Desktop/Bioinformatics/3rd_year/1term/Computational_genomics/Seminars/exercise_04
# Date:            Tue Nov  5 18:38:46 2024
# [ok]
