#                                                                            --- full sequence --- -------------- this domain -------------   hmm coord   ali coord   env coord
# target name        accession   tlen query name           accession   qlen   E-value  score  bias   #  of  c-Evalue  i-Evalue  score  bias  from    to  from    to  from    to  acc description of target
#------------------- ---------- ----- -------------------- ---------- ----- --------- ------ ----- --- --- --------- --------- ------ ----- ----- ----- ----- ----- ----- ----- ---- ---------------------
9206:9080-11395      -            772 3849at4891           -            452  6.2e-147  487.2   8.2   1   4   3.1e-34   1.2e-31  107.2   0.1     1   131     3   213     3   235 0.76 -
9206:9080-11395      -            772 3849at4891           -            452  6.2e-147  487.2   8.2   2   4    0.0021       0.8    5.6   0.1   131   164   276   319   261   338 0.66 -
9206:9080-11395      -            772 3849at4891           -            452  6.2e-147  487.2   8.2   3   4   2.7e-06     0.001   15.2   0.1   165   208   372   431   333   450 0.71 -
9206:9080-11395      -            772 3849at4891           -            452  6.2e-147  487.2   8.2   4   4  1.5e-109  5.9e-107  355.5   0.1   209   452   478   772   468   772 0.86 -
9206:10238-11383     -            382 3849at4891           -            452  2.3e-106  353.5   6.2   1   2    0.0072       2.7    3.9   0.4   191   208    28    45     1    65 0.64 -
9206:10238-11383     -            382 3849at4891           -            452  2.3e-106  353.5   6.2   2   2  8.2e-108  3.1e-105  349.8   0.9   209   447    92   381    86   382 0.86 -
9662:13818-15335     -            506 3849at4891           -            452   9.5e-33  110.9   0.0   1   2      0.15        58   -0.5   0.0   158   189   100   132    93   137 0.82 -
9662:13818-15335     -            506 3849at4891           -            452   9.5e-33  110.9   0.0   2   2   1.2e-34   4.7e-32  108.6   0.0   215   447   229   488   217   493 0.81 -
9716:14632-16050     -            473 3849at4891           -            452   8.5e-17   58.3   0.3   1   2   4.3e-14   1.6e-11   40.9   0.1     1    76     3    96     3   105 0.78 -
9716:14632-16050     -            473 3849at4891           -            452   8.5e-17   58.3   0.3   2   2   2.1e-06   0.00081   15.5   0.0    80   129   125   188   113   195 0.69 -
8796:3123-4685       -            521 3849at4891           -            452   8.2e-07   25.4   0.1   1   2   0.00015     0.058    9.4   0.0    49    75    73    99    53   102 0.84 -
8796:3123-4685       -            521 3849at4891           -            452   8.2e-07   25.4   0.1   2   2   9.4e-06    0.0036   13.4   0.0    99   128   159   189   145   203 0.84 -
8522:4793-5953       -            387 3849at4891           -            452   4.7e-05   19.6   0.0   1   2     2e-06   0.00078   15.6   0.0    26    88   213   286   208   311 0.74 -
8522:4793-5953       -            387 3849at4891           -            452   4.7e-05   19.6   0.0   2   2     0.022       8.2    2.3   0.0    66   116   296   348   285   367 0.74 -
9074:4012-10650      -           2213 3849at4891           -            452   0.00048   16.3   0.0   1   2   0.00039      0.15    8.0   0.0    31    85   264   326   229   334 0.65 -
9074:4012-10650      -           2213 3849at4891           -            452   0.00048   16.3   0.0   2   2    0.0016       0.6    6.0   0.0    67   117   340   391   327   417 0.79 -
#
# Program:         hmmsearch
# Version:         3.1b2 (February 2015)
# Pipeline mode:   SEARCH
# Query file:      /home/jj/Desktop/Bioinformatics/3rd_year/1term/Computational_genomics/Seminars/exercise_04/busco_downloads/lineages/saccharomycetes_odb10/hmms/3849at4891.hmm
# Target file:     /home/jj/Desktop/Bioinformatics/3rd_year/1term/Computational_genomics/Seminars/exercise_04/./busco/SRR6130428/SRR6130428_k63_contigs/run_saccharomycetes_odb10/metaeuk_output/initial_results/SRR6130428_k63_graph.contig.fa.modified.fas
# Option settings: hmmsearch --domtblout /home/jj/Desktop/Bioinformatics/3rd_year/1term/Computational_genomics/Seminars/exercise_04/./busco/SRR6130428/SRR6130428_k63_contigs/run_saccharomycetes_odb10/hmmer_output/initial_run_results/3849at4891.out --cpu 1 /home/jj/Desktop/Bioinformatics/3rd_year/1term/Computational_genomics/Seminars/exercise_04/busco_downloads/lineages/saccharomycetes_odb10/hmms/3849at4891.hmm /home/jj/Desktop/Bioinformatics/3rd_year/1term/Computational_genomics/Seminars/exercise_04/./busco/SRR6130428/SRR6130428_k63_contigs/run_saccharomycetes_odb10/metaeuk_output/initial_results/SRR6130428_k63_graph.contig.fa.modified.fas 
# Current dir:     /home/jj/Desktop/Bioinformatics/3rd_year/1term/Computational_genomics/Seminars/exercise_04
# Date:            Tue Nov  5 18:38:47 2024
# [ok]
