#                                                                            --- full sequence --- -------------- this domain -------------   hmm coord   ali coord   env coord
# target name        accession   tlen query name           accession   qlen   E-value  score  bias   #  of  c-Evalue  i-Evalue  score  bias  from    to  from    to  from    to  acc description of target
#------------------- ---------- ----- -------------------- ---------- ----- --------- ------ ----- --- --- --------- --------- ------ ----- ----- ----- ----- ----- ----- ----- ---- ---------------------
9546:1624-2169       -            182 38822at4891          -            119   3.3e-43  143.9   8.3   1   2   2.2e-08   7.3e-06   23.4   0.2     2    28     4    30     3    34 0.87 -
9546:1624-2169       -            182 38822at4891          -            119   3.3e-43  143.9   8.3   2   2   7.1e-39   2.4e-36  121.8   3.5    17   117    48   153    40   170 0.87 -
9208:5582-9313       -           1244 38822at4891          -            119   2.1e-19   67.1   0.9   1   3   0.00013     0.043   11.2   0.1    32    82    10    66     6    70 0.77 -
9208:5582-9313       -           1244 38822at4891          -            119   2.1e-19   67.1   0.9   2   3   2.8e-07   9.5e-05   19.8   0.5    22    93    66   139    64   151 0.83 -
9208:5582-9313       -           1244 38822at4891          -            119   2.1e-19   67.1   0.9   3   3   2.3e-11   7.6e-09   33.0   0.0    20    94   348   423   332   448 0.82 -
9520:18560-20455     -            632 38822at4891          -            119   1.4e-14   51.5   0.0   1   2   2.8e-12   9.5e-10   35.9   0.0    21    89   489   558   479   567 0.84 -
9520:18560-20455     -            632 38822at4891          -            119   1.4e-14   51.5   0.0   2   2   7.8e-05     0.026   11.9   0.0    31    80   583   631   574   632 0.83 -
9128:6045-7694       -            550 38822at4891          -            119   2.2e-14   50.9   0.0   1   2   8.8e-08   2.9e-05   21.5   0.0    31    90    78   136    57   154 0.83 -
9128:6045-7694       -            550 38822at4891          -            119   2.2e-14   50.9   0.0   2   2   1.6e-09   5.4e-07   27.1   0.0    26    89   156   220   139   246 0.82 -
8562:2537-6352       -           1272 38822at4891          -            119   9.9e-08   29.4   0.0   1   1   9.6e-10   3.2e-07   27.8   0.0    32    96  1127  1192  1120  1215 0.76 -
8004:512-1531        -            340 38822at4891          -            119   1.3e-06   25.8   1.3   1   2      0.92   3.1e+02   -1.2   0.0     9    32   186   202   174   224 0.60 -
8004:512-1531        -            340 38822at4891          -            119   1.3e-06   25.8   1.3   2   2   9.1e-09     3e-06   24.6   0.1    20    84   275   339   267   340 0.85 -
8822:1859-3634       -            592 38822at4891          -            119   1.8e-06   25.4   0.0   1   2       6.6   2.2e+03   -3.9   1.2   101   116   430   445   422   447 0.65 -
8822:1859-3634       -            592 38822at4891          -            119   1.8e-06   25.4   0.0   2   2   5.4e-09   1.8e-06   25.4   0.0    22    83   529   590   518   592 0.81 -
9354:2830-6486       -           1219 38822at4891          -            119   2.3e-05   21.8   0.0   1   1   2.2e-07   7.3e-05   20.2   0.0    32    85  1092  1146  1085  1175 0.85 -
#
# Program:         hmmsearch
# Version:         3.1b2 (February 2015)
# Pipeline mode:   SEARCH
# Query file:      /home/jj/Desktop/Bioinformatics/3rd_year/1term/Computational_genomics/Seminars/exercise_04/busco_downloads/lineages/saccharomycetes_odb10/hmms/38822at4891.hmm
# Target file:     /home/jj/Desktop/Bioinformatics/3rd_year/1term/Computational_genomics/Seminars/exercise_04/./busco/SRR6130428/SRR6130428_k63_contigs/run_saccharomycetes_odb10/metaeuk_output/initial_results/SRR6130428_k63_graph.contig.fa.modified.fas
# Option settings: hmmsearch --domtblout /home/jj/Desktop/Bioinformatics/3rd_year/1term/Computational_genomics/Seminars/exercise_04/./busco/SRR6130428/SRR6130428_k63_contigs/run_saccharomycetes_odb10/hmmer_output/initial_run_results/38822at4891.out --cpu 1 /home/jj/Desktop/Bioinformatics/3rd_year/1term/Computational_genomics/Seminars/exercise_04/busco_downloads/lineages/saccharomycetes_odb10/hmms/38822at4891.hmm /home/jj/Desktop/Bioinformatics/3rd_year/1term/Computational_genomics/Seminars/exercise_04/./busco/SRR6130428/SRR6130428_k63_contigs/run_saccharomycetes_odb10/metaeuk_output/initial_results/SRR6130428_k63_graph.contig.fa.modified.fas 
# Current dir:     /home/jj/Desktop/Bioinformatics/3rd_year/1term/Computational_genomics/Seminars/exercise_04
# Date:            Tue Nov  5 18:38:47 2024
# [ok]
