#                                                                            --- full sequence --- -------------- this domain -------------   hmm coord   ali coord   env coord
# target name        accession   tlen query name           accession   qlen   E-value  score  bias   #  of  c-Evalue  i-Evalue  score  bias  from    to  from    to  from    to  acc description of target
#------------------- ---------- ----- -------------------- ---------- ----- --------- ------ ----- --- --- --------- --------- ------ ----- ----- ----- ----- ----- ----- ----- ---- ---------------------
8892:3884-4375       -            164 39582at4891          -            113   6.7e-29   97.7  12.1   1   1   3.7e-27   5.8e-25   85.0  12.1     1   113     4   159     4   159 0.78 -
7894:871-1212        -            114 39582at4891          -            113     2e-12   44.6   0.2   1   1   3.3e-14   5.2e-12   43.3   0.2     2    55     1    66     1    83 0.81 -
9644:24016-24285     -             90 39582at4891          -            113     4e-12   43.6   0.6   1   1   5.3e-14   8.4e-12   42.6   0.6     2    55     1    66     1    84 0.78 -
9538:21867-23141     -            425 39582at4891          -            113   6.1e-11   39.8   1.4   1   1   5.5e-12   8.7e-10   36.1   1.4     3    51     2    65     1    87 0.76 -
8680:2870-4096       -            409 39582at4891          -            113   7.8e-11   39.5   0.2   1   2     2e-12   3.1e-10   37.6   0.0     2    52     7    68     6    77 0.78 -
8680:2870-4096       -            409 39582at4891          -            113   7.8e-11   39.5   0.2   2   2       6.4     1e+03   -2.7   0.0    65    96   370   400   363   408 0.47 -
9636:16177-17232     -            352 39582at4891          -            113   3.1e-10   37.6   0.0   1   1   3.9e-12   6.2e-10   36.6   0.0     2    56     7    70     6    79 0.80 -
9698:13545-15308     -            588 39582at4891          -            113   3.7e-10   37.3   1.7   1   2   2.4e-12   3.7e-10   37.3   1.7     2    60     5    76     4    92 0.70 -
9698:13545-15308     -            588 39582at4891          -            113   3.7e-10   37.3   1.7   2   2       2.4   3.8e+02   -1.4   1.1    56    56   248   248   192   348 0.69 -
9058:8024-9145       -            374 39582at4891          -            113   1.2e-08   32.4   2.2   1   1   2.5e-10   3.9e-08   30.8   2.2     1    58    20    89    20    94 0.75 -
8648:1955-3250       -            432 39582at4891          -            113   1.2e-08   32.4   2.5   1   1   3.3e-10   5.2e-08   30.4   2.5     3    53     8    70     6    88 0.78 -
7512:175-1587        -            471 39582at4891          -            113   2.3e-07   28.3   2.3   1   2   4.4e-09   6.9e-07   26.8   0.3     3    52    26    86    24    94 0.84 -
7512:175-1587        -            471 39582at4891          -            113   2.3e-07   28.3   2.3   2   2      0.96   1.5e+02   -0.1   0.1    69    91   225   247   206   263 0.75 -
9592:13659-15494     -            612 39582at4891          -            113   4.6e-06   24.1   3.6   1   2       8.9   1.4e+03   -3.2   0.6    31    60   463   492   453   498 0.63 -
9592:13659-15494     -            612 39582at4891          -            113   4.6e-06   24.1   3.6   2   2   2.9e-08   4.6e-06   24.1   3.6     1    55   513   584   513   593 0.79 -
9660:23823-25799     -            659 39582at4891          -            113   8.1e-06   23.3   0.2   1   1   4.4e-07   6.9e-05   20.3   0.2     3    33   127   159   125   204 0.83 -
9092:10045-11343     -            433 39582at4891          -            113   5.3e-05   20.7   2.0   1   2       3.6   5.7e+02   -1.9   0.0    36    68    38    70    36    78 0.75 -
9092:10045-11343     -            433 39582at4891          -            113   5.3e-05   20.7   2.0   2   2   3.6e-06   0.00057   17.4   0.9     6    52   107   166   104   170 0.82 -
9430:105-656         -            184 39582at4891          -            113   0.00011   19.7   2.2   1   1   9.2e-07   0.00015   19.3   1.2    10    67    31    95    28   104 0.78 -
9692:34700-35203     -            168 39582at4891          -            113     0.016   12.7   0.0   1   1   0.00016     0.025   12.1   0.0     9    30   123   144   113   163 0.83 -
8322:4031-4843       -            271 39582at4891          -            113     0.044   11.3   5.0   1   2      0.12        19    2.8   2.1    11    31    49    69    45    87 0.88 -
8322:4031-4843       -            271 39582at4891          -            113     0.044   11.3   5.0   2   2    0.0016      0.25    8.9   0.1    31    55    99   124    72   146 0.75 -
9536:7013-9865       -            951 39582at4891          -            113     0.083   10.4   3.1   1   1    0.0014      0.23    9.0   3.1    10    66   839   899   836   912 0.83 -
#
# Program:         hmmsearch
# Version:         3.1b2 (February 2015)
# Pipeline mode:   SEARCH
# Query file:      /home/jj/Desktop/Bioinformatics/3rd_year/1term/Computational_genomics/Seminars/exercise_04/busco_downloads/lineages/saccharomycetes_odb10/hmms/39582at4891.hmm
# Target file:     /home/jj/Desktop/Bioinformatics/3rd_year/1term/Computational_genomics/Seminars/exercise_04/./busco/SRR6130428/SRR6130428_k63_contigs/run_saccharomycetes_odb10/metaeuk_output/initial_results/SRR6130428_k63_graph.contig.fa.modified.fas
# Option settings: hmmsearch --domtblout /home/jj/Desktop/Bioinformatics/3rd_year/1term/Computational_genomics/Seminars/exercise_04/./busco/SRR6130428/SRR6130428_k63_contigs/run_saccharomycetes_odb10/hmmer_output/initial_run_results/39582at4891.out --cpu 1 /home/jj/Desktop/Bioinformatics/3rd_year/1term/Computational_genomics/Seminars/exercise_04/busco_downloads/lineages/saccharomycetes_odb10/hmms/39582at4891.hmm /home/jj/Desktop/Bioinformatics/3rd_year/1term/Computational_genomics/Seminars/exercise_04/./busco/SRR6130428/SRR6130428_k63_contigs/run_saccharomycetes_odb10/metaeuk_output/initial_results/SRR6130428_k63_graph.contig.fa.modified.fas 
# Current dir:     /home/jj/Desktop/Bioinformatics/3rd_year/1term/Computational_genomics/Seminars/exercise_04
# Date:            Tue Nov  5 18:38:49 2024
# [ok]
