#                                                                            --- full sequence --- -------------- this domain -------------   hmm coord   ali coord   env coord
# target name        accession   tlen query name           accession   qlen   E-value  score  bias   #  of  c-Evalue  i-Evalue  score  bias  from    to  from    to  from    to  acc description of target
#------------------- ---------- ----- -------------------- ---------- ----- --------- ------ ----- --- --- --------- --------- ------ ----- ----- ----- ----- ----- ----- ----- ---- ---------------------
8968:5223-5807       -            195 40500at4891          -             98   2.3e-31  104.7   7.4   1   3   1.6e-23     7e-21   71.1   0.0     2    51     7    57     6    62 0.87 -
8968:5223-5807       -            195 40500at4891          -             98   2.3e-31  104.7   7.4   2   3     8e-13   3.6e-10   36.8   1.6    46    94    70   120    64   142 0.81 -
8968:5223-5807       -            195 40500at4891          -             98   2.3e-31  104.7   7.4   3   3       1.6     7e+02   -2.7   0.1    85    97   182   194   171   195 0.66 -
9526:13872-14318     -            149 40500at4891          -             98   4.8e-14   49.2   0.3   1   1   1.6e-16   7.1e-14   48.6   0.3     7    72    24    91    18   136 0.84 -
9178:142-411         -             90 40500at4891          -             98   6.8e-10   35.9   0.2   1   1   1.8e-12   8.2e-10   35.6   0.2     7    67    22    87    18    90 0.76 -
8364:691-879         -             63 40500at4891          -             98   1.5e-08   31.5   0.2   1   1   3.6e-11   1.6e-08   31.5   0.2     6    68     1    63     1    63 0.90 -
9596:11368-11601     -             78 40500at4891          -             98   2.2e-08   31.0   0.1   1   1   5.3e-11   2.4e-08   30.9   0.1     5    71     8    75     4    78 0.87 -
9670:12294-12521     -             76 40500at4891          -             98   8.6e-08   29.1   0.0   1   1   2.2e-10   9.9e-08   28.9   0.0     5    68    11    72     7    75 0.86 -
#
# Program:         hmmsearch
# Version:         3.1b2 (February 2015)
# Pipeline mode:   SEARCH
# Query file:      /home/jj/Desktop/Bioinformatics/3rd_year/1term/Computational_genomics/Seminars/exercise_04/busco_downloads/lineages/saccharomycetes_odb10/hmms/40500at4891.hmm
# Target file:     /home/jj/Desktop/Bioinformatics/3rd_year/1term/Computational_genomics/Seminars/exercise_04/./busco/SRR6130428/SRR6130428_k63_contigs/run_saccharomycetes_odb10/metaeuk_output/initial_results/SRR6130428_k63_graph.contig.fa.modified.fas
# Option settings: hmmsearch --domtblout /home/jj/Desktop/Bioinformatics/3rd_year/1term/Computational_genomics/Seminars/exercise_04/./busco/SRR6130428/SRR6130428_k63_contigs/run_saccharomycetes_odb10/hmmer_output/initial_run_results/40500at4891.out --cpu 1 /home/jj/Desktop/Bioinformatics/3rd_year/1term/Computational_genomics/Seminars/exercise_04/busco_downloads/lineages/saccharomycetes_odb10/hmms/40500at4891.hmm /home/jj/Desktop/Bioinformatics/3rd_year/1term/Computational_genomics/Seminars/exercise_04/./busco/SRR6130428/SRR6130428_k63_contigs/run_saccharomycetes_odb10/metaeuk_output/initial_results/SRR6130428_k63_graph.contig.fa.modified.fas 
# Current dir:     /home/jj/Desktop/Bioinformatics/3rd_year/1term/Computational_genomics/Seminars/exercise_04
# Date:            Tue Nov  5 18:38:50 2024
# [ok]
