#                                                                            --- full sequence --- -------------- this domain -------------   hmm coord   ali coord   env coord
# target name        accession   tlen query name           accession   qlen   E-value  score  bias   #  of  c-Evalue  i-Evalue  score  bias  from    to  from    to  from    to  acc description of target
#------------------- ---------- ----- -------------------- ---------- ----- --------- ------ ----- --- --- --------- --------- ------ ----- ----- ----- ----- ----- ----- ----- ---- ---------------------
9596:11368-11601     -             78 42330at4891          -             58   3.9e-26   87.8   0.6   1   2   3.8e-21     2e-18   63.0   0.1     2    43     4    46     3    49 0.94 -
9596:11368-11601     -             78 42330at4891          -             58   3.9e-26   87.8   0.6   2   2   7.8e-09   4.2e-06   23.6   0.1    38    58    56    76    53    76 0.90 -
9670:12294-12521     -             76 42330at4891          -             58   3.3e-11   39.9   0.2   1   1   3.5e-12   1.9e-09   34.3   0.2     2    57     7    75     6    76 0.83 -
9178:142-411         -             90 42330at4891          -             58    0.0016   15.3   0.0   1   1   4.7e-06    0.0025   14.7   0.0     7    42    21    57    16    60 0.90 -
8968:5223-5807       -            195 42330at4891          -             58    0.0028   14.5   0.0   1   2   1.1e-05    0.0058   13.5   0.0     4    42     8    47     5    51 0.89 -
8968:5223-5807       -            195 42330at4891          -             58    0.0028   14.5   0.0   2   2       2.8   1.5e+03   -3.8   0.0    48    54    86    92    84    94 0.81 -
9526:13872-14318     -            149 42330at4891          -             58    0.0047   13.8   0.2   1   1   6.6e-05     0.035   11.0   0.2    12    44    28    61    20    91 0.88 -
#
# Program:         hmmsearch
# Version:         3.1b2 (February 2015)
# Pipeline mode:   SEARCH
# Query file:      /home/jj/Desktop/Bioinformatics/3rd_year/1term/Computational_genomics/Seminars/exercise_04/busco_downloads/lineages/saccharomycetes_odb10/hmms/42330at4891.hmm
# Target file:     /home/jj/Desktop/Bioinformatics/3rd_year/1term/Computational_genomics/Seminars/exercise_04/./busco/SRR6130428/SRR6130428_k63_contigs/run_saccharomycetes_odb10/metaeuk_output/initial_results/SRR6130428_k63_graph.contig.fa.modified.fas
# Option settings: hmmsearch --domtblout /home/jj/Desktop/Bioinformatics/3rd_year/1term/Computational_genomics/Seminars/exercise_04/./busco/SRR6130428/SRR6130428_k63_contigs/run_saccharomycetes_odb10/hmmer_output/initial_run_results/42330at4891.out --cpu 1 /home/jj/Desktop/Bioinformatics/3rd_year/1term/Computational_genomics/Seminars/exercise_04/busco_downloads/lineages/saccharomycetes_odb10/hmms/42330at4891.hmm /home/jj/Desktop/Bioinformatics/3rd_year/1term/Computational_genomics/Seminars/exercise_04/./busco/SRR6130428/SRR6130428_k63_contigs/run_saccharomycetes_odb10/metaeuk_output/initial_results/SRR6130428_k63_graph.contig.fa.modified.fas 
# Current dir:     /home/jj/Desktop/Bioinformatics/3rd_year/1term/Computational_genomics/Seminars/exercise_04
# Date:            Tue Nov  5 18:38:52 2024
# [ok]
