#                                                                            --- full sequence --- -------------- this domain -------------   hmm coord   ali coord   env coord
# target name        accession   tlen query name           accession   qlen   E-value  score  bias   #  of  c-Evalue  i-Evalue  score  bias  from    to  from    to  from    to  acc description of target
#------------------- ---------- ----- -------------------- ---------- ----- --------- ------ ----- --- --- --------- --------- ------ ----- ----- ----- ----- ----- ----- ----- ---- ---------------------
9656:3033-4910       -            626 4356at4891           -            498  1.8e-239  792.7  24.9   1   3     3e-42   1.1e-39  133.6   0.5     1    92     8   103     8   111 0.91 -
9656:3033-4910       -            626 4356at4891           -            498  1.8e-239  792.7  24.9   2   3   3.8e-73   1.4e-70  235.5  10.0    78   230   116   277   106   291 0.91 -
9656:3033-4910       -            626 4356at4891           -            498  1.8e-239  792.7  24.9   3   3  1.9e-132  7.2e-130  431.1   1.3   220   486   296   605   286   626 0.88 -
9146:11455-12855     -            467 4356at4891           -            498   2.3e-25   86.4   0.0   1   1   9.9e-28   3.8e-25   85.7   0.0   151   432   118   427   104   463 0.70 -
8100:36-845          -            270 4356at4891           -            498   7.1e-10   35.3   0.0   1   1     3e-12   1.2e-09   34.6   0.0   144   197   210   265   201   268 0.85 -
9306:13782-15263     -            494 4356at4891           -            498   4.4e-08   29.4   1.0   1   2   9.5e-10   3.6e-07   26.4   0.2   231   301   227   300   205   303 0.80 -
9306:13782-15263     -            494 4356at4891           -            498   4.4e-08   29.4   1.0   2   2     0.034        13    1.5   0.0   156   203   323   373   318   419 0.78 -
9460:2216-3268       -            351 4356at4891           -            498    0.0014   14.6   0.0   1   1   5.1e-06    0.0019   14.1   0.0   143   266    28   159    16   173 0.78 -
9286:9558-10349      -            264 4356at4891           -            498    0.0017   14.3   0.1   1   1   6.3e-06    0.0024   13.8   0.1   251   324    90   169    69   179 0.78 -
9718:43474-44961     -            496 4356at4891           -            498    0.0033   13.3   0.6   1   2   0.00024     0.093    8.5   0.0   240   270   319   349   312   377 0.82 -
9718:43474-44961     -            496 4356at4891           -            498    0.0033   13.3   0.6   2   2     0.012       4.8    2.9   0.2   151   212   400   465   396   492 0.67 -
#
# Program:         hmmsearch
# Version:         3.1b2 (February 2015)
# Pipeline mode:   SEARCH
# Query file:      /home/jj/Desktop/Bioinformatics/3rd_year/1term/Computational_genomics/Seminars/exercise_04/busco_downloads/lineages/saccharomycetes_odb10/hmms/4356at4891.hmm
# Target file:     /home/jj/Desktop/Bioinformatics/3rd_year/1term/Computational_genomics/Seminars/exercise_04/./busco/SRR6130428/SRR6130428_k63_contigs/run_saccharomycetes_odb10/metaeuk_output/initial_results/SRR6130428_k63_graph.contig.fa.modified.fas
# Option settings: hmmsearch --domtblout /home/jj/Desktop/Bioinformatics/3rd_year/1term/Computational_genomics/Seminars/exercise_04/./busco/SRR6130428/SRR6130428_k63_contigs/run_saccharomycetes_odb10/hmmer_output/initial_run_results/4356at4891.out --cpu 1 /home/jj/Desktop/Bioinformatics/3rd_year/1term/Computational_genomics/Seminars/exercise_04/busco_downloads/lineages/saccharomycetes_odb10/hmms/4356at4891.hmm /home/jj/Desktop/Bioinformatics/3rd_year/1term/Computational_genomics/Seminars/exercise_04/./busco/SRR6130428/SRR6130428_k63_contigs/run_saccharomycetes_odb10/metaeuk_output/initial_results/SRR6130428_k63_graph.contig.fa.modified.fas 
# Current dir:     /home/jj/Desktop/Bioinformatics/3rd_year/1term/Computational_genomics/Seminars/exercise_04
# Date:            Tue Nov  5 18:38:55 2024
# [ok]
