#                                                                            --- full sequence --- -------------- this domain -------------   hmm coord   ali coord   env coord
# target name        accession   tlen query name           accession   qlen   E-value  score  bias   #  of  c-Evalue  i-Evalue  score  bias  from    to  from    to  from    to  acc description of target
#------------------- ---------- ----- -------------------- ---------- ----- --------- ------ ----- --- --- --------- --------- ------ ----- ----- ----- ----- ----- ----- ----- ---- ---------------------
9416:10493-12400     -            636 4478at4891           -            468  1.5e-229  759.5   3.7   1   2  1.9e-164  1.3e-161  535.5   0.8     5   323    64   419    59   434 0.92 -
9416:10493-12400     -            636 4478at4891           -            468  1.5e-229  759.5   3.7   2   2   3.8e-70   2.6e-67  224.6   0.1   319   468   448   634   432   634 0.85 -
8364:1496-2962       -            489 4478at4891           -            468   4.8e-07   25.9   0.5   1   2   8.8e-09   5.9e-06   22.3   0.1     8    59    17    68    11   108 0.85 -
8364:1496-2962       -            489 4478at4891           -            468   4.8e-07   25.9   0.5   2   2     0.015        10    1.7   0.1    11    47   198   234   193   286 0.87 -
9586:15402-16826     -            475 4478at4891           -            468   0.00011   18.1   0.0   1   2   1.3e-05    0.0087   11.8   0.0     6    62     8    65     3   125 0.77 -
9586:15402-16826     -            475 4478at4891           -            468   0.00011   18.1   0.0   2   2    0.0024       1.6    4.3   0.0    12    47   187   222   181   271 0.91 -
7752:724-2121        -            466 4478at4891           -            468     0.031   10.0   0.0   1   1   8.5e-05     0.057    9.1   0.0     8    29    17    38    10    55 0.80 -
#
# Program:         hmmsearch
# Version:         3.1b2 (February 2015)
# Pipeline mode:   SEARCH
# Query file:      /home/jj/Desktop/Bioinformatics/3rd_year/1term/Computational_genomics/Seminars/exercise_04/busco_downloads/lineages/saccharomycetes_odb10/hmms/4478at4891.hmm
# Target file:     /home/jj/Desktop/Bioinformatics/3rd_year/1term/Computational_genomics/Seminars/exercise_04/./busco/SRR6130428/SRR6130428_k63_contigs/run_saccharomycetes_odb10/metaeuk_output/initial_results/SRR6130428_k63_graph.contig.fa.modified.fas
# Option settings: hmmsearch --domtblout /home/jj/Desktop/Bioinformatics/3rd_year/1term/Computational_genomics/Seminars/exercise_04/./busco/SRR6130428/SRR6130428_k63_contigs/run_saccharomycetes_odb10/hmmer_output/initial_run_results/4478at4891.out --cpu 1 /home/jj/Desktop/Bioinformatics/3rd_year/1term/Computational_genomics/Seminars/exercise_04/busco_downloads/lineages/saccharomycetes_odb10/hmms/4478at4891.hmm /home/jj/Desktop/Bioinformatics/3rd_year/1term/Computational_genomics/Seminars/exercise_04/./busco/SRR6130428/SRR6130428_k63_contigs/run_saccharomycetes_odb10/metaeuk_output/initial_results/SRR6130428_k63_graph.contig.fa.modified.fas 
# Current dir:     /home/jj/Desktop/Bioinformatics/3rd_year/1term/Computational_genomics/Seminars/exercise_04
# Date:            Tue Nov  5 18:38:56 2024
# [ok]
