#                                                                            --- full sequence --- -------------- this domain -------------   hmm coord   ali coord   env coord
# target name        accession   tlen query name           accession   qlen   E-value  score  bias   #  of  c-Evalue  i-Evalue  score  bias  from    to  from    to  from    to  acc description of target
#------------------- ---------- ----- -------------------- ---------- ----- --------- ------ ----- --- --- --------- --------- ------ ----- ----- ----- ----- ----- ----- ----- ---- ---------------------
8626:2959-6072       -           1038 4544at4891           -            682    4e-222  736.7   5.2   1   3   3.5e-21   4.1e-19   65.8   0.3     2   126    16   187    15   208 0.73 -
8626:2959-6072       -           1038 4544at4891           -            682    4e-222  736.7   5.2   2   3  1.7e-185    2e-183  608.9   0.1   213   612   450   926   415   936 0.80 -
8626:2959-6072       -           1038 4544at4891           -            682    4e-222  736.7   5.2   3   3   3.1e-17   3.6e-15   52.8   0.1   613   682   968  1038   956  1038 0.84 -
9700:3872-6376       -            835 4544at4891           -            682  1.8e-151  503.2   0.0   1   2   1.1e-66   1.3e-64  216.2   0.0   380   611   205   438   188   452 0.94 -
9700:3872-6376       -            835 4544at4891           -            682  1.8e-151  503.2   0.0   2   2   4.6e-86   5.4e-84  280.2   0.0   353   668   451   793   439   806 0.86 -
9726:26191-28521     -            777 4544at4891           -            682  4.8e-139  462.2   0.0   1   2   8.9e-60     1e-57  193.4   0.0   386   612   242   475   228   483 0.92 -
9726:26191-28521     -            777 4544at4891           -            682  4.8e-139  462.2   0.0   2   2   5.7e-82   6.7e-80  266.7   0.0   357   617   484   747   477   757 0.94 -
9452:13582-16065     -            828 4544at4891           -            682  1.3e-136  454.1   0.0   1   2   1.1e-55   1.3e-53  179.9   0.0   386   617   202   439   170   470 0.89 -
9452:13582-16065     -            828 4544at4891           -            682  1.3e-136  454.1   0.0   2   2   1.7e-83     2e-81  271.8   0.0   357   658   501   822   491   826 0.90 -
8906:738-3590        -            951 4544at4891           -            682     2e-86  288.3   0.1   1   2      0.21        24    0.5   0.0   564   646   561   640   548   647 0.75 -
8906:738-3590        -            951 4544at4891           -            682     2e-86  288.3   0.1   2   2   1.5e-87   1.7e-85  285.2   0.0   358   659   621   948   569   950 0.83 -
8480:3440-5710       -            757 4544at4891           -            682   2.6e-58  195.4   0.1   1   2   3.1e-57   3.6e-55  185.0   0.0   424   649   275   518   263   529 0.86 -
8480:3440-5710       -            757 4544at4891           -            682   2.6e-58  195.4   0.1   2   2   0.00097      0.11    8.2   0.0   426   458   560   592   539   603 0.87 -
9660:17138-18448     -            437 4544at4891           -            682   4.7e-58  194.5   0.0   1   1   5.4e-60   6.2e-58  194.1   0.0   375   609   167   406   134   430 0.88 -
8622:4584-5795       -            404 4544at4891           -            682   1.3e-54  183.2   0.0   1   1   1.3e-56   1.5e-54  182.9   0.0   386   609   144   372    76   402 0.88 -
9088:3332-4615       -            428 4544at4891           -            682   1.2e-53  179.9   0.0   1   1   1.2e-55   1.4e-53  179.7   0.0   381   609   164   398   107   428 0.88 -
7824:343-1428        -            362 4544at4891           -            682   4.8e-52  174.7   0.0   1   1   5.1e-54   5.9e-52  174.4   0.0   382   622    84   326    51   355 0.90 -
9198:6736-10866      -           1377 4544at4891           -            682     1e-51  173.6   0.0   1   2   2.9e-53   3.4e-51  171.9   0.0   385   643   409   676   403   683 0.93 -
9198:6736-10866      -           1377 4544at4891           -            682     1e-51  173.6   0.0   2   2       1.2   1.5e+02   -2.1   0.1   246   276   816   846   760   912 0.57 -
9278:249-1565        -            439 4544at4891           -            682   6.1e-51  171.0   0.0   1   1   6.8e-53   7.9e-51  170.6   0.0   379   614   173   413   147   436 0.87 -
9172:4263-5570       -            436 4544at4891           -            682   8.4e-51  170.6   0.1   1   2       1.5   1.8e+02   -2.4   0.0   169   236    58   128    49   173 0.57 -
9172:4263-5570       -            436 4544at4891           -            682   8.4e-51  170.6   0.1   2   2   1.4e-52   1.6e-50  169.6   0.0   382   607   176   406   150   429 0.90 -
9666:11714-13114     -            467 4544at4891           -            682   1.7e-50  169.5   0.0   1   1   1.9e-52   2.3e-50  169.1   0.0   382   611   202   436   191   457 0.90 -
8694:2670-4910       -            747 4544at4891           -            682   8.3e-49  164.0   0.0   1   1     1e-50   1.2e-48  163.4   0.0   377   610   269   503   253   551 0.88 -
8672:233-1792        -            520 4544at4891           -            682   4.3e-48  161.6   0.0   1   1   5.3e-50   6.2e-48  161.1   0.0   384   649    69   346    59   350 0.85 -
9460:15656-16984     -            443 4544at4891           -            682   1.2e-45  153.5   0.0   1   1   1.3e-47   1.5e-45  153.2   0.0   386   612     1   234     1   272 0.84 -
7436:115-1425        -            437 4544at4891           -            682   9.3e-44  147.3   0.0   1   2   4.8e-45   5.6e-43  144.7   0.0   381   615   125   360   114   374 0.92 -
7436:115-1425        -            437 4544at4891           -            682   9.3e-44  147.3   0.0   2   2      0.27        32    0.1   0.0   614   659   388   432   382   436 0.78 -
9530:9826-10800      -            325 4544at4891           -            682   4.7e-42  141.6   0.0   1   1     5e-44   5.9e-42  141.3   0.0   375   660    29   322    10   325 0.88 -
7960:171-1106        -            312 4544at4891           -            682   7.7e-35  117.8   0.0   1   2   2.9e-27   3.4e-25   85.9   0.0   381   515    13   147     5   153 0.88 -
7960:171-1106        -            312 4544at4891           -            682   7.7e-35  117.8   0.0   2   2   2.7e-10   3.1e-08   29.9   0.0   518   659   170   308   163   311 0.86 -
9596:14408-15766     -            453 4544at4891           -            682   1.5e-09   34.2   0.1   1   1   3.2e-10   3.7e-08   29.6   0.1   420   597   261   435   249   448 0.76 -
9542:14011-14553     -            181 4544at4891           -            682   9.7e-06   21.6   0.4   1   1   9.4e-07   0.00011   18.1   0.4   426   567     8   176     5   180 0.68 -
9616:2514-3011       -            166 4544at4891           -            682    0.0037   13.1   0.0   1   1   3.2e-05    0.0037   13.1   0.0   215   323     3   109     1   154 0.83 -
#
# Program:         hmmsearch
# Version:         3.1b2 (February 2015)
# Pipeline mode:   SEARCH
# Query file:      /home/jj/Desktop/Bioinformatics/3rd_year/1term/Computational_genomics/Seminars/exercise_04/busco_downloads/lineages/saccharomycetes_odb10/hmms/4544at4891.hmm
# Target file:     /home/jj/Desktop/Bioinformatics/3rd_year/1term/Computational_genomics/Seminars/exercise_04/./busco/SRR6130428/SRR6130428_k63_contigs/run_saccharomycetes_odb10/metaeuk_output/initial_results/SRR6130428_k63_graph.contig.fa.modified.fas
# Option settings: hmmsearch --domtblout /home/jj/Desktop/Bioinformatics/3rd_year/1term/Computational_genomics/Seminars/exercise_04/./busco/SRR6130428/SRR6130428_k63_contigs/run_saccharomycetes_odb10/hmmer_output/initial_run_results/4544at4891.out --cpu 1 /home/jj/Desktop/Bioinformatics/3rd_year/1term/Computational_genomics/Seminars/exercise_04/busco_downloads/lineages/saccharomycetes_odb10/hmms/4544at4891.hmm /home/jj/Desktop/Bioinformatics/3rd_year/1term/Computational_genomics/Seminars/exercise_04/./busco/SRR6130428/SRR6130428_k63_contigs/run_saccharomycetes_odb10/metaeuk_output/initial_results/SRR6130428_k63_graph.contig.fa.modified.fas 
# Current dir:     /home/jj/Desktop/Bioinformatics/3rd_year/1term/Computational_genomics/Seminars/exercise_04
# Date:            Tue Nov  5 18:38:57 2024
# [ok]
