#                                                                            --- full sequence --- -------------- this domain -------------   hmm coord   ali coord   env coord
# target name        accession   tlen query name           accession   qlen   E-value  score  bias   #  of  c-Evalue  i-Evalue  score  bias  from    to  from    to  from    to  acc description of target
#------------------- ---------- ----- -------------------- ---------- ----- --------- ------ ----- --- --- --------- --------- ------ ----- ----- ----- ----- ----- ----- ----- ---- ---------------------
9244:5710-7539       -            610 4581at4891           -            535         0 1078.8   0.1   1   2       6.6   6.8e+02   -4.2   2.2     1    12     5    16     5    23 0.86 -
9244:5710-7539       -            610 4581at4891           -            535         0 1078.8   0.1   2   2         0         0 1078.8   0.1     6   535    49   610    43   610 0.96 -
8368:2744-4999       -            752 4581at4891           -            535  3.1e-121  402.8   0.3   1   2   1.6e-17   1.7e-15   53.9   0.0    33   144   193   301   187   309 0.83 -
8368:2744-4999       -            752 4581at4891           -            535  3.1e-121  402.8   0.3   2   2  9.7e-107    1e-104  348.3   0.1   109   529   300   739   280   743 0.90 -
8276:239-3370        -           1044 4581at4891           -            535   4.2e-52  174.7   0.0   1   4   1.3e-12   1.3e-10   37.7   0.0    40   118   432   515   423   530 0.79 -
8276:239-3370        -           1044 4581at4891           -            535   4.2e-52  174.7   0.0   2   4   3.1e-22   3.2e-20   69.5   0.1   156   255   527   631   513   640 0.92 -
8276:239-3370        -           1044 4581at4891           -            535   4.2e-52  174.7   0.0   3   4   2.2e-07   2.3e-05   20.4   0.0   334   410   667   757   644   771 0.72 -
8276:239-3370        -           1044 4581at4891           -            535   4.2e-52  174.7   0.0   4   4   6.6e-14   6.8e-12   42.0   0.0   435   513   891   969   877   978 0.91 -
9636:3986-7117       -           1044 4581at4891           -            535   9.2e-52  173.5   0.0   1   4     3e-12   3.1e-10   36.5   0.0    39   116   431   513   421   521 0.82 -
9636:3986-7117       -           1044 4581at4891           -            535   9.2e-52  173.5   0.0   2   4   1.5e-21   1.5e-19   67.2   0.1   156   254   527   630   518   639 0.91 -
9636:3986-7117       -           1044 4581at4891           -            535   9.2e-52  173.5   0.0   3   4   1.4e-07   1.5e-05   21.1   0.0   333   410   666   757   646   772 0.74 -
9636:3986-7117       -           1044 4581at4891           -            535   9.2e-52  173.5   0.0   4   4   2.9e-14     3e-12   43.2   0.0   435   513   891   969   878   978 0.90 -
9614:16867-20454     -           1196 4581at4891           -            535   3.4e-49  165.1  17.9   1   4   4.2e-09   4.3e-07   26.1   0.1    42    87   575   620   567   639 0.89 -
9614:16867-20454     -           1196 4581at4891           -            535   3.4e-49  165.1  17.9   2   4   4.7e-25   4.9e-23   78.7   0.0   140   260   655   781   637   794 0.85 -
9614:16867-20454     -           1196 4581at4891           -            535   3.4e-49  165.1  17.9   3   4   1.2e-09   1.2e-07   28.0   0.0   333   425   811   908   801   920 0.78 -
9614:16867-20454     -           1196 4581at4891           -            535   3.4e-49  165.1  17.9   4   4   1.6e-14   1.6e-12   44.0   0.0   433   517  1025  1109  1012  1121 0.86 -
8900:2710-4323       -            538 4581at4891           -            535   7.5e-15   51.7   0.0   1   3   1.9e-06   0.00019   17.4   0.0   439   526   159   253   146   261 0.58 -
8900:2710-4323       -            538 4581at4891           -            535   7.5e-15   51.7   0.0   2   3   6.5e-05    0.0067   12.3   0.0    37    89   304   355   269   365 0.84 -
8900:2710-4323       -            538 4581at4891           -            535   7.5e-15   51.7   0.0   3   3     1e-06   0.00011   18.2   0.0   423   497   439   513   401   527 0.90 -
8844:5039-6358       -            440 4581at4891           -            535   3.1e-12   43.1   0.4   1   4   0.00063     0.065    9.0   0.1    66    89     3    26     1    33 0.66 -
8844:5039-6358       -            440 4581at4891           -            535   3.1e-12   43.1   0.4   2   4   0.00029      0.03   10.1   0.0   438   507   117   189   107   196 0.85 -
8844:5039-6358       -            440 4581at4891           -            535   3.1e-12   43.1   0.4   3   4     0.014       1.4    4.6   0.0    68    86   280   298   246   320 0.74 -
8844:5039-6358       -            440 4581at4891           -            535   3.1e-12   43.1   0.4   4   4   1.6e-05    0.0016   14.3   0.0   165   218   358   411   353   435 0.84 -
9412:11968-13440     -            491 4581at4891           -            535   2.8e-11   40.0   0.0   1   2   2.1e-05    0.0022   13.9   0.0   332   383   249   305   237   326 0.81 -
9412:11968-13440     -            491 4581at4891           -            535   2.8e-11   40.0   0.0   2   2   2.1e-08   2.1e-06   23.8   0.0   172   207   390   425   378   456 0.80 -
8662:4920-6668       -            583 4581at4891           -            535   2.3e-08   30.3   0.0   1   2    0.0016      0.16    7.7   0.0   334   379   349   399   334   408 0.83 -
8662:4920-6668       -            583 4581at4891           -            535   2.3e-08   30.3   0.0   2   2   2.5e-07   2.6e-05   20.2   0.0   169   220   487   539   475   563 0.79 -
9502:3437-4294       -            286 4581at4891           -            535   3.1e-08   29.9   0.0   1   2   0.00012     0.013   11.4   0.0    56    92    25    61     6    88 0.69 -
9502:3437-4294       -            286 4581at4891           -            535   3.1e-08   29.9   0.0   2   2   2.7e-06   0.00027   16.9   0.0   437   508   144   219   114   242 0.73 -
9014:8884-9615       -            244 4581at4891           -            535   5.9e-08   29.0   0.0   1   1   7.1e-09   7.3e-07   25.4   0.0    52   218    17   193    11   209 0.68 -
9114:3218-6328       -           1037 4581at4891           -            535   8.9e-07   25.1   0.0   1   2    0.0095      0.97    5.1   0.0   343   387   389   434   352   453 0.72 -
9114:3218-6328       -           1037 4581at4891           -            535   8.9e-07   25.1   0.0   2   2   1.8e-06   0.00019   17.4   0.0   171   227   516   576   492   587 0.84 -
8980:2915-3556       -            214 4581at4891           -            535   1.2e-06   24.6   0.0   1   2     0.002      0.21    7.4   0.0   354   405    10    61     2    72 0.76 -
8980:2915-3556       -            214 4581at4891           -            535   1.2e-06   24.6   0.0   2   2   7.3e-06   0.00076   15.4   0.0   173   228   126   185   113   197 0.82 -
8608:321-2387        -            689 4581at4891           -            535   1.5e-06   24.3   0.0   1   2   0.00012     0.012   11.4   0.0   331   379   432   483   417   488 0.84 -
8608:321-2387        -            689 4581at4891           -            535   1.5e-06   24.3   0.0   2   2   0.00041     0.042    9.7   0.0   441   512   572   646   562   657 0.74 -
9680:26462-29044     -            861 4581at4891           -            535   3.9e-06   22.9   0.1   1   2      0.02       2.1    4.1   0.0    68    91   633   655   614   675 0.74 -
9680:26462-29044     -            861 4581at4891           -            535   3.9e-06   22.9   0.1   2   2   3.3e-06   0.00034   16.5   0.0   166   227   733   794   705   802 0.79 -
9716:22411-23625     -            405 4581at4891           -            535   5.8e-06   22.4   0.1   1   3     0.022       2.3    3.9   0.0   334   379   157   207   142   213 0.69 -
9716:22411-23625     -            405 4581at4891           -            535   5.8e-06   22.4   0.1   2   3      0.75        77   -1.1   0.0   484   515   210   243   205   252 0.81 -
9716:22411-23625     -            405 4581at4891           -            535   5.8e-06   22.4   0.1   3   3   9.4e-06   0.00097   15.1   0.0   440   497   305   364   296   382 0.81 -
9434:3226-4854       -            543 4581at4891           -            535   1.4e-05   21.2   0.0   1   1     2e-07   2.1e-05   20.6   0.0    61   211    44   198    30   214 0.71 -
9402:812-1753        -            314 4581at4891           -            535   8.5e-05   18.6   0.2   1   1   4.2e-06   0.00044   16.2   0.2   160   228   197   266    67   289 0.56 -
8896:4916-7267       -            784 4581at4891           -            535   0.00011   18.1   0.0   1   2    0.0002     0.021   10.7   0.0    39    84   472   518   465   527 0.81 -
8896:4916-7267       -            784 4581at4891           -            535   0.00011   18.1   0.0   2   2    0.0095      0.98    5.1   0.0   167   229   646   708   598   716 0.86 -
9092:2820-3413       -            198 4581at4891           -            535   0.00015   17.7   0.1   1   2    0.0051      0.53    6.0   0.0   357   390    12    45     2    49 0.81 -
9092:2820-3413       -            198 4581at4891           -            535   0.00015   17.7   0.1   2   2   0.00034     0.035    9.9   0.0   166   209   101   144    91   180 0.76 -
9014:6925-8652       -            576 4581at4891           -            535   0.00018   17.5   0.1   1   2     0.039         4    3.1   0.0    57    86    10    39     3    63 0.65 -
9014:6925-8652       -            576 4581at4891           -            535   0.00018   17.5   0.1   2   2   7.5e-05    0.0078   12.1   0.0   170   219   145   194   126   223 0.76 -
9092:4470-5399       -            310 4581at4891           -            535   0.00022   17.2   0.0   1   2    0.0012      0.12    8.1   0.0    53    85    77   109    54   129 0.79 -
9092:4470-5399       -            310 4581at4891           -            535   0.00022   17.2   0.0   2   2    0.0024      0.25    7.1   0.0   168   477   210   251   198   298 0.62 -
9444:15634-17205     -            524 4581at4891           -            535    0.0013   14.6   0.0   1   1   4.2e-05    0.0044   12.9   0.0    64   218    21   178     6   190 0.68 -
9448:14761-16359     -            533 4581at4891           -            535    0.0046   12.8   0.0   1   1   0.00013     0.014   11.2   0.0    67   217    34   187    20   191 0.71 -
9620:5231-6853       -            541 4581at4891           -            535    0.0099   11.7   0.0   1   2     0.081       8.3    2.1   0.0    67    87    36    56    22    69 0.80 -
9620:5231-6853       -            541 4581at4891           -            535    0.0099   11.7   0.0   2   2    0.0021      0.21    7.3   0.0   441   486   145   191   134   208 0.79 -
9438:9506-11200      -            565 4581at4891           -            535     0.016   11.0   0.0   1   2     0.047       4.8    2.9   0.0    66    88    35    57    17    93 0.80 -
9438:9506-11200      -            565 4581at4891           -            535     0.016   11.0   0.0   2   2    0.0052      0.54    6.0   0.0   443   484   147   189   136   209 0.77 -
#
# Program:         hmmsearch
# Version:         3.1b2 (February 2015)
# Pipeline mode:   SEARCH
# Query file:      /home/jj/Desktop/Bioinformatics/3rd_year/1term/Computational_genomics/Seminars/exercise_04/busco_downloads/lineages/saccharomycetes_odb10/hmms/4581at4891.hmm
# Target file:     /home/jj/Desktop/Bioinformatics/3rd_year/1term/Computational_genomics/Seminars/exercise_04/./busco/SRR6130428/SRR6130428_k63_contigs/run_saccharomycetes_odb10/metaeuk_output/initial_results/SRR6130428_k63_graph.contig.fa.modified.fas
# Option settings: hmmsearch --domtblout /home/jj/Desktop/Bioinformatics/3rd_year/1term/Computational_genomics/Seminars/exercise_04/./busco/SRR6130428/SRR6130428_k63_contigs/run_saccharomycetes_odb10/hmmer_output/initial_run_results/4581at4891.out --cpu 1 /home/jj/Desktop/Bioinformatics/3rd_year/1term/Computational_genomics/Seminars/exercise_04/busco_downloads/lineages/saccharomycetes_odb10/hmms/4581at4891.hmm /home/jj/Desktop/Bioinformatics/3rd_year/1term/Computational_genomics/Seminars/exercise_04/./busco/SRR6130428/SRR6130428_k63_contigs/run_saccharomycetes_odb10/metaeuk_output/initial_results/SRR6130428_k63_graph.contig.fa.modified.fas 
# Current dir:     /home/jj/Desktop/Bioinformatics/3rd_year/1term/Computational_genomics/Seminars/exercise_04
# Date:            Tue Nov  5 18:38:57 2024
# [ok]
