#                                                                            --- full sequence --- -------------- this domain -------------   hmm coord   ali coord   env coord
# target name        accession   tlen query name           accession   qlen   E-value  score  bias   #  of  c-Evalue  i-Evalue  score  bias  from    to  from    to  from    to  acc description of target
#------------------- ---------- ----- -------------------- ---------- ----- --------- ------ ----- --- --- --------- --------- ------ ----- ----- ----- ----- ----- ----- ----- ---- ---------------------
9138:5514-8171       -            886 4598at4891           -            484  1.4e-191  634.8  34.5   1   7  1.8e-144  4.2e-143  474.9   2.0     1   269    19   322    19   356 0.90 -
9138:5514-8171       -            886 4598at4891           -            484  1.4e-191  634.8  34.5   2   7   3.9e-07   9.4e-06   21.9   0.1   274   304   410   439   374   460 0.82 -
9138:5514-8171       -            886 4598at4891           -            484  1.4e-191  634.8  34.5   3   7   2.3e-07   5.6e-06   22.7   0.0   305   337   502   534   499   549 0.87 -
9138:5514-8171       -            886 4598at4891           -            484  1.4e-191  634.8  34.5   4   7     7e-08   1.7e-06   24.4   0.1   333   370   582   618   574   641 0.81 -
9138:5514-8171       -            886 4598at4891           -            484  1.4e-191  634.8  34.5   5   7   2.2e-18   5.3e-17   59.1   2.8   366   441   689   769   666   775 0.84 -
9138:5514-8171       -            886 4598at4891           -            484  1.4e-191  634.8  34.5   6   7   7.3e-12   1.7e-10   37.6   0.5   419   463   776   827   765   832 0.87 -
9138:5514-8171       -            886 4598at4891           -            484  1.4e-191  634.8  34.5   7   7   0.00055     0.013   11.6   0.2   461   484   858   881   854   881 0.94 -
8450:345-1649        -            435 4598at4891           -            484     3e-39  132.4   1.1   1   2   5.6e-16   1.3e-14   51.1   0.2     1   141    29   184    29   192 0.74 -
8450:345-1649        -            435 4598at4891           -            484     3e-39  132.4   1.1   2   2   1.1e-24   2.6e-23   79.9   0.0   152   303   225   388   218   422 0.77 -
9168:5060-6598       -            513 4598at4891           -            484   3.8e-35  118.9   0.6   1   1   3.4e-34   8.2e-33  111.2   0.6    13   265   224   482   204   494 0.76 -
9652:9845-11956      -            704 4598at4891           -            484   3.8e-34  115.6   0.1   1   2   6.8e-12   1.6e-10   37.6   0.1     4    85    89   178    87   181 0.83 -
9652:9845-11956      -            704 4598at4891           -            484   3.8e-34  115.6   0.1   2   2   1.2e-23   2.9e-22   76.4   0.0   107   258   180   332   174   338 0.82 -
8588:5598-6413       -            272 4598at4891           -            484   8.4e-34  114.5   0.4   1   2   9.2e-06   0.00022   17.4   0.1     4    82    19   106    16   113 0.82 -
8588:5598-6413       -            272 4598at4891           -            484   8.4e-34  114.5   0.4   2   2   1.7e-29   4.1e-28   95.7   0.0   110   253   114   251   106   263 0.87 -
9648:180-2069        -            630 4598at4891           -            484     2e-33  113.2   1.4   1   2   3.5e-08   8.3e-07   25.4   0.9     3    84    58   147    56   152 0.75 -
9648:180-2069        -            630 4598at4891           -            484     2e-33  113.2   1.4   2   2   9.1e-27   2.2e-25   86.7   0.0   109   265   152   305   144   309 0.89 -
8018:2579-3376       -            266 4598at4891           -            484   4.5e-32  108.8   0.4   1   1   4.9e-31   1.2e-29  100.8   0.4     4   252    14   245    11   255 0.82 -
9582:21971-22969     -            333 4598at4891           -            484   7.8e-31  104.7   0.1   1   2   2.2e-06   5.3e-05   19.5   0.1    30    76    57   104    32   115 0.79 -
9582:21971-22969     -            333 4598at4891           -            484   7.8e-31  104.7   0.1   2   2   1.1e-25   2.5e-24   83.2   0.0   109   274   117   283   107   295 0.83 -
9680:14913-17372     -            820 4598at4891           -            484   2.3e-30  103.1   0.0   1   3      0.45        11    2.0   0.0   392   420   137   167   111   176 0.69 -
9680:14913-17372     -            820 4598at4891           -            484   2.3e-30  103.1   0.0   2   3   1.5e-10   3.6e-09   33.2   0.0     3    78   204   286   202   296 0.79 -
9680:14913-17372     -            820 4598at4891           -            484   2.3e-30  103.1   0.0   3   3   8.1e-20   1.9e-18   63.8   0.0   113   264   301   467   296   476 0.81 -
9082:7406-8569       -            388 4598at4891           -            484   3.1e-30  102.7   0.3   1   2   0.00013    0.0031   13.6   0.1    34    82    84   133    67   140 0.83 -
9082:7406-8569       -            388 4598at4891           -            484   3.1e-30  102.7   0.3   2   2     4e-27   9.5e-26   87.9   0.0   105   267   136   296   127   306 0.86 -
8710:5595-6479       -            295 4598at4891           -            484   3.2e-30  102.6   1.4   1   1   1.5e-29   3.6e-28   95.9   1.4     2   262     6   293     5   295 0.70 -
8772:6932-7705       -            258 4598at4891           -            484   3.4e-30  102.6   0.2   1   1   4.3e-29     1e-27   94.4   0.2     3   252    11   243     9   248 0.82 -
9284:13564-14592     -            343 4598at4891           -            484   5.5e-30  101.9   0.0   1   1   2.1e-28   5.1e-27   92.1   0.0    34   269    92   309    86   317 0.85 -
9026:3240-4322       -            361 4598at4891           -            484   1.2e-29  100.7   2.3   1   2   0.00076     0.018   11.1   0.8     2    77   108   192   107   197 0.82 -
9026:3240-4322       -            361 4598at4891           -            484   1.2e-29  100.7   2.3   2   2   1.6e-27   3.9e-26   89.2   0.0   103   257   198   348   194   358 0.87 -
9274:513-1736        -            408 4598at4891           -            484     2e-28   96.8   0.8   1   2   1.5e-05   0.00037   16.7   0.0    29    84    77   133    73   136 0.87 -
9274:513-1736        -            408 4598at4891           -            484     2e-28   96.8   0.8   2   2   9.7e-25   2.3e-23   80.0   0.0   102   261   131   299   128   337 0.85 -
8274:2342-3058       -            239 4598at4891           -            484   2.1e-28   96.6   0.5   1   2   1.1e-11   2.7e-10   36.9   0.4     3    80     3    86     1    93 0.81 -
8274:2342-3058       -            239 4598at4891           -            484   2.1e-28   96.6   0.5   2   2   2.3e-18   5.5e-17   59.0   0.0    99   226    86   202    84   217 0.90 -
9538:10065-10994     -            310 4598at4891           -            484   3.3e-28   96.0   0.9   1   2   0.00013    0.0031   13.7   0.3    39    87    80   129    60   131 0.83 -
9538:10065-10994     -            310 4598at4891           -            484   3.3e-28   96.0   0.9   2   2   1.6e-25   3.7e-24   82.6   0.0   102   274   124   293   121   304 0.84 -
9558:17836-18582     -            249 4598at4891           -            484   6.8e-28   95.0   0.0   1   2   1.1e-06   2.7e-05   20.4   0.0     3    78     3    86     1    98 0.78 -
9558:17836-18582     -            249 4598at4891           -            484   6.8e-28   95.0   0.0   2   2   1.1e-22   2.5e-21   73.3   0.0   104   259    91   246    86   249 0.80 -
9556:876-1871        -            332 4598at4891           -            484   1.8e-27   93.6   3.2   1   4      0.35       8.4    2.3   0.4     2    26    18    42    17    65 0.62 -
9556:876-1871        -            332 4598at4891           -            484   1.8e-27   93.6   3.2   2   4      0.42        10    2.1   0.3    11    64    44   115    38   127 0.49 -
9556:876-1871        -            332 4598at4891           -            484   1.8e-27   93.6   3.2   3   4   1.6e-07   3.8e-06   23.3   0.1   105   145   137   176   130   188 0.86 -
9556:876-1871        -            332 4598at4891           -            484   1.8e-27   93.6   3.2   4   4   7.4e-20   1.8e-18   63.9   0.0   151   263   208   328   200   331 0.88 -
9220:10894-11814     -            307 4598at4891           -            484   3.7e-27   92.5   1.2   1   1   4.1e-25   9.7e-24   81.3   1.2    13   261    46   282    38   290 0.80 -
9270:5360-6181       -            274 4598at4891           -            484     4e-27   92.4   1.0   1   2   1.2e-07   2.9e-06   23.7   0.5     8    86    25   105    20   108 0.82 -
9270:5360-6181       -            274 4598at4891           -            484     4e-27   92.4   1.0   2   2   5.2e-21   1.3e-19   67.7   0.0   110   255   109   260   102   267 0.75 -
9144:11649-12578     -            310 4598at4891           -            484   1.2e-26   90.8   0.9   1   1   1.1e-24   2.5e-23   79.9   0.9    44   261    85   280    59   288 0.79 -
8792:3540-5258       -            573 4598at4891           -            484   1.3e-26   90.7   0.0   1   2   3.3e-05    0.0008   15.6   0.1     3    74   308   385   306   397 0.70 -
8792:3540-5258       -            573 4598at4891           -            484   1.3e-26   90.7   0.0   2   2   1.2e-22   2.9e-21   73.1   0.0   116   272   406   562   393   564 0.85 -
9442:11388-12206     -            273 4598at4891           -            484   1.7e-26   90.3   0.0   1   2     5e-07   1.2e-05   21.6   0.0     3    79     1    84     1    87 0.77 -
9442:11388-12206     -            273 4598at4891           -            484   1.7e-26   90.3   0.0   2   2   6.8e-21   1.6e-19   67.3   0.0   101   253    88   239    80   264 0.80 -
9352:14667-17009     -            781 4598at4891           -            484   1.9e-26   90.2   0.0   1   1   4.9e-27   1.2e-25   87.6   0.0    14   239   530   734   525   762 0.85 -
9648:20903-21709     -            269 4598at4891           -            484   2.6e-26   89.7   1.6   1   2   0.00038    0.0091   12.1   0.4    13    84    30   103    10   105 0.80 -
9648:20903-21709     -            269 4598at4891           -            484   2.6e-26   89.7   1.6   2   2   3.4e-24   8.2e-23   78.2   0.1   102   256   101   265    97   269 0.82 -
9576:4640-5464       -            275 4598at4891           -            484   3.3e-26   89.4   0.0   1   2   4.5e-07   1.1e-05   21.8   0.1     4    75    18    99    15   113 0.75 -
9576:4640-5464       -            275 4598at4891           -            484   3.3e-26   89.4   0.0   2   2     8e-21   1.9e-19   67.1   0.0    93   263    97   273    94   275 0.78 -
8586:248-1081        -            278 4598at4891           -            484   6.2e-26   88.5   0.1   1   2   8.9e-08   2.1e-06   24.1   0.2    14    86    41   115    20   122 0.81 -
8586:248-1081        -            278 4598at4891           -            484   6.2e-26   88.5   0.1   2   2     1e-19   2.4e-18   63.5   0.0   110   237   119   241   102   278 0.80 -
9112:9860-10915      -            352 4598at4891           -            484   1.1e-25   87.6   0.2   1   2    0.0003    0.0072   12.4   0.1     3    80    28   114    26   122 0.85 -
9112:9860-10915      -            352 4598at4891           -            484   1.1e-25   87.6   0.2   2   2     9e-23   2.2e-21   73.5   0.0   111   255   125   266   117   317 0.87 -
9332:9525-11471      -            649 4598at4891           -            484   2.9e-25   86.3   0.1   1   1     6e-26   1.4e-24   84.0   0.1    13   227   396   590   390   636 0.82 -
9022:9769-10653      -            295 4598at4891           -            484   4.7e-25   85.6   0.2   1   1   7.6e-25   1.8e-23   80.4   0.2     2   226     8   217     7   240 0.82 -
9688:6201-6989       -            263 4598at4891           -            484   8.5e-25   84.8   0.3   1   2   3.8e-05    0.0009   15.4   0.1    13    84    26    99     6   103 0.75 -
9688:6201-6989       -            263 4598at4891           -            484   8.5e-25   84.8   0.3   2   2   8.3e-22     2e-20   70.3   0.1    94   253    92   256    88   263 0.78 -
9680:21437-22237     -            267 4598at4891           -            484     1e-24   84.5   0.0   1   2    0.0009     0.021   10.9   0.0     1    69    22    92    22   109 0.88 -
9680:21437-22237     -            267 4598at4891           -            484     1e-24   84.5   0.0   2   2   3.1e-22   7.5e-21   71.7   0.0   112   261   115   262   102   266 0.83 -
7984:778-3069        -            764 4598at4891           -            484   1.6e-24   83.8   0.1   1   2   0.00092     0.022   10.8   0.1     3    84   358   451   356   457 0.67 -
7984:778-3069        -            764 4598at4891           -            484   1.6e-24   83.8   0.1   2   2   4.5e-22   1.1e-20   71.2   0.0   110   253   457   597   450   601 0.82 -
9214:3531-4694       -            388 4598at4891           -            484     2e-24   83.5   0.1   1   2   5.7e-05    0.0014   14.8   0.1     3    81    72   159    70   167 0.86 -
9214:3531-4694       -            388 4598at4891           -            484     2e-24   83.5   0.1   2   2   9.2e-21   2.2e-19   66.9   0.0   111   255   169   310   160   323 0.87 -
9724:42501-46928     -           1476 4598at4891           -            484   2.2e-24   83.4   0.1   1   2   4.5e-07   1.1e-05   21.7   0.1     3    78  1181  1270  1179  1275 0.78 -
9724:42501-46928     -           1476 4598at4891           -            484   2.2e-24   83.4   0.1   2   2     2e-18   4.7e-17   59.2   0.0   104   232  1276  1398  1271  1415 0.86 -
9696:23411-25501     -            697 4598at4891           -            484     2e-23   80.3   0.4   1   2     0.002     0.048    9.7   0.1    27    74   474   522   460   527 0.79 -
9696:23411-25501     -            697 4598at4891           -            484     2e-23   80.3   0.4   2   2   3.4e-21   8.2e-20   68.3   0.0    91   227   522   650   519   659 0.84 -
9404:2234-3256       -            341 4598at4891           -            484   2.4e-23   80.0   1.2   1   1   8.8e-22   2.1e-20   70.3   1.2    14   254    66   306    47   312 0.78 -
9574:22194-23423     -            410 4598at4891           -            484   3.1e-23   79.6   0.1   1   3   9.4e-06   0.00023   17.4   0.0     3    78    24   108    22   118 0.81 -
9574:22194-23423     -            410 4598at4891           -            484   3.1e-23   79.6   0.1   2   3    0.0058      0.14    8.2   0.0   110   140   120   150   111   158 0.81 -
9574:22194-23423     -            410 4598at4891           -            484   3.1e-23   79.6   0.1   3   3   7.8e-16   1.9e-14   50.6   0.0   170   241   233   304   229   323 0.90 -
9470:3000-4022       -            341 4598at4891           -            484   3.7e-23   79.3   0.7   1   2   7.4e-07   1.8e-05   21.0   0.2    13    78    48   114    34   125 0.84 -
9470:3000-4022       -            341 4598at4891           -            484   3.7e-23   79.3   0.7   2   2   3.1e-17   7.4e-16   55.3   0.0   111   254   129   292   121   298 0.75 -
9236:8838-9737       -            300 4598at4891           -            484   1.7e-22   77.2   0.0   1   2   0.00076     0.018   11.1   0.1    13    81    34   106    14   116 0.73 -
9236:8838-9737       -            300 4598at4891           -            484   1.7e-22   77.2   0.0   2   2   5.4e-20   1.3e-18   64.4   0.0   114   254   118   255   107   274 0.84 -
9138:9482-10486      -            335 4598at4891           -            484   3.3e-22   76.2   0.1   1   1   9.5e-23   2.3e-21   73.5   0.1    31   228    87   281    62   333 0.76 -
8554:159-1031        -            291 4598at4891           -            484   3.6e-22   76.1   0.0   1   2   9.4e-05    0.0022   14.1   0.0     2    70     6    86     5    93 0.64 -
8554:159-1031        -            291 4598at4891           -            484   3.6e-22   76.1   0.0   2   2   9.2e-19   2.2e-17   60.3   0.0    92   226    90   217    86   228 0.87 -
8068:741-1847        -            369 4598at4891           -            484     7e-21   71.8   0.6   1   2   2.8e-21   6.8e-20   68.6   0.5    82   218   100   235    22   245 0.71 -
8068:741-1847        -            369 4598at4891           -            484     7e-21   71.8   0.6   2   2       5.2   1.2e+02   -1.5   0.0   238   262   293   317   288   327 0.83 -
9722:16235-17092     -            286 4598at4891           -            484   9.7e-21   71.4   2.9   1   1   8.8e-19   2.1e-17   60.4   2.9     2   228     7   235     6   283 0.64 -
7804:258-1562        -            435 4598at4891           -            484   1.7e-20   70.6   0.2   1   2       1.6        37    0.2   0.1    14    66    48   101    30   114 0.77 -
7804:258-1562        -            435 4598at4891           -            484   1.7e-20   70.6   0.2   2   2   4.8e-21   1.2e-19   67.8   0.0    96   226   109   229    99   233 0.88 -
9714:25935-26888     -            318 4598at4891           -            484     2e-20   70.4   0.1   1   2     0.024      0.57    6.2   0.1    15    73    39   100    16   105 0.63 -
9714:25935-26888     -            318 4598at4891           -            484     2e-20   70.4   0.1   2   2   7.5e-20   1.8e-18   63.9   0.0    93   257   100   272    98   287 0.74 -
9578:6054-6923       -            290 4598at4891           -            484   2.2e-20   70.2   0.1   1   1   1.2e-21   2.8e-20   69.8   0.1     3   261     1   258     1   274 0.71 -
9288:6241-7161       -            307 4598at4891           -            484   5.6e-20   68.9   0.1   1   1   1.2e-18   2.8e-17   59.9   0.1    15   238    26   239     5   279 0.74 -
7948:472-1854        -            461 4598at4891           -            484   7.7e-20   68.4   0.2   1   1   6.5e-21   1.6e-19   67.4   0.2    23   215   189   390   179   408 0.78 -
9568:2563-4101       -            513 4598at4891           -            484   9.3e-20   68.1   0.1   1   1   6.8e-21   1.6e-19   67.3   0.1     3   268   197   471   195   489 0.77 -
9494:7698-8528       -            277 4598at4891           -            484   3.8e-19   66.1   2.0   1   1   1.8e-18   4.3e-17   59.3   2.0     3   226     1   208     1   214 0.68 -
9316:14764-15318     -            185 4598at4891           -            484   4.3e-19   65.9   0.0   1   2   2.8e-06   6.8e-05   19.1   0.1    17    78     5    63     1    74 0.82 -
9316:14764-15318     -            185 4598at4891           -            484   4.3e-19   65.9   0.0   2   2     3e-14   7.3e-13   45.4   0.0   107   218    73   183    64   185 0.84 -
9220:8467-9282       -            272 4598at4891           -            484   4.5e-19   65.9   0.0   1   2      0.51        12    1.8   0.0    32    68    45    84    16    99 0.75 -
9220:8467-9282       -            272 4598at4891           -            484   4.5e-19   65.9   0.0   2   2   3.2e-19   7.7e-18   61.8   0.0   114   230   114   220   100   245 0.84 -
8492:4616-5878       -            421 4598at4891           -            484   5.8e-19   65.5   0.4   1   1   4.1e-18   9.8e-17   58.2   0.4    34   279   159   411   147   416 0.72 -
9344:12609-14093     -            495 4598at4891           -            484   6.5e-19   65.4   0.3   1   3   1.7e-06   4.2e-05   19.8   0.1     3    80    12    99    10   108 0.78 -
9344:12609-14093     -            495 4598at4891           -            484   6.5e-19   65.4   0.3   2   3    0.0074      0.18    7.9   0.0   109   142   108   141   100   168 0.82 -
9344:12609-14093     -            495 4598at4891           -            484   6.5e-19   65.4   0.3   3   3   7.2e-11   1.7e-09   34.3   0.0   162   254   346   454   336   469 0.75 -
8666:1918-2913       -            332 4598at4891           -            484   1.1e-18   64.6   3.7   1   2   8.2e-10     2e-08   30.8   0.8    15    75    30   104    14   107 0.71 -
8666:1918-2913       -            332 4598at4891           -            484   1.1e-18   64.6   3.7   2   2   1.5e-09   3.6e-08   29.9   0.1   113   237   130   271   116   328 0.73 -
8798:2318-3331       -            338 4598at4891           -            484   1.4e-18   64.2   0.0   1   1   1.2e-19   2.8e-18   63.3   0.0    37   258    91   326    78   337 0.71 -
9242:6452-8167       -            572 4598at4891           -            484   3.6e-18   62.9   1.3   1   3   0.00017     0.004   13.3   0.0     2    78   182   267   181   277 0.79 -
9242:6452-8167       -            572 4598at4891           -            484   3.6e-18   62.9   1.3   2   3     0.017       0.4    6.7   0.0   109   141   278   310   268   323 0.83 -
9242:6452-8167       -            572 4598at4891           -            484   3.6e-18   62.9   1.3   3   3   1.2e-12   2.9e-11   40.1   0.0   170   236   371   437   367   440 0.92 -
9700:35509-36408     -            300 4598at4891           -            484   3.7e-18   62.9   0.2   1   2   8.5e-07     2e-05   20.8   0.1     2    85     6    96     5   108 0.79 -
9700:35509-36408     -            300 4598at4891           -            484   3.7e-18   62.9   0.2   2   2   1.8e-12   4.2e-11   39.6   0.0   126   223   118   208   110   215 0.82 -
9140:10766-11608     -            281 4598at4891           -            484   5.4e-18   62.3   0.8   1   1   3.6e-17   8.6e-16   55.1   0.8     4   227     2   209     1   221 0.66 -
8804:3362-4279       -            306 4598at4891           -            484   6.5e-18   62.0   0.2   1   1   3.6e-19   8.7e-18   61.6   0.2    42   227    44   219     8   240 0.72 -
9370:13593-17402     -           1270 4598at4891           -            484   1.9e-17   60.5   0.1   1   2   9.5e-06   0.00023   17.4   0.0     3    77   986  1070   984  1076 0.76 -
9370:13593-17402     -           1270 4598at4891           -            484   1.9e-17   60.5   0.1   2   2   1.3e-12   3.2e-11   40.0   0.0   106   215  1079  1199  1070  1213 0.68 -
9270:2604-3470       -            289 4598at4891           -            484   2.4e-17   60.2   0.0   1   1   1.6e-18   3.8e-17   59.5   0.0   117   217   127   217   101   287 0.89 -
9548:337-1380        -            348 4598at4891           -            484   2.9e-17   59.9   0.0   1   2   1.4e-17   3.3e-16   56.4   0.0   101   226   113   235    97   240 0.85 -
9548:337-1380        -            348 4598at4891           -            484   2.9e-17   59.9   0.0   2   2      0.98        24    0.8   0.0   238   264   283   309   275   332 0.81 -
9206:2109-6836       -           1576 4598at4891           -            484   3.6e-17   59.6   0.1   1   3   1.9e-05   0.00045   16.4   0.0     3    77  1272  1356  1270  1362 0.78 -
9206:2109-6836       -           1576 4598at4891           -            484   3.6e-17   59.6   0.1   2   3   1.3e-05   0.00032   16.9   0.0   105   159  1364  1409  1358  1423 0.78 -
9206:2109-6836       -           1576 4598at4891           -            484   3.6e-17   59.6   0.1   3   3   2.8e-07   6.6e-06   22.4   0.0   174   226  1457  1513  1450  1565 0.65 -
9724:16735-17796     -            354 4598at4891           -            484   1.4e-16   57.7   2.3   1   1   3.9e-17   9.4e-16   54.9   2.3   110   226   139   264    49   274 0.91 -
8850:3013-4704       -            564 4598at4891           -            484   2.2e-16   57.0   1.5   1   3    0.0017     0.041   10.0   0.0     2    80   174   261   173   277 0.74 -
8850:3013-4704       -            564 4598at4891           -            484   2.2e-16   57.0   1.5   2   3     0.023      0.55    6.2   0.0   110   141   271   302   261   315 0.84 -
8850:3013-4704       -            564 4598at4891           -            484   2.2e-16   57.0   1.5   3   3   3.8e-12   9.1e-11   38.5   0.0   170   228   363   421   358   433 0.88 -
8384:242-1183        -            314 4598at4891           -            484   3.6e-16   56.3   0.5   1   2   2.1e-15   5.1e-14   49.2   0.5    37   218    54   222    32   230 0.77 -
8384:242-1183        -            314 4598at4891           -            484   3.6e-16   56.3   0.5   2   2       2.5        60   -0.5   0.0   238   265   279   306   274   313 0.85 -
9674:28087-29058     -            324 4598at4891           -            484   3.6e-16   56.3   0.0   1   1   1.2e-16   2.8e-15   53.4   0.0   107   228   104   218     3   222 0.88 -
7822:341-1144        -            268 4598at4891           -            484   6.5e-16   55.5   0.0   1   2   1.4e-05   0.00035   16.8   0.0    15    77    29    94    23   104 0.80 -
7822:341-1144        -            268 4598at4891           -            484   6.5e-16   55.5   0.0   2   2   1.3e-11     3e-10   36.8   0.0   110   213   107   207    96   218 0.85 -
9288:1887-2741       -            285 4598at4891           -            484   8.3e-16   55.1   0.2   1   2     0.035      0.84    5.6   0.1    33    68    60    96    32   104 0.81 -
9288:1887-2741       -            285 4598at4891           -            484   8.3e-16   55.1   0.2   2   2   6.5e-15   1.6e-13   47.6   0.0   106   244   112   251   100   284 0.75 -
9376:4767-5852       -            362 4598at4891           -            484   1.3e-15   54.5   0.9   1   2   3.1e-15   7.3e-14   48.7   0.0    99   226   109   233    96   237 0.85 -
9376:4767-5852       -            362 4598at4891           -            484   1.3e-15   54.5   0.9   2   2      0.13       3.1    3.7   0.1   238   278   281   321   277   357 0.84 -
9572:16580-17233     -            218 4598at4891           -            484   2.6e-15   53.5   0.6   1   1   1.1e-15   2.7e-14   50.1   0.6     3   208     1   198     1   205 0.72 -
9526:4843-6750       -            636 4598at4891           -            484     5e-15   52.5   0.0   1   2      0.27       6.5    2.7   0.0     2    73   333   411   332   424 0.67 -
9526:4843-6750       -            636 4598at4891           -            484     5e-15   52.5   0.0   2   2   6.3e-15   1.5e-13   47.7   0.0   119   279   440   605   422   618 0.70 -
9516:8073-8876       -            268 4598at4891           -            484   5.2e-15   52.5   0.0   1   2      0.48        11    1.9   0.1    26    63    53    92    16   118 0.63 -
9516:8073-8876       -            268 4598at4891           -            484   5.2e-15   52.5   0.0   2   2   3.5e-15   8.4e-14   48.5   0.0   112   261   125   266   113   268 0.89 -
9598:11083-11721     -            213 4598at4891           -            484   5.2e-15   52.5   0.5   1   1   6.9e-15   1.7e-13   47.5   0.5     3   186     3   172     1   213 0.66 -
8386:2346-3074       -            243 4598at4891           -            484   1.4e-14   51.0   0.0   1   1   8.5e-16     2e-14   50.5   0.0    47   212     3   169     1   189 0.79 -
9000:1272-2168       -            299 4598at4891           -            484   1.4e-14   51.0   1.9   1   2   0.00074     0.018   11.2   1.1    15    75    31    94    24   108 0.74 -
9000:1272-2168       -            299 4598at4891           -            484   1.4e-14   51.0   1.9   2   2     3e-12   7.3e-11   38.8   0.0   108   215   105   209    96   219 0.84 -
7674:805-1767        -            321 4598at4891           -            484   2.5e-14   50.2   2.5   1   1   7.5e-15   1.8e-13   47.4   2.5     3   230    13   276    11   319 0.76 -
8460:1970-2827       -            286 4598at4891           -            484   7.1e-14   48.7   1.6   1   3     0.011      0.27    7.3   0.1     2    58     8    67     7    76 0.82 -
8460:1970-2827       -            286 4598at4891           -            484   7.1e-14   48.7   1.6   2   3     4e-12   9.6e-11   38.4   0.0   108   217    97   200    91   213 0.86 -
8460:1970-2827       -            286 4598at4891           -            484   7.1e-14   48.7   1.6   3   3       1.2        28    0.6   0.0   237   261   261   285   248   286 0.82 -
9388:2420-3211       -            264 4598at4891           -            484   9.9e-14   48.3   0.0   1   2      0.22       5.4    3.0   0.0    27    64    48    88    10    97 0.66 -
9388:2420-3211       -            264 4598at4891           -            484   9.9e-14   48.3   0.0   2   2   1.2e-13   2.9e-12   43.4   0.0   112   260   120   260    98   264 0.86 -
9666:20504-21955     -            484 4598at4891           -            484   1.1e-13   48.1   0.1   1   1   2.5e-12     6e-11   39.1   0.1     3   228   174   380   172   389 0.69 -
9502:2145-3251       -            369 4598at4891           -            484   1.1e-13   48.1   0.2   1   1   7.7e-15   1.8e-13   47.4   0.2    33   202    45   234    41   241 0.72 -
9468:11302-12276     -            325 4598at4891           -            484   1.3e-13   47.9   0.8   1   2   5.2e-14   1.2e-12   44.6   0.6    98   223   100   226    11   247 0.81 -
9468:11302-12276     -            325 4598at4891           -            484   1.3e-13   47.9   0.8   2   2       1.3        31    0.4   0.0   238   268   279   309   261   315 0.83 -
9342:14110-15051     -            314 4598at4891           -            484   1.6e-13   47.5   1.8   1   1   7.2e-14   1.7e-12   44.2   1.8     2   221     6   231     5   239 0.73 -
9650:24829-29790     -           1654 4598at4891           -            484   2.9e-13   46.7   3.2   1   3     0.061       1.5    4.8   0.2   179   277   439   538   288   545 0.74 -
9650:24829-29790     -           1654 4598at4891           -            484   2.9e-13   46.7   3.2   2   3       9.6   2.3e+02   -2.4   0.0    53    76   771   794   763   806 0.74 -
9650:24829-29790     -           1654 4598at4891           -            484   2.9e-13   46.7   3.2   3   3   1.4e-12   3.5e-11   39.9   0.0   111   258   810   971   773   986 0.75 -
9660:6627-7220       -            198 4598at4891           -            484   1.1e-12   44.8   0.0   1   2    0.0048      0.11    8.5   0.1    30    70    42    85    23    97 0.78 -
9660:6627-7220       -            198 4598at4891           -            484   1.1e-12   44.8   0.0   2   2   5.5e-11   1.3e-09   34.7   0.0   109   204   102   195    92   198 0.81 -
9508:1626-2423       -            266 4598at4891           -            484   9.6e-12   41.7   0.3   1   2   1.5e-12   3.6e-11   39.8   0.1   108   241    66   193    57   220 0.84 -
9508:1626-2423       -            266 4598at4891           -            484   9.6e-12   41.7   0.3   2   2         3        72   -0.7   0.0   238   258   232   252   215   258 0.83 -
9396:10785-11381     -            199 4598at4891           -            484   1.9e-11   40.7   1.5   1   2    0.0019     0.046    9.8   0.3    16    70    22    79    16    94 0.75 -
9396:10785-11381     -            199 4598at4891           -            484   1.9e-11   40.7   1.5   2   2     9e-10   2.2e-08   30.7   0.1   109   215    96   199    79   199 0.76 -
8764:438-2084        -            549 4598at4891           -            484   2.9e-11   40.1   0.2   1   2   9.9e-12   2.4e-10   37.1   0.1    86   217   240   368   202   387 0.82 -
8764:438-2084        -            549 4598at4891           -            484   2.9e-11   40.1   0.2   2   2       2.1        49   -0.2   0.0   236   274   436   475   427   482 0.77 -
9708:2183-3157       -            325 4598at4891           -            484   9.8e-11   38.4   0.0   1   1   3.5e-10   8.4e-09   32.0   0.0    64   217   124   259    78   306 0.73 -
9316:2356-5388       -           1011 4598at4891           -            484   1.2e-09   34.8   0.0   1   2   6.7e-10   1.6e-08   31.1   0.0   109   168   674   737   609   765 0.82 -
9316:2356-5388       -           1011 4598at4891           -            484   1.2e-09   34.8   0.0   2   2       1.1        25    0.7   0.0   194   260   799   876   791   901 0.60 -
9018:8533-10704      -            724 4598at4891           -            484   2.5e-09   33.8   0.1   1   2   0.00019    0.0045   13.1   0.0   108   145   409   446   378   457 0.86 -
9018:8533-10704      -            724 4598at4891           -            484   2.5e-09   33.8   0.1   2   2   7.3e-06   0.00017   17.8   0.0   150   244   474   565   466   586 0.84 -
9280:3099-4592       -            498 4598at4891           -            484   1.1e-08   31.7   0.1   1   2   3.4e-07   8.2e-06   22.1   0.3   103   141   127   165    29   177 0.61 -
9280:3099-4592       -            498 4598at4891           -            484   1.1e-08   31.7   0.1   2   2     0.024      0.57    6.2   0.0   180   211   276   308   269   324 0.77 -
9050:611-1576        -            322 4598at4891           -            484   1.1e-08   31.7   4.3   1   1   1.6e-08   3.7e-07   26.6   4.3   104   259   151   321     9   322 0.79 -
9500:730-1611        -            294 4598at4891           -            484   1.8e-08   30.9   0.3   1   2   6.2e-05    0.0015   14.7   0.2    21   145    47   164    18   172 0.66 -
9500:730-1611        -            294 4598at4891           -            484   1.8e-08   30.9   0.3   2   2     0.004     0.095    8.7   0.0   191   224   214   247   187   292 0.73 -
9708:4262-6904       -            881 4598at4891           -            484   3.7e-08   29.9   1.0   1   2   2.8e-05   0.00066   15.9   0.7    32   141   456   556   421   572 0.69 -
9708:4262-6904       -            881 4598at4891           -            484   3.7e-08   29.9   1.0   2   2    0.0021     0.051    9.6   0.0   195   217   793   815   790   843 0.87 -
8766:2416-3300       -            295 4598at4891           -            484   1.1e-07   28.4   0.0   1   2     0.034      0.81    5.7   0.0    33    80    20    73     7    89 0.82 -
8766:2416-3300       -            295 4598at4891           -            484   1.1e-07   28.4   0.0   2   2     1e-06   2.4e-05   20.6   0.0   128   221   151   248   143   288 0.79 -
9336:5762-6706       -            315 4598at4891           -            484   5.8e-07   25.9   2.2   1   1   1.5e-07   3.7e-06   23.3   2.2    26   240    82   292    68   311 0.66 -
9532:12469-14466     -            666 4598at4891           -            484   6.7e-07   25.7   0.0   1   2   2.5e-05   0.00059   16.0   0.0   100   144   319   363   262   367 0.71 -
9532:12469-14466     -            666 4598at4891           -            484   6.7e-07   25.7   0.0   2   2     0.011      0.26    7.3   0.0   187   227   435   476   431   505 0.81 -
8626:1051-1599       -            183 4598at4891           -            484   1.5e-06   24.6   0.0   1   1   7.1e-08   1.7e-06   24.4   0.0   112   190    29   106    13   142 0.81 -
9678:8748-11114      -            789 4598at4891           -            484     2e-06   24.1   1.7   1   1   5.3e-07   1.3e-05   21.5   1.6    15   224    65   270    56   331 0.79 -
9022:791-1471        -            227 4598at4891           -            484   3.6e-06   23.3   1.6   1   1   1.2e-06   2.9e-05   20.3   1.1   105   217    66   185    51   226 0.72 -
8416:2551-3603       -            351 4598at4891           -            484   1.2e-05   21.6   0.0   1   1   8.7e-07   2.1e-05   20.8   0.0   112   189   111   187    96   234 0.81 -
8194:3006-3602       -            199 4598at4891           -            484   2.2e-05   20.7   0.4   1   1   1.4e-05   0.00035   16.8   0.4   118   250    43   181     1   192 0.62 -
7548:67-747          -            227 4598at4891           -            484   2.5e-05   20.5   0.0   1   2         3        72   -0.8   0.0     2    18     8    24     7    38 0.80 -
7548:67-747          -            227 4598at4891           -            484   2.5e-05   20.5   0.0   2   2   3.6e-06   8.6e-05   18.8   0.0   108   216    99   209    81   225 0.78 -
9250:1334-1957       -            208 4598at4891           -            484   0.00024   17.3   0.0   1   1   1.6e-05   0.00037   16.7   0.0   108   212    97   205    83   208 0.69 -
9574:11971-12594     -            208 4598at4891           -            484   0.00026   17.2   0.0   1   1   1.7e-05   0.00041   16.5   0.0   108   213    97   206    87   208 0.70 -
8796:234-743         -            170 4598at4891           -            484    0.0007   15.8   0.0   1   1   4.7e-05    0.0011   15.1   0.0   154   255     7   106     2   115 0.82 -
8836:7701-8510       -            270 4598at4891           -            484   0.00093   15.4   0.0   1   2       6.9   1.6e+02   -1.9   0.0     2    24     6    28     5    42 0.80 -
8836:7701-8510       -            270 4598at4891           -            484   0.00093   15.4   0.0   2   2   0.00014    0.0033   13.6   0.0   112   215   118   241    96   269 0.63 -
8796:1455-1940       -            162 4598at4891           -            484     0.002   14.3   0.5   1   1   0.00067     0.016   11.3   0.5    92   139   115   162    22   162 0.82 -
#
# Program:         hmmsearch
# Version:         3.1b2 (February 2015)
# Pipeline mode:   SEARCH
# Query file:      /home/jj/Desktop/Bioinformatics/3rd_year/1term/Computational_genomics/Seminars/exercise_04/busco_downloads/lineages/saccharomycetes_odb10/hmms/4598at4891.hmm
# Target file:     /home/jj/Desktop/Bioinformatics/3rd_year/1term/Computational_genomics/Seminars/exercise_04/./busco/SRR6130428/SRR6130428_k63_contigs/run_saccharomycetes_odb10/metaeuk_output/initial_results/SRR6130428_k63_graph.contig.fa.modified.fas
# Option settings: hmmsearch --domtblout /home/jj/Desktop/Bioinformatics/3rd_year/1term/Computational_genomics/Seminars/exercise_04/./busco/SRR6130428/SRR6130428_k63_contigs/run_saccharomycetes_odb10/hmmer_output/initial_run_results/4598at4891.out --cpu 1 /home/jj/Desktop/Bioinformatics/3rd_year/1term/Computational_genomics/Seminars/exercise_04/busco_downloads/lineages/saccharomycetes_odb10/hmms/4598at4891.hmm /home/jj/Desktop/Bioinformatics/3rd_year/1term/Computational_genomics/Seminars/exercise_04/./busco/SRR6130428/SRR6130428_k63_contigs/run_saccharomycetes_odb10/metaeuk_output/initial_results/SRR6130428_k63_graph.contig.fa.modified.fas 
# Current dir:     /home/jj/Desktop/Bioinformatics/3rd_year/1term/Computational_genomics/Seminars/exercise_04
# Date:            Tue Nov  5 18:38:58 2024
# [ok]
