#                                                                            --- full sequence --- -------------- this domain -------------   hmm coord   ali coord   env coord
# target name        accession   tlen query name           accession   qlen   E-value  score  bias   #  of  c-Evalue  i-Evalue  score  bias  from    to  from    to  from    to  acc description of target
#------------------- ---------- ----- -------------------- ---------- ----- --------- ------ ----- --- --- --------- --------- ------ ----- ----- ----- ----- ----- ----- ----- ---- ---------------------
9688:23815-26706     -            964 4918at4891           -            737  5.1e-299  990.7  20.5   1   3   4.7e-73   2.1e-70  234.9   5.1     1   242     1   310     1   313 0.84 -
9688:23815-26706     -            964 4918at4891           -            737  5.1e-299  990.7  20.5   2   3   2.8e-33   1.3e-30  103.4   0.2   241   325   333   425   320   438 0.88 -
9688:23815-26706     -            964 4918at4891           -            737  5.1e-299  990.7  20.5   3   3  7.6e-202  3.4e-199  660.7   2.4   325   714   451   886   444   919 0.89 -
9404:3811-5742       -            644 4918at4891           -            737   2.8e-81  270.9   4.5   1   2   8.4e-13   3.7e-10   35.7   0.1   225   310    63   157    38   196 0.80 -
9404:3811-5742       -            644 4918at4891           -            737   2.8e-81  270.9   4.5   2   2   1.9e-73   8.5e-71  236.2   1.6   333   712   227   630   197   644 0.84 -
9226:2612-4783       -            724 4918at4891           -            737   2.7e-72  241.1  12.6   1   2   2.9e-05     0.013   10.8   0.2   107   171    11    79     1   110 0.82 -
9226:2612-4783       -            724 4918at4891           -            737   2.7e-72  241.1  12.6   2   2   1.7e-71   7.8e-69  229.7   7.9   193   708   129   724    84   724 0.74 -
9520:6091-8730       -            880 4918at4891           -            737   2.9e-72  241.0  14.5   1   3      0.17        76   -1.7   0.0   101   161   129   188   114   198 0.76 -
9520:6091-8730       -            880 4918at4891           -            737   2.9e-72  241.0  14.5   2   3     1e-14   4.5e-12   42.1   9.0   213   396   270   469   231   480 0.76 -
9520:6091-8730       -            880 4918at4891           -            737   2.9e-72  241.0  14.5   3   3   1.1e-62   4.7e-60  200.7   0.0   467   698   618   874   586   878 0.84 -
9568:8563-10980      -            806 4918at4891           -            737   1.3e-51  172.7   6.9   1   3     1e-09   4.5e-07   25.5   0.0   218   290   189   275   160   299 0.81 -
9568:8563-10980      -            806 4918at4891           -            737   1.3e-51  172.7   6.9   2   3      0.27   1.2e+02   -2.3   0.1   330   373   347   393   321   405 0.70 -
9568:8563-10980      -            806 4918at4891           -            737   1.3e-51  172.7   6.9   3   3   8.5e-46   3.8e-43  144.8   1.0   466   701   509   790   492   803 0.78 -
9406:663-2867        -            735 4918at4891           -            737   2.7e-49  165.1  25.9   1   2   1.4e-10     6e-08   28.4  11.1   146   368    82   324    17   332 0.74 -
9406:663-2867        -            735 4918at4891           -            737   2.7e-49  165.1  25.9   2   2   1.4e-42   6.2e-40  134.2  13.2   343   697   339   712   274   723 0.77 -
#
# Program:         hmmsearch
# Version:         3.1b2 (February 2015)
# Pipeline mode:   SEARCH
# Query file:      /home/jj/Desktop/Bioinformatics/3rd_year/1term/Computational_genomics/Seminars/exercise_04/busco_downloads/lineages/saccharomycetes_odb10/hmms/4918at4891.hmm
# Target file:     /home/jj/Desktop/Bioinformatics/3rd_year/1term/Computational_genomics/Seminars/exercise_04/./busco/SRR6130428/SRR6130428_k63_contigs/run_saccharomycetes_odb10/metaeuk_output/initial_results/SRR6130428_k63_graph.contig.fa.modified.fas
# Option settings: hmmsearch --domtblout /home/jj/Desktop/Bioinformatics/3rd_year/1term/Computational_genomics/Seminars/exercise_04/./busco/SRR6130428/SRR6130428_k63_contigs/run_saccharomycetes_odb10/hmmer_output/initial_run_results/4918at4891.out --cpu 1 /home/jj/Desktop/Bioinformatics/3rd_year/1term/Computational_genomics/Seminars/exercise_04/busco_downloads/lineages/saccharomycetes_odb10/hmms/4918at4891.hmm /home/jj/Desktop/Bioinformatics/3rd_year/1term/Computational_genomics/Seminars/exercise_04/./busco/SRR6130428/SRR6130428_k63_contigs/run_saccharomycetes_odb10/metaeuk_output/initial_results/SRR6130428_k63_graph.contig.fa.modified.fas 
# Current dir:     /home/jj/Desktop/Bioinformatics/3rd_year/1term/Computational_genomics/Seminars/exercise_04
# Date:            Tue Nov  5 18:39:01 2024
# [ok]
