#                                                                            --- full sequence --- -------------- this domain -------------   hmm coord   ali coord   env coord
# target name        accession   tlen query name           accession   qlen   E-value  score  bias   #  of  c-Evalue  i-Evalue  score  bias  from    to  from    to  from    to  acc description of target
#------------------- ---------- ----- -------------------- ---------- ----- --------- ------ ----- --- --- --------- --------- ------ ----- ----- ----- ----- ----- ----- ----- ---- ---------------------
7566:96-1814         -            573 5280at4891           -            470  3.8e-239  791.5   5.0   1   2  1.2e-220  1.7e-218  723.4   1.4     8   406    37   454    31   466 0.95 -
7566:96-1814         -            573 5280at4891           -            470  3.8e-239  791.5   5.0   2   2   1.9e-22   2.7e-20   69.9   0.1   398   470   494   568   457   568 0.77 -
9070:3727-4833       -            369 5280at4891           -            470   5.1e-53  177.8  13.4   1   2   1.7e-38   2.3e-36  122.9   1.0    11   170     1   168     1   179 0.91 -
9070:3727-4833       -            369 5280at4891           -            470   5.1e-53  177.8  13.4   2   2     4e-18   5.6e-16   55.7   5.5   166   347   198   367   179   369 0.81 -
8850:4966-7626       -            887 5280at4891           -            470   2.4e-44  149.2  21.0   1   4   3.3e-09   4.7e-07   26.3   4.3   205   303    43   155    14   184 0.75 -
8850:4966-7626       -            887 5280at4891           -            470   2.4e-44  149.2  21.0   2   4   6.5e-14   9.2e-12   41.8   1.3   265   396   330   463   311   495 0.77 -
8850:4966-7626       -            887 5280at4891           -            470   2.4e-44  149.2  21.0   3   4     0.007      0.99    5.4   0.0   181   256   533   604   517   627 0.84 -
8850:4966-7626       -            887 5280at4891           -            470   2.4e-44  149.2  21.0   4   4   4.5e-26   6.4e-24   81.9   3.6    89   269   662   854   619   866 0.82 -
8660:5537-6670       -            378 5280at4891           -            470   3.4e-36  122.4   9.4   1   3   2.1e-29     3e-27   92.8   2.6    10   169     2   169     1   181 0.92 -
8660:5537-6670       -            378 5280at4891           -            470   3.4e-36  122.4   9.4   2   3   2.3e-11   3.3e-09   33.4   0.2   180   257   203   280   179   299 0.86 -
8660:5537-6670       -            378 5280at4891           -            470   3.4e-36  122.4   9.4   3   3       0.8   1.1e+02   -1.4   0.1   177   197   289   309   278   354 0.66 -
9636:601-1929        -            443 5280at4891           -            470     7e-36  121.3   1.4   1   3   2.3e-12   3.2e-10   36.7   0.2   283   352    67   136    60   149 0.90 -
9636:601-1929        -            443 5280at4891           -            470     7e-36  121.3   1.4   2   3   1.3e-20   1.9e-18   63.8   1.1   277   404   148   275   139   286 0.74 -
9636:601-1929        -            443 5280at4891           -            470     7e-36  121.3   1.4   3   3   1.6e-06   0.00022   17.4   0.0   179   267   331   415   319   429 0.85 -
8866:6641-7975       -            445 5280at4891           -            470   1.3e-32  110.5   2.7   1   3   3.4e-15   4.8e-13   46.0   0.0    90   217     1   136     1   154 0.83 -
8866:6641-7975       -            445 5280at4891           -            470   1.3e-32  110.5   2.7   2   3     1e-07   1.4e-05   21.3   0.1   212   258   180   226   153   250 0.78 -
8866:6641-7975       -            445 5280at4891           -            470   1.3e-32  110.5   2.7   3   3   1.6e-12   2.2e-10   37.2   0.1   277   360   341   445   338   445 0.76 -
8764:3152-5158       -            669 5280at4891           -            470   4.1e-31  105.6  13.4   1   4   2.6e-16   3.7e-14   49.7   0.3   283   365    11    93     6   115 0.89 -
8764:3152-5158       -            669 5280at4891           -            470   4.1e-31  105.6  13.4   2   4     1e-09   1.4e-07   28.0   0.0   194   269   147   221   132   234 0.88 -
8764:3152-5158       -            669 5280at4891           -            470   4.1e-31  105.6  13.4   3   4   1.1e-07   1.5e-05   21.3   0.5   258   332   250   325   241   337 0.78 -
8764:3152-5158       -            669 5280at4891           -            470   4.1e-31  105.6  13.4   4   4   4.2e-05    0.0059   12.7   0.1   208   251   526   569   470   586 0.74 -
9176:215-1456        -            414 5280at4891           -            470     3e-26   89.6   0.6   1   2   7.7e-16   1.1e-13   48.1   0.5   255   361   140   248   123   263 0.80 -
9176:215-1456        -            414 5280at4891           -            470     3e-26   89.6   0.6   2   2   3.2e-13   4.5e-11   39.5   0.0   283   352   268   338   252   346 0.91 -
9518:605-1180        -            192 5280at4891           -            470   1.8e-23   80.4   0.1   1   1   1.6e-25   2.3e-23   80.0   0.1   166   354     5   189     2   190 0.89 -
9296:11341-12246     -            302 5280at4891           -            470   1.8e-20   70.5   0.0   1   2   1.2e-16   1.7e-14   50.8   0.0   221   387     1   170     1   192 0.84 -
9296:11341-12246     -            302 5280at4891           -            470   1.8e-20   70.5   0.0   2   2   1.5e-06   0.00022   17.5   0.0    88   153   229   290   212   295 0.87 -
8756:4501-5133       -            211 5280at4891           -            470   3.5e-20   69.5   0.0   1   2   3.5e-11   4.9e-09   32.8   0.0   284   346     1    62     1    74 0.83 -
8756:4501-5133       -            211 5280at4891           -            470   3.5e-20   69.5   0.0   2   2   7.9e-12   1.1e-09   34.9   0.0    85   147    78   142    67   146 0.86 -
8512:1867-2946       -            360 5280at4891           -            470   4.3e-20   69.2   0.2   1   2   3.4e-10   4.8e-08   29.5   0.1     7    59   111   164   102   167 0.89 -
8512:1867-2946       -            360 5280at4891           -            470   4.3e-20   69.2   0.2   2   2   4.7e-09   6.7e-07   25.7   0.0    77   159   247   328   233   346 0.81 -
9262:13434-14585     -            384 5280at4891           -            470     9e-16   55.0   2.8   1   1   9.6e-18   1.3e-15   54.4   2.8   175   369   119   309   113   327 0.75 -
9644:25675-26058     -            128 5280at4891           -            470   5.4e-11   39.2   0.0   1   1   4.4e-13   6.2e-11   39.1   0.0   175   274    24   122     6   126 0.86 -
9616:24705-25226     -            174 5280at4891           -            470   6.6e-11   39.0   2.0   1   1   4.7e-13   6.6e-11   39.0   2.0   257   357    19   121    14   154 0.81 -
9516:2220-3596       -            459 5280at4891           -            470   1.8e-09   34.2   0.0   1   3       1.4   1.9e+02   -2.1   0.4   239   272    32    65     9   103 0.71 -
9516:2220-3596       -            459 5280at4891           -            470   1.8e-09   34.2   0.0   2   3       2.6   3.7e+02   -3.1   0.0   221   251   236   266   218   269 0.64 -
9516:2220-3596       -            459 5280at4891           -            470   1.8e-09   34.2   0.0   3   3   1.3e-11   1.8e-09   34.2   0.0     9    84   279   354   275   361 0.83 -
9010:6082-6963       -            294 5280at4891           -            470   1.4e-07   28.0   0.0   1   1   1.4e-09     2e-07   27.4   0.0   189   272    28   114    12   134 0.57 -
9710:14247-15062     -            272 5280at4891           -            470   1.2e-06   24.9   0.0   1   1   1.2e-08   1.7e-06   24.4   0.0   277   341   185   251   168   267 0.84 -
9416:2095-4236       -            714 5280at4891           -            470   0.00093   15.4   0.1   1   1   1.1e-05    0.0016   14.6   0.1   193   247    50   105    43   127 0.69 -
#
# Program:         hmmsearch
# Version:         3.1b2 (February 2015)
# Pipeline mode:   SEARCH
# Query file:      /home/jj/Desktop/Bioinformatics/3rd_year/1term/Computational_genomics/Seminars/exercise_04/busco_downloads/lineages/saccharomycetes_odb10/hmms/5280at4891.hmm
# Target file:     /home/jj/Desktop/Bioinformatics/3rd_year/1term/Computational_genomics/Seminars/exercise_04/./busco/SRR6130428/SRR6130428_k63_contigs/run_saccharomycetes_odb10/metaeuk_output/initial_results/SRR6130428_k63_graph.contig.fa.modified.fas
# Option settings: hmmsearch --domtblout /home/jj/Desktop/Bioinformatics/3rd_year/1term/Computational_genomics/Seminars/exercise_04/./busco/SRR6130428/SRR6130428_k63_contigs/run_saccharomycetes_odb10/hmmer_output/initial_run_results/5280at4891.out --cpu 1 /home/jj/Desktop/Bioinformatics/3rd_year/1term/Computational_genomics/Seminars/exercise_04/busco_downloads/lineages/saccharomycetes_odb10/hmms/5280at4891.hmm /home/jj/Desktop/Bioinformatics/3rd_year/1term/Computational_genomics/Seminars/exercise_04/./busco/SRR6130428/SRR6130428_k63_contigs/run_saccharomycetes_odb10/metaeuk_output/initial_results/SRR6130428_k63_graph.contig.fa.modified.fas 
# Current dir:     /home/jj/Desktop/Bioinformatics/3rd_year/1term/Computational_genomics/Seminars/exercise_04
# Date:            Tue Nov  5 18:39:03 2024
# [ok]
