#                                                                            --- full sequence --- -------------- this domain -------------   hmm coord   ali coord   env coord
# target name        accession   tlen query name           accession   qlen   E-value  score  bias   #  of  c-Evalue  i-Evalue  score  bias  from    to  from    to  from    to  acc description of target
#------------------- ---------- ----- -------------------- ---------- ----- --------- ------ ----- --- --- --------- --------- ------ ----- ----- ----- ----- ----- ----- ----- ---- ---------------------
9018:8533-10704      -            724 5371at4891           -            270  1.1e-130  431.8   5.6   1   3   9.6e-68   2.2e-66  221.0   0.3     4   146   282   445   279   457 0.90 -
9018:8533-10704      -            724 5371at4891           -            270  1.1e-130  431.8   5.6   2   3   5.2e-50   1.2e-48  162.8   0.0   145   230   469   554   465   568 0.94 -
9018:8533-10704      -            724 5371at4891           -            270  1.1e-130  431.8   5.6   3   3   2.1e-15   4.9e-14   49.3   0.2   229   270   672   713   665   713 0.93 -
8804:3362-4279       -            306 5371at4891           -            270   1.5e-46  156.0   0.5   1   1   9.1e-48   2.1e-46  155.5   0.5    23   222     1   215     1   223 0.86 -
7804:258-1562        -            435 5371at4891           -            270     2e-38  129.3   0.1   1   2     5e-33   1.2e-31  107.1   0.1    23   236    20   241     6   256 0.85 -
7804:258-1562        -            435 5371at4891           -            270     2e-38  129.3   0.1   2   2   1.6e-06   3.8e-05   20.2   0.0   243   268   276   301   265   303 0.93 -
8384:242-1183        -            314 5371at4891           -            270     1e-35  120.4   0.1   1   2   2.1e-29   4.9e-28   95.2   0.1    24   229     6   235     2   241 0.81 -
8384:242-1183        -            314 5371at4891           -            270     1e-35  120.4   0.1   2   2     2e-07   4.7e-06   23.1   0.0   243   269   278   304   269   305 0.95 -
8068:741-1847        -            369 5371at4891           -            270     1e-32  110.6   2.1   1   2   1.5e-26   3.5e-25   85.9   1.0    24   229    16   248     6   258 0.76 -
8068:741-1847        -            369 5371at4891           -            270     1e-32  110.6   2.1   2   2   1.5e-06   3.5e-05   20.3   0.0   242   269   291   318   284   319 0.94 -
9022:9769-10653      -            295 5371at4891           -            270   7.1e-31  104.5   0.0   1   2   5.6e-27   1.3e-25   87.3   0.0    24   232     1   225     1   234 0.77 -
9022:9769-10653      -            295 5371at4891           -            270   7.1e-31  104.5   0.0   2   2   5.4e-05    0.0013   15.2   0.0   242   269   266   293   262   294 0.95 -
9548:337-1380        -            348 5371at4891           -            270   1.5e-30  103.5   0.2   1   2   5.3e-25   1.2e-23   80.8   0.1    19   229     6   240     2   249 0.76 -
9548:337-1380        -            348 5371at4891           -            270   1.5e-30  103.5   0.2   2   2   1.9e-06   4.5e-05   19.9   0.0   242   269   281   308   270   309 0.92 -
9674:28087-29058     -            324 5371at4891           -            270   1.9e-28   96.6   0.0   1   2   8.3e-26   1.9e-24   83.4   0.0    31   236     4   228     2   254 0.78 -
9674:28087-29058     -            324 5371at4891           -            270   1.9e-28   96.6   0.0   2   2    0.0012     0.028   10.8   0.0   243   270   265   292   252   292 0.96 -
8586:248-1081        -            278 5371at4891           -            270   1.6e-27   93.6   0.0   1   1   8.9e-29   2.1e-27   93.2   0.0    16   268     6   277     2   278 0.79 -
9578:6054-6923       -            290 5371at4891           -            270   3.1e-27   92.6   0.2   1   1   3.3e-26   7.7e-25   84.7   0.2    92   270    83   284     1   284 0.72 -
9082:7406-8569       -            388 5371at4891           -            270   1.2e-26   90.6   0.0   1   1   8.8e-28   2.1e-26   89.9   0.0    64   268    87   291    83   293 0.84 -
9284:13564-14592     -            343 5371at4891           -            270   4.7e-26   88.7   0.0   1   1   3.3e-27   7.6e-26   88.1   0.0    64   269    95   303    91   304 0.82 -
8554:159-1031        -            291 5371at4891           -            270   5.1e-26   88.6   0.0   1   2   1.1e-22   2.7e-21   73.1   0.0    29   237     4   230     1   242 0.78 -
8554:159-1031        -            291 5371at4891           -            270   5.1e-26   88.6   0.0   2   2   0.00018    0.0041   13.5   0.0   243   270   262   289   244   289 0.91 -
9648:180-2069        -            630 5371at4891           -            270   7.6e-26   88.1   0.0   1   1   5.6e-27   1.3e-25   87.3   0.0    24   270    50   304    36   304 0.80 -
9724:16735-17796     -            354 5371at4891           -            270   1.2e-25   87.4   2.2   1   3       1.7        40    0.4   0.0    24    42     3    21     1    25 0.86 -
9724:16735-17796     -            354 5371at4891           -            270   1.2e-25   87.4   2.2   2   3   1.9e-24   4.3e-23   79.0   1.4    72   233    92   273    51   282 0.74 -
9724:16735-17796     -            354 5371at4891           -            270   1.2e-25   87.4   2.2   3   3     0.079       1.8    4.8   0.0   244   270   328   354   309   354 0.90 -
9680:14913-17372     -            820 5371at4891           -            270   1.5e-25   87.1   0.0   1   1     2e-26   4.6e-25   85.5   0.0    20   269   193   466   179   467 0.77 -
9494:7698-8528       -            277 5371at4891           -            270     2e-25   86.7   0.2   1   2   2.9e-26   6.8e-25   84.9   0.2    33   233     2   217     1   230 0.74 -
9494:7698-8528       -            277 5371at4891           -            270     2e-25   86.7   0.2   2   2       3.7        86   -0.7   0.0   242   266   251   275   239   277 0.83 -
9576:4640-5464       -            275 5371at4891           -            270   3.3e-25   86.0   0.0   1   1   1.7e-26   3.9e-25   85.7   0.0    19   269     4   273     1   274 0.76 -
9140:10766-11608     -            281 5371at4891           -            270   3.8e-25   85.8   0.1   1   2   7.4e-26   1.7e-24   83.6   0.0    32   229     1   213     1   223 0.79 -
9140:10766-11608     -            281 5371at4891           -            270   3.8e-25   85.8   0.1   2   2       2.8        65   -0.3   0.0   243   269   252   278   241   279 0.90 -
9376:4767-5852       -            362 5371at4891           -            270   6.1e-25   85.1   3.6   1   3     4e-20   9.3e-19   64.8   0.5   103   230   111   239     3   260 0.80 -
9376:4767-5852       -            362 5371at4891           -            270   6.1e-25   85.1   3.6   2   3     2e-06   4.6e-05   19.9   0.0   243   269   280   306   277   307 0.94 -
9376:4767-5852       -            362 5371at4891           -            270   6.1e-25   85.1   3.6   3   3       7.6   1.8e+02   -1.7   0.1   217   239   325   347   320   350 0.84 -
8460:1970-2827       -            286 5371at4891           -            270   2.9e-24   82.9   0.5   1   2   3.3e-20   7.6e-19   65.1   0.0    25   230     2   215     1   229 0.74 -
8460:1970-2827       -            286 5371at4891           -            270   2.9e-24   82.9   0.5   2   2   2.2e-05   0.00051   16.5   0.1   241   268   259   286   222   286 0.77 -
9582:21971-22969     -            333 5371at4891           -            270   4.3e-24   82.3   0.0   1   1   2.8e-25   6.6e-24   81.7   0.0    65   269    65   272    58   273 0.79 -
9666:20504-21955     -            484 5371at4891           -            270   5.6e-24   81.9   0.2   1   2   1.5e-22   3.6e-21   72.7   0.1    26   230   168   384   145   410 0.77 -
9666:20504-21955     -            484 5371at4891           -            270   5.6e-24   81.9   0.2   2   2     0.026       0.6    6.4   0.0   242   270   427   455   408   455 0.86 -
8772:6932-7705       -            258 5371at4891           -            270   9.7e-24   81.2   0.0   1   1   4.6e-25   1.1e-23   81.0   0.0    25   260     4   245     1   258 0.82 -
9168:5060-6598       -            513 5371at4891           -            270   1.3e-23   80.7   0.0   1   1   1.4e-24   3.2e-23   79.5   0.0   106   270   301   481   188   481 0.70 -
9342:14110-15051     -            314 5371at4891           -            270   1.6e-23   80.4   0.9   1   2   1.9e-19   4.3e-18   62.6   0.6    29   230     4   242     1   254 0.74 -
9342:14110-15051     -            314 5371at4891           -            270   1.6e-23   80.4   0.9   2   2    0.0003    0.0069   12.8   0.0   243   270   281   308   268   308 0.92 -
9722:16235-17092     -            286 5371at4891           -            270   2.7e-23   79.7   0.0   1   1   2.3e-24   5.4e-23   78.7   0.0    26   269     2   284     1   285 0.78 -
8588:5598-6413       -            272 5371at4891           -            270   2.4e-22   76.6   0.0   1   1   1.3e-23   3.1e-22   76.2   0.0    24   270    10   267     3   267 0.83 -
9648:20903-21709     -            269 5371at4891           -            270   7.3e-22   75.0   0.0   1   1   9.8e-23   2.3e-21   73.4   0.0    25   266     5   269     1   269 0.68 -
9468:11302-12276     -            325 5371at4891           -            270   7.9e-22   74.9   3.8   1   2   4.6e-20   1.1e-18   64.6   1.5    26   235     5   240     2   248 0.63 -
9468:11302-12276     -            325 5371at4891           -            270   7.9e-22   74.9   3.8   2   2    0.0053      0.12    8.7   0.0   241   270   276   305   261   305 0.84 -
9508:1626-2423       -            266 5371at4891           -            270   1.3e-21   74.2   1.4   1   2   2.9e-16   6.9e-15   52.1   0.5   109   247    65   200    43   219 0.79 -
9508:1626-2423       -            266 5371at4891           -            270   1.3e-21   74.2   1.4   2   2   7.9e-07   1.8e-05   21.2   0.0   242   269   230   257   218   258 0.94 -
8796:234-743         -            170 5371at4891           -            270   1.8e-21   73.7   0.0   1   2   1.2e-19   2.7e-18   63.3   0.0   153   218     6    71     3   105 0.86 -
8796:234-743         -            170 5371at4891           -            270   1.8e-21   73.7   0.0   2   2    0.0046      0.11    8.9   0.0   242   269   140   167   111   168 0.86 -
8018:2579-3376       -            266 5371at4891           -            270   2.6e-21   73.2   0.0   1   1   1.3e-22   3.1e-21   73.0   0.0    24   270     5   262     1   262 0.82 -
9144:11649-12578     -            310 5371at4891           -            270   2.6e-21   73.2   1.0   1   1   1.1e-22   2.6e-21   73.2   1.0    73   269    89   282    63   283 0.83 -
9700:35509-36408     -            300 5371at4891           -            270     4e-21   72.6   0.1   1   2     9e-19   2.1e-17   60.4   0.0    26   227     1   214     1   235 0.78 -
9700:35509-36408     -            300 5371at4891           -            270     4e-21   72.6   0.1   2   2    0.0015     0.035   10.4   0.0   233   270   248   285   242   285 0.86 -
9274:513-1736        -            408 5371at4891           -            270   4.9e-21   72.3   0.0   1   2    0.0019     0.044   10.1   0.0    25    60    10    45     2    52 0.88 -
9274:513-1736        -            408 5371at4891           -            270   4.9e-21   72.3   0.0   2   2   1.2e-18   2.8e-17   60.0   0.0   113   260   140   292    85   298 0.83 -
9688:6201-6989       -            263 5371at4891           -            270   4.9e-21   72.3   0.0   1   1   2.8e-22   6.5e-21   71.9   0.0    55   266    44   263     1   263 0.73 -
8764:438-2084        -            549 5371at4891           -            270   5.2e-21   72.2   2.4   1   3       1.7        39    0.5   0.0    23    43    72    92    57    96 0.82 -
8764:438-2084        -            549 5371at4891           -            270   5.2e-21   72.2   2.4   2   3   2.7e-18   6.3e-17   58.8   0.2   102   216   255   369   154   384 0.75 -
8764:438-2084        -            549 5371at4891           -            270   5.2e-21   72.2   2.4   3   3     0.001     0.023   11.0   0.1   243   269   437   463   432   464 0.92 -
9280:3099-4592       -            498 5371at4891           -            270   7.5e-21   71.7   1.1   1   3   6.6e-09   1.5e-07   28.0   0.2    23   178    22   194    11   208 0.72 -
9280:3099-4592       -            498 5371at4891           -            270   7.5e-21   71.7   1.1   2   3   6.5e-07   1.5e-05   21.5   0.0   174   222   272   322   239   336 0.84 -
9280:3099-4592       -            498 5371at4891           -            270   7.5e-21   71.7   1.1   3   3   0.00024    0.0055   13.1   0.1   229   270   421   462   409   462 0.91 -
9026:3240-4322       -            361 5371at4891           -            270     8e-21   71.6   0.0   1   1   4.6e-22   1.1e-20   71.2   0.0    22   269    99   354    84   355 0.79 -
9538:10065-10994     -            310 5371at4891           -            270   8.3e-21   71.5   1.8   1   2       4.6   1.1e+02   -1.0   0.0    29    63     7    41     3    49 0.70 -
9538:10065-10994     -            310 5371at4891           -            270   8.3e-21   71.5   1.8   2   2   5.1e-22   1.2e-20   71.0   0.5    73   270    89   283    67   283 0.83 -
9220:10894-11814     -            307 5371at4891           -            270     2e-20   70.2   0.0   1   1   2.4e-21   5.5e-20   68.8   0.0    45   269    47   284     2   285 0.83 -
9516:8073-8876       -            268 5371at4891           -            270   4.2e-20   69.2   2.3   1   1   5.2e-21   1.2e-19   67.7   2.3    25   268     9   267     2   268 0.71 -
9220:8467-9282       -            272 5371at4891           -            270   8.2e-20   68.3   0.0   1   2      0.32       7.4    2.8   0.0    30   119     7    98     2   103 0.74 -
9220:8467-9282       -            272 5371at4891           -            270   8.2e-20   68.3   0.0   2   2     1e-19   2.4e-18   63.5   0.0   109   269   107   270   101   271 0.80 -
8710:5595-6479       -            295 5371at4891           -            270   2.8e-19   66.5   0.1   1   3       2.4        56   -0.1   0.0    27    46     2    21     1    46 0.76 -
8710:5595-6479       -            295 5371at4891           -            270   2.8e-19   66.5   0.1   2   3   3.1e-07   7.2e-06   22.5   0.1    73   142    75   148    53   160 0.81 -
8710:5595-6479       -            295 5371at4891           -            270   2.8e-19   66.5   0.1   3   3   1.1e-12   2.6e-11   40.4   0.0   154   270   177   295   173   295 0.85 -
9470:3000-4022       -            341 5371at4891           -            270   4.2e-19   65.9   0.2   1   1   2.8e-18   6.6e-17   58.7   0.2    22   269    20   305     8   306 0.63 -
9404:2234-3256       -            341 5371at4891           -            270     5e-19   65.7   0.2   1   1   2.7e-19   6.4e-18   62.1   0.2    24   269    39   319    25   320 0.68 -
9214:3531-4694       -            388 5371at4891           -            270   7.2e-19   65.2   0.0   1   1   5.5e-20   1.3e-18   64.4   0.0    16   269    56   321    50   322 0.77 -
9270:5360-6181       -            274 5371at4891           -            270   8.4e-19   65.0   0.0   1   1   5.1e-20   1.2e-18   64.5   0.0    26   269     1   268     1   269 0.71 -
9112:9860-10915      -            352 5371at4891           -            270   9.7e-19   64.8   0.0   1   1   1.1e-19   2.5e-18   63.4   0.0    16   269    12   277     7   278 0.76 -
9724:42501-46928     -           1476 5371at4891           -            270   1.3e-18   64.4   0.0   1   1   1.3e-19   3.1e-18   63.1   0.0    26   268  1175  1439  1153  1441 0.65 -
9388:2420-3211       -            264 5371at4891           -            270   1.4e-18   64.3   0.7   1   1   1.8e-19   4.2e-18   62.7   0.7    25   219     4   221     1   263 0.74 -
9556:876-1871        -            332 5371at4891           -            270   1.6e-18   64.0   0.1   1   3       1.6        37    0.5   0.0    26    44    13    31     3    56 0.84 -
9556:876-1871        -            332 5371at4891           -            270   1.6e-18   64.0   0.1   2   3   6.8e-08   1.6e-06   24.7   0.1   102   145   132   175    80   188 0.75 -
9556:876-1871        -            332 5371at4891           -            270   1.6e-18   64.0   0.1   3   3   5.8e-11   1.3e-09   34.8   0.0   154   270   211   329   209   329 0.83 -
9652:9845-11956      -            704 5371at4891           -            270   2.7e-18   63.3   0.0   1   1   2.6e-19   6.1e-18   62.1   0.0    27   269    83   337    75   338 0.74 -
9206:2109-6836       -           1576 5371at4891           -            270   4.3e-18   62.6   0.1   1   2   2.2e-12   5.2e-11   39.4   0.1     7   160  1245  1410  1239  1418 0.74 -
9206:2109-6836       -           1576 5371at4891           -            270   4.3e-18   62.6   0.1   2   2   1.5e-06   3.5e-05   20.3   0.0   171   269  1456  1558  1436  1559 0.74 -
8792:3540-5258       -            573 5371at4891           -            270   5.1e-18   62.4   0.0   1   1   2.8e-19   6.5e-18   62.0   0.0    24   268   300   552   273   554 0.83 -
9696:23411-25501     -            697 5371at4891           -            270   1.6e-17   60.7   0.1   1   1   2.3e-18   5.3e-17   59.0   0.0   101   269   527   692   471   693 0.81 -
7984:778-3069        -            764 5371at4891           -            270   2.1e-17   60.4   0.0   1   1   1.4e-18   3.2e-17   59.8   0.0    13   260   339   598   335   612 0.74 -
8796:1455-1940       -            162 5371at4891           -            270   2.3e-17   60.3   0.7   1   1     5e-18   1.2e-16   57.9   0.7    15   141     7   162     2   162 0.80 -
8492:4616-5878       -            421 5371at4891           -            270   3.4e-17   59.7   0.9   1   1   4.9e-17   1.2e-15   54.7   0.9    28   269   115   395   106   396 0.68 -
9332:9525-11471      -            649 5371at4891           -            270   4.5e-17   59.3   0.0   1   1   3.1e-18   7.3e-17   58.6   0.0   106   268   475   633   443   635 0.82 -
9270:2604-3470       -            289 5371at4891           -            270   6.3e-17   58.8   0.0   1   1   6.4e-17   1.5e-15   54.3   0.0   108   269   116   280     4   281 0.77 -
9680:21437-22237     -            267 5371at4891           -            270   1.3e-16   57.8   0.0   1   1   5.8e-17   1.4e-15   54.4   0.0    19   269    11   264     3   265 0.72 -
9650:24829-29790     -           1654 5371at4891           -            270   1.4e-16   57.7   0.6   1   3    0.0068      0.16    8.3   0.0   116   267   371   520   359   523 0.68 -
9650:24829-29790     -           1654 5371at4891           -            270   1.4e-16   57.7   0.6   2   3    0.0027     0.062    9.6   0.0    24    76   592   650   582   668 0.73 -
9650:24829-29790     -           1654 5371at4891           -            270   1.4e-16   57.7   0.6   3   3   5.3e-11   1.2e-09   34.9   0.0   110   269   807   976   776   977 0.75 -
9568:2563-4101       -            513 5371at4891           -            270   4.4e-16   56.0   0.0   1   1     5e-17   1.2e-15   54.7   0.0   105   268   302   465   265   467 0.87 -
9714:25935-26888     -            318 5371at4891           -            270   5.2e-16   55.8   0.0   1   1   3.2e-17   7.5e-16   55.3   0.0    75   268    76   277    13   279 0.80 -
9138:5514-8171       -            886 5371at4891           -            270   6.9e-16   55.4   0.0   1   3       1.8        43    0.3   0.0    20    72     9    72     3   100 0.60 -
9138:5514-8171       -            886 5371at4891           -            270   6.9e-16   55.4   0.0   2   3   1.3e-15     3e-14   50.0   0.0   112   264   142   311   133   317 0.75 -
9138:5514-8171       -            886 5371at4891           -            270   6.9e-16   55.4   0.0   3   3         3        70   -0.4   0.0   147   185   382   423   374   430 0.68 -
9502:2145-3251       -            369 5371at4891           -            270   7.3e-16   55.3   0.6   1   3       1.8        43    0.3   0.0    59   104    44    94    14   101 0.75 -
9502:2145-3251       -            369 5371at4891           -            270   7.3e-16   55.3   0.6   2   3   5.1e-16   1.2e-14   51.3   0.0   113   205   138   239   124   249 0.81 -
9502:2145-3251       -            369 5371at4891           -            270   7.3e-16   55.3   0.6   3   3       3.6        85   -0.6   0.0   238   265   338   365   305   367 0.72 -
9558:17836-18582     -            249 5371at4891           -            270   1.2e-15   54.6   0.0   1   1   6.5e-17   1.5e-15   54.3   0.0    31   267     2   248     1   249 0.75 -
9370:13593-17402     -           1270 5371at4891           -            270   1.7e-15   54.1   0.0   1   1     5e-16   1.2e-14   51.4   0.0     6   269   958  1256   954  1257 0.68 -
9708:2183-3157       -            325 5371at4891           -            270   2.3e-15   53.7   0.2   1   1   2.5e-16   5.8e-15   52.4   0.1   112   269   154   324   146   325 0.75 -
9352:14667-17009     -            781 5371at4891           -            270   3.8e-15   53.0   0.0   1   1   2.6e-16     6e-15   52.3   0.0   107   270   607   766   578   766 0.87 -
9344:12609-14093     -            495 5371at4891           -            270   4.6e-15   52.7   0.0   1   2   4.4e-07     1e-05   22.0   0.1    29   146     9   143     3   152 0.62 -
9344:12609-14093     -            495 5371at4891           -            270   4.6e-15   52.7   0.0   2   2   5.1e-09   1.2e-07   28.4   0.0   172   269   359   466   330   467 0.74 -
8386:2346-3074       -            243 5371at4891           -            270   5.9e-15   52.3   0.0   1   1   5.8e-16   1.4e-14   51.2   0.0   112   269    69   239    64   240 0.72 -
7674:805-1767        -            321 5371at4891           -            270   9.1e-15   51.7   6.5   1   1   5.1e-15   1.2e-13   48.1   6.5    10   269    15   319     5   320 0.75 -
7822:341-1144        -            268 5371at4891           -            270     5e-14   49.3   0.0   1   1   3.1e-15   7.2e-14   48.8   0.0   109   268   104   268    31   268 0.69 -
9598:11083-11721     -            213 5371at4891           -            270   7.3e-14   48.8   0.0   1   2   8.1e-15   1.9e-13   47.4   0.0    33   184     4   172     1   181 0.71 -
9598:11083-11721     -            213 5371at4891           -            270   7.3e-14   48.8   0.0   2   2       9.2   2.1e+02   -2.0   0.0   190   207   195   212   192   213 0.81 -
9288:6241-7161       -            307 5371at4891           -            270   7.6e-14   48.7   0.0   1   1   1.6e-14   3.7e-13   46.4   0.0    62   268    45   276     1   278 0.68 -
8274:2342-3058       -            239 5371at4891           -            270   8.4e-14   48.6   0.0   1   1   6.6e-15   1.5e-13   47.7   0.0    31   262     2   237     1   239 0.67 -
9138:9482-10486      -            335 5371at4891           -            270   1.7e-13   47.5   0.0   1   2    0.0062      0.14    8.4   0.0    24    67    39    87    22   126 0.71 -
9138:9482-10486      -            335 5371at4891           -            270   1.7e-13   47.5   0.0   2   2   1.6e-11   3.8e-10   36.6   0.0   112   268   159   334   151   335 0.71 -
9574:22194-23423     -            410 5371at4891           -            270   1.9e-13   47.4   0.3   1   2   4.1e-06   9.5e-05   18.9   0.6    21   142    13   150     1   174 0.68 -
9574:22194-23423     -            410 5371at4891           -            270   1.9e-13   47.4   0.3   2   2   3.6e-08   8.4e-07   25.6   0.0   172   269   237   338   232   339 0.72 -
9288:1887-2741       -            285 5371at4891           -            270   2.1e-13   47.3   0.5   1   1   3.5e-14   8.2e-13   45.3   0.5    61   214    61   219    52   283 0.64 -
9236:8838-9737       -            300 5371at4891           -            270     3e-13   46.7   0.0   1   1     2e-14   4.7e-13   46.1   0.0    23   260     7   255     1   270 0.73 -
8450:345-1649        -            435 5371at4891           -            270   5.2e-13   46.0   0.0   1   3       0.3       6.9    2.9   0.0    24    60    23    61    14   118 0.75 -
8450:345-1649        -            435 5371at4891           -            270   5.2e-13   46.0   0.0   2   3     0.042      0.98    5.7   0.0   129   146   170   187   166   199 0.74 -
8450:345-1649        -            435 5371at4891           -            270   5.2e-13   46.0   0.0   3   3   1.8e-10   4.2e-09   33.1   0.0   153   264   226   338   221   342 0.82 -
8850:3013-4704       -            564 5371at4891           -            270   6.8e-13   45.6   1.5   1   3       4.3     1e+02   -0.9   0.1   229   265    90   126    83   128 0.78 -
8850:3013-4704       -            564 5371at4891           -            270   6.8e-13   45.6   1.5   2   3   3.2e-05   0.00075   15.9   0.2   107   144   266   303   149   316 0.54 -
8850:3013-4704       -            564 5371at4891           -            270   6.8e-13   45.6   1.5   3   3   4.4e-08     1e-06   25.3   0.0   167   264   362   463   356   470 0.81 -
9242:6452-8167       -            572 5371at4891           -            270   1.1e-12   44.9   1.5   1   3         8   1.9e+02   -1.8   0.1   228   265    97   134    91   136 0.82 -
9242:6452-8167       -            572 5371at4891           -            270   1.1e-12   44.9   1.5   2   3   8.1e-06   0.00019   17.9   0.2   106   146   273   313   155   327 0.49 -
9242:6452-8167       -            572 5371at4891           -            270   1.1e-12   44.9   1.5   3   3   2.3e-07   5.4e-06   23.0   0.0   167   260   370   467   366   477 0.67 -
9050:611-1576        -            322 5371at4891           -            270   1.5e-12   44.5   2.8   1   3      0.29       6.7    3.0   0.0    24    48     3    27     1    66 0.83 -
9050:611-1576        -            322 5371at4891           -            270   1.5e-12   44.5   2.8   2   3   5.1e-08   1.2e-06   25.1   0.9    53   151    95   196    85   229 0.79 -
9050:611-1576        -            322 5371at4891           -            270   1.5e-12   44.5   2.8   3   3   6.5e-05    0.0015   14.9   0.0   190   265   245   321   236   322 0.80 -
9660:6627-7220       -            198 5371at4891           -            270   4.1e-12   43.0   0.0   1   1     2e-13   4.6e-12   42.9   0.0    53   202    38   195     3   198 0.73 -
9396:10785-11381     -            199 5371at4891           -            270   5.6e-12   42.6   0.9   1   1   3.1e-13   7.2e-12   42.2   0.9    66   206    47   192    10   196 0.77 -
9000:1272-2168       -            299 5371at4891           -            270   6.9e-12   42.3   1.6   1   2   2.1e-12   4.9e-11   39.5   1.0    74   207    67   203     2   214 0.67 -
9000:1272-2168       -            299 5371at4891           -            270   6.9e-12   42.3   1.6   2   2       1.5        34    0.6   0.0   245   269   273   297   270   298 0.91 -
7948:472-1854        -            461 5371at4891           -            270   7.7e-11   38.8   0.0   1   1   8.4e-12   1.9e-10   37.5   0.0   110   206   275   383   264   402 0.82 -
9022:791-1471        -            227 5371at4891           -            270   7.8e-11   38.8   4.4   1   1   1.8e-11   4.2e-10   36.4   4.4    54   257    10   227     6   227 0.75 -
8798:2318-3331       -            338 5371at4891           -            270   8.9e-11   38.6   0.3   1   2       3.6        85   -0.6   0.0    24    51     9    42     2    62 0.72 -
8798:2318-3331       -            338 5371at4891           -            270   8.9e-11   38.6   0.3   2   2   3.1e-11   7.2e-10   35.7   0.0   111   262   160   324   147   330 0.64 -
9316:2356-5388       -           1011 5371at4891           -            270   1.1e-10   38.3   0.0   1   2   4.9e-08   1.1e-06   25.2   0.0   112   146   675   709   564   759 0.77 -
9316:2356-5388       -           1011 5371at4891           -            270   1.1e-10   38.3   0.0   2   2    0.0013     0.029   10.7   0.0   192   269   799   879   787   880 0.73 -
9572:16580-17233     -            218 5371at4891           -            270   2.3e-10   37.3   1.6   1   1   2.1e-11   4.8e-10   36.2   1.6    33   208     2   200     1   213 0.67 -
9442:11388-12206     -            273 5371at4891           -            270   2.7e-10   37.1   0.0   1   1   4.9e-11   1.2e-09   35.0   0.0    93   264    81   244     1   250 0.66 -
8666:1918-2913       -            332 5371at4891           -            270   3.4e-10   36.7   4.8   1   2     0.041      0.95    5.7   1.5    24   103     2    80     1    94 0.74 -
8666:1918-2913       -            332 5371at4891           -            270   3.4e-10   36.7   4.8   2   2   5.9e-08   1.4e-06   24.9   0.1   110   268   125   318   118   320 0.65 -
9390:2655-7010       -           1452 5371at4891           -            270   3.6e-10   36.6   3.9   1   3   1.3e-08   3.1e-07   27.0   0.2    73   152    84   166    64   172 0.83 -
9390:2655-7010       -           1452 5371at4891           -            270   3.6e-10   36.6   3.9   2   3    0.0036     0.083    9.2   0.0   192   265   220   293   215   296 0.85 -
9390:2655-7010       -           1452 5371at4891           -            270   3.6e-10   36.6   3.9   3   3       6.1   1.4e+02   -1.4   0.2    73   109   744   780   719   793 0.72 -
9316:14764-15318     -            185 5371at4891           -            270   8.3e-10   35.5   0.2   1   1   4.8e-11   1.1e-09   35.0   0.2    64   214    24   181    15   185 0.76 -
7548:67-747          -            227 5371at4891           -            270   1.6e-09   34.5   0.0   1   1   9.4e-11   2.2e-09   34.1   0.0    25   213     2   208     1   227 0.73 -
8836:7701-8510       -            270 5371at4891           -            270   1.6e-08   31.3   0.0   1   1     1e-09   2.4e-08   30.7   0.0    62   144    59   148    34   186 0.82 -
9250:1334-1957       -            208 5371at4891           -            270   3.3e-08   30.2   0.0   1   1   1.6e-09   3.7e-08   30.0   0.0    26   163     1   148     1   203 0.75 -
8194:3006-3602       -            199 5371at4891           -            270   4.1e-08   29.9   0.0   1   1   2.2e-09   5.1e-08   29.6   0.0   104   211    24   141     6   190 0.78 -
9708:4262-6904       -            881 5371at4891           -            270   8.3e-08   28.9   0.6   1   2   2.2e-08   5.1e-07   26.3   0.1    29   169   418   580   409   584 0.68 -
9708:4262-6904       -            881 5371at4891           -            270   8.3e-08   28.9   0.6   2   2       2.8        66   -0.3   0.0   193   213   793   813   785   840 0.83 -
9574:11971-12594     -            208 5371at4891           -            270   1.1e-07   28.5   0.0   1   1   5.3e-09   1.2e-07   28.3   0.0    27   163     2   148     1   204 0.73 -
9500:730-1611        -            294 5371at4891           -            270   4.1e-07   26.6   0.0   1   1   3.9e-08   9.2e-07   25.5   0.0   106   213   121   238    98   286 0.73 -
9526:4843-6750       -            636 5371at4891           -            270   4.3e-07   26.5   0.0   1   1   3.4e-08   7.9e-07   25.7   0.0    29   268   331   590   319   592 0.68 -
9678:8748-11114      -            789 5371at4891           -            270   8.3e-07   25.6   0.1   1   1   7.6e-08   1.8e-06   24.5   0.1   110   222   149   270   108   324 0.80 -
8416:2551-3603       -            351 5371at4891           -            270     1e-06   25.3   0.0   1   1   6.9e-08   1.6e-06   24.7   0.0   103   152   100   149    41   170 0.83 -
9336:5762-6706       -            315 5371at4891           -            270   2.6e-06   24.0   1.2   1   1   2.2e-07   5.2e-06   23.0   1.2    95   266   135   315   122   315 0.68 -
8626:1051-1599       -            183 5371at4891           -            270   3.6e-06   23.5   0.0   1   1   2.3e-07   5.4e-06   22.9   0.0   113   151    28    66    17    73 0.86 -
8766:2416-3300       -            295 5371at4891           -            270   8.1e-06   22.4   0.0   1   1   1.1e-06   2.5e-05   20.8   0.0   130   263   151   294   141   295 0.70 -
9532:12469-14466     -            666 5371at4891           -            270   2.4e-05   20.9   0.1   1   3       5.6   1.3e+02   -1.3   0.0    23    44   170   191   145   195 0.77 -
9532:12469-14466     -            666 5371at4891           -            270   2.4e-05   20.9   0.1   2   3     3e-05   0.00071   16.0   0.0   108   142   325   359   321   386 0.88 -
9532:12469-14466     -            666 5371at4891           -            270   2.4e-05   20.9   0.1   3   3       1.3        30    0.8   0.0   188   215   438   465   435   520 0.85 -
8928:6748-8022       -            425 5371at4891           -            270   0.00031   17.2   0.1   1   1     2e-05   0.00047   16.6   0.1    14   163   109   258   104   268 0.80 -
9418:1089-4097       -           1003 5371at4891           -            270   0.00069   16.1   0.0   1   1   0.00015    0.0034   13.8   0.0   113   145   800   832   794   929 0.61 -
#
# Program:         hmmsearch
# Version:         3.1b2 (February 2015)
# Pipeline mode:   SEARCH
# Query file:      /home/jj/Desktop/Bioinformatics/3rd_year/1term/Computational_genomics/Seminars/exercise_04/busco_downloads/lineages/saccharomycetes_odb10/hmms/5371at4891.hmm
# Target file:     /home/jj/Desktop/Bioinformatics/3rd_year/1term/Computational_genomics/Seminars/exercise_04/./busco/SRR6130428/SRR6130428_k63_contigs/run_saccharomycetes_odb10/metaeuk_output/initial_results/SRR6130428_k63_graph.contig.fa.modified.fas
# Option settings: hmmsearch --domtblout /home/jj/Desktop/Bioinformatics/3rd_year/1term/Computational_genomics/Seminars/exercise_04/./busco/SRR6130428/SRR6130428_k63_contigs/run_saccharomycetes_odb10/hmmer_output/initial_run_results/5371at4891.out --cpu 1 /home/jj/Desktop/Bioinformatics/3rd_year/1term/Computational_genomics/Seminars/exercise_04/busco_downloads/lineages/saccharomycetes_odb10/hmms/5371at4891.hmm /home/jj/Desktop/Bioinformatics/3rd_year/1term/Computational_genomics/Seminars/exercise_04/./busco/SRR6130428/SRR6130428_k63_contigs/run_saccharomycetes_odb10/metaeuk_output/initial_results/SRR6130428_k63_graph.contig.fa.modified.fas 
# Current dir:     /home/jj/Desktop/Bioinformatics/3rd_year/1term/Computational_genomics/Seminars/exercise_04
# Date:            Tue Nov  5 18:39:04 2024
# [ok]
