#                                                                            --- full sequence --- -------------- this domain -------------   hmm coord   ali coord   env coord
# target name        accession   tlen query name           accession   qlen   E-value  score  bias   #  of  c-Evalue  i-Evalue  score  bias  from    to  from    to  from    to  acc description of target
#------------------- ---------- ----- -------------------- ---------- ----- --------- ------ ----- --- --- --------- --------- ------ ----- ----- ----- ----- ----- ----- ----- ---- ---------------------
9606:18941-21196     -            752 5443at4891           -            420  3.6e-145  481.3  16.8   1   2  5.8e-141  5.2e-139  461.0   8.5     1   371     7   460     7   501 0.85 -
9606:18941-21196     -            752 5443at4891           -            420  3.6e-145  481.3  16.8   2   2   1.7e-08   1.6e-06   24.6   1.1   373   420   552   613   503   613 0.72 -
9680:19363-20697     -            445 5443at4891           -            420   1.7e-09   34.4   2.1   1   2   2.7e-05    0.0024   14.1   0.2    61   168   191   299   176   308 0.85 -
9680:19363-20697     -            445 5443at4891           -            420   1.7e-09   34.4   2.1   2   2   1.3e-06   0.00011   18.5   0.0    67   158   322   423   302   430 0.78 -
9508:19799-20617     -            273 5443at4891           -            420   9.9e-09   31.8   5.5   1   3   4.4e-07   3.9e-05   20.0   1.6   193   280     7   100     1   141 0.63 -
9508:19799-20617     -            273 5443at4891           -            420   9.9e-09   31.8   5.5   2   3      0.59        52   -0.2   0.0    61    87   120   146   117   154 0.80 -
9508:19799-20617     -            273 5443at4891           -            420   9.9e-09   31.8   5.5   3   3   6.2e-05    0.0055   12.9   0.1    61   123   209   269   192   273 0.83 -
9618:271-3099        -            943 5443at4891           -            420   1.2e-08   31.6  21.1   1   5   5.9e-06   0.00053   16.3   3.6    68   197   101   229    92   230 0.78 -
9618:271-3099        -            943 5443at4891           -            420   1.2e-08   31.6  21.1   2   5    0.0053      0.48    6.5   0.7    63   118   179   234   174   292 0.61 -
9618:271-3099        -            943 5443at4891           -            420   1.2e-08   31.6  21.1   3   5    0.0001    0.0093   12.2   0.0    26   122   399   507   390   533 0.72 -
9618:271-3099        -            943 5443at4891           -            420   1.2e-08   31.6  21.1   4   5    0.0031      0.27    7.3   0.4    91   232   534   682   531   711 0.71 -
9618:271-3099        -            943 5443at4891           -            420   1.2e-08   31.6  21.1   5   5       0.1       9.1    2.3   1.0   335   415   846   929   829   933 0.77 -
9658:6665-7375       -            237 5443at4891           -            420   4.3e-08   29.7   2.3   1   2    0.0018      0.16    8.1   0.1    99   152     8    61     2    69 0.73 -
9658:6665-7375       -            237 5443at4891           -            420   4.3e-08   29.7   2.3   2   2   1.3e-07   1.2e-05   21.7   0.4    93   225    85   228    72   236 0.75 -
9676:28964-31411     -            816 5443at4891           -            420   6.4e-08   29.2  10.9   1   4   0.00045      0.04   10.1   0.0    73   131    88   143    75   156 0.74 -
9676:28964-31411     -            816 5443at4891           -            420   6.4e-08   29.2  10.9   2   4    0.0044      0.39    6.8   0.1   185   201   163   179   155   198 0.82 -
9676:28964-31411     -            816 5443at4891           -            420   6.4e-08   29.2  10.9   3   4     0.016       1.5    4.9   0.2   205   296   488   585   476   590 0.73 -
9676:28964-31411     -            816 5443at4891           -            420   6.4e-08   29.2  10.9   4   4   2.5e-05    0.0023   14.2   3.1    72   199   517   646   505   669 0.74 -
8478:1944-3398       -            485 5443at4891           -            420   1.2e-07   28.2   1.0   1   4      0.37        33    0.4   0.0    31    46    82    97    72   121 0.65 -
8478:1944-3398       -            485 5443at4891           -            420   1.2e-07   28.2   1.0   2   4       2.9   2.6e+02   -2.5   0.0   259   309   136   152   125   178 0.59 -
8478:1944-3398       -            485 5443at4891           -            420   1.2e-07   28.2   1.0   3   4   0.00063     0.056    9.6   0.1    63   140   195   269   187   274 0.78 -
8478:1944-3398       -            485 5443at4891           -            420   1.2e-07   28.2   1.0   4   4   2.1e-05    0.0019   14.4   0.0    84   158   301   378   279   393 0.76 -
8822:7585-8277       -            231 5443at4891           -            420   7.4e-07   25.7   0.9   1   2   1.2e-08     1e-06   25.2   0.4    69   199    21   160     7   170 0.83 -
8822:7585-8277       -            231 5443at4891           -            420   7.4e-07   25.7   0.9   2   2       3.8   3.4e+02   -2.8   0.0   211   231   188   209   176   219 0.50 -
9128:10043-12433     -            797 5443at4891           -            420   2.4e-06   24.0   0.7   1   4       4.7   4.2e+02   -3.2   0.0    60    86   218   244   216   246 0.86 -
9128:10043-12433     -            797 5443at4891           -            420   2.4e-06   24.0   0.7   2   4       5.4   4.8e+02   -3.4   0.0   296   307   484   495   465   505 0.67 -
9128:10043-12433     -            797 5443at4891           -            420   2.4e-06   24.0   0.7   3   4       1.5   1.4e+02   -1.5   0.0    91   122   528   559   514   595 0.61 -
9128:10043-12433     -            797 5443at4891           -            420   2.4e-06   24.0   0.7   4   4   1.5e-07   1.3e-05   21.6   0.3    62   159   625   725   620   729 0.86 -
9542:4562-5380       -            273 5443at4891           -            420   2.6e-06   23.9   0.8   1   2     0.002      0.18    7.9   0.2   158   205    46    92    38   107 0.79 -
9542:4562-5380       -            273 5443at4891           -            420   2.6e-06   23.9   0.8   2   2   1.9e-05    0.0017   14.6   0.0    94   200   113   228    96   245 0.77 -
9390:13413-15017     -            535 5443at4891           -            420   4.7e-06   23.0   3.6   1   3    0.0062      0.55    6.3   0.3   182   227   232   281   218   297 0.71 -
9390:13413-15017     -            535 5443at4891           -            420   4.7e-06   23.0   3.6   2   3     2e-05    0.0017   14.6   0.2    69   159   340   431   304   442 0.88 -
9390:13413-15017     -            535 5443at4891           -            420   4.7e-06   23.0   3.6   3   3       0.3        27    0.8   0.0    91   119   445   473   430   486 0.82 -
9564:19094-20626     -            511 5443at4891           -            420   4.9e-06   23.0   3.7   1   3       2.8   2.5e+02   -2.4   0.0   174   196   279   301   262   321 0.79 -
9564:19094-20626     -            511 5443at4891           -            420   4.9e-06   23.0   3.7   2   3    0.0042      0.38    6.9   1.9   145   210   340   405   313   408 0.66 -
9564:19094-20626     -            511 5443at4891           -            420   4.9e-06   23.0   3.7   3   3   9.4e-06   0.00084   15.6   0.0    77   134   406   464   398   469 0.84 -
9724:2093-15713      -            205 5443at4891           -            420   7.9e-06   22.3   1.5   1   3   0.00012     0.011   12.0   0.4    98   156    60   118     1   121 0.76 -
9724:2093-15713      -            205 5443at4891           -            420   7.9e-06   22.3   1.5   2   3   3.1e-05    0.0028   13.9   0.1   143   214    65   137    31   150 0.64 -
9724:2093-15713      -            205 5443at4891           -            420   7.9e-06   22.3   1.5   3   3     3e-05    0.0027   13.9   0.1    69   157   113   200   106   202 0.82 -
9046:295-1389        -            365 5443at4891           -            420   2.2e-05   20.8   0.2   1   1   1.8e-05    0.0016   14.7   0.2   149   298    58   218    58   221 0.59 -
9522:17732-18610     -            293 5443at4891           -            420   3.2e-05   20.3   0.2   1   4      0.37        33    0.5   0.0   139   156    26    43    12    61 0.75 -
9522:17732-18610     -            293 5443at4891           -            420   3.2e-05   20.3   0.2   2   4     0.057       5.1    3.1   0.0   203   236    71   103    66   118 0.72 -
9522:17732-18610     -            293 5443at4891           -            420   3.2e-05   20.3   0.2   3   4    0.0006     0.054    9.6   0.1   100   156   151   207   141   220 0.78 -
9522:17732-18610     -            293 5443at4891           -            420   3.2e-05   20.3   0.2   4   4       0.2        18    1.3   0.0   100   155   230   293   223   293 0.74 -
8402:4018-5292       -            425 5443at4891           -            420   0.00013   18.3   0.9   1   3     0.005      0.45    6.6   0.0    93   122    31    60    25   109 0.70 -
8402:4018-5292       -            425 5443at4891           -            420   0.00013   18.3   0.9   2   3      0.29        26    0.8   0.0    69   135    95   161    65   168 0.73 -
8402:4018-5292       -            425 5443at4891           -            420   0.00013   18.3   0.9   3   3    0.0021      0.19    7.9   0.4    79   144   205   273   194   317 0.81 -
9636:17731-18642     -            304 5443at4891           -            420   0.00032   17.0   0.7   1   2   3.7e-05    0.0033   13.7   0.0    72   198    17   145     4   154 0.57 -
9636:17731-18642     -            304 5443at4891           -            420   0.00032   17.0   0.7   2   2      0.28        25    0.9   0.1    78   156   198   279   179   289 0.65 -
9656:5267-6307       -            347 5443at4891           -            420   0.00057   16.2   0.4   1   3       4.6   4.1e+02   -3.2   0.0   123   123    44    44    21    85 0.49 -
9656:5267-6307       -            347 5443at4891           -            420   0.00057   16.2   0.4   2   3    0.0013      0.12    8.5   0.0    83   158   164   246   145   258 0.62 -
9656:5267-6307       -            347 5443at4891           -            420   0.00057   16.2   0.4   3   3     0.012       1.1    5.3   0.1    80   115   296   331   286   345 0.84 -
9236:10222-13242     -           1007 5443at4891           -            420   0.00096   15.4   0.3   1   2    0.0031      0.27    7.3   0.1    72   128   106   161    82   183 0.80 -
9236:10222-13242     -           1007 5443at4891           -            420   0.00096   15.4   0.3   2   2    0.0092      0.82    5.7   0.0   183   216   471   510   467   540 0.76 -
9126:8755-11505      -            917 5443at4891           -            420    0.0014   14.8   1.4   1   3    0.0019      0.17    8.0   0.1    93   235   350   415   256   433 0.66 -
9126:8755-11505      -            917 5443at4891           -            420    0.0014   14.8   1.4   2   3   0.00023      0.02   11.0   1.2    70   236   329   502   315   554 0.74 -
9126:8755-11505      -            917 5443at4891           -            420    0.0014   14.8   1.4   3   3       1.9   1.7e+02   -1.9   0.0    94   131   583   620   579   624 0.79 -
9112:7248-8249       -            334 5443at4891           -            420    0.0016   14.7   1.0   1   4     0.083       7.4    2.6   0.0   142   157    10    25     5    42 0.77 -
9112:7248-8249       -            334 5443at4891           -            420    0.0016   14.7   1.0   2   4    0.0025      0.22    7.6   0.1   203   235    96   128    89   180 0.68 -
9112:7248-8249       -            334 5443at4891           -            420    0.0016   14.7   1.0   3   4      0.54        49   -0.1   0.0    73   131   169   228   163   247 0.70 -
9112:7248-8249       -            334 5443at4891           -            420    0.0016   14.7   1.0   4   4      0.85        76   -0.7   0.0    18    46   253   281   244   290 0.70 -
9674:12257-13606     -            450 5443at4891           -            420    0.0017   14.6   0.6   1   2   0.00013     0.012   11.9   0.2    89   157    79   149    64   190 0.82 -
9674:12257-13606     -            450 5443at4891           -            420    0.0017   14.6   0.6   2   2      0.52        46   -0.0   0.1   137   137   209   209   153   324 0.61 -
9656:28053-28895     -            281 5443at4891           -            420    0.0024   14.1   5.4   1   1   5.4e-05    0.0048   13.1   5.3    71   212     5   152     1   179 0.78 -
9070:9188-10162      -            325 5443at4891           -            420    0.0029   13.8   0.4   1   2       4.6   4.1e+02   -3.1   0.1   287   308    95   116    81   125 0.54 -
9070:9188-10162      -            325 5443at4891           -            420    0.0029   13.8   0.4   2   2   5.7e-05    0.0051   13.0   0.0    70   141   224   296   215   322 0.88 -
9456:1145-2410       -            422 5443at4891           -            420    0.0072   12.5   1.6   1   3      0.21        19    1.3   0.2   220   243    84   107    20   114 0.59 -
9456:1145-2410       -            422 5443at4891           -            420    0.0072   12.5   1.6   2   3       0.3        27    0.8   0.2    60   122   106   168    89   180 0.58 -
9456:1145-2410       -            422 5443at4891           -            420    0.0072   12.5   1.6   3   3    0.0013      0.12    8.5   0.0    67   130   249   312   240   317 0.85 -
9208:2600-5119       -            840 5443at4891           -            420    0.0097   12.1   0.4   1   4     0.014       1.2    5.2   0.0   142   166    31    55    18    61 0.86 -
9208:2600-5119       -            840 5443at4891           -            420    0.0097   12.1   0.4   2   4       1.4   1.2e+02   -1.4   0.0    79   123    70   114    67   129 0.83 -
9208:2600-5119       -            840 5443at4891           -            420    0.0097   12.1   0.4   3   4      0.09       8.1    2.5   0.1    49   113   135   204   118   221 0.56 -
9208:2600-5119       -            840 5443at4891           -            420    0.0097   12.1   0.4   4   4       2.7   2.4e+02   -2.4   0.0   218   238   367   387   337   389 0.74 -
9494:18928-19965     -            346 5443at4891           -            420     0.011   12.0   0.6   1   2   0.00025     0.022   10.9   0.2    61   125    25    89    24    99 0.84 -
9494:18928-19965     -            346 5443at4891           -            420     0.011   12.0   0.6   2   2       2.6   2.3e+02   -2.3   0.0   100   120   165   185   158   198 0.62 -
8186:2118-4286       -            723 5443at4891           -            420     0.012   11.8   0.8   1   1   0.00035     0.031   10.4   0.8    96   197   602   719   599   723 0.74 -
9670:4414-5802       -            463 5443at4891           -            420     0.012   11.8   0.9   1   3       5.4   4.8e+02   -3.4   0.0    83   121   212   251   198   273 0.58 -
9670:4414-5802       -            463 5443at4891           -            420     0.012   11.8   0.9   2   3     0.011         1    5.4   0.1    91   157   309   377   279   384 0.66 -
9670:4414-5802       -            463 5443at4891           -            420     0.012   11.8   0.9   3   3     0.076       6.8    2.7   0.0   217   269   404   461   398   463 0.82 -
9694:17340-18719     -            460 5443at4891           -            420     0.012   11.8   0.7   1   2     0.062       5.5    3.0   0.0   217   241    25    49     6    87 0.67 -
9694:17340-18719     -            460 5443at4891           -            420     0.012   11.8   0.7   2   2    0.0064      0.57    6.3   0.1    87   123   144   180    85   217 0.80 -
#
# Program:         hmmsearch
# Version:         3.1b2 (February 2015)
# Pipeline mode:   SEARCH
# Query file:      /home/jj/Desktop/Bioinformatics/3rd_year/1term/Computational_genomics/Seminars/exercise_04/busco_downloads/lineages/saccharomycetes_odb10/hmms/5443at4891.hmm
# Target file:     /home/jj/Desktop/Bioinformatics/3rd_year/1term/Computational_genomics/Seminars/exercise_04/./busco/SRR6130428/SRR6130428_k63_contigs/run_saccharomycetes_odb10/metaeuk_output/initial_results/SRR6130428_k63_graph.contig.fa.modified.fas
# Option settings: hmmsearch --domtblout /home/jj/Desktop/Bioinformatics/3rd_year/1term/Computational_genomics/Seminars/exercise_04/./busco/SRR6130428/SRR6130428_k63_contigs/run_saccharomycetes_odb10/hmmer_output/initial_run_results/5443at4891.out --cpu 1 /home/jj/Desktop/Bioinformatics/3rd_year/1term/Computational_genomics/Seminars/exercise_04/busco_downloads/lineages/saccharomycetes_odb10/hmms/5443at4891.hmm /home/jj/Desktop/Bioinformatics/3rd_year/1term/Computational_genomics/Seminars/exercise_04/./busco/SRR6130428/SRR6130428_k63_contigs/run_saccharomycetes_odb10/metaeuk_output/initial_results/SRR6130428_k63_graph.contig.fa.modified.fas 
# Current dir:     /home/jj/Desktop/Bioinformatics/3rd_year/1term/Computational_genomics/Seminars/exercise_04
# Date:            Tue Nov  5 18:39:04 2024
# [ok]
