#                                                                            --- full sequence --- -------------- this domain -------------   hmm coord   ali coord   env coord
# target name        accession   tlen query name           accession   qlen   E-value  score  bias   #  of  c-Evalue  i-Evalue  score  bias  from    to  from    to  from    to  acc description of target
#------------------- ---------- ----- -------------------- ---------- ----- --------- ------ ----- --- --- --------- --------- ------ ----- ----- ----- ----- ----- ----- ----- ---- ---------------------
9556:3333-7874       -           1514 5523at4891           -            766  5.9e-194  643.4  62.5   1  10   8.6e-07   8.2e-05   18.0   0.0     8    35   244   271   242   275 0.91 -
9556:3333-7874       -           1514 5523at4891           -            766  5.9e-194  643.4  62.5   2  10   1.4e-56   1.3e-54  182.6   3.6    41   204   330   546   315   563 0.78 -
9556:3333-7874       -           1514 5523at4891           -            766  5.9e-194  643.4  62.5   3  10   7.4e-26   7.1e-24   81.0   0.1   206   285   591   680   570   731 0.83 -
9556:3333-7874       -           1514 5523at4891           -            766  5.9e-194  643.4  62.5   4  10   1.8e-07   1.7e-05   20.2   0.2   319   363   819   863   796   880 0.88 -
9556:3333-7874       -           1514 5523at4891           -            766  5.9e-194  643.4  62.5   5  10   6.7e-06   0.00064   15.0   0.4   345   392   876   923   868   935 0.87 -
9556:3333-7874       -           1514 5523at4891           -            766  5.9e-194  643.4  62.5   6  10   2.9e-16   2.8e-14   49.3   0.8   377   500   943  1077   934  1096 0.85 -
9556:3333-7874       -           1514 5523at4891           -            766  5.9e-194  643.4  62.5   7  10   6.5e-09   6.2e-07   25.0   2.5   457   527  1087  1157  1078  1168 0.65 -
9556:3333-7874       -           1514 5523at4891           -            766  5.9e-194  643.4  62.5   8  10   5.7e-27   5.4e-25   84.7   7.5   512   595  1168  1256  1163  1266 0.87 -
9556:3333-7874       -           1514 5523at4891           -            766  5.9e-194  643.4  62.5   9  10   2.8e-60   2.7e-58  194.8   2.0   594   752  1296  1473  1285  1480 0.85 -
9556:3333-7874       -           1514 5523at4891           -            766  5.9e-194  643.4  62.5  10  10      0.26        24   -0.1   0.1   748   764  1498  1514  1487  1514 0.84 -
8998:8116-10485      -            790 5523at4891           -            766   1.1e-60  202.7   9.9   1   3   2.9e-31   2.8e-29   98.9   0.1     6   205   173   374   169   389 0.79 -
8998:8116-10485      -            790 5523at4891           -            766   1.1e-60  202.7   9.9   2   3     0.038       3.6    2.6   0.0   210   258   439   487   429   527 0.73 -
8998:8116-10485      -            790 5523at4891           -            766   1.1e-60  202.7   9.9   3   3   1.7e-30   1.6e-28   96.4   5.7   540   750   536   769   521   777 0.81 -
9020:946-4440        -           1165 5523at4891           -            766   6.7e-55  183.6  13.7   1   4     0.021         2    3.4   0.1    12    33   428   449   417   453 0.83 -
9020:946-4440        -           1165 5523at4891           -            766   6.7e-55  183.6  13.7   2   4   3.9e-05    0.0038   12.5   0.0    54    78   520   544   500   551 0.86 -
9020:946-4440        -           1165 5523at4891           -            766   6.7e-55  183.6  13.7   3   4   1.3e-15   1.3e-13   47.1   0.1    79   211   575   735   569   739 0.76 -
9020:946-4440        -           1165 5523at4891           -            766   6.7e-55  183.6  13.7   4   4   4.1e-36     4e-34  114.9   5.9   532   745   901  1141   738  1156 0.84 -
9394:14111-16210     -            700 5523at4891           -            766   8.8e-51  170.0  18.7   1   4   1.5e-17   1.5e-15   53.5   0.1    52   137    45   146    13   155 0.80 -
9394:14111-16210     -            700 5523at4891           -            766   8.8e-51  170.0  18.7   2   4   5.5e-10   5.3e-08   28.5   0.0   141   213   172   254   166   264 0.80 -
9394:14111-16210     -            700 5523at4891           -            766   8.8e-51  170.0  18.7   3   4      0.13        12    0.9   0.1   249   282   333   367   320   371 0.68 -
9394:14111-16210     -            700 5523at4891           -            766   8.8e-51  170.0  18.7   4   4   1.3e-25   1.2e-23   80.2  12.2   536   750   411   680   403   688 0.76 -
9478:9393-10808      -            472 5523at4891           -            766   4.2e-34  114.8   0.5   1   3   1.4e-14   1.4e-12   43.7   0.0    51   191    22   169     5   194 0.79 -
9478:9393-10808      -            472 5523at4891           -            766   4.2e-34  114.8   0.5   2   3      0.17        16    0.5   0.1   214   281   222   293   205   297 0.76 -
9478:9393-10808      -            472 5523at4891           -            766   4.2e-34  114.8   0.5   3   3   1.8e-21   1.7e-19   66.5   0.0   615   747   315   460   310   470 0.78 -
8522:2428-3828       -            467 5523at4891           -            766     2e-33  112.6   2.1   1   2   1.9e-13   1.8e-11   40.0   0.8    49   272    21   257    12   268 0.83 -
8522:2428-3828       -            467 5523at4891           -            766     2e-33  112.6   2.1   2   2   5.4e-23   5.2e-21   71.5   0.0   627   743   326   457   314   466 0.79 -
9388:8422-11754      -           1111 5523at4891           -            766   5.7e-33  111.1   5.2   1   3   1.4e-13   1.4e-11   40.4   0.0    52   201   575   736   566   748 0.74 -
9388:8422-11754      -           1111 5523at4891           -            766   5.7e-33  111.1   5.2   2   3      0.66        63   -1.5   0.1   227   260   798   831   782   935 0.58 -
9388:8422-11754      -           1111 5523at4891           -            766   5.7e-33  111.1   5.2   3   3   1.5e-22   1.5e-20   70.0   2.4   601   752   921  1088   897  1101 0.78 -
8266:1277-2740       -            488 5523at4891           -            766   1.5e-31  106.4   0.6   1   3   3.8e-13   3.7e-11   39.0   0.1    52   178    26   155    17   185 0.80 -
8266:1277-2740       -            488 5523at4891           -            766   1.5e-31  106.4   0.6   2   3   0.00049     0.047    8.9   0.0   214   289   236   317   226   324 0.79 -
8266:1277-2740       -            488 5523at4891           -            766   1.5e-31  106.4   0.6   3   3     5e-18   4.8e-16   55.1   0.0   632   742   348   473   340   483 0.80 -
9608:672-6272        -           1867 5523at4891           -            766   8.5e-31  103.9   0.0   1   2     1e-13   9.9e-12   40.8   0.0    55   193  1290  1443  1270  1456 0.76 -
9608:672-6272        -           1867 5523at4891           -            766   8.5e-31  103.9   0.0   2   2   1.4e-19   1.3e-17   60.3   0.0   655   750  1686  1781  1649  1790 0.91 -
9218:4287-6836       -            850 5523at4891           -            766   5.1e-30  101.3   1.6   1   3   3.7e-14   3.6e-12   42.3   0.1    54   195   125   282   114   332 0.80 -
9218:4287-6836       -            850 5523at4891           -            766   5.1e-30  101.3   1.6   2   3      0.52        50   -1.2   0.0   229   283   367   420   348   424 0.80 -
9218:4287-6836       -            850 5523at4891           -            766   5.1e-30  101.3   1.6   3   3   1.8e-18   1.7e-16   56.6   0.0   626   746   711   845   704   850 0.83 -
8598:1664-6067       -           1468 5523at4891           -            766   8.7e-28   93.9   0.0   1   3   1.7e-07   1.6e-05   20.3   0.0    56   177   395   529   385   564 0.70 -
8598:1664-6067       -           1468 5523at4891           -            766   8.7e-28   93.9   0.0   2   3    0.0035      0.34    6.0   0.0   212   292   593   676   585   698 0.79 -
8598:1664-6067       -           1468 5523at4891           -            766   8.7e-28   93.9   0.0   3   3   1.5e-20   1.5e-18   63.4   0.0   626   742   705   836   692   849 0.85 -
9524:2031-3488       -            486 5523at4891           -            766     3e-27   92.2   6.4   1   3   1.6e-11   1.6e-09   33.6   0.1    53   177    27   154    14   193 0.73 -
9524:2031-3488       -            486 5523at4891           -            766     3e-27   92.2   6.4   2   3    0.0055      0.52    5.4   0.5   214   289   236   316   226   328 0.75 -
9524:2031-3488       -            486 5523at4891           -            766     3e-27   92.2   6.4   3   3     6e-18   5.7e-16   54.9   0.1   629   742   344   472   338   481 0.82 -
9668:13505-16684     -           1060 5523at4891           -            766   3.6e-25   85.3  16.2   1   5       2.3   2.2e+02   -3.3   4.2   373   445    29   102     7   125 0.60 -
9668:13505-16684     -           1060 5523at4891           -            766   3.6e-25   85.3  16.2   2   5   2.4e-12   2.3e-10   36.3   0.2    52   105   292   346   272   349 0.82 -
9668:13505-16684     -           1060 5523at4891           -            766   3.6e-25   85.3  16.2   3   5       1.8   1.7e+02   -2.9   0.0   148   192   436   483   427   490 0.72 -
9668:13505-16684     -           1060 5523at4891           -            766   3.6e-25   85.3  16.2   4   5    0.0041      0.39    5.8   0.0   214   282   546   613   535   616 0.88 -
9668:13505-16684     -           1060 5523at4891           -            766   3.6e-25   85.3  16.2   5   5   2.6e-16   2.5e-14   49.5   0.1   656   742   690   775   630   792 0.72 -
8468:228-2921        -            898 5523at4891           -            766     4e-25   85.1   0.8   1   2     1e-08   9.8e-07   24.3   0.2    53   104   326   382   315   385 0.77 -
8468:228-2921        -            898 5523at4891           -            766     4e-25   85.1   0.8   2   2   4.8e-19   4.6e-17   58.5   0.0   607   747   648   802   643   826 0.78 -
9286:260-4795        -           1512 5523at4891           -            766   9.4e-25   83.9  14.4   1   4       3.6   3.4e+02   -3.9   3.1   367   456   381   469   350   501 0.56 -
9286:260-4795        -           1512 5523at4891           -            766   9.4e-25   83.9  14.4   2   4   3.7e-10   3.5e-08   29.1   0.0    53   136   710   809   697   820 0.74 -
9286:260-4795        -           1512 5523at4891           -            766   9.4e-25   83.9  14.4   3   4     0.032         3    2.9   0.4   214   294   928  1008   919  1043 0.77 -
9286:260-4795        -           1512 5523at4891           -            766   9.4e-25   83.9  14.4   4   4   1.8e-19   1.7e-17   59.9   0.1   626   749  1254  1391  1245  1403 0.82 -
8868:6377-9133       -            919 5523at4891           -            766   1.3e-22   76.8   0.2   1   2   5.5e-05    0.0053   12.0   0.2    52    82   302   332   292   374 0.68 -
8868:6377-9133       -            919 5523at4891           -            766   1.3e-22   76.8   0.2   2   2   4.2e-20     4e-18   62.0   0.0   614   751   630   780   606   797 0.75 -
9290:14028-15248     -            407 5523at4891           -            766   5.1e-20   68.2   1.4   1   2      0.24        23   -0.0   0.2   215   266     9    58     5   139 0.56 -
9290:14028-15248     -            407 5523at4891           -            766   5.1e-20   68.2   1.4   2   2   1.8e-21   1.7e-19   66.5   0.1   632   749   173   305   145   318 0.79 -
8724:646-1602        -            319 5523at4891           -            766   2.6e-10   36.1   7.9   1   1   4.4e-12   4.2e-10   35.4   7.9   536   586   264   315   230   318 0.88 -
8458:4085-5296       -            404 5523at4891           -            766     1e-09   34.2   1.8   1   1   2.1e-11     2e-09   33.2   1.8   539   582    17    61     9    81 0.86 -
7940:2-1333          -            444 5523at4891           -            766   1.6e-08   30.2   0.0   1   1   1.7e-10   1.6e-08   30.2   0.0    51   136   217   320   206   383 0.79 -
9336:12582-12737     -             52 5523at4891           -            766   1.5e-06   23.8   2.2   1   1   1.6e-08   1.5e-06   23.7   2.2   537   578     4    52     1    52 0.76 -
9486:13420-15693     -            758 5523at4891           -            766   3.2e-05   19.3   1.4   1   1   6.1e-07   5.8e-05   18.5   1.4   552   580   726   754   717   757 0.92 -
9634:10956-11090     -             45 5523at4891           -            766   3.9e-05   19.0   8.0   1   1   4.1e-07   3.9e-05   19.0   8.0   548   578    13    45     1    45 0.75 -
9576:10835-12472     -            546 5523at4891           -            766   4.1e-05   19.0   3.5   1   1   9.8e-07   9.4e-05   17.8   3.5   553   581   370   398   330   425 0.80 -
9570:16538-18163     -            542 5523at4891           -            766   0.00023   16.5   5.4   1   1   5.2e-06    0.0005   15.4   5.4   518   586   150   226   144   254 0.73 -
9464:7053-8789       -            579 5523at4891           -            766     0.002   13.4   2.3   1   1   5.4e-05    0.0051   12.0   2.3   539   572   105   140    98   169 0.83 -
8410:4712-5206       -            165 5523at4891           -            766     0.048    8.8   9.2   1   1   0.00098     0.093    7.9   9.2   553   585    67   102    31   128 0.70 -
9578:14708-15070     -            121 5523at4891           -            766       1.8    3.6  12.6   1   2       1.7   1.6e+02   -2.9   1.3   567   582    48    63    44    72 0.64 -
9578:14708-15070     -            121 5523at4891           -            766       1.8    3.6  12.6   2   2   0.00013     0.012   10.8   4.2   554   580    87   113    77   119 0.89 -
#
# Program:         hmmsearch
# Version:         3.1b2 (February 2015)
# Pipeline mode:   SEARCH
# Query file:      /home/jj/Desktop/Bioinformatics/3rd_year/1term/Computational_genomics/Seminars/exercise_04/busco_downloads/lineages/saccharomycetes_odb10/hmms/5523at4891.hmm
# Target file:     /home/jj/Desktop/Bioinformatics/3rd_year/1term/Computational_genomics/Seminars/exercise_04/./busco/SRR6130428/SRR6130428_k63_contigs/run_saccharomycetes_odb10/metaeuk_output/initial_results/SRR6130428_k63_graph.contig.fa.modified.fas
# Option settings: hmmsearch --domtblout /home/jj/Desktop/Bioinformatics/3rd_year/1term/Computational_genomics/Seminars/exercise_04/./busco/SRR6130428/SRR6130428_k63_contigs/run_saccharomycetes_odb10/hmmer_output/initial_run_results/5523at4891.out --cpu 1 /home/jj/Desktop/Bioinformatics/3rd_year/1term/Computational_genomics/Seminars/exercise_04/busco_downloads/lineages/saccharomycetes_odb10/hmms/5523at4891.hmm /home/jj/Desktop/Bioinformatics/3rd_year/1term/Computational_genomics/Seminars/exercise_04/./busco/SRR6130428/SRR6130428_k63_contigs/run_saccharomycetes_odb10/metaeuk_output/initial_results/SRR6130428_k63_graph.contig.fa.modified.fas 
# Current dir:     /home/jj/Desktop/Bioinformatics/3rd_year/1term/Computational_genomics/Seminars/exercise_04
# Date:            Tue Nov  5 18:39:06 2024
# [ok]
