#                                                                            --- full sequence --- -------------- this domain -------------   hmm coord   ali coord   env coord
# target name        accession   tlen query name           accession   qlen   E-value  score  bias   #  of  c-Evalue  i-Evalue  score  bias  from    to  from    to  from    to  acc description of target
#------------------- ---------- ----- -------------------- ---------- ----- --------- ------ ----- --- --- --------- --------- ------ ----- ----- ----- ----- ----- ----- ----- ---- ---------------------
7806:793-2430        -            546 5530at4891           -            453  9.4e-237  783.2   3.7   1   1  1.4e-238  4.1e-236  781.1   3.7     1   453     2   542     2   542 0.90 -
9408:10813-12420     -            536 5530at4891           -            453   9.1e-48  160.3   2.7   1   2   1.6e-28   4.6e-26   88.8   1.0     4   151     9   157     6   188 0.87 -
9408:10813-12420     -            536 5530at4891           -            453   9.1e-48  160.3   2.7   2   2   3.7e-23   1.1e-20   71.1   0.0   180   400   218   460   211   467 0.84 -
9458:5789-7447       -            553 5530at4891           -            453     1e-45  153.5   1.0   1   1   5.2e-48   1.5e-45  153.0   1.0    17   400    37   476    25   495 0.81 -
9346:9674-11257      -            528 5530at4891           -            453   2.1e-42  142.6   6.1   1   1     1e-44     3e-42  142.1   6.1    16   406    19   464    10   485 0.79 -
8422:149-1816        -            556 5530at4891           -            453   3.1e-41  138.8   7.5   1   1   1.8e-43   5.4e-41  138.0   7.5    14   399    19   460    11   472 0.79 -
9724:3123-4772       -            550 5530at4891           -            453   8.6e-40  134.0   2.4   1   1     5e-42   1.5e-39  133.3   2.4    19   401    27   456    11   476 0.82 -
9484:12411-13991     -            527 5530at4891           -            453   4.1e-38  128.5   6.4   1   1   2.5e-40   7.5e-38  127.6   6.4    13   437    14   501     2   518 0.74 -
8646:1335-3038       -            568 5530at4891           -            453   5.2e-29   98.5   2.5   1   1   5.6e-31   1.7e-28   96.8   2.5    21   401    31   466    22   478 0.79 -
8986:231-6620        -           2130 5530at4891           -            453    0.0013   14.8   0.1   1   1   8.5e-06    0.0025   13.8   0.1   179   315   710   836   659   875 0.79 -
#
# Program:         hmmsearch
# Version:         3.1b2 (February 2015)
# Pipeline mode:   SEARCH
# Query file:      /home/jj/Desktop/Bioinformatics/3rd_year/1term/Computational_genomics/Seminars/exercise_04/busco_downloads/lineages/saccharomycetes_odb10/hmms/5530at4891.hmm
# Target file:     /home/jj/Desktop/Bioinformatics/3rd_year/1term/Computational_genomics/Seminars/exercise_04/./busco/SRR6130428/SRR6130428_k63_contigs/run_saccharomycetes_odb10/metaeuk_output/initial_results/SRR6130428_k63_graph.contig.fa.modified.fas
# Option settings: hmmsearch --domtblout /home/jj/Desktop/Bioinformatics/3rd_year/1term/Computational_genomics/Seminars/exercise_04/./busco/SRR6130428/SRR6130428_k63_contigs/run_saccharomycetes_odb10/hmmer_output/initial_run_results/5530at4891.out --cpu 1 /home/jj/Desktop/Bioinformatics/3rd_year/1term/Computational_genomics/Seminars/exercise_04/busco_downloads/lineages/saccharomycetes_odb10/hmms/5530at4891.hmm /home/jj/Desktop/Bioinformatics/3rd_year/1term/Computational_genomics/Seminars/exercise_04/./busco/SRR6130428/SRR6130428_k63_contigs/run_saccharomycetes_odb10/metaeuk_output/initial_results/SRR6130428_k63_graph.contig.fa.modified.fas 
# Current dir:     /home/jj/Desktop/Bioinformatics/3rd_year/1term/Computational_genomics/Seminars/exercise_04
# Date:            Tue Nov  5 18:39:06 2024
# [ok]
