#                                                                            --- full sequence --- -------------- this domain -------------   hmm coord   ali coord   env coord
# target name        accession   tlen query name           accession   qlen   E-value  score  bias   #  of  c-Evalue  i-Evalue  score  bias  from    to  from    to  from    to  acc description of target
#------------------- ---------- ----- -------------------- ---------- ----- --------- ------ ----- --- --- --------- --------- ------ ----- ----- ----- ----- ----- ----- ----- ---- ---------------------
9478:9393-10808      -            472 5557at4891           -            374  3.3e-117  389.0  13.2   1   2   1.5e-74   2.2e-72  241.5   5.7     1   210     7   247     7   262 0.82 -
9478:9393-10808      -            472 5557at4891           -            374  3.3e-117  389.0  13.2   2   2   1.3e-45   1.9e-43  146.3   0.8   208   360   274   467   270   472 0.83 -
8522:2428-3828       -            467 5557at4891           -            374    6e-117  388.1  14.2   1   2     2e-73     3e-71  237.8   8.0     2   199     9   239     8   264 0.83 -
8522:2428-3828       -            467 5557at4891           -            374    6e-117  388.1  14.2   2   2   4.1e-46   6.1e-44  147.9   0.4   209   359   276   467   269   467 0.84 -
8266:1277-2740       -            488 5557at4891           -            374  1.6e-108  360.5  16.8   1   2   4.5e-72   6.7e-70  233.3  10.1     1   215    10   268    10   278 0.80 -
8266:1277-2740       -            488 5557at4891           -            374  1.6e-108  360.5  16.8   2   2   1.5e-38   2.2e-36  123.0   0.5   211   361   293   486   287   488 0.79 -
9524:2031-3488       -            486 5557at4891           -            374  1.2e-105  350.9  16.7   1   2     1e-70   1.5e-68  228.9   8.6     1   217    10   272    10   287 0.80 -
9524:2031-3488       -            486 5557at4891           -            374  1.2e-105  350.9  16.7   2   2   9.8e-38   1.5e-35  120.3   1.2   212   361   293   485   283   486 0.76 -
9218:4287-6836       -            850 5557at4891           -            374  1.1e-100  334.6  19.1   1   4   4.6e-33   6.8e-31  105.0   0.2     1    81   107   190   107   192 0.94 -
9218:4287-6836       -            850 5557at4891           -            374  1.1e-100  334.6  19.1   2   4   9.1e-35   1.4e-32  110.5   3.8    73   216   216   366   202   388 0.75 -
9218:4287-6836       -            850 5557at4891           -            374  1.1e-100  334.6  19.1   3   4       1.2   1.7e+02   -1.7   0.0   210   228   401   419   391   425 0.85 -
9218:4287-6836       -            850 5557at4891           -            374  1.1e-100  334.6  19.1   4   4   6.7e-40     1e-37  127.4   1.4   227   357   695   850   681   850 0.84 -
9286:260-4795        -           1512 5557at4891           -            374   4.3e-99  329.4  22.5   1   5       2.2   3.3e+02   -2.6   0.2   136   169    35    67    28    69 0.76 -
9286:260-4795        -           1512 5557at4891           -            374   4.3e-99  329.4  22.5   2   5       1.7   2.5e+02   -2.2   0.3   332   367   426   461   412   467 0.73 -
9286:260-4795        -           1512 5557at4891           -            374   4.3e-99  329.4  22.5   3   5   4.4e-31   6.6e-29   98.4   0.1     2    81   694   776   693   778 0.94 -
9286:260-4795        -           1512 5557at4891           -            374   4.3e-99  329.4  22.5   4   5   2.6e-34   3.9e-32  109.1   1.2    74   205   796   950   789  1014 0.79 -
9286:260-4795        -           1512 5557at4891           -            374   4.3e-99  329.4  22.5   5   5   4.9e-42   7.3e-40  134.5   0.7   209   364  1216  1400  1206  1409 0.78 -
8598:1664-6067       -           1468 5557at4891           -            374   7.3e-97  322.1  10.3   1   3   1.7e-27   2.5e-25   86.7   0.1     2    81   376   458   375   473 0.93 -
8598:1664-6067       -           1468 5557at4891           -            374   7.3e-97  322.1  10.3   2   3   7.8e-35   1.2e-32  110.8   1.1    80   211   485   623   476   655 0.84 -
8598:1664-6067       -           1468 5557at4891           -            374   7.3e-97  322.1  10.3   3   3   2.7e-40     4e-38  128.8   0.5   229   359   691   847   682   858 0.86 -
7940:2-1333          -            444 5557at4891           -            374   1.1e-94  315.0  16.1   1   2   4.5e-43   6.8e-41  137.9   0.1     2    81   203   284   202   289 0.95 -
7940:2-1333          -            444 5557at4891           -            374   1.1e-94  315.0  16.1   2   2   1.5e-54   2.2e-52  175.7  11.2    80   193   305   443   299   444 0.84 -
9388:8422-11754      -           1111 5557at4891           -            374   4.4e-78  260.3  17.6   1   2   8.6e-53   1.3e-50  169.9   6.8     2   210   560   814   559   861 0.76 -
9388:8422-11754      -           1111 5557at4891           -            374   4.4e-78  260.3  17.6   2   2   4.4e-28   6.6e-26   88.5   3.6   229   358   933  1088   831  1105 0.80 -
9668:13505-16684     -           1060 5557at4891           -            374   9.5e-74  246.0   7.2   1   3   6.2e-21   9.2e-19   65.0   0.1     3    78   278   356   276   375 0.91 -
9668:13505-16684     -           1060 5557at4891           -            374   9.5e-74  246.0   7.2   2   3   7.9e-29   1.2e-26   91.0   0.1    74   205   423   568   412   598 0.84 -
9668:13505-16684     -           1060 5557at4891           -            374   9.5e-74  246.0   7.2   3   3   2.5e-28   3.7e-26   89.4   0.6   229   367   627   797   591   802 0.75 -
9608:672-6272        -           1867 5557at4891           -            374   2.5e-71  238.0   3.8   1   2   1.1e-46   1.7e-44  149.7   0.2     1   264  1271  1593  1271  1603 0.69 -
9608:672-6272        -           1867 5557at4891           -            374   2.5e-71  238.0   3.8   2   2     9e-28   1.3e-25   87.5   0.4   246   372  1646  1798  1636  1799 0.76 -
9290:14028-15248     -            407 5557at4891           -            374   3.6e-65  217.8   8.8   1   2   6.6e-09   9.9e-07   25.4   0.3   178   205     1    31     1    54 0.84 -
9290:14028-15248     -            407 5557at4891           -            374   3.6e-65  217.8   8.8   2   2   8.9e-60   1.3e-57  192.9   3.3   203   366   112   316    98   321 0.84 -
8468:228-2921        -            898 5557at4891           -            374   3.5e-53  178.3   1.0   1   3     2e-11     3e-09   33.7   0.0    23    70   331   385   323   392 0.78 -
8468:228-2921        -            898 5557at4891           -            374   3.5e-53  178.3   1.0   2   3   1.7e-18   2.5e-16   57.0   0.0    94   221   449   592   424   648 0.78 -
8468:228-2921        -            898 5557at4891           -            374   3.5e-53  178.3   1.0   3   3   7.3e-27   1.1e-24   84.5   0.1   230   361   652   810   644   827 0.79 -
8868:6377-9133       -            919 5557at4891           -            374   2.4e-52  175.6   8.6   1   3   1.5e-05    0.0022   14.4   0.4    24    70   309   374   297   386 0.64 -
8868:6377-9133       -            919 5557at4891           -            374   2.4e-52  175.6   8.6   2   3   5.6e-22   8.4e-20   68.5   1.1    77   204   413   558   393   599 0.72 -
8868:6377-9133       -            919 5557at4891           -            374   2.4e-52  175.6   8.6   3   3   4.3e-29   6.5e-27   91.9   0.0   225   361   622   784   612   797 0.76 -
8998:8116-10485      -            790 5557at4891           -            374   5.8e-47  157.8   8.2   1   4   5.9e-17   8.8e-15   51.9   0.1     2    81   184   264   183   296 0.84 -
8998:8116-10485      -            790 5557at4891           -            374   5.8e-47  157.8   8.2   2   4   4.7e-12   6.9e-10   35.8   0.2    93   153   315   375   309   426 0.80 -
8998:8116-10485      -            790 5557at4891           -            374   5.8e-47  157.8   8.2   3   4       1.4   2.1e+02   -2.0   0.1   173   190   431   448   403   458 0.84 -
8998:8116-10485      -            790 5557at4891           -            374   5.8e-47  157.8   8.2   4   4   2.9e-23   4.3e-21   72.7   0.1   230   358   616   771   586   784 0.75 -
9394:14111-16210     -            700 5557at4891           -            374   1.9e-43  146.3   6.0   1   3   1.7e-13   2.6e-11   40.5   0.0     3    69    30   100    28   113 0.78 -
9394:14111-16210     -            700 5557at4891           -            374   1.9e-43  146.3   6.0   2   3   1.5e-12   2.3e-10   37.4   0.1    97   191   191   294   153   313 0.79 -
9394:14111-16210     -            700 5557at4891           -            374   1.9e-43  146.3   6.0   3   3   5.1e-22   7.6e-20   68.6   1.2   210   360   506   684   498   694 0.78 -
9020:946-4440        -           1165 5557at4891           -            374   1.7e-37  126.7  13.1   1   5       1.5   2.3e+02   -2.1   0.1     2    14   433   445   432   448 0.90 -
9020:946-4440        -           1165 5557at4891           -            374   1.7e-37  126.7  13.1   2   5   0.00035     0.052    9.9   0.0    23    41   524   542   517   548 0.88 -
9020:946-4440        -           1165 5557at4891           -            374   1.7e-37  126.7  13.1   3   5   0.00065     0.097    9.0   0.0    50    91   583   626   579   631 0.81 -
9020:946-4440        -           1165 5557at4891           -            374   1.7e-37  126.7  13.1   4   5   6.8e-15     1e-12   45.2   0.3    93   191   670   769   655   805 0.86 -
9020:946-4440        -           1165 5557at4891           -            374   1.7e-37  126.7  13.1   5   5   5.3e-21   7.9e-19   65.3   0.5   216   353  1002  1143   961  1160 0.79 -
9556:3333-7874       -           1514 5557at4891           -            374     1e-16   58.3   4.6   1   4   6.6e-07   9.8e-05   18.9   0.2    20    81   346   425   331   439 0.73 -
9556:3333-7874       -           1514 5557at4891           -            374     1e-16   58.3   4.6   2   4     0.081        12    2.1   0.1    66    95   432   461   425   476 0.79 -
9556:3333-7874       -           1514 5557at4891           -            374     1e-16   58.3   4.6   3   4       1.5   2.3e+02   -2.1   0.0    92   135   488   531   482   544 0.80 -
9556:3333-7874       -           1514 5557at4891           -            374     1e-16   58.3   4.6   4   4   5.7e-12   8.4e-10   35.5   0.0   272   343  1384  1458  1342  1472 0.80 -
#
# Program:         hmmsearch
# Version:         3.1b2 (February 2015)
# Pipeline mode:   SEARCH
# Query file:      /home/jj/Desktop/Bioinformatics/3rd_year/1term/Computational_genomics/Seminars/exercise_04/busco_downloads/lineages/saccharomycetes_odb10/hmms/5557at4891.hmm
# Target file:     /home/jj/Desktop/Bioinformatics/3rd_year/1term/Computational_genomics/Seminars/exercise_04/./busco/SRR6130428/SRR6130428_k63_contigs/run_saccharomycetes_odb10/metaeuk_output/initial_results/SRR6130428_k63_graph.contig.fa.modified.fas
# Option settings: hmmsearch --domtblout /home/jj/Desktop/Bioinformatics/3rd_year/1term/Computational_genomics/Seminars/exercise_04/./busco/SRR6130428/SRR6130428_k63_contigs/run_saccharomycetes_odb10/hmmer_output/initial_run_results/5557at4891.out --cpu 1 /home/jj/Desktop/Bioinformatics/3rd_year/1term/Computational_genomics/Seminars/exercise_04/busco_downloads/lineages/saccharomycetes_odb10/hmms/5557at4891.hmm /home/jj/Desktop/Bioinformatics/3rd_year/1term/Computational_genomics/Seminars/exercise_04/./busco/SRR6130428/SRR6130428_k63_contigs/run_saccharomycetes_odb10/metaeuk_output/initial_results/SRR6130428_k63_graph.contig.fa.modified.fas 
# Current dir:     /home/jj/Desktop/Bioinformatics/3rd_year/1term/Computational_genomics/Seminars/exercise_04
# Date:            Tue Nov  5 18:39:06 2024
# [ok]
