#                                                                            --- full sequence --- -------------- this domain -------------   hmm coord   ali coord   env coord
# target name        accession   tlen query name           accession   qlen   E-value  score  bias   #  of  c-Evalue  i-Evalue  score  bias  from    to  from    to  from    to  acc description of target
#------------------- ---------- ----- -------------------- ---------- ----- --------- ------ ----- --- --- --------- --------- ------ ----- ----- ----- ----- ----- ----- ----- ---- ---------------------
9380:4481-6421       -            647 5710at4891           -            524  1.3e-289  958.3  38.2   1   2  1.4e-276  6.2e-274  906.6  27.0     1   497     1   554     1   564 0.90 -
9380:4481-6421       -            647 5710at4891           -            524  1.3e-289  958.3  38.2   2   2   6.8e-16     3e-13   46.3   6.4   462   524   572   642   542   642 0.81 -
8346:3270-4373       -            368 5710at4891           -            524   2.1e-10   36.9   0.2   1   2   2.2e-12     1e-09   34.7   0.0   167   223    66   122    59   164 0.87 -
8346:3270-4373       -            368 5710at4891           -            524   2.1e-10   36.9   0.2   2   2       0.1        45   -0.4   0.1   280   340   245   307   223   322 0.69 -
9306:13782-15263     -            494 5710at4891           -            524   2.4e-08   30.2   0.9   1   2      0.47   2.1e+02   -2.6   0.0   381   413   174   203   141   222 0.72 -
9306:13782-15263     -            494 5710at4891           -            524   2.4e-08   30.2   0.9   2   2   7.8e-11   3.5e-08   29.6   0.4   159   300   237   377   206   411 0.77 -
9372:36-1142         -            369 5710at4891           -            524   3.2e-08   29.8   0.0   1   2   1.7e-10   7.5e-08   28.5   0.0   170   250    71   147    61   156 0.81 -
9372:36-1142         -            369 5710at4891           -            524   3.2e-08   29.8   0.0   2   2      0.63   2.8e+02   -3.0   0.0     9    29   226   246   219   262 0.60 -
9718:43474-44961     -            496 5710at4891           -            524   8.2e-05   18.5   0.1   1   2      0.28   1.3e+02   -1.9   0.1   426   459   224   257   199   273 0.80 -
9718:43474-44961     -            496 5710at4891           -            524   8.2e-05   18.5   0.1   2   2   5.3e-07   0.00023   17.0   0.0   169   290   330   451   320   476 0.76 -
9680:10444-12516     -            691 5710at4891           -            524     0.015   11.1   5.7   1   2      0.16        72   -1.1   0.1   306   365   463   524   458   527 0.67 -
9680:10444-12516     -            691 5710at4891           -            524     0.015   11.1   5.7   2   2     3e-05     0.014   11.2   4.5   323   499   517   686   493   689 0.78 -
#
# Program:         hmmsearch
# Version:         3.1b2 (February 2015)
# Pipeline mode:   SEARCH
# Query file:      /home/jj/Desktop/Bioinformatics/3rd_year/1term/Computational_genomics/Seminars/exercise_04/busco_downloads/lineages/saccharomycetes_odb10/hmms/5710at4891.hmm
# Target file:     /home/jj/Desktop/Bioinformatics/3rd_year/1term/Computational_genomics/Seminars/exercise_04/./busco/SRR6130428/SRR6130428_k63_contigs/run_saccharomycetes_odb10/metaeuk_output/initial_results/SRR6130428_k63_graph.contig.fa.modified.fas
# Option settings: hmmsearch --domtblout /home/jj/Desktop/Bioinformatics/3rd_year/1term/Computational_genomics/Seminars/exercise_04/./busco/SRR6130428/SRR6130428_k63_contigs/run_saccharomycetes_odb10/hmmer_output/initial_run_results/5710at4891.out --cpu 1 /home/jj/Desktop/Bioinformatics/3rd_year/1term/Computational_genomics/Seminars/exercise_04/busco_downloads/lineages/saccharomycetes_odb10/hmms/5710at4891.hmm /home/jj/Desktop/Bioinformatics/3rd_year/1term/Computational_genomics/Seminars/exercise_04/./busco/SRR6130428/SRR6130428_k63_contigs/run_saccharomycetes_odb10/metaeuk_output/initial_results/SRR6130428_k63_graph.contig.fa.modified.fas 
# Current dir:     /home/jj/Desktop/Bioinformatics/3rd_year/1term/Computational_genomics/Seminars/exercise_04
# Date:            Tue Nov  5 18:39:07 2024
# [ok]
