#                                                                            --- full sequence --- -------------- this domain -------------   hmm coord   ali coord   env coord
# target name        accession   tlen query name           accession   qlen   E-value  score  bias   #  of  c-Evalue  i-Evalue  score  bias  from    to  from    to  from    to  acc description of target
#------------------- ---------- ----- -------------------- ---------- ----- --------- ------ ----- --- --- --------- --------- ------ ----- ----- ----- ----- ----- ----- ----- ---- ---------------------
8934:4905-6950       -            682 6151at4891           -            552         0 1056.3  19.5   1   1         0         0 1054.7  19.5     1   552    49   654    49   654 0.94 -
9046:8407-10239      -            611 6151at4891           -            552    8e-245  810.6  12.2   1   1  1.6e-246  3.6e-244  808.4  12.2     5   552     1   605     1   605 0.91 -
8066:208-2040        -            611 6151at4891           -            552  2.9e-244  808.7   9.4   1   1  6.2e-246  1.4e-243  806.5   9.4     5   540     1   587     1   605 0.91 -
8506:2332-4293       -            654 6151at4891           -            552  9.2e-182  602.4  12.3   1   1  6.4e-184  1.4e-181  601.8  12.3     2   532    30   598    29   618 0.89 -
9188:8052-9938       -            629 6151at4891           -            552  3.9e-180  597.0  11.4   1   1  3.1e-182  6.9e-180  596.2  11.4     3   535    15   585    14   603 0.89 -
9696:13917-15803     -            629 6151at4891           -            552  5.8e-152  504.0  11.3   1   1  5.9e-154  1.3e-151  502.9  11.3     3   527     5   574     3   604 0.85 -
7202:0-1001          -            334 6151at4891           -            552  3.2e-144  478.5   0.9   1   1  1.7e-146  3.8e-144  478.3   0.9    85   383    24   334     7   334 0.95 -
9466:7236-9092       -            619 6151at4891           -            552   3.8e-62  207.6   9.6   1   2   1.9e-63   4.1e-61  204.1   1.4     5   346     3   383     1   402 0.85 -
9466:7236-9092       -            619 6151at4891           -            552   3.8e-62  207.6   9.6   2   2    0.0018       0.4    6.1   1.5   455   513   524   585   517   616 0.73 -
8268:2774-4669       -            632 6151at4891           -            552   2.4e-61  204.9   1.8   1   2   1.1e-63   2.4e-61  204.9   1.8     5   347     3   384     1   403 0.84 -
8268:2774-4669       -            632 6151at4891           -            552   2.4e-61  204.9   1.8   2   2     0.012       2.7    3.4   2.9   456   533   525   611   519   625 0.73 -
8574:2079-3692       -            538 6151at4891           -            552   2.2e-54  182.0   1.0   1   1   4.2e-56   9.4e-54  179.9   1.0     3   410     4   456     2   463 0.79 -
9326:9995-12589      -            865 6151at4891           -            552   1.6e-31  106.4   4.1   1   2   7.3e-34   1.6e-31  106.4   4.1    92   540   141   654    73   665 0.70 -
9326:9995-12589      -            865 6151at4891           -            552   1.6e-31  106.4   4.1   2   2       1.7   3.8e+02   -3.7   0.3   468   518   680   731   669   759 0.55 -
9604:21575-22411     -            279 6151at4891           -            552    0.0085   11.7   0.0   1   1   5.3e-05     0.012   11.2   0.0   287   327   204   244   200   251 0.91 -
#
# Program:         hmmsearch
# Version:         3.1b2 (February 2015)
# Pipeline mode:   SEARCH
# Query file:      /home/jj/Desktop/Bioinformatics/3rd_year/1term/Computational_genomics/Seminars/exercise_04/busco_downloads/lineages/saccharomycetes_odb10/hmms/6151at4891.hmm
# Target file:     /home/jj/Desktop/Bioinformatics/3rd_year/1term/Computational_genomics/Seminars/exercise_04/./busco/SRR6130428/SRR6130428_k63_contigs/run_saccharomycetes_odb10/metaeuk_output/initial_results/SRR6130428_k63_graph.contig.fa.modified.fas
# Option settings: hmmsearch --domtblout /home/jj/Desktop/Bioinformatics/3rd_year/1term/Computational_genomics/Seminars/exercise_04/./busco/SRR6130428/SRR6130428_k63_contigs/run_saccharomycetes_odb10/hmmer_output/initial_run_results/6151at4891.out --cpu 1 /home/jj/Desktop/Bioinformatics/3rd_year/1term/Computational_genomics/Seminars/exercise_04/busco_downloads/lineages/saccharomycetes_odb10/hmms/6151at4891.hmm /home/jj/Desktop/Bioinformatics/3rd_year/1term/Computational_genomics/Seminars/exercise_04/./busco/SRR6130428/SRR6130428_k63_contigs/run_saccharomycetes_odb10/metaeuk_output/initial_results/SRR6130428_k63_graph.contig.fa.modified.fas 
# Current dir:     /home/jj/Desktop/Bioinformatics/3rd_year/1term/Computational_genomics/Seminars/exercise_04
# Date:            Tue Nov  5 18:39:09 2024
# [ok]
