#                                                                            --- full sequence --- -------------- this domain -------------   hmm coord   ali coord   env coord
# target name        accession   tlen query name           accession   qlen   E-value  score  bias   #  of  c-Evalue  i-Evalue  score  bias  from    to  from    to  from    to  acc description of target
#------------------- ---------- ----- -------------------- ---------- ----- --------- ------ ----- --- --- --------- --------- ------ ----- ----- ----- ----- ----- ----- ----- ---- ---------------------
7618:227-1663        -            479 6164at4891           -            392  2.7e-192  636.0   0.3   1   2   1.8e-33   1.2e-30  103.8   0.1    11    88    50   130    37   151 0.90 -
7618:227-1663        -            479 6164at4891           -            392  2.7e-192  636.0   0.3   2   2  5.4e-163  3.6e-160  530.2   0.0    90   392   161   479   142   479 0.94 -
8718:1413-2855       -            481 6164at4891           -            392   1.4e-37  126.6   1.7   1   2    0.0011      0.71    5.8   0.0    21    46    73    98    57   146 0.84 -
8718:1413-2855       -            481 6164at4891           -            392   1.4e-37  126.6   1.7   2   2   6.2e-37   4.1e-34  115.2   1.1    96   385   206   471   194   476 0.88 -
9452:3177-4097       -            307 6164at4891           -            392   3.1e-06   23.4   0.8   1   2   5.1e-08   3.4e-05   20.0   0.0    98   222    59   195    42   201 0.68 -
9452:3177-4097       -            307 6164at4891           -            392   3.1e-06   23.4   0.8   2   2     0.028        18    1.1   0.1   306   321   260   275   227   295 0.60 -
8064:187-3291        -           1035 6164at4891           -            392     0.011   11.8   0.0   1   1   2.5e-05     0.017   11.1   0.0   157   225   256   325   169   341 0.85 -
#
# Program:         hmmsearch
# Version:         3.1b2 (February 2015)
# Pipeline mode:   SEARCH
# Query file:      /home/jj/Desktop/Bioinformatics/3rd_year/1term/Computational_genomics/Seminars/exercise_04/busco_downloads/lineages/saccharomycetes_odb10/hmms/6164at4891.hmm
# Target file:     /home/jj/Desktop/Bioinformatics/3rd_year/1term/Computational_genomics/Seminars/exercise_04/./busco/SRR6130428/SRR6130428_k63_contigs/run_saccharomycetes_odb10/metaeuk_output/initial_results/SRR6130428_k63_graph.contig.fa.modified.fas
# Option settings: hmmsearch --domtblout /home/jj/Desktop/Bioinformatics/3rd_year/1term/Computational_genomics/Seminars/exercise_04/./busco/SRR6130428/SRR6130428_k63_contigs/run_saccharomycetes_odb10/hmmer_output/initial_run_results/6164at4891.out --cpu 1 /home/jj/Desktop/Bioinformatics/3rd_year/1term/Computational_genomics/Seminars/exercise_04/busco_downloads/lineages/saccharomycetes_odb10/hmms/6164at4891.hmm /home/jj/Desktop/Bioinformatics/3rd_year/1term/Computational_genomics/Seminars/exercise_04/./busco/SRR6130428/SRR6130428_k63_contigs/run_saccharomycetes_odb10/metaeuk_output/initial_results/SRR6130428_k63_graph.contig.fa.modified.fas 
# Current dir:     /home/jj/Desktop/Bioinformatics/3rd_year/1term/Computational_genomics/Seminars/exercise_04
# Date:            Tue Nov  5 18:39:09 2024
# [ok]
