#                                                                            --- full sequence --- -------------- this domain -------------   hmm coord   ali coord   env coord
# target name        accession   tlen query name           accession   qlen   E-value  score  bias   #  of  c-Evalue  i-Evalue  score  bias  from    to  from    to  from    to  acc description of target
#------------------- ---------- ----- -------------------- ---------- ----- --------- ------ ----- --- --- --------- --------- ------ ----- ----- ----- ----- ----- ----- ----- ---- ---------------------
8816:1608-5588       -           1327 631at4891            -            931         0 1692.0  22.8   1   1         0         0 1684.8  22.8     1   931   185  1282   185  1282 0.90 -
9226:9435-13241      -           1269 631at4891            -            931  2.3e-212  704.9  21.0   1   4   1.3e-13     3e-11   39.4   0.8     2    87    33   118    32   132 0.91 -
9226:9435-13241      -           1269 631at4891            -            931  2.3e-212  704.9  21.0   2   4   7.2e-72   1.6e-69  232.2   0.2    82   341   239   542   227   553 0.82 -
9226:9435-13241      -           1269 631at4891            -            931  2.3e-212  704.9  21.0   3   4     1e-65   2.3e-63  211.9   0.1   343   554   607   862   590   885 0.80 -
9226:9435-13241      -           1269 631at4891            -            931  2.3e-212  704.9  21.0   4   4   2.3e-71   5.1e-69  230.6   5.1   568   788   908  1131   880  1176 0.91 -
8814:3804-7595       -           1264 631at4891            -            931  4.4e-209  694.1  28.1   1   5   1.5e-14   3.5e-12   42.5   0.8     2    86    34   118    33   130 0.94 -
8814:3804-7595       -           1264 631at4891            -            931  4.4e-209  694.1  28.1   2   5   1.1e-72   2.3e-70  235.0   0.1    83   341   234   536   223   549 0.83 -
8814:3804-7595       -           1264 631at4891            -            931  4.4e-209  694.1  28.1   3   5   8.8e-64     2e-61  205.5   0.0   348   554   606   858   582   895 0.80 -
8814:3804-7595       -           1264 631at4891            -            931  4.4e-209  694.1  28.1   4   5   2.1e-70   4.6e-68  227.4   3.6   571   787   907  1126   875  1138 0.94 -
8814:3804-7595       -           1264 631at4891            -            931  4.4e-209  694.1  28.1   5   5      0.72   1.6e+02   -2.7   2.2   782   881  1162  1256  1131  1264 0.72 -
9200:6060-11027      -           1656 631at4891            -            931  2.4e-195  648.6  21.9   1   4   4.7e-18     1e-15   54.1   0.0     1    83   140   222   140   234 0.96 -
9200:6060-11027      -           1656 631at4891            -            931  2.4e-195  648.6  21.9   2   4   6.8e-63   1.5e-60  202.5   0.6    79   339   291   593   278   606 0.84 -
9200:6060-11027      -           1656 631at4891            -            931  2.4e-195  648.6  21.9   3   4   2.3e-19   5.1e-17   58.5   0.2   352   478   731   882   722   897 0.76 -
9200:6060-11027      -           1656 631at4891            -            931  2.4e-195  648.6  21.9   4   4  3.5e-104  7.8e-102  339.2   7.5   427   888  1005  1522   989  1532 0.81 -
9202:7436-10885      -           1150 631at4891            -            931  3.6e-144  479.3  16.3   1   1  1.1e-144  2.4e-142  473.2  16.3     2   879   173  1148   172  1150 0.81 -
8332:1885-4734       -            950 631at4891            -            931   1.8e-18   63.3   3.2   1   2   2.9e-17   6.4e-15   51.5   1.1    93   555   172   634   160   653 0.61 -
8332:1885-4734       -            950 631at4891            -            931   1.8e-18   63.3   3.2   2   2   0.00038     0.086    8.1   0.1   601   667   649   716   622   753 0.73 -
7786:164-2557        -            798 631at4891            -            931   1.5e-16   56.9   2.2   1   3    0.0037      0.82    4.8   0.1    59   133     5    82     1    91 0.69 -
7786:164-2557        -            798 631at4891            -            931   1.5e-16   56.9   2.2   2   3   0.00029     0.064    8.5   0.1   291   325   252   286   187   303 0.83 -
7786:164-2557        -            798 631at4891            -            931   1.5e-16   56.9   2.2   3   3   2.9e-12   6.5e-10   35.0   0.0   396   698   433   729   384   774 0.73 -
9524:6736-11079      -           1448 631at4891            -            931   4.3e-16   55.4   0.1   1   3      0.78   1.8e+02   -2.9   0.0   304   323   752   771   744   779 0.81 -
9524:6736-11079      -           1448 631at4891            -            931   4.3e-16   55.4   0.1   2   3   2.6e-12   5.8e-10   35.1   0.0   400   541   909  1048   890  1065 0.78 -
9524:6736-11079      -           1448 631at4891            -            931   4.3e-16   55.4   0.1   3   3   5.5e-07   0.00012   17.5   0.0   564   657  1097  1192  1074  1272 0.80 -
9658:130-3555        -           1142 631at4891            -            931   2.2e-15   53.1   9.3   1   4   0.00017     0.037    9.3   0.5    51   132   129   216   116   268 0.71 -
9658:130-3555        -           1142 631at4891            -            931   2.2e-15   53.1   9.3   2   4   0.00032     0.072    8.3   0.0   291   323   393   425   353   434 0.85 -
9658:130-3555        -           1142 631at4891            -            931   2.2e-15   53.1   9.3   3   4   1.9e-09   4.3e-07   25.6   0.1   441   547   642   753   572   775 0.79 -
9658:130-3555        -           1142 631at4891            -            931   2.2e-15   53.1   9.3   4   4   1.3e-05    0.0029   12.9   0.1   604   733   782   912   773   932 0.69 -
9188:3639-7265       -           1209 631at4891            -            931   1.1e-11   40.8   0.0   1   2      0.25        55   -1.2   0.0    90   114   271   295   235   315 0.73 -
9188:3639-7265       -           1209 631at4891            -            931   1.1e-11   40.8   0.0   2   2   2.9e-13   6.5e-11   38.3   0.0   304   650   475   832   470   840 0.67 -
8988:6810-8666       -            619 631at4891            -            931   1.2e-09   34.1   0.4   1   4      0.15        33   -0.5   0.0    49   113    60   125    33   145 0.82 -
8988:6810-8666       -            619 631at4891            -            931   1.2e-09   34.1   0.4   2   4   9.5e-05     0.021   10.1   0.0   291   323   276   308   208   318 0.91 -
8988:6810-8666       -            619 631at4891            -            931   1.2e-09   34.1   0.4   3   4    0.0012      0.26    6.5   0.0   395   513   361   465   354   502 0.56 -
8988:6810-8666       -            619 631at4891            -            931   1.2e-09   34.1   0.4   4   4   9.8e-05     0.022   10.0   0.0   608   660   529   580   522   589 0.86 -
9400:15570-17426     -            619 631at4891            -            931     1e-08   31.0   0.1   1   4      0.61   1.4e+02   -2.5   0.0    62   111    73   123    57   129 0.70 -
9400:15570-17426     -            619 631at4891            -            931     1e-08   31.0   0.1   2   4   0.00012     0.026    9.8   0.0   291   323   276   308   269   318 0.87 -
9400:15570-17426     -            619 631at4891            -            931     1e-08   31.0   0.1   3   4    0.0022      0.49    5.6   0.0   395   465   361   440   353   501 0.77 -
9400:15570-17426     -            619 631at4891            -            931     1e-08   31.0   0.1   4   4   9.8e-05     0.022   10.0   0.0   608   660   529   580   522   589 0.86 -
#
# Program:         hmmsearch
# Version:         3.1b2 (February 2015)
# Pipeline mode:   SEARCH
# Query file:      /home/jj/Desktop/Bioinformatics/3rd_year/1term/Computational_genomics/Seminars/exercise_04/busco_downloads/lineages/saccharomycetes_odb10/hmms/631at4891.hmm
# Target file:     /home/jj/Desktop/Bioinformatics/3rd_year/1term/Computational_genomics/Seminars/exercise_04/./busco/SRR6130428/SRR6130428_k63_contigs/run_saccharomycetes_odb10/metaeuk_output/initial_results/SRR6130428_k63_graph.contig.fa.modified.fas
# Option settings: hmmsearch --domtblout /home/jj/Desktop/Bioinformatics/3rd_year/1term/Computational_genomics/Seminars/exercise_04/./busco/SRR6130428/SRR6130428_k63_contigs/run_saccharomycetes_odb10/hmmer_output/initial_run_results/631at4891.out --cpu 1 /home/jj/Desktop/Bioinformatics/3rd_year/1term/Computational_genomics/Seminars/exercise_04/busco_downloads/lineages/saccharomycetes_odb10/hmms/631at4891.hmm /home/jj/Desktop/Bioinformatics/3rd_year/1term/Computational_genomics/Seminars/exercise_04/./busco/SRR6130428/SRR6130428_k63_contigs/run_saccharomycetes_odb10/metaeuk_output/initial_results/SRR6130428_k63_graph.contig.fa.modified.fas 
# Current dir:     /home/jj/Desktop/Bioinformatics/3rd_year/1term/Computational_genomics/Seminars/exercise_04
# Date:            Tue Nov  5 18:39:11 2024
# [ok]
