#                                                                            --- full sequence --- -------------- this domain -------------   hmm coord   ali coord   env coord
# target name        accession   tlen query name           accession   qlen   E-value  score  bias   #  of  c-Evalue  i-Evalue  score  bias  from    to  from    to  from    to  acc description of target
#------------------- ---------- ----- -------------------- ---------- ----- --------- ------ ----- --- --- --------- --------- ------ ----- ----- ----- ----- ----- ----- ----- ---- ---------------------
8608:321-2387        -            689 6341at4891           -            516  5.4e-278  919.8  10.8   1   2  2.1e-171    2e-169  561.7   7.9     8   305   105   420   101   424 0.96 -
8608:321-2387        -            689 6341at4891           -            516  5.4e-278  919.8  10.8   2   2  6.2e-110  5.7e-108  358.9   0.0   300   516   434   676   430   676 0.94 -
9412:11968-13440     -            491 6341at4891           -            516   9.1e-52  173.5   1.8   1   1   2.6e-52   2.4e-50  168.8   1.8   301   496   251   464     1   482 0.71 -
8662:4920-6668       -            583 6341at4891           -            516   1.3e-49  166.4   0.3   1   2      0.11        10    1.8   0.1   193   299   219   327   195   332 0.71 -
8662:4920-6668       -            583 6341at4891           -            516   1.3e-49  166.4   0.3   2   2   2.7e-50   2.5e-48  162.1   0.0   299   496   347   563   339   579 0.90 -
9716:22411-23625     -            405 6341at4891           -            516   2.8e-43  145.5   0.1   1   1   5.4e-45     5e-43  144.6   0.1   298   504   154   388   143   392 0.85 -
9092:4470-5399       -            310 6341at4891           -            516   5.8e-39  131.2   0.3   1   1   2.3e-39   2.1e-37  126.1   0.3   297   499    57   289    44   304 0.77 -
9402:812-1753        -            314 6341at4891           -            516   2.5e-37  125.8   0.3   1   1   3.9e-39   3.6e-37  125.3   0.3   300   496    70   280    66   290 0.85 -
8368:2744-4999       -            752 6341at4891           -            516   2.7e-21   72.9   0.0   1   4   5.8e-06   0.00053   15.9   0.0   300   349   198   247   192   307 0.85 -
8368:2744-4999       -            752 6341at4891           -            516   2.7e-21   72.9   0.0   2   4    0.0023      0.21    7.3   0.0   430   488   368   429   335   444 0.80 -
8368:2744-4999       -            752 6341at4891           -            516   2.7e-21   72.9   0.0   3   4   1.2e-08   1.1e-06   24.8   0.0   301   348   532   579   527   584 0.95 -
8368:2744-4999       -            752 6341at4891           -            516   2.7e-21   72.9   0.0   4   4   5.6e-07   5.2e-05   19.2   0.0   428   493   649   717   636   734 0.79 -
9014:8884-9615       -            244 6341at4891           -            516     1e-18   64.4   0.0   1   1   1.4e-20   1.3e-18   64.1   0.0   310   474    12   192     3   204 0.80 -
9092:2820-3413       -            198 6341at4891           -            516   7.2e-18   61.6   0.6   1   1   5.6e-18   5.2e-16   55.5   0.6   318   498     3   182     2   194 0.75 -
8980:2915-3556       -            214 6341at4891           -            516   3.2e-17   59.5   0.0   1   1   4.3e-19     4e-17   59.2   0.0   317   495     3   199     2   212 0.74 -
9636:3986-7117       -           1044 6341at4891           -            516   5.9e-17   58.6   0.1   1   4     0.001     0.096    8.4   0.0   307   347   435   476   429   509 0.82 -
9636:3986-7117       -           1044 6341at4891           -            516   5.9e-17   58.6   0.1   2   4   1.6e-08   1.4e-06   24.3   0.0   429   481   543   598   514   614 0.82 -
9636:3986-7117       -           1044 6341at4891           -            516   5.9e-17   58.6   0.1   3   4   5.1e-06   0.00047   16.0   0.0   301   346   667   713   659   726 0.89 -
9636:3986-7117       -           1044 6341at4891           -            516   5.9e-17   58.6   0.1   4   4     0.022         2    4.1   0.0   428   474   895   941   870   964 0.82 -
9244:5710-7539       -            610 6341at4891           -            516   2.2e-16   56.7   0.0   1   3     3e-07   2.7e-05   20.1   0.0   295   481    76   281    71   288 0.78 -
9244:5710-7539       -            610 6341at4891           -            516   2.2e-16   56.7   0.0   2   3   9.3e-07   8.6e-05   18.5   0.0   302   347   394   441   391   452 0.90 -
9244:5710-7539       -            610 6341at4891           -            516   2.2e-16   56.7   0.0   3   3     7e-05    0.0065   12.3   0.0   429   496   515   586   502   601 0.82 -
9114:3218-6328       -           1037 6341at4891           -            516   2.3e-14   50.1   0.2   1   1   4.5e-16   4.1e-14   49.2   0.2   298   472   369   560   362   576 0.72 -
8276:239-3370        -           1044 6341at4891           -            516   2.9e-14   49.8   0.1   1   4     0.004      0.37    6.5   0.0   308   347   436   476   429   483 0.79 -
8276:239-3370        -           1044 6341at4891           -            516   2.9e-14   49.8   0.1   2   4     8e-08   7.4e-06   22.0   0.0   430   481   544   598   521   613 0.83 -
8276:239-3370        -           1044 6341at4891           -            516   2.9e-14   49.8   0.1   3   4   4.8e-05    0.0045   12.8   0.0   301   346   667   713   659   726 0.89 -
8276:239-3370        -           1044 6341at4891           -            516   2.9e-14   49.8   0.1   4   4     0.064       5.9    2.5   0.0   428   475   895   942   874   958 0.82 -
9614:16867-20454     -           1196 6341at4891           -            516   4.3e-13   45.9   0.1   1   5       6.2   5.7e+02   -4.0   0.1   272   300   391   419   385   424 0.66 -
9614:16867-20454     -           1196 6341at4891           -            516   4.3e-13   45.9   0.1   2   5    0.0019      0.18    7.5   0.0   303   347   572   617   560   623 0.83 -
9614:16867-20454     -           1196 6341at4891           -            516   4.3e-13   45.9   0.1   3   5     4e-06   0.00037   16.4   0.0   404   481   666   743   653   759 0.76 -
9614:16867-20454     -           1196 6341at4891           -            516   4.3e-13   45.9   0.1   4   5   1.2e-05    0.0011   14.8   0.0   302   347   813   859   808   870 0.91 -
9614:16867-20454     -           1196 6341at4891           -            516   4.3e-13   45.9   0.1   5   5       0.3        28    0.3   0.0   430   476  1033  1079  1022  1093 0.85 -
9014:6925-8652       -            576 6341at4891           -            516   7.4e-13   45.1   0.4   1   2   0.00013     0.012   11.4   0.2   314   347     4    37     1    51 0.88 -
9014:6925-8652       -            576 6341at4891           -            516   7.4e-13   45.1   0.4   2   2   8.6e-11   7.9e-09   31.8   0.0   388   474    99   192    70   199 0.81 -
9620:5231-6853       -            541 6341at4891           -            516   1.6e-11   40.7   0.0   1   1   2.3e-13   2.1e-11   40.3   0.0   311   490    17   206     1   222 0.73 -
9438:9506-11200      -            565 6341at4891           -            516   6.8e-11   38.6   0.0   1   1   1.1e-12     1e-10   38.1   0.0   311   474    17   190     3   227 0.75 -
9610:22238-23902     -            555 6341at4891           -            516   7.1e-11   38.6   0.0   1   1   1.1e-12     1e-10   38.0   0.0   312   490    39   227    17   245 0.73 -
9448:14761-16359     -            533 6341at4891           -            516   1.7e-10   37.3   0.0   1   1   2.8e-12   2.6e-10   36.7   0.0   304   486     5   199     2   207 0.72 -
9444:15634-17205     -            524 6341at4891           -            516   3.8e-10   36.1   0.0   1   1     7e-12   6.5e-10   35.4   0.0   313   476     7   179     2   197 0.75 -
9434:3226-4854       -            543 6341at4891           -            516     1e-09   34.7   0.0   1   1   1.6e-11   1.4e-09   34.2   0.0   306   474    25   204     2   221 0.74 -
8896:4916-7267       -            784 6341at4891           -            516   2.6e-09   33.4   0.0   1   2   9.7e-06    0.0009   15.1   0.0   300   347   471   518   464   522 0.93 -
8896:4916-7267       -            784 6341at4891           -            516   2.6e-09   33.4   0.0   2   2     6e-06   0.00055   15.8   0.0   430   478   652   700   614   711 0.83 -
8844:5039-6358       -            440 6341at4891           -            516   3.6e-09   32.9   1.0   1   2   4.1e-06   0.00038   16.4   0.1   425   472   114   162     1   183 0.61 -
8844:5039-6358       -            440 6341at4891           -            516   3.6e-09   32.9   1.0   2   2   2.7e-05    0.0025   13.7   0.1   332   493   281   428   251   440 0.66 -
9502:3437-4294       -            286 6341at4891           -            516   5.4e-09   32.4   0.0   1   1   4.4e-10     4e-08   29.5   0.0   301   473     6   191     2   207 0.78 -
9680:26462-29044     -            861 6341at4891           -            516   1.8e-07   27.3   0.0   1   2     0.073       6.7    2.3   0.0   322   349   624   651   615   668 0.84 -
9680:26462-29044     -            861 6341at4891           -            516   1.8e-07   27.3   0.0   2   2   6.2e-08   5.7e-06   22.4   0.0   429   486   739   799   704   820 0.77 -
8900:2710-4323       -            538 6341at4891           -            516   2.6e-06   23.5   0.0   1   3    0.0062      0.58    5.9   0.0   392   462   123   193   112   211 0.75 -
8900:2710-4323       -            538 6341at4891           -            516   2.6e-06   23.5   0.0   2   3   2.1e-05     0.002   14.0   0.0   301   347   306   351   291   367 0.86 -
8900:2710-4323       -            538 6341at4891           -            516   2.6e-06   23.5   0.0   3   3      0.72        67   -1.0   0.0   435   463   462   490   453   514 0.72 -
9448:12712-14376     -            555 6341at4891           -            516   1.1e-05   21.4   0.0   1   2      0.54        50   -0.5   0.1   316   345     1    30     1    33 0.93 -
9448:12712-14376     -            555 6341at4891           -            516   1.1e-05   21.4   0.0   2   2   1.2e-07   1.1e-05   21.4   0.0   420   490   125   197    96   208 0.81 -
9722:45413-45964     -            184 6341at4891           -            516     0.018   10.9   0.1   1   1   0.00033      0.03   10.1   0.1   330   352     5    27     2    37 0.87 -
#
# Program:         hmmsearch
# Version:         3.1b2 (February 2015)
# Pipeline mode:   SEARCH
# Query file:      /home/jj/Desktop/Bioinformatics/3rd_year/1term/Computational_genomics/Seminars/exercise_04/busco_downloads/lineages/saccharomycetes_odb10/hmms/6341at4891.hmm
# Target file:     /home/jj/Desktop/Bioinformatics/3rd_year/1term/Computational_genomics/Seminars/exercise_04/./busco/SRR6130428/SRR6130428_k63_contigs/run_saccharomycetes_odb10/metaeuk_output/initial_results/SRR6130428_k63_graph.contig.fa.modified.fas
# Option settings: hmmsearch --domtblout /home/jj/Desktop/Bioinformatics/3rd_year/1term/Computational_genomics/Seminars/exercise_04/./busco/SRR6130428/SRR6130428_k63_contigs/run_saccharomycetes_odb10/hmmer_output/initial_run_results/6341at4891.out --cpu 1 /home/jj/Desktop/Bioinformatics/3rd_year/1term/Computational_genomics/Seminars/exercise_04/busco_downloads/lineages/saccharomycetes_odb10/hmms/6341at4891.hmm /home/jj/Desktop/Bioinformatics/3rd_year/1term/Computational_genomics/Seminars/exercise_04/./busco/SRR6130428/SRR6130428_k63_contigs/run_saccharomycetes_odb10/metaeuk_output/initial_results/SRR6130428_k63_graph.contig.fa.modified.fas 
# Current dir:     /home/jj/Desktop/Bioinformatics/3rd_year/1term/Computational_genomics/Seminars/exercise_04
# Date:            Tue Nov  5 18:39:11 2024
# [ok]
