#                                                                            --- full sequence --- -------------- this domain -------------   hmm coord   ali coord   env coord
# target name        accession   tlen query name           accession   qlen   E-value  score  bias   #  of  c-Evalue  i-Evalue  score  bias  from    to  from    to  from    to  acc description of target
#------------------- ---------- ----- -------------------- ---------- ----- --------- ------ ----- --- --- --------- --------- ------ ----- ----- ----- ----- ----- ----- ----- ---- ---------------------
8696:2142-4049       -            636 6437at4891           -            468    3e-197  653.2  30.0   1   3     2e-07   3.8e-05   19.8   0.1     2    30    49    77    48    88 0.92 -
8696:2142-4049       -            636 6437at4891           -            468    3e-197  653.2  30.0   2   3  5.2e-125    1e-122  407.5  13.7    29   280   102   379    78   396 0.91 -
8696:2142-4049       -            636 6437at4891           -            468    3e-197  653.2  30.0   3   3     2e-72   3.8e-70  234.1   4.6   283   468   425   636   400   636 0.90 -
9372:1417-4422       -           1002 6437at4891           -            468   2.3e-34  116.2   0.9   1   3   1.2e-30   2.3e-28   96.4   0.0    30   143   403   534   396   537 0.82 -
9372:1417-4422       -           1002 6437at4891           -            468   2.3e-34  116.2   0.9   2   3    0.0003     0.058    9.3   0.0   159   227   591   667   580   685 0.79 -
9372:1417-4422       -           1002 6437at4891           -            468   2.3e-34  116.2   0.9   3   3    0.0021       0.4    6.6   0.1   291   443   755   936   742   945 0.67 -
9394:3041-4234       -            398 6437at4891           -            468   2.3e-14   50.2   5.2   1   2   2.1e-14     4e-12   42.8   5.4    35   154    12   150     2   161 0.74 -
9394:3041-4234       -            398 6437at4891           -            468   2.3e-14   50.2   5.2   2   2     0.054        10    1.9   0.0   357   449   188   281   182   289 0.70 -
9282:2593-4464       -            624 6437at4891           -            468   1.1e-10   38.0   0.1   1   1     2e-12   3.9e-10   36.3   0.1    36   230    29   253    10   308 0.69 -
9006:8637-10217      -            527 6437at4891           -            468   2.3e-09   33.7   0.6   1   2     0.018       3.4    3.5   0.0    35    51   103   119    91   141 0.80 -
9006:8637-10217      -            527 6437at4891           -            468   2.3e-09   33.7   0.6   2   2   5.3e-10     1e-07   28.3   0.1    81   182   187   300   183   322 0.81 -
7064:5-754           -            250 6437at4891           -            468   1.9e-08   30.7   2.2   1   2     0.021       4.1    3.2   0.5    35    52     8    25     3    34 0.85 -
7064:5-754           -            250 6437at4891           -            468   1.9e-08   30.7   2.2   2   2   1.4e-09   2.7e-07   26.9   0.0    61   173    65   197    56   204 0.68 -
8940:1835-5164       -           1110 6437at4891           -            468   9.1e-08   28.5   0.2   1   3   0.00016      0.03   10.3   0.0    35    63    22    51    12    59 0.81 -
8940:1835-5164       -           1110 6437at4891           -            468   9.1e-08   28.5   0.2   2   3   4.3e-06   0.00083   15.4   0.1    78   153    93   170    88   186 0.85 -
8940:1835-5164       -           1110 6437at4891           -            468   9.1e-08   28.5   0.2   3   3       3.3   6.3e+02   -4.0   0.0   375   416   560   601   556   602 0.59 -
7772:9-2519          -            837 6437at4891           -            468   1.5e-07   27.7   1.4   1   2   0.00046     0.087    8.7   0.0    35    60    19    45    10    55 0.78 -
7772:9-2519          -            837 6437at4891           -            468   1.5e-07   27.7   1.4   2   2   8.7e-07   0.00017   17.7   0.3    79   147    93   163    81   183 0.86 -
9496:16670-18709     -            680 6437at4891           -            468   4.4e-07   26.2   2.9   1   2     0.057        11    1.8   0.0    37    48   260   271   226   282 0.85 -
9496:16670-18709     -            680 6437at4891           -            468   4.4e-07   26.2   2.9   2   2   1.3e-07   2.5e-05   20.4   1.1    73   252   327   547   310   607 0.63 -
9724:26646-28994     -            783 6437at4891           -            468     5e-07   26.0   1.8   1   1   1.4e-08   2.6e-06   23.7   1.8    38   144    38   137     4   164 0.84 -
9714:14124-14693     -            190 6437at4891           -            468   5.8e-07   25.8   0.1   1   1   3.4e-09   6.6e-07   25.6   0.1    35   205     2   189     1   190 0.70 -
9654:15122-16945     -            608 6437at4891           -            468   2.1e-06   24.0   0.0   1   2     0.015       2.8    3.8   0.0    37    52   171   186   164   198 0.76 -
9654:15122-16945     -            608 6437at4891           -            468   2.1e-06   24.0   0.0   2   2   8.4e-07   0.00016   17.8   0.0    63   177   228   362   217   366 0.76 -
9350:7151-9382       -            744 6437at4891           -            468   3.3e-06   23.3   1.1   1   3      0.55     1e+02   -1.4   0.0    35    49    56    70    33    88 0.83 -
9350:7151-9382       -            744 6437at4891           -            468   3.3e-06   23.3   1.1   2   3   2.5e-07   4.7e-05   19.5   0.0    64   143   106   189    94   202 0.81 -
9350:7151-9382       -            744 6437at4891           -            468   3.3e-06   23.3   1.1   3   3     0.093        18    1.1   0.1   202   234   368   400   359   428 0.83 -
9708:8944-11955      -           1004 6437at4891           -            468   2.3e-05   20.6   0.2   1   1   2.7e-07   5.2e-05   19.4   0.2    78   145   202   271   192   313 0.83 -
#
# Program:         hmmsearch
# Version:         3.1b2 (February 2015)
# Pipeline mode:   SEARCH
# Query file:      /home/jj/Desktop/Bioinformatics/3rd_year/1term/Computational_genomics/Seminars/exercise_04/busco_downloads/lineages/saccharomycetes_odb10/hmms/6437at4891.hmm
# Target file:     /home/jj/Desktop/Bioinformatics/3rd_year/1term/Computational_genomics/Seminars/exercise_04/./busco/SRR6130428/SRR6130428_k63_contigs/run_saccharomycetes_odb10/metaeuk_output/initial_results/SRR6130428_k63_graph.contig.fa.modified.fas
# Option settings: hmmsearch --domtblout /home/jj/Desktop/Bioinformatics/3rd_year/1term/Computational_genomics/Seminars/exercise_04/./busco/SRR6130428/SRR6130428_k63_contigs/run_saccharomycetes_odb10/hmmer_output/initial_run_results/6437at4891.out --cpu 1 /home/jj/Desktop/Bioinformatics/3rd_year/1term/Computational_genomics/Seminars/exercise_04/busco_downloads/lineages/saccharomycetes_odb10/hmms/6437at4891.hmm /home/jj/Desktop/Bioinformatics/3rd_year/1term/Computational_genomics/Seminars/exercise_04/./busco/SRR6130428/SRR6130428_k63_contigs/run_saccharomycetes_odb10/metaeuk_output/initial_results/SRR6130428_k63_graph.contig.fa.modified.fas 
# Current dir:     /home/jj/Desktop/Bioinformatics/3rd_year/1term/Computational_genomics/Seminars/exercise_04
# Date:            Tue Nov  5 18:39:12 2024
# [ok]
