#                                                                            --- full sequence --- -------------- this domain -------------   hmm coord   ali coord   env coord
# target name        accession   tlen query name           accession   qlen   E-value  score  bias   #  of  c-Evalue  i-Evalue  score  bias  from    to  from    to  from    to  acc description of target
#------------------- ---------- ----- -------------------- ---------- ----- --------- ------ ----- --- --- --------- --------- ------ ----- ----- ----- ----- ----- ----- ----- ---- ---------------------
9654:15122-16945     -            608 6549at4891           -            334  1.2e-118  393.1   0.4   1   3   5.6e-90   8.3e-88  291.8   0.2     6   185   164   361   160   396 0.85 -
9654:15122-16945     -            608 6549at4891           -            334  1.2e-118  393.1   0.4   2   3   4.6e-07   6.8e-05   19.2   0.0   184   236   397   450   375   455 0.82 -
9654:15122-16945     -            608 6549at4891           -            334  1.2e-118  393.1   0.4   3   3   7.4e-26   1.1e-23   81.0   0.0   206   334   445   605   442   605 0.80 -
7064:5-754           -            250 6549at4891           -            334   1.3e-67  225.4   0.6   1   2   1.3e-69     2e-67  224.8   0.2     5   187     2   202     1   207 0.89 -
7064:5-754           -            250 6549at4891           -            334   1.3e-67  225.4   0.6   2   2       1.8   2.7e+02   -2.5   0.0   180   194   216   230   212   233 0.84 -
9496:16670-18709     -            680 6549at4891           -            334   2.4e-61  204.8   4.1   1   2   3.2e-62   4.8e-60  200.5   0.4     6   245   253   539   249   554 0.82 -
9496:16670-18709     -            680 6549at4891           -            334   2.4e-61  204.8   4.1   2   2     0.027       3.9    3.6   0.3   300   334   642   675   540   675 0.54 -
8902:3549-5726       -            726 6549at4891           -            334   3.7e-29   99.0   0.8   1   3   2.5e-25   3.7e-23   79.2   0.0     8   195   270   490   264   496 0.74 -
8902:3549-5726       -            726 6549at4891           -            334   3.7e-29   99.0   0.8   2   3    0.0047       0.7    6.0   0.1   198   229   543   574   523   601 0.80 -
8902:3549-5726       -            726 6549at4891           -            334   3.7e-29   99.0   0.8   3   3   0.00026     0.039   10.1   0.0   253   310   656   714   629   721 0.90 -
9394:3041-4234       -            398 6549at4891           -            334   4.7e-28   95.3   2.9   1   3   7.4e-27   1.1e-24   84.3   1.2     5   169     6   158     4   161 0.82 -
9394:3041-4234       -            398 6549at4891           -            334   4.7e-28   95.3   2.9   2   3     0.018       2.7    4.1   0.0   198   229   219   250   207   267 0.79 -
9394:3041-4234       -            398 6549at4891           -            334   4.7e-28   95.3   2.9   3   3      0.58        87   -0.9   0.0   309   334   368   393   332   393 0.79 -
9282:2593-4464       -            624 6549at4891           -            334   2.2e-13   47.1   0.3   1   2   6.5e-14   9.6e-12   41.7   0.1     8   183    25   192    18   204 0.80 -
9282:2593-4464       -            624 6549at4891           -            334   2.2e-13   47.1   0.3   2   2       4.1   6.1e+02   -3.6   0.0   206   236   231   261   217   275 0.72 -
9724:26646-28994     -            783 6549at4891           -            334   3.2e-10   36.7   1.3   1   2     7e-11     1e-08   31.8   0.8    10   166    10   153     5   162 0.72 -
9724:26646-28994     -            783 6549at4891           -            334   3.2e-10   36.7   1.3   2   2      0.68     1e+02   -1.1   0.0   182   228   318   364   306   372 0.80 -
9006:8637-10217      -            527 6549at4891           -            334   4.6e-09   32.9   0.2   1   2    0.0082       1.2    5.2   0.0     3    25    95   117    93   134 0.82 -
9006:8637-10217      -            527 6549at4891           -            334   4.6e-09   32.9   0.2   2   2     6e-09     9e-07   25.4   0.0    82   178   190   287   182   317 0.79 -
9350:7151-9382       -            744 6549at4891           -            334   7.6e-09   32.2   0.1   1   1   1.1e-10   1.6e-08   31.2   0.1    10   151    55   192    47   225 0.75 -
7772:9-2519          -            837 6549at4891           -            334   5.5e-08   29.4   3.4   1   2   1.2e-09   1.7e-07   27.8   2.4     9   152    17   163    11   190 0.70 -
7772:9-2519          -            837 6549at4891           -            334   5.5e-08   29.4   3.4   2   2       2.6   3.9e+02   -3.0   0.0   208   224   395   411   392   422 0.87 -
8696:2142-4049       -            636 6549at4891           -            334   1.3e-07   28.2   6.0   1   3     0.004       0.6    6.2   0.2    10    28   107   125    99   155 0.77 -
8696:2142-4049       -            636 6549at4891           -            334   1.3e-07   28.2   6.0   2   3     6e-08     9e-06   22.1   0.2    79   182   154   263   147   320 0.80 -
8696:2142-4049       -            636 6549at4891           -            334   1.3e-07   28.2   6.0   3   3      0.11        16    1.6   0.1   193   240   543   594   435   635 0.74 -
9372:1417-4422       -           1002 6549at4891           -            334     2e-07   27.5   0.1   1   3     0.031       4.6    3.3   0.0    11    27   408   424   399   430 0.83 -
9372:1417-4422       -           1002 6549at4891           -            334     2e-07   27.5   0.1   2   3   3.9e-06   0.00058   16.2   0.0    82   152   473   539   464   548 0.88 -
9372:1417-4422       -           1002 6549at4891           -            334     2e-07   27.5   0.1   3   3      0.02         3    3.9   0.0   164   214   587   643   557   664 0.67 -
9708:8944-11955      -           1004 6549at4891           -            334     4e-06   23.3   0.1   1   2     1e-07   1.5e-05   21.4   0.1     9   149   131   270   124   304 0.72 -
9708:8944-11955      -           1004 6549at4891           -            334     4e-06   23.3   0.1   2   2       1.5   2.2e+02   -2.2   0.0   208   233   483   508   481   516 0.83 -
9686:29089-29574     -            162 6549at4891           -            334   2.3e-05   20.8   0.0   1   1   1.8e-07   2.7e-05   20.5   0.0    48   184     9   157     4   162 0.72 -
8940:1835-5164       -           1110 6549at4891           -            334   0.00012   18.4   0.2   1   1   5.4e-06    0.0008   15.7   0.2    10   149    21   161    12   215 0.70 -
9652:7994-8617       -            208 6549at4891           -            334   0.00013   18.2   0.5   1   2     0.012       1.8    4.7   0.0     4    31     4    31     1    40 0.86 -
9652:7994-8617       -            208 6549at4891           -            334   0.00013   18.2   0.5   2   2   6.6e-05    0.0098   12.1   0.1    69   182    48   165    44   186 0.80 -
9494:6635-7150       -            172 6549at4891           -            334   0.00036   16.8   0.0   1   2     0.023       3.5    3.7   0.0     8    29     3    24     1    34 0.85 -
9494:6635-7150       -            172 6549at4891           -            334   0.00036   16.8   0.0   2   2   9.8e-05     0.015   11.6   0.0   138   183   112   164    41   171 0.72 -
9434:16912-17505     -            198 6549at4891           -            334   0.00063   16.0   0.0   1   2     0.012       1.9    4.6   0.0     3    42    12    51    10    59 0.83 -
9434:16912-17505     -            198 6549at4891           -            334   0.00063   16.0   0.0   2   2   0.00034     0.051    9.8   0.0   145   185   140   178    76   192 0.68 -
#
# Program:         hmmsearch
# Version:         3.1b2 (February 2015)
# Pipeline mode:   SEARCH
# Query file:      /home/jj/Desktop/Bioinformatics/3rd_year/1term/Computational_genomics/Seminars/exercise_04/busco_downloads/lineages/saccharomycetes_odb10/hmms/6549at4891.hmm
# Target file:     /home/jj/Desktop/Bioinformatics/3rd_year/1term/Computational_genomics/Seminars/exercise_04/./busco/SRR6130428/SRR6130428_k63_contigs/run_saccharomycetes_odb10/metaeuk_output/initial_results/SRR6130428_k63_graph.contig.fa.modified.fas
# Option settings: hmmsearch --domtblout /home/jj/Desktop/Bioinformatics/3rd_year/1term/Computational_genomics/Seminars/exercise_04/./busco/SRR6130428/SRR6130428_k63_contigs/run_saccharomycetes_odb10/hmmer_output/initial_run_results/6549at4891.out --cpu 1 /home/jj/Desktop/Bioinformatics/3rd_year/1term/Computational_genomics/Seminars/exercise_04/busco_downloads/lineages/saccharomycetes_odb10/hmms/6549at4891.hmm /home/jj/Desktop/Bioinformatics/3rd_year/1term/Computational_genomics/Seminars/exercise_04/./busco/SRR6130428/SRR6130428_k63_contigs/run_saccharomycetes_odb10/metaeuk_output/initial_results/SRR6130428_k63_graph.contig.fa.modified.fas 
# Current dir:     /home/jj/Desktop/Bioinformatics/3rd_year/1term/Computational_genomics/Seminars/exercise_04
# Date:            Tue Nov  5 18:39:12 2024
# [ok]
