#                                                                            --- full sequence --- -------------- this domain -------------   hmm coord   ali coord   env coord
# target name        accession   tlen query name           accession   qlen   E-value  score  bias   #  of  c-Evalue  i-Evalue  score  bias  from    to  from    to  from    to  acc description of target
#------------------- ---------- ----- -------------------- ---------- ----- --------- ------ ----- --- --- --------- --------- ------ ----- ----- ----- ----- ----- ----- ----- ---- ---------------------
9726:26191-28521     -            777 6567at4891           -            555  1.3e-268  889.2   0.5   1   2     0.039       3.4    3.1   0.0    11    45    84   121    79   157 0.73 -
9726:26191-28521     -            777 6567at4891           -            555  1.3e-268  889.2   0.5   2   2  1.8e-267  1.6e-265  879.0   0.1    71   554   244   775   234   776 0.93 -
9700:3872-6376       -            835 6567at4891           -            555  2.1e-165  548.4   0.6   1   3   3.1e-85   2.7e-83  277.4   0.1    70   290   212   437   204   449 0.94 -
9700:3872-6376       -            835 6567at4891           -            555  2.1e-165  548.4   0.6   2   3     1e-81   8.8e-80  265.8   0.0   289   529   461   716   448   737 0.88 -
9700:3872-6376       -            835 6567at4891           -            555  2.1e-165  548.4   0.6   3   3      0.11       9.3    1.7   0.1   525   554   754   783   737   784 0.91 -
9452:13582-16065     -            828 6567at4891           -            555  1.5e-142  473.0   0.1   1   2   4.7e-65     4e-63  210.8   0.0    70   298   203   440   192   488 0.87 -
9452:13582-16065     -            828 6567at4891           -            555  1.5e-142  473.0   0.1   2   2   1.1e-79   9.6e-78  259.1   0.0   283   527   501   761   494   781 0.87 -
8626:2959-6072       -           1038 6567at4891           -            555     2e-77  258.1   0.0   1   2   1.1e-73   9.9e-72  239.2   0.0   101   492   445   873   385   880 0.79 -
8626:2959-6072       -           1038 6567at4891           -            555     2e-77  258.1   0.0   2   2   3.3e-06   0.00028   16.6   0.0   255   293   889   927   878   936 0.85 -
9198:6736-10866      -           1377 6567at4891           -            555   4.5e-77  256.9   0.0   1   2   4.6e-72     4e-70  233.9   0.0    68   291   409   643   393   660 0.90 -
9198:6736-10866      -           1377 6567at4891           -            555   4.5e-77  256.9   0.0   2   2     2e-07   1.7e-05   20.6   0.0   102   174   767   840   756   848 0.88 -
8906:738-3590        -            951 6567at4891           -            555   6.7e-74  246.4   0.0   1   2   7.8e-09   6.8e-07   25.2   0.0    98   259   389   563   372   610 0.80 -
8906:738-3590        -            951 6567at4891           -            555   6.7e-74  246.4   0.0   2   2   1.5e-67   1.3e-65  219.0   0.0   308   535   646   889   617   907 0.84 -
8622:4584-5795       -            404 6567at4891           -            555     3e-67  224.4   0.1   1   1   4.7e-69     4e-67  224.0   0.1   308   531   140   378   112   403 0.88 -
7824:343-1428        -            362 6567at4891           -            555   9.9e-66  219.4   0.1   1   2   1.6e-37   1.4e-35  119.9   0.0   311   438    87   215    61   216 0.94 -
7824:343-1428        -            362 6567at4891           -            555   9.9e-66  219.4   0.1   2   2   4.7e-33   4.1e-31  105.2   0.0   138   293   160   317   160   327 0.91 -
9660:17138-18448     -            437 6567at4891           -            555   2.2e-64  215.0   0.1   1   1   3.1e-66   2.7e-64  214.7   0.1   307   538   173   420    96   435 0.89 -
9088:3332-4615       -            428 6567at4891           -            555   4.6e-63  210.6   0.1   1   1   6.4e-65   5.5e-63  210.4   0.1   269   527   118   400   100   428 0.79 -
9666:11714-13114     -            467 6567at4891           -            555   4.7e-63  210.6   0.0   1   1   7.5e-65   6.5e-63  210.1   0.0   296   536   190   450   173   461 0.85 -
9278:249-1565        -            439 6567at4891           -            555   8.8e-63  209.7   0.1   1   1   1.5e-64   1.3e-62  209.1   0.1   308   545   177   434   163   438 0.87 -
9460:15656-16984     -            443 6567at4891           -            555   2.9e-58  194.8   0.1   1   1   4.5e-60   3.9e-58  194.3   0.1   312   541     1   252     1   259 0.87 -
8672:233-1792        -            520 6567at4891           -            555   8.1e-58  193.3   0.0   1   1   2.1e-59   1.8e-57  192.1   0.0   311   541    70   327    56   336 0.86 -
9172:4263-5570       -            436 6567at4891           -            555   3.4e-57  191.3   0.1   1   1   6.6e-59   5.7e-57  190.5   0.1   307   530   175   413   158   435 0.87 -
8694:2670-4910       -            747 6567at4891           -            555   5.9e-57  190.5   0.0   1   1     1e-58   8.7e-57  189.9   0.0   304   539   270   521   254   533 0.86 -
9530:9826-10800      -            325 6567at4891           -            555   1.5e-53  179.3   0.0   1   3   2.6e-39   2.3e-37  125.8   0.0   300   430    28   157     3   171 0.85 -
9530:9826-10800      -            325 6567at4891           -            555   1.5e-53  179.3   0.0   2   3     1e-14   9.1e-13   44.6   0.0   203   290   189   275   184   291 0.89 -
9530:9826-10800      -            325 6567at4891           -            555   1.5e-53  179.3   0.0   3   3    0.0075      0.65    5.5   0.0   526   554   292   320   286   321 0.92 -
7436:115-1425        -            437 6567at4891           -            555   6.8e-51  170.4   0.0   1   1   2.4e-52   2.1e-50  168.8   0.0   298   531   116   362   109   368 0.87 -
8480:3440-5710       -            757 6567at4891           -            555   6.3e-48  160.6   0.3   1   1   7.5e-49   6.5e-47  157.3   0.3    67   420   234   629   212   647 0.76 -
7960:171-1106        -            312 6567at4891           -            555   1.5e-46  156.1   0.0   1   2   6.8e-36   5.9e-34  114.5   0.0   303   430     9   135     2   146 0.93 -
7960:171-1106        -            312 6567at4891           -            555   1.5e-46  156.1   0.0   2   2   6.7e-13   5.8e-11   38.6   0.0   203   305   176   277   172   289 0.88 -
9596:14408-15766     -            453 6567at4891           -            555   1.6e-19   66.9   0.0   1   2   9.7e-07   8.4e-05   18.3   0.0    94   128   253   287   241   304 0.78 -
9596:14408-15766     -            453 6567at4891           -            555   1.6e-19   66.9   0.0   2   2     1e-17   9.1e-16   54.5   0.0   350   479   265   393   265   448 0.80 -
9542:14011-14553     -            181 6567at4891           -            555   3.3e-13   46.0   0.5   1   1   1.6e-13   1.3e-11   40.7   0.5   103   248     3   178     1   181 0.63 -
9132:5293-7725       -            811 6567at4891           -            555   9.4e-07   24.7   0.1   1   2   5.4e-06   0.00047   15.8   0.0   110   187   141   232   129   248 0.76 -
9132:5293-7725       -            811 6567at4891           -            555   9.4e-07   24.7   0.1   2   2    0.0033      0.29    6.6   0.0   103   179   532   622   446   686 0.69 -
9646:14198-14803     -            202 6567at4891           -            555     5e-05   19.0   0.0   1   1   7.7e-07   6.7e-05   18.6   0.0    87   125    56    93    28   117 0.80 -
9318:2674-3339       -            222 6567at4891           -            555   0.00012   17.7   0.0   1   1   1.9e-06   0.00016   17.4   0.0    96   175    30   119    19   132 0.73 -
9488:17255-19456     -            734 6567at4891           -            555   0.00038   16.1   0.0   1   1   7.6e-06   0.00066   15.3   0.0   104   173   168   237   146   244 0.66 -
9238:3-14489         -           4829 6567at4891           -            555   0.00083   15.0   5.1   1   5      0.64        55   -0.9   0.0   102   128   224   250   178   270 0.80 -
9238:3-14489         -           4829 6567at4891           -            555   0.00083   15.0   5.1   2   5    0.0084      0.72    5.3   0.1   100   136   560   596   527   610 0.84 -
9238:3-14489         -           4829 6567at4891           -            555   0.00083   15.0   5.1   3   5      0.21        18    0.7   0.0   108   146   998  1039   967  1075 0.73 -
9238:3-14489         -           4829 6567at4891           -            555   0.00083   15.0   5.1   4   5      0.78        67   -1.2   0.0   351   372  1282  1303  1269  1314 0.62 -
9238:3-14489         -           4829 6567at4891           -            555   0.00083   15.0   5.1   5   5    0.0052      0.45    6.0   0.0   103   130  1657  1684  1642  1696 0.81 -
9216:2738-5320       -            861 6567at4891           -            555    0.0016   14.0   0.0   1   1   3.3e-05    0.0028   13.3   0.0   105   147   346   389   293   440 0.54 -
8636:1298-2713       -            472 6567at4891           -            555    0.0045   12.6   0.0   1   1   8.6e-05    0.0074   11.9   0.0   342   365    78   101    38   128 0.80 -
8962:129-1130        -            334 6567at4891           -            555    0.0052   12.4   0.1   1   1   0.00015     0.013   11.1   0.1   352   431    49   133    44   140 0.57 -
9092:2820-3413       -            198 6567at4891           -            555    0.0095   11.5   0.1   1   2    0.0003     0.026   10.1   0.0    99   129     6    36     2    68 0.75 -
9092:2820-3413       -            198 6567at4891           -            555    0.0095   11.5   0.1   2   2      0.85        73   -1.3   0.0   187   211   157   182   123   192 0.75 -
#
# Program:         hmmsearch
# Version:         3.1b2 (February 2015)
# Pipeline mode:   SEARCH
# Query file:      /home/jj/Desktop/Bioinformatics/3rd_year/1term/Computational_genomics/Seminars/exercise_04/busco_downloads/lineages/saccharomycetes_odb10/hmms/6567at4891.hmm
# Target file:     /home/jj/Desktop/Bioinformatics/3rd_year/1term/Computational_genomics/Seminars/exercise_04/./busco/SRR6130428/SRR6130428_k63_contigs/run_saccharomycetes_odb10/metaeuk_output/initial_results/SRR6130428_k63_graph.contig.fa.modified.fas
# Option settings: hmmsearch --domtblout /home/jj/Desktop/Bioinformatics/3rd_year/1term/Computational_genomics/Seminars/exercise_04/./busco/SRR6130428/SRR6130428_k63_contigs/run_saccharomycetes_odb10/hmmer_output/initial_run_results/6567at4891.out --cpu 1 /home/jj/Desktop/Bioinformatics/3rd_year/1term/Computational_genomics/Seminars/exercise_04/busco_downloads/lineages/saccharomycetes_odb10/hmms/6567at4891.hmm /home/jj/Desktop/Bioinformatics/3rd_year/1term/Computational_genomics/Seminars/exercise_04/./busco/SRR6130428/SRR6130428_k63_contigs/run_saccharomycetes_odb10/metaeuk_output/initial_results/SRR6130428_k63_graph.contig.fa.modified.fas 
# Current dir:     /home/jj/Desktop/Bioinformatics/3rd_year/1term/Computational_genomics/Seminars/exercise_04
# Date:            Tue Nov  5 18:39:12 2024
# [ok]
