#                                                                            --- full sequence --- -------------- this domain -------------   hmm coord   ali coord   env coord
# target name        accession   tlen query name           accession   qlen   E-value  score  bias   #  of  c-Evalue  i-Evalue  score  bias  from    to  from    to  from    to  acc description of target
#------------------- ---------- ----- -------------------- ---------- ----- --------- ------ ----- --- --- --------- --------- ------ ----- ----- ----- ----- ----- ----- ----- ---- ---------------------
9490:2957-8920       -           1988 662at4891            -            994  5.6e-185  614.3  91.1   1   8      0.12   3.3e+02   -4.0   0.7    47    95   146   194   140   200 0.78 -
9490:2957-8920       -           1988 662at4891            -            994  5.6e-185  614.3  91.1   2   8    0.0055        15    0.5   0.1    19    53   325   357   310   370 0.76 -
9490:2957-8920       -           1988 662at4891            -            994  5.6e-185  614.3  91.1   3   8   6.9e-58   1.9e-54  182.3  16.0    62   261   465   724   458   729 0.82 -
9490:2957-8920       -           1988 662at4891            -            994  5.6e-185  614.3  91.1   4   8   9.4e-56   2.5e-52  175.2   9.5   276   488   843  1114   831  1144 0.80 -
9490:2957-8920       -           1988 662at4891            -            994  5.6e-185  614.3  91.1   5   8     0.001       2.7    3.0   0.7   503   540  1214  1267  1192  1275 0.76 -
9490:2957-8920       -           1988 662at4891            -            994  5.6e-185  614.3  91.1   6   8   4.4e-52   1.2e-48  163.1   1.7   526   718  1300  1534  1297  1541 0.82 -
9490:2957-8920       -           1988 662at4891            -            994  5.6e-185  614.3  91.1   7   8   2.4e-39   6.4e-36  120.9  17.9   717   908  1558  1813  1549  1817 0.81 -
9490:2957-8920       -           1988 662at4891            -            994  5.6e-185  614.3  91.1   8   8     0.025        67   -1.6   0.2   885   955  1814  1889  1810  1929 0.70 -
#
# Program:         hmmsearch
# Version:         3.1b2 (February 2015)
# Pipeline mode:   SEARCH
# Query file:      /home/jj/Desktop/Bioinformatics/3rd_year/1term/Computational_genomics/Seminars/exercise_04/busco_downloads/lineages/saccharomycetes_odb10/hmms/662at4891.hmm
# Target file:     /home/jj/Desktop/Bioinformatics/3rd_year/1term/Computational_genomics/Seminars/exercise_04/./busco/SRR6130428/SRR6130428_k63_contigs/run_saccharomycetes_odb10/metaeuk_output/initial_results/SRR6130428_k63_graph.contig.fa.modified.fas
# Option settings: hmmsearch --domtblout /home/jj/Desktop/Bioinformatics/3rd_year/1term/Computational_genomics/Seminars/exercise_04/./busco/SRR6130428/SRR6130428_k63_contigs/run_saccharomycetes_odb10/hmmer_output/initial_run_results/662at4891.out --cpu 1 /home/jj/Desktop/Bioinformatics/3rd_year/1term/Computational_genomics/Seminars/exercise_04/busco_downloads/lineages/saccharomycetes_odb10/hmms/662at4891.hmm /home/jj/Desktop/Bioinformatics/3rd_year/1term/Computational_genomics/Seminars/exercise_04/./busco/SRR6130428/SRR6130428_k63_contigs/run_saccharomycetes_odb10/metaeuk_output/initial_results/SRR6130428_k63_graph.contig.fa.modified.fas 
# Current dir:     /home/jj/Desktop/Bioinformatics/3rd_year/1term/Computational_genomics/Seminars/exercise_04
# Date:            Tue Nov  5 18:39:13 2024
# [ok]
