#                                                                            --- full sequence --- -------------- this domain -------------   hmm coord   ali coord   env coord
# target name        accession   tlen query name           accession   qlen   E-value  score  bias   #  of  c-Evalue  i-Evalue  score  bias  from    to  from    to  from    to  acc description of target
#------------------- ---------- ----- -------------------- ---------- ----- --------- ------ ----- --- --- --------- --------- ------ ----- ----- ----- ----- ----- ----- ----- ---- ---------------------
8418:2802-5471       -            890 6658at4891           -            632  3.7e-188  623.8  30.9   1   4     2e-96   1.8e-93  311.0   0.1    14   230     1   251     1   265 0.88 -
8418:2802-5471       -            890 6658at4891           -            632  3.7e-188  623.8  30.9   2   4   4.7e-10   4.2e-07   25.7   0.0   220   261   271   318   268   330 0.85 -
8418:2802-5471       -            890 6658at4891           -            632  3.7e-188  623.8  30.9   3   4   9.6e-32   8.6e-29   97.4   1.8   260   353   350   460   338   492 0.86 -
8418:2802-5471       -            890 6658at4891           -            632  3.7e-188  623.8  30.9   4   4     3e-60   2.7e-57  191.5  16.5   387   624   578   869   571   875 0.82 -
9724:2093-15713      -            205 6658at4891           -            632   0.00048   15.6   0.0   1   1   7.2e-07   0.00064   15.2   0.0    36    98    50   118    41   143 0.78 -
9636:17731-18642     -            304 6658at4891           -            632     0.012   10.9   0.0   1   2   6.4e-05     0.057    8.8   0.0    62   121    61   128    39   133 0.80 -
9636:17731-18642     -            304 6658at4891           -            632     0.012   10.9   0.0   2   2     0.044        39   -0.6   0.1    64   101   195   239   191   245 0.74 -
#
# Program:         hmmsearch
# Version:         3.1b2 (February 2015)
# Pipeline mode:   SEARCH
# Query file:      /home/jj/Desktop/Bioinformatics/3rd_year/1term/Computational_genomics/Seminars/exercise_04/busco_downloads/lineages/saccharomycetes_odb10/hmms/6658at4891.hmm
# Target file:     /home/jj/Desktop/Bioinformatics/3rd_year/1term/Computational_genomics/Seminars/exercise_04/./busco/SRR6130428/SRR6130428_k63_contigs/run_saccharomycetes_odb10/metaeuk_output/initial_results/SRR6130428_k63_graph.contig.fa.modified.fas
# Option settings: hmmsearch --domtblout /home/jj/Desktop/Bioinformatics/3rd_year/1term/Computational_genomics/Seminars/exercise_04/./busco/SRR6130428/SRR6130428_k63_contigs/run_saccharomycetes_odb10/hmmer_output/initial_run_results/6658at4891.out --cpu 1 /home/jj/Desktop/Bioinformatics/3rd_year/1term/Computational_genomics/Seminars/exercise_04/busco_downloads/lineages/saccharomycetes_odb10/hmms/6658at4891.hmm /home/jj/Desktop/Bioinformatics/3rd_year/1term/Computational_genomics/Seminars/exercise_04/./busco/SRR6130428/SRR6130428_k63_contigs/run_saccharomycetes_odb10/metaeuk_output/initial_results/SRR6130428_k63_graph.contig.fa.modified.fas 
# Current dir:     /home/jj/Desktop/Bioinformatics/3rd_year/1term/Computational_genomics/Seminars/exercise_04
# Date:            Tue Nov  5 18:39:13 2024
# [ok]
