#                                                                            --- full sequence --- -------------- this domain -------------   hmm coord   ali coord   env coord
# target name        accession   tlen query name           accession   qlen   E-value  score  bias   #  of  c-Evalue  i-Evalue  score  bias  from    to  from    to  from    to  acc description of target
#------------------- ---------- ----- -------------------- ---------- ----- --------- ------ ----- --- --- --------- --------- ------ ----- ----- ----- ----- ----- ----- ----- ---- ---------------------
9718:43474-44961     -            496 6770at4891           -            330  1.4e-135  448.7   9.3   1   2   1.9e-34     5e-32  108.3   1.5     1    93    77   182    77   194 0.85 -
9718:43474-44961     -            496 6770at4891           -            330  1.4e-135  448.7   9.3   2   2  3.7e-106  9.8e-104  344.0   1.2    83   329   213   496   183   496 0.89 -
8346:3270-4373       -            368 6770at4891           -            330   3.5e-15   53.0   0.6   1   1   1.8e-17   4.9e-15   52.5   0.1   182   283    64   168    56   184 0.78 -
9372:36-1142         -            369 6770at4891           -            330   3.5e-15   53.0   0.2   1   1     2e-17   5.2e-15   52.4   0.2   181   280    65   163    46   185 0.86 -
9012:6199-7428       -            410 6770at4891           -            330   2.1e-10   37.3   0.1   1   2   1.5e-08   4.1e-06   23.2   0.0   184   220     7    43     5    52 0.93 -
9012:6199-7428       -            410 6770at4891           -            330   2.1e-10   37.3   0.1   2   2   5.4e-05     0.015   11.5   0.0   231   268    81   118    65   125 0.90 -
9380:4481-6421       -            647 6770at4891           -            330   4.9e-09   32.8   0.0   1   1   2.8e-11   7.5e-09   32.2   0.0   183   301   169   292   116   300 0.77 -
9384:4587-5429       -            281 6770at4891           -            330   4.7e-08   29.6   0.3   1   1   3.9e-09     1e-06   25.1   0.3   185   266     8   108     5   138 0.73 -
9306:13782-15263     -            494 6770at4891           -            330   7.6e-07   25.6   0.7   1   1   4.5e-09   1.2e-06   24.9   0.7   183   301   244   366   231   376 0.76 -
9656:3033-4910       -            626 6770at4891           -            330   0.00088   15.5   2.4   1   3      0.18        48   -0.1   0.1   253   304   193   243   186   259 0.70 -
9656:3033-4910       -            626 6770at4891           -            330   0.00088   15.5   2.4   2   3      0.67   1.8e+02   -1.9   0.1    89   124   275   310   265   327 0.74 -
9656:3033-4910       -            626 6770at4891           -            330   0.00088   15.5   2.4   3   3   1.2e-05    0.0033   13.6   0.0   182   238   337   392   335   404 0.81 -
7992:884-1501        -            206 6770at4891           -            330    0.0034   13.6   0.1   1   1   3.5e-05    0.0093   12.1   0.1   257   311    80   135     3   144 0.81 -
9334:13206-13745     -            180 6770at4891           -            330     0.026   10.7   0.0   1   1   0.00011     0.031   10.4   0.0   184   240    16    70    10   128 0.77 -
#
# Program:         hmmsearch
# Version:         3.1b2 (February 2015)
# Pipeline mode:   SEARCH
# Query file:      /home/jj/Desktop/Bioinformatics/3rd_year/1term/Computational_genomics/Seminars/exercise_04/busco_downloads/lineages/saccharomycetes_odb10/hmms/6770at4891.hmm
# Target file:     /home/jj/Desktop/Bioinformatics/3rd_year/1term/Computational_genomics/Seminars/exercise_04/./busco/SRR6130428/SRR6130428_k63_contigs/run_saccharomycetes_odb10/metaeuk_output/initial_results/SRR6130428_k63_graph.contig.fa.modified.fas
# Option settings: hmmsearch --domtblout /home/jj/Desktop/Bioinformatics/3rd_year/1term/Computational_genomics/Seminars/exercise_04/./busco/SRR6130428/SRR6130428_k63_contigs/run_saccharomycetes_odb10/hmmer_output/initial_run_results/6770at4891.out --cpu 1 /home/jj/Desktop/Bioinformatics/3rd_year/1term/Computational_genomics/Seminars/exercise_04/busco_downloads/lineages/saccharomycetes_odb10/hmms/6770at4891.hmm /home/jj/Desktop/Bioinformatics/3rd_year/1term/Computational_genomics/Seminars/exercise_04/./busco/SRR6130428/SRR6130428_k63_contigs/run_saccharomycetes_odb10/metaeuk_output/initial_results/SRR6130428_k63_graph.contig.fa.modified.fas 
# Current dir:     /home/jj/Desktop/Bioinformatics/3rd_year/1term/Computational_genomics/Seminars/exercise_04
# Date:            Tue Nov  5 18:39:15 2024
# [ok]
