#                                                                            --- full sequence --- -------------- this domain -------------   hmm coord   ali coord   env coord
# target name        accession   tlen query name           accession   qlen   E-value  score  bias   #  of  c-Evalue  i-Evalue  score  bias  from    to  from    to  from    to  acc description of target
#------------------- ---------- ----- -------------------- ---------- ----- --------- ------ ----- --- --- --------- --------- ------ ----- ----- ----- ----- ----- ----- ----- ---- ---------------------
9556:16419-19040     -            874 6800at4891           -            659  2.1e-272  902.9  15.1   1   3   6.8e-26     3e-23   79.6   0.1     2   173     2   228     1   236 0.75 -
9556:16419-19040     -            874 6800at4891           -            659  2.1e-272  902.9  15.1   2   3   3.9e-61   1.7e-58  196.1   3.0   162   324   261   442   250   464 0.88 -
9556:16419-19040     -            874 6800at4891           -            659  2.1e-272  902.9  15.1   3   3  4.8e-192  2.1e-189  628.6   1.3   306   658   477   874   474   874 0.89 -
9566:15508-21207     -           1900 6800at4891           -            659   5.8e-39  131.6   0.5   1   3       1.7   7.5e+02   -4.3   0.0   147   209  1133  1196  1115  1201 0.72 -
9566:15508-21207     -           1900 6800at4891           -            659   5.8e-39  131.6   0.5   2   3    0.0082       3.7    3.4   0.0   260   333  1432  1506  1383  1521 0.73 -
9566:15508-21207     -           1900 6800at4891           -            659   5.8e-39  131.6   0.5   3   3   8.4e-40   3.8e-37  125.6   0.0   408   643  1643  1884  1584  1896 0.90 -
9682:21958-25107     -           1050 6800at4891           -            659   2.8e-38  129.3   7.3   1   3   2.5e-08   1.1e-05   21.6   0.3   250   333    10    95     2   104 0.85 -
9682:21958-25107     -           1050 6800at4891           -            659   2.8e-38  129.3   7.3   2   3      0.13        57   -0.6   0.0    58    98   380   420   363   441 0.84 -
9682:21958-25107     -           1050 6800at4891           -            659   2.8e-38  129.3   7.3   3   3   9.9e-35   4.4e-32  108.8   0.5   408   649   776  1040   769  1047 0.78 -
9210:629-8989        -           2787 6800at4891           -            659   3.8e-20   69.4   7.4   1   3      0.41   1.8e+02   -2.2   0.3   425   514   155   248   131   260 0.68 -
9210:629-8989        -           2787 6800at4891           -            659   3.8e-20   69.4   7.4   2   3   3.3e-13   1.5e-10   37.7   0.3   409   473  2463  2532  2451  2564 0.86 -
9210:629-8989        -           2787 6800at4891           -            659   3.8e-20   69.4   7.4   3   3   2.3e-12     1e-09   34.9   0.1   497   595  2592  2692  2577  2725 0.86 -
9458:13242-16670     -           1143 6800at4891           -            659   2.5e-14   50.2   0.0   1   2   8.3e-10   3.7e-07   26.5   0.0   405   471   791   861   743   877 0.78 -
9458:13242-16670     -           1143 6800at4891           -            659   2.5e-14   50.2   0.0   2   2   3.4e-08   1.5e-05   21.1   0.0   498   537   930   970   917   978 0.91 -
9716:33871-36801     -            977 6800at4891           -            659   3.5e-14   49.7   0.0   1   2   2.6e-09   1.2e-06   24.8   0.0   405   471   625   695   601   713 0.85 -
9716:33871-36801     -            977 6800at4891           -            659   3.5e-14   49.7   0.0   2   2   1.4e-08   6.2e-06   22.4   0.0   498   539   764   806   751   932 0.78 -
#
# Program:         hmmsearch
# Version:         3.1b2 (February 2015)
# Pipeline mode:   SEARCH
# Query file:      /home/jj/Desktop/Bioinformatics/3rd_year/1term/Computational_genomics/Seminars/exercise_04/busco_downloads/lineages/saccharomycetes_odb10/hmms/6800at4891.hmm
# Target file:     /home/jj/Desktop/Bioinformatics/3rd_year/1term/Computational_genomics/Seminars/exercise_04/./busco/SRR6130428/SRR6130428_k63_contigs/run_saccharomycetes_odb10/metaeuk_output/initial_results/SRR6130428_k63_graph.contig.fa.modified.fas
# Option settings: hmmsearch --domtblout /home/jj/Desktop/Bioinformatics/3rd_year/1term/Computational_genomics/Seminars/exercise_04/./busco/SRR6130428/SRR6130428_k63_contigs/run_saccharomycetes_odb10/hmmer_output/initial_run_results/6800at4891.out --cpu 1 /home/jj/Desktop/Bioinformatics/3rd_year/1term/Computational_genomics/Seminars/exercise_04/busco_downloads/lineages/saccharomycetes_odb10/hmms/6800at4891.hmm /home/jj/Desktop/Bioinformatics/3rd_year/1term/Computational_genomics/Seminars/exercise_04/./busco/SRR6130428/SRR6130428_k63_contigs/run_saccharomycetes_odb10/metaeuk_output/initial_results/SRR6130428_k63_graph.contig.fa.modified.fas 
# Current dir:     /home/jj/Desktop/Bioinformatics/3rd_year/1term/Computational_genomics/Seminars/exercise_04
# Date:            Tue Nov  5 18:39:15 2024
# [ok]
