#                                                                            --- full sequence --- -------------- this domain -------------   hmm coord   ali coord   env coord
# target name        accession   tlen query name           accession   qlen   E-value  score  bias   #  of  c-Evalue  i-Evalue  score  bias  from    to  from    to  from    to  acc description of target
#------------------- ---------- ----- -------------------- ---------- ----- --------- ------ ----- --- --- --------- --------- ------ ----- ----- ----- ----- ----- ----- ----- ---- ---------------------
9662:20981-22690     -            570 6821at4891           -            351    9e-126  416.9   3.4   1   3   1.1e-84   5.9e-82  272.8   0.2     1   228    23   288    23   307 0.83 -
9662:20981-22690     -            570 6821at4891           -            351    9e-126  416.9   3.4   2   3   2.4e-42   1.3e-39  133.6   0.1   201   325   297   445   284   449 0.80 -
9662:20981-22690     -            570 6821at4891           -            351    9e-126  416.9   3.4   3   3   0.00056       0.3    7.4   0.1   331   351   494   518   482   518 0.75 -
8254:2368-4431       -            688 6821at4891           -            351   3.5e-09   33.5   0.1   1   2     7e-09   3.7e-06   23.5   0.0    81   154   305   380   283   407 0.84 -
8254:2368-4431       -            688 6821at4891           -            351   3.5e-09   33.5   0.1   2   2   0.00044      0.24    7.7   0.1   294   327   449   482   404   489 0.85 -
9634:27425-29245     -            607 6821at4891           -            351   1.6e-07   28.0   0.0   1   2   8.7e-10   4.7e-07   26.5   0.0    85   136   197   248   176   252 0.88 -
9634:27425-29245     -            607 6821at4891           -            351   1.6e-07   28.0   0.0   2   2      0.67   3.6e+02   -2.7   0.0   304   327   480   504   461   507 0.67 -
8514:2586-4580       -            665 6821at4891           -            351   2.9e-07   27.2   0.0   1   2   1.8e-09   9.5e-07   25.5   0.0    84   137   245   298   229   309 0.86 -
8514:2586-4580       -            665 6821at4891           -            351   2.9e-07   27.2   0.0   2   2      0.77   4.1e+02   -2.9   0.0   307   329   534   556   511   566 0.65 -
8528:2314-3645       -            444 6821at4891           -            351   5.6e-06   22.9   0.0   1   2   8.2e-08   4.4e-05   20.0   0.0    12   149    37   194    28   204 0.72 -
8528:2314-3645       -            444 6821at4891           -            351   5.6e-06   22.9   0.0   2   2      0.15        82   -0.6   0.0   306   329   317   340   308   358 0.80 -
#
# Program:         hmmsearch
# Version:         3.1b2 (February 2015)
# Pipeline mode:   SEARCH
# Query file:      /home/jj/Desktop/Bioinformatics/3rd_year/1term/Computational_genomics/Seminars/exercise_04/busco_downloads/lineages/saccharomycetes_odb10/hmms/6821at4891.hmm
# Target file:     /home/jj/Desktop/Bioinformatics/3rd_year/1term/Computational_genomics/Seminars/exercise_04/./busco/SRR6130428/SRR6130428_k63_contigs/run_saccharomycetes_odb10/metaeuk_output/initial_results/SRR6130428_k63_graph.contig.fa.modified.fas
# Option settings: hmmsearch --domtblout /home/jj/Desktop/Bioinformatics/3rd_year/1term/Computational_genomics/Seminars/exercise_04/./busco/SRR6130428/SRR6130428_k63_contigs/run_saccharomycetes_odb10/hmmer_output/initial_run_results/6821at4891.out --cpu 1 /home/jj/Desktop/Bioinformatics/3rd_year/1term/Computational_genomics/Seminars/exercise_04/busco_downloads/lineages/saccharomycetes_odb10/hmms/6821at4891.hmm /home/jj/Desktop/Bioinformatics/3rd_year/1term/Computational_genomics/Seminars/exercise_04/./busco/SRR6130428/SRR6130428_k63_contigs/run_saccharomycetes_odb10/metaeuk_output/initial_results/SRR6130428_k63_graph.contig.fa.modified.fas 
# Current dir:     /home/jj/Desktop/Bioinformatics/3rd_year/1term/Computational_genomics/Seminars/exercise_04
# Date:            Tue Nov  5 18:39:16 2024
# [ok]
