#                                                                            --- full sequence --- -------------- this domain -------------   hmm coord   ali coord   env coord
# target name        accession   tlen query name           accession   qlen   E-value  score  bias   #  of  c-Evalue  i-Evalue  score  bias  from    to  from    to  from    to  acc description of target
#------------------- ---------- ----- -------------------- ---------- ----- --------- ------ ----- --- --- --------- --------- ------ ----- ----- ----- ----- ----- ----- ----- ---- ---------------------
8478:1944-3398       -            485 6943at4891           -            367  2.7e-193  638.9  13.8   1   1  5.7e-191  2.4e-189  626.0  13.8     1   367     1   436     1   436 0.91 -
8436:656-1654        -            333 6943at4891           -            367   9.8e-23   77.7   4.8   1   4   0.00017    0.0072   12.4   0.0   238   269     1    32     1    37 0.91 -
8436:656-1654        -            333 6943at4891           -            367   9.8e-23   77.7   4.8   2   4   5.7e-06   0.00024   17.3   0.1    77   125    67   126    60   160 0.79 -
8436:656-1654        -            333 6943at4891           -            367   9.8e-23   77.7   4.8   3   4   5.1e-12   2.1e-10   37.2   0.3   209   312   187   294   173   300 0.82 -
8436:656-1654        -            333 6943at4891           -            367   9.8e-23   77.7   4.8   4   4   1.6e-09   6.7e-08   28.9   0.5   234   308   255   332   252   333 0.87 -
9128:10043-12433     -            797 6943at4891           -            367     5e-22   75.4   0.4   1   4       2.8   1.2e+02   -1.5   0.0   285   312   471   498   460   515 0.73 -
9128:10043-12433     -            797 6943at4891           -            367     5e-22   75.4   0.4   2   4   1.9e-06     8e-05   18.8   0.0   282   310   527   555   524   558 0.91 -
9128:10043-12433     -            797 6943at4891           -            367     5e-22   75.4   0.4   3   4   3.6e-10   1.5e-08   31.1   0.0   232   310   558   639   553   644 0.86 -
9128:10043-12433     -            797 6943at4891           -            367     5e-22   75.4   0.4   4   4     4e-07   1.7e-05   21.1   0.0   233   310   643   724   639   732 0.82 -
9618:271-3099        -            943 6943at4891           -            367   4.3e-20   69.1  12.7   1   7   0.00066     0.028   10.5   0.1    78   123    93   150    76   158 0.68 -
9618:271-3099        -            943 6943at4891           -            367   4.3e-20   69.1  12.7   2   7   4.3e-06   0.00018   17.7   0.5    75   127   173   235   158   251 0.78 -
9618:271-3099        -            943 6943at4891           -            367   4.3e-20   69.1  12.7   3   7      0.26        11    1.9   0.0    72    99   398   425   386   437 0.79 -
9618:271-3099        -            943 6943at4891           -            367   4.3e-20   69.1  12.7   4   7   0.00014    0.0057   12.7   0.0   235   270   467   502   450   507 0.84 -
9618:271-3099        -            943 6943at4891           -            367   4.3e-20   69.1  12.7   5   7   0.00054     0.023   10.8   0.1   244   308   534   601   521   610 0.75 -
9618:271-3099        -            943 6943at4891           -            367   4.3e-20   69.1  12.7   6   7   2.2e-06   9.1e-05   18.6   0.2   239   311   571   646   549   657 0.84 -
9618:271-3099        -            943 6943at4891           -            367   4.3e-20   69.1  12.7   7   7   2.2e-05   0.00094   15.3   0.1   240   316   614   692   604   711 0.61 -
8822:7585-8277       -            231 6943at4891           -            367   5.5e-20   68.7   1.2   1   3   4.5e-12   1.9e-10   37.3   0.0   205   311     3   113     1   127 0.80 -
8822:7585-8277       -            231 6943at4891           -            367   5.5e-20   68.7   1.2   2   3   6.7e-06   0.00028   17.0   0.2   280   320   131   172   121   182 0.83 -
8822:7585-8277       -            231 6943at4891           -            367   5.5e-20   68.7   1.2   3   3    0.0032      0.14    8.2   0.0   282   311   187   216   177   229 0.86 -
9674:12257-13606     -            450 6943at4891           -            367   9.4e-18   61.4   1.6   1   3   1.1e-07   4.5e-06   22.9   0.1   237   320    73   160    37   169 0.82 -
9674:12257-13606     -            450 6943at4891           -            367   9.4e-18   61.4   1.6   2   3    0.0027      0.11    8.5   0.1   236   307   157   231   150   231 0.69 -
9674:12257-13606     -            450 6943at4891           -            367   9.4e-18   61.4   1.6   3   3   6.5e-12   2.7e-10   36.8   0.1   109   274   177   368   169   371 0.76 -
9346:13077-16673     -           1199 6943at4891           -            367   2.2e-16   56.8   2.0   1   4   7.9e-09   3.3e-07   26.7   0.0   223   310    36   125     9   134 0.82 -
9346:13077-16673     -           1199 6943at4891           -            367   2.2e-16   56.8   2.0   2   4   0.00082     0.034   10.1   0.0   233   271   129   167   123   172 0.88 -
9346:13077-16673     -           1199 6943at4891           -            367   2.2e-16   56.8   2.0   3   4   0.00035     0.015   11.4   0.2   294   324   223   253   208   260 0.81 -
9346:13077-16673     -           1199 6943at4891           -            367   2.2e-16   56.8   2.0   4   4      0.02      0.83    5.6   0.0   168   206   254   291   245   322 0.75 -
9508:19799-20617     -            273 6943at4891           -            367   3.4e-16   56.2  12.1   1   4   1.3e-07   5.5e-06   22.7   1.7    59   129    19    99     7   100 0.70 -
9508:19799-20617     -            273 6943at4891           -            367   3.4e-16   56.2  12.1   2   4   1.3e-08   5.4e-07   26.0   1.1   233   312    58   137    54   152 0.83 -
9508:19799-20617     -            273 6943at4891           -            367   3.4e-16   56.2  12.1   3   4   0.00045     0.019   11.0   0.1   108   128   208   228   203   234 0.85 -
9508:19799-20617     -            273 6943at4891           -            367   3.4e-16   56.2  12.1   4   4   5.8e-06   0.00024   17.2   0.1    65    98   234   268   228   272 0.87 -
9126:8755-11505      -            917 6943at4891           -            367   2.7e-15   53.3   7.2   1   6      0.22       9.4    2.1   0.0   231   309    45   124    35   133 0.77 -
9126:8755-11505      -            917 6943at4891           -            367   2.7e-15   53.3   7.2   2   6    0.0001    0.0044   13.1   0.2   272   320   138   186   127   195 0.85 -
9126:8755-11505      -            917 6943at4891           -            367   2.7e-15   53.3   7.2   3   6   3.7e-08   1.5e-06   24.5   0.8   144   308   279   459   187   472 0.72 -
9126:8755-11505      -            917 6943at4891           -            367   2.7e-15   53.3   7.2   4   6   7.6e-09   3.2e-07   26.7   0.2    64   197   342   502   338   507 0.73 -
9126:8755-11505      -            917 6943at4891           -            367   2.7e-15   53.3   7.2   5   6   0.00098     0.041    9.9   0.0   235   309   467   544   423   584 0.77 -
9126:8755-11505      -            917 6943at4891           -            367   2.7e-15   53.3   7.2   6   6      0.58        24    0.8   0.0   179   204   589   613   566   631 0.73 -
9636:17731-18642     -            304 6943at4891           -            367   2.9e-14   49.9   5.2   1   3    0.0064      0.27    7.2   0.0   152   202    18    66     7    76 0.61 -
9636:17731-18642     -            304 6943at4891           -            367   2.9e-14   49.9   5.2   2   3   1.9e-05   0.00079   15.6   0.0    65   127    74   150    70   169 0.66 -
9636:17731-18642     -            304 6943at4891           -            367   2.9e-14   49.9   5.2   3   3   1.9e-08   8.1e-07   25.4   0.7   218   311   179   282   159   289 0.77 -
9112:7248-8249       -            334 6943at4891           -            367   8.1e-14   48.4   4.2   1   3   4.9e-06    0.0002   17.5   0.3   286   331     2    49     1    84 0.77 -
9112:7248-8249       -            334 6943at4891           -            367   8.1e-14   48.4   4.2   2   3   1.3e-08   5.6e-07   25.9   0.0   234   308    94   170    89   178 0.82 -
9112:7248-8249       -            334 6943at4891           -            367   8.1e-14   48.4   4.2   3   3     0.025         1    5.3   0.1   255   315   266   333   259   334 0.83 -
9312:6422-7318       -            299 6943at4891           -            367   6.5e-13   45.4   0.1   1   3   3.7e-05    0.0016   14.6   0.0   225   308    24   109    16   114 0.63 -
9312:6422-7318       -            299 6943at4891           -            367   6.5e-13   45.4   0.1   2   3   4.7e-07     2e-05   20.8   0.0   202   310    42   154    40   155 0.74 -
9312:6422-7318       -            299 6943at4891           -            367   6.5e-13   45.4   0.1   3   3   4.9e-07     2e-05   20.8   0.1   235   308   117   202   110   211 0.74 -
8974:7891-10245      -            785 6943at4891           -            367   3.7e-12   43.0   1.4   1   5   3.4e-05    0.0014   14.7   0.0   235   310    53   132    18   141 0.59 -
8974:7891-10245      -            785 6943at4891           -            367   3.7e-12   43.0   1.4   2   5     0.029       1.2    5.1   0.0   294   316   220   242   168   269 0.69 -
8974:7891-10245      -            785 6943at4891           -            367   3.7e-12   43.0   1.4   3   5     0.011      0.45    6.5   0.0   243   269   387   413   381   464 0.87 -
8974:7891-10245      -            785 6943at4891           -            367   3.7e-12   43.0   1.4   4   5      0.35        15    1.5   0.0   283   313   609   639   557   647 0.83 -
8974:7891-10245      -            785 6943at4891           -            367   3.7e-12   43.0   1.4   5   5    0.0018     0.074    9.1   0.0   238   273   650   687   638   733 0.79 -
8240:671-1900        -            410 6943at4891           -            367   9.2e-12   41.7   1.0   1   4   3.3e-05    0.0014   14.7   0.0   237   311   113   192   104   204 0.77 -
8240:671-1900        -            410 6943at4891           -            367   9.2e-12   41.7   1.0   2   4   6.2e-07   2.6e-05   20.4   0.0   209   271   214   278   195   294 0.78 -
8240:671-1900        -            410 6943at4891           -            367   9.2e-12   41.7   1.0   3   4      0.41        17    1.3   0.2   285   309   343   367   297   378 0.73 -
8240:671-1900        -            410 6943at4891           -            367   9.2e-12   41.7   1.0   4   4      0.14       5.7    2.9   0.1   149   191   362   405   340   410 0.67 -
9456:1145-2410       -            422 6943at4891           -            367   1.7e-11   40.8   3.4   1   2   0.00026     0.011   11.8   2.4    17   210    42   270    27   281 0.59 -
9456:1145-2410       -            422 6943at4891           -            367   1.7e-11   40.8   3.4   2   2   2.3e-07   9.4e-06   21.9   0.4   141   307   241   418   146   418 0.67 -
9680:19363-20697     -            445 6943at4891           -            367   2.6e-11   40.2   3.9   1   3   9.1e-10   3.8e-08   29.8   0.7    75   202   145   294   122   299 0.75 -
9680:19363-20697     -            445 6943at4891           -            367   2.6e-11   40.2   3.9   2   3   1.2e-06     5e-05   19.5   0.1    64   207   215   382   207   394 0.66 -
9680:19363-20697     -            445 6943at4891           -            367   2.6e-11   40.2   3.9   3   3      0.11       4.5    3.2   0.0   244   270   396   422   390   429 0.84 -
9670:4414-5802       -            463 6943at4891           -            367     7e-11   38.8   1.4   1   3    0.0015     0.064    9.3   0.0   236   312   212   296   197   304 0.73 -
9670:4414-5802       -            463 6943at4891           -            367     7e-11   38.8   1.4   2   3   6.6e-05    0.0028   13.8   0.0   240   311   263   337   252   345 0.82 -
9670:4414-5802       -            463 6943at4891           -            367     7e-11   38.8   1.4   3   3   1.3e-07   5.2e-06   22.7   0.4   179   307   317   463   315   463 0.75 -
9534:20058-21434     -            459 6943at4891           -            367   1.5e-10   37.7   4.9   1   4   3.1e-06   0.00013   18.1   0.2   246   329   108   191   101   197 0.73 -
9534:20058-21434     -            459 6943at4891           -            367   1.5e-10   37.7   4.9   2   4    0.0044      0.19    7.7   0.0   231   269   198   235   179   243 0.82 -
9534:20058-21434     -            459 6943at4891           -            367   1.5e-10   37.7   4.9   3   4     0.051       2.1    4.2   0.0   155   203   275   323   267   340 0.80 -
9534:20058-21434     -            459 6943at4891           -            367   1.5e-10   37.7   4.9   4   4     0.007       0.3    7.1   0.0    78   103   390   415   359   450 0.67 -
9522:17732-18610     -            293 6943at4891           -            367   4.7e-10   36.0   0.5   1   3    0.0033      0.14    8.2   0.0   107   153    28    73    13   123 0.69 -
9522:17732-18610     -            293 6943at4891           -            367   4.7e-10   36.0   0.5   2   3   7.9e-08   3.3e-06   23.4   0.0   146   216   160   228   143   242 0.86 -
9522:17732-18610     -            293 6943at4891           -            367   4.7e-10   36.0   0.5   3   3       7.3     3e+02   -2.8   0.0   286   307   274   293   269   293 0.74 -
9248:1987-5412       -           1142 6943at4891           -            367   7.8e-10   35.3   1.4   1   1   4.1e-11   1.7e-09   34.2   1.4   151   280    91   237    81   245 0.80 -
9120:7323-8150       -            276 6943at4891           -            367   2.1e-09   33.9   1.7   1   3     0.013      0.55    6.2   0.0   263   308    92   140    59   147 0.61 -
9120:7323-8150       -            276 6943at4891           -            367   2.1e-09   33.9   1.7   2   3   5.9e-07   2.5e-05   20.5   0.2   109   200   127   235   117   243 0.75 -
9120:7323-8150       -            276 6943at4891           -            367   2.1e-09   33.9   1.7   3   3   0.00027     0.011   11.8   0.0   157   197   236   276   233   276 0.92 -
9078:8616-9581       -            322 6943at4891           -            367   2.1e-09   33.9   5.5   1   5      0.32        13    1.6   0.0   239   268    53    82     2    82 0.64 -
9078:8616-9581       -            322 6943at4891           -            367   2.1e-09   33.9   5.5   2   5   0.00028     0.012   11.7   0.0   239   310    53   134    37   139 0.83 -
9078:8616-9581       -            322 6943at4891           -            367   2.1e-09   33.9   5.5   3   5   5.4e-07   2.3e-05   20.6   0.4   233   312   142   228   135   236 0.77 -
9078:8616-9581       -            322 6943at4891           -            367   2.1e-09   33.9   5.5   4   5       1.6        66   -0.7   0.0    64    92   244   274   240   295 0.76 -
9078:8616-9581       -            322 6943at4891           -            367   2.1e-09   33.9   5.5   5   5      0.72        30    0.5   0.0    77    91   307   321   281   322 0.54 -
9542:4562-5380       -            273 6943at4891           -            367     4e-09   33.0   0.4   1   1   2.6e-10   1.1e-08   31.6   0.4   146   309    78   270    67   273 0.77 -
9208:2600-5119       -            840 6943at4891           -            367   4.2e-09   32.9   2.4   1   4     0.053       2.2    4.2   0.0   281   309    18    46    11    55 0.66 -
9208:2600-5119       -            840 6943at4891           -            367   4.2e-09   32.9   2.4   2   4   0.00026     0.011   11.8   0.0   282   315    81   114    74   132 0.84 -
9208:2600-5119       -            840 6943at4891           -            367   4.2e-09   32.9   2.4   3   4    0.0011     0.048    9.7   0.1   200   272   137   210   133   226 0.77 -
9208:2600-5119       -            840 6943at4891           -            367   4.2e-09   32.9   2.4   4   4      0.12       4.9    3.1   0.1   171   212   316   368   299   381 0.64 -
9712:30400-31623     -            408 6943at4891           -            367     6e-09   32.4   3.5   1   5     0.031       1.3    5.0   0.0   288   309    52    73    34    89 0.72 -
9712:30400-31623     -            408 6943at4891           -            367     6e-09   32.4   3.5   2   5    0.0014     0.057    9.4   0.2   287   314   108   135   102   138 0.88 -
9712:30400-31623     -            408 6943at4891           -            367     6e-09   32.4   3.5   3   5    0.0016     0.067    9.2   0.0   236   269   138   171   134   178 0.91 -
9712:30400-31623     -            408 6943at4891           -            367     6e-09   32.4   3.5   4   5       4.2   1.8e+02   -2.1   0.0   274   312   226   265   221   298 0.66 -
9712:30400-31623     -            408 6943at4891           -            367     6e-09   32.4   3.5   5   5     0.011      0.47    6.4   0.0   167   228   294   357   277   364 0.74 -
9068:1225-2790       -            522 6943at4891           -            367   6.8e-09   32.2   0.1   1   2   8.4e-07   3.5e-05   20.0   0.1   136   202   252   322   235   338 0.73 -
9068:1225-2790       -            522 6943at4891           -            367   6.8e-09   32.2   0.1   2   2    0.0014     0.058    9.4   0.0   149   199   375   426   346   433 0.85 -
9676:28964-31411     -            816 6943at4891           -            367     8e-09   32.0   5.4   1   6         7   2.9e+02   -2.8   0.0   180   199   114   133   108   141 0.82 -
9676:28964-31411     -            816 6943at4891           -            367     8e-09   32.0   5.4   2   6    0.0014      0.06    9.4   0.0    79   128   163   230   152   238 0.74 -
9676:28964-31411     -            816 6943at4891           -            367     8e-09   32.0   5.4   3   6       9.9   4.1e+02   -3.3   0.0   236   270   383   417   380   425 0.61 -
9676:28964-31411     -            816 6943at4891           -            367     8e-09   32.0   5.4   4   6   0.00032     0.013   11.5   0.1   231   309   481   562   469   570 0.78 -
9676:28964-31411     -            816 6943at4891           -            367     8e-09   32.0   5.4   5   6     0.009      0.38    6.7   0.0    65    95   573   606   564   626 0.73 -
9676:28964-31411     -            816 6943at4891           -            367     8e-09   32.0   5.4   6   6      0.81        34    0.3   0.0    65    92   615   645   609   653 0.72 -
9460:9231-11075      -            615 6943at4891           -            367     1e-08   31.6   2.8   1   5      0.35        15    1.5   0.0   283   315    67   101    62   114 0.74 -
9460:9231-11075      -            615 6943at4891           -            367     1e-08   31.6   2.8   2   5     0.042       1.8    4.5   0.0   197   269   161   235   112   244 0.64 -
9460:9231-11075      -            615 6943at4891           -            367     1e-08   31.6   2.8   3   5     2e-06   8.4e-05   18.7   0.1   134   272   258   402   249   411 0.82 -
9460:9231-11075      -            615 6943at4891           -            367     1e-08   31.6   2.8   4   5       1.8        77   -0.9   0.0   176   200   549   573   500   589 0.65 -
9460:9231-11075      -            615 6943at4891           -            367     1e-08   31.6   2.8   5   5       0.2       8.2    2.3   0.0    64    94   581   613   574   614 0.74 -
9724:2093-15713      -            205 6943at4891           -            367   1.3e-08   31.3   1.2   1   1     0.047         2    4.4   0.0   234   308   124   199   117   202 0.70 -
9360:6122-9931       -           1270 6943at4891           -            367   1.6e-08   31.0   5.0   1   4   1.6e-05   0.00068   15.8   0.6   146   199    83   140    25   158 0.69 -
9360:6122-9931       -           1270 6943at4891           -            367   1.6e-08   31.0   5.0   2   4    0.0026      0.11    8.5   0.0   167   209   160   202   152   210 0.91 -
9360:6122-9931       -           1270 6943at4891           -            367   1.6e-08   31.0   5.0   3   4   0.00061     0.025   10.6   0.1   141   206   174   252   170   258 0.72 -
9360:6122-9931       -           1270 6943at4891           -            367   1.6e-08   31.0   5.0   4   4     0.026       1.1    5.2   0.0   149   196   237   286   231   298 0.82 -
9354:16449-16934     -            162 6943at4891           -            367   2.6e-08   30.3   1.0   1   2      0.93        39    0.1   0.0    98   123    16    48    12    55 0.68 -
9354:16449-16934     -            162 6943at4891           -            367   2.6e-08   30.3   1.0   2   2   5.1e-09   2.1e-07   27.3   0.5   234   310    59   138    51   143 0.84 -
8494:4772-5887       -            372 6943at4891           -            367   9.5e-08   28.4   0.2   1   2    0.0034      0.14    8.1   0.0    75   201    72   208    61   216 0.66 -
8494:4772-5887       -            372 6943at4891           -            367   9.5e-08   28.4   0.2   2   2   0.00021    0.0087   12.1   0.1   173   280   226   328   217   351 0.69 -
9658:6665-7375       -            237 6943at4891           -            367   1.3e-07   28.0   2.9   1   3   0.00019    0.0081   12.2   0.1   146   268    18   152     4   153 0.77 -
9658:6665-7375       -            237 6943at4891           -            367   1.3e-07   28.0   2.9   2   3    0.0021     0.089    8.8   0.5   148   203   148   203   128   206 0.83 -
9658:6665-7375       -            237 6943at4891           -            367   1.3e-07   28.0   2.9   3   3   0.00013    0.0055   12.8   0.3   190   267   156   236   154   237 0.79 -
9716:9893-12037      -            715 6943at4891           -            367   1.6e-07   27.7   7.0   1   4      0.44        18    1.2   0.0    75   308    23    40     7    69 0.65 -
9716:9893-12037      -            715 6943at4891           -            367   1.6e-07   27.7   7.0   2   4   0.00051     0.021   10.8   0.8    65   131    97   176    94   180 0.65 -
9716:9893-12037      -            715 6943at4891           -            367   1.6e-07   27.7   7.0   3   4   1.9e-05   0.00081   15.5   0.1    64   124   176   249   169   259 0.77 -
9716:9893-12037      -            715 6943at4891           -            367   1.6e-07   27.7   7.0   4   4      0.45        19    1.1   0.0   244   272   264   291   255   297 0.81 -
7530:231-1394        -            388 6943at4891           -            367   1.7e-07   27.6   1.0   1   3   0.00098     0.041    9.9   0.2   145   211    33   101    24   114 0.83 -
7530:231-1394        -            388 6943at4891           -            367   1.7e-07   27.6   1.0   2   3   0.00056     0.024   10.7   0.0   137   201   122   181   115   197 0.76 -
7530:231-1394        -            388 6943at4891           -            367   1.7e-07   27.6   1.0   3   3     0.076       3.2    3.7   0.0   108   122   306   320   298   326 0.87 -
9560:19431-20225     -            265 6943at4891           -            367     2e-07   27.4   0.5   1   2   0.00021    0.0088   12.1   0.2   139   201    14    79     5    95 0.79 -
9560:19431-20225     -            265 6943at4891           -            367     2e-07   27.4   0.5   2   2   7.2e-05     0.003   13.6   0.0   169   274    96   199    86   211 0.82 -
9694:17340-18719     -            460 6943at4891           -            367   2.6e-07   27.0   0.1   1   3      0.57        24    0.8   0.0   283   314    16    49     5    63 0.52 -
9694:17340-18719     -            460 6943at4891           -            367   2.6e-07   27.0   0.1   2   3     3e-07   1.2e-05   21.5   0.0   161   307    65   214    57   236 0.77 -
9694:17340-18719     -            460 6943at4891           -            367   2.6e-07   27.0   0.1   3   3      0.82        34    0.3   0.0   214   262   346   394   328   402 0.84 -
9564:19094-20626     -            511 6943at4891           -            367     6e-07   25.8   0.4   1   2   3.8e-07   1.6e-05   21.1   0.3   167   271   321   448   296   451 0.77 -
9564:19094-20626     -            511 6943at4891           -            367     6e-07   25.8   0.4   2   2    0.0003     0.013   11.6   0.0   158   206   408   456   403   467 0.84 -
9390:13413-15017     -            535 6943at4891           -            367     1e-06   25.1   0.3   1   3     0.013      0.56    6.2   0.0   278   309   218   249   213   257 0.89 -
9390:13413-15017     -            535 6943at4891           -            367     1e-06   25.1   0.3   2   3      0.04       1.7    4.6   0.0   144   209   239   302   231   316 0.76 -
9390:13413-15017     -            535 6943at4891           -            367     1e-06   25.1   0.3   3   3   5.2e-05    0.0022   14.1   0.0   240   310   358   430   344   436 0.86 -
8886:5013-7346       -            778 6943at4891           -            367   1.5e-06   24.5   0.0   1   2    0.0012     0.052    9.6   0.0   232   278   399   447   391   461 0.87 -
8886:5013-7346       -            778 6943at4891           -            367   1.5e-06   24.5   0.0   2   2   0.00048      0.02   10.9   0.1   158   312   566   726   559   733 0.67 -
9464:9138-11090      -            651 6943at4891           -            367   1.6e-06   24.4   0.2   1   2    0.0095       0.4    6.7   0.0   234   269    74   110    64   120 0.84 -
9464:9138-11090      -            651 6943at4891           -            367   1.6e-06   24.4   0.2   2   2   2.1e-05   0.00089   15.4   0.1   238   310   137   212   129   258 0.59 -
9726:3865-6666       -            934 6943at4891           -            367   2.5e-06   23.8   0.3   1   3      0.16       6.7    2.6   0.0   146   205   222   281   159   296 0.89 -
9726:3865-6666       -            934 6943at4891           -            367   2.5e-06   23.8   0.3   2   3         2        84   -1.0   0.0   173   207   351   385   347   390 0.84 -
9726:3865-6666       -            934 6943at4891           -            367   2.5e-06   23.8   0.3   3   3   1.1e-05   0.00048   16.3   0.1   147   268   477   607   439   612 0.65 -
9658:5110-5880       -            257 6943at4891           -            367     7e-06   22.3   0.0   1   2   5.2e-06   0.00022   17.4   0.0   235   308    66   142    51   144 0.77 -
9658:5110-5880       -            257 6943at4891           -            367     7e-06   22.3   0.0   2   2    0.0027      0.11    8.4   0.0   239   270   112   143   102   156 0.86 -
9656:5267-6307       -            347 6943at4891           -            367   2.2e-05   20.7   3.0   1   3      0.17       6.9    2.6   0.2   240   273     8    41     4    46 0.86 -
9656:5267-6307       -            347 6943at4891           -            367   2.2e-05   20.7   3.0   2   3    0.0013     0.055    9.5   0.0   237   271    51    87    44   115 0.82 -
9656:5267-6307       -            347 6943at4891           -            367   2.2e-05   20.7   3.0   3   3    0.0092      0.38    6.7   0.1   282   314   306   338   298   345 0.80 -
9656:28053-28895     -            281 6943at4891           -            367   2.3e-05   20.6   3.2   1   3      0.16       6.9    2.6   0.0   283   312    25    54    20    65 0.84 -
9656:28053-28895     -            281 6943at4891           -            367   2.3e-05   20.6   3.2   2   3   0.00078     0.033   10.2   0.1   146   202    84   140    74   167 0.69 -
9656:28053-28895     -            281 6943at4891           -            367   2.3e-05   20.6   3.2   3   3    0.0097      0.41    6.6   0.1   152   206   187   241   168   252 0.77 -
8186:2118-4286       -            723 6943at4891           -            367   3.7e-05   19.9   4.3   1   4    0.0052      0.22    7.5   0.1   224   312   286   382   275   396 0.75 -
8186:2118-4286       -            723 6943at4891           -            367   3.7e-05   19.9   4.3   2   4       6.2   2.6e+02   -2.6   0.0   282   306   523   547   518   552 0.82 -
8186:2118-4286       -            723 6943at4891           -            367   3.7e-05   19.9   4.3   3   4   0.00087     0.036   10.1   0.1   262   309   615   667   600   696 0.73 -
8186:2118-4286       -            723 6943at4891           -            367   3.7e-05   19.9   4.3   4   4      0.23       9.5    2.1   0.0   290   308   702   720   676   723 0.63 -
9046:295-1389        -            365 6943at4891           -            367   6.1e-05   19.2   0.1   1   3    0.0013     0.054    9.5   0.0   147   206    59   117    39   135 0.60 -
9046:295-1389        -            365 6943at4891           -            367   6.1e-05   19.2   0.1   2   3     0.016      0.68    5.9   0.0   254   271   138   155   113   191 0.71 -
9046:295-1389        -            365 6943at4891           -            367   6.1e-05   19.2   0.1   3   3       5.7   2.4e+02   -2.5   0.0    80   156   285   300   274   325 0.63 -
9330:5451-8486       -           1012 6943at4891           -            367   6.2e-05   19.2   0.9   1   4   2.6e-05    0.0011   15.1   0.1   237   309   175   250   159   270 0.71 -
9330:5451-8486       -           1012 6943at4891           -            367   6.2e-05   19.2   0.9   2   4       7.8   3.3e+02   -2.9   0.0    79   100   285   307   278   316 0.68 -
9330:5451-8486       -           1012 6943at4891           -            367   6.2e-05   19.2   0.9   3   4       5.9   2.5e+02   -2.5   0.0   105   122   778   795   762   808 0.59 -
9330:5451-8486       -           1012 6943at4891           -            367   6.2e-05   19.2   0.9   4   4       1.2        51   -0.3   0.0   251   269   946   964   924   977 0.77 -
9460:7157-8695       -            513 6943at4891           -            367   6.4e-05   19.1   0.9   1   2    0.0012      0.05    9.6   0.8   198   309    37   154    30   165 0.69 -
9460:7157-8695       -            513 6943at4891           -            367   6.4e-05   19.1   0.9   2   2   0.00014    0.0061   12.6   0.0   122   209   119   210    99   286 0.75 -
8542:260-1981        -            574 6943at4891           -            367     7e-05   19.0   5.3   1   1   1.7e-05   0.00071   15.7   5.3    77   220   228   390   217   544 0.73 -
9712:23882-24859     -            326 6943at4891           -            367   9.6e-05   18.6   0.1   1   3      0.47        20    1.1   0.0   241   270    24    53    11    67 0.84 -
9712:23882-24859     -            326 6943at4891           -            367   9.6e-05   18.6   0.1   2   3   0.00035     0.015   11.4   0.1   225   269    90   138    24   143 0.65 -
9712:23882-24859     -            326 6943at4891           -            367   9.6e-05   18.6   0.1   3   3      0.17       7.3    2.5   0.0   249   274   255   280   249   290 0.86 -
9660:3304-3999       -            232 6943at4891           -            367   0.00011   18.4   4.6   1   4      0.06       2.5    4.0   0.1   201   270     2    82     1    93 0.69 -
9660:3304-3999       -            232 6943at4891           -            367   0.00011   18.4   4.6   2   4    0.0023     0.096    8.7   0.2    90   131    89   141    84   152 0.57 -
9660:3304-3999       -            232 6943at4891           -            367   0.00011   18.4   4.6   3   4     0.045       1.9    4.4   0.0   235   267   137   167   131   198 0.72 -
9660:3304-3999       -            232 6943at4891           -            367   0.00011   18.4   4.6   4   4       0.3        13    1.7   0.0   105   122   215   232   210   232 0.80 -
9602:2166-4220       -            685 6943at4891           -            367   0.00014   18.0   0.0   1   1   7.1e-06    0.0003   16.9   0.0   206   312     3   117     2   128 0.74 -
9568:5000-6565       -            522 6943at4891           -            367   0.00014   18.0   0.1   1   2       6.4   2.7e+02   -2.6   0.0   289   309   196   216   185   228 0.73 -
9568:5000-6565       -            522 6943at4891           -            367   0.00014   18.0   0.1   2   2   1.7e-05   0.00071   15.7   0.0   200   274   333   424   321   440 0.70 -
9578:20150-24055     -           1302 6943at4891           -            367   0.00018   17.6   0.8   1   2   4.4e-06   0.00018   17.6   0.8   146   202   197   258   177   273 0.84 -
9578:20150-24055     -           1302 6943at4891           -            367   0.00018   17.6   0.8   2   2       8.7   3.6e+02   -3.1   0.2   310   348   784   822   768   827 0.76 -
9390:2655-7010       -           1452 6943at4891           -            367    0.0002   17.5   0.6   1   2   1.3e-05   0.00055   16.1   0.2    79   210  1096  1229  1091  1241 0.88 -
9390:2655-7010       -           1452 6943at4891           -            367    0.0002   17.5   0.6   2   2       2.9   1.2e+02   -1.5   0.0   145   189  1251  1298  1231  1307 0.71 -
8856:366-1553        -            396 6943at4891           -            367    0.0006   15.9   1.4   1   2     0.007      0.29    7.1   0.2    61    93    10    43     1   150 0.73 -
8856:366-1553        -            396 6943at4891           -            367    0.0006   15.9   1.4   2   2    0.0042      0.18    7.8   0.1    73   206   194   329   188   347 0.76 -
9214:11957-12517     -            187 6943at4891           -            367   0.00068   15.8   0.0   1   1   2.6e-05    0.0011   15.1   0.0   242   311     3    74     1    84 0.78 -
9592:21328-23076     -            583 6943at4891           -            367   0.00087   15.4   0.0   1   2   0.00047      0.02   10.9   0.0   229   272   226   268   184   301 0.79 -
9592:21328-23076     -            583 6943at4891           -            367   0.00087   15.4   0.0   2   2      0.23       9.4    2.1   0.0   278   309   549   580   464   583 0.71 -
9714:41305-43905     -            867 6943at4891           -            367    0.0014   14.7   1.2   1   3    0.0067      0.28    7.2   0.0   263   308    45    87     6    95 0.75 -
9714:41305-43905     -            867 6943at4891           -            367    0.0014   14.7   1.2   2   3      0.21       8.9    2.2   0.7    84    93   294   303   234   405 0.65 -
9714:41305-43905     -            867 6943at4891           -            367    0.0014   14.7   1.2   3   3       1.2        49   -0.2   0.0    79   103   372   396   351   440 0.60 -
7766:159-1877        -            573 6943at4891           -            367    0.0022   14.0   0.1   1   3    0.0048       0.2    7.6   0.0   238   306   233   306   219   349 0.68 -
7766:159-1877        -            573 6943at4891           -            367    0.0022   14.0   0.1   2   3      0.18       7.6    2.4   0.0   290   308   408   426   394   438 0.75 -
7766:159-1877        -            573 6943at4891           -            367    0.0022   14.0   0.1   3   3       1.5        62   -0.6   0.0    71    94   479   502   468   552 0.71 -
8402:4018-5292       -            425 6943at4891           -            367    0.0023   14.0   0.0   1   2   0.00077     0.032   10.2   0.0   224   272    52   103    28   111 0.82 -
8402:4018-5292       -            425 6943at4891           -            367    0.0023   14.0   0.0   2   2      0.51        21    1.0   0.0   233   272   206   245   193   253 0.78 -
9676:9212-10057      -            282 6943at4891           -            367    0.0095   12.0   1.4   1   3    0.0049       0.2    7.6   0.0   249   316    10    84     1    99 0.66 -
9676:9212-10057      -            282 6943at4891           -            367    0.0095   12.0   1.4   2   3      0.22       9.3    2.1   0.1   110   131   167   189   155   231 0.57 -
9676:9212-10057      -            282 6943at4891           -            367    0.0095   12.0   1.4   3   3       7.4   3.1e+02   -2.9   0.0   181   195   260   274   254   279 0.55 -
9362:15282-16085     -            268 6943at4891           -            367     0.014   11.4   0.1   1   1    0.0092      0.39    6.7   0.1   161   307    51   215    16   219 0.47 -
#
# Program:         hmmsearch
# Version:         3.1b2 (February 2015)
# Pipeline mode:   SEARCH
# Query file:      /home/jj/Desktop/Bioinformatics/3rd_year/1term/Computational_genomics/Seminars/exercise_04/busco_downloads/lineages/saccharomycetes_odb10/hmms/6943at4891.hmm
# Target file:     /home/jj/Desktop/Bioinformatics/3rd_year/1term/Computational_genomics/Seminars/exercise_04/./busco/SRR6130428/SRR6130428_k63_contigs/run_saccharomycetes_odb10/metaeuk_output/initial_results/SRR6130428_k63_graph.contig.fa.modified.fas
# Option settings: hmmsearch --domtblout /home/jj/Desktop/Bioinformatics/3rd_year/1term/Computational_genomics/Seminars/exercise_04/./busco/SRR6130428/SRR6130428_k63_contigs/run_saccharomycetes_odb10/hmmer_output/initial_run_results/6943at4891.out --cpu 1 /home/jj/Desktop/Bioinformatics/3rd_year/1term/Computational_genomics/Seminars/exercise_04/busco_downloads/lineages/saccharomycetes_odb10/hmms/6943at4891.hmm /home/jj/Desktop/Bioinformatics/3rd_year/1term/Computational_genomics/Seminars/exercise_04/./busco/SRR6130428/SRR6130428_k63_contigs/run_saccharomycetes_odb10/metaeuk_output/initial_results/SRR6130428_k63_graph.contig.fa.modified.fas 
# Current dir:     /home/jj/Desktop/Bioinformatics/3rd_year/1term/Computational_genomics/Seminars/exercise_04
# Date:            Tue Nov  5 18:39:17 2024
# [ok]
