#                                                                            --- full sequence --- -------------- this domain -------------   hmm coord   ali coord   env coord
# target name        accession   tlen query name           accession   qlen   E-value  score  bias   #  of  c-Evalue  i-Evalue  score  bias  from    to  from    to  from    to  acc description of target
#------------------- ---------- ----- -------------------- ---------- ----- --------- ------ ----- --- --- --------- --------- ------ ----- ----- ----- ----- ----- ----- ----- ---- ---------------------
9520:6091-8730       -            880 7030at4891           -            600  3.3e-233  773.0  18.2   1   3   2.1e-73   9.5e-71  236.5   0.2     1   179     8   218     8   227 0.88 -
9520:6091-8730       -            880 7030at4891           -            600  3.3e-233  773.0  18.2   2   3   4.9e-40   2.2e-37  126.3   7.8   173   327   239   422   228   465 0.74 -
9520:6091-8730       -            880 7030at4891           -            600  3.3e-233  773.0  18.2   3   3  2.6e-127  1.2e-124  414.5   0.2   342   600   595   880   540   880 0.90 -
9688:23815-26706     -            964 7030at4891           -            600   6.1e-79  263.5   4.6   1   3      0.26   1.2e+02   -1.6   0.1   136   217   185   262   127   308 0.53 -
9688:23815-26706     -            964 7030at4891           -            600   6.1e-79  263.5   4.6   2   3   3.2e-11   1.4e-08   31.1   0.0   231   278   334   381   330   428 0.84 -
9688:23815-26706     -            964 7030at4891           -            600   6.1e-79  263.5   4.6   3   3     6e-72   2.7e-69  231.7   0.5   323   598   570   874   545   876 0.81 -
9404:3811-5742       -            644 7030at4891           -            600   3.4e-74  247.9   0.5   1   2   4.4e-13     2e-10   37.3   0.0   191   285    40   137    11   238 0.79 -
9404:3811-5742       -            644 7030at4891           -            600   3.4e-74  247.9   0.5   2   2   5.4e-65   2.4e-62  208.7   0.1   346   596   350   618   292   622 0.85 -
9226:2612-4783       -            724 7030at4891           -            600   1.1e-62  209.9   5.2   1   3     0.015       6.6    2.5   0.0   108   154    20    70     5    82 0.76 -
9226:2612-4783       -            724 7030at4891           -            600   1.1e-62  209.9   5.2   2   3   5.9e-13   2.7e-10   36.8   0.6   208   314   164   275   148   301 0.82 -
9226:2612-4783       -            724 7030at4891           -            600   1.1e-62  209.9   5.2   3   3   2.2e-53   9.8e-51  170.4   0.1   410   597   516   717   460   720 0.86 -
9568:8563-10980      -            806 7030at4891           -            600   5.1e-52  174.6   2.4   1   2     5e-06    0.0022   14.0   0.1   234   287   229   282   195   384 0.82 -
9568:8563-10980      -            806 7030at4891           -            600   5.1e-52  174.6   2.4   2   2   4.3e-48   1.9e-45  152.9   0.5   347   598   492   791   486   793 0.76 -
9406:663-2867        -            735 7030at4891           -            600   6.1e-51  171.1  16.0   1   3   0.00068       0.3    6.9   0.1   109   170    24    87    13   126 0.69 -
9406:663-2867        -            735 7030at4891           -            600   6.1e-51  171.1  16.0   2   3   2.4e-11   1.1e-08   31.5   4.6   187   306   135   267    75   328 0.69 -
9406:663-2867        -            735 7030at4891           -            600   6.1e-51  171.1  16.0   3   3     1e-43   4.5e-41  138.5   2.0   324   553   432   662   403   701 0.79 -
#
# Program:         hmmsearch
# Version:         3.1b2 (February 2015)
# Pipeline mode:   SEARCH
# Query file:      /home/jj/Desktop/Bioinformatics/3rd_year/1term/Computational_genomics/Seminars/exercise_04/busco_downloads/lineages/saccharomycetes_odb10/hmms/7030at4891.hmm
# Target file:     /home/jj/Desktop/Bioinformatics/3rd_year/1term/Computational_genomics/Seminars/exercise_04/./busco/SRR6130428/SRR6130428_k63_contigs/run_saccharomycetes_odb10/metaeuk_output/initial_results/SRR6130428_k63_graph.contig.fa.modified.fas
# Option settings: hmmsearch --domtblout /home/jj/Desktop/Bioinformatics/3rd_year/1term/Computational_genomics/Seminars/exercise_04/./busco/SRR6130428/SRR6130428_k63_contigs/run_saccharomycetes_odb10/hmmer_output/initial_run_results/7030at4891.out --cpu 1 /home/jj/Desktop/Bioinformatics/3rd_year/1term/Computational_genomics/Seminars/exercise_04/busco_downloads/lineages/saccharomycetes_odb10/hmms/7030at4891.hmm /home/jj/Desktop/Bioinformatics/3rd_year/1term/Computational_genomics/Seminars/exercise_04/./busco/SRR6130428/SRR6130428_k63_contigs/run_saccharomycetes_odb10/metaeuk_output/initial_results/SRR6130428_k63_graph.contig.fa.modified.fas 
# Current dir:     /home/jj/Desktop/Bioinformatics/3rd_year/1term/Computational_genomics/Seminars/exercise_04
# Date:            Tue Nov  5 18:39:18 2024
# [ok]
