#                                                                            --- full sequence --- -------------- this domain -------------   hmm coord   ali coord   env coord
# target name        accession   tlen query name           accession   qlen   E-value  score  bias   #  of  c-Evalue  i-Evalue  score  bias  from    to  from    to  from    to  acc description of target
#------------------- ---------- ----- -------------------- ---------- ----- --------- ------ ----- --- --- --------- --------- ------ ----- ----- ----- ----- ----- ----- ----- ---- ---------------------
9358:12758-14626     -            623 7136at4891           -            440  2.7e-161  534.3  31.2   1   4   1.4e-05    0.0034   13.3   1.6     1    34    12    46    12    70 0.72 -
9358:12758-14626     -            623 7136at4891           -            440  2.7e-161  534.3  31.2   2   4     6e-67   1.5e-64  215.6   1.4    19   160    79   223    62   240 0.92 -
9358:12758-14626     -            623 7136at4891           -            440  2.7e-161  534.3  31.2   3   4   4.6e-05     0.011   11.6   0.2   155   188   247   281   234   321 0.78 -
9358:12758-14626     -            623 7136at4891           -            440  2.7e-161  534.3  31.2   4   4     1e-94   2.5e-92  307.0   9.9   193   439   334   614   309   615 0.89 -
9520:14273-16186     -            638 7136at4891           -            440  5.2e-146  484.0  19.8   1   3   3.1e-05    0.0074   12.2   0.3     2    35    11    45    10    63 0.72 -
9520:14273-16186     -            638 7136at4891           -            440  5.2e-146  484.0  19.8   2   3   2.8e-63   6.9e-61  203.4   0.2    28   181   112   278    95   302 0.86 -
9520:14273-16186     -            638 7136at4891           -            440  5.2e-146  484.0  19.8   3   3   1.1e-84   2.6e-82  274.0   9.0   194   438   343   628   327   630 0.87 -
9304:10602-11726     -            375 7136at4891           -            440   3.6e-21   72.6   9.0   1   1   2.1e-23   5.2e-21   72.0   9.0    36   159    68   196    57   209 0.86 -
7842:314-1837        -            508 7136at4891           -            440   4.2e-20   69.0   3.1   1   2   1.7e-22   4.2e-20   69.0   3.1    41   137     6   103     2   124 0.91 -
7842:314-1837        -            508 7136at4891           -            440   4.2e-20   69.0   3.1   2   2       1.5   3.7e+02   -3.3   0.0   265   299   195   229   188   236 0.80 -
8782:64-1173         -            370 7136at4891           -            440   1.2e-13   47.8   0.1   1   2   1.3e-11   3.2e-09   33.2   0.0   291   401   136   248    74   252 0.82 -
8782:64-1173         -            370 7136at4891           -            440   1.2e-13   47.8   0.1   2   2   4.9e-05     0.012   11.5   0.0   357   402   272   317   268   328 0.92 -
9670:24743-29038     -           1432 7136at4891           -            440   4.7e-10   35.9   1.0   1   4     0.047        11    1.7   0.0   351   380    16    45     3    69 0.78 -
9670:24743-29038     -           1432 7136at4891           -            440   4.7e-10   35.9   1.0   2   4     0.015       3.6    3.4   0.0   321   401   490   570   412   603 0.82 -
9670:24743-29038     -           1432 7136at4891           -            440   4.7e-10   35.9   1.0   3   4   1.6e-05    0.0038   13.2   0.0   352   413   715   778   704   798 0.82 -
9670:24743-29038     -           1432 7136at4891           -            440   4.7e-10   35.9   1.0   4   4     3e-05    0.0073   12.2   0.1   321   403   968  1049   964  1054 0.92 -
9050:5212-7047       -            612 7136at4891           -            440   1.2e-08   31.3   0.7   1   2    0.0045       1.1    5.1   0.1   355   413   329   387   315   440 0.73 -
9050:5212-7047       -            612 7136at4891           -            440   1.2e-08   31.3   0.7   2   2   7.1e-09   1.7e-06   24.2   0.1    52   151   467   567   464   585 0.82 -
7808:515-2518        -            668 7136at4891           -            440   4.9e-07   26.0   0.2   1   1   3.4e-07   8.4e-05   18.6   0.2    44   136   376   494   371   527 0.74 -
9712:31836-34127     -            764 7136at4891           -            440   3.4e-05   19.9   4.8   1   4      0.22        54   -0.5   0.0   350   379   332   361   324   372 0.75 -
9712:31836-34127     -            764 7136at4891           -            440   3.4e-05   19.9   4.8   2   4      0.15        36    0.1   0.1   336   399   389   451   380   464 0.80 -
9712:31836-34127     -            764 7136at4891           -            440   3.4e-05   19.9   4.8   3   4   3.7e-05    0.0089   11.9   0.1   316   407   538   629   465   655 0.73 -
9712:31836-34127     -            764 7136at4891           -            440   3.4e-05   19.9   4.8   4   4    0.0039      0.95    5.3   0.1   358   405   655   702   645   732 0.81 -
9546:274-1404        -            377 7136at4891           -            440   5.6e-05   19.2   2.2   1   3      0.13        31    0.3   0.1   348   371    51    74     9    79 0.57 -
9546:274-1404        -            377 7136at4891           -            440   5.6e-05   19.2   2.2   2   3   4.5e-06    0.0011   14.9   0.0   355   402   144   192   128   201 0.86 -
9546:274-1404        -            377 7136at4891           -            440   5.6e-05   19.2   2.2   3   3     0.046        11    1.7   0.0   242   285   251   297   241   300 0.82 -
9668:7183-8346       -            388 7136at4891           -            440   0.00014   17.9   7.9   1   2   0.00025      0.06    9.2   0.4    40    70   234   264   217   270 0.91 -
9668:7183-8346       -            388 7136at4891           -            440   0.00014   17.9   7.9   2   2   2.8e-05    0.0069   12.3   1.9    78   156   291   372   284   388 0.82 -
#
# Program:         hmmsearch
# Version:         3.1b2 (February 2015)
# Pipeline mode:   SEARCH
# Query file:      /home/jj/Desktop/Bioinformatics/3rd_year/1term/Computational_genomics/Seminars/exercise_04/busco_downloads/lineages/saccharomycetes_odb10/hmms/7136at4891.hmm
# Target file:     /home/jj/Desktop/Bioinformatics/3rd_year/1term/Computational_genomics/Seminars/exercise_04/./busco/SRR6130428/SRR6130428_k63_contigs/run_saccharomycetes_odb10/metaeuk_output/initial_results/SRR6130428_k63_graph.contig.fa.modified.fas
# Option settings: hmmsearch --domtblout /home/jj/Desktop/Bioinformatics/3rd_year/1term/Computational_genomics/Seminars/exercise_04/./busco/SRR6130428/SRR6130428_k63_contigs/run_saccharomycetes_odb10/hmmer_output/initial_run_results/7136at4891.out --cpu 1 /home/jj/Desktop/Bioinformatics/3rd_year/1term/Computational_genomics/Seminars/exercise_04/busco_downloads/lineages/saccharomycetes_odb10/hmms/7136at4891.hmm /home/jj/Desktop/Bioinformatics/3rd_year/1term/Computational_genomics/Seminars/exercise_04/./busco/SRR6130428/SRR6130428_k63_contigs/run_saccharomycetes_odb10/metaeuk_output/initial_results/SRR6130428_k63_graph.contig.fa.modified.fas 
# Current dir:     /home/jj/Desktop/Bioinformatics/3rd_year/1term/Computational_genomics/Seminars/exercise_04
# Date:            Tue Nov  5 18:39:19 2024
# [ok]
