#                                                                            --- full sequence --- -------------- this domain -------------   hmm coord   ali coord   env coord
# target name        accession   tlen query name           accession   qlen   E-value  score  bias   #  of  c-Evalue  i-Evalue  score  bias  from    to  from    to  from    to  acc description of target
#------------------- ---------- ----- -------------------- ---------- ----- --------- ------ ----- --- --- --------- --------- ------ ----- ----- ----- ----- ----- ----- ----- ---- ---------------------
9724:3123-4772       -            550 7237at4891           -            456    6e-248  820.0  15.3   1   1  1.1e-248  3.3e-246  814.3  15.3     2   456     6   526     5   526 0.90 -
9484:12411-13991     -            527 7237at4891           -            456   3.7e-73  243.9  12.8   1   1   2.2e-73   6.4e-71  236.5  12.8    23   454    20   515     7   517 0.80 -
8422:149-1816        -            556 7237at4891           -            456   1.3e-69  232.2  17.0   1   2   6.7e-69     2e-66  221.7  13.3    23   430    24   487    10   497 0.82 -
8422:149-1816        -            556 7237at4891           -            456   1.3e-69  232.2  17.0   2   2   9.8e-05     0.029   10.2   0.1   425   454   513   542   481   544 0.77 -
9408:10813-12420     -            536 7237at4891           -            456   9.1e-68  226.1   7.4   1   1     4e-68   1.2e-65  219.1   7.4     6   454     7   529     3   531 0.77 -
9346:9674-11257      -            528 7237at4891           -            456   1.2e-58  196.0  13.1   1   1   1.2e-59   3.6e-57  191.2  13.1    24   419    23   471     7   525 0.77 -
9458:5789-7447       -            553 7237at4891           -            456   1.2e-58  196.0   5.8   1   1     2e-59   5.8e-57  190.5   5.8     4   418    19   490    16   548 0.82 -
8646:1335-3038       -            568 7237at4891           -            456   2.5e-49  165.3   7.6   1   2   1.8e-49   5.4e-47  157.6   2.6     4   437     9   495     6   502 0.79 -
8646:1335-3038       -            568 7237at4891           -            456   2.5e-49  165.3   7.6   2   2    0.0033      0.98    5.1   0.2   424   454   515   545   497   547 0.85 -
7806:793-2430        -            546 7237at4891           -            456     4e-39  131.7   2.6   1   2   3.7e-40   1.1e-37  127.0   2.4    24   416    21   472     8   480 0.79 -
7806:793-2430        -            546 7237at4891           -            456     4e-39  131.7   2.6   2   2      0.48   1.4e+02   -2.0   0.0   424   454   504   534   489   536 0.84 -
8986:231-6620        -           2130 7237at4891           -            456   7.4e-10   35.2   0.0   1   1     4e-12   1.2e-09   34.6   0.0   152   343   686   884   625   918 0.73 -
#
# Program:         hmmsearch
# Version:         3.1b2 (February 2015)
# Pipeline mode:   SEARCH
# Query file:      /home/jj/Desktop/Bioinformatics/3rd_year/1term/Computational_genomics/Seminars/exercise_04/busco_downloads/lineages/saccharomycetes_odb10/hmms/7237at4891.hmm
# Target file:     /home/jj/Desktop/Bioinformatics/3rd_year/1term/Computational_genomics/Seminars/exercise_04/./busco/SRR6130428/SRR6130428_k63_contigs/run_saccharomycetes_odb10/metaeuk_output/initial_results/SRR6130428_k63_graph.contig.fa.modified.fas
# Option settings: hmmsearch --domtblout /home/jj/Desktop/Bioinformatics/3rd_year/1term/Computational_genomics/Seminars/exercise_04/./busco/SRR6130428/SRR6130428_k63_contigs/run_saccharomycetes_odb10/hmmer_output/initial_run_results/7237at4891.out --cpu 1 /home/jj/Desktop/Bioinformatics/3rd_year/1term/Computational_genomics/Seminars/exercise_04/busco_downloads/lineages/saccharomycetes_odb10/hmms/7237at4891.hmm /home/jj/Desktop/Bioinformatics/3rd_year/1term/Computational_genomics/Seminars/exercise_04/./busco/SRR6130428/SRR6130428_k63_contigs/run_saccharomycetes_odb10/metaeuk_output/initial_results/SRR6130428_k63_graph.contig.fa.modified.fas 
# Current dir:     /home/jj/Desktop/Bioinformatics/3rd_year/1term/Computational_genomics/Seminars/exercise_04
# Date:            Tue Nov  5 18:39:19 2024
# [ok]
