#                                                                            --- full sequence --- -------------- this domain -------------   hmm coord   ali coord   env coord
# target name        accession   tlen query name           accession   qlen   E-value  score  bias   #  of  c-Evalue  i-Evalue  score  bias  from    to  from    to  from    to  acc description of target
#------------------- ---------- ----- -------------------- ---------- ----- --------- ------ ----- --- --- --------- --------- ------ ----- ----- ----- ----- ----- ----- ----- ---- ---------------------
9168:6746-10036      -           1097 730at4891            -            846         0 1470.7  24.7   1   2   3.6e-12   3.2e-09   32.3   0.2     1    40   112   166   112   179 0.75 -
9168:6746-10036      -           1097 730at4891            -            846         0 1470.7  24.7   2   2         0         0 1436.3  20.2    27   845   176  1093   173  1097 0.92 -
9482:16915-21225     -           1437 730at4891            -            846   1.8e-87  291.2  15.9   1   3    0.0052       4.6    2.0   0.0    20    70     1    52     1    63 0.89 -
9482:16915-21225     -           1437 730at4891            -            846   1.8e-87  291.2  15.9   2   3     0.077        69   -1.9   0.0    72   101   121   150   100   162 0.79 -
9482:16915-21225     -           1437 730at4891            -            846   1.8e-87  291.2  15.9   3   3   4.5e-89     4e-86  286.7  13.3   175   841   666  1421   649  1425 0.78 -
9616:8568-12968      -           1467 730at4891            -            846   1.2e-52  175.9   5.1   1   3     0.062        56   -1.6   0.0    83   138   485   544   477   550 0.81 -
9616:8568-12968      -           1467 730at4891            -            846   1.2e-52  175.9   5.1   2   3   6.7e-05      0.06    8.2   0.0   185   233   615   661   608   675 0.84 -
9616:8568-12968      -           1467 730at4891            -            846   1.2e-52  175.9   5.1   3   3   1.9e-52   1.7e-49  165.6   3.7   388   751   838  1229   831  1235 0.81 -
#
# Program:         hmmsearch
# Version:         3.1b2 (February 2015)
# Pipeline mode:   SEARCH
# Query file:      /home/jj/Desktop/Bioinformatics/3rd_year/1term/Computational_genomics/Seminars/exercise_04/busco_downloads/lineages/saccharomycetes_odb10/hmms/730at4891.hmm
# Target file:     /home/jj/Desktop/Bioinformatics/3rd_year/1term/Computational_genomics/Seminars/exercise_04/./busco/SRR6130428/SRR6130428_k63_contigs/run_saccharomycetes_odb10/metaeuk_output/initial_results/SRR6130428_k63_graph.contig.fa.modified.fas
# Option settings: hmmsearch --domtblout /home/jj/Desktop/Bioinformatics/3rd_year/1term/Computational_genomics/Seminars/exercise_04/./busco/SRR6130428/SRR6130428_k63_contigs/run_saccharomycetes_odb10/hmmer_output/initial_run_results/730at4891.out --cpu 1 /home/jj/Desktop/Bioinformatics/3rd_year/1term/Computational_genomics/Seminars/exercise_04/busco_downloads/lineages/saccharomycetes_odb10/hmms/730at4891.hmm /home/jj/Desktop/Bioinformatics/3rd_year/1term/Computational_genomics/Seminars/exercise_04/./busco/SRR6130428/SRR6130428_k63_contigs/run_saccharomycetes_odb10/metaeuk_output/initial_results/SRR6130428_k63_graph.contig.fa.modified.fas 
# Current dir:     /home/jj/Desktop/Bioinformatics/3rd_year/1term/Computational_genomics/Seminars/exercise_04
# Date:            Tue Nov  5 18:39:20 2024
# [ok]
