#                                                                            --- full sequence --- -------------- this domain -------------   hmm coord   ali coord   env coord
# target name        accession   tlen query name           accession   qlen   E-value  score  bias   #  of  c-Evalue  i-Evalue  score  bias  from    to  from    to  from    to  acc description of target
#------------------- ---------- ----- -------------------- ---------- ----- --------- ------ ----- --- --- --------- --------- ------ ----- ----- ----- ----- ----- ----- ----- ---- ---------------------
9708:4262-6904       -            881 7349at4891           -            448    3e-121  402.6  25.6   1   6   9.6e-05    0.0023   14.1   0.0    44    68    94   118    54   139 0.82 -
9708:4262-6904       -            881 7349at4891           -            448    3e-121  402.6  25.6   2   6     0.087         2    4.3   0.1    59    95   160   195   155   201 0.78 -
9708:4262-6904       -            881 7349at4891           -            448    3e-121  402.6  25.6   3   6   6.7e-15   1.6e-13   47.5   3.5    74   157   260   338   197   354 0.65 -
9708:4262-6904       -            881 7349at4891           -            448    3e-121  402.6  25.6   4   6   2.8e-68   6.6e-67  223.5   4.7   155   350   395   606   343   616 0.79 -
9708:4262-6904       -            881 7349at4891           -            448    3e-121  402.6  25.6   5   6   5.6e-08   1.3e-06   24.7   1.2   330   377   672   723   655   728 0.62 -
9708:4262-6904       -            881 7349at4891           -            448    3e-121  402.6  25.6   6   6   3.1e-28   7.2e-27   91.5   0.0   374   448   787   874   735   874 0.88 -
9144:11649-12578     -            310 7349at4891           -            448   3.9e-38  128.7   1.7   1   3       1.9        45   -0.1   0.1   175   207     4    40     1    48 0.76 -
9144:11649-12578     -            310 7349at4891           -            448   3.9e-38  128.7   1.7   2   3   1.4e-19   3.2e-18   63.0   0.3   207   318    70   179    60   186 0.86 -
9144:11649-12578     -            310 7349at4891           -            448   3.9e-38  128.7   1.7   3   3   5.9e-20   1.4e-18   64.2   0.0   354   448   182   276   178   276 0.91 -
9538:10065-10994     -            310 7349at4891           -            448   1.1e-36  123.9   3.2   1   2   1.9e-19   4.4e-18   62.5   0.4   210   315    73   176    61   186 0.87 -
9538:10065-10994     -            310 7349at4891           -            448   1.1e-36  123.9   3.2   2   2   2.5e-19   5.8e-18   62.1   0.0   354   448   182   276   178   276 0.89 -
9082:7406-8569       -            388 7349at4891           -            448   4.3e-36  121.9   1.0   1   3     0.041      0.97    5.4   0.0   175   207     4    40     1    47 0.81 -
9082:7406-8569       -            388 7349at4891           -            448   4.3e-36  121.9   1.0   2   3   2.7e-20   6.4e-19   65.3   0.3   212   315    84   186    73   197 0.87 -
9082:7406-8569       -            388 7349at4891           -            448   4.3e-36  121.9   1.0   3   3   3.5e-15   8.2e-14   48.5   0.0   358   448   196   286   190   286 0.88 -
9576:4640-5464       -            275 7349at4891           -            448   8.4e-36  121.0   0.1   1   2     1e-25   2.4e-24   83.2   0.0   174   316    10   162     4   170 0.82 -
9576:4640-5464       -            275 7349at4891           -            448   8.4e-36  121.0   0.1   2   2   2.1e-11   4.9e-10   36.0   0.0   359   402   173   216   164   234 0.89 -
8586:248-1081        -            278 7349at4891           -            448   1.1e-35  120.6   0.1   1   2     3e-26     7e-25   85.0   0.1   175   319    16   170    10   177 0.80 -
8586:248-1081        -            278 7349at4891           -            448   1.1e-35  120.6   0.1   2   2   8.2e-11   1.9e-09   34.1   0.0   360   416   179   235   170   272 0.74 -
9648:180-2069        -            630 7349at4891           -            448   9.1e-35  117.6  14.4   1   3   1.9e-24   4.5e-23   79.0   4.1   136   316    12   198     2   206 0.75 -
9648:180-2069        -            630 7349at4891           -            448   9.1e-35  117.6  14.4   2   3   5.4e-14   1.3e-12   44.6   0.0   358   448   207   297   199   297 0.87 -
9648:180-2069        -            630 7349at4891           -            448   9.1e-35  117.6  14.4   3   3       6.3   1.5e+02   -1.8   2.5    74   146   382   458   323   480 0.65 -
9680:14913-17372     -            820 7349at4891           -            448   4.7e-34  115.2   0.0   1   2   4.1e-25   9.6e-24   81.2   0.0   120   316   148   345   142   354 0.74 -
9680:14913-17372     -            820 7349at4891           -            448   4.7e-34  115.2   0.0   2   2   7.7e-10   1.8e-08   30.9   0.0   372   445   381   457   350   460 0.75 -
9688:6201-6989       -            263 7349at4891           -            448     8e-34  114.4   0.0   1   1     1e-33   2.5e-32  109.5   0.0   174   448     1   260     1   260 0.83 -
9582:21971-22969     -            333 7349at4891           -            448   1.5e-33  113.5   0.0   1   2   1.8e-21   4.1e-20   69.2   0.0   175   318     8   165     2   173 0.78 -
9582:21971-22969     -            333 7349at4891           -            448   1.5e-33  113.5   0.0   2   2   2.3e-13   5.4e-12   42.5   0.0   358   448   172   266   164   266 0.84 -
9026:3240-4322       -            361 7349at4891           -            448   3.8e-33  112.2   1.6   1   2   9.1e-25   2.1e-23   80.1   0.4   149   323    76   257    32   261 0.74 -
9026:3240-4322       -            361 7349at4891           -            448   3.8e-33  112.2   1.6   2   2   2.6e-10   6.2e-09   32.4   0.0   356   447   257   347   253   348 0.86 -
9284:13564-14592     -            343 7349at4891           -            448   1.7e-32  110.1   0.1   1   3       1.5        36    0.2   0.0   166   203    24    65     2    74 0.72 -
9284:13564-14592     -            343 7349at4891           -            448   1.7e-32  110.1   0.1   2   3   1.9e-19   4.4e-18   62.5   0.1   212   318    92   196    83   205 0.87 -
9284:13564-14592     -            343 7349at4891           -            448   1.7e-32  110.1   0.1   3   3     8e-14   1.9e-12   44.0   0.0   358   448   203   297   194   297 0.84 -
9270:5360-6181       -            274 7349at4891           -            448   7.2e-32  108.0   2.4   1   2   3.9e-21   9.2e-20   68.1   0.9   197   315    32   153     1   164 0.73 -
9270:5360-6181       -            274 7349at4891           -            448   7.2e-32  108.0   2.4   2   2   1.5e-12   3.5e-11   39.8   0.0   357   405   163   213   153   221 0.85 -
9168:5060-6598       -            513 7349at4891           -            448   3.1e-31  105.9   2.4   1   2   1.5e-22   3.5e-21   72.8   0.8   141   303   167   337   136   340 0.70 -
9168:5060-6598       -            513 7349at4891           -            448   3.1e-31  105.9   2.4   2   2   3.6e-10   8.4e-09   32.0   0.0   361   446   383   472   373   474 0.82 -
9680:21437-22237     -            267 7349at4891           -            448   3.1e-30  102.6   0.2   1   2   4.4e-17     1e-15   54.8   0.1   170   318    13   160     2   173 0.87 -
9680:21437-22237     -            267 7349at4891           -            448   3.1e-30  102.6   0.2   2   2   9.6e-15   2.3e-13   47.0   0.0   357   448   166   258   158   258 0.85 -
9274:513-1736        -            408 7349at4891           -            448   4.3e-29   98.8   0.1   1   2       5.1   1.2e+02   -1.5   0.0   175   205    11    45     3    56 0.62 -
9274:513-1736        -            408 7349at4891           -            448   4.3e-29   98.8   0.1   2   2     6e-29   1.4e-27   93.8   0.1   209   447    79   294    74   295 0.85 -
8274:2342-3058       -            239 7349at4891           -            448   6.9e-29   98.2   0.9   1   2     4e-22   9.4e-21   71.4   0.4   179   316     1   142     1   150 0.83 -
8274:2342-3058       -            239 7349at4891           -            448   6.9e-29   98.2   0.9   2   2   2.1e-08     5e-07   26.1   0.0   359   447   150   237   142   238 0.87 -
9652:9845-11956      -            704 7349at4891           -            448   7.2e-29   98.1   0.4   1   2   1.6e-20   3.7e-19   66.1   0.1   174   316    81   228    17   242 0.74 -
9652:9845-11956      -            704 7349at4891           -            448   7.2e-29   98.1   0.4   2   2   7.5e-10   1.8e-08   30.9   0.0   358   412   238   294   228   331 0.73 -
9714:25935-26888     -            318 7349at4891           -            448   7.2e-29   98.1   0.3   1   2   4.7e-20   1.1e-18   64.5   0.1   176   316    13   163     8   176 0.79 -
9714:25935-26888     -            318 7349at4891           -            448   7.2e-29   98.1   0.3   2   2   2.9e-10   6.9e-09   32.2   0.0   356   446   174   270   165   272 0.74 -
9722:16235-17092     -            286 7349at4891           -            448   9.5e-29   97.7   0.1   1   1   6.9e-30   1.6e-28   96.9   0.1   181   448     8   278     1   278 0.71 -
9220:10894-11814     -            307 7349at4891           -            448   9.8e-29   97.7   6.2   1   2   2.2e-20   5.1e-19   65.6   2.2   198   315    49   169     2   179 0.79 -
9220:10894-11814     -            307 7349at4891           -            448   9.8e-29   97.7   6.2   2   2   8.3e-11   1.9e-09   34.1   0.1   356   402   178   226   169   278 0.79 -
9648:20903-21709     -            269 7349at4891           -            448   1.1e-28   97.4   0.1   1   1   5.1e-29   1.2e-27   94.1   0.1   174   448     5   266     1   266 0.77 -
8772:6932-7705       -            258 7349at4891           -            448   2.3e-27   93.1   1.5   1   2     8e-19   1.9e-17   60.5   0.1   174   319     4   155     1   161 0.82 -
8772:6932-7705       -            258 7349at4891           -            448   2.3e-27   93.1   1.5   2   2   2.8e-10   6.6e-09   32.3   0.2   364   442   165   242   153   246 0.79 -
8588:5598-6413       -            272 7349at4891           -            448   9.2e-27   91.2   0.3   1   2   4.8e-18   1.1e-16   57.9   0.0   174   317    11   160     1   167 0.79 -
8588:5598-6413       -            272 7349at4891           -            448   9.2e-27   91.2   0.3   2   2   3.8e-10   8.9e-09   31.9   0.1   364   442   172   249   163   254 0.79 -
8018:2579-3376       -            266 7349at4891           -            448   3.1e-26   89.4   0.5   1   2   3.6e-18   8.4e-17   58.3   0.0   174   316     6   154     2   161 0.80 -
8018:2579-3376       -            266 7349at4891           -            448   3.1e-26   89.4   0.5   2   2   1.6e-09   3.7e-08   29.8   0.1   364   442   167   244   157   249 0.78 -
9516:8073-8876       -            268 7349at4891           -            448     4e-26   89.0   4.7   1   2   1.2e-15   2.8e-14   50.0   3.3   174   315     9   167     3   174 0.73 -
9516:8073-8876       -            268 7349at4891           -            448     4e-26   89.0   4.7   2   2   4.4e-12     1e-10   38.2   0.0   360   448   178   262   171   262 0.79 -
9138:9482-10486      -            335 7349at4891           -            448   5.5e-26   88.6   0.4   1   1   2.7e-25   6.3e-24   81.8   0.4   162   447    28   328     4   329 0.66 -
8492:4616-5878       -            421 7349at4891           -            448   5.7e-26   88.6   0.2   1   1   4.7e-26   1.1e-24   84.3   0.2   195   445   145   386   111   388 0.75 -
8792:3540-5258       -            573 7349at4891           -            448   8.4e-26   88.0   1.1   1   2   1.1e-18   2.6e-17   60.0   0.3   135   317   262   446   201   461 0.81 -
8792:3540-5258       -            573 7349at4891           -            448   8.4e-26   88.0   1.1   2   2   8.8e-09   2.1e-07   27.4   0.0   357   446   454   545   445   547 0.72 -
9206:2109-6836       -           1576 7349at4891           -            448   9.1e-26   87.9   0.1   1   1   8.5e-27     2e-25   86.8   0.1   158   444  1251  1548  1210  1552 0.75 -
9236:8838-9737       -            300 7349at4891           -            448   1.5e-25   87.2   0.8   1   2     6e-15   1.4e-13   47.7   0.3   174   318     9   161     1   173 0.77 -
9236:8838-9737       -            300 7349at4891           -            448   1.5e-25   87.2   0.8   2   2   4.3e-12     1e-10   38.3   0.0   365   443   176   253   165   256 0.89 -
9470:3000-4022       -            341 7349at4891           -            448   1.8e-25   86.9   0.1   1   1   9.8e-27   2.3e-25   86.5   0.1   181   446    30   293     2   294 0.77 -
9288:1887-2741       -            285 7349at4891           -            448   2.2e-25   86.6   4.9   1   2   2.7e-15   6.3e-14   48.9   2.1   208   314    57   159    51   164 0.87 -
9288:1887-2741       -            285 7349at4891           -            448   2.2e-25   86.6   4.9   2   2   3.6e-12   8.4e-11   38.6   0.1   354   401   171   219   163   225 0.89 -
9388:2420-3211       -            264 7349at4891           -            448   3.8e-25   85.8   2.0   1   2   4.7e-16   1.1e-14   51.3   1.3   181   315    11   162     7   170 0.71 -
9388:2420-3211       -            264 7349at4891           -            448   3.8e-25   85.8   2.0   2   2   1.4e-10   3.2e-09   33.3   0.0   360   446   173   255   164   257 0.69 -
9404:2234-3256       -            341 7349at4891           -            448   4.2e-25   85.7   0.1   1   1   2.5e-26   5.9e-25   85.2   0.1   182   444    48   305    17   308 0.75 -
9650:24829-29790     -           1654 7349at4891           -            448   5.6e-25   85.3   8.6   1   3   1.8e-05   0.00042   16.5   0.1   271   395   365   472   340   511 0.78 -
9650:24829-29790     -           1654 7349at4891           -            448   5.6e-25   85.3   8.6   2   3    0.0001    0.0024   14.0   0.0   146   229   567   652   553   663 0.77 -
9650:24829-29790     -           1654 7349at4891           -            448   5.6e-25   85.3   8.6   3   3   8.1e-18   1.9e-16   57.2   0.0   234   401   775   919   741   966 0.80 -
8666:1918-2913       -            332 7349at4891           -            448   5.8e-25   85.2   2.7   1   2   1.1e-16   2.5e-15   53.5   0.3   206   331    54   187     1   198 0.80 -
8666:1918-2913       -            332 7349at4891           -            448   5.8e-25   85.2   2.7   2   2     9e-10   2.1e-08   30.6   0.1   372   414   223   265   219   313 0.81 -
8710:5595-6479       -            295 7349at4891           -            448   1.9e-24   83.5   0.2   1   2   4.1e-13   9.6e-12   41.7   0.1   204   303    51   148    34   152 0.85 -
8710:5595-6479       -            295 7349at4891           -            448   1.9e-24   83.5   0.2   2   2   1.4e-12   3.3e-11   39.9   0.0   354   447   191   287   177   288 0.87 -
9556:876-1871        -            332 7349at4891           -            448     8e-24   81.5   0.8   1   2       4.5   1.1e+02   -1.3   0.0   170   189     8    27     4    38 0.84 -
9556:876-1871        -            332 7349at4891           -            448     8e-24   81.5   0.8   2   2   6.5e-24   1.5e-22   77.2   0.1   204   447    75   321    72   322 0.79 -
9558:17836-18582     -            249 7349at4891           -            448   4.5e-23   79.0   1.7   1   2   4.6e-16   1.1e-14   51.4   0.3   180   320     2   146     1   156 0.81 -
9558:17836-18582     -            249 7349at4891           -            448   4.5e-23   79.0   1.7   2   2   6.8e-09   1.6e-07   27.7   0.0   364   446   157   242   144   244 0.78 -
9214:3531-4694       -            388 7349at4891           -            448   6.2e-23   78.6   0.6   1   2   9.6e-17   2.2e-15   53.6   0.0   167   316    58   213    47   226 0.80 -
9214:3531-4694       -            388 7349at4891           -            448   6.2e-23   78.6   0.6   2   2   1.2e-07   2.8e-06   23.7   0.5   358   412   223   277   212   309 0.84 -
9316:14764-15318     -            185 7349at4891           -            448   6.4e-23   78.5   0.3   1   2   1.8e-21   4.2e-20   69.2   0.1   204   344    13   151     6   155 0.85 -
9316:14764-15318     -            185 7349at4891           -            448   6.4e-23   78.5   0.3   2   2   0.00015    0.0035   13.5   0.0   353   400   124   180   121   184 0.74 -
9332:9525-11471      -            649 7349at4891           -            448   6.5e-23   78.5   1.9   1   2     6e-16   1.4e-14   51.0   1.4   196   327   397   536   390   543 0.80 -
9332:9525-11471      -            649 7349at4891           -            448   6.5e-23   78.5   1.9   2   2   1.3e-08   3.1e-07   26.8   0.0   358   447   536   627   527   628 0.72 -
9370:13593-17402     -           1270 7349at4891           -            448   1.2e-22   77.6   0.0   1   1   1.1e-23   2.6e-22   76.5   0.0   156   444   963  1246   927  1250 0.73 -
7674:805-1767        -            321 7349at4891           -            448   1.5e-22   77.3  11.0   1   3   8.1e-13   1.9e-11   40.7   4.9   223   304    76   158     6   161 0.64 -
7674:805-1767        -            321 7349at4891           -            448   1.5e-22   77.3  11.0   2   3    0.0075      0.18    7.8   0.0   290   325   170   202   165   212 0.76 -
7674:805-1767        -            321 7349at4891           -            448   1.5e-22   77.3  11.0   3   3   3.6e-08   8.4e-07   25.4   0.1   375   445   236   310   201   313 0.81 -
9000:1272-2168       -            299 7349at4891           -            448     3e-22   76.3   4.1   1   2   2.4e-14   5.6e-13   45.7   2.4   195   315    35   151     7   161 0.84 -
9000:1272-2168       -            299 7349at4891           -            448     3e-22   76.3   4.1   2   2     1e-09   2.4e-08   30.5   0.0   356   401   164   210   154   218 0.89 -
7822:341-1144        -            268 7349at4891           -            448   3.5e-22   76.1   3.9   1   2     2e-17   4.7e-16   55.9   1.9   182   315     2   151     1   164 0.73 -
7822:341-1144        -            268 7349at4891           -            448   3.5e-22   76.1   3.9   2   2   2.3e-06   5.5e-05   19.4   0.0   360   401   168   210   156   263 0.79 -
9696:23411-25501     -            697 7349at4891           -            448   3.9e-22   75.9   0.2   1   2     1e-15   2.4e-14   50.2   0.1   204   326   473   593   455   598 0.85 -
9696:23411-25501     -            697 7349at4891           -            448   3.9e-22   75.9   0.2   2   2   6.1e-08   1.4e-06   24.6   0.0   353   400   591   638   588   649 0.90 -
7984:778-3069        -            764 7349at4891           -            448   1.2e-21   74.3   4.5   1   2   3.7e-14   8.7e-13   45.1   0.1   175   317   352   503   334   510 0.70 -
7984:778-3069        -            764 7349at4891           -            448   1.2e-21   74.3   4.5   2   2   8.7e-10     2e-08   30.7   0.0   353   443   505   596   501   600 0.81 -
8450:345-1649        -            435 7349at4891           -            448   1.9e-21   73.6   0.3   1   2     4e-09   9.5e-08   28.5   0.1   175   282    25   141     5   148 0.80 -
8450:345-1649        -            435 7349at4891           -            448   1.9e-21   73.6   0.3   2   2   1.7e-13   4.1e-12   42.9   0.0   356   444   245   333   213   337 0.90 -
7948:472-1854        -            461 7349at4891           -            448     2e-21   73.6   0.4   1   3    0.0062      0.15    8.1   0.0   206   235   194   223   182   232 0.84 -
7948:472-1854        -            461 7349at4891           -            448     2e-21   73.6   0.4   2   3   8.2e-10   1.9e-08   30.8   0.1   270   303   274   307   261   311 0.89 -
7948:472-1854        -            461 7349at4891           -            448     2e-21   73.6   0.4   3   3   5.8e-10   1.4e-08   31.3   0.0   349   447   338   445   314   446 0.63 -
9724:42501-46928     -           1476 7349at4891           -            448     2e-21   73.6  15.5   1   3       5.6   1.3e+02   -1.6   4.5   127   166   214   253   187   281 0.57 -
9724:42501-46928     -           1476 7349at4891           -            448     2e-21   73.6  15.5   2   3   8.5e-21     2e-19   67.0   2.0   127   323  1127  1334  1112  1346 0.74 -
9724:42501-46928     -           1476 7349at4891           -            448     2e-21   73.6  15.5   3   3   0.00026    0.0061   12.6   0.0   364   401  1344  1382  1333  1385 0.84 -
8798:2318-3331       -            338 7349at4891           -            448   2.3e-21   73.4   0.9   1   2   0.00034    0.0079   12.3   0.1   166   221     2    66     1    70 0.77 -
8798:2318-3331       -            338 7349at4891           -            448   2.3e-21   73.4   0.9   2   2   1.5e-16   3.6e-15   53.0   0.1   252   447   140   324    77   325 0.73 -
9112:9860-10915      -            352 7349at4891           -            448     3e-21   73.0   0.9   1   3   2.4e-15   5.7e-14   49.0   0.0   165   317    12   170     4   181 0.79 -
9112:9860-10915      -            352 7349at4891           -            448     3e-21   73.0   0.9   2   3   2.9e-07   6.7e-06   22.4   0.3   356   411   177   232   169   265 0.85 -
9112:9860-10915      -            352 7349at4891           -            448     3e-21   73.0   0.9   3   3       6.4   1.5e+02   -1.8   0.0   402   441   293   331   290   334 0.73 -
9220:8467-9282       -            272 7349at4891           -            448   3.2e-21   72.9   0.0   1   2   1.8e-16   4.3e-15   52.7   0.0   180   318     8   157     4   168 0.82 -
9220:8467-9282       -            272 7349at4891           -            448   3.2e-21   72.9   0.0   2   2   4.9e-06   0.00011   18.3   0.0   365   402   170   207   159   264 0.78 -
9352:14667-17009     -            781 7349at4891           -            448   3.6e-21   72.7   1.3   1   2   2.3e-18   5.5e-17   58.9   0.2   198   327   533   667   527   673 0.80 -
9352:14667-17009     -            781 7349at4891           -            448   3.6e-21   72.7   1.3   2   2   5.1e-07   1.2e-05   21.6   0.1   364   447   672   758   661   759 0.72 -
9574:22194-23423     -            410 7349at4891           -            448   7.5e-21   71.7   1.1   1   2   2.3e-16   5.4e-15   52.4   0.1   174   354    17   200     3   206 0.77 -
9574:22194-23423     -            410 7349at4891           -            448   7.5e-21   71.7   1.1   2   2   2.2e-06   5.1e-05   19.5   0.0   324   402   200   280   187   292 0.79 -
9270:2604-3470       -            289 7349at4891           -            448   3.5e-20   69.5   0.0   1   2   2.8e-16   6.5e-15   52.1   0.0   180   318    18   167    14   175 0.79 -
9270:2604-3470       -            289 7349at4891           -            448   3.5e-20   69.5   0.0   2   2   4.8e-05    0.0011   15.1   0.0   365   400   180   215   168   221 0.90 -
8068:741-1847        -            369 7349at4891           -            448   4.2e-20   69.2   1.2   1   2     5e-18   1.2e-16   57.8   0.3   174   324    17   180    14   195 0.75 -
8068:741-1847        -            369 7349at4891           -            448   4.2e-20   69.2   1.2   2   2    0.0015     0.036   10.1   0.0   365   400   196   232   191   246 0.82 -
9022:9769-10653      -            295 7349at4891           -            448   1.4e-19   67.5   0.2   1   2   2.1e-16     5e-15   52.5   0.1   197   315    29   152     5   164 0.81 -
9022:9769-10653      -            295 7349at4891           -            448   1.4e-19   67.5   0.2   2   2   0.00015    0.0036   13.4   0.0   359   409   164   216   156   235 0.79 -
9138:5514-8171       -            886 7349at4891           -            448   1.4e-19   67.5   3.7   1   2   5.7e-10   1.3e-08   31.3   0.5   174   304    14   173     4   176 0.68 -
9138:5514-8171       -            886 7349at4891           -            448   1.4e-19   67.5   3.7   2   2   4.2e-10   9.8e-09   31.7   0.0   357   446   216   308   200   310 0.87 -
9500:730-1611        -            294 7349at4891           -            448   1.4e-19   67.5   0.1   1   1   5.3e-19   1.2e-17   61.1   0.1   229   444    87   279    57   283 0.75 -
9396:10785-11381     -            199 7349at4891           -            448   2.6e-19   66.6   5.6   1   2   7.3e-16   1.7e-14   50.7   1.9   204   314    34   140     1   150 0.80 -
9396:10785-11381     -            199 7349at4891           -            448   2.6e-19   66.6   5.6   2   2   6.3e-06   0.00015   18.0   0.1   357   400   155   199   146   199 0.87 -
7804:258-1562        -            435 7349at4891           -            448   4.7e-19   65.7   0.1   1   2   1.6e-17   3.7e-16   56.2   0.0   181   320    29   172    22   181 0.77 -
7804:258-1562        -            435 7349at4891           -            448   4.7e-19   65.7   0.1   2   2     0.011      0.25    7.3   0.0   365   399   182   217   179   222 0.88 -
9242:6452-8167       -            572 7349at4891           -            448   1.5e-18   64.1   0.4   1   1   9.7e-20   2.3e-18   63.5   0.4    95   401    83   417    63   426 0.74 -
9674:28087-29058     -            324 7349at4891           -            448   1.5e-18   64.1   0.0   1   2   2.5e-14     6e-13   45.6   0.0   181   319     5   156     2   163 0.74 -
9674:28087-29058     -            324 7349at4891           -            448   1.5e-18   64.1   0.0   2   2   6.3e-06   0.00015   18.0   0.0   352   402   156   207   150   218 0.81 -
9376:4767-5852       -            362 7349at4891           -            448   1.6e-18   64.0   1.7   1   2   5.1e-16   1.2e-14   51.2   0.5   207   321    52   170     3   178 0.75 -
9376:4767-5852       -            362 7349at4891           -            448   1.6e-18   64.0   1.7   2   2   0.00036    0.0084   12.2   0.0   359   399   180   221   168   236 0.80 -
9442:11388-12206     -            273 7349at4891           -            448   1.6e-18   64.0   0.5   1   2   1.3e-14   3.1e-13   46.6   0.2   181   320     1   146     1   154 0.79 -
9442:11388-12206     -            273 7349at4891           -            448   1.6e-18   64.0   0.5   2   2   2.1e-05    0.0005   16.2   0.0   366   442   159   237   145   243 0.68 -
8194:3006-3602       -            199 7349at4891           -            448   2.4e-18   63.4   0.1   1   1   9.3e-18   2.2e-16   57.0   0.1   238   445     1   185     1   188 0.75 -
8386:2346-3074       -            243 7349at4891           -            448   3.1e-18   63.1   0.8   1   1   6.2e-16   1.5e-14   51.0   0.8   226   401     4   173     1   232 0.74 -
9660:6627-7220       -            198 7349at4891           -            448   4.2e-18   62.6   0.1   1   2   3.9e-14   9.2e-13   45.0   0.0   177   314     1   146     1   150 0.67 -
9660:6627-7220       -            198 7349at4891           -            448   4.2e-18   62.6   0.1   2   2   3.1e-05   0.00073   15.7   0.0   356   392   160   198   154   198 0.78 -
9494:7698-8528       -            277 7349at4891           -            448   4.8e-18   62.4   1.0   1   2   1.9e-16   4.6e-15   52.6   0.5   182   319     2   148     1   155 0.73 -
9494:7698-8528       -            277 7349at4891           -            448   4.8e-18   62.4   1.0   2   2    0.0024     0.056    9.5   0.0   356   399   152   196   143   210 0.82 -
9548:337-1380        -            348 7349at4891           -            448   6.1e-18   62.1   0.2   1   2   5.8e-17   1.4e-15   54.4   0.1   175   320    13   171     5   186 0.77 -
9548:337-1380        -            348 7349at4891           -            448   6.1e-18   62.1   0.2   2   2     0.032      0.76    5.7   0.0   365   408   188   233   182   239 0.80 -
8384:242-1183        -            314 7349at4891           -            448   6.6e-18   62.0   0.3   1   1   9.1e-18   2.1e-16   57.0   0.3   174   389     7   208     3   227 0.71 -
9468:11302-12276     -            325 7349at4891           -            448   6.8e-18   61.9   2.9   1   1   1.5e-16   3.6e-15   52.9   2.9   175   389     5   207     3   218 0.71 -
9578:6054-6923       -            290 7349at4891           -            448   1.4e-17   60.9   0.0   1   2   1.4e-12   3.3e-11   39.9   0.0   181   317     1   153     1   162 0.70 -
9578:6054-6923       -            290 7349at4891           -            448   1.4e-17   60.9   0.0   2   2   3.9e-06   9.3e-05   18.6   0.0   365   428   168   234   154   239 0.75 -
8850:3013-4704       -            564 7349at4891           -            448   1.6e-17   60.7   0.3   1   1   1.1e-18   2.5e-17   60.1   0.3    97   402    77   410    62   420 0.67 -
9336:5762-6706       -            315 7349at4891           -            448   1.7e-17   60.6   1.3   1   1   9.1e-17   2.1e-15   53.7   1.3   207   447    85   311    70   312 0.76 -
9344:12609-14093     -            495 7349at4891           -            448   2.1e-17   60.3   0.2   1   2   2.3e-14   5.4e-13   45.8   0.0   174   344     5   182     2   202 0.68 -
9344:12609-14093     -            495 7349at4891           -            448   2.1e-17   60.3   0.2   2   2   0.00036    0.0085   12.2   0.0   351   443   351   452   307   457 0.63 -
9568:2563-4101       -            513 7349at4891           -            448   3.8e-17   59.5   1.0   1   2   4.2e-13   9.9e-12   41.6   0.5   176   317   193   356   151   363 0.73 -
9568:2563-4101       -            513 7349at4891           -            448   3.8e-17   59.5   1.0   2   2     2e-05   0.00048   16.3   0.0   357   399   362   404   357   411 0.89 -
9050:611-1576        -            322 7349at4891           -            448   4.1e-17   59.4   6.1   1   3       2.3        53   -0.4   0.0   174   204     4    38     2    68 0.66 -
9050:611-1576        -            322 7349at4891           -            448   4.1e-17   59.4   6.1   2   3   8.3e-18   1.9e-16   57.1   2.7   212   320    98   206    73   214 0.82 -
9050:611-1576        -            322 7349at4891           -            448   4.1e-17   59.4   6.1   3   3      0.53        12    1.7   0.0   378   446   246   317   239   319 0.63 -
8554:159-1031        -            291 7349at4891           -            448   7.9e-17   58.4   0.0   1   2   4.1e-15   9.6e-14   48.3   0.0   182   316     8   153     2   164 0.78 -
8554:159-1031        -            291 7349at4891           -            448   7.9e-17   58.4   0.0   2   2    0.0049      0.12    8.4   0.0   358   404   163   210   156   213 0.83 -
9598:11083-11721     -            213 7349at4891           -            448     9e-17   58.2   0.2   1   2   2.4e-17   5.7e-16   55.6   0.0   183   321     5   157     1   186 0.78 -
9598:11083-11721     -            213 7349at4891           -            448     9e-17   58.2   0.2   2   2      0.92        22    0.9   0.1   377   394   195   212   189   213 0.83 -
9708:2183-3157       -            325 7349at4891           -            448   9.1e-17   58.2   2.2   1   2   3.3e-12   7.7e-11   38.7   0.1   225   316   106   199   102   212 0.77 -
9708:2183-3157       -            325 7349at4891           -            448   9.1e-17   58.2   2.2   2   2   3.1e-06   7.2e-05   19.0   0.0   356   402   211   259   205   289 0.81 -
9342:14110-15051     -            314 7349at4891           -            448   1.2e-16   57.8   4.7   1   2   4.2e-16   9.9e-15   51.5   3.7   182   315     8   159     1   165 0.69 -
9342:14110-15051     -            314 7349at4891           -            448   1.2e-16   57.8   4.7   2   2     0.062       1.5    4.8   0.0   365   388   189   213   187   222 0.85 -
9288:6241-7161       -            307 7349at4891           -            448   1.8e-16   57.3   0.1   1   1   1.7e-16   4.1e-15   52.8   0.1   194   448    23   271     6   271 0.73 -
9022:791-1471        -            227 7349at4891           -            448   2.3e-16   56.9   0.9   1   2     9e-16   2.1e-14   50.4   0.6   223   319    24   119     8   133 0.82 -
9022:791-1471        -            227 7349at4891           -            448   2.3e-16   56.9   0.9   2   2     0.051       1.2    5.1   0.0   379   403   161   185   154   227 0.66 -
9018:8533-10704      -            724 7349at4891           -            448   2.3e-16   56.9   0.0   1   1     2e-17   4.6e-16   55.9   0.0   107   396   240   533   230   556 0.75 -
8804:3362-4279       -            306 7349at4891           -            448   2.8e-16   56.6   5.1   1   2   6.9e-15   1.6e-13   47.5   2.0   177   320     6   161     3   170 0.84 -
8804:3362-4279       -            306 7349at4891           -            448   2.8e-16   56.6   5.1   2   2    0.0014     0.032   10.3   0.1   362   395   168   201   161   223 0.81 -
9280:3099-4592       -            498 7349at4891           -            448   3.7e-16   56.2   0.0   1   3   1.2e-11   2.8e-10   36.8   0.0   268   336   129   200   121   228 0.78 -
9280:3099-4592       -            498 7349at4891           -            448   3.7e-16   56.2   0.0   2   3   7.6e-05    0.0018   14.4   0.0   349   400   260   312   224   318 0.76 -
9280:3099-4592       -            498 7349at4891           -            448   3.7e-16   56.2   0.0   3   3      0.86        20    1.0   0.0   415   446   422   453   418   455 0.90 -
9140:10766-11608     -            281 7349at4891           -            448   8.7e-16   55.0   0.2   1   2   2.5e-14   5.8e-13   45.7   0.1   181   315     1   144     1   154 0.77 -
9140:10766-11608     -            281 7349at4891           -            448   8.7e-16   55.0   0.2   2   2    0.0075      0.18    7.8   0.0   357   401   153   198   146   210 0.84 -
9572:16580-17233     -            218 7349at4891           -            448   2.2e-14   50.4   2.6   1   2   3.7e-12   8.7e-11   38.5   1.3   181   326     1   164     1   171 0.67 -
9572:16580-17233     -            218 7349at4891           -            448   2.2e-14   50.4   2.6   2   2   0.00037    0.0086   12.1   0.0   364   389   169   194   157   204 0.87 -
8460:1970-2827       -            286 7349at4891           -            448   2.3e-14   50.3   0.1   1   2   3.3e-12   7.8e-11   38.7   0.0   175   315     3   144     2   162 0.81 -
8460:1970-2827       -            286 7349at4891           -            448   2.3e-14   50.3   0.1   2   2    0.0028     0.065    9.3   0.0   368   400   164   197   156   209 0.87 -
9526:4843-6750       -            636 7349at4891           -            448   1.2e-13   47.9   0.3   1   2   3.5e-10   8.2e-09   32.0   0.1   182   316   335   478   329   486 0.75 -
9526:4843-6750       -            636 7349at4891           -            448   1.2e-13   47.9   0.3   2   2   0.00013    0.0029   13.7   0.0   356   400   484   533   478   582 0.79 -
8416:2551-3603       -            351 7349at4891           -            448   2.2e-13   47.0   1.2   1   1   4.3e-12     1e-10   38.3   1.2   264   405   104   230    32   245 0.68 -
8766:2416-3300       -            295 7349at4891           -            448   3.2e-13   46.5   0.0   1   2         3        70   -0.7   0.0   200   258     9    74     5   105 0.64 -
8766:2416-3300       -            295 7349at4891           -            448   3.2e-13   46.5   0.0   2   2   5.7e-14   1.3e-12   44.5   0.0   359   447   198   293   174   294 0.78 -
9508:1626-2423       -            266 7349at4891           -            448   5.5e-13   45.7   3.0   1   2     2e-10   4.7e-09   32.8   0.8   251   315    46   113    23   129 0.77 -
9508:1626-2423       -            266 7349at4891           -            448   5.5e-13   45.7   3.0   2   2   0.00017     0.004   13.3   0.1   367   402   132   168   116   198 0.84 -
8626:1051-1599       -            183 7349at4891           -            448   2.8e-12   43.4   0.2   1   2   2.5e-10   5.8e-09   32.5   0.0   273   321    27    77     5    88 0.75 -
8626:1051-1599       -            183 7349at4891           -            448   2.8e-12   43.4   0.2   2   2    0.0023     0.054    9.5   0.1   357   401    88   144    74   155 0.72 -
9700:35509-36408     -            300 7349at4891           -            448   7.4e-12   42.0   0.5   1   2   3.8e-09   8.9e-08   28.6   0.1   196   318    29   149     4   163 0.77 -
9700:35509-36408     -            300 7349at4891           -            448   7.4e-12   42.0   0.5   2   2    0.0011     0.027   10.5   0.0   365   399   164   198   156   207 0.81 -
9316:2356-5388       -           1011 7349at4891           -            448   3.8e-11   39.7   0.1   1   1   5.2e-12   1.2e-10   38.0   0.1   178   421   576   840   529   873 0.70 -
9724:16735-17796     -            354 7349at4891           -            448   7.8e-11   38.7   3.1   1   3   4.4e-08     1e-06   25.1   0.6   231   304   102   170    57   174 0.81 -
9724:16735-17796     -            354 7349at4891           -            448   7.8e-11   38.7   3.1   2   3    0.0038      0.09    8.8   0.0   365   396   217   249   180   258 0.81 -
9724:16735-17796     -            354 7349at4891           -            448   7.8e-11   38.7   3.1   3   3       0.2       4.6    3.1   0.0   423   447   322   346   312   347 0.87 -
9666:20504-21955     -            484 7349at4891           -            448   1.5e-10   37.7   9.6   1   2     2e-10   4.6e-09   32.8   7.2   181   319   174   318    79   327 0.67 -
9666:20504-21955     -            484 7349at4891           -            448   1.5e-10   37.7   9.6   2   2       0.1       2.4    4.1   0.0   362   400   328   367   316   378 0.79 -
9502:2145-3251       -            369 7349at4891           -            448   3.5e-10   36.5   0.1   1   2      0.87        20    1.0   0.0   211   256    45    94    26   109 0.70 -
9502:2145-3251       -            369 7349at4891           -            448   3.5e-10   36.5   0.1   2   2   1.8e-10   4.3e-09   32.9   0.0   270   343   134   212   122   236 0.75 -
8764:438-2084        -            549 7349at4891           -            448   3.4e-09   33.3   3.1   1   2   9.6e-09   2.3e-07   27.2   1.3   208   322   200   316   182   328 0.86 -
8764:438-2084        -            549 7349at4891           -            448   3.4e-09   33.3   3.1   2   2      0.04      0.95    5.4   0.0   365   393   330   359   322   391 0.79 -
8796:1455-1940       -            162 7349at4891           -            448   3.5e-09   33.2   2.7   1   1   2.5e-10   5.9e-09   32.5   2.7   176   302    19   162    16   162 0.75 -
9678:8748-11114      -            789 7349at4891           -            448     4e-09   33.0   1.1   1   2   0.00016    0.0039   13.3   0.1   212   295    84   174    72   184 0.68 -
9678:8748-11114      -            789 7349at4891           -            448     4e-09   33.0   1.1   2   2   7.1e-06   0.00017   17.8   0.0   363   442   224   311   222   316 0.68 -
7548:67-747          -            227 7349at4891           -            448   4.1e-09   33.0   0.0   1   1   2.5e-10   5.9e-09   32.5   0.0   175   323     3   156     2   207 0.75 -
9532:12469-14466     -            666 7349at4891           -            448   1.2e-08   31.5   0.3   1   2     6e-05    0.0014   14.7   0.0   268   302   324   358   312   362 0.90 -
9532:12469-14466     -            666 7349at4891           -            448   1.2e-08   31.5   0.3   2   2    0.0001    0.0025   13.9   0.0   375   424   438   488   435   498 0.85 -
9250:1334-1957       -            208 7349at4891           -            448   3.8e-08   29.8   0.0   1   2   3.9e-09   9.2e-08   28.5   0.0   175   325     1   157     1   188 0.76 -
9250:1334-1957       -            208 7349at4891           -            448   3.8e-08   29.8   0.0   2   2       5.4   1.3e+02   -1.6   0.0   378   400   186   208   179   208 0.88 -
9390:2655-7010       -           1452 7349at4891           -            448   1.5e-07   27.9   0.1   1   1   1.4e-08   3.2e-07   26.7   0.1   272   311   125   166   106   169 0.87 -
9574:11971-12594     -            208 7349at4891           -            448   2.2e-07   27.3   0.1   1   2   6.2e-08   1.5e-06   24.6   0.0   175   325     1   157     1   188 0.67 -
9574:11971-12594     -            208 7349at4891           -            448   2.2e-07   27.3   0.1   2   2         5   1.2e+02   -1.5   0.0   378   400   186   208   180   208 0.87 -
9418:1089-4097       -           1003 7349at4891           -            448   5.5e-06   22.7   0.4   1   1   8.2e-07   1.9e-05   20.9   0.4   237   303   761   829   731   832 0.84 -
8796:234-743         -            170 7349at4891           -            448   3.5e-05   20.0   0.0   1   1     2e-06   4.8e-05   19.6   0.0   365   400    31    66    14    74 0.90 -
8836:7701-8510       -            270 7349at4891           -            448    0.0059   12.7   0.0   1   3       8.3     2e+02   -2.2   0.0   175   193     1    19     1    28 0.80 -
8836:7701-8510       -            270 7349at4891           -            448    0.0059   12.7   0.0   2   3     0.015      0.34    6.9   0.0   268   304   111   147   100   153 0.90 -
8836:7701-8510       -            270 7349at4891           -            448    0.0059   12.7   0.0   3   3      0.22       5.2    3.0   0.0   306   326   172   191   169   241 0.71 -
#
# Program:         hmmsearch
# Version:         3.1b2 (February 2015)
# Pipeline mode:   SEARCH
# Query file:      /home/jj/Desktop/Bioinformatics/3rd_year/1term/Computational_genomics/Seminars/exercise_04/busco_downloads/lineages/saccharomycetes_odb10/hmms/7349at4891.hmm
# Target file:     /home/jj/Desktop/Bioinformatics/3rd_year/1term/Computational_genomics/Seminars/exercise_04/./busco/SRR6130428/SRR6130428_k63_contigs/run_saccharomycetes_odb10/metaeuk_output/initial_results/SRR6130428_k63_graph.contig.fa.modified.fas
# Option settings: hmmsearch --domtblout /home/jj/Desktop/Bioinformatics/3rd_year/1term/Computational_genomics/Seminars/exercise_04/./busco/SRR6130428/SRR6130428_k63_contigs/run_saccharomycetes_odb10/hmmer_output/initial_run_results/7349at4891.out --cpu 1 /home/jj/Desktop/Bioinformatics/3rd_year/1term/Computational_genomics/Seminars/exercise_04/busco_downloads/lineages/saccharomycetes_odb10/hmms/7349at4891.hmm /home/jj/Desktop/Bioinformatics/3rd_year/1term/Computational_genomics/Seminars/exercise_04/./busco/SRR6130428/SRR6130428_k63_contigs/run_saccharomycetes_odb10/metaeuk_output/initial_results/SRR6130428_k63_graph.contig.fa.modified.fas 
# Current dir:     /home/jj/Desktop/Bioinformatics/3rd_year/1term/Computational_genomics/Seminars/exercise_04
# Date:            Tue Nov  5 18:39:20 2024
# [ok]
