#                                                                            --- full sequence --- -------------- this domain -------------   hmm coord   ali coord   env coord
# target name        accession   tlen query name           accession   qlen   E-value  score  bias   #  of  c-Evalue  i-Evalue  score  bias  from    to  from    to  from    to  acc description of target
#------------------- ---------- ----- -------------------- ---------- ----- --------- ------ ----- --- --- --------- --------- ------ ----- ----- ----- ----- ----- ----- ----- ---- ---------------------
8650:148-2340        -            731 7422at4891           -            446    6e-159  526.7   8.8   1   5     0.068        91   -1.3   0.0     1    17     5    21     5    30 0.89 -
8650:148-2340        -            731 7422at4891           -            446    6e-159  526.7   8.8   2   5  3.1e-122  4.1e-119  395.3   0.6    25   309    74   398    72   415 0.78 -
8650:148-2340        -            731 7422at4891           -            446    6e-159  526.7   8.8   3   5   5.6e-46   7.5e-43  144.0   2.2   271   417   420   597   413   631 0.77 -
8650:148-2340        -            731 7422at4891           -            446    6e-159  526.7   8.8   4   5      0.19   2.6e+02   -2.8   5.6   396   435   636   675   621   684 0.71 -
8650:148-2340        -            731 7422at4891           -            446    6e-159  526.7   8.8   5   5     0.029        39   -0.1   2.7   414   446   699   731   680   731 0.67 -
8762:2096-3514       -            473 7422at4891           -            446    0.0015   14.4   1.3   1   2     3e-06     0.004   13.1   0.1   140   237   202   300   193   320 0.78 -
8762:2096-3514       -            473 7422at4891           -            446    0.0015   14.4   1.3   2   2     0.042        57   -0.6   0.1   288   325   337   373   322   375 0.79 -
#
# Program:         hmmsearch
# Version:         3.1b2 (February 2015)
# Pipeline mode:   SEARCH
# Query file:      /home/jj/Desktop/Bioinformatics/3rd_year/1term/Computational_genomics/Seminars/exercise_04/busco_downloads/lineages/saccharomycetes_odb10/hmms/7422at4891.hmm
# Target file:     /home/jj/Desktop/Bioinformatics/3rd_year/1term/Computational_genomics/Seminars/exercise_04/./busco/SRR6130428/SRR6130428_k63_contigs/run_saccharomycetes_odb10/metaeuk_output/initial_results/SRR6130428_k63_graph.contig.fa.modified.fas
# Option settings: hmmsearch --domtblout /home/jj/Desktop/Bioinformatics/3rd_year/1term/Computational_genomics/Seminars/exercise_04/./busco/SRR6130428/SRR6130428_k63_contigs/run_saccharomycetes_odb10/hmmer_output/initial_run_results/7422at4891.out --cpu 1 /home/jj/Desktop/Bioinformatics/3rd_year/1term/Computational_genomics/Seminars/exercise_04/busco_downloads/lineages/saccharomycetes_odb10/hmms/7422at4891.hmm /home/jj/Desktop/Bioinformatics/3rd_year/1term/Computational_genomics/Seminars/exercise_04/./busco/SRR6130428/SRR6130428_k63_contigs/run_saccharomycetes_odb10/metaeuk_output/initial_results/SRR6130428_k63_graph.contig.fa.modified.fas 
# Current dir:     /home/jj/Desktop/Bioinformatics/3rd_year/1term/Computational_genomics/Seminars/exercise_04
# Date:            Tue Nov  5 18:39:21 2024
# [ok]
