#                                                                            --- full sequence --- -------------- this domain -------------   hmm coord   ali coord   env coord
# target name        accession   tlen query name           accession   qlen   E-value  score  bias   #  of  c-Evalue  i-Evalue  score  bias  from    to  from    to  from    to  acc description of target
#------------------- ---------- ----- -------------------- ---------- ----- --------- ------ ----- --- --- --------- --------- ------ ----- ----- ----- ----- ----- ----- ----- ---- ---------------------
9024:7796-10807      -           1004 7523at4891           -            582  5.1e-100  332.8  67.4   1   6   1.1e-44   7.6e-42  140.7  11.7     7   213    11   260     3   279 0.69 -
9024:7796-10807      -           1004 7523at4891           -            582  5.1e-100  332.8  67.4   2   6   1.8e-05     0.012   11.2   1.5   191   241   327   383   274   395 0.70 -
9024:7796-10807      -           1004 7523at4891           -            582  5.1e-100  332.8  67.4   3   6     0.029        20    0.6   2.4   230   272   430   471   387   475 0.63 -
9024:7796-10807      -           1004 7523at4891           -            582  5.1e-100  332.8  67.4   4   6   6.4e-61   4.3e-58  194.3  21.6   269   562   496   899   481   915 0.82 -
9024:7796-10807      -           1004 7523at4891           -            582  5.1e-100  332.8  67.4   5   6      0.28   1.9e+02   -2.6   0.3   559   570   919   930   910   936 0.79 -
9024:7796-10807      -           1004 7523at4891           -            582  5.1e-100  332.8  67.4   6   6      0.56   3.7e+02   -3.6   0.0   567   582   959   974   946   990 0.72 -
9684:10403-13477     -           1025 7523at4891           -            582     1e-10   37.9   0.2   1   2   1.6e-13     1e-10   37.9   0.2    30   106    57   137    48   141 0.90 -
9684:10403-13477     -           1025 7523at4891           -            582     1e-10   37.9   0.2   2   2       0.3     2e+02   -2.7   0.2    38    76   617   655   598   661 0.72 -
9024:3833-6700       -            956 7523at4891           -            582   2.4e-08   30.1   0.0   1   4   3.6e-11   2.4e-08   30.1   0.0    28   107    48   132    43   152 0.88 -
9024:3833-6700       -            956 7523at4891           -            582   2.4e-08   30.1   0.0   2   4      0.11        72   -1.2   0.1   285   341   256   309   251   330 0.78 -
9024:3833-6700       -            956 7523at4891           -            582   2.4e-08   30.1   0.0   3   4     0.055        37   -0.3   0.3   301   403   580   674   567   694 0.65 -
9024:3833-6700       -            956 7523at4891           -            582   2.4e-08   30.1   0.0   4   4      0.35   2.3e+02   -2.9   0.2   168   228   725   785   700   800 0.66 -
9440:5422-8004       -            861 7523at4891           -            582     1e-07   28.0   0.9   1   4   1.8e-09   1.2e-06   24.4   0.1    47   106    82   142    45   146 0.92 -
9440:5422-8004       -            861 7523at4891           -            582     1e-07   28.0   0.9   2   4      0.13        88   -1.5   0.0   146   207   267   334   263   362 0.71 -
9440:5422-8004       -            861 7523at4891           -            582     1e-07   28.0   0.9   3   4      0.26   1.7e+02   -2.5   0.0   437   487   348   398   329   404 0.84 -
9440:5422-8004       -            861 7523at4891           -            582     1e-07   28.0   0.9   4   4     0.084        56   -0.9   0.0    64    89   415   440   410   441 0.93 -
#
# Program:         hmmsearch
# Version:         3.1b2 (February 2015)
# Pipeline mode:   SEARCH
# Query file:      /home/jj/Desktop/Bioinformatics/3rd_year/1term/Computational_genomics/Seminars/exercise_04/busco_downloads/lineages/saccharomycetes_odb10/hmms/7523at4891.hmm
# Target file:     /home/jj/Desktop/Bioinformatics/3rd_year/1term/Computational_genomics/Seminars/exercise_04/./busco/SRR6130428/SRR6130428_k63_contigs/run_saccharomycetes_odb10/metaeuk_output/initial_results/SRR6130428_k63_graph.contig.fa.modified.fas
# Option settings: hmmsearch --domtblout /home/jj/Desktop/Bioinformatics/3rd_year/1term/Computational_genomics/Seminars/exercise_04/./busco/SRR6130428/SRR6130428_k63_contigs/run_saccharomycetes_odb10/hmmer_output/initial_run_results/7523at4891.out --cpu 1 /home/jj/Desktop/Bioinformatics/3rd_year/1term/Computational_genomics/Seminars/exercise_04/busco_downloads/lineages/saccharomycetes_odb10/hmms/7523at4891.hmm /home/jj/Desktop/Bioinformatics/3rd_year/1term/Computational_genomics/Seminars/exercise_04/./busco/SRR6130428/SRR6130428_k63_contigs/run_saccharomycetes_odb10/metaeuk_output/initial_results/SRR6130428_k63_graph.contig.fa.modified.fas 
# Current dir:     /home/jj/Desktop/Bioinformatics/3rd_year/1term/Computational_genomics/Seminars/exercise_04
# Date:            Tue Nov  5 18:39:22 2024
# [ok]
