#                                                                            --- full sequence --- -------------- this domain -------------   hmm coord   ali coord   env coord
# target name        accession   tlen query name           accession   qlen   E-value  score  bias   #  of  c-Evalue  i-Evalue  score  bias  from    to  from    to  from    to  acc description of target
#------------------- ---------- ----- -------------------- ---------- ----- --------- ------ ----- --- --- --------- --------- ------ ----- ----- ----- ----- ----- ----- ----- ---- ---------------------
9496:16670-18709     -            680 7621at4891           -            403  4.6e-235  777.1   5.5   1   1  1.7e-237  5.6e-235  776.8   5.5     1   403   236   678   236   678 0.95 -
7064:5-754           -            250 7621at4891           -            403   3.5e-65  217.6   0.4   1   1   1.2e-67   4.1e-65  217.4   0.4    17   216     2   209     1   243 0.93 -
9654:15122-16945     -            608 7621at4891           -            403   4.4e-63  210.7   0.0   1   1   2.7e-65   9.1e-63  209.6   0.0    19   402   165   607   155   608 0.75 -
9394:3041-4234       -            398 7621at4891           -            403   5.2e-29   98.5   1.5   1   1   3.8e-30   1.3e-27   93.9   1.5    17   318     6   313     2   396 0.76 -
8902:3549-5726       -            726 7621at4891           -            403   1.7e-08   30.9   0.0   1   2     1e-09   3.5e-07   26.6   0.0    21   208   271   479   260   519 0.72 -
8902:3549-5726       -            726 7621at4891           -            403   1.7e-08   30.9   0.0   2   2     0.052        17    1.2   0.0   287   342   522   577   515   601 0.74 -
8696:2142-4049       -            636 7621at4891           -            403   2.7e-05   20.3   1.5   1   2     0.031        10    2.0   0.1    22    36   107   121    89   133 0.79 -
8696:2142-4049       -            636 7621at4891           -            403   2.7e-05   20.3   1.5   2   2   9.2e-07   0.00031   16.9   0.2    98   207   154   264   131   337 0.66 -
9350:7151-9382       -            744 7621at4891           -            403    0.0004   16.5   0.2   1   1     2e-06   0.00068   15.7   0.2     4   149    36   176    34   190 0.74 -
9006:8637-10217      -            527 7621at4891           -            403   0.00089   15.4   0.1   1   2      0.29        97   -1.2   0.0    16    37    96   117    90   133 0.81 -
9006:8637-10217      -            527 7621at4891           -            403   0.00089   15.4   0.1   2   2   9.8e-06    0.0033   13.5   0.0    98   169   187   252   183   293 0.76 -
#
# Program:         hmmsearch
# Version:         3.1b2 (February 2015)
# Pipeline mode:   SEARCH
# Query file:      /home/jj/Desktop/Bioinformatics/3rd_year/1term/Computational_genomics/Seminars/exercise_04/busco_downloads/lineages/saccharomycetes_odb10/hmms/7621at4891.hmm
# Target file:     /home/jj/Desktop/Bioinformatics/3rd_year/1term/Computational_genomics/Seminars/exercise_04/./busco/SRR6130428/SRR6130428_k63_contigs/run_saccharomycetes_odb10/metaeuk_output/initial_results/SRR6130428_k63_graph.contig.fa.modified.fas
# Option settings: hmmsearch --domtblout /home/jj/Desktop/Bioinformatics/3rd_year/1term/Computational_genomics/Seminars/exercise_04/./busco/SRR6130428/SRR6130428_k63_contigs/run_saccharomycetes_odb10/hmmer_output/initial_run_results/7621at4891.out --cpu 1 /home/jj/Desktop/Bioinformatics/3rd_year/1term/Computational_genomics/Seminars/exercise_04/busco_downloads/lineages/saccharomycetes_odb10/hmms/7621at4891.hmm /home/jj/Desktop/Bioinformatics/3rd_year/1term/Computational_genomics/Seminars/exercise_04/./busco/SRR6130428/SRR6130428_k63_contigs/run_saccharomycetes_odb10/metaeuk_output/initial_results/SRR6130428_k63_graph.contig.fa.modified.fas 
# Current dir:     /home/jj/Desktop/Bioinformatics/3rd_year/1term/Computational_genomics/Seminars/exercise_04
# Date:            Tue Nov  5 18:39:22 2024
# [ok]
