#                                                                            --- full sequence --- -------------- this domain -------------   hmm coord   ali coord   env coord
# target name        accession   tlen query name           accession   qlen   E-value  score  bias   #  of  c-Evalue  i-Evalue  score  bias  from    to  from    to  from    to  acc description of target
#------------------- ---------- ----- -------------------- ---------- ----- --------- ------ ----- --- --- --------- --------- ------ ----- ----- ----- ----- ----- ----- ----- ---- ---------------------
9460:9231-11075      -            615 7896at4891           -            419  2.9e-150  498.0  11.1   1   2    3e-107  1.6e-105  350.6   7.2     1   296    12   398    12   480 0.85 -
9460:9231-11075      -            615 7896at4891           -            419  2.9e-150  498.0  11.1   2   2   2.6e-45   1.4e-43  146.6   0.1   308   419   480   610   470   610 0.85 -
8436:656-1654        -            333 7896at4891           -            419   6.6e-17   58.7  12.1   1   5    0.0015      0.08    9.0   0.0   320   375     9    64     3    68 0.78 -
8436:656-1654        -            333 7896at4891           -            419   6.6e-17   58.7  12.1   2   5   2.5e-06   0.00014   18.1   0.6   330   410    69   148    61   154 0.89 -
8436:656-1654        -            333 7896at4891           -            419   6.6e-17   58.7  12.1   3   5     0.016      0.88    5.6   0.0   360   409   180   229   177   229 0.91 -
8436:656-1654        -            333 7896at4891           -            419   6.6e-17   58.7  12.1   4   5   1.4e-11   7.4e-10   35.5   0.7   153   218   220   294   191   310 0.84 -
8436:656-1654        -            333 7896at4891           -            419   6.6e-17   58.7  12.1   5   5      0.52        28    0.6   0.1    77    96   306   325   299   331 0.78 -
9126:8755-11505      -            917 7896at4891           -            419   3.6e-16   56.3   5.4   1   4   1.1e-06   5.7e-05   19.4   0.3   148   367    91   311    52   349 0.61 -
9126:8755-11505      -            917 7896at4891           -            419   3.6e-16   56.3   5.4   2   4   1.6e-09   8.8e-08   28.6   0.2   157   348   349   548   342   555 0.77 -
9126:8755-11505      -            917 7896at4891           -            419   3.6e-16   56.3   5.4   3   4      0.43        23    0.9   0.0   153   183   577   608   568   623 0.79 -
9126:8755-11505      -            917 7896at4891           -            419   3.6e-16   56.3   5.4   4   4       7.1   3.8e+02   -3.1   0.0   318   385   681   705   672   710 0.52 -
9618:271-3099        -            943 7896at4891           -            419   1.9e-13   47.3   8.4   1   6   4.2e-06   0.00023   17.4   0.1   316   419    80   189    74   189 0.83 -
9618:271-3099        -            943 7896at4891           -            419   1.9e-13   47.3   8.4   2   6     0.015      0.83    5.6   0.2   201   258   177   235   171   270 0.60 -
9618:271-3099        -            943 7896at4891           -            419   1.9e-13   47.3   8.4   3   6      0.16       8.6    2.3   0.0   307   348   383   423   338   433 0.67 -
9618:271-3099        -            943 7896at4891           -            419   1.9e-13   47.3   8.4   4   6    0.0011     0.057    9.5   0.0   157   240   434   527   386   533 0.70 -
9618:271-3099        -            943 7896at4891           -            419   1.9e-13   47.3   8.4   5   6   2.1e-05    0.0011   15.1   0.0   314   419   530   642   517   642 0.84 -
9618:271-3099        -            943 7896at4891           -            419   1.9e-13   47.3   8.4   6   6     0.022       1.2    5.1   0.1   159   253   621   685   617   693 0.43 -
9712:30400-31623     -            408 7896at4891           -            419   1.1e-11   41.5   0.2   1   3   0.00064     0.034   10.2   0.0   368   410    55    96    40   108 0.81 -
9712:30400-31623     -            408 7896at4891           -            419   1.1e-11   41.5   0.2   2   3     2e-05    0.0011   15.2   0.0   110   168   134   193   126   227 0.85 -
9712:30400-31623     -            408 7896at4891           -            419   1.1e-11   41.5   0.2   3   3    0.0004     0.021   10.9   0.0   153   192   294   336   286   361 0.85 -
9716:9893-12037      -            715 7896at4891           -            419   2.1e-11   40.5   6.1   1   3         1        55   -0.4   0.0   230   253    17    40     5    55 0.70 -
9716:9893-12037      -            715 7896at4891           -            419   2.1e-11   40.5   6.1   2   3     4e-08   2.2e-06   24.1   1.1   199   255   151   208   101   215 0.73 -
9716:9893-12037      -            715 7896at4891           -            419   2.1e-11   40.5   6.1   3   3     1e-05   0.00055   16.1   0.1   153   218   220   292   216   318 0.84 -
9636:17731-18642     -            304 7896at4891           -            419   6.8e-11   38.9   4.1   1   4   2.5e-06   0.00013   18.1   0.2   282   419     4   144     2   144 0.70 -
9636:17731-18642     -            304 7896at4891           -            419   6.8e-11   38.9   4.1   2   4      0.33        18    1.3   0.0    52    67   131   146   116   154 0.75 -
9636:17731-18642     -            304 7896at4891           -            419   6.8e-11   38.9   4.1   3   4   0.00025     0.013   11.5   0.3   318   403   163   254   150   261 0.81 -
9636:17731-18642     -            304 7896at4891           -            419   6.8e-11   38.9   4.1   4   4     0.003      0.16    8.0   0.0   154   192   252   291   250   300 0.76 -
9208:2600-5119       -            840 7896at4891           -            419   7.5e-10   35.4   1.4   1   5      0.51        28    0.6   0.0   322   387    24    47    12    56 0.57 -
9208:2600-5119       -            840 7896at4891           -            419   7.5e-10   35.4   1.4   2   5    0.0048      0.26    7.3   0.0    38    70    78   111    72   117 0.78 -
9208:2600-5119       -            840 7896at4891           -            419   7.5e-10   35.4   1.4   3   5   3.1e-06   0.00017   17.8   0.2   153   218   137   211   133   222 0.79 -
9208:2600-5119       -            840 7896at4891           -            419   7.5e-10   35.4   1.4   4   5       1.2        67   -0.6   0.0   360   390   316   346   313   353 0.78 -
9208:2600-5119       -            840 7896at4891           -            419   7.5e-10   35.4   1.4   5   5      0.12       6.7    2.7   0.0   359   387   357   386   350   394 0.72 -
9670:4414-5802       -            463 7896at4891           -            419     9e-10   35.2   4.0   1   2   6.7e-06   0.00036   16.7   0.0   315   378   174   239   159   252 0.84 -
9670:4414-5802       -            463 7896at4891           -            419     9e-10   35.2   4.0   2   2   1.2e-05   0.00064   15.9   2.2    43   213   268   463   261   463 0.69 -
8822:7585-8277       -            231 7896at4891           -            419   1.3e-09   34.6   0.6   1   3   4.9e-06   0.00026   17.2   0.0   156   232     1    86     1    90 0.78 -
8822:7585-8277       -            231 7896at4891           -            419   1.3e-09   34.6   0.6   2   3    0.0011     0.061    9.4   0.2   156   218    84   163    78   171 0.59 -
8822:7585-8277       -            231 7896at4891           -            419   1.3e-09   34.6   0.6   3   3     0.043       2.3    4.2   0.0   154   192   186   225   179   230 0.67 -
8478:1944-3398       -            485 7896at4891           -            419   1.9e-09   34.1   3.1   1   4      0.28        15    1.5   0.0   199   221    81   103    67   121 0.72 -
8478:1944-3398       -            485 7896at4891           -            419   1.9e-09   34.1   3.1   2   4      0.77        41    0.1   0.0   200   259   135   190   131   222 0.63 -
8478:1944-3398       -            485 7896at4891           -            419   1.9e-09   34.1   3.1   3   4   1.2e-06   6.7e-05   19.1   0.1   156   261   222   342   216   345 0.80 -
8478:1944-3398       -            485 7896at4891           -            419   1.9e-09   34.1   3.1   4   4   0.00043     0.023   10.8   0.2    35    69   344   379   324   385 0.76 -
9508:19799-20617     -            273 7896at4891           -            419   2.1e-09   34.0   1.7   1   3   2.5e-05    0.0014   14.8   0.5   173   256     5    95     1    99 0.71 -
9508:19799-20617     -            273 7896at4891           -            419   2.1e-09   34.0   1.7   2   3   2.2e-05    0.0012   15.0   0.6   163   254    35   134    27   140 0.68 -
9508:19799-20617     -            273 7896at4891           -            419   2.1e-09   34.0   1.7   3   3   6.8e-05    0.0036   13.4   0.0   165   217   207   265   190   273 0.74 -
9656:28053-28895     -            281 7896at4891           -            419   4.5e-09   32.9   3.2   1   3   0.00011    0.0058   12.7   0.2   315   403    22   109     8   113 0.78 -
9656:28053-28895     -            281 7896at4891           -            419   4.5e-09   32.9   3.2   2   3     7e-06   0.00037   16.7   0.2   323   384    71   133    65   133 0.90 -
9656:28053-28895     -            281 7896at4891           -            419   4.5e-09   32.9   3.2   3   3   1.3e-05   0.00069   15.8   0.2    48   120   116   194   111   273 0.85 -
9494:18928-19965     -            346 7896at4891           -            419   6.8e-09   32.3   5.0   1   4   0.00012    0.0064   12.6   0.3   156   223    13    91     9    99 0.78 -
9494:18928-19965     -            346 7896at4891           -            419   6.8e-09   32.3   5.0   2   4      0.35        18    1.2   0.0   380   415   121   156   119   161 0.90 -
9494:18928-19965     -            346 7896at4891           -            419   6.8e-09   32.3   5.0   3   4   1.7e-06     9e-05   18.7   0.5   318   394   156   232   145   246 0.86 -
9494:18928-19965     -            346 7896at4891           -            419   6.8e-09   32.3   5.0   4   4         2   1.1e+02   -1.3   0.0   112   327   286   305   275   335 0.60 -
8402:4018-5292       -            425 7896at4891           -            419   1.3e-08   31.4   0.0   1   2   7.9e-09   4.2e-07   26.4   0.0   315   395    26   110     4   115 0.83 -
8402:4018-5292       -            425 7896at4891           -            419   1.3e-08   31.4   0.0   2   2      0.63        34    0.3   0.1    57    93   289   330   265   341 0.62 -
9676:28964-31411     -            816 7896at4891           -            419   1.6e-08   31.1   8.9   1   5     0.023       1.2    5.1   0.0   321   388    67   133    55   159 0.50 -
9676:28964-31411     -            816 7896at4891           -            419   1.6e-08   31.1   8.9   2   5     0.048       2.6    4.0   0.0    53    67   163   177   156   184 0.87 -
9676:28964-31411     -            816 7896at4891           -            419   1.6e-08   31.1   8.9   3   5       1.3        71   -0.7   0.1   201   228   403   430   381   483 0.67 -
9676:28964-31411     -            816 7896at4891           -            419   1.6e-08   31.1   8.9   4   5   1.6e-06   8.3e-05   18.8   0.9   306   419   482   602   453   602 0.78 -
9676:28964-31411     -            816 7896at4891           -            419   1.6e-08   31.1   8.9   5   5    0.0002     0.011   11.8   0.1   154   230   576   652   574   681 0.78 -
9312:6422-7318       -            299 7896at4891           -            419   7.1e-08   28.9   0.3   1   4   1.7e-05   0.00093   15.4   0.0   319   381     2    64     1    72 0.85 -
9312:6422-7318       -            299 7896at4891           -            419   7.1e-08   28.9   0.3   2   4    0.0041      0.22    7.6   0.1   200   255    95   154    79   164 0.71 -
9312:6422-7318       -            299 7896at4891           -            419   7.1e-08   28.9   0.3   3   4      0.57        30    0.5   0.0   305   344   164   203   154   212 0.68 -
9312:6422-7318       -            299 7896at4891           -            419   7.1e-08   28.9   0.3   4   4      0.97        52   -0.3   0.0    52    77   240   267   207   272 0.75 -
9534:20058-21434     -            459 7896at4891           -            419   7.2e-08   28.9   3.3   1   5    0.0093       0.5    6.4   0.0   101   143   125   168   109   174 0.68 -
9534:20058-21434     -            459 7896at4891           -            419   7.2e-08   28.9   3.3   2   5     0.026       1.4    4.9   0.0   156   186   147   177   140   186 0.88 -
9534:20058-21434     -            459 7896at4891           -            419   7.2e-08   28.9   3.3   3   5   0.00073     0.039   10.0   0.0   106   263   195   355   184   384 0.78 -
9534:20058-21434     -            459 7896at4891           -            419   7.2e-08   28.9   3.3   4   5    0.0027      0.15    8.1   0.1    51    70   388   408   360   420 0.73 -
9534:20058-21434     -            459 7896at4891           -            419   7.2e-08   28.9   3.3   5   5      0.43        23    0.9   0.0   156   178   429   451   424   457 0.53 -
9674:12257-13606     -            450 7896at4891           -            419   1.1e-07   28.3   1.9   1   2   4.1e-05    0.0022   14.1   0.5   308   409    71   171    57   173 0.81 -
9674:12257-13606     -            450 7896at4891           -            419   1.1e-07   28.3   1.9   2   2   0.00022     0.012   11.8   0.0   153   261   162   283   159   317 0.70 -
9606:18941-21196     -            752 7896at4891           -            419   1.1e-07   28.3   1.6   1   4      0.43        23    0.9   0.0    36    71    25    61    14    97 0.74 -
9606:18941-21196     -            752 7896at4891           -            419   1.1e-07   28.3   1.6   2   4   0.00021     0.011   11.8   0.0   321   393   123   198   113   214 0.78 -
9606:18941-21196     -            752 7896at4891           -            419   1.1e-07   28.3   1.6   3   4    0.0006     0.032   10.3   0.3   324   396   223   297   202   326 0.72 -
9606:18941-21196     -            752 7896at4891           -            419   1.1e-07   28.3   1.6   4   4       4.9   2.6e+02   -2.6   0.0   151   180   541   571   535   581 0.72 -
8240:671-1900        -            410 7896at4891           -            419   2.9e-07   26.9   0.1   1   4      0.03       1.6    4.7   0.0    40    74   115   154    90   158 0.76 -
8240:671-1900        -            410 7896at4891           -            419   2.9e-07   26.9   0.1   2   4     0.042       2.3    4.2   0.0   153   189   161   198   156   204 0.85 -
8240:671-1900        -            410 7896at4891           -            419   2.9e-07   26.9   0.1   3   4     0.035       1.9    4.5   0.0   194   259   251   325   202   341 0.60 -
8240:671-1900        -            410 7896at4891           -            419   2.9e-07   26.9   0.1   4   4     0.001     0.055    9.5   0.0    28    94   322   401   309   407 0.62 -
9676:9212-10057      -            282 7896at4891           -            419   3.8e-07   26.5   1.2   1   4      0.29        16    1.4   0.0   201   221    17    37    10    51 0.80 -
9676:9212-10057      -            282 7896at4891           -            419   3.8e-07   26.5   1.2   2   4   0.00046     0.025   10.7   0.1   329   405    62   143    56   150 0.79 -
9676:9212-10057      -            282 7896at4891           -            419   3.8e-07   26.5   1.2   3   4     0.009      0.48    6.4   0.0   200   225   165   190   161   195 0.89 -
9676:9212-10057      -            282 7896at4891           -            419   3.8e-07   26.5   1.2   4   4     0.082       4.4    3.3   0.0   154   188   198   238   195   278 0.74 -
9390:13413-15017     -            535 7896at4891           -            419   8.4e-07   25.4   2.8   1   4   0.00059     0.032   10.3   0.1   313   386   218   290   177   311 0.80 -
9390:13413-15017     -            535 7896at4891           -            419   8.4e-07   25.4   2.8   2   4      0.12       6.6    2.7   0.0   362   419   322   386   289   386 0.75 -
9390:13413-15017     -            535 7896at4891           -            419   8.4e-07   25.4   2.8   3   4   0.00031     0.017   11.3   0.1   203   388   376   431   361   442 0.53 -
9390:13413-15017     -            535 7896at4891           -            419   8.4e-07   25.4   2.8   4   4       1.6        88   -1.0   0.0   322   348   449   475   437   482 0.84 -
9680:19363-20697     -            445 7896at4891           -            419   1.3e-06   24.8   2.5   1   3      0.56        30    0.5   0.0   200   217   148   165   139   177 0.79 -
9680:19363-20697     -            445 7896at4891           -            419   1.3e-06   24.8   2.5   2   3   6.9e-07   3.7e-05   20.0   0.1   155   256   178   291   174   301 0.81 -
9680:19363-20697     -            445 7896at4891           -            419   1.3e-06   24.8   2.5   3   3      0.97        52   -0.3   0.0   200   220   407   427   391   430 0.83 -
9346:13077-16673     -           1199 7896at4891           -            419   1.5e-06   24.6   1.8   1   5     0.013       0.7    5.9   0.0   317   419    13   122     4   122 0.74 -
9346:13077-16673     -           1199 7896at4891           -            419   1.5e-06   24.6   1.8   2   5   1.5e-05   0.00081   15.6   0.0   156   261    56   173    47   192 0.76 -
9346:13077-16673     -           1199 7896at4891           -            419   1.5e-06   24.6   1.8   3   5      0.12       6.2    2.8   0.0   153   253   253   281   186   290 0.51 -
9346:13077-16673     -           1199 7896at4891           -            419   1.5e-06   24.6   1.8   4   5      0.18       9.5    2.2   0.0   154   188   254   289   249   351 0.79 -
9346:13077-16673     -           1199 7896at4891           -            419   1.5e-06   24.6   1.8   5   5      0.32        17    1.3   0.2   291   377   467   550   418   576 0.64 -
9128:10043-12433     -            797 7896at4891           -            419   1.9e-06   24.2   1.4   1   1   2.4e-06   0.00013   18.2   1.4    41   220   527   728   520   736 0.79 -
9046:295-1389        -            365 7896at4891           -            419   2.1e-06   24.1   0.1   1   3     7e-05    0.0037   13.4   0.0   313   388    34   111    16   133 0.77 -
9046:295-1389        -            365 7896at4891           -            419   2.1e-06   24.1   0.1   2   3    0.0054      0.29    7.2   0.1   281   348   137   206   128   214 0.80 -
9046:295-1389        -            365 7896at4891           -            419   2.1e-06   24.1   0.1   3   3       1.4        75   -0.8   0.0   199   218   282   301   268   328 0.78 -
9456:1145-2410       -            422 7896at4891           -            419   2.5e-06   23.9   4.1   1   3   5.9e-06   0.00032   16.9   0.4   275   397    88   219    85   231 0.69 -
9456:1145-2410       -            422 7896at4891           -            419   2.5e-06   23.9   4.1   2   3      0.15         8    2.4   0.0    47    73   279   305   253   313 0.77 -
9456:1145-2410       -            422 7896at4891           -            419   2.5e-06   23.9   4.1   3   3       0.6        32    0.4   0.0   169   193   366   390   345   420 0.50 -
9568:5000-6565       -            522 7896at4891           -            419   4.7e-06   22.9   0.1   1   5      0.27        14    1.6   0.0    51    70   200   219   173   225 0.60 -
9568:5000-6565       -            522 7896at4891           -            419   4.7e-06   22.9   0.1   2   5       1.6        85   -1.0   0.0   262   282   254   274   247   298 0.73 -
9568:5000-6565       -            522 7896at4891           -            419   4.7e-06   22.9   0.1   3   5      0.68        36    0.2   0.0   200   221   348   369   337   393 0.81 -
9568:5000-6565       -            522 7896at4891           -            419   4.7e-06   22.9   0.1   4   5    0.0087      0.47    6.5   0.0   155   186   392   424   384   434 0.88 -
9568:5000-6565       -            522 7896at4891           -            419   4.7e-06   22.9   0.1   5   5    0.0052      0.28    7.2   0.0   307   350   476   519   453   521 0.85 -
9542:4562-5380       -            273 7896at4891           -            419   7.4e-06   22.3   0.4   1   3      0.05       2.7    4.0   0.0    51    69    70    88    53   109 0.74 -
9542:4562-5380       -            273 7896at4891           -            419   7.4e-06   22.3   0.4   2   3     0.024       1.3    5.0   0.0    47    69   162   184   139   194 0.80 -
9542:4562-5380       -            273 7896at4891           -            419   7.4e-06   22.3   0.4   3   3    0.0011     0.056    9.5   0.1    45    88   202   253   187   266 0.71 -
9330:5451-8486       -           1012 7896at4891           -            419   1.1e-05   21.7   7.5   1   5      0.34        18    1.2   0.0    51    73   150   172   138   176 0.79 -
9330:5451-8486       -           1012 7896at4891           -            419   1.1e-05   21.7   7.5   2   5   8.4e-05    0.0045   13.1   0.2   318   393   182   257   167   280 0.81 -
9330:5451-8486       -           1012 7896at4891           -            419   1.1e-05   21.7   7.5   3   5       2.9   1.6e+02   -1.8   0.0   200   374   679   727   671   750 0.45 -
9330:5451-8486       -           1012 7896at4891           -            419   1.1e-05   21.7   7.5   4   5    0.0072      0.38    6.8   0.0   198   254   779   844   770   859 0.74 -
9330:5451-8486       -           1012 7896at4891           -            419   1.1e-05   21.7   7.5   5   5      0.53        28    0.6   0.1   201   242   951   990   926  1002 0.83 -
9724:2093-15713      -            205 7896at4891           -            419   1.2e-05   21.6   0.7   1   3   7.1e-05    0.0038   13.3   0.1   266   387     2   120     1   136 0.68 -
9724:2093-15713      -            205 7896at4891           -            419   1.2e-05   21.6   0.7   2   3   9.6e-05    0.0051   12.9   0.0   169   253    67   158    59   164 0.78 -
9724:2093-15713      -            205 7896at4891           -            419   1.2e-05   21.6   0.7   3   3      0.05       2.7    4.0   0.1    38    67   172   200   154   202 0.70 -
9112:7248-8249       -            334 7896at4891           -            419   1.6e-05   21.2   2.7   1   3      0.07       3.7    3.5   0.0    49    67     7    25     1    31 0.60 -
9112:7248-8249       -            334 7896at4891           -            419   1.6e-05   21.2   2.7   2   3    0.0013     0.071    9.2   0.1   357   404   100   145    44   169 0.84 -
9112:7248-8249       -            334 7896at4891           -            419   1.6e-05   21.2   2.7   3   3    0.0053      0.29    7.2   0.1   289   382   225   323   156   333 0.78 -
9070:9188-10162      -            325 7896at4891           -            419   9.7e-05   18.6   0.9   1   2     0.056         3    3.8   0.0   155   204     4    54     2    63 0.86 -
9070:9188-10162      -            325 7896at4891           -            419   9.7e-05   18.6   0.9   2   2   0.00012    0.0066   12.6   0.1   312   388   239   318   220   325 0.56 -
9712:23882-24859     -            326 7896at4891           -            419   0.00017   17.8   0.2   1   4      0.03       1.6    4.7   0.0   157   226    28    98    23   119 0.81 -
9712:23882-24859     -            326 7896at4891           -            419   0.00017   17.8   0.2   2   4       1.3        70   -0.7   0.0   197   216   121   140    94   150 0.77 -
9712:23882-24859     -            326 7896at4891           -            419   0.00017   17.8   0.2   3   4    0.0054      0.29    7.2   0.0   315   345   198   228   189   234 0.84 -
9712:23882-24859     -            326 7896at4891           -            419   0.00017   17.8   0.2   4   4      0.59        32    0.4   0.0    49    68   257   277   247   285 0.66 -
9658:5110-5880       -            257 7896at4891           -            419   0.00019   17.7   0.2   1   3    0.0008     0.043    9.9   0.0   333   419    48   141    25   141 0.72 -
9658:5110-5880       -            257 7896at4891           -            419   0.00019   17.7   0.2   2   3    0.0049      0.26    7.3   0.1   265   348   129   213   109   243 0.72 -
9658:5110-5880       -            257 7896at4891           -            419   0.00019   17.7   0.2   3   3       1.6        88   -1.0   0.0    48    69   234   255   215   256 0.83 -
8856:366-1553        -            396 7896at4891           -            419   0.00027   17.1   0.1   1   3      0.34        18    1.2   0.0   188   217    13    45     6    63 0.74 -
8856:366-1553        -            396 7896at4891           -            419   0.00027   17.1   0.1   2   3    0.0024      0.13    8.3   0.0   153   189   233   273   226   285 0.83 -
8856:366-1553        -            396 7896at4891           -            419   0.00027   17.1   0.1   3   3     0.097       5.2    3.0   0.0    49    74   302   327   284   345 0.53 -
9396:13167-14828     -            554 7896at4891           -            419    0.0003   17.0   1.1   1   4         5   2.7e+02   -2.6   0.0   304   344    19    60     9    64 0.64 -
9396:13167-14828     -            554 7896at4891           -            419    0.0003   17.0   1.1   2   4     0.078       4.2    3.3   0.0   335   385   116   167    84   176 0.81 -
9396:13167-14828     -            554 7896at4891           -            419    0.0003   17.0   1.1   3   4       3.7     2e+02   -2.2   0.0   199   217   210   228   193   245 0.67 -
9396:13167-14828     -            554 7896at4891           -            419    0.0003   17.0   1.1   4   4   0.00052     0.028   10.5   0.0   312   356   341   385   326   392 0.84 -
9068:1225-2790       -            522 7896at4891           -            419   0.00039   16.6   0.2   1   2    0.0011     0.057    9.5   0.3   361   406   246   293   243   315 0.76 -
9068:1225-2790       -            522 7896at4891           -            419   0.00039   16.6   0.2   2   2     0.032       1.7    4.6   0.0   334   394   370   432   324   444 0.80 -
9694:17340-18719     -            460 7896at4891           -            419   0.00042   16.5   0.1   1   2   0.00097     0.052    9.6   0.0   313   386   143   216    24   227 0.73 -
9694:17340-18719     -            460 7896at4891           -            419   0.00042   16.5   0.1   2   2      0.53        29    0.6   0.0    74   111   372   407   347   414 0.79 -
9360:6122-9931       -           1270 7896at4891           -            419    0.0007   15.8   0.5   1   2   4.2e-05    0.0022   14.1   0.1   306   390    53   142    35   149 0.79 -
9360:6122-9931       -           1270 7896at4891           -            419    0.0007   15.8   0.5   2   2       3.6   1.9e+02   -2.1   0.0   335   403   233   260   173   296 0.51 -
9120:7323-8150       -            276 7896at4891           -            419     0.001   15.3   0.1   1   3      0.91        49   -0.2   0.0   328   387    83   142    61   164 0.62 -
9120:7323-8150       -            276 7896at4891           -            419     0.001   15.3   0.1   2   3       2.6   1.4e+02   -1.7   0.0   356   393   157   196   146   203 0.67 -
9120:7323-8150       -            276 7896at4891           -            419     0.001   15.3   0.1   3   3    0.0002     0.011   11.9   0.0   365   416   211   262   206   274 0.89 -
8974:7891-10245      -            785 7896at4891           -            419    0.0011   15.2  10.0   1   4     0.028       1.5    4.8   0.1    39    68    59    89    16   105 0.78 -
8974:7891-10245      -            785 7896at4891           -            419    0.0011   15.2  10.0   2   4       2.6   1.4e+02   -1.7   0.1   357   385   280   309   279   317 0.78 -
8974:7891-10245      -            785 7896at4891           -            419    0.0011   15.2  10.0   3   4      0.81        43   -0.0   0.2   334   380   359   408   342   420 0.72 -
8974:7891-10245      -            785 7896at4891           -            419    0.0011   15.2  10.0   4   4   0.00013    0.0071   12.5   0.1   154   235   607   709   598   745 0.60 -
8898:157-1449        -            431 7896at4891           -            419     0.002   14.3   0.3   1   3      0.12       6.4    2.7   0.0   321   387   115   185   104   206 0.65 -
8898:157-1449        -            431 7896at4891           -            419     0.002   14.3   0.3   2   3      0.23        12    1.8   0.0   198   231   218   251   198   265 0.70 -
8898:157-1449        -            431 7896at4891           -            419     0.002   14.3   0.3   3   3     0.013      0.69    5.9   0.0   312   350   308   346   292   393 0.82 -
9592:21328-23076     -            583 7896at4891           -            419    0.0023   14.1   0.0   1   3      0.52        28    0.6   0.0   359   389   238   269   202   289 0.80 -
9592:21328-23076     -            583 7896at4891           -            419    0.0023   14.1   0.0   2   3      0.44        23    0.9   0.0   320   349   459   490   445   518 0.78 -
9592:21328-23076     -            583 7896at4891           -            419    0.0023   14.1   0.0   3   3    0.0046      0.25    7.4   0.0    42   344   554   580   546   583 0.59 -
9728:19013-20692     -            560 7896at4891           -            419    0.0034   13.5   0.0   1   2         2   1.1e+02   -1.3   0.0   170   188    48    66    31    79 0.60 -
9728:19013-20692     -            560 7896at4891           -            419    0.0034   13.5   0.0   2   2   0.00031     0.017   11.2   0.0    54   103   161   216   120   236 0.82 -
7530:231-1394        -            388 7896at4891           -            419    0.0044   13.1   0.4   1   3     0.075         4    3.4   0.1   318   397    15    98     4   116 0.68 -
7530:231-1394        -            388 7896at4891           -            419    0.0044   13.1   0.4   2   3     0.027       1.4    4.9   0.0    31    70   139   180   129   209 0.81 -
7530:231-1394        -            388 7896at4891           -            419    0.0044   13.1   0.4   3   3       0.4        21    1.0   0.0   405   419   305   319   297   324 0.79 -
9452:18472-19953     -            494 7896at4891           -            419    0.0064   12.6   0.0   1   1   0.00035     0.019   11.1   0.0   153   182   374   403   367   412 0.88 -
9656:5267-6307       -            347 7896at4891           -            419    0.0086   12.2   3.7   1   4     0.032       1.7    4.6   0.1   200   226    23    49     4    52 0.83 -
9656:5267-6307       -            347 7896at4891           -            419    0.0086   12.2   3.7   2   4     0.017      0.91    5.5   0.9   203   380    26    80    21    90 0.51 -
9656:5267-6307       -            347 7896at4891           -            419    0.0086   12.2   3.7   3   4      0.17       8.9    2.2   0.0   350   388   204   247   151   260 0.74 -
9656:5267-6307       -            347 7896at4891           -            419    0.0086   12.2   3.7   4   4      0.47        25    0.8   0.0    50    65   316   331   293   344 0.52 -
9464:9138-11090      -            651 7896at4891           -            419     0.009   12.1   0.2   1   3      0.24        13    1.7   0.0    50    72    94   116    74   124 0.62 -
9464:9138-11090      -            651 7896at4891           -            419     0.009   12.1   0.2   2   3      0.01      0.55    6.2   0.1   202   257   157   214   140   236 0.62 -
9464:9138-11090      -            651 7896at4891           -            419     0.009   12.1   0.2   3   3     0.016      0.85    5.6   0.0    41   366   184   233   175   255 0.55 -
#
# Program:         hmmsearch
# Version:         3.1b2 (February 2015)
# Pipeline mode:   SEARCH
# Query file:      /home/jj/Desktop/Bioinformatics/3rd_year/1term/Computational_genomics/Seminars/exercise_04/busco_downloads/lineages/saccharomycetes_odb10/hmms/7896at4891.hmm
# Target file:     /home/jj/Desktop/Bioinformatics/3rd_year/1term/Computational_genomics/Seminars/exercise_04/./busco/SRR6130428/SRR6130428_k63_contigs/run_saccharomycetes_odb10/metaeuk_output/initial_results/SRR6130428_k63_graph.contig.fa.modified.fas
# Option settings: hmmsearch --domtblout /home/jj/Desktop/Bioinformatics/3rd_year/1term/Computational_genomics/Seminars/exercise_04/./busco/SRR6130428/SRR6130428_k63_contigs/run_saccharomycetes_odb10/hmmer_output/initial_run_results/7896at4891.out --cpu 1 /home/jj/Desktop/Bioinformatics/3rd_year/1term/Computational_genomics/Seminars/exercise_04/busco_downloads/lineages/saccharomycetes_odb10/hmms/7896at4891.hmm /home/jj/Desktop/Bioinformatics/3rd_year/1term/Computational_genomics/Seminars/exercise_04/./busco/SRR6130428/SRR6130428_k63_contigs/run_saccharomycetes_odb10/metaeuk_output/initial_results/SRR6130428_k63_graph.contig.fa.modified.fas 
# Current dir:     /home/jj/Desktop/Bioinformatics/3rd_year/1term/Computational_genomics/Seminars/exercise_04
# Date:            Tue Nov  5 18:39:23 2024
# [ok]
