#                                                                            --- full sequence --- -------------- this domain -------------   hmm coord   ali coord   env coord
# target name        accession   tlen query name           accession   qlen   E-value  score  bias   #  of  c-Evalue  i-Evalue  score  bias  from    to  from    to  from    to  acc description of target
#------------------- ---------- ----- -------------------- ---------- ----- --------- ------ ----- --- --- --------- --------- ------ ----- ----- ----- ----- ----- ----- ----- ---- ---------------------
8850:3013-4704       -            564 7925at4891           -            369    3e-188  622.5  16.0   1   2   5.5e-15   1.3e-13   47.8   2.6     2    39    86   123    85   137 0.89 -
8850:3013-4704       -            564 7925at4891           -            369    3e-188  622.5  16.0   2   2  5.6e-176  1.3e-174  577.6   5.6    29   363   149   541   142   545 0.91 -
9242:6452-8167       -            572 7925at4891           -            369  1.5e-187  620.2  14.7   1   2   9.3e-14   2.2e-12   43.8   1.1     2    39    94   131    93   142 0.91 -
9242:6452-8167       -            572 7925at4891           -            369  1.5e-187  620.2  14.7   2   2  2.1e-176    5e-175  579.0   6.5    28   363   156   549   148   553 0.91 -
9574:22194-23423     -            410 7925at4891           -            369   1.1e-73  245.4   3.2   1   2   4.6e-53   1.1e-51  173.1   0.7    35   195     4   170     1   189 0.89 -
9574:22194-23423     -            410 7925at4891           -            369   1.1e-73  245.4   3.2   2   2   2.2e-22   5.3e-21   72.2   0.1   197   335   213   369   194   391 0.73 -
9404:2234-3256       -            341 7925at4891           -            369   1.3e-59  199.2   0.8   1   1   8.3e-61     2e-59  198.6   0.8    34   317    19   313    10   341 0.82 -
9470:3000-4022       -            341 7925at4891           -            369   2.7e-59  198.1   0.1   1   1   1.4e-60   3.2e-59  197.9   0.1    36   321     4   304     1   326 0.82 -
9344:12609-14093     -            495 7925at4891           -            369   9.7e-58  193.0   0.3   1   2   1.5e-42   3.5e-41  138.5   0.0    45   195     2   160     1   176 0.89 -
9344:12609-14093     -            495 7925at4891           -            369   9.7e-58  193.0   0.3   2   2   1.9e-16   4.5e-15   52.6   0.1   219   335   358   495   349   495 0.77 -
9112:9860-10915      -            352 7925at4891           -            369   1.2e-52  176.2   1.8   1   2   1.4e-41   3.3e-40  135.3   0.1    45   189    18   168     9   176 0.88 -
9112:9860-10915      -            352 7925at4891           -            369   1.2e-52  176.2   1.8   2   2   2.1e-12   4.9e-11   39.3   0.2   211   360   171   339   167   346 0.67 -
7984:778-3069        -            764 7925at4891           -            369   3.8e-51  171.4   2.2   1   2   1.9e-40   4.4e-39  131.6   0.3    43   192   346   504   332   511 0.84 -
7984:778-3069        -            764 7925at4891           -            369   3.8e-51  171.4   2.2   2   2   2.9e-12   6.9e-11   38.9   0.1   214   350   507   660   501   686 0.64 -
9214:3531-4694       -            388 7925at4891           -            369   9.5e-51  170.0   1.8   1   2     7e-41   1.7e-39  133.0   0.2    41   191    57   214    50   222 0.88 -
9214:3531-4694       -            388 7925at4891           -            369   9.5e-51  170.0   1.8   2   2   5.2e-11   1.2e-09   34.7   0.2   211   360   215   383   212   388 0.63 -
8588:5598-6413       -            272 7925at4891           -            369   5.9e-50  167.4   2.5   1   2     8e-35   1.9e-33  113.1   0.2    43   188     6   157     1   162 0.93 -
8588:5598-6413       -            272 7925at4891           -            369   5.9e-50  167.4   2.5   2   2   4.6e-17   1.1e-15   54.7   0.2   217   275   164   222   160   255 0.85 -
8018:2579-3376       -            266 7925at4891           -            369   2.2e-49  165.5   1.8   1   2   1.4e-34   3.4e-33  112.3   0.2    46   188     4   152     1   158 0.94 -
8018:2579-3376       -            266 7925at4891           -            369   2.2e-49  165.5   1.8   2   2   1.4e-16   3.3e-15   53.1   0.1   217   302   159   239   154   253 0.84 -
8772:6932-7705       -            258 7925at4891           -            369   6.7e-48  160.6   3.1   1   2   2.6e-34   6.1e-33  111.4   0.4    47   189     3   151     1   157 0.94 -
8772:6932-7705       -            258 7925at4891           -            369   6.7e-48  160.6   3.1   2   2   9.3e-16   2.2e-14   50.4   0.2   217   278   157   218   151   247 0.85 -
9236:8838-9737       -            300 7925at4891           -            369   3.6e-45  151.7   7.3   1   3   1.3e-33   3.1e-32  109.1   1.0    41   189     2   158     1   165 0.89 -
9236:8838-9737       -            300 7925at4891           -            369   3.6e-45  151.7   7.3   2   3   4.1e-12   9.6e-11   38.4   0.0   218   271   168   221   158   226 0.90 -
9236:8838-9737       -            300 7925at4891           -            369   3.6e-45  151.7   7.3   3   3     0.013      0.31    7.1   0.2   305   335   270   300   262   300 0.88 -
9274:513-1736        -            408 7925at4891           -            369   6.3e-45  150.9   0.2   1   2   4.9e-05    0.0012   15.1   0.0    45    86     7    48     2    60 0.85 -
9274:513-1736        -            408 7925at4891           -            369   6.3e-45  150.9   0.2   2   2   6.1e-41   1.5e-39  133.2   0.0    91   303    80   285    75   314 0.83 -
9648:20903-21709     -            269 7925at4891           -            369   3.1e-43  145.3   0.8   1   1   2.7e-44   6.4e-43  144.3   0.8    47   279     4   237     1   267 0.86 -
9688:6201-6989       -            263 7925at4891           -            369   1.7e-42  142.9   0.2   1   1   1.3e-43   3.2e-42  142.0   0.2    48   276     1   228     1   253 0.86 -
9722:16235-17092     -            286 7925at4891           -            369   9.6e-41  137.1   0.0   1   1   4.4e-42     1e-40  137.0   0.0    52   275     5   236     1   285 0.82 -
9026:3240-4322       -            361 7925at4891           -            369     3e-39  132.2   1.4   1   2   8.7e-28   2.1e-26   89.9   0.9    44   188    98   248    83   257 0.87 -
9026:3240-4322       -            361 7925at4891           -            369     3e-39  132.2   1.4   2   2     6e-13   1.4e-11   41.1   0.0   219   275   259   315   248   348 0.83 -
9652:9845-11956      -            704 7925at4891           -            369   4.5e-35  118.4   0.0   1   2   1.1e-19   2.5e-18   63.4   0.1    42   189    75   227    69   232 0.90 -
9652:9845-11956      -            704 7925at4891           -            369   4.5e-35  118.4   0.0   2   2   1.2e-16   2.9e-15   53.3   0.0   212   355   231   377   227   385 0.84 -
9680:14913-17372     -            820 7925at4891           -            369   8.6e-32  107.7   0.0   1   1   6.4e-33   1.5e-31  106.8   0.0    46   299   194   446   188   463 0.82 -
9680:21437-22237     -            267 7925at4891           -            369   2.8e-30  102.7   0.3   1   2   7.6e-20   1.8e-18   63.8   0.1    47   198    16   166    10   168 0.84 -
9680:21437-22237     -            267 7925at4891           -            369   2.8e-30  102.7   0.3   2   2   3.7e-12   8.7e-11   38.5   0.0   214   303   162   248   156   266 0.83 -
9648:180-2069        -            630 7925at4891           -            369   7.3e-28   94.7   1.4   1   1   5.3e-26   1.3e-24   84.1   1.4    47   274    50   263    45   276 0.88 -
9558:17836-18582     -            249 7925at4891           -            369   7.2e-26   88.2   1.4   1   2     4e-20   9.5e-19   64.7   0.1    55   190     3   142     1   150 0.87 -
9558:17836-18582     -            249 7925at4891           -            369   7.2e-26   88.2   1.4   2   2   1.8e-07   4.3e-06   23.1   0.1   219   263   152   197   142   208 0.86 -
9442:11388-12206     -            273 7925at4891           -            369   8.8e-26   87.9   0.1   1   2   2.1e-19     5e-18   62.3   0.1    55   189     1   141     1   151 0.88 -
9442:11388-12206     -            273 7925at4891           -            369   8.8e-26   87.9   0.1   2   2     9e-08   2.1e-06   24.1   0.0   219   330   151   262   142   268 0.84 -
9370:13593-17402     -           1270 7925at4891           -            369   1.2e-25   87.5   1.3   1   1     5e-27   1.2e-25   87.5   0.1    54   264   985  1202   965  1212 0.86 -
9582:21971-22969     -            333 7925at4891           -            369   1.3e-25   87.3   0.0   1   2   2.4e-18   5.7e-17   58.9   0.0    55   195    14   168     7   174 0.80 -
9582:21971-22969     -            333 7925at4891           -            369   1.3e-25   87.3   0.0   2   2     1e-08   2.5e-07   27.2   0.0   220   307   173   260   163   293 0.84 -
9220:8467-9282       -            272 7925at4891           -            369   2.2e-25   86.6   0.2   1   2   3.4e-20   8.1e-19   65.0   0.1    52   192     6   157     1   163 0.82 -
9220:8467-9282       -            272 7925at4891           -            369   2.2e-25   86.6   0.2   2   2   1.5e-06   3.6e-05   20.1   0.0   220   266   164   210   156   224 0.88 -
9538:10065-10994     -            310 7925at4891           -            369   8.4e-25   84.6   1.8   1   2   2.6e-17   6.2e-16   55.5   1.4    48   188     3   175     1   177 0.70 -
9538:10065-10994     -            310 7925at4891           -            369   8.4e-25   84.6   1.8   2   2     3e-07   7.2e-06   22.3   0.0   208   277   175   245   174   280 0.78 -
9332:9525-11471      -            649 7925at4891           -            369     1e-24   84.4   0.8   1   3       5.7   1.4e+02   -1.6   0.1   238   327   154   247   135   264 0.61 -
9332:9525-11471      -            649 7925at4891           -            369     1e-24   84.4   0.8   2   3   1.7e-14     4e-13   46.2   0.1    49   188   355   524   349   527 0.72 -
9332:9525-11471      -            649 7925at4891           -            369     1e-24   84.4   0.8   3   3   4.4e-11     1e-09   35.0   0.0   209   283   526   601   524   634 0.80 -
9138:9482-10486      -            335 7925at4891           -            369   1.3e-24   84.1   0.0   1   1   1.6e-25   3.7e-24   82.5   0.0    46   270    38   277    17   317 0.80 -
8792:3540-5258       -            573 7925at4891           -            369   1.9e-24   83.5   0.1   1   1   1.3e-23   3.1e-22   76.2   0.1    50   263   303   499   297   523 0.85 -
9144:11649-12578     -            310 7925at4891           -            369   5.9e-24   81.9   0.6   1   2   2.9e-07   6.9e-06   22.4   0.0    48    88     3    46     1    64 0.81 -
9144:11649-12578     -            310 7925at4891           -            369   5.9e-24   81.9   0.6   2   2   6.6e-15   1.6e-13   47.6   0.2   110   312    92   276    56   281 0.80 -
9352:14667-17009     -            781 7925at4891           -            369   9.2e-24   81.2   0.1   1   1   2.2e-22   5.3e-21   72.1   0.1    46   263   483   711   467   741 0.74 -
9284:13564-14592     -            343 7925at4891           -            369   1.1e-23   81.0   0.0   1   2   9.4e-17   2.2e-15   53.6   0.0    55   190    39   194    30   203 0.77 -
9284:13564-14592     -            343 7925at4891           -            369   1.1e-23   81.0   0.0   2   2   5.5e-08   1.3e-06   24.8   0.0   219   305   203   290   194   300 0.85 -
9270:2604-3470       -            289 7925at4891           -            369   1.1e-23   80.9   0.1   1   2   2.2e-19   5.3e-18   62.3   0.1    49   192    13   167     5   173 0.81 -
9270:2604-3470       -            289 7925at4891           -            369   1.1e-23   80.9   0.1   2   2   1.2e-05   0.00028   17.1   0.0   221   266   175   220   168   269 0.84 -
9206:2109-6836       -           1576 7925at4891           -            369     2e-23   80.1   0.0   1   1   1.7e-24   3.9e-23   79.2   0.0    55   264  1272  1504  1257  1545 0.79 -
9650:24829-29790     -           1654 7925at4891           -            369   2.8e-23   79.6   0.1   1   3      0.13       3.2    3.8   0.0   137   174   359   396   340   470 0.86 -
9650:24829-29790     -           1654 7925at4891           -            369   2.8e-23   79.6   0.1   2   3   0.00072     0.017   11.3   0.0    46   120   591   662   575   668 0.84 -
9650:24829-29790     -           1654 7925at4891           -            369   2.8e-23   79.6   0.1   3   3   8.4e-19     2e-17   60.4   0.0   102   258   760   918   747   940 0.78 -
8710:5595-6479       -            295 7925at4891           -            369   2.8e-23   79.6   0.2   1   1   2.3e-24   5.4e-23   78.7   0.2    50   267     2   243     1   280 0.73 -
9576:4640-5464       -            275 7925at4891           -            369   6.8e-23   78.4   0.4   1   2   2.7e-16   6.4e-15   52.1   0.1    54   189    16   161     7   169 0.83 -
9576:4640-5464       -            275 7925at4891           -            369   6.8e-23   78.4   0.4   2   2   3.6e-08   8.6e-07   25.4   0.0   210   266   163   219   159   230 0.89 -
8460:1970-2827       -            286 7925at4891           -            369     9e-23   78.0   0.1   1   2   2.9e-18   6.8e-17   58.6   0.0    48   188     2   143     1   146 0.86 -
8460:1970-2827       -            286 7925at4891           -            369     9e-23   78.0   0.1   2   2     1e-05   0.00025   17.3   0.0   233   265   169   202   156   212 0.82 -
9714:25935-26888     -            318 7925at4891           -            369   1.3e-22   77.5   0.1   1   1   2.3e-22   5.6e-21   72.1   0.1    45   261     8   220     4   231 0.79 -
9082:7406-8569       -            388 7925at4891           -            369   2.7e-22   76.4   0.1   1   3     0.018      0.43    6.6   0.0    54    84     9    39     4    50 0.87 -
9082:7406-8569       -            388 7925at4891           -            369   2.7e-22   76.4   0.1   2   3   2.2e-15   5.2e-14   49.1   0.0    88   193    77   190    55   196 0.76 -
9082:7406-8569       -            388 7925at4891           -            369   2.7e-22   76.4   0.1   3   3   9.5e-06   0.00023   17.4   0.0   220   276   197   254   190   297 0.73 -
8274:2342-3058       -            239 7925at4891           -            369   5.4e-22   75.4   1.0   1   2   4.2e-19     1e-17   61.4   0.4    55   189     3   141     1   148 0.90 -
8274:2342-3058       -            239 7925at4891           -            369   5.4e-22   75.4   1.0   2   2   0.00023    0.0053   12.9   0.0   219   272   149   202   143   210 0.89 -
8384:242-1183        -            314 7925at4891           -            369   1.2e-21   74.3   0.1   1   1     2e-22   4.7e-21   72.3   0.1    47   264     6   222     2   228 0.83 -
8586:248-1081        -            278 7925at4891           -            369   1.3e-21   74.1   0.8   1   2   1.7e-16   4.1e-15   52.8   0.4    53   192    20   169     9   174 0.82 -
8586:248-1081        -            278 7925at4891           -            369   1.3e-21   74.1   0.8   2   2   7.2e-07   1.7e-05   21.1   0.0   210   271   168   229   165   267 0.79 -
9270:5360-6181       -            274 7925at4891           -            369   1.5e-21   74.0   1.2   1   2   5.4e-16   1.3e-14   51.1   0.4    54   188     6   152     1   161 0.80 -
9270:5360-6181       -            274 7925at4891           -            369   1.5e-21   74.0   1.2   2   2   2.1e-07   4.9e-06   22.9   0.0   208   278   153   225   151   263 0.80 -
9168:5060-6598       -            513 7925at4891           -            369   4.1e-21   72.5   0.0   1   1   2.5e-22     6e-21   72.0   0.0    49   263   200   424   181   489 0.79 -
9696:23411-25501     -            697 7925at4891           -            369   1.2e-20   71.0   0.1   1   2      0.12       2.8    4.0   0.0    55    81   401   427   393   438 0.90 -
9696:23411-25501     -            697 7925at4891           -            369   1.2e-20   71.0   0.1   2   2   5.9e-19   1.4e-17   60.9   0.0    85   265   473   642   458   651 0.85 -
9516:8073-8876       -            268 7925at4891           -            369   5.3e-20   68.9   4.3   1   2   6.1e-18   1.4e-16   57.6   1.7    41   189     3   167     1   174 0.74 -
9516:8073-8876       -            268 7925at4891           -            369   5.3e-20   68.9   4.3   2   2   0.00039    0.0093   12.1   0.0   220   260   177   218   172   265 0.78 -
9138:5514-8171       -            886 7925at4891           -            369   6.7e-20   68.5   0.0   1   2   4.7e-05    0.0011   15.2   0.1    53   139    19   107     6   112 0.84 -
9138:5514-8171       -            886 7925at4891           -            369   6.7e-20   68.5   0.0   2   2   7.8e-16   1.9e-14   50.6   0.0   145   313   142   311   132   329 0.82 -
8804:3362-4279       -            306 7925at4891           -            369   9.8e-20   68.0   1.0   1   2   1.8e-12   4.2e-11   39.6   0.3    49   189     4   156     1   158 0.80 -
8804:3362-4279       -            306 7925at4891           -            369   9.8e-20   68.0   1.0   2   2   5.7e-09   1.3e-07   28.0   0.0   212   275   157   217   154   260 0.84 -
9022:9769-10653      -            295 7925at4891           -            369     1e-19   67.9   0.7   1   2   4.7e-14   1.1e-12   44.8   0.3    49   189     3   152     1   163 0.83 -
9022:9769-10653      -            295 7925at4891           -            369     1e-19   67.9   0.7   2   2   4.7e-07   1.1e-05   21.7   0.0   223   268   167   213   157   227 0.84 -
9388:2420-3211       -            264 7925at4891           -            369   1.7e-19   67.2   2.0   1   2   3.1e-17   7.5e-16   55.2   0.7    46   189     2   162     1   171 0.73 -
9388:2420-3211       -            264 7925at4891           -            369   1.7e-19   67.2   2.0   2   2   0.00065     0.015   11.4   0.0   220   261   172   214   165   228 0.89 -
9666:20504-21955     -            484 7925at4891           -            369   4.8e-19   65.7   2.4   1   2   1.9e-17   4.5e-16   55.9   0.6    51   191   170   316   149   329 0.77 -
9666:20504-21955     -            484 7925at4891           -            369   4.8e-19   65.7   2.4   2   2    0.0023     0.054    9.6   0.1   232   270   338   376   316   416 0.87 -
8554:159-1031        -            291 7925at4891           -            369   6.8e-19   65.2   0.1   1   2   5.9e-14   1.4e-12   44.4   0.0    52   189     4   152     1   160 0.78 -
8554:159-1031        -            291 7925at4891           -            369   6.8e-19   65.2   0.1   2   2   3.5e-06   8.3e-05   18.9   0.0   226   265   170   210   158   229 0.81 -
9724:42501-46928     -           1476 7925at4891           -            369   9.3e-19   64.8   0.5   1   1   4.7e-18   1.1e-16   57.9   0.5    41   262  1165  1382  1153  1403 0.77 -
7804:258-1562        -            435 7925at4891           -            369   1.1e-18   64.5   0.1   1   2   3.1e-14   7.2e-13   45.4   0.0    50   188    24   166    17   174 0.89 -
7804:258-1562        -            435 7925at4891           -            369   1.1e-18   64.5   0.1   2   2   9.7e-06   0.00023   17.4   0.0   218   270   174   227   167   272 0.78 -
9548:337-1380        -            348 7925at4891           -            369   2.1e-18   63.6   0.3   1   1   2.7e-18   6.4e-17   58.7   0.3    47   266    11   229     7   258 0.75 -
8450:345-1649        -            435 7925at4891           -            369   3.9e-18   62.7   1.0   1   3   2.6e-09   6.2e-08   29.1   0.1    42   151    18   129     5   145 0.89 -
8450:345-1649        -            435 7925at4891           -            369   3.9e-18   62.7   1.0   2   3       1.9        45   -0.0   0.0   162   174   170   182   166   195 0.84 -
8450:345-1649        -            435 7925at4891           -            369   3.9e-18   62.7   1.0   3   3   1.3e-09     3e-08   30.2   0.0   218   274   246   302   220   341 0.87 -
9526:4843-6750       -            636 7925at4891           -            369   5.8e-18   62.1   0.0   1   2   1.3e-16     3e-15   53.2   0.0    47   193   326   481   319   486 0.82 -
9526:4843-6750       -            636 7925at4891           -            369   5.8e-18   62.1   0.0   2   2     0.018      0.44    6.6   0.0   221   272   488   544   484   550 0.75 -
9220:10894-11814     -            307 7925at4891           -            369   7.4e-18   61.8   0.9   1   2   2.6e-14   6.1e-13   45.6   0.3    73   194    46   174     2   180 0.79 -
9220:10894-11814     -            307 7925at4891           -            369   7.4e-18   61.8   0.9   2   2   2.3e-05   0.00056   16.1   0.0   215   264   176   227   168   288 0.79 -
9556:876-1871        -            332 7925at4891           -            369   8.3e-18   61.6   3.8   1   1   9.3e-17   2.2e-15   53.7   3.8   109   279   100   289     5   316 0.67 -
9494:7698-8528       -            277 7925at4891           -            369   1.2e-17   61.2   1.3   1   2   1.5e-13   3.5e-12   43.1   0.4    55   188     1   143     1   151 0.73 -
9494:7698-8528       -            277 7925at4891           -            369   1.2e-17   61.2   1.3   2   2   1.1e-05   0.00027   17.2   0.0   219   265   154   201   145   223 0.84 -
8492:4616-5878       -            421 7925at4891           -            369   4.2e-17   59.3   0.1   1   1   7.9e-18   1.9e-16   57.2   0.1    54   302   118   378   105   399 0.73 -
8666:1918-2913       -            332 7925at4891           -            369   6.2e-17   58.8   2.0   1   1   1.8e-17   4.3e-16   56.0   2.0    48   264     3   254     1   285 0.70 -
9288:1887-2741       -            285 7925at4891           -            369   1.7e-16   57.3   0.1   1   2     2e-13   4.7e-12   42.7   0.1    55   188    15   159    12   163 0.81 -
9288:1887-2741       -            285 7925at4891           -            369   1.7e-16   57.3   0.1   2   2   0.00025     0.006   12.7   0.0   217   259   173   216   166   263 0.83 -
8068:741-1847        -            369 7925at4891           -            369   1.8e-16   57.3   0.5   1   1   7.9e-17   1.9e-15   53.9   0.5    48   265    17   236     8   275 0.75 -
9674:28087-29058     -            324 7925at4891           -            369   1.9e-16   57.1   0.0   1   2   9.9e-11   2.3e-09   33.8   0.0    55   188     5   151     2   157 0.72 -
9674:28087-29058     -            324 7925at4891           -            369   1.9e-16   57.1   0.0   2   2   4.6e-07   1.1e-05   21.8   0.0   213   290   156   232   151   262 0.81 -
7822:341-1144        -            268 7925at4891           -            369     3e-16   56.5   0.7   1   1   1.3e-16   3.2e-15   53.1   0.7    56   188     2   150     1   231 0.79 -
9508:1626-2423       -            266 7925at4891           -            369   3.4e-16   56.3   1.5   1   2   1.8e-13   4.2e-12   42.9   0.2   123   189    44   113    24   128 0.85 -
9508:1626-2423       -            266 7925at4891           -            369   3.4e-16   56.3   1.5   2   2   0.00024    0.0058   12.8   0.1   232   265   137   171   121   185 0.81 -
9288:6241-7161       -            307 7925at4891           -            369   5.4e-16   55.7   0.9   1   1     7e-16   1.7e-14   50.8   1.0    50   262     2   217     1   229 0.76 -
9568:2563-4101       -            513 7925at4891           -            369   9.5e-16   54.9   0.1   1   2   6.1e-10   1.5e-08   31.2   0.1    47   189   189   354   183   361 0.67 -
9568:2563-4101       -            513 7925at4891           -            369   9.5e-16   54.9   0.1   2   2   1.1e-06   2.5e-05   20.6   0.0   220   315   364   463   355   479 0.73 -
9700:35509-36408     -            300 7925at4891           -            369   3.1e-15   53.2   0.1   1   2   2.9e-13   6.9e-12   42.2   0.0    54   189     6   146     1   157 0.86 -
9700:35509-36408     -            300 7925at4891           -            369   3.1e-15   53.2   0.1   2   2    0.0037     0.089    8.9   0.0   219   264   157   203   149   215 0.78 -
9468:11302-12276     -            325 7925at4891           -            369   3.6e-15   53.0   0.6   1   1   2.7e-15   6.3e-14   48.9   0.6    49   266     5   223     3   252 0.70 -
9316:14764-15318     -            185 7925at4891           -            369   4.5e-15   52.7   0.1   1   1   1.7e-14   4.1e-13   46.2   0.1    95   199    23   133     4   185 0.69 -
9140:10766-11608     -            281 7925at4891           -            369     2e-14   50.5   0.8   1   2   1.2e-10   2.9e-09   33.5   0.1    55   188     1   143     1   149 0.75 -
9140:10766-11608     -            281 7925at4891           -            369     2e-14   50.5   0.8   2   2   2.9e-05   0.00068   15.8   0.0   218   265   153   201   144   210 0.85 -
9578:6054-6923       -            290 7925at4891           -            369   2.3e-14   50.3   0.0   1   2   4.4e-08     1e-06   25.1   0.0   138   188    99   150    27   157 0.78 -
9578:6054-6923       -            290 7925at4891           -            369   2.3e-14   50.3   0.0   2   2   1.5e-07   3.6e-06   23.4   0.0   220   272   162   215   150   230 0.82 -
9396:10785-11381     -            199 7925at4891           -            369   2.9e-14   50.0   0.3   1   1   7.7e-14   1.8e-12   44.1   0.3    56   189     2   141     1   197 0.79 -
9000:1272-2168       -            299 7925at4891           -            369   5.4e-14   49.1   2.0   1   1   1.9e-13   4.5e-12   42.8   2.0    45   258     3   206     1   219 0.81 -
8798:2318-3331       -            338 7925at4891           -            369   2.4e-13   46.9   0.2   1   2       3.1        74   -0.7   0.0    49    85    11    47     3    66 0.77 -
8798:2318-3331       -            338 7925at4891           -            369   2.4e-13   46.9   0.2   2   2   4.5e-14   1.1e-12   44.8   0.0   141   272   157   289   146   315 0.83 -
9280:3099-4592       -            498 7925at4891           -            369   4.6e-13   46.0   0.0   1   2   4.1e-13   9.6e-12   41.7   0.0    47   197    23   187    17   205 0.82 -
9280:3099-4592       -            498 7925at4891           -            369   4.6e-13   46.0   0.0   2   2      0.48        11    2.0   0.0   222   256   272   307   259   333 0.72 -
9660:6627-7220       -            198 7925at4891           -            369   6.2e-13   45.6   0.2   1   2   3.4e-10   8.1e-09   32.1   0.0   114   188    67   146    11   149 0.80 -
9660:6627-7220       -            198 7925at4891           -            369   6.2e-13   45.6   0.2   2   2   0.00043      0.01   12.0   0.1   218   249   161   194   154   198 0.85 -
9376:4767-5852       -            362 7925at4891           -            369     1e-12   44.9   0.1   1   1     3e-12   7.1e-11   38.8   0.1    47   267     9   228     6   271 0.62 -
8764:438-2084        -            549 7925at4891           -            369     1e-12   44.9   0.2   1   2    0.0085       0.2    7.7   0.1    36    69    61    95    52   102 0.85 -
8764:438-2084        -            549 7925at4891           -            369     1e-12   44.9   0.2   2   2   1.9e-09   4.5e-08   29.6   0.0   142   265   262   370   216   398 0.77 -
9724:16735-17796     -            354 7925at4891           -            369   1.1e-12   44.8   1.2   1   2         4        96   -1.1   0.0    49    68     5    24     2    27 0.88 -
9724:16735-17796     -            354 7925at4891           -            369   1.1e-12   44.8   1.2   2   2   1.7e-13   4.1e-12   42.9   0.8    70   277    56   270    47   280 0.79 -
9342:14110-15051     -            314 7925at4891           -            369   1.8e-12   44.1   3.5   1   2   8.1e-10   1.9e-08   30.8   2.4    55   188     7   158     4   161 0.56 -
9342:14110-15051     -            314 7925at4891           -            369   1.8e-12   44.1   3.5   2   2    0.0016     0.039   10.1   0.0   218   255   181   219   176   234 0.78 -
9050:611-1576        -            322 7925at4891           -            369   4.2e-12   42.9   4.0   1   3     0.022      0.53    6.4   0.1    48    87     4    43     1    74 0.83 -
9050:611-1576        -            322 7925at4891           -            369   4.2e-12   42.9   4.0   2   3   6.6e-10   1.6e-08   31.1   0.2   108   190   114   202   103   207 0.77 -
9050:611-1576        -            322 7925at4891           -            369   4.2e-12   42.9   4.0   3   3     0.051       1.2    5.2   0.0   242   301   249   307   244   320 0.75 -
9598:11083-11721     -            213 7925at4891           -            369   4.8e-12   42.7   0.1   1   2   1.6e-11   3.8e-10   36.4   0.0    56   189     4   151     1   160 0.76 -
9598:11083-11721     -            213 7925at4891           -            369   4.8e-12   42.7   0.1   2   2      0.16       3.7    3.6   0.0   238   254   195   211   181   213 0.84 -
9708:2183-3157       -            325 7925at4891           -            369   8.4e-12   41.9   1.3   1   1   2.9e-11   6.8e-10   35.6   0.4   111   278   111   274   101   291 0.71 -
7674:805-1767        -            321 7925at4891           -            369   1.2e-11   41.3   2.7   1   1   5.4e-10   1.3e-08   31.4   2.7   106   282    82   282     3   315 0.65 -
9572:16580-17233     -            218 7925at4891           -            369   1.6e-11   41.0   2.0   1   2   4.6e-09   1.1e-07   28.3   0.4    55   189     1   153     1   160 0.75 -
9572:16580-17233     -            218 7925at4891           -            369   1.6e-11   41.0   2.0   2   2   0.00033    0.0078   12.4   0.0   218   254   162   198   157   211 0.86 -
9500:730-1611        -            294 7925at4891           -            369   3.7e-11   39.8   0.0   1   1   2.3e-12   5.4e-11   39.2   0.0    47   260    11   237     4   243 0.67 -
9018:8533-10704      -            724 7925at4891           -            369   1.7e-10   37.6   0.0   1   1   1.2e-11   2.9e-10   36.8   0.0    55   259   311   535   303   554 0.65 -
9022:791-1471        -            227 7925at4891           -            369   2.6e-10   37.0   0.4   1   1   6.2e-11   1.5e-09   34.5   0.4    88   296     5   216     1   224 0.72 -
7948:472-1854        -            461 7925at4891           -            369   7.7e-10   35.4   0.1   1   1   6.8e-11   1.6e-09   34.4   0.1   123   325   249   455   176   459 0.80 -
8626:1051-1599       -            183 7925at4891           -            369   1.7e-09   34.3   0.0   1   1   3.5e-10   8.3e-09   32.0   0.0   148   188    30    70    15   173 0.89 -
8194:3006-3602       -            199 7925at4891           -            369   2.8e-09   33.6   0.0   1   1   1.4e-10   3.3e-09   33.3   0.0   121   263     1   145     1   181 0.75 -
8416:2551-3603       -            351 7925at4891           -            369   3.6e-09   33.2   0.1   1   1   7.4e-10   1.7e-08   31.0   0.1   152   188   116   152     3   249 0.88 -
8386:2346-3074       -            243 7925at4891           -            369   1.8e-08   30.9   0.3   1   2       3.4        81   -0.8   0.0   111   139     8    36     3    42 0.75 -
8386:2346-3074       -            243 7925at4891           -            369   1.8e-08   30.9   0.3   2   2     2e-08   4.7e-07   26.3   0.2   143   189    67   113    63   174 0.93 -
9336:5762-6706       -            315 7925at4891           -            369   1.3e-07   28.1   0.7   1   1   1.9e-08   4.6e-07   26.3   0.7   148   261   160   268    29   277 0.67 -
8766:2416-3300       -            295 7925at4891           -            369     2e-07   27.5   0.0   1   1   1.2e-08   2.9e-07   26.9   0.0   153   264   141   245   135   282 0.83 -
7548:67-747          -            227 7925at4891           -            369   2.4e-07   27.2   0.1   1   2       3.7        87   -0.9   0.0    48    79     2    33     1    38 0.82 -
7548:67-747          -            227 7925at4891           -            369   2.4e-07   27.2   0.1   2   2   2.9e-08   6.8e-07   25.7   0.0   148   188   104   147    84   217 0.89 -
9250:1334-1957       -            208 7925at4891           -            369     2e-06   24.2   0.0   1   1   2.8e-07   6.7e-06   22.5   0.0   149   189   103   148    93   208 0.65 -
8836:7701-8510       -            270 7925at4891           -            369   5.5e-06   22.7   0.0   1   1   5.9e-07   1.4e-05   21.4   0.0   147   267   118   247   108   267 0.68 -
9574:11971-12594     -            208 7925at4891           -            369   7.8e-06   22.2   0.0   1   1   7.1e-07   1.7e-05   21.1   0.0   149   189   103   148    93   208 0.78 -
8796:1455-1940       -            162 7925at4891           -            369   2.3e-05   20.7   0.1   1   1   1.2e-06   2.9e-05   20.4   0.1    48   174    17   162    10   162 0.69 -
9502:2145-3251       -            369 7925at4891           -            369   9.2e-05   18.7   0.1   1   1   1.6e-05   0.00037   16.7   0.1   138   210   130   209   120   244 0.66 -
9418:1089-4097       -           1003 7925at4891           -            369   0.00012   18.4   0.1   1   1   1.8e-05   0.00043   16.5   0.1    51   174   694   828   653   833 0.62 -
9316:2356-5388       -           1011 7925at4891           -            369   0.00067   15.9   0.0   1   2   0.00025     0.006   12.7   0.0   150   177   680   707   601   718 0.90 -
9316:2356-5388       -           1011 7925at4891           -            369   0.00067   15.9   0.0   2   2       1.5        36    0.3   0.0   235   266   794   826   770   864 0.81 -
9390:2655-7010       -           1452 7925at4891           -            369   0.00079   15.6   0.0   1   1   9.6e-05    0.0023   14.1   0.0   144   186   125   167   115   173 0.90 -
9708:4262-6904       -            881 7925at4891           -            369   0.00079   15.6   0.1   1   2    0.0037     0.087    8.9   0.0   142   189   522   574   429   583 0.73 -
9708:4262-6904       -            881 7925at4891           -            369   0.00079   15.6   0.1   2   2      0.11       2.7    4.0   0.0   242   262   794   814   790   822 0.90 -
9532:12469-14466     -            666 7925at4891           -            369     0.004   13.3   0.2   1   2   0.00077     0.018   11.2   0.0   148   174   332   358   321   362 0.84 -
9532:12469-14466     -            666 7925at4891           -            369     0.004   13.3   0.2   2   2       4.9   1.2e+02   -1.4   0.1   235   261   437   463   434   471 0.87 -
8796:234-743         -            170 7925at4891           -            369    0.0087   12.2   0.0   1   1   0.00048     0.011   11.8   0.0   201   258     6    63     3    87 0.78 -
#
# Program:         hmmsearch
# Version:         3.1b2 (February 2015)
# Pipeline mode:   SEARCH
# Query file:      /home/jj/Desktop/Bioinformatics/3rd_year/1term/Computational_genomics/Seminars/exercise_04/busco_downloads/lineages/saccharomycetes_odb10/hmms/7925at4891.hmm
# Target file:     /home/jj/Desktop/Bioinformatics/3rd_year/1term/Computational_genomics/Seminars/exercise_04/./busco/SRR6130428/SRR6130428_k63_contigs/run_saccharomycetes_odb10/metaeuk_output/initial_results/SRR6130428_k63_graph.contig.fa.modified.fas
# Option settings: hmmsearch --domtblout /home/jj/Desktop/Bioinformatics/3rd_year/1term/Computational_genomics/Seminars/exercise_04/./busco/SRR6130428/SRR6130428_k63_contigs/run_saccharomycetes_odb10/hmmer_output/initial_run_results/7925at4891.out --cpu 1 /home/jj/Desktop/Bioinformatics/3rd_year/1term/Computational_genomics/Seminars/exercise_04/busco_downloads/lineages/saccharomycetes_odb10/hmms/7925at4891.hmm /home/jj/Desktop/Bioinformatics/3rd_year/1term/Computational_genomics/Seminars/exercise_04/./busco/SRR6130428/SRR6130428_k63_contigs/run_saccharomycetes_odb10/metaeuk_output/initial_results/SRR6130428_k63_graph.contig.fa.modified.fas 
# Current dir:     /home/jj/Desktop/Bioinformatics/3rd_year/1term/Computational_genomics/Seminars/exercise_04
# Date:            Tue Nov  5 18:39:23 2024
# [ok]
