#                                                                            --- full sequence --- -------------- this domain -------------   hmm coord   ali coord   env coord
# target name        accession   tlen query name           accession   qlen   E-value  score  bias   #  of  c-Evalue  i-Evalue  score  bias  from    to  from    to  from    to  acc description of target
#------------------- ---------- ----- -------------------- ---------- ----- --------- ------ ----- --- --- --------- --------- ------ ----- ----- ----- ----- ----- ----- ----- ---- ---------------------
8766:291-1703        -            471 8044at4891           -            390  7.4e-228  753.4   6.7   1   1  5.6e-230  8.8e-228  753.2   6.7     1   390    17   438    17   438 0.96 -
9604:23026-24414     -            463 8044at4891           -            390   3.5e-99  329.8   1.6   1   1  2.9e-101   4.5e-99  329.4   1.6     4   389    24   453    21   454 0.85 -
9452:13582-16065     -            828 8044at4891           -            390   9.7e-07   25.5   0.0   1   2   2.2e-06   0.00035   17.1   0.0    42    74   239   271   200   289 0.81 -
9452:13582-16065     -            828 8044at4891           -            390   9.7e-07   25.5   0.0   2   2     0.006      0.95    5.8   0.0    44    94   569   621   559   628 0.82 -
9726:26191-28521     -            777 8044at4891           -            390   1.7e-06   24.7   0.0   1   2   0.00065       0.1    8.9   0.0    43    92   280   331   275   376 0.88 -
9726:26191-28521     -            777 8044at4891           -            390   1.7e-06   24.7   0.0   2   2   3.5e-05    0.0056   13.1   0.0    41    95   549   605   543   610 0.88 -
9700:3872-6376       -            835 8044at4891           -            390   2.2e-06   24.3   0.2   1   3       1.3     2e+02   -1.9   0.0   215   239    50    74    41    87 0.84 -
9700:3872-6376       -            835 8044at4891           -            390   2.2e-06   24.3   0.2   2   3   0.00011     0.018   11.4   0.0    43    92   249   300   239   321 0.84 -
9700:3872-6376       -            835 8044at4891           -            390   2.2e-06   24.3   0.2   3   3   0.00045     0.071    9.5   0.0    43    87   522   567   517   579 0.82 -
8480:3440-5710       -            757 8044at4891           -            390   0.00011   18.7   0.0   1   2   0.00083      0.13    8.6   0.0    43    92   275   327   253   343 0.78 -
8480:3440-5710       -            757 8044at4891           -            390   0.00011   18.7   0.0   2   2    0.0016      0.25    7.6   0.0    44    73   559   588   543   615 0.81 -
9530:9826-10800      -            325 8044at4891           -            390   0.00028   17.4   1.6   1   2   6.2e-06   0.00097   15.6   0.2    43    91    77   126    70   134 0.86 -
9530:9826-10800      -            325 8044at4891           -            390   0.00028   17.4   1.6   2   2      0.45        70   -0.4   0.0   131   170   264   303   245   317 0.72 -
8860:1898-4609       -            904 8044at4891           -            390    0.0006   16.3   0.7   1   3   0.00043     0.068    9.5   0.0    39    84   203   250   186   259 0.81 -
8860:1898-4609       -            904 8044at4891           -            390    0.0006   16.3   0.7   2   3      0.13        20    1.4   0.2   255   270   277   289   265   293 0.78 -
8860:1898-4609       -            904 8044at4891           -            390    0.0006   16.3   0.7   3   3       0.2        32    0.7   0.0    15    64   576   629   570   649 0.79 -
9318:2674-3339       -            222 8044at4891           -            390   0.00078   15.9   0.1   1   2   1.5e-05    0.0024   14.3   0.1    28   103    26   101    13   116 0.73 -
9318:2674-3339       -            222 8044at4891           -            390   0.00078   15.9   0.1   2   2       0.4        62   -0.2   0.0   259   270   108   119    94   132 0.79 -
7960:171-1106        -            312 8044at4891           -            390    0.0014   15.1   1.2   1   3   2.7e-05    0.0042   13.5   0.2    43    92    55   105    50   117 0.87 -
7960:171-1106        -            312 8044at4891           -            390    0.0014   15.1   1.2   2   3      0.98   1.5e+02   -1.5   0.0   314   338   112   136   107   152 0.80 -
7960:171-1106        -            312 8044at4891           -            390    0.0014   15.1   1.2   3   3       1.8   2.9e+02   -2.4   0.0   121   154   239   274   232   284 0.72 -
9460:15656-16984     -            443 8044at4891           -            390    0.0015   15.0   0.0   1   1   1.9e-05     0.003   14.0   0.0    42    78    37    74    30   108 0.86 -
8672:233-1792        -            520 8044at4891           -            390     0.002   14.6   0.1   1   1   2.3e-05    0.0036   13.7   0.1    42    78   107   144    99   179 0.85 -
8694:2670-4910       -            747 8044at4891           -            390    0.0068   12.8   0.3   1   2      0.94   1.5e+02   -1.5   0.0   139   172   263   296   250   312 0.78 -
8694:2670-4910       -            747 8044at4891           -            390    0.0068   12.8   0.3   2   2   0.00015     0.023   11.0   0.1    43    76   315   349   307   357 0.86 -
9542:14011-14553     -            181 8044at4891           -            390    0.0072   12.7   0.0   1   1   5.8e-05    0.0091   12.4   0.0    43    70     6    33     2    96 0.78 -
7436:115-1425        -            437 8044at4891           -            390    0.0092   12.4   0.1   1   1   0.00012     0.019   11.4   0.0    44    91   168   216   137   222 0.84 -
9660:17138-18448     -            437 8044at4891           -            390     0.015   11.7   0.0   1   1   0.00016     0.025   11.0   0.0    43    77   216   251   206   311 0.88 -
8906:738-3590        -            951 8044at4891           -            390     0.022   11.1   0.0   1   1   0.00031     0.049   10.0   0.0    44    94   688   740   678   745 0.81 -
#
# Program:         hmmsearch
# Version:         3.1b2 (February 2015)
# Pipeline mode:   SEARCH
# Query file:      /home/jj/Desktop/Bioinformatics/3rd_year/1term/Computational_genomics/Seminars/exercise_04/busco_downloads/lineages/saccharomycetes_odb10/hmms/8044at4891.hmm
# Target file:     /home/jj/Desktop/Bioinformatics/3rd_year/1term/Computational_genomics/Seminars/exercise_04/./busco/SRR6130428/SRR6130428_k63_contigs/run_saccharomycetes_odb10/metaeuk_output/initial_results/SRR6130428_k63_graph.contig.fa.modified.fas
# Option settings: hmmsearch --domtblout /home/jj/Desktop/Bioinformatics/3rd_year/1term/Computational_genomics/Seminars/exercise_04/./busco/SRR6130428/SRR6130428_k63_contigs/run_saccharomycetes_odb10/hmmer_output/initial_run_results/8044at4891.out --cpu 1 /home/jj/Desktop/Bioinformatics/3rd_year/1term/Computational_genomics/Seminars/exercise_04/busco_downloads/lineages/saccharomycetes_odb10/hmms/8044at4891.hmm /home/jj/Desktop/Bioinformatics/3rd_year/1term/Computational_genomics/Seminars/exercise_04/./busco/SRR6130428/SRR6130428_k63_contigs/run_saccharomycetes_odb10/metaeuk_output/initial_results/SRR6130428_k63_graph.contig.fa.modified.fas 
# Current dir:     /home/jj/Desktop/Bioinformatics/3rd_year/1term/Computational_genomics/Seminars/exercise_04
# Date:            Tue Nov  5 18:39:24 2024
# [ok]
