#                                                                            --- full sequence --- -------------- this domain -------------   hmm coord   ali coord   env coord
# target name        accession   tlen query name           accession   qlen   E-value  score  bias   #  of  c-Evalue  i-Evalue  score  bias  from    to  from    to  from    to  acc description of target
#------------------- ---------- ----- -------------------- ---------- ----- --------- ------ ----- --- --- --------- --------- ------ ----- ----- ----- ----- ----- ----- ----- ---- ---------------------
8514:15-1208         -            398 8084at4891           -            518   1.9e-94  314.3   6.0   1   2   2.4e-90   1.1e-87  292.1   0.6   205   477     7   336     1   350 0.87 -
8514:15-1208         -            398 8084at4891           -            518   1.9e-94  314.3   6.0   2   2   1.8e-09   8.1e-07   25.2   1.3   467   517   347   397   334   398 0.77 -
9624:12176-12697     -            174 8084at4891           -            518    0.0024   13.7   2.8   1   1   5.4e-06    0.0024   13.7   2.8   400   510    60   173     4   174 0.81 -
7922:123-935         -            271 8084at4891           -            518      0.29    6.8  24.1   1   1    0.0011      0.51    6.0  24.1   406   494   140   224   127   252 0.44 -
8928:6748-8022       -            425 8084at4891           -            518      0.94    5.2   8.8   1   1    0.0034       1.5    4.5   8.8   413   495   348   407   315   423 0.48 -
9214:5228-7108       -            627 8084at4891           -            518         1    5.0   7.4   1   1    0.0039       1.7    4.3   7.4   421   509   246   328   223   335 0.45 -
9692:23466-25454     -            663 8084at4891           -            518       1.8    4.3  19.3   1   2    0.0013      0.59    5.8  13.5   435   515    89   168    12   171 0.67 -
9692:23466-25454     -            663 8084at4891           -            518       1.8    4.3  19.3   2   2     0.025        11    1.7   0.3   455   489   371   404   310   435 0.48 -
#
# Program:         hmmsearch
# Version:         3.1b2 (February 2015)
# Pipeline mode:   SEARCH
# Query file:      /home/jj/Desktop/Bioinformatics/3rd_year/1term/Computational_genomics/Seminars/exercise_04/busco_downloads/lineages/saccharomycetes_odb10/hmms/8084at4891.hmm
# Target file:     /home/jj/Desktop/Bioinformatics/3rd_year/1term/Computational_genomics/Seminars/exercise_04/./busco/SRR6130428/SRR6130428_k63_contigs/run_saccharomycetes_odb10/metaeuk_output/initial_results/SRR6130428_k63_graph.contig.fa.modified.fas
# Option settings: hmmsearch --domtblout /home/jj/Desktop/Bioinformatics/3rd_year/1term/Computational_genomics/Seminars/exercise_04/./busco/SRR6130428/SRR6130428_k63_contigs/run_saccharomycetes_odb10/hmmer_output/initial_run_results/8084at4891.out --cpu 1 /home/jj/Desktop/Bioinformatics/3rd_year/1term/Computational_genomics/Seminars/exercise_04/busco_downloads/lineages/saccharomycetes_odb10/hmms/8084at4891.hmm /home/jj/Desktop/Bioinformatics/3rd_year/1term/Computational_genomics/Seminars/exercise_04/./busco/SRR6130428/SRR6130428_k63_contigs/run_saccharomycetes_odb10/metaeuk_output/initial_results/SRR6130428_k63_graph.contig.fa.modified.fas 
# Current dir:     /home/jj/Desktop/Bioinformatics/3rd_year/1term/Computational_genomics/Seminars/exercise_04
# Date:            Tue Nov  5 18:39:24 2024
# [ok]
