#                                                                            --- full sequence --- -------------- this domain -------------   hmm coord   ali coord   env coord
# target name        accession   tlen query name           accession   qlen   E-value  score  bias   #  of  c-Evalue  i-Evalue  score  bias  from    to  from    to  from    to  acc description of target
#------------------- ---------- ----- -------------------- ---------- ----- --------- ------ ----- --- --- --------- --------- ------ ----- ----- ----- ----- ----- ----- ----- ---- ---------------------
7984:778-3069        -            764 8179at4891           -            324  1.4e-188  623.0   0.2   1   1  1.2e-189  2.8e-188  622.0   0.2    12   324   341   682   333   682 0.93 -
9112:9860-10915      -            352 8179at4891           -            324  7.4e-114  377.4   0.0   1   1  3.8e-115    9e-114  377.1   0.0    15   322    14   340     3   342 0.90 -
9214:3531-4694       -            388 8179at4891           -            324  9.2e-113  373.8   0.0   1   1  4.9e-114  1.2e-112  373.5   0.0    15   322    58   384    44   386 0.89 -
8588:5598-6413       -            272 8179at4891           -            324     4e-83  276.4   0.1   1   1     2e-84   4.6e-83  276.2   0.1    17   280     6   272     2   272 0.95 -
8018:2579-3376       -            266 8179at4891           -            324   7.4e-82  272.2   0.1   1   1   3.5e-83   8.3e-82  272.1   0.1    18   279     2   266     1   266 0.96 -
9404:2234-3256       -            341 8179at4891           -            324   3.2e-78  260.3   2.7   1   2   3.3e-48   7.9e-47  157.1   0.9    16   169    34   190    26   212 0.93 -
9404:2234-3256       -            341 8179at4891           -            324   3.2e-78  260.3   2.7   2   2   9.1e-32   2.1e-30  103.1   0.0   172   292   216   339   206   341 0.92 -
9470:3000-4022       -            341 8179at4891           -            324   5.4e-77  256.3   2.3   1   2   1.8e-47   4.2e-46  154.7   0.5    16   168    17   172     7   180 0.93 -
9470:3000-4022       -            341 8179at4891           -            324   5.4e-77  256.3   2.3   2   2   3.1e-31   7.2e-30  101.4   0.1   171   299   201   332   181   340 0.89 -
8772:6932-7705       -            258 8179at4891           -            324   4.8e-76  253.1   0.0   1   1   2.3e-77   5.3e-76  253.0   0.0    21   273     3   258     1   258 0.94 -
9236:8838-9737       -            300 8179at4891           -            324   2.5e-74  247.5   0.1   1   1   1.2e-75   2.7e-74  247.4   0.1    15   298     2   299     1   300 0.91 -
9574:22194-23423     -            410 8179at4891           -            324     5e-71  236.7   0.5   1   2   8.6e-47     2e-45  152.5   0.3    17   168    12   164     3   173 0.95 -
9574:22194-23423     -            410 8179at4891           -            324     5e-71  236.7   0.5   2   2     2e-25   4.8e-24   82.3   0.0   171   299   233   367   212   385 0.83 -
9344:12609-14093     -            495 8179at4891           -            324   5.4e-61  203.7   1.3   1   2   1.7e-37   4.1e-36  122.0   0.2    21   172     4   157     2   163 0.96 -
9344:12609-14093     -            495 8179at4891           -            324   5.4e-61  203.7   1.3   2   2     6e-25   1.4e-23   80.7   0.1   169   299   353   495   306   495 0.83 -
9242:6452-8167       -            572 8179at4891           -            324     3e-58  194.7   2.0   1   2   9.9e-43   2.3e-41  139.2   0.3    13   173   165   328   156   334 0.92 -
9242:6452-8167       -            572 8179at4891           -            324     3e-58  194.7   2.0   2   2   4.5e-17   1.1e-15   54.9   0.1   169   316   369   522   363   534 0.79 -
8850:3013-4704       -            564 8179at4891           -            324   5.7e-58  193.8   2.6   1   2   2.1e-42     5e-41  138.1   0.2    14   173   158   320   149   329 0.92 -
8850:3013-4704       -            564 8179at4891           -            324   5.7e-58  193.8   2.6   2   2   2.6e-17     6e-16   55.7   0.2   169   316   361   514   353   522 0.81 -
9274:513-1736        -            408 8179at4891           -            324   8.1e-51  170.2   1.9   1   3   1.4e-07   3.3e-06   23.7   0.0    20    60     8    48     2    60 0.89 -
9274:513-1736        -            408 8179at4891           -            324   8.1e-51  170.2   1.9   2   3   9.4e-43   2.2e-41  139.2   0.1    63   259    77   289    75   298 0.84 -
9274:513-1736        -            408 8179at4891           -            324   8.1e-51  170.2   1.9   3   3      0.11       2.7    4.2   0.0   256   308   309   371   294   383 0.74 -
9026:3240-4322       -            361 8179at4891           -            324     7e-50  167.2   0.2   1   1   3.8e-51   8.8e-50  166.8   0.2    13   266    93   349    84   361 0.86 -
9722:16235-17092     -            286 8179at4891           -            324   1.4e-44  149.7   2.4   1   2   4.5e-36   1.1e-34  117.3   0.8    22   167     1   151     1   165 0.90 -
9722:16235-17092     -            286 8179at4891           -            324   1.4e-44  149.7   2.4   2   2   2.8e-10   6.5e-09   32.5   0.0   168   229   173   234   159   285 0.83 -
9648:20903-21709     -            269 8179at4891           -            324   6.4e-44  147.6   2.5   1   1   4.1e-44   9.6e-43  143.7   2.5    20   262     3   263     1   269 0.87 -
9688:6201-6989       -            263 8179at4891           -            324   7.3e-44  147.4   1.0   1   1   2.2e-44   5.1e-43  144.6   1.0    22   265     1   260     1   263 0.86 -
8586:248-1081        -            278 8179at4891           -            324   2.3e-42  142.4   0.0   1   1   1.3e-43   3.1e-42  142.0   0.0    12   263     5   270     2   276 0.88 -
9648:180-2069        -            630 8179at4891           -            324   7.7e-42  140.8   0.0   1   1   5.2e-43   1.2e-41  140.1   0.0    22   301    51   330    40   339 0.89 -
9576:4640-5464       -            275 8179at4891           -            324   7.1e-40  134.3   0.0   1   1   3.5e-41   8.3e-40  134.1   0.0    19   263     7   265     1   273 0.86 -
9652:9845-11956      -            704 8179at4891           -            324   7.3e-40  134.3   0.0   1   1   5.3e-41   1.2e-39  133.5   0.0    20   259    79   325    72   337 0.92 -
9680:14913-17372     -            820 8179at4891           -            324   7.9e-39  130.9   0.0   1   1   7.1e-40   1.7e-38  129.8   0.0    15   265   189   460   179   469 0.84 -
9082:7406-8569       -            388 8179at4891           -            324     6e-38  128.0   0.0   1   2     0.032      0.76    6.0   0.0    26    58     7    39     3    53 0.87 -
9082:7406-8569       -            388 8179at4891           -            324     6e-38  128.0   0.0   2   2   6.8e-37   1.6e-35  120.0   0.0    80   304    97   325    63   338 0.85 -
9538:10065-10994     -            310 8179at4891           -            324   1.3e-37  126.9   0.4   1   2   0.00058     0.014   11.8   0.1    22    77     3    61     1    69 0.83 -
9538:10065-10994     -            310 8179at4891           -            324   1.3e-37  126.9   0.4   2   2   5.8e-35   1.4e-33  113.6   0.1    89   261    97   272    65   296 0.84 -
9144:11649-12578     -            310 8179at4891           -            324   2.1e-36  122.9   0.3   1   2     0.017      0.39    7.0   0.0    22    57     3    38     2    70 0.77 -
9144:11649-12578     -            310 8179at4891           -            324   2.1e-36  122.9   0.3   2   2   3.8e-35   8.8e-34  114.3   0.1    82   261    90   272    58   283 0.86 -
9680:21437-22237     -            267 8179at4891           -            324   6.7e-36  121.2   0.0   1   1   4.2e-37     1e-35  120.7   0.0    15   260    10   253     3   266 0.89 -
8492:4616-5878       -            421 8179at4891           -            324   4.5e-35  118.5   0.1   1   1   2.1e-35   4.9e-34  115.1   0.1    26   265   116   389   106   411 0.80 -
9558:17836-18582     -            249 8179at4891           -            324   9.1e-35  117.5   0.0   1   1   4.6e-36   1.1e-34  117.3   0.0    28   264     2   243     1   248 0.88 -
8710:5595-6479       -            295 8179at4891           -            324   9.9e-35  117.4   0.8   1   2   4.8e-16   1.1e-14   51.5   0.1    24   154     2   148     1   155 0.71 -
8710:5595-6479       -            295 8179at4891           -            324   9.9e-35  117.4   0.8   2   2   5.5e-20   1.3e-18   64.4   0.0   157   261   175   284   164   291 0.89 -
9270:5360-6181       -            274 8179at4891           -            324   1.1e-34  117.3   0.0   1   1   5.4e-36   1.3e-34  117.0   0.0    27   262     5   259     1   272 0.82 -
9168:5060-6598       -            513 8179at4891           -            324   1.3e-34  117.0   2.3   1   1   1.7e-34   3.9e-33  112.2   2.3    23   284   200   490   180   502 0.81 -
9284:13564-14592     -            343 8179at4891           -            324   3.2e-33  112.4   0.0   1   1   2.8e-34   6.5e-33  111.4   0.0    25   274    35   303    20   320 0.82 -
9582:21971-22969     -            333 8179at4891           -            324   1.1e-32  110.7   0.0   1   1   5.9e-34   1.4e-32  110.3   0.0    27   274    12   272     5   304 0.83 -
9220:10894-11814     -            307 8179at4891           -            324   9.6e-32  107.6   0.0   1   1   4.9e-33   1.1e-31  107.3   0.0    48   276    47   286     5   306 0.81 -
9556:876-1871        -            332 8179at4891           -            324     2e-31  106.5   2.3   1   2   6.5e-13   1.5e-11   41.2   1.0    82   154   100   172     6   177 0.84 -
9556:876-1871        -            332 8179at4891           -            324     2e-31  106.5   2.3   2   2   1.1e-19   2.6e-18   63.4   0.0   157   260   209   317   206   329 0.90 -
9724:42501-46928     -           1476 8179at4891           -            324   9.7e-31  104.3   0.0   1   1   7.2e-32   1.7e-30  103.5   0.0    20   273  1172  1439  1152  1452 0.81 -
9526:4843-6750       -            636 8179at4891           -            324   2.6e-30  102.9   0.0   1   1   1.6e-31   3.8e-30  102.3   0.0    20   260   325   580   315   605 0.83 -
8274:2342-3058       -            239 8179at4891           -            324   3.1e-30  102.6   0.0   1   1   1.5e-31   3.4e-30  102.5   0.0    28   258     2   231     1   238 0.85 -
9220:8467-9282       -            272 8179at4891           -            324   3.5e-30  102.4   0.0   1   1     2e-31   4.6e-30  102.1   0.0    23   223     3   211     1   228 0.79 -
9138:5514-8171       -            886 8179at4891           -            324   4.9e-30  102.0   0.7   1   3   6.5e-09   1.5e-07   28.0   0.0    20   120    12   114     2   120 0.88 -
9138:5514-8171       -            886 8179at4891           -            324   4.9e-30  102.0   0.7   2   3   0.00029    0.0068   12.8   0.0   125   154   143   172   132   181 0.91 -
9138:5514-8171       -            886 8179at4891           -            324   4.9e-30  102.0   0.7   3   3   5.9e-18   1.4e-16   57.8   0.0   161   262   200   307   194   323 0.86 -
9270:2604-3470       -            289 8179at4891           -            324   5.3e-30  101.9   0.0   1   1   3.3e-31   7.8e-30  101.3   0.0    21   225    11   220     5   230 0.79 -
9442:11388-12206     -            273 8179at4891           -            324   6.4e-30  101.6   0.0   1   1   3.3e-31   7.7e-30  101.3   0.0    29   264     1   242     1   268 0.86 -
9516:8073-8876       -            268 8179at4891           -            324   6.1e-29   98.4   1.0   1   1   3.2e-30   7.6e-29   98.0   1.0    15   259     2   256     1   264 0.82 -
9206:2109-6836       -           1576 8179at4891           -            324   3.4e-28   95.9   0.1   1   2   6.8e-19   1.6e-17   60.8   0.1    25   169  1268  1414  1250  1423 0.84 -
9206:2109-6836       -           1576 8179at4891           -            324   3.4e-28   95.9   0.1   2   2   5.4e-10   1.3e-08   31.6   0.0   175   264  1457  1551  1437  1563 0.84 -
9370:13593-17402     -           1270 8179at4891           -            324   2.5e-27   93.0   1.8   1   2   8.4e-19     2e-17   60.5   0.2    27   169   984  1128   969  1137 0.84 -
9370:13593-17402     -           1270 8179at4891           -            324   2.5e-27   93.0   1.8   2   2   6.9e-10   1.6e-08   31.2   0.0   158   263  1139  1248  1134  1260 0.83 -
8792:3540-5258       -            573 8179at4891           -            324   6.9e-27   91.6   0.0   1   1   4.7e-28   1.1e-26   90.9   0.0    23   277   302   556   289   569 0.81 -
9666:20504-21955     -            484 8179at4891           -            324   5.4e-26   88.7   0.3   1   1   3.6e-27   8.4e-26   88.0   0.3    25   217   170   367   149   380 0.81 -
9714:25935-26888     -            318 8179at4891           -            324   1.4e-25   87.4   0.0   1   1   7.1e-27   1.7e-25   87.1   0.0    26   216    15   219     7   266 0.80 -
9388:2420-3211       -            264 8179at4891           -            324   1.5e-25   87.3   0.5   1   1   7.8e-27   1.8e-25   86.9   0.5    21   259     3   251     1   261 0.82 -
9022:9769-10653      -            295 8179at4891           -            324   1.8e-25   86.9   0.0   1   2   3.4e-25     8e-24   81.5   0.0    23   244     3   232     1   251 0.79 -
9022:9769-10653      -            295 8179at4891           -            324   1.8e-25   86.9   0.0   2   2      0.15       3.6    3.8   0.0   237   274   259   293   236   295 0.81 -
9332:9525-11471      -            649 8179at4891           -            324   3.1e-25   86.2   0.0   1   1     2e-26   4.8e-25   85.6   0.0    88   260   436   623   349   635 0.77 -
9352:14667-17009     -            781 8179at4891           -            324   1.2e-24   84.3   0.0   1   1   8.3e-26   1.9e-24   83.6   0.0    52   275   530   766   468   775 0.79 -
9650:24829-29790     -           1654 8179at4891           -            324   3.3e-24   82.8   1.0   1   3    0.0051      0.12    8.7   0.0   111   218   354   478   334   527 0.65 -
9650:24829-29790     -           1654 8179at4891           -            324   3.3e-24   82.8   1.0   2   3   0.00037    0.0087   12.4   0.0    16    54   587   625   575   642 0.88 -
9650:24829-29790     -           1654 8179at4891           -            324   3.3e-24   82.8   1.0   3   3   9.2e-17   2.2e-15   53.8   0.1    91   263   775   968   762   972 0.76 -
7804:258-1562        -            435 8179at4891           -            324   2.5e-23   79.9   0.0   1   1   1.6e-24   3.7e-23   79.3   0.0    23   256    23   261     9   305 0.81 -
9468:11302-12276     -            325 8179at4891           -            324   6.6e-23   78.5   1.1   1   2   7.5e-23   1.8e-21   73.9   0.7    22   220     4   221     1   245 0.70 -
9468:11302-12276     -            325 8179at4891           -            324   6.6e-23   78.5   1.1   2   2      0.42        10    2.4   0.0   219   277   255   307   240   316 0.82 -
8450:345-1649        -            435 8179at4891           -            324   7.4e-23   78.4   1.2   1   2     1e-06   2.3e-05   20.9   1.1    20   137    22   145     5   193 0.76 -
8450:345-1649        -            435 8179at4891           -            324   7.4e-23   78.4   1.2   2   2   4.8e-16   1.1e-14   51.5   0.0   159   259   227   331   212   360 0.89 -
9572:16580-17233     -            218 8179at4891           -            324   9.7e-23   78.0   0.6   1   1   5.1e-24   1.2e-22   77.7   0.6    29   211     1   199     1   205 0.78 -
9138:9482-10486      -            335 8179at4891           -            324   1.4e-22   77.4   0.0   1   1     2e-23   4.8e-22   75.7   0.0    18   264    36   328    24   335 0.73 -
9578:6054-6923       -            290 8179at4891           -            324   2.5e-22   76.6   0.1   1   2   2.2e-23   5.1e-22   75.6   0.0    30   242     2   229     1   248 0.72 -
9578:6054-6923       -            290 8179at4891           -            324   2.5e-22   76.6   0.1   2   2       8.1   1.9e+02   -1.8   0.0   263   276   272   285   255   289 0.82 -
9548:337-1380        -            348 8179at4891           -            324   5.3e-22   75.6   0.1   1   1     3e-23     7e-22   75.2   0.1    20   221    10   228     1   261 0.71 -
8068:741-1847        -            369 8179at4891           -            324   5.3e-22   75.6   0.2   1   2     1e-22   2.4e-21   73.4   0.1    20   216    15   231     4   276 0.75 -
8068:741-1847        -            369 8179at4891           -            324   5.3e-22   75.6   0.2   2   2       6.3   1.5e+02   -1.5   0.0   239   274   286   318   278   344 0.72 -
7822:341-1144        -            268 8179at4891           -            324   1.1e-21   74.5   0.0   1   1   5.8e-23   1.4e-21   74.2   0.0    29   231     1   224     1   263 0.72 -
8384:242-1183        -            314 8179at4891           -            324   1.1e-21   74.5   0.0   1   1   1.2e-22   2.7e-21   73.2   0.0    20   212     5   214     2   260 0.73 -
7674:805-1767        -            321 8179at4891           -            324   1.9e-21   73.7   6.9   1   1     2e-19   4.6e-18   62.6   6.9    27   276    11   321     3   321 0.71 -
9696:23411-25501     -            697 8179at4891           -            324   3.4e-21   72.9   0.0   1   2      0.54        13    2.0   0.0    13    55   385   427   373   437 0.83 -
9696:23411-25501     -            697 8179at4891           -            324   3.4e-21   72.9   0.0   2   2   3.1e-21   7.3e-20   68.5   0.0    64   260   477   681   452   694 0.77 -
9568:2563-4101       -            513 8179at4891           -            324   3.9e-21   72.7   0.0   1   1   2.4e-22   5.5e-21   72.2   0.0   126   260   310   455   182   472 0.69 -
8666:1918-2913       -            332 8179at4891           -            324   5.5e-21   72.2   3.9   1   1   4.9e-20   1.2e-18   64.6   3.9    22   274     3   319     1   328 0.68 -
9494:7698-8528       -            277 8179at4891           -            324   8.8e-21   71.5   0.0   1   1   4.3e-22     1e-20   71.3   0.0    29   217     1   197     1   247 0.77 -
8804:3362-4279       -            306 8179at4891           -            324   1.8e-20   70.6   0.1   1   1   8.4e-22     2e-20   70.4   0.1    23   218     4   207     1   271 0.77 -
9376:4767-5852       -            362 8179at4891           -            324   3.1e-20   69.7   0.4   1   2   4.3e-19     1e-17   61.5   0.2    95   217    92   221    43   234 0.82 -
9376:4767-5852       -            362 8179at4891           -            324   3.1e-20   69.7   0.4   2   2     0.022      0.51    6.6   0.0   241   293   276   328   246   341 0.83 -
8554:159-1031        -            291 8179at4891           -            324   4.1e-20   69.4   0.0   1   1   2.8e-21   6.5e-20   68.7   0.0    25   221     3   209     1   228 0.75 -
9700:35509-36408     -            300 8179at4891           -            324   4.5e-20   69.2   0.0   1   2     2e-20   4.7e-19   65.9   0.0    26   236     4   218     1   236 0.83 -
9700:35509-36408     -            300 8179at4891           -            324   4.5e-20   69.2   0.0   2   2      0.75        18    1.5   0.0   239   267   252   280   226   293 0.77 -
9050:611-1576        -            322 8179at4891           -            324     6e-20   68.8   1.4   1   2    0.0075      0.18    8.1   0.0    23    62     5    44     2    59 0.86 -
9050:611-1576        -            322 8179at4891           -            324     6e-20   68.8   1.4   2   2   2.9e-18   6.9e-17   58.8   0.2    76   261   108   315    94   321 0.78 -
9140:10766-11608     -            281 8179at4891           -            324     3e-18   63.2   0.1   1   1   1.6e-19   3.8e-18   62.9   0.1    30   218     2   198     1   213 0.71 -
9288:6241-7161       -            307 8179at4891           -            324   9.7e-18   61.5   0.1   1   1   1.2e-18   2.8e-17   60.0   0.1    24   260     2   266     1   280 0.73 -
9022:791-1471        -            227 8179at4891           -            324   2.4e-17   60.3   0.6   1   1   2.9e-18   6.8e-17   58.8   0.6    76   229    22   196    12   227 0.74 -
8764:438-2084        -            549 8179at4891           -            324     1e-16   58.2   0.1   1   3      0.57        13    1.9   0.0    20    43    72    95    54   102 0.81 -
8764:438-2084        -            549 8179at4891           -            324     1e-16   58.2   0.1   2   3   1.8e-16   4.2e-15   52.9   0.0   109   225   249   373   220   393 0.79 -
8764:438-2084        -            549 8179at4891           -            324     1e-16   58.2   0.1   3   3       7.6   1.8e+02   -1.8   0.0   246   275   438   464   433   478 0.77 -
9342:14110-15051     -            314 8179at4891           -            324   1.4e-16   57.8   2.6   1   3   1.2e-11   2.8e-10   37.1   1.8    27   168     5   159     1   165 0.73 -
9342:14110-15051     -            314 8179at4891           -            324   1.4e-16   57.8   2.6   2   3   0.00011    0.0027   14.1   0.0   177   208   185   216   171   226 0.87 -
9342:14110-15051     -            314 8179at4891           -            324   1.4e-16   57.8   2.6   3   3      0.21       4.9    3.4   0.0   239   275   275   308   266   311 0.86 -
9316:14764-15318     -            185 8179at4891           -            324   1.6e-16   57.6   0.0   1   1   8.2e-18   1.9e-16   57.3   0.0    94   218    45   181    34   185 0.81 -
9508:1626-2423       -            266 8179at4891           -            324   2.1e-16   57.2   0.3   1   1   1.1e-17   2.5e-16   56.9   0.3   117   240    61   192    54   252 0.79 -
9674:28087-29058     -            324 8179at4891           -            324   5.2e-16   55.9   0.1   1   1   5.8e-17   1.4e-15   54.5   0.0    27   220     3   208     1   219 0.63 -
9708:2183-3157       -            325 8179at4891           -            324   1.5e-15   54.3   0.1   1   1   8.8e-17   2.1e-15   53.9   0.1    95   216   121   256    76   315 0.79 -
7948:472-1854        -            461 8179at4891           -            324   1.9e-15   54.0   0.2   1   1   4.6e-16   1.1e-14   51.6   0.2    98   216   250   389   237   440 0.80 -
9598:11083-11721     -            213 8179at4891           -            324   3.9e-15   53.0   0.0   1   1   7.8e-16   1.8e-14   50.8   0.0    28   209     2   210     1   213 0.70 -
8386:2346-3074       -            243 8179at4891           -            324   1.5e-14   51.1   0.0   1   1   8.2e-16   1.9e-14   50.7   0.0   122   212    67   167    17   184 0.85 -
8798:2318-3331       -            338 8179at4891           -            324   2.1e-14   50.6   0.2   1   2         2        47    0.1   0.0    28    57    16    45     3    65 0.82 -
8798:2318-3331       -            338 8179at4891           -            324   2.1e-14   50.6   0.2   2   2   1.2e-14   2.8e-13   46.9   0.1    88   264   114   324    30   333 0.66 -
9000:1272-2168       -            299 8179at4891           -            324     5e-14   49.4   0.4   1   1   2.8e-15   6.6e-14   48.9   0.4    28   216    10   208     2   232 0.80 -
8460:1970-2827       -            286 8179at4891           -            324   8.2e-14   48.7   0.4   1   1   1.8e-14   4.2e-13   46.3   0.4   116   220    91   200     1   216 0.67 -
9018:8533-10704      -            724 8179at4891           -            324   1.2e-13   48.1   0.0   1   2   7.7e-11   1.8e-09   34.4   0.0    23   160   305   447   288   453 0.76 -
9018:8533-10704      -            724 8179at4891           -            324   1.2e-13   48.1   0.0   2   2   0.00081     0.019   11.3   0.0   156   241   475   562   468   576 0.75 -
9280:3099-4592       -            498 8179at4891           -            324   2.5e-13   47.1   0.0   1   2   1.8e-09   4.3e-08   29.9   0.1   119   171   129   182    11   196 0.64 -
9280:3099-4592       -            498 8179at4891           -            324   2.5e-13   47.1   0.0   2   2    0.0006     0.014   11.7   0.0   176   217   271   312   263   322 0.87 -
9288:1887-2741       -            285 8179at4891           -            324     1e-12   45.1   0.0   1   1   6.7e-14   1.6e-12   44.4   0.0    27   220    13   221    10   281 0.68 -
9724:16735-17796     -            354 8179at4891           -            324   9.7e-12   41.8   0.1   1   1   8.6e-12     2e-10   37.5   0.1    93   216   107   252    56   267 0.73 -
9500:730-1611        -            294 8179at4891           -            324     5e-11   39.5   0.0   1   1   8.5e-12     2e-10   37.5   0.0    17   259     7   277     1   285 0.69 -
9660:6627-7220       -            198 8179at4891           -            324   1.3e-10   38.2   0.0   1   1   5.7e-12   1.3e-10   38.1   0.0    95   206    76   195    20   198 0.83 -
8626:1051-1599       -            183 8179at4891           -            324   4.5e-10   36.4   0.0   1   1   2.2e-11   5.2e-10   36.2   0.0   106   169     7    72     3   145 0.87 -
9502:2145-3251       -            369 8179at4891           -            324   6.6e-10   35.8   0.0   1   1   5.9e-11   1.4e-09   34.8   0.0   126   206   139   236   125   246 0.75 -
9396:10785-11381     -            199 8179at4891           -            324     4e-09   33.3   0.1   1   1   2.1e-10   4.8e-09   33.0   0.1    30   210     2   192     1   198 0.66 -
9708:4262-6904       -            881 8179at4891           -            324   8.8e-09   32.1   0.2   1   2   1.6e-07   3.7e-06   23.5   0.1   122   167   523   573   439   581 0.70 -
9708:4262-6904       -            881 8179at4891           -            324   8.8e-09   32.1   0.2   2   2     0.028      0.66    6.2   0.0   198   228   794   824   789   843 0.82 -
9336:5762-6706       -            315 8179at4891           -            324   1.1e-08   31.8   0.3   1   2         2        47    0.2   0.0    19    41    30    52    23    62 0.88 -
9336:5762-6706       -            315 8179at4891           -            324   1.1e-08   31.8   0.3   2   2   4.1e-09   9.6e-08   28.7   0.1   128   259   161   306   139   311 0.72 -
8416:2551-3603       -            351 8179at4891           -            324   2.3e-08   30.7   0.2   1   1   1.9e-09   4.4e-08   29.8   0.2   119   168   106   153     3   236 0.78 -
9390:2655-7010       -           1452 8179at4891           -            324   1.2e-07   28.4   1.1   1   1   1.8e-08   4.3e-07   26.6   1.1   107   276   109   302    83   333 0.73 -
8766:2416-3300       -            295 8179at4891           -            324   2.2e-07   27.5   0.0   1   1   2.9e-08   6.8e-07   25.9   0.0   142   259   151   288   135   293 0.74 -
8194:3006-3602       -            199 8179at4891           -            324   2.7e-07   27.2   0.0   1   1   4.1e-08   9.6e-07   25.4   0.0   108   219    16   145     1   188 0.68 -
9250:1334-1957       -            208 8179at4891           -            324     5e-07   26.4   0.0   1   1   2.9e-08   6.9e-07   25.9   0.0   117   169    92   149    50   162 0.80 -
9574:11971-12594     -            208 8179at4891           -            324   1.2e-06   25.1   0.0   1   1     7e-08   1.7e-06   24.6   0.0   116   169    91   149    50   156 0.80 -
8796:1455-1940       -            162 8179at4891           -            324   1.5e-06   24.8   0.2   1   1   8.7e-08     2e-06   24.4   0.2    18   153    13   162     4   162 0.74 -
7548:67-747          -            227 8179at4891           -            324   2.4e-06   24.1   0.0   1   2       2.8        66   -0.3   0.0    23    42     3    22     1    38 0.71 -
7548:67-747          -            227 8179at4891           -            324   2.4e-06   24.1   0.0   2   2   5.1e-07   1.2e-05   21.8   0.0   115   228    92   222    71   227 0.65 -
8836:7701-8510       -            270 8179at4891           -            324   2.2e-05   20.9   0.0   1   2   1.9e-05   0.00045   16.7   0.0   116   155   108   147    81   154 0.80 -
8836:7701-8510       -            270 8179at4891           -            324   2.2e-05   20.9   0.0   2   2      0.54        13    2.0   0.0   194   237   218   264   194   269 0.72 -
9418:1089-4097       -           1003 8179at4891           -            324    0.0001   18.8   0.0   1   1   7.6e-06   0.00018   18.0   0.0    83   153   750   828   684   834 0.67 -
8796:234-743         -            170 8179at4891           -            324   0.00059   16.2   0.0   1   2   0.00015    0.0036   13.7   0.0   176   217    26    66     5    82 0.78 -
8796:234-743         -            170 8179at4891           -            324   0.00059   16.2   0.0   2   2       1.7        39    0.4   0.0   231   276   128   169   121   170 0.81 -
9678:8748-11114      -            789 8179at4891           -            324   0.00075   15.9   0.1   1   2      0.76        18    1.5   0.0   126   165   153   193   108   212 0.80 -
9678:8748-11114      -            789 8179at4891           -            324   0.00075   15.9   0.1   2   2   0.00051     0.012   12.0   0.1   180   232   225   275   218   326 0.81 -
9316:2356-5388       -           1011 8179at4891           -            324    0.0028   14.0   0.0   1   1   0.00032    0.0074   12.6   0.0   132   157   683   708   669   767 0.75 -
9532:12469-14466     -            666 8179at4891           -            324     0.018   11.4   1.1   1   3      0.85        20    1.4   0.0    22    43   172   193   167   212 0.77 -
9532:12469-14466     -            666 8179at4891           -            324     0.018   11.4   1.1   2   3     0.022      0.52    6.6   0.0   128   153   333   358   320   363 0.86 -
9532:12469-14466     -            666 8179at4891           -            324     0.018   11.4   1.1   3   3       4.1        96   -0.9   0.2   192   216   438   462   384   487 0.76 -
#
# Program:         hmmsearch
# Version:         3.1b2 (February 2015)
# Pipeline mode:   SEARCH
# Query file:      /home/jj/Desktop/Bioinformatics/3rd_year/1term/Computational_genomics/Seminars/exercise_04/busco_downloads/lineages/saccharomycetes_odb10/hmms/8179at4891.hmm
# Target file:     /home/jj/Desktop/Bioinformatics/3rd_year/1term/Computational_genomics/Seminars/exercise_04/./busco/SRR6130428/SRR6130428_k63_contigs/run_saccharomycetes_odb10/metaeuk_output/initial_results/SRR6130428_k63_graph.contig.fa.modified.fas
# Option settings: hmmsearch --domtblout /home/jj/Desktop/Bioinformatics/3rd_year/1term/Computational_genomics/Seminars/exercise_04/./busco/SRR6130428/SRR6130428_k63_contigs/run_saccharomycetes_odb10/hmmer_output/initial_run_results/8179at4891.out --cpu 1 /home/jj/Desktop/Bioinformatics/3rd_year/1term/Computational_genomics/Seminars/exercise_04/busco_downloads/lineages/saccharomycetes_odb10/hmms/8179at4891.hmm /home/jj/Desktop/Bioinformatics/3rd_year/1term/Computational_genomics/Seminars/exercise_04/./busco/SRR6130428/SRR6130428_k63_contigs/run_saccharomycetes_odb10/metaeuk_output/initial_results/SRR6130428_k63_graph.contig.fa.modified.fas 
# Current dir:     /home/jj/Desktop/Bioinformatics/3rd_year/1term/Computational_genomics/Seminars/exercise_04
# Date:            Tue Nov  5 18:39:25 2024
# [ok]
