#                                                                            --- full sequence --- -------------- this domain -------------   hmm coord   ali coord   env coord
# target name        accession   tlen query name           accession   qlen   E-value  score  bias   #  of  c-Evalue  i-Evalue  score  bias  from    to  from    to  from    to  acc description of target
#------------------- ---------- ----- -------------------- ---------- ----- --------- ------ ----- --- --- --------- --------- ------ ----- ----- ----- ----- ----- ----- ----- ---- ---------------------
7758:208-2163        -            652 8224at4891           -            399  1.7e-158  524.7  22.4   1   5   2.1e-12   2.8e-09   33.3   0.0     1    35     2    37     2    44 0.91 -
7758:208-2163        -            652 8224at4891           -            399  1.7e-158  524.7  22.4   2   5   5.7e-52   7.7e-49  163.6   6.9    31   179   100   307    94   320 0.85 -
7758:208-2163        -            652 8224at4891           -            399  1.7e-158  524.7  22.4   3   5   7.8e-87   1.1e-83  278.4   0.1   180   341   333   508   326   517 0.93 -
7758:208-2163        -            652 8224at4891           -            399  1.7e-158  524.7  22.4   4   5   8.8e-17   1.2e-13   47.8   0.0   338   398   528   599   518   600 0.84 -
7758:208-2163        -            652 8224at4891           -            399  1.7e-158  524.7  22.4   5   5     0.041        55   -0.5   0.8   387   399   637   649   634   649 0.92 -
8912:2492-4510       -            673 8224at4891           -            399   1.6e-06   24.3   0.6   1   2    0.0014       1.9    4.3   0.2     4    57     4    61     1   165 0.79 -
8912:2492-4510       -            673 8224at4891           -            399   1.6e-06   24.3   0.6   2   2   1.9e-07   0.00025   17.0   0.0   257   370   378   494   362   508 0.77 -
#
# Program:         hmmsearch
# Version:         3.1b2 (February 2015)
# Pipeline mode:   SEARCH
# Query file:      /home/jj/Desktop/Bioinformatics/3rd_year/1term/Computational_genomics/Seminars/exercise_04/busco_downloads/lineages/saccharomycetes_odb10/hmms/8224at4891.hmm
# Target file:     /home/jj/Desktop/Bioinformatics/3rd_year/1term/Computational_genomics/Seminars/exercise_04/./busco/SRR6130428/SRR6130428_k63_contigs/run_saccharomycetes_odb10/metaeuk_output/initial_results/SRR6130428_k63_graph.contig.fa.modified.fas
# Option settings: hmmsearch --domtblout /home/jj/Desktop/Bioinformatics/3rd_year/1term/Computational_genomics/Seminars/exercise_04/./busco/SRR6130428/SRR6130428_k63_contigs/run_saccharomycetes_odb10/hmmer_output/initial_run_results/8224at4891.out --cpu 1 /home/jj/Desktop/Bioinformatics/3rd_year/1term/Computational_genomics/Seminars/exercise_04/busco_downloads/lineages/saccharomycetes_odb10/hmms/8224at4891.hmm /home/jj/Desktop/Bioinformatics/3rd_year/1term/Computational_genomics/Seminars/exercise_04/./busco/SRR6130428/SRR6130428_k63_contigs/run_saccharomycetes_odb10/metaeuk_output/initial_results/SRR6130428_k63_graph.contig.fa.modified.fas 
# Current dir:     /home/jj/Desktop/Bioinformatics/3rd_year/1term/Computational_genomics/Seminars/exercise_04
# Date:            Tue Nov  5 18:39:25 2024
# [ok]
