#                                                                            --- full sequence --- -------------- this domain -------------   hmm coord   ali coord   env coord
# target name        accession   tlen query name           accession   qlen   E-value  score  bias   #  of  c-Evalue  i-Evalue  score  bias  from    to  from    to  from    to  acc description of target
#------------------- ---------- ----- -------------------- ---------- ----- --------- ------ ----- --- --- --------- --------- ------ ----- ----- ----- ----- ----- ----- ----- ---- ---------------------
9696:23411-25501     -            697 8274at4891           -            412  4.4e-179  592.8  16.7   1   6     0.001     0.024   10.7   0.4     2    26    35    59    34    92 0.88 -
9696:23411-25501     -            697 8274at4891           -            412  4.4e-179  592.8  16.7   2   6     2e-09   4.7e-08   29.5   0.0    23    64    97   139    77   156 0.85 -
9696:23411-25501     -            697 8274at4891           -            412  4.4e-179  592.8  16.7   3   6   1.9e-15   4.4e-14   49.3   0.1    58   108   163   213   156   231 0.84 -
9696:23411-25501     -            697 8274at4891           -            412  4.4e-179  592.8  16.7   4   6     1e-15   2.4e-14   50.2   0.2    87   150   234   299   215   335 0.77 -
9696:23411-25501     -            697 8274at4891           -            412  4.4e-179  592.8  16.7   5   6   1.2e-20   2.7e-19   66.5   0.0   159   209   382   432   355   443 0.88 -
9696:23411-25501     -            697 8274at4891           -            412  4.4e-179  592.8  16.7   6   6  3.2e-120  7.5e-119  394.4   0.1   206   412   471   692   461   692 0.92 -
9724:42501-46928     -           1476 8274at4891           -            412   3.3e-90  300.1   8.9   1   2     0.012      0.28    7.2   0.3    91   139  1008  1056   988  1082 0.70 -
9724:42501-46928     -           1476 8274at4891           -            412   3.3e-90  300.1   8.9   2   2   6.5e-91   1.5e-89  297.9   0.2   136   411  1140  1439  1123  1440 0.82 -
9370:13593-17402     -           1270 8274at4891           -            412   2.7e-59  198.2   0.7   1   2   1.3e-43     3e-42  142.1   1.1   129   314   939  1129   927  1138 0.83 -
9370:13593-17402     -           1270 8274at4891           -            412   2.7e-59  198.2   0.7   2   2   1.2e-16   2.7e-15   53.3   0.0   305   412  1142  1256  1136  1256 0.85 -
8274:2342-3058       -            239 8274at4891           -            412   9.5e-59  196.5   0.0   1   1   4.5e-60   1.1e-58  196.3   0.0   177   407     2   239     1   239 0.90 -
9206:2109-6836       -           1576 8274at4891           -            412   1.8e-58  195.6   2.9   1   2     1e-43   2.4e-42  142.4   1.6   148   317  1242  1418  1215  1426 0.85 -
9206:2109-6836       -           1576 8274at4891           -            412   1.8e-58  195.6   2.9   2   2   3.4e-16     8e-15   51.8   0.0   320   412  1457  1558  1438  1558 0.83 -
9558:17836-18582     -            249 8274at4891           -            412   3.4e-54  181.4   0.0   1   1   1.6e-55   3.8e-54  181.3   0.0   177   411     2   249     1   249 0.90 -
8792:3540-5258       -            573 8274at4891           -            412   9.9e-51  170.1   0.0   1   1   5.6e-52   1.3e-50  169.6   0.0   161   412   291   553   245   553 0.89 -
9352:14667-17009     -            781 8274at4891           -            412     1e-49  166.7   0.0   1   1   8.5e-51     2e-49  165.8   0.0   193   411   526   764   523   765 0.86 -
9442:11388-12206     -            273 8274at4891           -            412   6.3e-49  164.1   0.0   1   1   3.2e-50   7.5e-49  163.9   0.0   178   411     1   248     1   249 0.90 -
9332:9525-11471      -            649 8274at4891           -            412   2.6e-47  158.8   0.1   1   1   1.9e-48   4.5e-47  158.0   0.1   193   412   393   634   389   634 0.85 -
9026:3240-4322       -            361 8274at4891           -            412   6.6e-42  141.0   0.0   1   1   3.3e-43   7.7e-42  140.8   0.0   107   412    37   354     8   354 0.76 -
8772:6932-7705       -            258 8274at4891           -            412   7.3e-42  140.8   0.0   1   1   3.9e-43   9.1e-42  140.5   0.0   177   400    10   242     5   252 0.87 -
9666:20504-21955     -            484 8274at4891           -            412   1.5e-41  139.8   0.4   1   1   9.1e-43   2.1e-41  139.3   0.4   159   381   155   392   103   409 0.80 -
9568:2563-4101       -            513 8274at4891           -            412     3e-40  135.5   0.4   1   1   2.8e-41   6.7e-40  134.4   0.4   174   411   193   465   171   466 0.82 -
8588:5598-6413       -            272 8274at4891           -            412   5.9e-40  134.6   0.0   1   1   3.2e-41   7.5e-40  134.2   0.0   177   401    17   250    11   265 0.88 -
9680:14913-17372     -            820 8274at4891           -            412   1.4e-39  133.4   0.1   1   1   1.9e-40   4.4e-39  131.7   0.1   145   412   170   466   150   466 0.80 -
9022:9769-10653      -            295 8274at4891           -            412   3.7e-39  131.9   0.0   1   2   3.9e-40   9.2e-39  130.6   0.0   176   371     7   220     1   242 0.80 -
9022:9769-10653      -            295 8274at4891           -            412   3.7e-39  131.9   0.0   2   2       6.5   1.5e+02   -1.8   0.0   383   412   264   293   254   293 0.84 -
9220:8467-9282       -            272 8274at4891           -            412   5.2e-39  131.4   0.0   1   1   3.2e-40   7.6e-39  130.9   0.0   178   412     9   270     6   270 0.82 -
8018:2579-3376       -            266 8274at4891           -            412   7.2e-39  131.0   0.0   1   1   3.7e-40   8.8e-39  130.7   0.0   177   400    12   244     7   260 0.87 -
9082:7406-8569       -            388 8274at4891           -            412   7.6e-38  127.6   0.2   1   2   4.2e-05   0.00098   15.3   0.0   172   207     4    39     2    47 0.91 -
9082:7406-8569       -            388 8274at4891           -            412   7.6e-38  127.6   0.2   2   2   5.5e-34   1.3e-32  110.4   0.0   214   411    82   291    67   292 0.84 -
9284:13564-14592     -            343 8274at4891           -            412   1.6e-37  126.5   0.0   1   1   1.7e-38   4.1e-37  125.2   0.0   170   411    31   302     3   303 0.79 -
9270:2604-3470       -            289 8274at4891           -            412   6.1e-37  124.6   0.0   1   1   3.9e-38   9.3e-37  124.0   0.0   178   412    19   280     5   280 0.82 -
8586:248-1081        -            278 8274at4891           -            412   9.3e-37  124.0   0.0   1   1   5.2e-38   1.2e-36  123.7   0.0   169   412    13   278     2   278 0.84 -
9688:6201-6989       -            263 8274at4891           -            412   1.2e-36  123.7   0.1   1   1   1.5e-37   3.5e-36  122.1   0.1   175   407     5   261     1   263 0.85 -
9652:9845-11956      -            704 8274at4891           -            412     5e-36  121.6   0.0   1   1   2.9e-37   6.7e-36  121.2   0.0   169   411    79   336    23   337 0.84 -
9582:21971-22969     -            333 8274at4891           -            412   1.3e-35  120.3   0.0   1   1     7e-37   1.6e-35  119.9   0.0   172   411     8   271     3   272 0.81 -
9526:4843-6750       -            636 8274at4891           -            412   3.6e-35  118.8   0.0   1   1   2.8e-36   6.7e-35  117.9   0.0   177   412   333   591   313   591 0.82 -
7804:258-1562        -            435 8274at4891           -            412     1e-34  117.3   0.0   1   2   2.2e-35   5.2e-34  115.0   0.0   168   365    19   223     4   254 0.83 -
7804:258-1562        -            435 8274at4891           -            412     1e-34  117.3   0.0   2   2       2.2        52   -0.3   0.0   385   411   275   301   270   302 0.91 -
9144:11649-12578     -            310 8274at4891           -            412   3.5e-34  115.6   1.5   1   1   6.3e-33   1.5e-31  106.9   1.5   218   412    77   282     2   282 0.74 -
9648:20903-21709     -            269 8274at4891           -            412   4.6e-34  115.2   0.6   1   1   2.6e-34   6.2e-33  111.4   0.6   174   406     8   266     3   269 0.84 -
9576:4640-5464       -            275 8274at4891           -            412   5.5e-34  114.9   0.0   1   1   2.9e-35   6.8e-34  114.6   0.0   170   412     9   273     3   273 0.85 -
9538:10065-10994     -            310 8274at4891           -            412   1.3e-33  113.7   1.5   1   2      0.12       2.9    3.8   0.1   176   207     8    39     2    69 0.81 -
9538:10065-10994     -            310 8274at4891           -            412   1.3e-33  113.7   1.5   2   2     1e-33   2.4e-32  109.5   0.3   218   412    77   282    58   282 0.83 -
9648:180-2069        -            630 8274at4891           -            412   6.4e-33  111.4   0.1   1   1   2.7e-34   6.4e-33  111.4   0.1   176   411    56   302    36   303 0.88 -
9722:16235-17092     -            286 8274at4891           -            412   3.8e-32  108.8   0.1   1   2   2.3e-27   5.4e-26   88.6   0.2   177   315     7   155     2   165 0.86 -
9722:16235-17092     -            286 8274at4891           -            412   3.8e-32  108.8   0.1   2   2   4.7e-06   0.00011   18.4   0.0   311   383   172   245   165   284 0.79 -
9344:12609-14093     -            495 8274at4891           -            412   7.1e-32  107.9   0.2   1   2   1.9e-27   4.6e-26   88.8   0.2   178   312    12   153     9   162 0.85 -
9344:12609-14093     -            495 8274at4891           -            412   7.1e-32  107.9   0.2   2   2   1.3e-05   0.00031   16.9   0.0   326   390   365   433   353   458 0.79 -
8554:159-1031        -            291 8274at4891           -            412   1.6e-31  106.8   0.0   1   1   9.2e-33   2.2e-31  106.3   0.0   176   372     5   218     1   233 0.83 -
9270:5360-6181       -            274 8274at4891           -            412   8.5e-31  104.4   0.0   1   1     4e-32   9.4e-31  104.2   0.0   173   412     2   268     1   268 0.80 -
9274:513-1736        -            408 8274at4891           -            412   1.2e-30  103.9   0.0   1   2     0.011      0.26    7.3   0.0   177   206    16    45     5    60 0.85 -
9274:513-1736        -            408 8274at4891           -            412   1.2e-30  103.9   0.0   2   2   7.1e-29   1.7e-27   93.6   0.0   214   402    80   291    72   298 0.82 -
9220:10894-11814     -            307 8274at4891           -            412   3.4e-30  102.4   0.0   1   1   1.8e-31   4.3e-30  102.1   0.0   172   412    12   284     4   284 0.83 -
9342:14110-15051     -            314 8274at4891           -            412   6.4e-30  101.5   4.4   1   2   3.4e-10   7.9e-09   32.0   0.1   176   234     5    63     1    69 0.93 -
9342:14110-15051     -            314 8274at4891           -            412   6.4e-30  101.5   4.4   2   2   4.5e-21     1e-19   67.9   0.8   260   371   107   239    80   267 0.74 -
9680:21437-22237     -            267 8274at4891           -            412   1.1e-29  100.7   0.0   1   1   5.8e-31   1.4e-29  100.4   0.0   176   412    22   264     6   264 0.84 -
9700:35509-36408     -            300 8274at4891           -            412   7.1e-29   98.1   0.0   1   1   4.2e-30   9.9e-29   97.6   0.0   176   383     5   227     1   240 0.84 -
9650:24829-29790     -           1654 8274at4891           -            412   1.6e-28   96.9   5.0   1   3   6.8e-06   0.00016   17.9   0.2   208   412   293   522   287   522 0.70 -
9650:24829-29790     -           1654 8274at4891           -            412   1.6e-28   96.9   5.0   2   3     5e-07   1.2e-05   21.6   0.0   170   238   592   657   560   660 0.83 -
9650:24829-29790     -           1654 8274at4891           -            412   1.6e-28   96.9   5.0   3   3   4.8e-17   1.1e-15   54.6   0.1   268   412   809   976   774   976 0.69 -
9574:22194-23423     -            410 8274at4891           -            412   1.7e-28   96.8   0.2   1   2   1.7e-26   4.1e-25   85.7   0.1   172   316    18   168     5   173 0.88 -
9574:22194-23423     -            410 8274at4891           -            412   1.7e-28   96.8   0.2   2   2    0.0029     0.067    9.2   0.0   323   372   240   290   216   338 0.76 -
9494:7698-8528       -            277 8274at4891           -            412   4.3e-28   95.5   0.1   1   1   2.3e-29   5.5e-28   95.1   0.1   178   371     1   208     1   232 0.79 -
8450:345-1649        -            435 8274at4891           -            412   5.7e-28   95.1   0.7   1   3   1.9e-12   4.6e-11   39.4   0.1   176   261    29   121    13   147 0.82 -
8450:345-1649        -            435 8274at4891           -            412   5.7e-28   95.1   0.7   2   3      0.61        14    1.6   0.1   284   298   169   183   164   206 0.78 -
8450:345-1649        -            435 8274at4891           -            412   5.7e-28   95.1   0.7   3   3   7.1e-16   1.7e-14   50.7   0.0   302   409   226   340   220   343 0.82 -
8068:741-1847        -            369 8274at4891           -            412   7.8e-28   94.6   0.0   1   2   1.2e-28   2.9e-27   92.8   0.0   165   361    11   233     1   252 0.79 -
8068:741-1847        -            369 8274at4891           -            412   7.8e-28   94.6   0.0   2   2       6.2   1.5e+02   -1.8   0.0   387   412   293   318   289   318 0.92 -
7984:778-3069        -            764 8274at4891           -            412   9.5e-28   94.4   0.0   1   1   5.9e-29   1.4e-27   93.8   0.0   175   404   355   599   303   611 0.79 -
9138:5514-8171       -            886 8274at4891           -            412   1.2e-27   94.0   0.0   1   3   3.1e-10   7.3e-09   32.1   0.0   171   261    14   111     2   124 0.80 -
9138:5514-8171       -            886 8274at4891           -            412   1.2e-27   94.0   0.0   2   3   2.7e-05   0.00062   15.9   0.0   262   297   136   171   130   177 0.89 -
9138:5514-8171       -            886 8274at4891           -            412   1.2e-27   94.0   0.0   3   3   3.4e-13     8e-12   41.9   0.0   302   372   197   271   188   315 0.78 -
8384:242-1183        -            314 8274at4891           -            412   1.3e-27   93.9   0.0   1   2   6.2e-28   1.5e-26   90.4   0.0   176   362    12   221     2   244 0.78 -
8384:242-1183        -            314 8274at4891           -            412   1.3e-27   93.9   0.0   2   2       1.3        31    0.4   0.0   385   412   277   304   268   304 0.89 -
9138:9482-10486      -            335 8274at4891           -            412   1.6e-27   93.6   0.1   1   1   3.4e-28   8.1e-27   91.3   0.1   166   366    35   274     6   335 0.68 -
9168:5060-6598       -            513 8274at4891           -            412   2.6e-27   92.9   0.1   1   2   2.7e-20   6.3e-19   65.3   0.1   162   299   190   338   110   344 0.82 -
9168:5060-6598       -            513 8274at4891           -            412   2.6e-27   92.9   0.1   2   2   2.9e-08   6.9e-07   25.7   0.0   302   361   360   423   355   480 0.81 -
9714:25935-26888     -            318 8274at4891           -            412   2.6e-27   92.9   0.0   1   1   1.4e-28   3.2e-27   92.6   0.0   173   412    13   278     3   278 0.81 -
9548:337-1380        -            348 8274at4891           -            412   9.5e-27   91.1   0.0   1   2     1e-26   2.4e-25   86.5   0.0   171   360    12   224     3   247 0.77 -
9548:337-1380        -            348 8274at4891           -            412   9.5e-27   91.1   0.0   2   2      0.36       8.4    2.3   0.0   382   412   278   308   259   308 0.88 -
9468:11302-12276     -            325 8274at4891           -            412   9.8e-26   87.7   0.1   1   1   7.6e-27   1.8e-25   86.9   0.1   178   371    11   229     7   239 0.81 -
9674:28087-29058     -            324 8274at4891           -            412   1.8e-25   86.9   0.0   1   1   2.1e-26   4.8e-25   85.4   0.0   177   359     4   204     2   221 0.78 -
9376:4767-5852       -            362 8274at4891           -            412   5.3e-25   85.3   0.0   1   2   4.5e-25   1.1e-23   81.0   0.0   168   357     7   219     3   259 0.79 -
9376:4767-5852       -            362 8274at4891           -            412   5.3e-25   85.3   0.0   2   2      0.36       8.5    2.3   0.0   383   412   277   306   254   306 0.86 -
9242:6452-8167       -            572 8274at4891           -            412   1.7e-24   83.6   0.0   1   2   1.5e-20   3.5e-19   66.2   0.0   169   312   174   323   122   334 0.82 -
9242:6452-8167       -            572 8274at4891           -            412   1.7e-24   83.6   0.0   2   2   4.3e-05     0.001   15.2   0.0   312   364   367   420   364   429 0.86 -
9112:9860-10915      -            352 8274at4891           -            412   1.9e-24   83.5   0.0   1   1   1.1e-25   2.7e-24   83.0   0.0   177   361    27   222    22   236 0.88 -
9404:2234-3256       -            341 8274at4891           -            412   2.4e-24   83.1   0.0   1   2   3.2e-19   7.4e-18   61.8   0.0   164   325    33   204    20   210 0.85 -
9404:2234-3256       -            341 8274at4891           -            412   2.4e-24   83.1   0.0   2   2     2e-06   4.7e-05   19.6   0.0   317   400   216   303   206   319 0.73 -
9214:3531-4694       -            388 8274at4891           -            412   2.9e-24   82.9   0.0   1   1   1.7e-25     4e-24   82.4   0.0   177   361    71   266    66   308 0.88 -
7822:341-1144        -            268 8274at4891           -            412   3.5e-24   82.6   0.0   1   1   1.9e-25   4.4e-24   82.3   0.0   179   357     2   206     1   214 0.76 -
9236:8838-9737       -            300 8274at4891           -            412   9.1e-24   81.2   0.0   1   1   4.7e-25   1.1e-23   81.0   0.0   177   361    15   212     5   255 0.80 -
8492:4616-5878       -            421 8274at4891           -            412   1.7e-23   80.4   0.0   1   1   1.1e-23   2.7e-22   76.4   0.0   170   412   110   395    68   395 0.69 -
9578:6054-6923       -            290 8274at4891           -            412   1.9e-23   80.2   0.1   1   2   7.1e-23   1.7e-21   73.8   0.0   178   361     1   205     1   244 0.74 -
9578:6054-6923       -            290 8274at4891           -            412   1.9e-23   80.2   0.1   2   2     0.087         2    4.3   0.0   386   412   257   283   236   283 0.88 -
8850:3013-4704       -            564 8274at4891           -            412     3e-23   79.6   0.0   1   2   1.3e-19   3.1e-18   63.0   0.0   140   312   129   315    82   326 0.79 -
8850:3013-4704       -            564 8274at4891           -            412     3e-23   79.6   0.0   2   2   7.6e-05    0.0018   14.4   0.0   314   363   361   411   352   418 0.85 -
9470:3000-4022       -            341 8274at4891           -            412   8.9e-23   78.0   0.0   1   2   1.4e-17   3.3e-16   56.3   0.0   161   316    13   176     4   189 0.84 -
9470:3000-4022       -            341 8274at4891           -            412   8.9e-23   78.0   0.0   2   2   1.5e-06   3.6e-05   20.0   0.0   316   401   201   290   182   305 0.76 -
9388:2420-3211       -            264 8274at4891           -            412   1.3e-22   77.4   0.3   1   1   8.5e-24     2e-22   76.8   0.3   176   364     9   218     3   263 0.72 -
8666:1918-2913       -            332 8274at4891           -            412   5.8e-22   75.3   2.8   1   2   4.3e-23     1e-21   74.5   0.2   177   320     9   179     5   195 0.76 -
8666:1918-2913       -            332 8274at4891           -            412   5.8e-22   75.3   2.8   2   2       1.6        37    0.2   0.2   341   360   232   251   226   319 0.53 -
8710:5595-6479       -            295 8274at4891           -            412   2.1e-21   73.4   0.2   1   2   1.4e-09   3.3e-08   30.0   0.3   239   297    89   147     4   150 0.74 -
8710:5595-6479       -            295 8274at4891           -            412   2.1e-21   73.4   0.2   2   2   1.2e-12   2.8e-11   40.1   0.0   301   412   175   294   172   294 0.83 -
9556:876-1871        -            332 8274at4891           -            412   3.5e-21   72.7   1.1   1   3       5.3   1.3e+02   -1.6   0.0   184   394    25    46    13    64 0.58 -
9556:876-1871        -            332 8274at4891           -            412   3.5e-21   72.7   1.1   2   3   2.6e-08   6.1e-07   25.8   0.4   237   297   111   171    72   178 0.84 -
9556:876-1871        -            332 8274at4891           -            412   3.5e-21   72.7   1.1   3   3   5.3e-14   1.2e-12   44.6   0.0   301   412   209   328   206   328 0.78 -
9140:10766-11608     -            281 8274at4891           -            412   3.6e-21   72.7   0.0   1   1   1.9e-22   4.5e-21   72.4   0.0   178   370     1   207     1   222 0.78 -
8804:3362-4279       -            306 8274at4891           -            412   4.2e-21   72.5   0.0   1   1   3.9e-22   9.1e-21   71.4   0.0   177   371     9   217     1   254 0.74 -
8764:438-2084        -            549 8274at4891           -            412   1.8e-20   70.4   0.1   1   1   1.4e-21   3.4e-20   69.5   0.1   263   353   260   359   178   367 0.74 -
9288:6241-7161       -            307 8274at4891           -            412   4.8e-20   69.0   0.2   1   1   8.3e-21   1.9e-19   67.0   0.2   179   374     8   230     2   277 0.68 -
9288:1887-2741       -            285 8274at4891           -            412   5.2e-20   68.9   0.0   1   1     3e-21     7e-20   68.4   0.0   170   360     7   218     2   237 0.78 -
9396:10785-11381     -            199 8274at4891           -            412   8.3e-20   68.2   0.0   1   1     4e-21   9.4e-20   68.0   0.0   178   359     1   198     1   199 0.86 -
9516:8073-8876       -            268 8274at4891           -            412   8.7e-20   68.1   0.6   1   1   5.2e-21   1.2e-19   67.7   0.6   177   412    15   268     2   268 0.74 -
9050:611-1576        -            322 8274at4891           -            412   2.3e-19   66.7   0.2   1   2    0.0067      0.16    8.0   0.0   171   206     4    39     2    77 0.81 -
9050:611-1576        -            322 8274at4891           -            412   2.3e-19   66.7   0.2   2   2   3.2e-17   7.6e-16   55.1   0.1   217   407    99   320    67   322 0.67 -
7948:472-1854        -            461 8274at4891           -            412   2.3e-19   66.7   0.0   1   2   4.9e-05    0.0012   15.0   0.0   168   243   132   227   119   229 0.63 -
7948:472-1854        -            461 8274at4891           -            412   2.3e-19   66.7   0.0   2   2   1.5e-14   3.5e-13   46.4   0.0   242   359   250   389   247   400 0.79 -
9316:14764-15318     -            185 8274at4891           -            412   6.2e-18   62.0   0.2   1   1   3.1e-19   7.3e-18   61.8   0.2   227   360    33   180     5   185 0.78 -
9000:1272-2168       -            299 8274at4891           -            412     1e-17   61.3   0.0   1   1   6.1e-19   1.4e-17   60.8   0.0   177   365    10   216     7   225 0.81 -
9660:6627-7220       -            198 8274at4891           -            412   4.4e-17   59.2   0.0   1   1   2.2e-18   5.1e-17   59.0   0.0   175   349     2   195     1   198 0.78 -
9316:2356-5388       -           1011 8274at4891           -            412   1.1e-16   57.9   0.0   1   2   5.2e-12   1.2e-10   38.0   0.0   172   334   573   762   553   771 0.70 -
9316:2356-5388       -           1011 8274at4891           -            412   1.1e-16   57.9   0.0   2   2   9.8e-06   0.00023   17.3   0.0   333   410   793   877   778   879 0.81 -
9572:16580-17233     -            218 8274at4891           -            412   1.1e-16   57.9   0.3   1   1   6.7e-18   1.6e-16   57.4   0.3   178   353     1   198     1   205 0.77 -
9724:16735-17796     -            354 8274at4891           -            412   2.4e-16   56.8   0.6   1   4       2.8        67   -0.7   0.0   177   189    10    22     3    35 0.88 -
9724:16735-17796     -            354 8274at4891           -            412   2.4e-16   56.8   0.6   2   4   1.7e-15     4e-14   49.5   0.1   261   371   132   264   101   275 0.77 -
9724:16735-17796     -            354 8274at4891           -            412   2.4e-16   56.8   0.6   3   4       5.2   1.2e+02   -1.5   0.0   238   257   301   320   297   335 0.86 -
9724:16735-17796     -            354 8274at4891           -            412   2.4e-16   56.8   0.6   4   4       1.6        37    0.2   0.0   387   411   328   352   321   353 0.89 -
8798:2318-3331       -            338 8274at4891           -            412   2.2e-15   53.6   0.0   1   3    0.0049      0.11    8.5   0.1   170   224     9    65     2    71 0.84 -
8798:2318-3331       -            338 8274at4891           -            412   2.2e-15   53.6   0.0   2   3   2.4e-11   5.7e-10   35.8   0.0   268   309   157   203   149   211 0.81 -
8798:2318-3331       -            338 8274at4891           -            412   2.2e-15   53.6   0.0   3   3     0.034       0.8    5.7   0.0   338   408   256   327   232   329 0.86 -
7548:67-747          -            227 8274at4891           -            412   2.5e-15   53.4   0.2   1   1   1.9e-16   4.5e-15   52.6   0.2   174   315     5   151     1   213 0.81 -
8386:2346-3074       -            243 8274at4891           -            412   2.8e-15   53.3   0.0   1   1   1.1e-15   2.6e-14   50.1   0.0   268   370    69   183    51   239 0.65 -
9708:2183-3157       -            325 8274at4891           -            412   1.2e-14   51.2   0.0   1   1   7.8e-16   1.8e-14   50.6   0.0   242   357   124   254   110   324 0.80 -
9022:791-1471        -            227 8274at4891           -            412   3.3e-14   49.8   0.1   1   1   2.1e-14     5e-13   45.9   0.1   223   362    20   184     3   193 0.72 -
9598:11083-11721     -            213 8274at4891           -            412   5.1e-14   49.1   0.0   1   2   8.4e-15     2e-13   47.2   0.0   178   331     3   171     1   180 0.82 -
9598:11083-11721     -            213 8274at4891           -            412   5.1e-14   49.1   0.0   2   2       2.3        54   -0.3   0.0   336   351   194   209   191   213 0.81 -
8460:1970-2827       -            286 8274at4891           -            412   7.5e-14   48.6   0.1   1   1   7.8e-15   1.8e-13   47.3   0.0   256   371    87   209     6   216 0.76 -
9708:4262-6904       -            881 8274at4891           -            412   9.2e-14   48.3   0.0   1   2   2.3e-12   5.4e-11   39.2   0.0   175   318   418   580   313   587 0.85 -
9708:4262-6904       -            881 8274at4891           -            412   9.2e-14   48.3   0.0   2   2     0.018      0.42    6.6   0.0   339   373   792   828   785   841 0.81 -
9280:3099-4592       -            498 8274at4891           -            412   1.2e-13   48.0   0.2   1   3   6.1e-08   1.4e-06   24.6   0.0   266   319   132   186   121   191 0.85 -
9280:3099-4592       -            498 8274at4891           -            412   1.2e-13   48.0   0.2   2   3   0.00023    0.0054   12.8   0.0   316   359   266   311   261   328 0.76 -
9280:3099-4592       -            498 8274at4891           -            412   1.2e-13   48.0   0.2   3   3     0.021       0.5    6.3   0.0   387   411   436   460   422   461 0.90 -
7674:805-1767        -            321 8274at4891           -            412     3e-13   46.6   1.0   1   2   4.4e-08     1e-06   25.1   0.3   176   297    11   156     5   161 0.66 -
7674:805-1767        -            321 8274at4891           -            412     3e-13   46.6   1.0   2   2   0.00028    0.0066   12.5   0.0   306   412   187   319   182   319 0.64 -
9018:8533-10704      -            724 8274at4891           -            412   4.8e-13   45.9   0.4   1   3   1.9e-07   4.5e-06   22.9   0.0   172   299   305   442   243   449 0.70 -
9018:8533-10704      -            724 8274at4891           -            412   4.8e-13   45.9   0.4   2   3   7.7e-06   0.00018   17.7   0.0   302   368   477   545   467   575 0.74 -
9018:8533-10704      -            724 8274at4891           -            412   4.8e-13   45.9   0.4   3   3      0.89        21    1.0   0.0   387   412   687   712   682   712 0.92 -
9250:1334-1957       -            208 8274at4891           -            412   6.1e-12   42.3   0.0   1   1   2.7e-13   6.3e-12   42.2   0.0   175   316     4   152     1   202 0.84 -
9508:1626-2423       -            266 8274at4891           -            412   1.7e-11   40.8   0.0   1   1   1.3e-12     3e-11   40.0   0.0   258   371    58   178    44   185 0.79 -
8416:2551-3603       -            351 8274at4891           -            412     2e-11   40.6   0.0   1   1   2.1e-12   5.1e-11   39.3   0.0   269   312   110   153    89   157 0.89 -
8626:1051-1599       -            183 8274at4891           -            412   2.7e-11   40.2   0.0   1   1   1.4e-12   3.2e-11   39.9   0.0   253   312    10    71     7   101 0.89 -
9500:730-1611        -            294 8274at4891           -            412   5.4e-11   39.2   0.0   1   1   5.2e-12   1.2e-10   38.0   0.0   237   409    94   286    18   289 0.73 -
9574:11971-12594     -            208 8274at4891           -            412   5.7e-11   39.1   0.0   1   1   2.5e-12   5.9e-11   39.0   0.0   175   316     4   152     1   207 0.81 -
9336:5762-6706       -            315 8274at4891           -            412   5.8e-11   39.1   0.3   1   1   9.7e-12   2.3e-10   37.1   0.2   195   361    71   269    66   280 0.73 -
8194:3006-3602       -            199 8274at4891           -            412   8.3e-11   38.6   0.0   1   1   1.4e-11   3.3e-10   36.6   0.0   243   408     5   190     1   193 0.67 -
9502:2145-3251       -            369 8274at4891           -            412     1e-10   38.3   0.1   1   1   7.2e-12   1.7e-10   37.5   0.1   268   318   137   192   131   243 0.65 -
8796:1455-1940       -            162 8274at4891           -            412   6.9e-09   32.2   4.0   1   1   1.9e-08   4.4e-07   26.3   4.0   177   297    23   162    13   162 0.65 -
9390:2655-7010       -           1452 8274at4891           -            412   9.5e-08   28.5   0.0   1   2   0.00014    0.0032   13.6   0.1   271   308   129   166   116   171 0.87 -
9390:2655-7010       -           1452 8274at4891           -            412   9.5e-08   28.5   0.0   2   2   0.00037    0.0086   12.2   0.0   336   408   217   293   213   295 0.76 -
8796:234-743         -            170 8274at4891           -            412   2.7e-06   23.7   0.0   1   2   1.7e-05    0.0004   16.5   0.0   303   359     7    65     3    71 0.77 -
8796:234-743         -            170 8274at4891           -            412   2.7e-06   23.7   0.0   2   2     0.046       1.1    5.2   0.0   384   412   139   167   129   167 0.90 -
8766:2416-3300       -            295 8274at4891           -            412   2.8e-06   23.6   0.0   1   1   2.5e-07     6e-06   22.6   0.0   286   407   151   295   147   295 0.72 -
9532:12469-14466     -            666 8274at4891           -            412   2.1e-05   20.7   0.5   1   3      0.33       7.8    2.4   0.0   177   235   178   240   169   249 0.77 -
9532:12469-14466     -            666 8274at4891           -            412   2.1e-05   20.7   0.5   2   3   0.00036    0.0084   12.2   0.0   263   297   325   358   318   361 0.86 -
9532:12469-14466     -            666 8274at4891           -            412   2.1e-05   20.7   0.5   3   3      0.33       7.7    2.4   0.0    91   162   496   567   478   576 0.85 -
8836:7701-8510       -            270 8274at4891           -            412    0.0001   18.5   0.1   1   1   1.5e-05   0.00036   16.7   0.1   175   299     4   147     1   156 0.79 -
9418:1089-4097       -           1003 8274at4891           -            412    0.0015   14.7   0.1   1   2       6.6   1.6e+02   -1.9   0.3    80   140   380   440   370   461 0.80 -
9418:1089-4097       -           1003 8274at4891           -            412    0.0015   14.7   0.1   2   2   6.2e-05    0.0015   14.7   0.1   140   297   662   828   593   832 0.73 -
9678:8748-11114      -            789 8274at4891           -            412    0.0075   12.3   0.0   1   1    0.0041     0.097    8.7   0.0   266   359   149   260    78   269 0.72 -
#
# Program:         hmmsearch
# Version:         3.1b2 (February 2015)
# Pipeline mode:   SEARCH
# Query file:      /home/jj/Desktop/Bioinformatics/3rd_year/1term/Computational_genomics/Seminars/exercise_04/busco_downloads/lineages/saccharomycetes_odb10/hmms/8274at4891.hmm
# Target file:     /home/jj/Desktop/Bioinformatics/3rd_year/1term/Computational_genomics/Seminars/exercise_04/./busco/SRR6130428/SRR6130428_k63_contigs/run_saccharomycetes_odb10/metaeuk_output/initial_results/SRR6130428_k63_graph.contig.fa.modified.fas
# Option settings: hmmsearch --domtblout /home/jj/Desktop/Bioinformatics/3rd_year/1term/Computational_genomics/Seminars/exercise_04/./busco/SRR6130428/SRR6130428_k63_contigs/run_saccharomycetes_odb10/hmmer_output/initial_run_results/8274at4891.out --cpu 1 /home/jj/Desktop/Bioinformatics/3rd_year/1term/Computational_genomics/Seminars/exercise_04/busco_downloads/lineages/saccharomycetes_odb10/hmms/8274at4891.hmm /home/jj/Desktop/Bioinformatics/3rd_year/1term/Computational_genomics/Seminars/exercise_04/./busco/SRR6130428/SRR6130428_k63_contigs/run_saccharomycetes_odb10/metaeuk_output/initial_results/SRR6130428_k63_graph.contig.fa.modified.fas 
# Current dir:     /home/jj/Desktop/Bioinformatics/3rd_year/1term/Computational_genomics/Seminars/exercise_04
# Date:            Tue Nov  5 18:39:26 2024
# [ok]
