#                                                                            --- full sequence --- -------------- this domain -------------   hmm coord   ali coord   env coord
# target name        accession   tlen query name           accession   qlen   E-value  score  bias   #  of  c-Evalue  i-Evalue  score  bias  from    to  from    to  from    to  acc description of target
#------------------- ---------- ----- -------------------- ---------- ----- --------- ------ ----- --- --- --------- --------- ------ ----- ----- ----- ----- ----- ----- ----- ---- ---------------------
9596:14408-15766     -            453 8686at4891           -            344  3.1e-192  635.0   0.2   1   1  1.9e-192  1.7e-190  629.3   0.2     1   339    53   413    53   438 0.92 -
9726:26191-28521     -            777 8686at4891           -            344   1.8e-31  106.4   0.0   1   2     1e-16   9.2e-15   51.4   0.0   165   314   250   408   216   427 0.80 -
9726:26191-28521     -            777 8686at4891           -            344   1.8e-31  106.4   0.0   2   2   4.6e-17   4.1e-15   52.6   0.0   169   314   524   678   514   693 0.78 -
9700:3872-6376       -            835 8686at4891           -            344   1.1e-28   97.2   0.0   1   2   3.6e-15   3.2e-13   46.4   0.0   180   314   233   376   217   396 0.78 -
9700:3872-6376       -            835 8686at4891           -            344   1.1e-28   97.2   0.0   2   2   9.3e-16   8.3e-14   48.3   0.0   168   312   494   650   482   656 0.79 -
9452:13582-16065     -            828 8686at4891           -            344   1.2e-26   90.5   0.0   1   2   4.3e-14   3.8e-12   42.8   0.0   187   318   231   376   208   396 0.75 -
9452:13582-16065     -            828 8686at4891           -            344   1.2e-26   90.5   0.0   2   2   9.2e-15   8.2e-13   45.0   0.0   181   313   553   694   539   707 0.79 -
8622:4584-5795       -            404 8686at4891           -            344     9e-19   64.6   0.0   1   1   1.5e-20   1.3e-18   64.0   0.0   179   314   165   312   148   328 0.79 -
9278:249-1565        -            439 8686at4891           -            344   1.6e-18   63.8   0.0   1   1   2.8e-20   2.5e-18   63.2   0.0   172   334   195   369   185   375 0.79 -
8672:233-1792        -            520 8686at4891           -            344   5.6e-18   62.0   0.0   1   1     1e-19     9e-18   61.3   0.0   167   315    80   241    62   261 0.78 -
9088:3332-4615       -            428 8686at4891           -            344   6.4e-18   61.8   0.0   1   1   1.3e-19   1.1e-17   61.0   0.0   170   314   181   337   171   349 0.81 -
9460:15656-16984     -            443 8686at4891           -            344     2e-17   60.2   0.0   1   1   3.4e-19     3e-17   59.6   0.0   169   315    12   170     3   195 0.82 -
8694:2670-4910       -            747 8686at4891           -            344   5.1e-17   58.9   0.0   1   1   9.1e-19   8.1e-17   58.2   0.0   174   313   293   441   273   462 0.87 -
9172:4263-5570       -            436 8686at4891           -            344   1.2e-16   57.7   0.0   1   1   2.6e-18   2.3e-16   56.7   0.0   165   315   188   349   178   372 0.77 -
9660:17138-18448     -            437 8686at4891           -            344   3.3e-16   56.2   0.0   1   1   5.8e-18   5.2e-16   55.5   0.0   180   315   200   347   184   369 0.77 -
8906:738-3590        -            951 8686at4891           -            344     2e-14   50.3   0.0   1   1   4.9e-16   4.4e-14   49.2   0.0   169   312   661   815   652   843 0.75 -
9666:11714-13114     -            467 8686at4891           -            344   2.3e-14   50.2   0.0   1   1   3.8e-16   3.4e-14   49.6   0.0   181   315   229   375   212   382 0.75 -
8480:3440-5710       -            757 8686at4891           -            344     4e-12   42.8   0.4   1   2     1e-11   9.2e-10   35.0   0.4   189   315   268   414   263   430 0.73 -
8480:3440-5710       -            757 8686at4891           -            344     4e-12   42.8   0.4   2   2     0.047       4.2    3.2   0.0   177   216   535   578   528   594 0.68 -
9198:6736-10866      -           1377 8686at4891           -            344   5.5e-11   39.0   0.0   1   1   1.4e-12   1.2e-10   37.9   0.0   185   313   437   579   417   600 0.75 -
8626:2959-6072       -           1038 8686at4891           -            344   6.8e-10   35.4   0.0   1   1   1.7e-11   1.5e-09   34.3   0.0   192   319   723   859   699   873 0.77 -
9238:3-14489         -           4829 8686at4891           -            344   1.1e-09   34.7   0.0   1   6       1.5   1.4e+02   -1.8   0.0   197   237   229   269   220   271 0.78 -
9238:3-14489         -           4829 8686at4891           -            344   1.1e-09   34.7   0.0   2   6    0.0002     0.018   11.0   0.0   198   238   568   608   557   634 0.88 -
9238:3-14489         -           4829 8686at4891           -            344   1.1e-09   34.7   0.0   3   6     0.057       5.1    3.0   0.0   195   228   995  1028   966  1045 0.74 -
9238:3-14489         -           4829 8686at4891           -            344   1.1e-09   34.7   0.0   4   6      0.13        12    1.7   0.0   198   238  1283  1323  1274  1349 0.89 -
9238:3-14489         -           4829 8686at4891           -            344   1.1e-09   34.7   0.0   5   6   0.00028     0.025   10.5   0.0   193   232  1657  1696  1649  1702 0.86 -
9238:3-14489         -           4829 8686at4891           -            344   1.1e-09   34.7   0.0   6   6       3.4     3e+02   -2.9   0.0   199   220  1970  1991  1963  2002 0.82 -
7824:343-1428        -            362 8686at4891           -            344     3e-08   30.0   0.0   1   1   4.8e-10   4.3e-08   29.5   0.0   196   308   127   250   108   273 0.77 -
7436:115-1425        -            437 8686at4891           -            344     2e-07   27.3   0.0   1   1   3.4e-09   3.1e-07   26.7   0.0   196   307   167   288   159   300 0.75 -
9646:14198-14803     -            202 8686at4891           -            344   1.7e-05   21.0   0.0   1   1   2.3e-07   2.1e-05   20.7   0.0   179   244    58   123    34   140 0.79 -
8962:129-1130        -            334 8686at4891           -            344   2.5e-05   20.4   0.0   1   1   4.4e-07     4e-05   19.8   0.0   198   245    49    97    24   184 0.78 -
7960:171-1106        -            312 8686at4891           -            344   3.1e-05   20.1   0.0   1   1   5.2e-07   4.6e-05   19.5   0.0   196   266    55   132    46   148 0.77 -
9530:9826-10800      -            325 8686at4891           -            344   4.4e-05   19.6   0.0   1   1   7.2e-07   6.5e-05   19.1   0.0   196   266    77   154    68   211 0.76 -
9542:14011-14553     -            181 8686at4891           -            344    0.0003   16.9   0.0   1   2   0.00063     0.056    9.4   0.0   198   219     8    29     2    37 0.87 -
9542:14011-14553     -            181 8686at4891           -            344    0.0003   16.9   0.0   2   2     0.011      0.99    5.3   0.1   233   280   125   175    97   179 0.81 -
9216:2738-5320       -            861 8686at4891           -            344   0.00033   16.7   0.0   1   1   6.2e-06   0.00055   16.0   0.0   193   237   344   383   320   433 0.78 -
9458:17491-18546     -            352 8686at4891           -            344    0.0017   14.4   0.0   1   1   3.5e-05    0.0031   13.5   0.0   198   220    61    83    57   111 0.78 -
9488:17255-19456     -            734 8686at4891           -            344    0.0019   14.2   0.0   1   1   3.6e-05    0.0032   13.5   0.0   195   247   169   225   164   244 0.72 -
9244:5710-7539       -            610 8686at4891           -            344    0.0083   12.1   0.0   1   2    0.0037      0.33    6.8   0.0   192   217   104   129    65   141 0.81 -
9244:5710-7539       -            610 8686at4891           -            344    0.0083   12.1   0.0   2   2     0.063       5.7    2.8   0.0   135   219   364   445   234   449 0.57 -
9514:183-1775        -            531 8686at4891           -            344    0.0086   12.1   0.0   1   2   0.00028     0.025   10.5   0.0   199   251    88   144    73   156 0.81 -
9514:183-1775        -            531 8686at4891           -            344    0.0086   12.1   0.0   2   2       3.7   3.3e+02   -3.0   0.0   101   127   387   414   381   428 0.72 -
#
# Program:         hmmsearch
# Version:         3.1b2 (February 2015)
# Pipeline mode:   SEARCH
# Query file:      /home/jj/Desktop/Bioinformatics/3rd_year/1term/Computational_genomics/Seminars/exercise_04/busco_downloads/lineages/saccharomycetes_odb10/hmms/8686at4891.hmm
# Target file:     /home/jj/Desktop/Bioinformatics/3rd_year/1term/Computational_genomics/Seminars/exercise_04/./busco/SRR6130428/SRR6130428_k63_contigs/run_saccharomycetes_odb10/metaeuk_output/initial_results/SRR6130428_k63_graph.contig.fa.modified.fas
# Option settings: hmmsearch --domtblout /home/jj/Desktop/Bioinformatics/3rd_year/1term/Computational_genomics/Seminars/exercise_04/./busco/SRR6130428/SRR6130428_k63_contigs/run_saccharomycetes_odb10/hmmer_output/initial_run_results/8686at4891.out --cpu 1 /home/jj/Desktop/Bioinformatics/3rd_year/1term/Computational_genomics/Seminars/exercise_04/busco_downloads/lineages/saccharomycetes_odb10/hmms/8686at4891.hmm /home/jj/Desktop/Bioinformatics/3rd_year/1term/Computational_genomics/Seminars/exercise_04/./busco/SRR6130428/SRR6130428_k63_contigs/run_saccharomycetes_odb10/metaeuk_output/initial_results/SRR6130428_k63_graph.contig.fa.modified.fas 
# Current dir:     /home/jj/Desktop/Bioinformatics/3rd_year/1term/Computational_genomics/Seminars/exercise_04
# Date:            Tue Nov  5 18:39:28 2024
# [ok]
