#                                                                            --- full sequence --- -------------- this domain -------------   hmm coord   ali coord   env coord
# target name        accession   tlen query name           accession   qlen   E-value  score  bias   #  of  c-Evalue  i-Evalue  score  bias  from    to  from    to  from    to  acc description of target
#------------------- ---------- ----- -------------------- ---------- ----- --------- ------ ----- --- --- --------- --------- ------ ----- ----- ----- ----- ----- ----- ----- ---- ---------------------
9720:52954-54486     -            511 8708at4891           -            442  7.3e-285  941.9   5.0   1   1  1.6e-287  8.4e-285  941.7   5.0     1   442    48   509    48   509 0.98 -
7520:46-1596         -            517 8708at4891           -            442   3.2e-30  102.7   0.0   1   1   1.1e-32   6.1e-30  101.8   0.0    37   383    79   446    60   474 0.83 -
7794:98-1678         -            527 8708at4891           -            442   1.1e-20   71.2   0.1   1   1     3e-23   1.6e-20   70.7   0.1    36   398    92   472    82   499 0.80 -
8668:3836-7048       -           1071 8708at4891           -            442   1.3e-20   71.0   0.4   1   3     0.064        34    0.4   0.1    37    76    73   113    49   133 0.77 -
8668:3836-7048       -           1071 8708at4891           -            442   1.3e-20   71.0   0.4   2   3   9.7e-05     0.052    9.7   0.0    96   138   229   271   205   291 0.85 -
8668:3836-7048       -           1071 8708at4891           -            442   1.3e-20   71.0   0.4   3   3   4.7e-19   2.5e-16   56.9   0.0   160   393   751   994   726  1016 0.80 -
8626:2959-6072       -           1038 8708at4891           -            442     0.019   11.2   0.0   1   2       1.1   5.8e+02   -3.6   0.1   314   344    78   108    74   113 0.87 -
8626:2959-6072       -           1038 8708at4891           -            442     0.019   11.2   0.0   2   2   7.8e-05     0.042   10.0   0.0   110   152   442   484   411   501 0.83 -
#
# Program:         hmmsearch
# Version:         3.1b2 (February 2015)
# Pipeline mode:   SEARCH
# Query file:      /home/jj/Desktop/Bioinformatics/3rd_year/1term/Computational_genomics/Seminars/exercise_04/busco_downloads/lineages/saccharomycetes_odb10/hmms/8708at4891.hmm
# Target file:     /home/jj/Desktop/Bioinformatics/3rd_year/1term/Computational_genomics/Seminars/exercise_04/./busco/SRR6130428/SRR6130428_k63_contigs/run_saccharomycetes_odb10/metaeuk_output/initial_results/SRR6130428_k63_graph.contig.fa.modified.fas
# Option settings: hmmsearch --domtblout /home/jj/Desktop/Bioinformatics/3rd_year/1term/Computational_genomics/Seminars/exercise_04/./busco/SRR6130428/SRR6130428_k63_contigs/run_saccharomycetes_odb10/hmmer_output/initial_run_results/8708at4891.out --cpu 1 /home/jj/Desktop/Bioinformatics/3rd_year/1term/Computational_genomics/Seminars/exercise_04/busco_downloads/lineages/saccharomycetes_odb10/hmms/8708at4891.hmm /home/jj/Desktop/Bioinformatics/3rd_year/1term/Computational_genomics/Seminars/exercise_04/./busco/SRR6130428/SRR6130428_k63_contigs/run_saccharomycetes_odb10/metaeuk_output/initial_results/SRR6130428_k63_graph.contig.fa.modified.fas 
# Current dir:     /home/jj/Desktop/Bioinformatics/3rd_year/1term/Computational_genomics/Seminars/exercise_04
# Date:            Tue Nov  5 18:39:29 2024
# [ok]
