#                                                                            --- full sequence --- -------------- this domain -------------   hmm coord   ali coord   env coord
# target name        accession   tlen query name           accession   qlen   E-value  score  bias   #  of  c-Evalue  i-Evalue  score  bias  from    to  from    to  from    to  acc description of target
#------------------- ---------- ----- -------------------- ---------- ----- --------- ------ ----- --- --- --------- --------- ------ ----- ----- ----- ----- ----- ----- ----- ---- ---------------------
8574:2079-3692       -            538 8978at4891           -            446  7.8e-194  641.6   4.1   1   1  8.9e-196  2.2e-193  640.2   4.1     1   445     5   537     5   538 0.89 -
8934:4905-6950       -            682 8978at4891           -            446   6.7e-68  226.6   5.8   1   1   1.3e-68   3.2e-66  221.0   5.8     1   438    52   536    52   542 0.82 -
9046:8407-10239      -            611 8978at4891           -            446   2.3e-67  224.8   2.7   1   2   9.3e-70   2.3e-67  224.8   2.7     2   437     1   486     1   495 0.82 -
9046:8407-10239      -            611 8978at4891           -            446   2.3e-67  224.8   2.7   2   2       2.8   6.9e+02   -4.2   0.3   384   408   507   531   504   548 0.64 -
8066:208-2040        -            611 8978at4891           -            446   2.1e-66  221.7   7.0   1   2   2.5e-68   6.1e-66  220.1   2.0     2   396     1   442     1   493 0.80 -
8066:208-2040        -            611 8978at4891           -            446   2.1e-66  221.7   7.0   2   2       2.2   5.4e+02   -3.8   0.2    24    47   510   535   505   550 0.44 -
7202:0-1001          -            334 8978at4891           -            446   8.8e-58  193.2   0.2   1   1   4.6e-60   1.1e-57  192.9   0.2    78   338    26   306     9   334 0.88 -
8506:2332-4293       -            654 8978at4891           -            446   1.8e-49  165.8   2.8   1   2   1.1e-51   2.8e-49  165.2   0.7     1   439    32   515    32   522 0.82 -
8506:2332-4293       -            654 8978at4891           -            446   1.8e-49  165.8   2.8   2   2       2.2   5.3e+02   -3.8   0.1   286   329   586   629   583   632 0.79 -
9188:8052-9938       -            629 8978at4891           -            446   1.1e-47  159.9   2.8   1   1     2e-49   4.8e-47  157.8   2.8     1   439    16   499    16   505 0.82 -
9696:13917-15803     -            629 8978at4891           -            446   1.3e-36  123.5   0.5   1   1   8.1e-38     2e-35  119.5   0.5    83   437   129   502     6   509 0.76 -
8268:2774-4669       -            632 8978at4891           -            446   3.9e-35  118.6   2.0   1   2   1.9e-06   0.00046   16.2   0.5     3   121     4   152     3   184 0.68 -
8268:2774-4669       -            632 8978at4891           -            446   3.9e-35  118.6   2.0   2   2   1.6e-31   3.8e-29   98.8   0.0   141   321   200   377   195   396 0.95 -
9466:7236-9092       -            619 8978at4891           -            446     8e-34  114.2   3.2   1   2   8.1e-07    0.0002   17.4   0.6     3    66     4    73     3   163 0.84 -
9466:7236-9092       -            619 8978at4891           -            446     8e-34  114.2   3.2   2   2     2e-30   4.9e-28   95.2   0.1   141   321   200   377   193   385 0.94 -
9326:9995-12589      -            865 8978at4891           -            446   4.4e-16   55.8   0.2   1   1   3.9e-18   9.4e-16   54.7   0.2   193   373   296   477   264   491 0.79 -
#
# Program:         hmmsearch
# Version:         3.1b2 (February 2015)
# Pipeline mode:   SEARCH
# Query file:      /home/jj/Desktop/Bioinformatics/3rd_year/1term/Computational_genomics/Seminars/exercise_04/busco_downloads/lineages/saccharomycetes_odb10/hmms/8978at4891.hmm
# Target file:     /home/jj/Desktop/Bioinformatics/3rd_year/1term/Computational_genomics/Seminars/exercise_04/./busco/SRR6130428/SRR6130428_k63_contigs/run_saccharomycetes_odb10/metaeuk_output/initial_results/SRR6130428_k63_graph.contig.fa.modified.fas
# Option settings: hmmsearch --domtblout /home/jj/Desktop/Bioinformatics/3rd_year/1term/Computational_genomics/Seminars/exercise_04/./busco/SRR6130428/SRR6130428_k63_contigs/run_saccharomycetes_odb10/hmmer_output/initial_run_results/8978at4891.out --cpu 1 /home/jj/Desktop/Bioinformatics/3rd_year/1term/Computational_genomics/Seminars/exercise_04/busco_downloads/lineages/saccharomycetes_odb10/hmms/8978at4891.hmm /home/jj/Desktop/Bioinformatics/3rd_year/1term/Computational_genomics/Seminars/exercise_04/./busco/SRR6130428/SRR6130428_k63_contigs/run_saccharomycetes_odb10/metaeuk_output/initial_results/SRR6130428_k63_graph.contig.fa.modified.fas 
# Current dir:     /home/jj/Desktop/Bioinformatics/3rd_year/1term/Computational_genomics/Seminars/exercise_04
# Date:            Tue Nov  5 18:39:30 2024
# [ok]
