#                                                                            --- full sequence --- -------------- this domain -------------   hmm coord   ali coord   env coord
# target name        accession   tlen query name           accession   qlen   E-value  score  bias   #  of  c-Evalue  i-Evalue  score  bias  from    to  from    to  from    to  acc description of target
#------------------- ---------- ----- -------------------- ---------- ----- --------- ------ ----- --- --- --------- --------- ------ ----- ----- ----- ----- ----- ----- ----- ---- ---------------------
9674:12257-13606     -            450 8998at4891           -            299  1.9e-147  487.4   3.7   1   1  1.4e-148    5e-147  486.1   3.7     6   299    40   370    36   370 0.92 -
8436:656-1654        -            333 8998at4891           -            299   2.3e-42  142.4  20.5   1   4   1.1e-09   3.8e-08   30.1   0.8   155   205     1    52     1    66 0.82 -
8436:656-1654        -            333 8998at4891           -            299   2.3e-42  142.4  20.5   2   4   3.1e-12   1.1e-10   38.4   1.7   130   206    68   144    63   156 0.90 -
8436:656-1654        -            333 8998at4891           -            299   2.3e-42  142.4  20.5   3   4   2.3e-14   8.3e-13   45.4   0.1   128   206   189   268   179   272 0.89 -
8436:656-1654        -            333 8998at4891           -            299   2.3e-42  142.4  20.5   4   4   3.3e-13   1.2e-11   41.6   2.1   119   185   265   331   261   333 0.96 -
9618:271-3099        -            943 8998at4891           -            299   4.4e-36  121.8  20.2   1   4   9.9e-14   3.5e-12   43.3   4.0    86   226    84   231    76   238 0.84 -
9618:271-3099        -            943 8998at4891           -            299   4.4e-36  121.8  20.2   2   4    0.0034      0.12    8.7   0.1   153   196   386   428   381   433 0.87 -
9618:271-3099        -            943 8998at4891           -            299   4.4e-36  121.8  20.2   3   4   5.5e-18     2e-16   57.3   1.2    44   225   435   643   432   645 0.78 -
9618:271-3099        -            943 8998at4891           -            299   4.4e-36  121.8  20.2   4   4   4.5e-08   1.6e-06   24.7   0.8   120   188   619   687   618   700 0.89 -
9126:8755-11505      -            917 8998at4891           -            299   1.5e-34  116.8   8.5   1   5   8.1e-11   2.9e-09   33.8   2.0    45   225    20   219    14   225 0.76 -
9126:8755-11505      -            917 8998at4891           -            299   1.5e-34  116.8   8.5   2   5   2.4e-13   8.7e-12   42.0   0.0    38   147   259   376   229   377 0.83 -
9126:8755-11505      -            917 8998at4891           -            299   1.5e-34  116.8   8.5   3   5   5.7e-18     2e-16   57.2   0.5    41   186   347   501   328   515 0.83 -
9126:8755-11505      -            917 8998at4891           -            299   1.5e-34  116.8   8.5   4   5      0.36        13    2.1   0.0    40    70   516   546   505   555 0.87 -
9126:8755-11505      -            917 8998at4891           -            299   1.5e-34  116.8   8.5   5   5       6.6   2.3e+02   -2.1   0.0    40    64   679   703   666   713 0.66 -
9346:13077-16673     -           1199 8998at4891           -            299   6.6e-34  114.7  11.8   1   5   6.1e-09   2.2e-07   27.6   0.0   120   212    15   107     5   110 0.89 -
9346:13077-16673     -           1199 8998at4891           -            299   6.6e-34  114.7  11.8   2   5   5.4e-16   1.9e-14   50.7   0.8   119   186    98   165    96   174 0.95 -
9346:13077-16673     -           1199 8998at4891           -            299   6.6e-34  114.7  11.8   3   5     3e-13   1.1e-11   41.7   1.0   153   233   204   289   197   319 0.83 -
9346:13077-16673     -           1199 8998at4891           -            299   6.6e-34  114.7  11.8   4   5   8.4e-09     3e-07   27.1   0.9   136   267   229   366   229   397 0.73 -
9346:13077-16673     -           1199 8998at4891           -            299   6.6e-34  114.7  11.8   5   5       4.1   1.5e+02   -1.4   0.1   212   282   478   549   466   554 0.79 -
9676:28964-31411     -            816 8998at4891           -            299   1.9e-30  103.3  17.0   1   7   1.5e-07   5.2e-06   23.1   0.1    68   203    48   193     1   201 0.72 -
9676:28964-31411     -            816 8998at4891           -            299   1.9e-30  103.3  17.0   2   7     0.074       2.7    4.3   0.0   131   168   211   250   197   284 0.62 -
9676:28964-31411     -            816 8998at4891           -            299   1.9e-30  103.3  17.0   3   7       0.1       3.7    3.9   0.0   259   292   383   416   378   423 0.70 -
9676:28964-31411     -            816 8998at4891           -            299   1.9e-30  103.3  17.0   4   7       4.8   1.7e+02   -1.6   0.0   275   296   450   471   406   476 0.58 -
9676:28964-31411     -            816 8998at4891           -            299   1.9e-30  103.3  17.0   5   7   7.4e-10   2.6e-08   30.6   0.1   116   167   491   545   464   549 0.85 -
9676:28964-31411     -            816 8998at4891           -            299   1.9e-30  103.3  17.0   6   7   4.8e-15   1.7e-13   47.6   0.9   121   201   538   618   533   620 0.96 -
9676:28964-31411     -            816 8998at4891           -            299   1.9e-30  103.3  17.0   7   7    0.0079      0.28    7.5   0.1    79   110   615   646   613   653 0.88 -
9680:19363-20697     -            445 8998at4891           -            299   1.1e-29  100.8   4.7   1   5   8.3e-07     3e-05   20.6   0.0   120   163   137   181   126   190 0.78 -
9680:19363-20697     -            445 8998at4891           -            299   1.1e-29  100.8   4.7   2   5   7.3e-17   2.6e-15   53.6   0.0   118   208   178   268   176   271 0.96 -
9680:19363-20697     -            445 8998at4891           -            299   1.1e-29  100.8   4.7   3   5   9.6e-08   3.4e-06   23.7   0.2   120   206   264   349   263   378 0.85 -
9680:19363-20697     -            445 8998at4891           -            299   1.1e-29  100.8   4.7   4   5      0.08       2.9    4.2   0.0   118   185   346   420   334   420 0.53 -
9680:19363-20697     -            445 8998at4891           -            299   1.1e-29  100.8   4.7   5   5     0.029         1    5.6   0.0    88   116   400   428   386   442 0.52 -
8822:7585-8277       -            231 8998at4891           -            299   9.6e-29   97.7   0.5   1   3     6e-19   2.2e-17   60.4   0.0   119   225     1   110     1   113 0.86 -
8822:7585-8277       -            231 8998at4891           -            299   9.6e-29   97.7   0.5   2   3   3.9e-07   1.4e-05   21.7   0.1   119   191    84   164    79   169 0.83 -
8822:7585-8277       -            231 8998at4891           -            299   9.6e-29   97.7   0.5   3   3   3.8e-06   0.00013   18.4   0.0   147   203   174   230   170   231 0.94 -
9508:19799-20617     -            273 8998at4891           -            299   3.7e-27   92.5  11.3   1   3   3.6e-13   1.3e-11   41.5   0.7   133   226     1    93     1    95 0.91 -
9508:19799-20617     -            273 8998at4891           -            299   3.7e-27   92.5  11.3   2   3   4.2e-11   1.5e-09   34.7   1.7   131   205    79   152    74   157 0.90 -
9508:19799-20617     -            273 8998at4891           -            299   3.7e-27   92.5  11.3   3   3   1.5e-10   5.3e-09   32.9   0.4   130   196   208   272   202   273 0.86 -
9636:17731-18642     -            304 8998at4891           -            299   8.2e-24   81.5   8.0   1   3   2.2e-05   0.00079   15.9   0.0   172   230     5    65     2    72 0.86 -
9636:17731-18642     -            304 8998at4891           -            299   8.2e-24   81.5   8.0   2   3   1.6e-10   5.7e-09   32.8   0.1    79   153    74   154    69   159 0.65 -
9636:17731-18642     -            304 8998at4891           -            299   8.2e-24   81.5   8.0   3   3   4.4e-11   1.6e-09   34.6   1.7    81   195   160   288   155   301 0.77 -
9128:10043-12433     -            797 8998at4891           -            299   9.1e-24   81.4   3.4   1   3       1.9        68   -0.3   0.0   159   185   467   493   458   509 0.62 -
9128:10043-12433     -            797 8998at4891           -            299   9.1e-24   81.4   3.4   2   3   7.4e-19   2.6e-17   60.2   0.5    79   231   523   685   518   687 0.88 -
9128:10043-12433     -            797 8998at4891           -            299   9.1e-24   81.4   3.4   3   3   1.4e-06   4.9e-05   19.9   0.1   133   292   668   722   664   729 0.48 -
8974:7891-10245      -            785 8998at4891           -            299   9.8e-24   81.3  12.4   1   8   7.1e-10   2.5e-08   30.7   0.1   129   220    27   125    15   149 0.82 -
8974:7891-10245      -            785 8998at4891           -            299   9.8e-24   81.3  12.4   2   8     0.002     0.071    9.5   0.0   255   295   193   236   167   241 0.70 -
8974:7891-10245      -            785 8998at4891           -            299   9.8e-24   81.3  12.4   3   8   1.1e-06   3.8e-05   20.2   2.6    78   291   199   412   197   416 0.80 -
8974:7891-10245      -            785 8998at4891           -            299   9.8e-24   81.3  12.4   4   8      0.53        19    1.5   0.0   126   148   448   470   440   486 0.87 -
8974:7891-10245      -            785 8998at4891           -            299   9.8e-24   81.3  12.4   5   8     0.063       2.3    4.5   0.0   153   182   553   582   549   589 0.91 -
8974:7891-10245      -            785 8998at4891           -            299   9.8e-24   81.3  12.4   6   8     0.006      0.22    7.9   0.0   263   295   605   637   594   641 0.87 -
8974:7891-10245      -            785 8998at4891           -            299   9.8e-24   81.3  12.4   7   8    0.0008     0.029   10.8   0.0   261   295   650   686   640   691 0.84 -
8974:7891-10245      -            785 8998at4891           -            299   9.8e-24   81.3  12.4   8   8       0.9        32    0.8   0.0    30    82   692   748   687   765 0.72 -
9670:4414-5802       -            463 8998at4891           -            299     1e-22   78.0  10.0   1   2   2.7e-16   9.6e-15   51.7   1.8    34   231   169   382   138   388 0.80 -
9670:4414-5802       -            463 8998at4891           -            299     1e-22   78.0  10.0   2   2     9e-12   3.2e-10   36.9   1.8    79   185   346   463   345   463 0.88 -
9724:2093-15713      -            205 8998at4891           -            299   2.9e-20   69.9   1.7   1   3     8e-06   0.00028   17.4   0.1   173   204     1    32     1    46 0.79 -
9724:2093-15713      -            205 8998at4891           -            299   2.9e-20   69.9   1.7   2   3   6.8e-14   2.4e-12   43.8   0.0   173   243    65   136    60   146 0.86 -
9724:2093-15713      -            205 8998at4891           -            299   2.9e-20   69.9   1.7   3   3     0.012      0.43    6.9   0.1    71   109   163   199   140   203 0.81 -
9522:17732-18610     -            293 8998at4891           -            299   2.9e-19   66.6   0.7   1   4     5e-05    0.0018   14.7   0.0   151   191     7    48     1    62 0.82 -
9522:17732-18610     -            293 8998at4891           -            299   2.9e-19   66.6   0.7   2   4     0.005      0.18    8.2   0.0   172   196    88   112    68   125 0.86 -
9522:17732-18610     -            293 8998at4891           -            299   2.9e-19   66.6   0.7   3   4     1e-12   3.7e-11   40.0   0.0   173   257   154   248   149   252 0.80 -
9522:17732-18610     -            293 8998at4891           -            299   2.9e-19   66.6   0.7   4   4       6.2   2.2e+02   -2.0   0.0    92   108   277   293   269   293 0.81 -
9390:13413-15017     -            535 8998at4891           -            299   6.4e-18   62.2   3.4   1   3       7.8   2.8e+02   -2.3   0.0   225   249   156   180   150   189 0.81 -
9390:13413-15017     -            535 8998at4891           -            299   6.4e-18   62.2   3.4   2   3   1.3e-09   4.6e-08   29.8   0.4    32   109   213   289   189   299 0.87 -
9390:13413-15017     -            535 8998at4891           -            299   6.4e-18   62.2   3.4   3   3   3.7e-10   1.3e-08   31.6   0.2   127   238   328   441   322   481 0.56 -
9078:8616-9581       -            322 8998at4891           -            299   2.6e-17   60.2  17.3   1   5       1.4        49    0.2   0.0   196   224     7    36     2    46 0.56 -
9078:8616-9581       -            322 8998at4891           -            299   2.6e-17   60.2  17.3   2   5   5.8e-06   0.00021   17.8   0.1   261   298    52    89    37    90 0.89 -
9078:8616-9581       -            322 8998at4891           -            299   2.6e-17   60.2  17.3   3   5   5.7e-14   2.1e-12   44.1   6.7   119   224   107   223    99   225 0.87 -
9078:8616-9581       -            322 8998at4891           -            299   2.6e-17   60.2  17.3   4   5     0.083         3    4.2   0.3   130   181   210   269   206   306 0.66 -
9078:8616-9581       -            322 8998at4891           -            299   2.6e-17   60.2  17.3   5   5       1.9        68   -0.3   0.0   277   291   307   321   267   322 0.60 -
9354:16449-16934     -            162 8998at4891           -            299     5e-17   59.2   3.1   1   2      0.16       5.8    3.2   0.0   262   292    16    47     6    54 0.72 -
9354:16449-16934     -            162 8998at4891           -            299     5e-17   59.2   3.1   2   2   1.6e-17   5.8e-16   55.7   2.4   110   208    60   157    42   160 0.89 -
9676:9212-10057      -            282 8998at4891           -            299   1.4e-16   57.7   7.8   1   4   9.8e-10   3.5e-08   30.2   0.5   116   191     2    81     1   101 0.80 -
9676:9212-10057      -            282 8998at4891           -            299   1.4e-16   57.7   7.8   2   4     0.066       2.4    4.5   0.0    40    86    93   143    80   150 0.57 -
9676:9212-10057      -            282 8998at4891           -            299   1.4e-16   57.7   7.8   3   4   4.2e-08   1.5e-06   24.8   0.5   127   186   162   228   157   245 0.80 -
9676:9212-10057      -            282 8998at4891           -            299   1.4e-16   57.7   7.8   4   4       1.4        50    0.1   0.0   268   292   251   275   244   279 0.84 -
9716:9893-12037      -            715 8998at4891           -            299   1.9e-16   57.3  13.4   1   3   4.3e-05    0.0015   15.0   0.6   119   224    16   124     4   129 0.77 -
9716:9893-12037      -            715 8998at4891           -            299   1.9e-16   57.3  13.4   2   3   2.4e-09   8.6e-08   28.9   1.5    77   163   133   225   129   231 0.76 -
9716:9893-12037      -            715 8998at4891           -            299   1.9e-16   57.3  13.4   3   3   1.9e-06     7e-05   19.4   0.2   131   189   234   291   229   315 0.87 -
9208:2600-5119       -            840 8998at4891           -            299   1.9e-16   57.3   3.8   1   6     0.099       3.5    3.9   0.0    82   109    18    45     7    55 0.75 -
9208:2600-5119       -            840 8998at4891           -            299   1.9e-16   57.3   3.8   2   6   0.00054     0.019   11.3   0.0   262   293    77   108    70   114 0.88 -
9208:2600-5119       -            840 8998at4891           -            299   1.9e-16   57.3   3.8   3   6   0.00017    0.0061   13.0   0.0   252   294   125   167   117   172 0.90 -
9208:2600-5119       -            840 8998at4891           -            299   1.9e-16   57.3   3.8   4   6   0.00015    0.0053   13.2   0.0   112   148   175   211   171   220 0.89 -
9208:2600-5119       -            840 8998at4891           -            299   1.9e-16   57.3   3.8   5   6      0.15       5.5    3.3   0.0   276   297   325   346   312   348 0.85 -
9208:2600-5119       -            840 8998at4891           -            299   1.9e-16   57.3   3.8   6   6     0.011      0.39    7.0   0.0   264   291   356   383   348   389 0.76 -
9534:20058-21434     -            459 8998at4891           -            299     9e-16   55.1   5.5   1   4    0.0001    0.0037   13.7   0.1    94   187   116   172   100   180 0.48 -
9534:20058-21434     -            459 8998at4891           -            299     9e-16   55.1   5.5   2   4    0.0022     0.079    9.3   0.1   144   186   194   235   173   256 0.83 -
9534:20058-21434     -            459 8998at4891           -            299     9e-16   55.1   5.5   3   4   0.00099     0.035   10.5   0.0   119   191   290   362   270   368 0.82 -
9534:20058-21434     -            459 8998at4891           -            299     9e-16   55.1   5.5   4   4   4.5e-07   1.6e-05   21.5   0.1   150   213   367   431   362   451 0.85 -
9046:295-1389        -            365 8998at4891           -            299   2.2e-15   53.9   0.3   1   3   1.9e-08   6.8e-07   26.0   0.1   119   192    39   114    32   131 0.85 -
9046:295-1389        -            365 8998at4891           -            299   2.2e-15   53.9   0.3   2   3     3e-06   0.00011   18.7   0.0   171   247   138   217   130   225 0.80 -
9046:295-1389        -            365 8998at4891           -            299   2.2e-15   53.9   0.3   3   3     0.028      0.99    5.7   0.0   267   295   272   300   265   324 0.67 -
8494:4772-5887       -            372 8998at4891           -            299   2.7e-15   53.6   2.4   1   3   4.2e-06   0.00015   18.3   0.2   115   197    59   144    39   168 0.69 -
8494:4772-5887       -            372 8998at4891           -            299   2.7e-15   53.6   2.4   2   3   4.5e-05    0.0016   14.9   0.0   117   190   175   253   166   266 0.78 -
8494:4772-5887       -            372 8998at4891           -            299   2.7e-15   53.6   2.4   3   3   3.2e-06   0.00011   18.7   0.1   254   292   273   312   254   317 0.81 -
8240:671-1900        -            410 8998at4891           -            299   3.6e-15   53.2   2.6   1   3   6.7e-09   2.4e-07   27.5   0.3   131   197   133   200   121   206 0.84 -
8240:671-1900        -            410 8998at4891           -            299   3.6e-15   53.2   2.6   2   3   7.3e-06   0.00026   17.5   0.0   231   292   207   276   201   282 0.78 -
8240:671-1900        -            410 8998at4891           -            299   3.6e-15   53.2   2.6   3   3     0.029         1    5.7   0.0    38   114   290   371   278   407 0.59 -
9656:5267-6307       -            347 8998at4891           -            299   3.7e-15   53.1   3.4   1   3   9.1e-11   3.3e-09   33.6   1.0   117   233    10   146     2   178 0.80 -
9656:5267-6307       -            347 8998at4891           -            299   3.7e-15   53.1   3.4   2   3     0.041       1.5    5.2   0.0   153   185   207   243   163   266 0.84 -
9656:5267-6307       -            347 8998at4891           -            299   3.7e-15   53.1   3.4   3   3   0.00012    0.0044   13.4   0.0   262   293   302   333   277   338 0.87 -
9602:2166-4220       -            685 8998at4891           -            299   5.8e-15   52.5   0.0   1   2     0.078       2.8    4.3   0.0   122   167     3    50     2    53 0.82 -
9602:2166-4220       -            685 8998at4891           -            299   5.8e-15   52.5   0.0   2   2   3.1e-14   1.1e-12   45.0   0.1   130   195    57   122    52   131 0.91 -
8478:1944-3398       -            485 8998at4891           -            299     7e-15   52.2   8.6   1   2   6.2e-12   2.2e-10   37.4   4.5    96   292    83   333    65   340 0.67 -
8478:1944-3398       -            485 8998at4891           -            299     7e-15   52.2   8.6   2   2    0.0003     0.011   12.2   0.1    82   111   349   378   341   391 0.86 -
9312:6422-7318       -            299 8998at4891           -            299   8.2e-15   52.0   1.2   1   3     0.045       1.6    5.0   0.0   258   290    34    66    20    71 0.85 -
9312:6422-7318       -            299 8998at4891           -            299   8.2e-15   52.0   1.2   2   3   3.1e-11   1.1e-09   35.1   0.1   121   198    86   164    76   172 0.90 -
9312:6422-7318       -            299 8998at4891           -            299   8.2e-15   52.0   1.2   3   3      0.01      0.36    7.2   0.0    84   109   177   202   172   210 0.84 -
9460:7157-8695       -            513 8998at4891           -            299   7.1e-14   48.9   0.0   1   2     1e-12   3.7e-11   40.0   0.0    28   191    28   202     9   218 0.82 -
9460:7157-8695       -            513 8998at4891           -            299   7.1e-14   48.9   0.0   2   2     0.015      0.55    6.6   0.0   128   204   223   303   213   320 0.77 -
9658:6665-7375       -            237 8998at4891           -            299   7.1e-14   48.9   3.7   1   3   0.00022    0.0077   12.7   0.1   134   190    15    69     2    85 0.67 -
9658:6665-7375       -            237 8998at4891           -            299   7.1e-14   48.9   3.7   2   3   7.2e-06   0.00026   17.5   0.1   119   191    83   158    73   165 0.81 -
9658:6665-7375       -            237 8998at4891           -            299   7.1e-14   48.9   3.7   3   3   1.3e-06   4.7e-05   19.9   0.1    32   108   159   237   154   237 0.89 -
9494:18928-19965     -            346 8998at4891           -            299   9.2e-14   48.5   3.7   1   3   3.6e-11   1.3e-09   34.9   0.5   121   198    15    92    10   118 0.91 -
9494:18928-19965     -            346 8998at4891           -            299   9.2e-14   48.5   3.7   2   3   0.00037     0.013   11.9   0.2    85   139   157   219   130   235 0.76 -
9494:18928-19965     -            346 8998at4891           -            299   9.2e-14   48.5   3.7   3   3       1.3        46    0.3   0.0    78   290   290   319   259   326 0.61 -
9712:30400-31623     -            408 8998at4891           -            299   1.1e-13   48.2   4.4   1   3   0.00026    0.0094   12.4   0.0   172   218    58   103    41   108 0.81 -
9712:30400-31623     -            408 8998at4891           -            299   1.1e-13   48.2   4.4   2   3   6.2e-09   2.2e-07   27.6   2.5   126   200   111   187   104   272 0.73 -
9712:30400-31623     -            408 8998at4891           -            299   1.1e-13   48.2   4.4   3   3     0.032       1.1    5.5   0.0   205   260   304   359   289   369 0.84 -
9456:1145-2410       -            422 8998at4891           -            299   1.3e-13   48.1   5.2   1   3   1.9e-06   6.6e-05   19.4   3.0    79   231    90   214    23   217 0.57 -
9456:1145-2410       -            422 8998at4891           -            299   1.3e-13   48.1   5.2   2   3   0.00018    0.0064   12.9   0.0   129   201   241   313   234   335 0.89 -
9456:1145-2410       -            422 8998at4891           -            299   1.3e-13   48.1   5.2   3   3   0.00048     0.017   11.5   0.0   119   187   352   420   338   422 0.91 -
9658:5110-5880       -            257 8998at4891           -            299   1.8e-13   47.6   0.2   1   2   7.1e-14   2.5e-12   43.8   0.0    67   197    10   153     7   158 0.86 -
9658:5110-5880       -            257 8998at4891           -            299   1.8e-13   47.6   0.2   2   2       2.3        81   -0.6   0.0   229   257   226   254   205   255 0.79 -
9360:6122-9931       -           1270 8998at4891           -            299   2.7e-13   47.0   3.9   1   3   0.00018    0.0065   12.9   0.2    34   111    57   139    31   144 0.82 -
9360:6122-9931       -           1270 8998at4891           -            299   2.7e-13   47.0   3.9   2   3       1.4        51    0.1   0.1    30    58   196   229   164   232 0.60 -
9360:6122-9931       -           1270 8998at4891           -            299   2.7e-13   47.0   3.9   3   3   1.1e-10   3.8e-09   33.4   0.1   133   231   229   335   208   350 0.81 -
9660:3304-3999       -            232 8998at4891           -            299   1.1e-12   44.9   6.2   1   2     2e-12     7e-11   39.1   4.5    41   210     3   193     1   198 0.73 -
9660:3304-3999       -            232 8998at4891           -            299   1.1e-12   44.9   6.2   2   2      0.12       4.2    3.7   0.0   172   185   218   231   204   232 0.61 -
9542:4562-5380       -            273 8998at4891           -            299   1.7e-12   44.4   4.9   1   2     0.012      0.44    6.9   0.0   223   270    53    98    40   101 0.86 -
9542:4562-5380       -            273 8998at4891           -            299   1.7e-12   44.4   4.9   2   2     5e-12   1.8e-10   37.7   2.8    33   187   101   270    97   273 0.79 -
9068:1225-2790       -            522 8998at4891           -            299   2.3e-12   44.0   0.1   1   2   1.3e-09   4.7e-08   29.8   0.0   161   233   246   324   233   345 0.79 -
9068:1225-2790       -            522 8998at4891           -            299   2.3e-12   44.0   0.1   2   2   0.00048     0.017   11.5   0.0   134   189   369   426   354   439 0.81 -
8402:4018-5292       -            425 8998at4891           -            299   1.8e-11   41.0   1.4   1   3   1.6e-07   5.6e-06   23.0   0.0   240   298    39   106    20   107 0.80 -
8402:4018-5292       -            425 8998at4891           -            299   1.8e-11   41.0   1.4   2   3   0.00057     0.021   11.3   0.1   227   289   169   239   120   249 0.65 -
8402:4018-5292       -            425 8998at4891           -            299   1.8e-11   41.0   1.4   3   3       0.1       3.7    3.8   0.2   122   176   272   331   260   342 0.67 -
9656:28053-28895     -            281 8998at4891           -            299     2e-11   40.8   5.0   1   3   3.1e-07   1.1e-05   22.0   1.8    63   190     4   138     2   143 0.86 -
9656:28053-28895     -            281 8998at4891           -            299     2e-11   40.8   5.0   2   3     0.015      0.54    6.6   0.1   261   292   145   179   140   185 0.85 -
9656:28053-28895     -            281 8998at4891           -            299     2e-11   40.8   5.0   3   3    0.0004     0.014   11.8   0.0   252   291   234   273   210   279 0.83 -
9726:3865-6666       -            934 8998at4891           -            299   2.3e-11   40.7   1.3   1   4      0.21       7.4    2.9   0.0   214   263   229   280   174   319 0.78 -
9726:3865-6666       -            934 8998at4891           -            299   2.3e-11   40.7   1.3   2   4       2.1        77   -0.5   0.1   211   233   360   383   351   445 0.66 -
9726:3865-6666       -            934 8998at4891           -            299   2.3e-11   40.7   1.3   3   4   0.00059     0.021   11.2   0.0    80   149   454   530   442   537 0.83 -
9726:3865-6666       -            934 8998at4891           -            299   2.3e-11   40.7   1.3   4   4   4.9e-10   1.8e-08   31.2   0.1    57   209   473   630   471   670 0.85 -
8886:5013-7346       -            778 8998at4891           -            299   3.5e-11   40.1   2.3   1   3   0.00082     0.029   10.8   0.0    75   109   402   436   396   451 0.63 -
8886:5013-7346       -            778 8998at4891           -            299   3.5e-11   40.1   2.3   2   3       3.9   1.4e+02   -1.3   0.0    39    62   456   479   443   483 0.83 -
8886:5013-7346       -            778 8998at4891           -            299   3.5e-11   40.1   2.3   3   3   1.8e-07   6.4e-06   22.8   1.6   107   292   601   777   546   778 0.75 -
9694:17340-18719     -            460 8998at4891           -            299   6.1e-11   39.3   0.1   1   4      0.14       4.9    3.5   0.0   126   149    25    48    11    68 0.73 -
9694:17340-18719     -            460 8998at4891           -            299   6.1e-11   39.3   0.1   2   4   3.9e-05    0.0014   15.1   0.0   261   297    68   104    53   106 0.89 -
9694:17340-18719     -            460 8998at4891           -            299   6.1e-11   39.3   0.1   3   4   2.6e-05   0.00094   15.6   0.0   119   205   148   235   140   239 0.82 -
9694:17340-18719     -            460 8998at4891           -            299   6.1e-11   39.3   0.1   4   4       2.8        99   -0.8   0.0    80   103   372   395   345   405 0.62 -
9560:19431-20225     -            265 8998at4891           -            299   1.5e-10   38.0   0.5   1   2   9.9e-11   3.6e-09   33.5   0.2   125   291    12   193    10   198 0.74 -
9560:19431-20225     -            265 8998at4891           -            299   1.5e-10   38.0   0.5   2   2       9.7   3.4e+02   -2.6   0.0    53    69   235   251   216   257 0.65 -
9120:7323-8150       -            276 8998at4891           -            299   4.2e-10   36.5   3.0   1   2   1.4e-08     5e-07   26.4   0.3   122   232   117   238    65   242 0.73 -
9120:7323-8150       -            276 8998at4891           -            299   4.2e-10   36.5   3.0   2   2   5.4e-06   0.00019   17.9   0.2   121   186   207   275   205   276 0.88 -
9464:9138-11090      -            651 8998at4891           -            299   7.7e-10   35.6   0.3   1   1   8.7e-11   3.1e-09   33.7   0.3   123   238    88   223    75   228 0.78 -
9112:7248-8249       -            334 8998at4891           -            299   2.5e-09   33.9   7.5   1   3     0.014      0.49    6.7   0.0    87   109     2    24     1    33 0.86 -
9112:7248-8249       -            334 8998at4891           -            299   2.5e-09   33.9   7.5   2   3   2.2e-06   7.7e-05   19.2   1.2   154   227    97   172    89   246 0.77 -
9112:7248-8249       -            334 8998at4891           -            299   2.5e-09   33.9   7.5   3   3    0.0016     0.057    9.8   0.3   128   186   264   326   255   332 0.76 -
9248:1987-5412       -           1142 8998at4891           -            299   4.1e-09   33.3   4.8   1   2       7.4   2.6e+02   -2.2   0.0    37    63    18    44    11    49 0.83 -
9248:1987-5412       -           1142 8998at4891           -            299   4.1e-09   33.3   4.8   2   2   8.9e-09   3.2e-07   27.1   6.5    42   191    66   231    63   241 0.80 -
9362:15282-16085     -            268 8998at4891           -            299   4.4e-09   33.1   0.0   1   3         3   1.1e+02   -0.9   0.0    44    74     3    33     1    39 0.69 -
9362:15282-16085     -            268 8998at4891           -            299   4.4e-09   33.1   0.0   2   3   0.00053     0.019   11.4   0.0    29   111    86   174    66   185 0.80 -
9362:15282-16085     -            268 8998at4891           -            299   4.4e-09   33.1   0.0   3   3   4.8e-06   0.00017   18.1   0.0    39   109   188   258   177   265 0.85 -
9330:5451-8486       -           1012 8998at4891           -            299   2.5e-08   30.7   6.5   1   4   3.1e-08   1.1e-06   25.3   0.8    49   150   147   255   140   299 0.70 -
9330:5451-8486       -           1012 8998at4891           -            299   2.5e-08   30.7   6.5   2   4      0.69        25    1.1   0.0   276   290   677   691   654   741 0.77 -
9330:5451-8486       -           1012 8998at4891           -            299   2.5e-08   30.7   6.5   3   4      0.11       3.8    3.8   0.1   121   151   770   802   757   845 0.78 -
9330:5451-8486       -           1012 8998at4891           -            299   2.5e-08   30.7   6.5   4   4       5.1   1.8e+02   -1.7   0.0   276   291   948   963   897   983 0.65 -
7530:231-1394        -            388 8998at4891           -            299   3.1e-08   30.4   0.3   1   2   2.4e-06   8.7e-05   19.0   0.6    44   235    17   218     2   226 0.72 -
7530:231-1394        -            388 8998at4891           -            299   3.1e-08   30.4   0.3   2   2    0.0049      0.17    8.2   0.0   116   148   291   324   285   331 0.84 -
9578:20150-24055     -           1302 8998at4891           -            299     7e-08   29.2   1.1   1   2   8.8e-06   0.00032   17.2   0.8   124   193   184   259   168   292 0.80 -
9578:20150-24055     -           1302 8998at4891           -            299     7e-08   29.2   1.1   2   2    0.0029      0.11    8.9   0.0   130   185   305   361   299   380 0.82 -
9712:23882-24859     -            326 8998at4891           -            299   9.9e-08   28.7   0.2   1   3   1.3e-05   0.00045   16.7   0.1    37   148    22   142     4   148 0.69 -
9712:23882-24859     -            326 8998at4891           -            299   9.9e-08   28.7   0.2   2   3     0.011       0.4    7.0   0.0    43   121   202   287   179   295 0.68 -
9712:23882-24859     -            326 8998at4891           -            299   9.9e-08   28.7   0.2   3   3       1.7        59   -0.1   0.0   262   286   295   317   285   325 0.66 -
9606:18941-21196     -            752 8998at4891           -            299   1.4e-07   28.2   7.9   1   3   0.00076     0.027   10.9   0.2    37   187    26   191     3   195 0.79 -
9606:18941-21196     -            752 8998at4891           -            299   1.4e-07   28.2   7.9   2   3   0.00011    0.0039   13.6   0.3    36   114   211   289   196   301 0.76 -
9606:18941-21196     -            752 8998at4891           -            299   1.4e-07   28.2   7.9   3   3       0.3        11    2.4   0.0   232   282   368   419   359   431 0.74 -
8856:366-1553        -            396 8998at4891           -            299   3.8e-07   26.8   2.0   1   4     0.055         2    4.7   0.0    79   110    14    43     8    51 0.57 -
8856:366-1553        -            396 8998at4891           -            299   3.8e-07   26.8   2.0   2   4      0.84        30    0.9   0.0    27    71   109   158    86   166 0.70 -
8856:366-1553        -            396 8998at4891           -            299   3.8e-07   26.8   2.0   3   4      0.21       7.4    2.9   0.0    34    63   228   257   212   273 0.64 -
8856:366-1553        -            396 8998at4891           -            299   3.8e-07   26.8   2.0   4   4   8.3e-05     0.003   14.0   0.0   261   292   288   319   272   326 0.91 -
9564:19094-20626     -            511 8998at4891           -            299     1e-06   25.4  10.1   1   2   1.4e-07   4.9e-06   23.2   3.5   109   226   314   447   286   447 0.68 -
9564:19094-20626     -            511 8998at4891           -            299     1e-06   25.4  10.1   2   2    0.0076      0.27    7.6   1.1   116   151   417   453   407   508 0.68 -
7766:159-1877        -            573 8998at4891           -            299     3e-06   23.9   0.3   1   3   4.5e-06   0.00016   18.2   0.0    67   185   222   349   211   356 0.84 -
7766:159-1877        -            573 8998at4891           -            299     3e-06   23.9   0.3   2   3       1.2        44    0.3   0.0   122   148   404   430   397   441 0.82 -
7766:159-1877        -            573 8998at4891           -            299     3e-06   23.9   0.3   3   3       1.3        45    0.3   0.1    94   113   485   504   474   514 0.74 -
8898:157-1449        -            431 8998at4891           -            299   3.8e-06   23.5   1.2   1   3   3.9e-05    0.0014   15.1   0.0   152   211    59   120    25   201 0.65 -
8898:157-1449        -            431 8998at4891           -            299   3.8e-06   23.5   1.2   2   3     0.033       1.2    5.5   0.1    43   121   113   197   110   247 0.57 -
8898:157-1449        -            431 8998at4891           -            299   3.8e-06   23.5   1.2   3   3      0.59        21    1.4   0.1    83   159   313   393   285   398 0.57 -
9396:13167-14828     -            554 8998at4891           -            299   4.5e-06   23.3   0.8   1   3   0.00047     0.017   11.5   0.1    54   146   111   196   108   211 0.77 -
9396:13167-14828     -            554 8998at4891           -            299   4.5e-06   23.3   0.8   2   3     0.017      0.62    6.4   0.0   209   255   209   255   189   269 0.81 -
9396:13167-14828     -            554 8998at4891           -            299   4.5e-06   23.3   0.8   3   3      0.33        12    2.2   0.0    81   124   344   387   331   396 0.80 -
8542:260-1981        -            574 8998at4891           -            299   4.7e-06   23.2   2.8   1   3   6.9e-07   2.5e-05   20.8   0.3   131   192   302   366   285   414 0.71 -
8542:260-1981        -            574 8998at4891           -            299   4.7e-06   23.2   2.8   2   3      0.55        20    1.5   0.2    42   109   381   452   367   519 0.64 -
8542:260-1981        -            574 8998at4891           -            299   4.7e-06   23.2   2.8   3   3       1.5        52    0.1   0.1   171   203   490   520   444   541 0.73 -
8186:2118-4286       -            723 8998at4891           -            299   5.1e-06   23.1   3.7   1   4       1.1        38    0.5   0.0   263   287   302   326   255   333 0.76 -
8186:2118-4286       -            723 8998at4891           -            299   5.1e-06   23.1   3.7   2   4      0.81        29    0.9   0.0    38    70   349   381   327   387 0.63 -
8186:2118-4286       -            723 8998at4891           -            299   5.1e-06   23.1   3.7   3   4       5.2   1.9e+02   -1.7   0.1   119   148   524   553   511   565 0.77 -
8186:2118-4286       -            723 8998at4891           -            299   5.1e-06   23.1   3.7   4   4   4.8e-05    0.0017   14.8   0.5   131   206   609   685   599   723 0.77 -
9592:21328-23076     -            583 8998at4891           -            299   6.1e-06   22.8   0.3   1   4    0.0031      0.11    8.8   0.0   263   291   236   264   220   273 0.84 -
9592:21328-23076     -            583 8998at4891           -            299   6.1e-06   22.8   0.3   2   4       6.7   2.4e+02   -2.1   0.0   200   246   323   369   316   379 0.80 -
9592:21328-23076     -            583 8998at4891           -            299   6.1e-06   22.8   0.3   3   4     0.084         3    4.1   0.0   264   284   504   524   455   532 0.65 -
9592:21328-23076     -            583 8998at4891           -            299   6.1e-06   22.8   0.3   4   4      0.13       4.7    3.5   0.0   267   292   554   579   548   583 0.51 -
9130:8029-9168       -            380 8998at4891           -            299   1.6e-05   21.5   1.5   1   4     0.013      0.47    6.8   0.0   114   188    13    88     5   101 0.64 -
9130:8029-9168       -            380 8998at4891           -            299   1.6e-05   21.5   1.5   2   4       4.7   1.7e+02   -1.6   0.0    37    59   101   123    95   126 0.80 -
9130:8029-9168       -            380 8998at4891           -            299   1.6e-05   21.5   1.5   3   4   0.00037     0.013   11.9   0.1   240   292   125   177   104   179 0.89 -
9130:8029-9168       -            380 8998at4891           -            299   1.6e-05   21.5   1.5   4   4       7.1   2.5e+02   -2.2   0.0   165   209   294   338   288   368 0.73 -
9662:27372-29006     -            545 8998at4891           -            299   2.9e-05   20.6   0.0   1   1   2.2e-06   7.9e-05   19.2   0.0   120   233   186   302   108   319 0.76 -
8204:164-2284        -            707 8998at4891           -            299   7.2e-05   19.3   0.3   1   3       4.9   1.8e+02   -1.7   0.0   222   261    51    91    27   110 0.68 -
8204:164-2284        -            707 8998at4891           -            299   7.2e-05   19.3   0.3   2   3   4.2e-05    0.0015   15.0   0.0   165   214   187   235   162   262 0.76 -
8204:164-2284        -            707 8998at4891           -            299   7.2e-05   19.3   0.3   3   3      0.37        13    2.0   0.1   124   193   236   308   217   316 0.61 -
9568:5000-6565       -            522 8998at4891           -            299   0.00015   18.3   0.1   1   5      0.33        12    2.2   0.0    40    68   186   216   157   223 0.57 -
9568:5000-6565       -            522 8998at4891           -            299   0.00015   18.3   0.1   2   5       1.4        49    0.2   0.0   123   155   249   281   231   288 0.71 -
9568:5000-6565       -            522 8998at4891           -            299   0.00015   18.3   0.1   3   5      0.13       4.5    3.6   0.0   264   292   333   362   284   370 0.61 -
9568:5000-6565       -            522 8998at4891           -            299   0.00015   18.3   0.1   4   5     0.045       1.6    5.0   0.0   253   291   377   417   347   424 0.58 -
9568:5000-6565       -            522 8998at4891           -            299   0.00015   18.3   0.1   5   5     0.074       2.7    4.3   0.0   161   204   393   436   389   512 0.68 -
9678:29707-33039     -           1111 8998at4891           -            299   0.00031   17.2   0.0   1   3      0.26       9.1    2.6   0.0    80   114    28    62    25    70 0.91 -
9678:29707-33039     -           1111 8998at4891           -            299   0.00031   17.2   0.0   2   3     0.012      0.42    7.0   0.0   232   295   260   328   166   331 0.69 -
9678:29707-33039     -           1111 8998at4891           -            299   0.00031   17.2   0.0   3   3       3.7   1.3e+02   -1.3   0.0    27    92  1018  1085  1004  1090 0.79 -
9632:12716-19180     -           2155 8998at4891           -            299   0.00049   16.6   1.7   1   2     0.025      0.88    5.9   0.1    76   110  1913  1946  1902  1954 0.84 -
9632:12716-19180     -           2155 8998at4891           -            299   0.00049   16.6   1.7   2   2    0.0031      0.11    8.8   0.2    75   146  1961  2036  1951  2043 0.86 -
9214:11957-12517     -            187 8998at4891           -            299   0.00055   16.4   1.4   1   2   7.2e-05    0.0026   14.2   0.2   157   226     1    72     1   129 0.69 -
9214:11957-12517     -            187 8998at4891           -            299   0.00055   16.4   1.4   2   2       1.2        42    0.4   0.1   130   147   168   185   153   187 0.55 -
9728:43208-44209     -            334 8998at4891           -            299   0.00069   16.1   0.3   1   3       1.4        48    0.2   0.0    46   256    15    37     4    72 0.55 -
9728:43208-44209     -            334 8998at4891           -            299   0.00069   16.1   0.3   2   3      0.14         5    3.4   0.0   173   215   112   153   103   180 0.75 -
9728:43208-44209     -            334 8998at4891           -            299   0.00069   16.1   0.3   3   3    0.0038      0.13    8.6   0.0    41   136   250   301   227   316 0.52 -
9070:9188-10162      -            325 8998at4891           -            299   0.00085   15.8   0.2   1   2       1.9        68   -0.3   0.0   197   235    86   124    73   146 0.73 -
9070:9188-10162      -            325 8998at4891           -            299   0.00085   15.8   0.2   2   2   0.00011     0.004   13.6   0.1    59   149   220   320   216   325 0.87 -
9684:7222-9909       -            896 8998at4891           -            299   0.00099   15.6   0.1   1   5       9.5   3.4e+02   -2.6   0.1   233   287   164   216   121   229 0.57 -
9684:7222-9909       -            896 8998at4891           -            299   0.00099   15.6   0.1   2   5   2.8e-05   0.00099   15.6   0.1    39   115   256   331   232   340 0.87 -
9684:7222-9909       -            896 8998at4891           -            299   0.00099   15.6   0.1   3   5       1.6        58   -0.1   0.1   111   132   487   508   386   512 0.55 -
9684:7222-9909       -            896 8998at4891           -            299   0.00099   15.6   0.1   4   5       1.2        41    0.4   0.1    83    98   494   509   475   554 0.60 -
9684:7222-9909       -            896 8998at4891           -            299   0.00099   15.6   0.1   5   5      0.49        17    1.6   0.1    94   124   571   601   556   649 0.61 -
9546:6102-7433       -            444 8998at4891           -            299    0.0019   14.6   5.9   1   2       0.1       3.7    3.8   0.0   118   150   104   137    99   144 0.84 -
9546:6102-7433       -            444 8998at4891           -            299    0.0019   14.6   5.9   2   2   0.00016    0.0058   13.0   0.7   126   196   207   278   184   294 0.80 -
9342:520-1290        -            257 8998at4891           -            299     0.009   12.4   1.8   1   3      0.76        27    1.0   0.1   119   149     7    37     2    46 0.76 -
9342:520-1290        -            257 8998at4891           -            299     0.009   12.4   1.8   2   3      0.24       8.6    2.6   0.0    83   125    57    99    38   110 0.79 -
9342:520-1290        -            257 8998at4891           -            299     0.009   12.4   1.8   3   3     0.015      0.52    6.6   0.1    94   129   168   203   151   227 0.83 -
#
# Program:         hmmsearch
# Version:         3.1b2 (February 2015)
# Pipeline mode:   SEARCH
# Query file:      /home/jj/Desktop/Bioinformatics/3rd_year/1term/Computational_genomics/Seminars/exercise_04/busco_downloads/lineages/saccharomycetes_odb10/hmms/8998at4891.hmm
# Target file:     /home/jj/Desktop/Bioinformatics/3rd_year/1term/Computational_genomics/Seminars/exercise_04/./busco/SRR6130428/SRR6130428_k63_contigs/run_saccharomycetes_odb10/metaeuk_output/initial_results/SRR6130428_k63_graph.contig.fa.modified.fas
# Option settings: hmmsearch --domtblout /home/jj/Desktop/Bioinformatics/3rd_year/1term/Computational_genomics/Seminars/exercise_04/./busco/SRR6130428/SRR6130428_k63_contigs/run_saccharomycetes_odb10/hmmer_output/initial_run_results/8998at4891.out --cpu 1 /home/jj/Desktop/Bioinformatics/3rd_year/1term/Computational_genomics/Seminars/exercise_04/busco_downloads/lineages/saccharomycetes_odb10/hmms/8998at4891.hmm /home/jj/Desktop/Bioinformatics/3rd_year/1term/Computational_genomics/Seminars/exercise_04/./busco/SRR6130428/SRR6130428_k63_contigs/run_saccharomycetes_odb10/metaeuk_output/initial_results/SRR6130428_k63_graph.contig.fa.modified.fas 
# Current dir:     /home/jj/Desktop/Bioinformatics/3rd_year/1term/Computational_genomics/Seminars/exercise_04
# Date:            Tue Nov  5 18:39:30 2024
# [ok]
