#                                                                            --- full sequence --- -------------- this domain -------------   hmm coord   ali coord   env coord
# target name        accession   tlen query name           accession   qlen   E-value  score  bias   #  of  c-Evalue  i-Evalue  score  bias  from    to  from    to  from    to  acc description of target
#------------------- ---------- ----- -------------------- ---------- ----- --------- ------ ----- --- --- --------- --------- ------ ----- ----- ----- ----- ----- ----- ----- ---- ---------------------
9646:3745-5469       -            575 9012at4891           -            421  7.1e-182  602.1   7.6   1   3   2.8e-05     0.015   11.3   0.2     3    54    40    95    38   103 0.75 -
9646:3745-5469       -            575 9012at4891           -            421  7.1e-182  602.1   7.6   2   3   1.2e-68   6.2e-66  220.1   0.0    17   217    75   330    73   347 0.81 -
9646:3745-5469       -            575 9012at4891           -            421  7.1e-182  602.1   7.6   3   3  1.8e-115  9.6e-113  374.3   2.9   222   420   365   572   339   573 0.92 -
8538:1511-2014       -            168 9012at4891           -            421   4.8e-05   19.5   0.0   1   1     1e-07   5.5e-05   19.3   0.0   239   332    29   125     3   136 0.69 -
9680:8009-8938       -            310 9012at4891           -            421    0.0039   13.2   0.0   1   1     1e-05    0.0056   12.7   0.0   259   325    78   145    56   184 0.82 -
8680:4757-5659       -            301 9012at4891           -            421     0.011   11.8   0.1   1   1   2.9e-05     0.016   11.3   0.1   259   326    96   166    92   176 0.82 -
9688:14546-15382     -            279 9012at4891           -            421     0.016   11.3   0.0   1   1   3.8e-05      0.02   10.9   0.0   259   318    74   138    25   151 0.75 -
#
# Program:         hmmsearch
# Version:         3.1b2 (February 2015)
# Pipeline mode:   SEARCH
# Query file:      /home/jj/Desktop/Bioinformatics/3rd_year/1term/Computational_genomics/Seminars/exercise_04/busco_downloads/lineages/saccharomycetes_odb10/hmms/9012at4891.hmm
# Target file:     /home/jj/Desktop/Bioinformatics/3rd_year/1term/Computational_genomics/Seminars/exercise_04/./busco/SRR6130428/SRR6130428_k63_contigs/run_saccharomycetes_odb10/metaeuk_output/initial_results/SRR6130428_k63_graph.contig.fa.modified.fas
# Option settings: hmmsearch --domtblout /home/jj/Desktop/Bioinformatics/3rd_year/1term/Computational_genomics/Seminars/exercise_04/./busco/SRR6130428/SRR6130428_k63_contigs/run_saccharomycetes_odb10/hmmer_output/initial_run_results/9012at4891.out --cpu 1 /home/jj/Desktop/Bioinformatics/3rd_year/1term/Computational_genomics/Seminars/exercise_04/busco_downloads/lineages/saccharomycetes_odb10/hmms/9012at4891.hmm /home/jj/Desktop/Bioinformatics/3rd_year/1term/Computational_genomics/Seminars/exercise_04/./busco/SRR6130428/SRR6130428_k63_contigs/run_saccharomycetes_odb10/metaeuk_output/initial_results/SRR6130428_k63_graph.contig.fa.modified.fas 
# Current dir:     /home/jj/Desktop/Bioinformatics/3rd_year/1term/Computational_genomics/Seminars/exercise_04
# Date:            Tue Nov  5 18:39:30 2024
# [ok]
