#                                                                            --- full sequence --- -------------- this domain -------------   hmm coord   ali coord   env coord
# target name        accession   tlen query name           accession   qlen   E-value  score  bias   #  of  c-Evalue  i-Evalue  score  bias  from    to  from    to  from    to  acc description of target
#------------------- ---------- ----- -------------------- ---------- ----- --------- ------ ----- --- --- --------- --------- ------ ----- ----- ----- ----- ----- ----- ----- ---- ---------------------
9718:40228-42108     -            627 9223at4891           -            431  1.2e-175  581.9  34.3   1   4   7.4e-06    0.0033   13.7   0.1     2    26    21    45    20    51 0.91 -
9718:40228-42108     -            627 9223at4891           -            431  1.2e-175  581.9  34.3   2   4   4.5e-18     2e-15   53.9   0.1    20    77    84   143    76   151 0.89 -
9718:40228-42108     -            627 9223at4891           -            431  1.2e-175  581.9  34.3   3   4   1.4e-15   6.5e-13   45.7   3.8    84   147   215   285   199   300 0.84 -
9718:40228-42108     -            627 9223at4891           -            431  1.2e-175  581.9  34.3   4   4  1.8e-146  7.8e-144  477.0  16.4   133   431   294   627   284   627 0.88 -
8782:64-1173         -            370 9223at4891           -            431   8.8e-36  121.0   1.6   1   2   1.3e-35   5.9e-33  111.7   1.3   159   358    89   289    67   303 0.93 -
8782:64-1173         -            370 9223at4891           -            431   8.8e-36  121.0   1.6   2   2   2.8e-06    0.0013   15.0   0.1   238   324   270   356   266   369 0.89 -
9670:24743-29038     -           1432 9223at4891           -            431   1.9e-10   37.5   0.3   1   3       1.1   4.8e+02   -3.4   0.0   233   275   485   527   480   545 0.69 -
9670:24743-29038     -           1432 9223at4891           -            431   1.9e-10   37.5   0.3   2   3   1.2e-08   5.4e-06   22.9   0.0   261   324   707   770   692   800 0.86 -
9670:24743-29038     -           1432 9223at4891           -            431   1.9e-10   37.5   0.3   3   3   6.9e-05     0.031   10.5   0.0   272   333   968  1028   947  1049 0.81 -
9712:31836-34127     -            764 9223at4891           -            431     6e-09   32.6  14.1   1   3      0.97   4.3e+02   -3.2   0.0    26    61   229   263   207   287 0.68 -
9712:31836-34127     -            764 9223at4891           -            431     6e-09   32.6  14.1   2   3   3.9e-09   1.8e-06   24.4  10.2    50   352   322   624   316   628 0.89 -
9712:31836-34127     -            764 9223at4891           -            431     6e-09   32.6  14.1   3   3   1.2e-05    0.0054   13.0   0.2   232   324   605   704   601   717 0.83 -
9520:14273-16186     -            638 9223at4891           -            431   4.8e-06   23.0   0.3   1   3   0.00036      0.16    8.1   0.0   309   378   145   215   133   223 0.80 -
9520:14273-16186     -            638 9223at4891           -            431   4.8e-06   23.0   0.3   2   3   1.8e-05    0.0082   12.4   0.1   270   324   391   445   375   474 0.87 -
9520:14273-16186     -            638 9223at4891           -            431   4.8e-06   23.0   0.3   3   3         1   4.5e+02   -3.3   0.0   274   305   547   578   543   613 0.57 -
9050:5212-7047       -            612 9223at4891           -            431   3.5e-05   20.2   0.1   1   2      0.19        83   -0.8   0.0    16    71   375   430   359   452 0.70 -
9050:5212-7047       -            612 9223at4891           -            431   3.5e-05   20.2   0.1   2   2   3.3e-07   0.00015   18.1   0.0   214   296   449   531   432   538 0.69 -
#
# Program:         hmmsearch
# Version:         3.1b2 (February 2015)
# Pipeline mode:   SEARCH
# Query file:      /home/jj/Desktop/Bioinformatics/3rd_year/1term/Computational_genomics/Seminars/exercise_04/busco_downloads/lineages/saccharomycetes_odb10/hmms/9223at4891.hmm
# Target file:     /home/jj/Desktop/Bioinformatics/3rd_year/1term/Computational_genomics/Seminars/exercise_04/./busco/SRR6130428/SRR6130428_k63_contigs/run_saccharomycetes_odb10/metaeuk_output/initial_results/SRR6130428_k63_graph.contig.fa.modified.fas
# Option settings: hmmsearch --domtblout /home/jj/Desktop/Bioinformatics/3rd_year/1term/Computational_genomics/Seminars/exercise_04/./busco/SRR6130428/SRR6130428_k63_contigs/run_saccharomycetes_odb10/hmmer_output/initial_run_results/9223at4891.out --cpu 1 /home/jj/Desktop/Bioinformatics/3rd_year/1term/Computational_genomics/Seminars/exercise_04/busco_downloads/lineages/saccharomycetes_odb10/hmms/9223at4891.hmm /home/jj/Desktop/Bioinformatics/3rd_year/1term/Computational_genomics/Seminars/exercise_04/./busco/SRR6130428/SRR6130428_k63_contigs/run_saccharomycetes_odb10/metaeuk_output/initial_results/SRR6130428_k63_graph.contig.fa.modified.fas 
# Current dir:     /home/jj/Desktop/Bioinformatics/3rd_year/1term/Computational_genomics/Seminars/exercise_04
# Date:            Tue Nov  5 18:39:31 2024
# [ok]
