#                                                                            --- full sequence --- -------------- this domain -------------   hmm coord   ali coord   env coord
# target name        accession   tlen query name           accession   qlen   E-value  score  bias   #  of  c-Evalue  i-Evalue  score  bias  from    to  from    to  from    to  acc description of target
#------------------- ---------- ----- -------------------- ---------- ----- --------- ------ ----- --- --- --------- --------- ------ ----- ----- ----- ----- ----- ----- ----- ---- ---------------------
9502:17586-19094     -            503 9267at4891           -            388    4e-218  721.2   2.5   1   2   2.4e-10   1.6e-07   27.8   0.2    14    59    56   115    43   127 0.76 -
9502:17586-19094     -            503 9267at4891           -            388    4e-218  721.2   2.5   2   2  1.7e-212  1.1e-209  693.3   0.3    56   388   156   501   115   501 0.93 -
9468:2524-5973       -           1062 9267at4891           -            388   1.3e-15   54.5   0.7   1   3   1.9e-05     0.013   11.7   0.0   143   174    62    93    30    96 0.81 -
9468:2524-5973       -           1062 9267at4891           -            388   1.3e-15   54.5   0.7   2   3   1.6e-06     0.001   15.3   0.0   214   265    96   149    92   159 0.84 -
9468:2524-5973       -           1062 9267at4891           -            388   1.3e-15   54.5   0.7   3   3   2.3e-09   1.5e-06   24.6   0.0   291   366   251   325   233   336 0.89 -
8568:2136-3530       -            465 9267at4891           -            388   6.1e-05   19.3   0.1   1   1     2e-07   0.00013   18.2   0.1   238   287   194   241   186   263 0.79 -
7720:432-2084        -            551 9267at4891           -            388    0.0015   14.8   0.0   1   2     6e-06     0.004   13.4   0.0   238   287   294   341   280   364 0.82 -
7720:432-2084        -            551 9267at4891           -            388    0.0015   14.8   0.0   2   2      0.46   3.1e+02   -2.7   0.0   345   367   526   548   521   549 0.93 -
#
# Program:         hmmsearch
# Version:         3.1b2 (February 2015)
# Pipeline mode:   SEARCH
# Query file:      /home/jj/Desktop/Bioinformatics/3rd_year/1term/Computational_genomics/Seminars/exercise_04/busco_downloads/lineages/saccharomycetes_odb10/hmms/9267at4891.hmm
# Target file:     /home/jj/Desktop/Bioinformatics/3rd_year/1term/Computational_genomics/Seminars/exercise_04/./busco/SRR6130428/SRR6130428_k63_contigs/run_saccharomycetes_odb10/metaeuk_output/initial_results/SRR6130428_k63_graph.contig.fa.modified.fas
# Option settings: hmmsearch --domtblout /home/jj/Desktop/Bioinformatics/3rd_year/1term/Computational_genomics/Seminars/exercise_04/./busco/SRR6130428/SRR6130428_k63_contigs/run_saccharomycetes_odb10/hmmer_output/initial_run_results/9267at4891.out --cpu 1 /home/jj/Desktop/Bioinformatics/3rd_year/1term/Computational_genomics/Seminars/exercise_04/busco_downloads/lineages/saccharomycetes_odb10/hmms/9267at4891.hmm /home/jj/Desktop/Bioinformatics/3rd_year/1term/Computational_genomics/Seminars/exercise_04/./busco/SRR6130428/SRR6130428_k63_contigs/run_saccharomycetes_odb10/metaeuk_output/initial_results/SRR6130428_k63_graph.contig.fa.modified.fas 
# Current dir:     /home/jj/Desktop/Bioinformatics/3rd_year/1term/Computational_genomics/Seminars/exercise_04
# Date:            Tue Nov  5 18:39:31 2024
# [ok]
