#                                                                            --- full sequence --- -------------- this domain -------------   hmm coord   ali coord   env coord
# target name        accession   tlen query name           accession   qlen   E-value  score  bias   #  of  c-Evalue  i-Evalue  score  bias  from    to  from    to  from    to  acc description of target
#------------------- ---------- ----- -------------------- ---------- ----- --------- ------ ----- --- --- --------- --------- ------ ----- ----- ----- ----- ----- ----- ----- ---- ---------------------
9380:449-1855        -            469 9436at4891           -            378  7.6e-195  644.6  15.0   1   3   6.4e-36   5.7e-33  111.9   1.5     1    62     8    70     8    75 0.95 -
9380:449-1855        -            469 9436at4891           -            378  7.6e-195  644.6  15.0   2   3     4e-66   3.6e-63  211.3   1.4    59   204    88   254    83   256 0.89 -
9380:449-1855        -            469 9436at4891           -            378  7.6e-195  644.6  15.0   3   3  2.2e-102     2e-99  330.6   0.3   182   378   254   468   251   468 0.94 -
8364:1496-2962       -            489 9436at4891           -            378   7.5e-40  134.5  10.0   1   2   1.8e-21   1.6e-18   64.3   6.9     2   179    17   238    16   264 0.74 -
8364:1496-2962       -            489 9436at4891           -            378   7.5e-40  134.5  10.0   2   2     3e-21   2.7e-18   63.6   0.0   199   373   287   474   261   478 0.79 -
9586:15402-16826     -            475 9436at4891           -            378   1.7e-28   97.1   0.0   1   2   2.2e-21   1.9e-18   64.0   0.2     3   181    11   228     9   253 0.74 -
9586:15402-16826     -            475 9436at4891           -            378   1.7e-28   97.1   0.0   2   2   7.7e-10   6.9e-07   26.0   0.0   190   373   265   470   226   474 0.63 -
#
# Program:         hmmsearch
# Version:         3.1b2 (February 2015)
# Pipeline mode:   SEARCH
# Query file:      /home/jj/Desktop/Bioinformatics/3rd_year/1term/Computational_genomics/Seminars/exercise_04/busco_downloads/lineages/saccharomycetes_odb10/hmms/9436at4891.hmm
# Target file:     /home/jj/Desktop/Bioinformatics/3rd_year/1term/Computational_genomics/Seminars/exercise_04/./busco/SRR6130428/SRR6130428_k63_contigs/run_saccharomycetes_odb10/metaeuk_output/initial_results/SRR6130428_k63_graph.contig.fa.modified.fas
# Option settings: hmmsearch --domtblout /home/jj/Desktop/Bioinformatics/3rd_year/1term/Computational_genomics/Seminars/exercise_04/./busco/SRR6130428/SRR6130428_k63_contigs/run_saccharomycetes_odb10/hmmer_output/initial_run_results/9436at4891.out --cpu 1 /home/jj/Desktop/Bioinformatics/3rd_year/1term/Computational_genomics/Seminars/exercise_04/busco_downloads/lineages/saccharomycetes_odb10/hmms/9436at4891.hmm /home/jj/Desktop/Bioinformatics/3rd_year/1term/Computational_genomics/Seminars/exercise_04/./busco/SRR6130428/SRR6130428_k63_contigs/run_saccharomycetes_odb10/metaeuk_output/initial_results/SRR6130428_k63_graph.contig.fa.modified.fas 
# Current dir:     /home/jj/Desktop/Bioinformatics/3rd_year/1term/Computational_genomics/Seminars/exercise_04
# Date:            Tue Nov  5 18:39:32 2024
# [ok]
