#                                                                            --- full sequence --- -------------- this domain -------------   hmm coord   ali coord   env coord
# target name        accession   tlen query name           accession   qlen   E-value  score  bias   #  of  c-Evalue  i-Evalue  score  bias  from    to  from    to  from    to  acc description of target
#------------------- ---------- ----- -------------------- ---------- ----- --------- ------ ----- --- --- --------- --------- ------ ----- ----- ----- ----- ----- ----- ----- ---- ---------------------
9678:33565-35280     -            572 9509at4891           -            363  1.3e-135  449.2  20.8   1   5   2.7e-54   1.8e-51  172.4   2.3     6   125    29   151    25   170 0.92 -
9678:33565-35280     -            572 9509at4891           -            363  1.3e-135  449.2  20.8   2   5   2.1e-72   1.4e-69  232.0   2.5   123   294   172   371   167   375 0.87 -
9678:33565-35280     -            572 9509at4891           -            363  1.3e-135  449.2  20.8   3   5    0.0052       3.5    3.7   0.1   291   313   393   415   377   433 0.83 -
9678:33565-35280     -            572 9509at4891           -            363  1.3e-135  449.2  20.8   4   5     0.023        16    1.5   0.0   306   320   472   486   461   492 0.84 -
9678:33565-35280     -            572 9509at4891           -            363  1.3e-135  449.2  20.8   5   5   1.3e-16   8.6e-14   48.5   0.1   316   361   521   571   509   572 0.87 -
9604:24656-26557     -            634 9509at4891           -            363     9e-22   74.7   9.7   1   3   6.3e-17   4.2e-14   49.5   1.1     5   125    25   151    21   183 0.88 -
9604:24656-26557     -            634 9509at4891           -            363     9e-22   74.7   9.7   2   3   2.8e-09   1.8e-06   24.3   1.4   159   284   233   390   200   422 0.67 -
9604:24656-26557     -            634 9509at4891           -            363     9e-22   74.7   9.7   3   3     0.036        24    0.9   0.0   322   362   582   628   576   629 0.76 -
9726:28773-30845     -            691 9509at4891           -            363     3e-16   56.6   7.3   1   2   9.7e-19   6.5e-16   55.4   4.0   162   297   275   410   206   436 0.81 -
9726:28773-30845     -            691 9509at4891           -            363     3e-16   56.6   7.3   2   2     0.027        18    1.4   0.0   317   344   635   663   619   678 0.80 -
9546:3401-5446       -            682 9509at4891           -            363   2.2e-10   37.2   3.8   1   3   2.1e-05     0.014   11.5   0.1     6    82    22   103    17   111 0.83 -
9546:3401-5446       -            682 9509at4891           -            363   2.2e-10   37.2   3.8   2   3   1.2e-06   0.00081   15.6   0.6   160   191   244   275   237   402 0.76 -
9546:3401-5446       -            682 9509at4891           -            363   2.2e-10   37.2   3.8   3   3   0.00034      0.23    7.6   0.0   312   362   582   635   572   636 0.77 -
#
# Program:         hmmsearch
# Version:         3.1b2 (February 2015)
# Pipeline mode:   SEARCH
# Query file:      /home/jj/Desktop/Bioinformatics/3rd_year/1term/Computational_genomics/Seminars/exercise_04/busco_downloads/lineages/saccharomycetes_odb10/hmms/9509at4891.hmm
# Target file:     /home/jj/Desktop/Bioinformatics/3rd_year/1term/Computational_genomics/Seminars/exercise_04/./busco/SRR6130428/SRR6130428_k63_contigs/run_saccharomycetes_odb10/metaeuk_output/initial_results/SRR6130428_k63_graph.contig.fa.modified.fas
# Option settings: hmmsearch --domtblout /home/jj/Desktop/Bioinformatics/3rd_year/1term/Computational_genomics/Seminars/exercise_04/./busco/SRR6130428/SRR6130428_k63_contigs/run_saccharomycetes_odb10/hmmer_output/initial_run_results/9509at4891.out --cpu 1 /home/jj/Desktop/Bioinformatics/3rd_year/1term/Computational_genomics/Seminars/exercise_04/busco_downloads/lineages/saccharomycetes_odb10/hmms/9509at4891.hmm /home/jj/Desktop/Bioinformatics/3rd_year/1term/Computational_genomics/Seminars/exercise_04/./busco/SRR6130428/SRR6130428_k63_contigs/run_saccharomycetes_odb10/metaeuk_output/initial_results/SRR6130428_k63_graph.contig.fa.modified.fas 
# Current dir:     /home/jj/Desktop/Bioinformatics/3rd_year/1term/Computational_genomics/Seminars/exercise_04
# Date:            Tue Nov  5 18:39:32 2024
# [ok]
