#                                                                            --- full sequence --- -------------- this domain -------------   hmm coord   ali coord   env coord
# target name        accession   tlen query name           accession   qlen   E-value  score  bias   #  of  c-Evalue  i-Evalue  score  bias  from    to  from    to  from    to  acc description of target
#------------------- ---------- ----- -------------------- ---------- ----- --------- ------ ----- --- --- --------- --------- ------ ----- ----- ----- ----- ----- ----- ----- ---- ---------------------
9636:3986-7117       -           1044 960at4891            -            889         0 1731.9  16.1   1   3   0.00035     0.037    9.0   0.1     2    55    10    76     9    98 0.71 -
9636:3986-7117       -           1044 960at4891            -            889         0 1731.9  16.1   2   3  1.7e-105  1.8e-103  344.3   9.0    40   261   107   347    78   351 0.91 -
9636:3986-7117       -           1044 960at4891            -            889         0 1731.9  16.1   3   3         0         0 1382.0   0.1   252   889   366  1042   353  1042 0.96 -
8276:239-3370        -           1044 960at4891            -            889         0 1712.3  19.6   1   3   9.4e-06     0.001   14.2   0.1     1    55     9    76     9    84 0.79 -
8276:239-3370        -           1044 960at4891            -            889         0 1712.3  19.6   2   3  7.4e-104  7.9e-102  338.8  11.2    40   261   107   347    75   356 0.92 -
8276:239-3370        -           1044 960at4891            -            889         0 1712.3  19.6   3   3         0         0 1363.0   0.1   252   889   366  1042   359  1042 0.97 -
9614:16867-20454     -           1196 960at4891            -            889  2.3e-207  688.0   3.5   1   2   1.2e-23   1.3e-21   73.4   0.7    53   236   262   458   241   469 0.84 -
9614:16867-20454     -           1196 960at4891            -            889  2.3e-207  688.0   3.5   2   2  3.9e-187  4.2e-185  614.4   0.1   267   830   534  1116   518  1170 0.87 -
8368:2744-4999       -            752 960at4891            -            889   2.1e-62  208.4   0.0   1   4   4.2e-09   4.5e-07   25.3   0.0   309   379   211   279   188   301 0.74 -
8368:2744-4999       -            752 960at4891            -            889   2.1e-62  208.4   0.0   2   4   2.2e-25   2.3e-23   79.2   0.0   379   480   347   448   325   465 0.90 -
8368:2744-4999       -            752 960at4891            -            889   2.1e-62  208.4   0.0   3   4   1.6e-12   1.7e-10   36.6   0.0   504   601   519   609   512   629 0.83 -
8368:2744-4999       -            752 960at4891            -            889   2.1e-62  208.4   0.0   4   4   3.2e-20   3.4e-18   62.1   0.0   716   821   621   725   613   730 0.90 -
9244:5710-7539       -            610 960at4891            -            889   3.1e-58  194.6   0.6   1   4   8.4e-10     9e-08   27.6   0.0   240   347    26   130     3   179 0.76 -
9244:5710-7539       -            610 960at4891            -            889   3.1e-58  194.6   0.6   2   4   5.6e-24     6e-22   74.5   0.1   383   486   210   313   190   340 0.92 -
9244:5710-7539       -            610 960at4891            -            889   3.1e-58  194.6   0.6   3   4   1.4e-15   1.5e-13   46.7   0.0   525   607   395   476   382   493 0.84 -
9244:5710-7539       -            610 960at4891            -            889   3.1e-58  194.6   0.6   4   4   7.3e-14   7.8e-12   41.1   0.0   743   821   512   590   499   599 0.93 -
9322:7193-15208      -           2672 960at4891            -            889   6.7e-21   71.1   7.3   1   3   1.1e-21   1.2e-19   66.9   0.2    44   217  1431  1610  1408  1672 0.85 -
9322:7193-15208      -           2672 960at4891            -            889   6.7e-21   71.1   7.3   2   3    0.0019      0.21    6.6   0.3    55   164  1861  1977  1841  2033 0.60 -
9322:7193-15208      -           2672 960at4891            -            889   6.7e-21   71.1   7.3   3   3      0.33        35   -0.8   0.1    30   107  2323  2407  2308  2418 0.77 -
8844:5039-6358       -            440 960at4891            -            889   7.1e-19   64.3   0.5   1   3     0.014       1.5    3.8   0.1   328   577     5    28     1    34 0.63 -
8844:5039-6358       -            440 960at4891            -            889   7.1e-19   64.3   0.5   2   3   1.1e-13   1.1e-11   40.5   0.0   386   580   106   306    94   319 0.84 -
8844:5039-6358       -            440 960at4891            -            889   7.1e-19   64.3   0.5   3   3   2.2e-06   0.00024   16.3   0.0   390   467   356   437   344   440 0.81 -
9502:3437-4294       -            286 960at4891            -            889   2.1e-15   52.9   0.1   1   2   3.9e-12   4.1e-10   35.4   0.0   523   583     6    66     2    69 0.94 -
9502:3437-4294       -            286 960at4891            -            889   2.1e-15   52.9   0.1   2   2   3.1e-06   0.00033   15.8   0.0   392   444   140   192    88   243 0.81 -
9412:11968-13440     -            491 960at4891            -            889   2.5e-13   46.0   0.0   1   2   1.3e-08   1.4e-06   23.6   0.0   519   584   247   313   213   329 0.84 -
9412:11968-13440     -            491 960at4891            -            889   2.5e-13   46.0   0.0   2   2   1.4e-07   1.5e-05   20.2   0.0   398   785   389   429   358   474 0.65 -
8662:4920-6668       -            583 960at4891            -            889     3e-11   39.1   0.0   1   2   1.5e-06   0.00016   16.8   0.0   513   570   340   397   275   420 0.78 -
8662:4920-6668       -            583 960at4891            -            889     3e-11   39.1   0.0   2   2   1.6e-07   1.7e-05   20.1   0.0   391   465   482   559   465   568 0.79 -
8980:2915-3556       -            214 960at4891            -            889   2.4e-09   32.8   0.0   1   2   5.5e-07   5.9e-05   18.3   0.0   540   583     3    46     1    52 0.94 -
8980:2915-3556       -            214 960at4891            -            889   2.4e-09   32.8   0.0   2   2   2.7e-05    0.0029   12.7   0.0   399   469   125   199   111   213 0.81 -
9716:22411-23625     -            405 960at4891            -            889   2.4e-09   32.8   0.3   1   2   0.00025     0.027    9.5   0.1   525   571   159   206   154   229 0.87 -
9716:22411-23625     -            405 960at4891            -            889   2.4e-09   32.8   0.3   2   2   5.5e-08   5.9e-06   21.6   0.0   392   458   298   366   247   380 0.83 -
9092:2820-3413       -            198 960at4891            -            889   5.4e-09   31.6   0.0   1   2   4.7e-06   0.00051   15.2   0.0   541   584     3    46     1    59 0.92 -
9092:2820-3413       -            198 960at4891            -            889   5.4e-09   31.6   0.0   2   2   6.7e-06   0.00072   14.7   0.0   398   465   106   176    87   182 0.75 -
9092:4470-5399       -            310 960at4891            -            889   5.6e-09   31.6   0.1   1   2   3.4e-07   3.7e-05   19.0   0.0   301   344    65   108    57   115 0.91 -
9092:4470-5399       -            310 960at4891            -            889   5.6e-09   31.6   0.1   2   2   0.00012     0.013   10.6   0.0   390   432   205   247   195   282 0.80 -
9014:6925-8652       -            576 960at4891            -            889   3.2e-08   29.1   0.2   1   2    0.0011      0.12    7.4   0.1   544   574    11    41     2    58 0.78 -
9014:6925-8652       -            576 960at4891            -            889   3.2e-08   29.1   0.2   2   2   2.1e-07   2.3e-05   19.7   0.0   725   792   123   193    86   213 0.84 -
8900:2710-4323       -            538 960at4891            -            889   5.7e-08   28.3   0.0   1   2   9.3e-08     1e-05   20.8   0.0   391   573   152   354   118   366 0.70 -
8900:2710-4323       -            538 960at4891            -            889   5.7e-08   28.3   0.0   2   2     0.036       3.9    2.4   0.0   753   807   462   517   430   530 0.75 -
8608:321-2387        -            689 960at4891            -            889   9.5e-08   27.5   0.0   1   2    0.0066      0.71    4.8   0.0   526   579   438   490   434   499 0.81 -
8608:321-2387        -            689 960at4891            -            889   9.5e-08   27.5   0.0   2   2   1.3e-07   1.4e-05   20.3   0.0   396   454   568   630   532   650 0.73 -
9014:8884-9615       -            244 960at4891            -            889     2e-07   26.4   0.0   1   2   0.00098       0.1    7.5   0.0   553   575    32    54    10    66 0.83 -
9014:8884-9615       -            244 960at4891            -            889     2e-07   26.4   0.0   2   2   1.1e-06   0.00012   17.3   0.0   394   444   142   192    86   229 0.63 -
9448:14761-16359     -            533 960at4891            -            889   3.4e-05   19.1   0.2   1   2    0.0012      0.12    7.3   0.0   527   577     6    58     2    70 0.76 -
9448:14761-16359     -            533 960at4891            -            889   3.4e-05   19.1   0.2   2   2   0.00015     0.016   10.2   0.0   683   793    68   189    54   207 0.66 -
9434:3226-4854       -            543 960at4891            -            889   4.4e-05   18.7   0.0   1   2   0.00076     0.082    7.9   0.0   528   573    25    70     8    85 0.84 -
9434:3226-4854       -            543 960at4891            -            889   4.4e-05   18.7   0.0   2   2   0.00041     0.044    8.8   0.0   725   793   135   206    95   243 0.77 -
9402:812-1753        -            314 960at4891            -            889   9.1e-05   17.7   0.1   1   2    0.0021      0.23    6.4   0.0   312   571    86   119    64   155 0.62 -
9402:812-1753        -            314 960at4891            -            889   9.1e-05   17.7   0.1   2   2   0.00024     0.025    9.6   0.0   398   439   207   248   162   283 0.76 -
9114:3218-6328       -           1037 960at4891            -            889   0.00057   15.0   0.0   1   2     0.044       4.7    2.1   0.0   538   571   392   425   342   459 0.73 -
9114:3218-6328       -           1037 960at4891            -            889   0.00057   15.0   0.0   2   2   0.00011     0.011   10.7   0.0   376   441   493   559   482   602 0.73 -
9444:15634-17205     -            524 960at4891            -            889   0.00085   14.5   0.1   1   2    0.0045      0.48    5.3   0.0   532   573     3    44     1    79 0.77 -
9444:15634-17205     -            524 960at4891            -            889   0.00085   14.5   0.1   2   2   0.00075      0.08    7.9   0.0   680   792    55   178    43   200 0.69 -
9680:26462-29044     -            861 960at4891            -            889    0.0021   13.2   0.0   1   2     0.049       5.3    1.9   0.0   552   570   631   649   588   675 0.75 -
9680:26462-29044     -            861 960at4891            -            889    0.0021   13.2   0.0   2   2   0.00039     0.042    8.9   0.0   747   800   740   793   733   816 0.86 -
8896:4916-7267       -            784 960at4891            -            889    0.0039   12.3   0.0   1   2   0.00044     0.047    8.7   0.0   538   572   486   520   465   534 0.76 -
8896:4916-7267       -            784 960at4891            -            889    0.0039   12.3   0.0   2   2     0.086       9.2    1.1   0.0   399   467   651   718   623   724 0.67 -
#
# Program:         hmmsearch
# Version:         3.1b2 (February 2015)
# Pipeline mode:   SEARCH
# Query file:      /home/jj/Desktop/Bioinformatics/3rd_year/1term/Computational_genomics/Seminars/exercise_04/busco_downloads/lineages/saccharomycetes_odb10/hmms/960at4891.hmm
# Target file:     /home/jj/Desktop/Bioinformatics/3rd_year/1term/Computational_genomics/Seminars/exercise_04/./busco/SRR6130428/SRR6130428_k63_contigs/run_saccharomycetes_odb10/metaeuk_output/initial_results/SRR6130428_k63_graph.contig.fa.modified.fas
# Option settings: hmmsearch --domtblout /home/jj/Desktop/Bioinformatics/3rd_year/1term/Computational_genomics/Seminars/exercise_04/./busco/SRR6130428/SRR6130428_k63_contigs/run_saccharomycetes_odb10/hmmer_output/initial_run_results/960at4891.out --cpu 1 /home/jj/Desktop/Bioinformatics/3rd_year/1term/Computational_genomics/Seminars/exercise_04/busco_downloads/lineages/saccharomycetes_odb10/hmms/960at4891.hmm /home/jj/Desktop/Bioinformatics/3rd_year/1term/Computational_genomics/Seminars/exercise_04/./busco/SRR6130428/SRR6130428_k63_contigs/run_saccharomycetes_odb10/metaeuk_output/initial_results/SRR6130428_k63_graph.contig.fa.modified.fas 
# Current dir:     /home/jj/Desktop/Bioinformatics/3rd_year/1term/Computational_genomics/Seminars/exercise_04
# Date:            Tue Nov  5 18:39:33 2024
# [ok]
