#                                                                            --- full sequence --- -------------- this domain -------------   hmm coord   ali coord   env coord
# target name        accession   tlen query name           accession   qlen   E-value  score  bias   #  of  c-Evalue  i-Evalue  score  bias  from    to  from    to  from    to  acc description of target
#------------------- ---------- ----- -------------------- ---------- ----- --------- ------ ----- --- --- --------- --------- ------ ----- ----- ----- ----- ----- ----- ----- ---- ---------------------
9118:1587-3833       -            749 9724at4891           -            502    6e-201  665.3  36.3   1   4     1e-18   9.5e-17   57.7   0.4     1    47     5    51     5    62 0.91 -
9118:1587-3833       -            749 9724at4891           -            502    6e-201  665.3  36.3   2   4  8.7e-157    8e-155  513.2  12.8    43   389   157   586   143   592 0.86 -
9118:1587-3833       -            749 9724at4891           -            502    6e-201  665.3  36.3   3   4   2.3e-18   2.1e-16   56.5   0.8   379   445   596   666   588   679 0.83 -
9118:1587-3833       -            749 9724at4891           -            502    6e-201  665.3  36.3   4   4   8.9e-14   8.2e-12   41.4   3.9   437   500   679   749   665   749 0.88 -
8574:225-1685        -            487 9724at4891           -            502   4.9e-72  240.1   1.2   1   2      0.89        82   -1.5   0.2   407   463     5    58     2    80 0.67 -
8574:225-1685        -            487 9724at4891           -            502   4.9e-72  240.1   1.2   2   2   5.8e-74   5.4e-72  239.9   0.1    39   412    69   454    57   469 0.81 -
9692:867-3095        -            743 9724at4891           -            502   1.7e-70  235.0   1.5   1   2       6.5     6e+02   -4.3   1.5   418   460    13    55    10    61 0.65 -
9692:867-3095        -            743 9724at4891           -            502   1.7e-70  235.0   1.5   2   2   1.8e-72   1.7e-70  235.0   1.5    37   428   225   645   193   702 0.75 -
9718:45233-46525     -            431 9724at4891           -            502   2.6e-68  227.8   0.9   1   1   3.8e-70   3.5e-68  227.4   0.9    39   404     5   400     2   426 0.78 -
9196:12113-13627     -            505 9724at4891           -            502   3.3e-66  220.8   0.0   1   1   4.9e-68   4.5e-66  220.4   0.0    38   382    43   409    35   457 0.82 -
8934:2131-4440       -            770 9724at4891           -            502   2.1e-60  201.7   0.4   1   2   2.2e-62   2.1e-60  201.7   0.4    39   382    43   413    21   436 0.80 -
8934:2131-4440       -            770 9724at4891           -            502   2.1e-60  201.7   0.4   2   2      0.37        34   -0.2   1.4   419   458   641   680   628   713 0.72 -
9678:2313-3881       -            523 9724at4891           -            502     1e-58  196.1   0.0   1   1   1.1e-60     1e-58  196.1   0.0    50   372   126   469   113   510 0.80 -
9288:11014-13998     -            995 9724at4891           -            502   7.7e-57  189.9   0.3   1   2   1.2e-38   1.1e-36  123.5   0.3    34   264   134   373   110   423 0.81 -
9288:11014-13998     -            995 9724at4891           -            502   7.7e-57  189.9   0.3   2   2     2e-20   1.8e-18   63.3   0.0   276   371   444   541   430   572 0.81 -
8198:2644-4164       -            507 9724at4891           -            502   2.6e-56  188.2   0.0   1   2     6e-12   5.6e-10   35.4   0.0    38   102   101   166    82   171 0.88 -
8198:2644-4164       -            507 9724at4891           -            502   2.6e-56  188.2   0.0   2   2   7.1e-47   6.5e-45  150.6   0.0    97   387   181   481   178   495 0.82 -
9684:21606-22841     -            412 9724at4891           -            502   2.7e-56  188.1   0.0   1   2   1.1e-11   9.9e-10   34.5   0.0    43   100    15    73     6    83 0.85 -
9684:21606-22841     -            412 9724at4891           -            502   2.7e-56  188.1   0.0   2   2   3.9e-47   3.6e-45  151.5   0.0    98   385    91   388    87   401 0.82 -
9050:7326-9089       -            588 9724at4891           -            502   9.4e-54  179.8   0.9   1   1   2.1e-55   1.9e-53  178.8   0.9    40   401   180   576   173   587 0.78 -
9130:94-2607         -            838 9724at4891           -            502   7.8e-52  173.4   9.7   1   3       2.9   2.7e+02   -3.2   0.7   428   494   100   171    50   177 0.68 -
9130:94-2607         -            838 9724at4891           -            502   7.8e-52  173.4   9.7   2   3   3.1e-36   2.9e-34  115.5   0.4    44   250   251   475   212   490 0.78 -
9130:94-2607         -            838 9724at4891           -            502   7.8e-52  173.4   9.7   3   3   1.1e-20     1e-18   64.2   0.1   269   444   516   695   510   713 0.76 -
9560:4401-5513       -            371 9724at4891           -            502   3.3e-51  171.4   2.2   1   1   4.7e-53   4.4e-51  171.0   2.2    39   381     3   361     1   368 0.80 -
9568:558-1955        -            466 9724at4891           -            502   4.6e-51  170.9   0.9   1   1   1.6e-52   1.5e-50  169.2   0.9    39   369    29   371    18   401 0.77 -
9106:7077-8840       -            588 9724at4891           -            502   5.4e-51  170.7   7.5   1   2     3e-42   2.8e-40  135.3   5.7    32   321     6   325     1   328 0.77 -
9106:7077-8840       -            588 9724at4891           -            502   5.4e-51  170.7   7.5   2   2   8.2e-12   7.6e-10   34.9   0.0   323   385   377   441   359   515 0.80 -
7278:2-1102          -            367 9724at4891           -            502   6.1e-51  170.5   0.3   1   1   8.3e-53   7.6e-51  170.2   0.3    41   385     4   360     1   366 0.82 -
9398:14767-16434     -            556 9724at4891           -            502   8.9e-50  166.6   2.5   1   2   4.7e-51   4.3e-49  164.4   1.7    43   379   128   488   106   527 0.80 -
9398:14767-16434     -            556 9724at4891           -            502   8.9e-50  166.6   2.5   2   2      0.67        62   -1.1   0.2   421   467   498   541   476   551 0.63 -
9604:17339-18991     -            551 9724at4891           -            502   1.8e-49  165.7   2.0   1   1   3.3e-51     3e-49  164.9   2.0    48   384    29   412    18   448 0.71 -
9728:8092-9537       -            482 9724at4891           -            502   6.5e-48  160.5   0.3   1   1     1e-49   9.5e-48  160.0   0.3    42   392    97   466    86   480 0.82 -
9140:2896-4233       -            446 9724at4891           -            502   3.4e-44  148.2   0.2   1   1   5.5e-46   5.1e-44  147.7   0.2    54   381    80   425    57   435 0.81 -
8224:1308-3125       -            606 9724at4891           -            502   5.4e-41  137.7   0.1   1   2   6.4e-15   5.9e-13   45.2   0.0    55   119    26   103    13   111 0.81 -
8224:1308-3125       -            606 9724at4891           -            502   5.4e-41  137.7   0.1   2   2   3.2e-31   2.9e-29   99.0   0.0   141   395   143   405   133   415 0.72 -
9570:2503-4722       -            740 9724at4891           -            502   1.7e-38  129.4   0.0   1   2   1.1e-26   9.9e-25   84.0   0.0    38   206   142   338   127   361 0.78 -
9570:2503-4722       -            740 9724at4891           -            502   1.7e-38  129.4   0.0   2   2   2.8e-14   2.5e-12   43.1   0.0   291   378   482   577   478   626 0.81 -
7462:127-1389        -            421 9724at4891           -            502   2.4e-38  128.9   0.0   1   1   3.8e-40   3.5e-38  128.4   0.0    45   327   118   421   107   421 0.76 -
9470:16576-18366     -            597 9724at4891           -            502   4.9e-34  114.7  14.1   1   2     0.054         5    2.5   0.1   393   436    89   133    77   166 0.78 -
9470:16576-18366     -            597 9724at4891           -            502   4.9e-34  114.7  14.1   2   2   3.1e-33   2.9e-31  105.6  10.6    74   359   228   564   177   591 0.66 -
9428:2704-4236       -            511 9724at4891           -            502   2.6e-27   92.6   4.6   1   2   2.5e-14   2.3e-12   43.2   2.8    79   287   113   358    63   363 0.64 -
9428:2704-4236       -            511 9724at4891           -            502   2.6e-27   92.6   4.6   2   2   3.7e-15   3.5e-13   45.9   0.0   312   387   434   509   406   511 0.91 -
9410:9342-10319      -            326 9724at4891           -            502   4.3e-13   45.6   0.0   1   2   2.3e-06   0.00021   17.0   0.0    63   121     1    63     1   146 0.85 -
9410:9342-10319      -            326 9724at4891           -            502   4.3e-13   45.6   0.0   2   2   1.8e-09   1.6e-07   27.2   0.0   268   357   219   312   161   320 0.89 -
9640:15160-16239     -            360 9724at4891           -            502   2.4e-06   23.4   0.0   1   1   4.2e-08   3.9e-06   22.7   0.0    56   188     1   147     1   172 0.71 -
9650:11956-15135     -           1060 9724at4891           -            502   1.5e-05   20.8   0.0   1   2   5.4e-05     0.005   12.4   0.0    47   120   281   356   260   363 0.74 -
9650:11956-15135     -           1060 9724at4891           -            502   1.5e-05   20.8   0.0   2   2    0.0059      0.54    5.7   0.0   308   368   583   644   574   674 0.85 -
9198:4115-5575       -            487 9724at4891           -            502   0.00011   17.8   3.5   1   2   2.9e-06   0.00027   16.6   1.5   103   181    60   145     1   161 0.72 -
9198:4115-5575       -            487 9724at4891           -            502   0.00011   17.8   3.5   2   2       0.7        65   -1.1   0.0   361   395   245   282   237   300 0.76 -
#
# Program:         hmmsearch
# Version:         3.1b2 (February 2015)
# Pipeline mode:   SEARCH
# Query file:      /home/jj/Desktop/Bioinformatics/3rd_year/1term/Computational_genomics/Seminars/exercise_04/busco_downloads/lineages/saccharomycetes_odb10/hmms/9724at4891.hmm
# Target file:     /home/jj/Desktop/Bioinformatics/3rd_year/1term/Computational_genomics/Seminars/exercise_04/./busco/SRR6130428/SRR6130428_k63_contigs/run_saccharomycetes_odb10/metaeuk_output/initial_results/SRR6130428_k63_graph.contig.fa.modified.fas
# Option settings: hmmsearch --domtblout /home/jj/Desktop/Bioinformatics/3rd_year/1term/Computational_genomics/Seminars/exercise_04/./busco/SRR6130428/SRR6130428_k63_contigs/run_saccharomycetes_odb10/hmmer_output/initial_run_results/9724at4891.out --cpu 1 /home/jj/Desktop/Bioinformatics/3rd_year/1term/Computational_genomics/Seminars/exercise_04/busco_downloads/lineages/saccharomycetes_odb10/hmms/9724at4891.hmm /home/jj/Desktop/Bioinformatics/3rd_year/1term/Computational_genomics/Seminars/exercise_04/./busco/SRR6130428/SRR6130428_k63_contigs/run_saccharomycetes_odb10/metaeuk_output/initial_results/SRR6130428_k63_graph.contig.fa.modified.fas 
# Current dir:     /home/jj/Desktop/Bioinformatics/3rd_year/1term/Computational_genomics/Seminars/exercise_04
# Date:            Tue Nov  5 18:39:34 2024
# [ok]
