#                                                                            --- full sequence --- -------------- this domain -------------   hmm coord   ali coord   env coord
# target name        accession   tlen query name           accession   qlen   E-value  score  bias   #  of  c-Evalue  i-Evalue  score  bias  from    to  from    to  from    to  acc description of target
#------------------- ---------- ----- -------------------- ---------- ----- --------- ------ ----- --- --- --------- --------- ------ ----- ----- ----- ----- ----- ----- ----- ---- ---------------------
9466:1847-3775       -            643 9897at4891           -            447  1.7e-168  558.2   3.9   1   2   4.2e-90   1.9e-87  291.1   1.8    11   266    38   362    34   370 0.81 -
9466:1847-3775       -            643 9897at4891           -            447  1.7e-168  558.2   3.9   2   2   1.6e-79     7e-77  256.2   0.0   270   443   417   634   393   639 0.81 -
8144:650-2290        -            547 9897at4891           -            447   3.7e-29   98.9   0.1   1   2   1.7e-19   7.5e-17   58.4   0.2    86   218   221   362   145   393 0.82 -
8144:650-2290        -            547 9897at4891           -            447   3.7e-29   98.9   0.1   2   2   2.5e-13   1.1e-10   38.0   0.0   342   426   457   541   442   544 0.86 -
7720:432-2084        -            551 9897at4891           -            447   1.6e-18   63.9   0.0   1   3     0.087        39   -0.0   0.0    11    50    99   138    94   147 0.90 -
7720:432-2084        -            551 9897at4891           -            447   1.6e-18   63.9   0.0   2   3   7.4e-13   3.3e-10   36.5   0.0    88   217   208   347   154   356 0.82 -
7720:432-2084        -            551 9897at4891           -            447   1.6e-18   63.9   0.0   3   3   7.4e-09   3.3e-06   23.3   0.0   324   424   445   551   433   551 0.85 -
8568:2136-3530       -            465 9897at4891           -            447   3.4e-18   62.8   0.0   1   2   5.9e-14   2.6e-11   40.1   0.1    78   216   100   246    84   256 0.84 -
8568:2136-3530       -            465 9897at4891           -            447   3.4e-18   62.8   0.0   2   2   4.6e-08     2e-05   20.7   0.0   386   423   428   465   353   465 0.87 -
9160:5478-6899       -            474 9897at4891           -            447   7.9e-18   61.6   0.0   1   1   4.4e-20   1.9e-17   60.3   0.0    92   427   126   469     8   473 0.80 -
8254:269-1924        -            552 9897at4891           -            447   2.3e-17   60.1   0.0   1   3   0.00059      0.26    7.1   0.0     7    48   124   164   119   189 0.84 -
8254:269-1924        -            552 9897at4891           -            447   2.3e-17   60.1   0.0   2   3   3.8e-10   1.7e-07   27.5   0.0    89   214   235   367   220   375 0.85 -
8254:269-1924        -            552 9897at4891           -            447   2.3e-17   60.1   0.0   3   3   2.6e-08   1.2e-05   21.5   0.0   349   425   471   545   450   549 0.81 -
#
# Program:         hmmsearch
# Version:         3.1b2 (February 2015)
# Pipeline mode:   SEARCH
# Query file:      /home/jj/Desktop/Bioinformatics/3rd_year/1term/Computational_genomics/Seminars/exercise_04/busco_downloads/lineages/saccharomycetes_odb10/hmms/9897at4891.hmm
# Target file:     /home/jj/Desktop/Bioinformatics/3rd_year/1term/Computational_genomics/Seminars/exercise_04/./busco/SRR6130428/SRR6130428_k63_contigs/run_saccharomycetes_odb10/metaeuk_output/initial_results/SRR6130428_k63_graph.contig.fa.modified.fas
# Option settings: hmmsearch --domtblout /home/jj/Desktop/Bioinformatics/3rd_year/1term/Computational_genomics/Seminars/exercise_04/./busco/SRR6130428/SRR6130428_k63_contigs/run_saccharomycetes_odb10/hmmer_output/initial_run_results/9897at4891.out --cpu 1 /home/jj/Desktop/Bioinformatics/3rd_year/1term/Computational_genomics/Seminars/exercise_04/busco_downloads/lineages/saccharomycetes_odb10/hmms/9897at4891.hmm /home/jj/Desktop/Bioinformatics/3rd_year/1term/Computational_genomics/Seminars/exercise_04/./busco/SRR6130428/SRR6130428_k63_contigs/run_saccharomycetes_odb10/metaeuk_output/initial_results/SRR6130428_k63_graph.contig.fa.modified.fas 
# Current dir:     /home/jj/Desktop/Bioinformatics/3rd_year/1term/Computational_genomics/Seminars/exercise_04
# Date:            Tue Nov  5 18:39:35 2024
# [ok]
