#                                                                            --- full sequence --- -------------- this domain -------------   hmm coord   ali coord   env coord
# target name        accession   tlen query name           accession   qlen   E-value  score  bias   #  of  c-Evalue  i-Evalue  score  bias  from    to  from    to  from    to  acc description of target
#------------------- ---------- ----- -------------------- ---------- ----- --------- ------ ----- --- --- --------- --------- ------ ----- ----- ----- ----- ----- ----- ----- ---- ---------------------
8254:269-1924        -            552 9948at4891           -            460  2.1e-263  871.2   5.1   1   2   1.7e-09   7.4e-07   25.4   4.6    20    49    53    82    12    93 0.69 -
8254:269-1924        -            552 9948at4891           -            460  2.1e-263  871.2   5.1   2   2    9e-256    4e-253  837.3   0.0    40   460   115   552    95   552 0.95 -
9160:5478-6899       -            474 9948at4891           -            460   2.2e-44  149.2   0.1   1   2   2.8e-24   1.2e-21   74.2   0.0    54   284    16   264     2   282 0.69 -
9160:5478-6899       -            474 9948at4891           -            460   2.2e-44  149.2   0.1   2   2   7.9e-24   3.5e-21   72.7   0.0   306   455   311   469   297   473 0.84 -
8144:650-2290        -            547 9948at4891           -            460   3.8e-40  135.2   0.0   1   1   1.3e-42   5.9e-40  134.6   0.0    50   460   100   547    78   547 0.76 -
9466:1847-3775       -            643 9948at4891           -            460   4.8e-15   52.4   0.0   1   2   3.4e-12   1.5e-09   34.3   0.0    53   278    38   273    12   320 0.71 -
9466:1847-3775       -            643 9948at4891           -            460   4.8e-15   52.4   0.0   2   2   1.2e-06   0.00053   16.0   0.0   386   453   540   616   512   621 0.72 -
7720:432-2084        -            551 9948at4891           -            460   1.3e-11   41.1   0.2   1   3      0.41   1.8e+02   -2.2   0.0    43    65    89   111    82   130 0.82 -
7720:432-2084        -            551 9948at4891           -            460   1.3e-11   41.1   0.2   2   3     2e-09   9.1e-07   25.2   0.1   168   323   226   378   202   409 0.75 -
7720:432-2084        -            551 9948at4891           -            460   1.3e-11   41.1   0.2   3   3   9.3e-06    0.0042   13.1   0.0   414   452   513   551   503   551 0.92 -
8568:2136-3530       -            465 9948at4891           -            460   1.3e-09   34.5   0.0   1   2   8.8e-07   0.00039   16.5   0.0   166   278   125   238   116   251 0.81 -
8568:2136-3530       -            465 9948at4891           -            460   1.3e-09   34.5   0.0   2   2   1.4e-06   0.00064   15.8   0.0   409   445   424   459   407   464 0.80 -
#
# Program:         hmmsearch
# Version:         3.1b2 (February 2015)
# Pipeline mode:   SEARCH
# Query file:      /home/jj/Desktop/Bioinformatics/3rd_year/1term/Computational_genomics/Seminars/exercise_04/busco_downloads/lineages/saccharomycetes_odb10/hmms/9948at4891.hmm
# Target file:     /home/jj/Desktop/Bioinformatics/3rd_year/1term/Computational_genomics/Seminars/exercise_04/./busco/SRR6130428/SRR6130428_k63_contigs/run_saccharomycetes_odb10/metaeuk_output/initial_results/SRR6130428_k63_graph.contig.fa.modified.fas
# Option settings: hmmsearch --domtblout /home/jj/Desktop/Bioinformatics/3rd_year/1term/Computational_genomics/Seminars/exercise_04/./busco/SRR6130428/SRR6130428_k63_contigs/run_saccharomycetes_odb10/hmmer_output/initial_run_results/9948at4891.out --cpu 1 /home/jj/Desktop/Bioinformatics/3rd_year/1term/Computational_genomics/Seminars/exercise_04/busco_downloads/lineages/saccharomycetes_odb10/hmms/9948at4891.hmm /home/jj/Desktop/Bioinformatics/3rd_year/1term/Computational_genomics/Seminars/exercise_04/./busco/SRR6130428/SRR6130428_k63_contigs/run_saccharomycetes_odb10/metaeuk_output/initial_results/SRR6130428_k63_graph.contig.fa.modified.fas 
# Current dir:     /home/jj/Desktop/Bioinformatics/3rd_year/1term/Computational_genomics/Seminars/exercise_04
# Date:            Tue Nov  5 18:39:36 2024
# [ok]
