#                                                                            --- full sequence --- -------------- this domain -------------   hmm coord   ali coord   env coord
# target name        accession   tlen query name           accession   qlen   E-value  score  bias   #  of  c-Evalue  i-Evalue  score  bias  from    to  from    to  from    to  acc description of target
#------------------- ---------- ----- -------------------- ---------- ----- --------- ------ ----- --- --- --------- --------- ------ ----- ----- ----- ----- ----- ----- ----- ---- ---------------------
9686:6806-8086       -            427 22538at4891          -            343     7e-87  284.0   6.1   1   3   2.4e-07   7.1e-07   20.9   0.1     7    43    59    98    50   108 0.76 -
9686:6806-8086       -            427 22538at4891          -            343     7e-87  284.0   6.1   2   3   2.5e-34   7.5e-34  109.6   0.0    33   123   155   260   122   270 0.82 -
9686:6806-8086       -            427 22538at4891          -            343     7e-87  284.0   6.1   3   3   3.1e-48   9.1e-48  155.4   0.4   118   249   279   427   274   427 0.87 -
8734:5827-6819       -            331 22538at4891          -            343   1.6e-54  177.6   2.0   1   1   8.9e-54   2.6e-53  173.6   2.0    84   339    36   331    18   331 0.81 -
8890:5772-6635       -            288 22538at4891          -            343   6.2e-39  126.3   4.5   1   3   4.4e-17   1.3e-16   52.9   0.1   264   341     3    83     1    85 0.90 -
8890:5772-6635       -            288 22538at4891          -            343   6.2e-39  126.3   4.5   2   3   1.9e-13   5.7e-13   40.9   0.1   266   342   105   181    96   182 0.89 -
8890:5772-6635       -            288 22538at4891          -            343   6.2e-39  126.3   4.5   3   3   4.5e-11   1.3e-10   33.1   0.1   251   342   194   285   184   286 0.84 -
9038:3892-4851       -            320 22538at4891          -            343   4.7e-38  123.4   0.4   1   2   1.3e-23   3.9e-23   74.4   0.4    89   244     1   188     1   200 0.76 -
9038:3892-4851       -            320 22538at4891          -            343   4.7e-38  123.4   0.4   2   2   1.1e-14   3.3e-14   45.0   0.0   235   342   202   315   191   316 0.85 -
8624:364-1206        -            281 22538at4891          -            343   8.5e-38  122.6   0.1   1   2   2.1e-20   6.1e-20   63.9   0.0   262   337     2    74     1    80 0.93 -
8624:364-1206        -            281 22538at4891          -            343   8.5e-38  122.6   0.1   2   2   3.5e-20     1e-19   63.1   0.0   148   342    64   278    62   279 0.83 -
9644:5109-5927       -            273 22538at4891          -            343   3.8e-36  117.1   0.6   1   3     3e-12     9e-12   37.0   0.0   274   342     4    74     1    75 0.88 -
9644:5109-5927       -            273 22538at4891          -            343   3.8e-36  117.1   0.6   2   3   5.9e-14   1.8e-13   42.6   0.0   266   342    95   171    84   172 0.90 -
9644:5109-5927       -            273 22538at4891          -            343   3.8e-36  117.1   0.6   3   3   1.5e-11   4.4e-11   34.7   0.0   256   341   186   271   173   273 0.81 -
7420:217-1029        -            271 22538at4891          -            343   1.4e-34  112.0   0.3   1   2   5.3e-09   1.6e-08   26.3   0.0   176   249     1    80     1    80 0.83 -
7420:217-1029        -            271 22538at4891          -            343   1.4e-34  112.0   0.3   2   2   1.1e-28   3.3e-28   91.1   0.1   121   342    37   271    33   271 0.82 -
7950:74-1054         -            327 22538at4891          -            343   2.5e-34  111.2   2.1   1   3   1.6e-07   4.8e-07   21.5   0.1   264   334    32   107    11   116 0.72 -
7950:74-1054         -            327 22538at4891          -            343   2.5e-34  111.2   2.1   2   3   9.4e-14   2.8e-13   42.0   0.3   251   342   135   224   105   225 0.84 -
7950:74-1054         -            327 22538at4891          -            343   2.5e-34  111.2   2.1   3   3   4.4e-15   1.3e-14   46.3   0.0   252   343   237   325   227   325 0.89 -
9646:21693-22538     -            282 22538at4891          -            343   6.7e-34  109.8   0.1   1   2   1.5e-09   4.5e-09   28.1   0.1   261   342    11    90     4    91 0.76 -
9646:21693-22538     -            282 22538at4891          -            343   6.7e-34  109.8   0.1   2   2   5.2e-27   1.5e-26   85.6   0.0   150   342    77   282    71   282 0.83 -
7524:554-1408        -            285 22538at4891          -            343   3.8e-32  104.0   1.0   1   1   1.4e-31   4.2e-31  100.6   1.0    89   339     1   285     1   285 0.79 -
9260:13157-14020     -            288 22538at4891          -            343   5.6e-32  103.4   2.7   1   3   9.9e-07   2.9e-06   18.9   0.1   171   216     7    53     4    61 0.78 -
9260:13157-14020     -            288 22538at4891          -            343   5.6e-32  103.4   2.7   2   3   3.5e-05    0.0001   13.8   0.1   304   340    58    94    39    97 0.84 -
9260:13157-14020     -            288 22538at4891          -            343   5.6e-32  103.4   2.7   3   3   2.2e-22   6.4e-22   70.4   0.1    89   238   118   281   100   287 0.79 -
9542:7251-8195       -            315 22538at4891          -            343   1.5e-31  102.0   0.6   1   4   0.00029   0.00086   10.8   0.0   175   203     1    29     1    46 0.81 -
9542:7251-8195       -            315 22538at4891          -            343   1.5e-31  102.0   0.6   2   4   1.4e-08   4.3e-08   24.9   0.0   303   342    67   106    54   107 0.87 -
9542:7251-8195       -            315 22538at4891          -            343   1.5e-31  102.0   0.6   3   4   3.7e-11   1.1e-10   33.4   0.0   255   342   118   205   108   206 0.83 -
9542:7251-8195       -            315 22538at4891          -            343   1.5e-31  102.0   0.6   4   4   1.1e-09   3.1e-09   28.6   0.0   270   334   246   310   230   315 0.89 -
8722:6551-7405       -            285 22538at4891          -            343   1.3e-30   99.0   4.3   1   1   3.5e-29     1e-28   92.7   4.3    88   334     1   277     1   284 0.76 -
8892:1274-2125       -            284 22538at4891          -            343   1.6e-30   98.6   2.6   1   1   2.2e-30   6.5e-30   96.6   2.6    89   339     1   284     1   284 0.79 -
9216:11812-12666     -            285 22538at4891          -            343   9.3e-30   96.1   0.5   1   3   2.4e-11   7.2e-11   34.0   0.0   264   336     4    83     1    90 0.78 -
9216:11812-12666     -            285 22538at4891          -            343   9.3e-30   96.1   0.5   2   3   2.3e-10   6.7e-10   30.8   0.0   254   324   100   165    87   170 0.85 -
9216:11812-12666     -            285 22538at4891          -            343   9.3e-30   96.1   0.5   3   3   1.1e-09   3.4e-09   28.5   0.0   261   338   200   278   185   283 0.88 -
9432:17200-18003     -            268 22538at4891          -            343   1.2e-28   92.5   2.2   1   3   9.5e-10   2.8e-09   28.8   0.0    88   179     1   104     1   107 0.67 -
9432:17200-18003     -            268 22538at4891          -            343   1.2e-28   92.5   2.2   2   3   2.5e-12   7.3e-12   37.3   0.1   261   342   105   189   100   190 0.87 -
9432:17200-18003     -            268 22538at4891          -            343   1.2e-28   92.5   2.2   3   3   1.4e-09     4e-09   28.3   0.1   230   324   171   266   170   268 0.83 -
9414:249-1106        -            286 22538at4891          -            343   1.3e-28   92.4   2.3   1   3   8.7e-10   2.6e-09   28.9   0.0    88   169     1    92     1   106 0.74 -
9414:249-1106        -            286 22538at4891          -            343   1.3e-28   92.4   2.3   2   3   1.9e-11   5.7e-11   34.4   0.1   264   329   109   177   100   191 0.79 -
9414:249-1106        -            286 22538at4891          -            343   1.3e-28   92.4   2.3   3   3   9.3e-10   2.7e-09   28.8   0.2   230   334   172   278   171   284 0.72 -
9390:15488-16348     -            287 22538at4891          -            343   4.5e-28   90.6   0.5   1   2   1.1e-17   3.2e-17   54.9   0.3   177   341     1   184     1   186 0.82 -
9390:15488-16348     -            287 22538at4891          -            343   4.5e-28   90.6   0.5   2   2   1.6e-10   4.6e-10   31.4   0.0   255   340   198   282   192   285 0.84 -
9468:18731-19573     -            281 22538at4891          -            343   4.7e-27   87.2   0.2   1   2   2.6e-19   7.8e-19   60.2   0.1   173   341     8   182     2   186 0.84 -
9468:18731-19573     -            281 22538at4891          -            343   4.7e-27   87.2   0.2   2   2   1.3e-08   3.9e-08   25.0   0.0   251   338   194   280   185   281 0.84 -
9148:5335-6231       -            299 22538at4891          -            343   5.4e-26   83.8   0.3   1   2   3.5e-21     1e-20   66.4   0.1   188   342     6   174     2   175 0.85 -
9148:5335-6231       -            299 22538at4891          -            343   5.4e-26   83.8   0.3   2   2   1.1e-05   3.3e-05   15.4   0.0   254   339   189   291   178   295 0.74 -
9044:1266-2084       -            273 22538at4891          -            343   5.7e-26   83.7   1.3   1   2   1.4e-12   4.2e-12   38.1   0.2    91   208     1   125     1   128 0.87 -
9044:1266-2084       -            273 22538at4891          -            343   5.7e-26   83.7   1.3   2   2   9.6e-15   2.8e-14   45.2   0.1   114   247   126   270   123   273 0.84 -
8498:3440-4288       -            283 22538at4891          -            343   3.8e-24   77.7   1.1   1   2     4e-12   1.2e-11   36.6   0.1   262   334     2    84     1    93 0.81 -
8498:3440-4288       -            283 22538at4891          -            343   3.8e-24   77.7   1.1   2   2   1.6e-13   4.9e-13   41.2   0.1   150   339    79   281    74   283 0.74 -
7848:296-1198        -            301 22538at4891          -            343   4.9e-24   77.3   3.6   1   2   4.1e-17   1.2e-16   53.0   1.1   169   342     1   197     1   198 0.72 -
7848:296-1198        -            301 22538at4891          -            343   4.9e-24   77.3   3.6   2   2   2.4e-08   7.1e-08   24.2   0.1   259   334   212   283   187   292 0.81 -
8602:3653-4699       -            349 22538at4891          -            343   8.8e-23   73.2   0.1   1   4     0.085      0.25    2.6   0.0   266   289     4    28     1    41 0.61 -
8602:3653-4699       -            349 22538at4891          -            343   8.8e-23   73.2   0.1   2   4    0.0019    0.0057    8.0   0.0   295   341    84   130    73   132 0.89 -
8602:3653-4699       -            349 22538at4891          -            343   8.8e-23   73.2   0.1   3   4   4.3e-08   1.3e-07   23.4   0.0   218   342   101   232   100   233 0.84 -
8602:3653-4699       -            349 22538at4891          -            343   8.8e-23   73.2   0.1   4   4   8.2e-13   2.4e-12   38.9   0.0    77   167   245   345   239   348 0.84 -
8618:201-1034        -            278 22538at4891          -            343   3.9e-19   61.2   1.1   1   1   1.4e-18   4.2e-18   57.8   1.1    88   340     1   278     1   278 0.78 -
9290:2988-3884       -            299 22538at4891          -            343   1.2e-16   53.0   5.2   1   3     0.018     0.054    4.8   0.1   261   288     8    35     3    43 0.80 -
9290:2988-3884       -            299 22538at4891          -            343   1.2e-16   53.0   5.2   2   3   0.00012   0.00035   12.0   0.0    61   116    72   127    52   150 0.81 -
9290:2988-3884       -            299 22538at4891          -            343   1.2e-16   53.0   5.2   3   3   6.7e-12     2e-11   35.9   0.9   119   334   161   288   140   296 0.54 -
9594:15568-16353     -            262 22538at4891          -            343   2.5e-13   42.1   0.3   1   2    0.0035      0.01    7.2   0.1   295   325    28    58    19    76 0.76 -
9594:15568-16353     -            262 22538at4891          -            343   2.5e-13   42.1   0.3   2   2     4e-11   1.2e-10   33.3   0.0   171   326   100   262    95   262 0.80 -
7910:2196-2972       -            259 22538at4891          -            343   9.8e-08   23.7   3.8   1   1     0.043      0.13    3.6   0.1   165   248   171   258   157   259 0.62 -
#
# Program:         hmmsearch
# Version:         3.1b2 (February 2015)
# Pipeline mode:   SEARCH
# Query file:      /home/jj/Desktop/Bioinformatics/3rd_year/1term/Computational_genomics/Seminars/exercise_04/busco_downloads/lineages/saccharomycetes_odb10/hmms/22538at4891.hmm
# Target file:     /home/jj/Desktop/Bioinformatics/3rd_year/1term/Computational_genomics/Seminars/exercise_04/./busco/SRR6130428/SRR6130428_k63_contigs/run_saccharomycetes_odb10/metaeuk_output/rerun_results/SRR6130428_k63_graph.contig.fa.modified.fas
# Option settings: hmmsearch --domtblout /home/jj/Desktop/Bioinformatics/3rd_year/1term/Computational_genomics/Seminars/exercise_04/./busco/SRR6130428/SRR6130428_k63_contigs/run_saccharomycetes_odb10/hmmer_output/rerun_results/22538at4891.out --cpu 1 /home/jj/Desktop/Bioinformatics/3rd_year/1term/Computational_genomics/Seminars/exercise_04/busco_downloads/lineages/saccharomycetes_odb10/hmms/22538at4891.hmm /home/jj/Desktop/Bioinformatics/3rd_year/1term/Computational_genomics/Seminars/exercise_04/./busco/SRR6130428/SRR6130428_k63_contigs/run_saccharomycetes_odb10/metaeuk_output/rerun_results/SRR6130428_k63_graph.contig.fa.modified.fas 
# Current dir:     /home/jj/Desktop/Bioinformatics/3rd_year/1term/Computational_genomics/Seminars/exercise_04
# Date:            Tue Nov  5 18:43:44 2024
# [ok]
