#                                                                            --- full sequence --- -------------- this domain -------------   hmm coord   ali coord   env coord
# target name        accession   tlen query name           accession   qlen   E-value  score  bias   #  of  c-Evalue  i-Evalue  score  bias  from    to  from    to  from    to  acc description of target
#------------------- ---------- ----- -------------------- ---------- ----- --------- ------ ----- --- --- --------- --------- ------ ----- ----- ----- ----- ----- ----- ----- ---- ---------------------
9478:9393-10808      -            472 5557at4891           -            374    1e-118  389.0  13.2   1   2   1.4e-74   6.8e-74  241.5   5.7     1   210     7   247     7   262 0.82 -
9478:9393-10808      -            472 5557at4891           -            374    1e-118  389.0  13.2   2   2   1.2e-45   5.9e-45  146.3   0.8   208   360   274   467   270   472 0.83 -
8522:2428-3828       -            467 5557at4891           -            374  1.9e-118  388.1  14.2   1   2   1.9e-73   9.4e-73  237.8   8.0     2   199     9   239     8   264 0.83 -
8522:2428-3828       -            467 5557at4891           -            374  1.9e-118  388.1  14.2   2   2   3.8e-46   1.9e-45  147.9   0.4   209   359   276   467   269   467 0.84 -
8266:1277-2740       -            488 5557at4891           -            374  4.9e-110  360.5  16.8   1   2   4.2e-72   2.1e-71  233.3  10.1     1   215    10   268    10   278 0.80 -
8266:1277-2740       -            488 5557at4891           -            374  4.9e-110  360.5  16.8   2   2   1.4e-38   6.9e-38  123.0   0.5   211   361   293   486   287   488 0.79 -
9524:2031-3488       -            486 5557at4891           -            374  3.9e-107  350.9  16.7   1   2   9.6e-71   4.7e-70  228.9   8.6     1   217    10   272    10   287 0.80 -
9524:2031-3488       -            486 5557at4891           -            374  3.9e-107  350.9  16.7   2   2   9.3e-38   4.5e-37  120.3   1.2   212   361   293   485   283   486 0.76 -
9286:2333-4474       -            714 5557at4891           -            374  3.4e-103  337.9  17.9   1   4   1.6e-31   7.9e-31   99.8   0.1     2    81     3    85     2    87 0.94 -
9286:2333-4474       -            714 5557at4891           -            374  3.4e-103  337.9  17.9   2   4   9.6e-35   4.7e-34  110.4   1.5    74   205   105   259    99   323 0.79 -
9286:2333-4474       -            714 5557at4891           -            374  3.4e-103  337.9  17.9   3   4       2.6        13   -2.9   0.3   141   175   400   428   369   503 0.48 -
9286:2333-4474       -            714 5557at4891           -            374  3.4e-103  337.9  17.9   4   4   1.8e-42   8.9e-42  135.8   0.6   208   364   524   709   515   713 0.79 -
9218:4575-6836       -            754 5557at4891           -            374  1.9e-102  335.5  19.1   1   4   3.7e-33   1.8e-32  105.2   0.2     1    81    11    94    11    96 0.94 -
9218:4575-6836       -            754 5557at4891           -            374  1.9e-102  335.5  19.1   2   4     7e-35   3.4e-34  110.8   3.8    73   216   120   270   106   292 0.75 -
9218:4575-6836       -            754 5557at4891           -            374  1.9e-102  335.5  19.1   3   4         1       5.1   -1.6   0.0   210   228   305   323   300   329 0.84 -
9218:4575-6836       -            754 5557at4891           -            374  1.9e-102  335.5  19.1   4   4   5.3e-40   2.6e-39  127.7   1.5   227   357   599   754   585   754 0.84 -
8598:2762-4363       -            534 5557at4891           -            374  3.9e-100  327.8  11.3   1   3   4.1e-28     2e-27   88.6   0.1     2    81    10    92     9   107 0.93 -
8598:2762-4363       -            534 5557at4891           -            374  3.9e-100  327.8  11.3   2   3   1.3e-35   6.4e-35  113.3   1.1    80   211   119   257   100   289 0.84 -
8598:2762-4363       -            534 5557at4891           -            374  3.9e-100  327.8  11.3   3   3   6.5e-41   3.2e-40  130.7   1.0   229   359   325   481   314   492 0.86 -
7940:2-1333          -            444 5557at4891           -            374   3.3e-96  315.0  16.1   1   2   4.3e-43   2.1e-42  137.9   0.1     2    81   203   284   202   289 0.95 -
7940:2-1333          -            444 5557at4891           -            374   3.3e-96  315.0  16.1   2   2   1.4e-54   6.7e-54  175.7  11.2    80   193   305   443   299   444 0.84 -
9388:8500-10197      -            566 5557at4891           -            374   1.6e-80  263.3  17.2   1   2   1.4e-53   6.8e-53  172.4   6.0     2   210    41   295    40   318 0.75 -
9388:8500-10197      -            566 5557at4891           -            374   1.6e-80  263.3  17.2   2   2   4.2e-28     2e-27   88.5   3.4   229   353   414   564   326   566 0.80 -
9668:14330-15802     -            491 5557at4891           -            374   1.4e-74  243.8   6.9   1   3     2e-21   9.6e-21   66.6   0.1     3    78     3    81     1   104 0.91 -
9668:14330-15802     -            491 5557at4891           -            374   1.4e-74  243.8   6.9   2   3   2.2e-29   1.1e-28   92.8   0.1    74   205   148   293   137   316 0.84 -
9668:14330-15802     -            491 5557at4891           -            374   1.4e-74  243.8   6.9   3   3     2e-26   9.9e-26   83.0   0.5   229   335   352   484   317   491 0.77 -
9608:4485-6014       -            510 5557at4891           -            374   2.1e-73  239.9   5.2   1   2   2.1e-47     1e-46  152.0   0.6     2   265     1   323     1   333 0.70 -
9608:4485-6014       -            510 5557at4891           -            374   2.1e-73  239.9   5.2   2   2   1.7e-27   8.2e-27   86.6   0.3   246   352   375   506   365   510 0.75 -
9290:14028-15248     -            407 5557at4891           -            374   1.1e-66  217.8   8.8   1   2   6.3e-09   3.1e-08   25.4   0.3   178   205     1    31     1    54 0.84 -
9290:14028-15248     -            407 5557at4891           -            374   1.1e-66  217.8   8.8   2   2   8.4e-60   4.1e-59  192.9   3.3   203   366   112   316    98   321 0.84 -
8468:1221-2735       -            505 5557at4891           -            374   3.9e-55  179.8   1.5   1   3   3.3e-11   1.6e-10   32.9   0.0    24    70     1    54     1    61 0.78 -
8468:1221-2735       -            505 5557at4891           -            374   3.9e-55  179.8   1.5   2   3   4.9e-19   2.4e-18   58.7   0.0    94   221   118   261    83   317 0.78 -
8468:1221-2735       -            505 5557at4891           -            374   3.9e-55  179.8   1.5   3   3   2.5e-27   1.2e-26   86.0   0.1   230   361   321   479   313   496 0.79 -
8868:6812-8209       -            466 5557at4891           -            374   2.1e-54  177.4   7.8   1   3   1.5e-05   7.2e-05   14.4   0.3    24    70     1    66     1    78 0.62 -
8868:6812-8209       -            466 5557at4891           -            374   2.1e-54  177.4   7.8   2   3   1.2e-22   6.1e-22   70.5   0.8    76   204   104   250    85   291 0.72 -
8868:6812-8209       -            466 5557at4891           -            374   2.1e-54  177.4   7.8   3   3   1.2e-28   5.8e-28   90.4   0.0   225   350   314   465   304   466 0.76 -
8998:8119-9963       -            615 5557at4891           -            374   6.5e-49  159.3   8.6   1   4   3.9e-17   1.9e-16   52.4   0.1     2    81    10    90     9   122 0.83 -
8998:8119-9963       -            615 5557at4891           -            374   6.5e-49  159.3   8.6   2   4   3.4e-12   1.6e-11   36.2   0.3    93   153   141   201   135   249 0.80 -
8998:8119-9963       -            615 5557at4891           -            374   6.5e-49  159.3   8.6   3   4       0.9       4.4   -1.4   0.1   173   190   257   274   226   285 0.82 -
8998:8119-9963       -            615 5557at4891           -            374   6.5e-49  159.3   8.6   4   4   1.8e-23   8.6e-23   73.3   0.1   230   358   442   597   412   609 0.75 -
9394:14204-16210     -            669 5557at4891           -            374   1.6e-44  144.8   5.7   1   3   6.6e-13   3.2e-12   38.5   0.0     5    69     1    69     1    82 0.78 -
9394:14204-16210     -            669 5557at4891           -            374   1.6e-44  144.8   5.7   2   3   1.3e-12   6.5e-12   37.5   0.1    97   191   160   263   121   282 0.79 -
9394:14204-16210     -            669 5557at4891           -            374   1.6e-44  144.8   5.7   3   3   4.5e-22   2.2e-21   68.7   1.2   210   360   475   653   467   663 0.78 -
9020:2515-4332       -            606 5557at4891           -            374   9.2e-40  129.2   6.4   1   4   0.00034    0.0017    9.9   0.0    23    41     1    19     1    25 0.90 -
9020:2515-4332       -            606 5557at4891           -            374   9.2e-40  129.2   6.4   2   4   0.00028    0.0014   10.2   0.0    50    91    60   103    55   108 0.81 -
9020:2515-4332       -            606 5557at4891           -            374   9.2e-40  129.2   6.4   3   4   2.3e-15   1.1e-14   46.6   0.2    93   191   147   246   132   288 0.86 -
9020:2515-4332       -            606 5557at4891           -            374   9.2e-40  129.2   6.4   4   4   3.4e-19   1.7e-18   59.2   0.2   216   335   479   599   438   606 0.76 -
#
# Program:         hmmsearch
# Version:         3.1b2 (February 2015)
# Pipeline mode:   SEARCH
# Query file:      /home/jj/Desktop/Bioinformatics/3rd_year/1term/Computational_genomics/Seminars/exercise_04/busco_downloads/lineages/saccharomycetes_odb10/hmms/5557at4891.hmm
# Target file:     /home/jj/Desktop/Bioinformatics/3rd_year/1term/Computational_genomics/Seminars/exercise_04/./busco/SRR6130428/SRR6130428_k63_contigs/run_saccharomycetes_odb10/metaeuk_output/rerun_results/SRR6130428_k63_graph.contig.fa.modified.fas
# Option settings: hmmsearch --domtblout /home/jj/Desktop/Bioinformatics/3rd_year/1term/Computational_genomics/Seminars/exercise_04/./busco/SRR6130428/SRR6130428_k63_contigs/run_saccharomycetes_odb10/hmmer_output/rerun_results/5557at4891.out --cpu 1 /home/jj/Desktop/Bioinformatics/3rd_year/1term/Computational_genomics/Seminars/exercise_04/busco_downloads/lineages/saccharomycetes_odb10/hmms/5557at4891.hmm /home/jj/Desktop/Bioinformatics/3rd_year/1term/Computational_genomics/Seminars/exercise_04/./busco/SRR6130428/SRR6130428_k63_contigs/run_saccharomycetes_odb10/metaeuk_output/rerun_results/SRR6130428_k63_graph.contig.fa.modified.fas 
# Current dir:     /home/jj/Desktop/Bioinformatics/3rd_year/1term/Computational_genomics/Seminars/exercise_04
# Date:            Tue Nov  5 18:43:45 2024
# [ok]
